"C:/Users/n8910073/Desktop/SpaceRace/SpaceRace.uproject" 1
"../../../Engine/Plugins/2D/Paper2D/Paper2D.uplugin" 2
"../../../Engine/Plugins/Developer/BlankPlugin/BlankPlugin.uplugin" 3
"../../../Engine/Plugins/Developer/GitSourceControl/GitSourceControl.uplugin" 4
"../../../Engine/Plugins/Developer/KDevelopSourceCodeAccess/KDevelopSourceCodeAccess.uplugin" 5
"../../../Engine/Plugins/Developer/PerforceSourceControl/PerforceSourceControl.uplugin" 6
"../../../Engine/Plugins/Developer/SubversionSourceControl/SubversionSourceControl.uplugin" 7
"../../../Engine/Plugins/Developer/UObjectPlugin/UObjectPlugin.uplugin" 8
"../../../Engine/Plugins/Developer/VisualStudioSourceCodeAccess/VisualStudioSourceCodeAccess.uplugin" 9
"../../../Engine/Plugins/Developer/XCodeSourceCodeAccess/XCodeSourceCodeAccess.uplugin" 10
"../../../Engine/Plugins/Editor/EpicSurvey/EpicSurvey.uplugin" 11
"../../../Engine/Plugins/Editor/MacGraphicsSwitching/MacGraphicsSwitching.uplugin" 12
"../../../Engine/Plugins/Editor/PluginsEditor/PluginsEditor.uplugin" 13
"../../../Engine/Plugins/Editor/SpeedTreeImporter/SpeedTreeImporter.uplugin" 14
"../../../Engine/Plugins/Experimental/BlueprintStats/BlueprintStats.uplugin" 15
"../../../Engine/Plugins/Experimental/CharacterAI/CharacterAI.uplugin" 16
"../../../Engine/Plugins/Experimental/CodeView/CodeView.uplugin" 17
"../../../Engine/Plugins/Experimental/LiveEditor/LiveEditor.uplugin" 18
"../../../Engine/Plugins/Experimental/Phya/Phya.uplugin" 19
"../../../Engine/Plugins/Experimental/SimpleHMD/SimpleHMD.uplugin" 20
"../../../Engine/Plugins/Experimental/SteamVR/SteamVR.uplugin" 21
"../../../Engine/Plugins/Media/AndroidMedia/AndroidMedia.uplugin" 22
"../../../Engine/Plugins/Media/AvfMedia/AvfMedia.uplugin" 23
"../../../Engine/Plugins/Media/MediaPlayerEditor/MediaPlayerEditor.uplugin" 24
"../../../Engine/Plugins/Media/WmfMedia/WmfMedia.uplugin" 25
"../../../Engine/Plugins/Messaging/MessagingDebugger/MessagingDebugger.uplugin" 26
"../../../Engine/Plugins/Messaging/ShmMessaging/ShmMessaging.uplugin" 27
"../../../Engine/Plugins/Messaging/UdpMessaging/UdpMessaging.uplugin" 28
"../../../Engine/Plugins/Runtime/Advertising/IOSTapJoy/IOSTapJoy.uplugin" 29
"../../../Engine/Plugins/Runtime/Analytics/AnalyticsBlueprintLibrary/AnalyticsBlueprintLibrary.uplugin" 30
"../../../Engine/Plugins/Runtime/Analytics/Apsalar/IOSApsalar/IOSApsalar.uplugin" 31
"../../../Engine/Plugins/Runtime/Analytics/FileLogging/FileLogging.uplugin" 32
"../../../Engine/Plugins/Runtime/AndroidDeviceProfileSelector/AndroidDeviceProfileSelector.uplugin" 33
"../../../Engine/Plugins/Runtime/AndroidMoviePlayer/AndroidMoviePlayer.uplugin" 34
"../../../Engine/Plugins/Runtime/AppleMoviePlayer/AppleMoviePlayer.uplugin" 35
"../../../Engine/Plugins/Runtime/CableComponent/CableComponent.uplugin" 36
"../../../Engine/Plugins/Runtime/CustomMeshComponent/CustomMeshComponent.uplugin" 37
"../../../Engine/Plugins/Runtime/ExampleDeviceProfileSelector/ExampleDeviceProfileSelector.uplugin" 38
"../../../Engine/Plugins/Runtime/GearVR/GearVR.uplugin" 39
"../../../Engine/Plugins/Runtime/IOSDeviceProfileSelector/IOSDeviceProfileSelector.uplugin" 40
"../../../Engine/Plugins/Runtime/LiveEditorListenServer/LiveEditorListenServer.uplugin" 41
"../../../Engine/Plugins/Runtime/OculusRift/OculusRift.uplugin" 42
"../../../Engine/Plugins/Runtime/SoundMod/SoundMod.uplugin" 43
"../../../Engine/Plugins/Runtime/SoundVisualizations/SoundVisualizations.uplugin" 44
"../../../Engine/Plugins/Runtime/TwitchLiveStreaming/TwitchLiveStreaming.uplugin" 45
"../../../Engine/Plugins/Runtime/WindowsDeviceProfileSelector/WindowsDeviceProfileSelector.uplugin" 46
"../../../Engine/Plugins/Runtime/WindowsMoviePlayer/WindowsMoviePlayer.uplugin" 47
"../../../Engine/Plugins/ScriptGeneratorPlugin/ScriptGeneratorPlugin.uplugin" 48
"../../../Engine/Plugins/ScriptPlugin/ScriptPlugin.uplugin" 49
"../../../Engine/Plugins/Slate/SlateRemote/SlateRemote.uplugin" 50
"..\..\..\Engine\Content\Internationalization\icudt53l\cnvalias.icu" 51
"..\..\..\Engine\Content\Internationalization\icudt53l\en_US_POSIX.res" 52
"..\..\..\Engine\Content\Internationalization\icudt53l\pool.res" 53
"..\..\..\Engine\Content\Internationalization\icudt53l\en_US.res" 54
"..\..\..\Engine\Content\Internationalization\icudt53l\en.res" 55
"..\..\..\Engine\Content\Internationalization\icudt53l\root.res" 56
"..\..\..\Engine\Content\Internationalization\icudt53l\coll\ucadata.icu" 57
"..\..\..\Engine\Content\Internationalization\icudt53l\nfc.nrm" 58
"..\..\..\Engine\Content\Internationalization\icudt53l\coll\en_US_POSIX.res" 59
"..\..\..\Engine\Content\Internationalization\icudt53l\coll\en_US.res" 60
"..\..\..\Engine\Content\Internationalization\icudt53l\coll\en.res" 61
"..\..\..\Engine\Content\Internationalization\icudt53l\coll\root.res" 62
"..\..\..\Engine\Content\Internationalization\icudt53l\numberingSystems.res" 63
"..\..\..\Engine\Content\Internationalization\icudt53l\curr\supplementalData.res" 64
"..\..\..\Engine\Content\Internationalization\icudt53l\curr\pool.res" 65
"..\..\..\Engine\Content\Internationalization\icudt53l\curr\en.res" 66
"..\..\..\Engine\Content\Internationalization\icudt53l\curr\root.res" 67
"..\..\..\Engine\Content\Internationalization\icudt53l\en_AU.res" 68
"..\..\..\Engine\Content\Internationalization\icudt53l\en_GB.res" 69
"..\..\..\Engine\Content\Internationalization\icudt53l\en_001.res" 70
"..\..\..\Engine\Content\Internationalization\icudt53l\plurals.res" 71
"..\..\..\Engine\Content\Internationalization\icudt53l\windowsZones.res" 72
"..\..\..\Engine\Content\Internationalization\icudt53l\zoneinfo64.res" 73
"..\..\..\Engine\Content\Internationalization\icudt53l\keyTypeData.res" 74
"..\..\..\Engine\Content\Internationalization\icudt53l\timezoneTypes.res" 75
"..\..\..\Engine\Content\Internationalization\icudt53l\supplementalData.res" 76
"..\..\..\Engine\Content\Internationalization\icudt53l\likelySubtags.res" 77
"..\..\..\Engine\Content\Internationalization\icudt53l\curr\en_AU.res" 78
"..\..\..\Engine\Content\Internationalization\icudt53l\curr\en_GB.res" 79
"..\..\..\Engine\Content\Internationalization\icudt53l\curr\en_001.res" 80
"../../../Engine/Config/Base.ini" 81
"../../../Engine/Config/BaseEngine.ini" 82
"C:/Users/n8910073/Desktop/SpaceRace/Config/DefaultEngine.ini" 83
"../../../Engine/Config/Windows/WindowsEngine.ini" 84
"C:/Users/n8910073/AppData/Local/Unreal Engine/Engine/Config/UserEngine.ini" 85
"C:/Users/n8910073/Desktop/SpaceRace/Saved/Config/Windows/Engine.ini" 86
"C:/Users/n8910073/Desktop/SpaceRace/Intermediate/Config/CoalescedSourceConfigs/Engine.ini" 87
"../../../Engine/Config/BaseGame.ini" 88
"C:/Users/n8910073/Desktop/SpaceRace/Config/DefaultGame.ini" 89
"C:/Users/n8910073/Desktop/SpaceRace/Saved/Config/Windows/Game.ini" 90
"C:/Users/n8910073/Desktop/SpaceRace/Intermediate/Config/CoalescedSourceConfigs/Game.ini" 91
"../../../Engine/Config/BaseInput.ini" 92
"C:/Users/n8910073/Desktop/SpaceRace/Config/DefaultInput.ini" 93
"C:/Users/n8910073/Desktop/SpaceRace/Saved/Config/Windows/Input.ini" 94
"C:/Users/n8910073/Desktop/SpaceRace/Intermediate/Config/CoalescedSourceConfigs/Input.ini" 95
"../../../Engine/Config/BaseEditor.ini" 96
"C:/Users/n8910073/Desktop/SpaceRace/Config/DefaultEditor.ini" 97
"C:/Users/n8910073/Desktop/SpaceRace/Saved/Config/Windows/Editor.ini" 98
"C:/Users/n8910073/Desktop/SpaceRace/Intermediate/Config/CoalescedSourceConfigs/Editor.ini" 99
"../../../Engine/Config/BaseEditorLayout.ini" 100
"C:/Users/n8910073/Desktop/SpaceRace/Saved/Config/Windows/EditorLayout.ini" 101
"C:/Users/n8910073/Desktop/SpaceRace/Intermediate/Config/CoalescedSourceConfigs/EditorLayout.ini" 102
"../../../Engine/Config/BaseEditorUserSettings.ini" 103
"C:/Users/n8910073/Desktop/SpaceRace/Config/DefaultEditorUserSettings.ini" 104
"C:/Users/n8910073/Desktop/SpaceRace/Saved/Config/Windows/EditorUserSettings.ini" 105
"C:/Users/n8910073/Desktop/SpaceRace/Intermediate/Config/CoalescedSourceConfigs/EditorUserSettings.ini" 106
"../../../Engine/Config/BaseEditorKeyBindings.ini" 107
"C:/Users/n8910073/Desktop/SpaceRace/Saved/Config/Windows/EditorKeyBindings.ini" 108
"C:/Users/n8910073/Desktop/SpaceRace/Intermediate/Config/CoalescedSourceConfigs/EditorKeyBindings.ini" 109
"../../../Engine/Config/BaseCompat.ini" 110
"C:/Users/n8910073/Desktop/SpaceRace/Saved/Config/Windows/Compat.ini" 111
"C:/Users/n8910073/Desktop/SpaceRace/Intermediate/Config/CoalescedSourceConfigs/Compat.ini" 112
"../../../Engine/Config/BaseLightmass.ini" 113
"C:/Users/n8910073/Desktop/SpaceRace/Saved/Config/Windows/Lightmass.ini" 114
"C:/Users/n8910073/Desktop/SpaceRace/Intermediate/Config/CoalescedSourceConfigs/Lightmass.ini" 115
"../../../Engine/Config/BaseScalability.ini" 116
"C:/Users/n8910073/Desktop/SpaceRace/Saved/Config/Windows/Scalability.ini" 117
"C:/Users/n8910073/Desktop/SpaceRace/Intermediate/Config/CoalescedSourceConfigs/Scalability.ini" 118
"C:/Users/n8910073/Desktop/SpaceRace/Saved/Config/Windows/GameUserSettings.ini" 119
"C:/Users/n8910073/Desktop/SpaceRace/Intermediate/Config/CoalescedSourceConfigs/GameUserSettings.ini" 120
"../../../Engine/Config/BaseDeviceProfiles.ini" 121
"C:/Users/n8910073/Desktop/SpaceRace/Saved/Config/Windows/DeviceProfiles.ini" 122
"C:/Users/n8910073/Desktop/SpaceRace/Intermediate/Config/CoalescedSourceConfigs/DeviceProfiles.ini" 123
"../../../Engine/Config/ConsoleVariables.ini" 124
"..\..\..\Engine\Content\Internationalization\icudt53l\es.res" 125
"..\..\..\Engine\Content\Internationalization\icudt53l\coll\es.res" 126
"..\..\..\Engine\Content\Internationalization\icudt53l\curr\es.res" 127
"..\..\..\Engine\Content\Internationalization\icudt53l\es_ES.res" 128
"..\..\..\Engine\Content\Internationalization\icudt53l\ja.res" 129
"..\..\..\Engine\Content\Internationalization\icudt53l\coll\ja.res" 130
"..\..\..\Engine\Content\Internationalization\icudt53l\curr\ja.res" 131
"..\..\..\Engine\Content\Internationalization\icudt53l\ja_JP.res" 132
"..\..\..\Engine\Content\Internationalization\icudt53l\ko.res" 133
"..\..\..\Engine\Content\Internationalization\icudt53l\coll\ko.res" 134
"..\..\..\Engine\Content\Internationalization\icudt53l\curr\ko.res" 135
"..\..\..\Engine\Content\Internationalization\icudt53l\ko_KR.res" 136
"..\..\..\Engine\Content\Internationalization\icudt53l\pt_BR.res" 137
"..\..\..\Engine\Content\Internationalization\icudt53l\pt.res" 138
"..\..\..\Engine\Content\Internationalization\icudt53l\coll\pt.res" 139
"..\..\..\Engine\Content\Internationalization\icudt53l\curr\pt.res" 140
"..\..\..\Engine\Content\Internationalization\icudt53l\zh_CN.res" 141
"..\..\..\Engine\Content\Internationalization\icudt53l\zh_Hans_CN.res" 142
"..\..\..\Engine\Content\Internationalization\icudt53l\zh_Hans.res" 143
"..\..\..\Engine\Content\Internationalization\icudt53l\zh.res" 144
"..\..\..\Engine\Content\Internationalization\icudt53l\coll\zh_CN.res" 145
"..\..\..\Engine\Content\Internationalization\icudt53l\coll\zh_Hans_CN.res" 146
"..\..\..\Engine\Content\Internationalization\icudt53l\coll\zh_Hans.res" 147
"..\..\..\Engine\Content\Internationalization\icudt53l\coll\zh.res" 148
"..\..\..\Engine\Content\Internationalization\icudt53l\curr\zh_CN.res" 149
"..\..\..\Engine\Content\Internationalization\icudt53l\curr\zh_Hans_CN.res" 150
"..\..\..\Engine\Content\Internationalization\icudt53l\curr\zh_Hans.res" 151
"..\..\..\Engine\Content\Internationalization\icudt53l\curr\zh.res" 152
"W:/Epic Games/4.7/Engine/Content/Localization/Editor/en/Editor.locres" 153
"W:/Epic Games/4.7/Engine/Content/Localization/EditorTutorials/en/EditorTutorials.locres" 154
"W:/Epic Games/4.7/Engine/Content/Localization/Engine/en/Engine.locres" 155
"../../../Engine/Content/Slate/Fonts/Roboto-Regular.ttf" 156
"../../../Engine/Content/Slate/Fonts/DroidSansMono.ttf" 157
"../../../Engine/Content/Slate/Fonts/Roboto-Bold.ttf" 158
"../../../Engine/Content/Slate/Fonts/Roboto-Light.ttf" 159
"W:/Epic Games/4.7/Engine/Binaries/Win64/../../../Engine/Shaders/ParticleSpriteVertexFactory.usf" 160
"W:/Epic Games/4.7/Engine/Binaries/Win64/../../../Engine/Shaders/VertexFactoryCommon.usf" 161
"W:/Epic Games/4.7/Engine/Binaries/Win64/../../../Engine/Shaders/Common.usf" 162
"W:/Epic Games/4.7/Engine/Binaries/Win64/../../../Engine/Shaders/MetalCommon.usf" 163
"W:/Epic Games/4.7/Engine/Binaries/Win64/../../../Engine/Shaders/ShaderVersion.usf" 164
"W:/Epic Games/4.7/Engine/Binaries/Win64/../../../Engine/Shaders/Definitions.usf" 165
"W:/Epic Games/4.7/Engine/Binaries/Win64/../../../Engine/Shaders/Random.usf" 166
"W:/Epic Games/4.7/Engine/Binaries/Win64/../../../Engine/Shaders/ParticleVertexFactoryCommon.usf" 167
"W:/Epic Games/4.7/Engine/Binaries/Win64/../../../Engine/Shaders/ParticleGPUSpriteVertexFactory.usf" 168
"W:/Epic Games/4.7/Engine/Binaries/Win64/../../../Engine/Shaders/ParticleBeamTrailVertexFactory.usf" 169
"W:/Epic Games/4.7/Engine/Binaries/Win64/../../../Engine/Shaders/VectorFieldVisualizationVertexFactory.usf" 170
"W:/Epic Games/4.7/Engine/Binaries/Win64/../../../Engine/Shaders/LocalVertexFactory.usf" 171
"W:/Epic Games/4.7/Engine/Binaries/Win64/../../../Engine/Shaders/LocalVertexFactoryCommon.usf" 172
"W:/Epic Games/4.7/Engine/Binaries/Win64/../../../Engine/Shaders/MeshParticleVertexFactory.usf" 173
"W:/Epic Games/4.7/Engine/Binaries/Win64/../../../Engine/Shaders/GpuSkinVertexFactory.usf" 174
"W:/Epic Games/4.7/Engine/Binaries/Win64/../../../Engine/Shaders/GpuSkinCacheCommon.usf" 175
"W:/Epic Games/4.7/Engine/Binaries/Win64/../../../Engine/Shaders/LandscapeVertexFactory.usf" 176
"W:/Epic Games/4.7/Engine/Binaries/Win64/../../../Engine/Shaders/SlateElementPixelShader.usf" 177
"W:/Epic Games/4.7/Engine/Binaries/Win64/../../../Engine/Shaders/MaterialTemplate.usf" 178
"W:/Epic Games/4.7/Engine/Binaries/Win64/../../../Engine/Shaders/DepthOfFieldCommon.usf" 179
"W:/Epic Games/4.7/Engine/Binaries/Win64/../../../Engine/Shaders/SpeedTreeCommon.usf" 180
"W:/Epic Games/4.7/Engine/Binaries/Win64/../../../Engine/Shaders/AtmosphereCommon.usf" 181
"W:/Epic Games/4.7/Engine/Binaries/Win64/../../../Engine/Shaders/PostProcessCommon.usf" 182
"W:/Epic Games/4.7/Engine/Binaries/Win64/../../../Engine/Shaders/DeferredShadingCommon.usf" 183
"W:/Epic Games/4.7/Engine/Binaries/Win64/../../../Engine/Shaders/LightAccumulator.usf" 184
"W:/Epic Games/4.7/Engine/Binaries/Win64/../../../Engine/Shaders/SlateVertexShader.usf" 185
"W:/Epic Games/4.7/Engine/Binaries/Win64/../../../Engine/Shaders/OneColorShader.usf" 186
"W:/Epic Games/4.7/Engine/Binaries/Win64/../../../Engine/Shaders/ResolveVertexShader.usf" 187
"W:/Epic Games/4.7/Engine/Binaries/Win64/../../../Engine/Shaders/ResolvePixelShader.usf" 188
"W:/Epic Games/4.7/Engine/Binaries/Win64/../../../Engine/Shaders/VisualizeTexture.usf" 189
"W:/Epic Games/4.7/Engine/Binaries/Win64/../../../Engine/Shaders/ScreenSpaceReflections.usf" 190
"W:/Epic Games/4.7/Engine/Binaries/Win64/../../../Engine/Shaders/BRDF.usf" 191
"W:/Epic Games/4.7/Engine/Binaries/Win64/../../../Engine/Shaders/MonteCarlo.usf" 192
"W:/Epic Games/4.7/Engine/Binaries/Win64/../../../Engine/Shaders/FilterVertexShader.usf" 193
"W:/Epic Games/4.7/Engine/Binaries/Win64/../../../Engine/Shaders/FilterPixelShader.usf" 194
"W:/Epic Games/4.7/Engine/Binaries/Win64/../../../Engine/Shaders/PostProcessVisualizeHDR.usf" 195
"W:/Epic Games/4.7/Engine/Binaries/Win64/../../../Engine/Shaders/PostProcessHistogramCommon.usf" 196
"W:/Epic Games/4.7/Engine/Binaries/Win64/../../../Engine/Shaders/TonemapCommon.usf" 197
"W:/Epic Games/4.7/Engine/Binaries/Win64/../../../Engine/Shaders/MiniFontCommon.usf" 198
"W:/Epic Games/4.7/Engine/Binaries/Win64/../../../Engine/Shaders/PostProcessVisualizeBuffer.usf" 199
"W:/Epic Games/4.7/Engine/Binaries/Win64/../../../Engine/Shaders/PostProcessUpscale.usf" 200
"W:/Epic Games/4.7/Engine/Binaries/Win64/../../../Engine/Shaders/PostProcessTonemap.usf" 201
"W:/Epic Games/4.7/Engine/Binaries/Win64/../../../Engine/Shaders/PostProcessTestImage.usf" 202
"W:/Epic Games/4.7/Engine/Binaries/Win64/../../../Engine/Shaders/PostProcessTemporalAA.usf" 203
"W:/Epic Games/4.7/Engine/Binaries/Win64/../../../Engine/Shaders/PostProcessTemporalCommon.usf" 204
"W:/Epic Games/4.7/Engine/Binaries/Win64/../../../Engine/Shaders/PostProcessSubsurface.usf" 205
"W:/Epic Games/4.7/Engine/Binaries/Win64/../../../Engine/Shaders/SeparableSSS.usf" 206
"W:/Epic Games/4.7/Engine/Binaries/Win64/../../../Engine/Shaders/PostProcessSelectionOutline.usf" 207
"W:/Epic Games/4.7/Engine/Binaries/Win64/../../../Engine/Shaders/PostProcessSceneColorFringe.usf" 208
"W:/Epic Games/4.7/Engine/Binaries/Win64/../../../Engine/Shaders/PostProcessNoiseBlur.usf" 209
"W:/Epic Games/4.7/Engine/Binaries/Win64/../../../Engine/Shaders/PostProcessMotionBlur.usf" 210
"W:/Epic Games/4.7/Engine/Binaries/Win64/../../../Engine/Shaders/PostProcessMobile.usf" 211
"W:/Epic Games/4.7/Engine/Binaries/Win64/../../../Engine/Shaders/PostProcessMaterialShaders.usf" 212
"W:/Epic Games/4.7/Engine/Binaries/Win64/../../../Engine/Shaders/PostProcessLensFlares.usf" 213
"W:/Epic Games/4.7/Engine/Binaries/Win64/../../../Engine/Shaders/PostProcessLensBlur.usf" 214
"W:/Epic Games/4.7/Engine/Binaries/Win64/../../../Engine/Shaders/PostProcessBloom.usf" 215
"W:/Epic Games/4.7/Engine/Binaries/Win64/../../../Engine/Shaders/PostProcessHMD.usf" 216
"W:/Epic Games/4.7/Engine/Binaries/Win64/../../../Engine/Shaders/PostProcessHistogramReduce.usf" 217
"W:/Epic Games/4.7/Engine/Binaries/Win64/../../../Engine/Shaders/PostProcessHistogram.usf" 218
"W:/Epic Games/4.7/Engine/Binaries/Win64/../../../Engine/Shaders/PostProcessGBufferHints.usf" 219
"W:/Epic Games/4.7/Engine/Binaries/Win64/../../../Engine/Shaders/PostProcessEyeAdaptation.usf" 220
"W:/Epic Games/4.7/Engine/Binaries/Win64/../../../Engine/Shaders/PostProcessDownsample.usf" 221
"W:/Epic Games/4.7/Engine/Binaries/Win64/../../../Engine/Shaders/PostProcessDOF.usf" 222
"W:/Epic Games/4.7/Engine/Binaries/Win64/../../../Engine/Shaders/PostProcessCompositeEditorPrimitives.usf" 223
"W:/Epic Games/4.7/Engine/Binaries/Win64/../../../Engine/Shaders/PostProcessCombineLUTs.usf" 224
"W:/Epic Games/4.7/Engine/Binaries/Win64/../../../Engine/Shaders/PostProcessBusyWait.usf" 225
"W:/Epic Games/4.7/Engine/Binaries/Win64/../../../Engine/Shaders/PostProcessBokehDOF.usf" 226
"W:/Epic Games/4.7/Engine/Binaries/Win64/../../../Engine/Shaders/FXAAShader.usf" 227
"W:/Epic Games/4.7/Engine/Binaries/Win64/../../../Engine/Shaders/Fxaa3_11.usf" 228
"W:/Epic Games/4.7/Engine/Binaries/Win64/../../../Engine/Shaders/PostProcessPassThrough.usf" 229
"W:/Epic Games/4.7/Engine/Binaries/Win64/../../../Engine/Shaders/PostProcessLpvIndirect.usf" 230
"W:/Epic Games/4.7/Engine/Binaries/Win64/../../../Engine/Shaders/DeferredLightingCommon.usf" 231
"W:/Epic Games/4.7/Engine/Binaries/Win64/../../../Engine/Shaders/DynamicLightingCommon.usf" 232
"W:/Epic Games/4.7/Engine/Binaries/Win64/../../../Engine/Shaders/IESLightProfilesCommon.usf" 233
"W:/Epic Games/4.7/Engine/Binaries/Win64/../../../Engine/Shaders/LPVFinalPass.usf" 234
"W:/Epic Games/4.7/Engine/Binaries/Win64/../../../Engine/Shaders/LPVCommon.usf" 235
"W:/Epic Games/4.7/Engine/Binaries/Win64/../../../Engine/Shaders/DeferredDecal.usf" 236
"W:/Epic Games/4.7/Engine/Binaries/Win64/../../../Engine/Shaders/PostProcessAmbientOcclusion.usf" 237
"W:/Epic Games/4.7/Engine/Binaries/Win64/../../../Engine/Shaders/PostProcessAmbient.usf" 238
"W:/Epic Games/4.7/Engine/Binaries/Win64/../../../Engine/Shaders/CubemapCommon.usf" 239
"W:/Epic Games/4.7/Engine/Binaries/Win64/../../../Engine/Shaders/VelocityShader.usf" 240
"W:/Epic Games/4.7/Engine/Binaries/Win64/../../../Engine/Shaders/Tessellation.usf" 241
"W:/Epic Games/4.7/Engine/Binaries/Win64/../../../Engine/Shaders/FlatTessellation.usf" 242
"W:/Epic Games/4.7/Engine/Binaries/Win64/../../../Engine/Shaders/PNTriangles.usf" 243
"W:/Epic Games/4.7/Engine/Binaries/Win64/../../../Engine/Shaders/TranslucentLightingShaders.usf" 244
"W:/Epic Games/4.7/Engine/Binaries/Win64/../../../Engine/Shaders/SHCommon.usf" 245
"W:/Epic Games/4.7/Engine/Binaries/Win64/../../../Engine/Shaders/ShadowProjectionCommon.usf" 246
"W:/Epic Games/4.7/Engine/Binaries/Win64/../../../Engine/Shaders/TranslucentLightInjectionShaders.usf" 247
"W:/Epic Games/4.7/Engine/Binaries/Win64/../../../Engine/Shaders/LightFunctionCommon.usf" 248
"W:/Epic Games/4.7/Engine/Binaries/Win64/../../../Engine/Shaders/TranslucentShadowDepthShaders.usf" 249
"W:/Epic Games/4.7/Engine/Binaries/Win64/../../../Engine/Shaders/ShadowDepthCommon.usf" 250
"W:/Epic Games/4.7/Engine/Binaries/Win64/../../../Engine/Shaders/TiledDeferredLightShaders.usf" 251
"W:/Epic Games/4.7/Engine/Binaries/Win64/../../../Engine/Shaders/ShadowProjectionPixelShader.usf" 252
"W:/Epic Games/4.7/Engine/Binaries/Win64/../../../Engine/Shaders/ShadowFilteringCommon.usf" 253
"W:/Epic Games/4.7/Engine/Binaries/Win64/../../../Engine/Shaders/ShadowProjectionVertexShader.usf" 254
"W:/Epic Games/4.7/Engine/Binaries/Win64/../../../Engine/Shaders/ShadowDepthPixelShader.usf" 255
"W:/Epic Games/4.7/Engine/Binaries/Win64/../../../Engine/Shaders/LPVWriteVplCommon.usf" 256
"W:/Epic Games/4.7/Engine/Binaries/Win64/../../../Engine/Shaders/LPVWriteCommon.usf" 257
"W:/Epic Games/4.7/Engine/Binaries/Win64/../../../Engine/Shaders/ShadowDepthVertexShader.usf" 258
"W:/Epic Games/4.7/Engine/Binaries/Win64/../../../Engine/Shaders/ShaderComplexityApplyPixelShader.usf" 259
"W:/Epic Games/4.7/Engine/Binaries/Win64/../../../Engine/Shaders/ShaderComplexityApplyVertexShader.usf" 260
"W:/Epic Games/4.7/Engine/Binaries/Win64/../../../Engine/Shaders/ShaderComplexityAccumulatePixelShader.usf" 261
"W:/Epic Games/4.7/Engine/Binaries/Win64/../../../Engine/Shaders/HZBOcclusion.usf" 262
"W:/Epic Games/4.7/Engine/Binaries/Win64/../../../Engine/Shaders/OcclusionQueryVertexShader.usf" 263
"W:/Epic Games/4.7/Engine/Binaries/Win64/../../../Engine/Shaders/HitProxyPixelShader.usf" 264
"W:/Epic Games/4.7/Engine/Binaries/Win64/../../../Engine/Shaders/HitProxyVertexShader.usf" 265
"W:/Epic Games/4.7/Engine/Binaries/Win64/../../../Engine/Shaders/ReflectionEnvironmentShaders.usf" 266
"W:/Epic Games/4.7/Engine/Binaries/Win64/../../../Engine/Shaders/ReflectionEnvironmentShared.usf" 267
"W:/Epic Games/4.7/Engine/Binaries/Win64/../../../Engine/Shaders/SkyLightingShared.usf" 268
"W:/Epic Games/4.7/Engine/Binaries/Win64/../../../Engine/Shaders/ReflectionEnvironmentComputeShaders.usf" 269
"W:/Epic Games/4.7/Engine/Binaries/Win64/../../../Engine/Shaders/LightShaftShader.usf" 270
"W:/Epic Games/4.7/Engine/Binaries/Win64/../../../Engine/Shaders/StationaryLightOverlapShaders.usf" 271
"W:/Epic Games/4.7/Engine/Binaries/Win64/../../../Engine/Shaders/DeferredLightPixelShaders.usf" 272
"W:/Epic Games/4.7/Engine/Binaries/Win64/../../../Engine/Shaders/DeferredLightVertexShaders.usf" 273
"W:/Epic Games/4.7/Engine/Binaries/Win64/../../../Engine/Shaders/LPVVisualise.usf" 274
"W:/Epic Games/4.7/Engine/Binaries/Win64/../../../Engine/Shaders/LPVGeometryVolumeCommon.usf" 275
"W:/Epic Games/4.7/Engine/Binaries/Win64/../../../Engine/Shaders/LPVDirectLightInject.usf" 276
"W:/Epic Games/4.7/Engine/Binaries/Win64/../../../Engine/Shaders/LPVPropagate.usf" 277
"W:/Epic Games/4.7/Engine/Binaries/Win64/../../../Engine/Shaders/LPVBuildGeometryVolume.usf" 278
"W:/Epic Games/4.7/Engine/Binaries/Win64/../../../Engine/Shaders/LPVInject_AccumulateVplLists.usf" 279
"W:/Epic Games/4.7/Engine/Binaries/Win64/../../../Engine/Shaders/LPVInject_GenerateVplLists.usf" 280
"W:/Epic Games/4.7/Engine/Binaries/Win64/../../../Engine/Shaders/LPVClearLists.usf" 281
"W:/Epic Games/4.7/Engine/Binaries/Win64/../../../Engine/Shaders/LPVClear.usf" 282
"W:/Epic Games/4.7/Engine/Binaries/Win64/../../../Engine/Shaders/LightMapDensityShader.usf" 283
"W:/Epic Games/4.7/Engine/Binaries/Win64/../../../Engine/Shaders/LightFunctionPixelShader.usf" 284
"W:/Epic Games/4.7/Engine/Binaries/Win64/../../../Engine/Shaders/LightFunctionVertexShader.usf" 285
"W:/Epic Games/4.7/Engine/Binaries/Win64/../../../Engine/Shaders/HdrCustomResolveShaders.usf" 286
"W:/Epic Games/4.7/Engine/Binaries/Win64/../../../Engine/Shaders/GPUBenchmark.usf" 287
"W:/Epic Games/4.7/Engine/Binaries/Win64/../../../Engine/Shaders/GammaCorrection.usf" 288
"W:/Epic Games/4.7/Engine/Binaries/Win64/../../../Engine/Shaders/BasePassForForwardShadingPixelShader.usf" 289
"W:/Epic Games/4.7/Engine/Binaries/Win64/../../../Engine/Shaders/BasePassForForwardShadingCommon.usf" 290
"W:/Epic Games/4.7/Engine/Binaries/Win64/../../../Engine/Shaders/LightmapCommon.usf" 291
"W:/Epic Games/4.7/Engine/Binaries/Win64/../../../Engine/Shaders/BasePassForForwardShadingVertexShader.usf" 292
"W:/Epic Games/4.7/Engine/Binaries/Win64/../../../Engine/Shaders/HeightFogCommon.usf" 293
"W:/Epic Games/4.7/Engine/Binaries/Win64/../../../Engine/Shaders/HeightFogPixelShader.usf" 294
"W:/Epic Games/4.7/Engine/Binaries/Win64/../../../Engine/Shaders/HeightFogVertexShader.usf" 295
"W:/Epic Games/4.7/Engine/Binaries/Win64/../../../Engine/Shaders/DistortAccumulatePS.usf" 296
"W:/Epic Games/4.7/Engine/Binaries/Win64/../../../Engine/Shaders/DistortAccumulateVS.usf" 297
"W:/Epic Games/4.7/Engine/Binaries/Win64/../../../Engine/Shaders/DistortApplyScreenPS.usf" 298
"W:/Epic Games/4.7/Engine/Binaries/Win64/../../../Engine/Shaders/DistanceFieldSurfaceCacheLighting.usf" 299
"W:/Epic Games/4.7/Engine/Binaries/Win64/../../../Engine/Shaders/DistanceFieldLightingShared.usf" 300
"W:/Epic Games/4.7/Engine/Binaries/Win64/../../../Engine/Shaders/DistanceFieldAOShared.usf" 301
"W:/Epic Games/4.7/Engine/Binaries/Win64/../../../Engine/Shaders/SkyLighting.usf" 302
"W:/Epic Games/4.7/Engine/Binaries/Win64/../../../Engine/Shaders/DistanceFieldSurfaceCacheLightingCompute.usf" 303
"W:/Epic Games/4.7/Engine/Binaries/Win64/../../../Engine/Shaders/DistanceFieldShadowing.usf" 304
"W:/Epic Games/4.7/Engine/Binaries/Win64/../../../Engine/Shaders/DepthOnlyPixelShader.usf" 305
"W:/Epic Games/4.7/Engine/Binaries/Win64/../../../Engine/Shaders/DepthOnlyVertexShader.usf" 306
"W:/Epic Games/4.7/Engine/Binaries/Win64/../../../Engine/Shaders/PositionOnlyDepthVertexShader.usf" 307
"W:/Epic Games/4.7/Engine/Binaries/Win64/../../../Engine/Shaders/DownsampleDepthPixelShader.usf" 308
"W:/Epic Games/4.7/Engine/Binaries/Win64/../../../Engine/Shaders/BasePassPixelShader.usf" 309
"W:/Epic Games/4.7/Engine/Binaries/Win64/../../../Engine/Shaders/BasePassCommon.usf" 310
"W:/Epic Games/4.7/Engine/Binaries/Win64/../../../Engine/Shaders/BasePassVertexShader.usf" 311
"W:/Epic Games/4.7/Engine/Binaries/Win64/../../../Engine/Shaders/BasePassVertexCommon.usf" 312
"W:/Epic Games/4.7/Engine/Binaries/Win64/../../../Engine/Shaders/BasePassTessellationShaders.usf" 313
"W:/Epic Games/4.7/Engine/Binaries/Win64/../../../Engine/Shaders/AtmospherePrecompute.usf" 314
"W:/Epic Games/4.7/Engine/Binaries/Win64/../../../Engine/Shaders/AtmospherePrecomputeCommon.usf" 315
"W:/Epic Games/4.7/Engine/Binaries/Win64/../../../Engine/Shaders/AtmospherePrecomputeInscatter.usf" 316
"W:/Epic Games/4.7/Engine/Binaries/Win64/../../../Engine/Shaders/AtmosphericFogShader.usf" 317
"W:/Epic Games/4.7/Engine/Binaries/Win64/../../../Engine/Shaders/ParticleSortKeyGen.usf" 318
"W:/Epic Games/4.7/Engine/Binaries/Win64/../../../Engine/Shaders/ParticleBoundsShader.usf" 319
"W:/Epic Games/4.7/Engine/Binaries/Win64/../../../Engine/Shaders/ParticleSimVisualizeShader.usf" 320
"W:/Epic Games/4.7/Engine/Binaries/Win64/../../../Engine/Shaders/ParticleInjectionShader.usf" 321
"W:/Epic Games/4.7/Engine/Binaries/Win64/../../../Engine/Shaders/ParticleSimulationShader.usf" 322
"W:/Epic Games/4.7/Engine/Binaries/Win64/../../../Engine/Shaders/ParticleCurveInjectionShader.usf" 323
"W:/Epic Games/4.7/Engine/Binaries/Win64/../../../Engine/Shaders/VectorFieldCompositeShaders.usf" 324
"W:/Epic Games/4.7/Engine/Binaries/Win64/../../../Engine/Shaders/UpdateTextureShaders.usf" 325
"W:/Epic Games/4.7/Engine/Binaries/Win64/../../../Engine/Shaders/SimpleElementColorChannelMaskPixelShader.usf" 326
"W:/Epic Games/4.7/Engine/Binaries/Win64/../../../Engine/Shaders/SimpleElementHitProxyPixelShader.usf" 327
"W:/Epic Games/4.7/Engine/Binaries/Win64/../../../Engine/Shaders/SimpleElementPixelShader.usf" 328
"W:/Epic Games/4.7/Engine/Binaries/Win64/../../../Engine/Shaders/ColorUtils.usf" 329
"W:/Epic Games/4.7/Engine/Binaries/Win64/../../../Engine/Shaders/SimpleElementVertexShader.usf" 330
"W:/Epic Games/4.7/Engine/Binaries/Win64/../../../Engine/Shaders/ScreenVertexShader.usf" 331
"W:/Epic Games/4.7/Engine/Binaries/Win64/../../../Engine/Shaders/ScreenPixelShader.usf" 332
"W:/Epic Games/4.7/Engine/Binaries/Win64/../../../Engine/Shaders/RadixSortShaders.usf" 333
"W:/Epic Games/4.7/Engine/Binaries/Win64/../../../Engine/Shaders/GpuSkinCacheComputeShader.usf" 334
"W:/Epic Games/4.7/Engine/Binaries/Win64/../../../Engine/Shaders/NullPixelShader.usf" 335
"W:/Epic Games/4.7/Engine/Binaries/Win64/../../../Engine/Shaders/ClearReplacementShaders.usf" 336
"W:/Epic Games/4.7/Engine/Binaries/Win64/../../../Engine/Shaders/SimpleElementTexture2DPreviewPixelShader.usf" 337
"W:/Epic Games/4.7/Engine/Binaries/Win64/../../../Engine/Shaders/SimpleElementNormalMapPixelShader.usf" 338
"W:/Epic Games/4.7/Engine/Binaries/Win64/../../../Engine/Shaders/meshpaintdilatepixelshader.usf" 339
"W:/Epic Games/4.7/Engine/Binaries/Win64/../../../Engine/Shaders/meshpaintdilatevertexshader.usf" 340
"W:/Epic Games/4.7/Engine/Binaries/Win64/../../../Engine/Shaders/MeshPaintPixelShader.usf" 341
"W:/Epic Games/4.7/Engine/Binaries/Win64/../../../Engine/Shaders/MeshPaintVertexShader.usf" 342
"../../../Engine/Config/Android/AndroidEngine.ini" 343
"../../../Engine/Config/HTML5/HTML5Engine.ini" 344
"../../../Engine/Config/IOS/IOSEngine.ini" 345
"../../../Engine/Config/Linux/LinuxEngine.ini" 346
"C:/Users/n8910073/AppData/Local/UnrealEngine/4.7/DerivedDataCache/Boot.ddc" 347
"../../../Engine/DerivedDataCache/Compressed.ddp" 348
"../../../Engine/Content/EngineFonts/Roboto.uasset" 349
"../../../Engine/Content/EngineMaterials/Widget3DPassThrough_Translucent.uasset" 350
"../../../Engine/Content/EngineMaterials/Widget3DPassThrough.uasset" 351
"../../../Engine/Content/EngineResources/WhiteSquareTexture.uasset" 352
"../../../Engine/Content/Functions/Engine_MaterialFunctions01/Shading/PowerToRoughness.uasset" 353
"../../../Engine/Content/Functions/Engine_MaterialFunctions01/Shading/ConvertFromDiffSpec.uasset" 354
"../../../Engine/Content/EngineMaterials/WorldGridMaterial.uasset" 355
"../../../Engine/Content/Functions/Engine_MaterialFunctions01/Opacity/CameraDepthFade.uasset" 356
"../../../Engine/Content/EngineMaterials/T_Default_Material_Grid_M.uasset" 357
"../../../Engine/Content/EngineMaterials/T_Default_Material_Grid_N.uasset" 358
"../../../Engine/Content/EngineMaterials/DefaultDeferredDecalMaterial.uasset" 359
"../../../Engine/Content/EngineMaterials/DefaultDiffuse.uasset" 360
"../../../Engine/Content/EngineMaterials/DefaultLightFunctionMaterial.uasset" 361
"../../../Engine/Content/EngineMaterials/DefaultPostProcessMaterial.uasset" 362
"../../../Engine/Content/Functions/Engine_MaterialFunctions02/Utility/BreakOutFloat2Components.uasset" 363
"../../../Engine/Content/EngineResources/DefaultTexture.uasset" 364
"../../../Engine/Content/EngineMaterials/Widget3DPassThrough_Translucent_OneSided.uasset" 365
"../../../Engine/Content/EngineMaterials/Widget3DPassThrough_Opaque.uasset" 366
"../../../Engine/Content/EngineMaterials/Widget3DPassThrough_Opaque_OneSided.uasset" 367
"../../../Engine/Content/EditorResources/S_Actor.uasset" 368
"../../../Engine/Content/EditorLandscapeResources/DataLayer.uasset" 369
"../../../Engine/Content/Maps/Templates/Thumbnails/Default.uasset" 370
"../../../Engine/Content/EditorMaterials/ParticleSystems/PSysThumbnail_NoImage.uasset" 371
"../../../Engine/Content/EditorMaterials/ParticleSystems/PSysThumbnail_OOD.uasset" 372
"../../../Engine/Content/EngineDamageTypes/DmgTypeBP_Environmental.uasset" 373
"../../../Engine/Content/EngineMeshes/Sphere.uasset" 374
"../../../Engine/Content/EngineFonts/RobotoDistanceField.uasset" 375
"../../../Engine/Content/EngineMaterials/DefaultTextMaterialOpaque.uasset" 376
"../../../Engine/Content/EditorResources/S_Trigger.uasset" 377
"../../../Engine/Content/EngineResources/GradientTexture0.uasset" 378
"../../../Engine/Content/EngineResources/Black.uasset" 379
"../../../Engine/Content/EditorMaterials/MatineeGroups/MAT_Groups_Float.uasset" 380
"../../../Engine/Content/EditorMaterials/MatineeGroups/MAT_Groups_Director.uasset" 381
"../../../Engine/Content/EditorMaterials/MatineeGroups/MAT_Groups_Event.uasset" 382
"../../../Engine/Content/EditorMaterials/MatineeGroups/MAT_Groups_Anim.uasset" 383
"../../../Engine/Content/EditorMaterials/MatineeGroups/MAT_Groups_Fade.uasset" 384
"../../../Engine/Content/EditorMaterials/MatineeGroups/MAT_Groups_Move.uasset" 385
"../../../Engine/Content/EditorMaterials/MatineeGroups/MAT_Groups_Slomo.uasset" 386
"../../../Engine/Content/EditorMaterials/MatineeGroups/MAT_ColorTrack.uasset" 387
"../../../Engine/Content/EditorMaterials/MAT_Groups_Toggle.uasset" 388
"../../../Engine/Content/EditorMaterials/MatineeGroups/MAT_Groups_AudioMaster.uasset" 389
"../../../Engine/Content/EditorMaterials/MatineeGroups/MAT_Groups_Sound.uasset" 390
"../../../Engine/Content/EditorMaterials/MatineeGroups/MAT_Groups_Vector.uasset" 391
"../../../Engine/Content/EditorMaterials/MAT_Groups_Visibility.uasset" 392
"../../../Engine/Content/EngineResources/DefaultTextureCube.uasset" 393
"../../../Engine/Content/EngineSounds/Master.uasset" 394
"../../../Engine/Content/EngineSounds/Music.uasset" 395
"../../../Engine/Content/EngineSounds/SFX.uasset" 396
"../../../Engine/Content/EngineSounds/Normal_Attack.uasset" 397
"../../../Engine/Content/EngineSounds/Special_Attack_PSM.uasset" 398
"../../../Engine/Content/EngineSounds/Duck_Normal_Attack_MixMod.uasset" 399
"../../../Engine/Content/EngineSounds/Voice.uasset" 400
"../../../Engine/Content/EngineMeshes/Cylinder.uasset" 401
"../../../Engine/Content/EngineMaterials/DefaultMaterial.uasset" 402
"../../../Engine/Content/EngineTireTypes/DefaultTireType.uasset" 403
"../../../Engine/Content/Editor/Slate/Fonts/FontAwesome.ttf" 404
"../../../Engine/Content/Editor/Slate/Fonts/DroidSansMono.ttf" 405
"../../../Engine/Content/Editor/Slate/Fonts/Roboto-BoldCondensed.ttf" 406
"../../../Engine/Content/Editor/Slate/Fonts/Roboto-Black.ttf" 407
"../../../Engine/Content/Editor/Slate/Fonts/Roboto-Italic.ttf" 408
"../../../Engine/Content/Editor/Slate/Fonts/Roboto-BoldCondensedItalic.ttf" 409
"../../../Engine/Plugins/2D/Paper2D/Content/MaskedUnlitSpriteMaterial.uasset" 410
"../../../Engine/Plugins/2D/Paper2D/Content/DefaultSpriteMaterial.uasset" 411
"../../../Engine/Plugins/2D/Paper2D/Content/DummySpriteTexture.uasset" 412
"../../../Engine/Plugins/2D/Paper2D/Content/OpaqueUnlitSpriteMaterial.uasset" 413
"../../../Engine/Plugins/2D/Paper2D/Content/DefaultPaperTerrainMaterial.uasset" 414
"../../../Engine/Plugins/2D/Paper2D/Content/DummySprite.uasset" 415
"C:/Users/n8910073/AppData/Local/UnrealEngine/4.7/Saved/Config/Windows/SourceControlSettings.ini" 416
"C:/Users/n8910073/Desktop/SpaceRace/Intermediate/Config/CoalescedSourceConfigs/SourceControlSettings.ini" 417
"C:/Users/n8910073/Desktop/SpaceRace/Saved/Config/Windows/SourceControlSettings.ini" 418
"../../../Engine/Content/EngineMaterials/RemoveSurfaceMaterial.uasset" 419
"../../../Engine/Content/EngineDebugMaterials/DebugMeshMaterial.uasset" 420
"../../../Engine/Content/EngineMaterials/M_InvalidLightmapSettings.uasset" 421
"../../../Engine/Content/EngineMaterials/InvalidLightmapSettings.uasset" 422
"../../../Engine/Content/EditorMaterials/GizmoMaterial.uasset" 423
"../../../Engine/Content/EngineMaterials/Good64x64TilingNoiseHighFreq.uasset" 424
"../../../Engine/Content/EngineMaterials/DefaultBokeh.uasset" 425
"../../../Engine/Content/EngineMaterials/PreintegratedSkinBRDF.uasset" 426
"../../../Engine/Content/EngineMaterials/MiniFont.uasset" 427
"../../../Engine/Content/EngineMaterials/WeightMapPlaceholderTexture.uasset" 428
"../../../Engine/Content/EngineMaterials/DefaultWhiteGrid.uasset" 429
"../../../Engine/Content/EngineMaterials/DefaultPhysicalMaterial.uasset" 430
"../../../Engine/Content/EngineFonts/RobotoTiny.uasset" 431
"C:/Users/n8910073/Desktop/SpaceRace/Intermediate/CachedAssetRegistry.bin" 432
"../../../Engine/Content/MobileResources/HUD/VirtualJoystick_Thumb.uasset" 433
"C:/Users/n8910073/AppData/Local/UnrealEngine/Common/DerivedDataCache/8/3/9/TEXTURE_75F87CE100B546AAB8A1C4132AF9DB17_BGRA8_60825E4F43C40AAF9EB1A495FDB7E2F__BED3EAB732F9D8538255A4BB13ED6BEA8854E6C5.udd" 434
"../../../Engine/Content/MobileResources/HUD/VirtualJoystick_Background.uasset" 435
"../../../Engine/Content/MobileResources/HUD/joy8.uasset" 436
"C:/Users/n8910073/AppData/Local/UnrealEngine/Common/DerivedDataCache/4/9/5/TEXTURE_75F87CE100B546AAB8A1C4132AF9DB17_BGRA8_22D3802B4C05170271B7C2900A91930__BEF1DA94761FE5512AAC0D597610E6F56EB760EC.udd" 437
"../../../Engine/Content/MobileResources/HUD/T_Castle_ThumbstickOutter.uasset" 438
"../../../Engine/Content/MobileResources/HUD/T_Castle_ThumbstickInner.uasset" 439
"../../../Engine/Content/MobileResources/HUD/MobileHUDDirectionStick.uasset" 440
"C:/Users/n8910073/AppData/Local/UnrealEngine/Common/DerivedDataCache/5/5/5/TEXTURE_75F87CE100B546AAB8A1C4132AF9DB17_AUTOETC2_8EDAF7A54E378800FEB217863433__EF844CD96BCD8DD3CD322C340901837CE32294B9.udd" 441
"C:/Users/n8910073/AppData/Local/UnrealEngine/Common/DerivedDataCache/5/4/9/TEXTURE_75F87CE100B546AAB8A1C4132AF9DB17_AUTOETC1_8EDAF7A54E378800FEB217863433__982DD826881BC736A1B192B83080FFAB5E386419.udd" 442
"../../../Engine/Content/MobileResources/HUD/MobileHUDDirectionPad3.uasset" 443
"C:/Users/n8910073/AppData/Local/UnrealEngine/Common/DerivedDataCache/3/2/4/TEXTURE_75F87CE100B546AAB8A1C4132AF9DB17_AUTOETC2_C9D41DBE4C754F8B430E7DBADCD4__FBC3F09CA1A90DBB977C19E11F289F6DA8E49284.udd" 444
"C:/Users/n8910073/AppData/Local/UnrealEngine/Common/DerivedDataCache/6/9/5/TEXTURE_75F87CE100B546AAB8A1C4132AF9DB17_AUTOETC1_C9D41DBE4C754F8B430E7DBADCD4__E01E3A109F7B28A062BAF93EF89DF2137AE3E3F0.udd" 445
"C:/Users/n8910073/AppData/Local/UnrealEngine/Common/DerivedDataCache/3/9/4/TEXTURE_75F87CE100B546AAB8A1C4132AF9DB17_AUTOETC2_C9D41DBE4C754F8B430E7DBADCD4__9398548B219CA163F51FBD66F82176FB42C878DC.udd" 446
"C:/Users/n8910073/AppData/Local/UnrealEngine/Common/DerivedDataCache/0/8/5/TEXTURE_75F87CE100B546AAB8A1C4132AF9DB17_AUTOETC2_C9D41DBE4C754F8B430E7DBADCD4__47881DE908421552277B42C3471C134DB38B35E7.udd" 447
"C:/Users/n8910073/AppData/Local/UnrealEngine/Common/DerivedDataCache/0/9/9/TEXTURE_75F87CE100B546AAB8A1C4132AF9DB17_AUTOETC1_C9D41DBE4C754F8B430E7DBADCD4__F73F05D341842E3D46A42018CF114C814BA962B5.udd" 448
"C:/Users/n8910073/AppData/Local/UnrealEngine/Common/DerivedDataCache/2/8/1/TEXTURE_75F87CE100B546AAB8A1C4132AF9DB17_AUTOETC1_C9D41DBE4C754F8B430E7DBADCD4__FDCEA9475E34BE107A67342D0CF926F3BF48094A.udd" 449
"../../../Engine/Content/MobileResources/HUD/MobileHUDDirectionPad2.uasset" 450
"C:/Users/n8910073/AppData/Local/UnrealEngine/Common/DerivedDataCache/4/6/3/TEXTURE_75F87CE100B546AAB8A1C4132AF9DB17_AUTOETC2_F562DDF94D8D885AE92078A9DD77__9B99B77EBFCB5FCC0D965B9310B18285F1DD4F72.udd" 451
"C:/Users/n8910073/AppData/Local/UnrealEngine/Common/DerivedDataCache/4/3/1/TEXTURE_75F87CE100B546AAB8A1C4132AF9DB17_AUTOETC2_F562DDF94D8D885AE92078A9DD77__F1C2C5B52830D531E492A366CDA3F03966A50F54.udd" 452
"C:/Users/n8910073/AppData/Local/UnrealEngine/Common/DerivedDataCache/8/4/6/TEXTURE_75F87CE100B546AAB8A1C4132AF9DB17_AUTOETC2_F562DDF94D8D885AE92078A9DD77__8F3D4E33266EFF7058EA0F5458F2DB999EF18D1A.udd" 453
"C:/Users/n8910073/AppData/Local/UnrealEngine/Common/DerivedDataCache/1/3/5/TEXTURE_75F87CE100B546AAB8A1C4132AF9DB17_AUTOETC1_F562DDF94D8D885AE92078A9DD77__563B1BD23847D484936615ECBAC03B5CBB62075B.udd" 454
"C:/Users/n8910073/AppData/Local/UnrealEngine/Common/DerivedDataCache/8/8/8/TEXTURE_75F87CE100B546AAB8A1C4132AF9DB17_AUTOETC1_F562DDF94D8D885AE92078A9DD77__5F4107E3272590365E3E07BA83D882EB2541411C.udd" 455
"C:/Users/n8910073/AppData/Local/UnrealEngine/Common/DerivedDataCache/4/2/1/TEXTURE_75F87CE100B546AAB8A1C4132AF9DB17_AUTOETC1_F562DDF94D8D885AE92078A9DD77__C1C27521E96714EBDBFACFEA7E1A9CD6D26E2F35.udd" 456
"../../../Engine/Content/MobileResources/HUD/MobileHUDDirectionPad.uasset" 457
"C:/Users/n8910073/AppData/Local/UnrealEngine/Common/DerivedDataCache/1/2/4/TEXTURE_75F87CE100B546AAB8A1C4132AF9DB17_AUTOETC2_3F3B1DD44FE006226A690596DBDD__CDDF8231DBC7CA950E7B4CE92521AAAD3C48C261.udd" 458
"C:/Users/n8910073/AppData/Local/UnrealEngine/Common/DerivedDataCache/8/2/7/TEXTURE_75F87CE100B546AAB8A1C4132AF9DB17_AUTOETC1_3F3B1DD44FE006226A690596DBDD__677694D49C25B112F3249C22AB0A70CEA1FCDF6B.udd" 459
"C:/Users/n8910073/AppData/Local/UnrealEngine/Common/DerivedDataCache/8/2/7/TEXTURE_75F87CE100B546AAB8A1C4132AF9DB17_AUTOETC2_3F3B1DD44FE006226A690596DBDD__AEC80EC600DD3B4D042B934602EB4A05F8D19864.udd" 460
"C:/Users/n8910073/AppData/Local/UnrealEngine/Common/DerivedDataCache/9/8/4/TEXTURE_75F87CE100B546AAB8A1C4132AF9DB17_AUTOETC1_3F3B1DD44FE006226A690596DBDD__DB94C0090F9269074D2CFCEAA07224A1F3A95538.udd" 461
"../../../Engine/Content/MobileResources/HUD/MobileHUDButtonFire.uasset" 462
"C:/Users/n8910073/AppData/Local/UnrealEngine/Common/DerivedDataCache/9/1/6/TEXTURE_75F87CE100B546AAB8A1C4132AF9DB17_AUTOETC2_C200B7694C3FE53EBCE97592F5F4__24356533FF26DF1C4B77B90C0BE074BE60CDB93D.udd" 463
"C:/Users/n8910073/AppData/Local/UnrealEngine/Common/DerivedDataCache/4/2/6/TEXTURE_75F87CE100B546AAB8A1C4132AF9DB17_AUTOETC1_C200B7694C3FE53EBCE97592F5F4__0656CFF7CF238E6704299307AA42F27B3E011343.udd" 464
"../../../Engine/Content/MobileResources/HUD/MobileHUDButton3.uasset" 465
"C:/Users/n8910073/AppData/Local/UnrealEngine/Common/DerivedDataCache/3/4/2/TEXTURE_75F87CE100B546AAB8A1C4132AF9DB17_AUTOETC2_C49FDA8C4EFE04B87EBA5CB5A57D__6C384D0E34CB7714F51B78E788A07B1275909C23.udd" 466
"C:/Users/n8910073/AppData/Local/UnrealEngine/Common/DerivedDataCache/6/9/0/TEXTURE_75F87CE100B546AAB8A1C4132AF9DB17_AUTOETC1_C49FDA8C4EFE04B87EBA5CB5A57D__53FEB0D24DA220C3F2E763739A4333423A97E00D.udd" 467
"../../../Engine/Content/MobileResources/HUD/MobileHUDButton2_on.uasset" 468
"C:/Users/n8910073/AppData/Local/UnrealEngine/Common/DerivedDataCache/9/2/7/TEXTURE_75F87CE100B546AAB8A1C4132AF9DB17_AUTOETC2_80A9E59646847B4846ED6DAF42DF__1EA1B961E7D02F34F47CB3F0542A01A4F1F38F75.udd" 469
"C:/Users/n8910073/AppData/Local/UnrealEngine/Common/DerivedDataCache/9/6/2/TEXTURE_75F87CE100B546AAB8A1C4132AF9DB17_AUTOETC1_80A9E59646847B4846ED6DAF42DF__CA841072396E8F2E1D7C8E6FB1F47E46F7C4C6E4.udd" 470
"C:/Users/n8910073/AppData/Local/UnrealEngine/Common/DerivedDataCache/3/5/7/TEXTURE_75F87CE100B546AAB8A1C4132AF9DB17_AUTOETC2_80A9E59646847B4846ED6DAF42DF__2FFB5567760EAF72FA82B851F0323C4F672A3D96.udd" 471
"C:/Users/n8910073/AppData/Local/UnrealEngine/Common/DerivedDataCache/5/4/7/TEXTURE_75F87CE100B546AAB8A1C4132AF9DB17_AUTOETC1_80A9E59646847B4846ED6DAF42DF__7A9942B4D8C21721FB45946D7A3C97F5BD5ED2C7.udd" 472
"../../../Engine/Content/MobileResources/HUD/MobileHUDButton2_off.uasset" 473
"C:/Users/n8910073/AppData/Local/UnrealEngine/Common/DerivedDataCache/1/1/5/TEXTURE_75F87CE100B546AAB8A1C4132AF9DB17_AUTOETC2_D5542AFE4886708885DF42B1BE8F__D59AF11BB152EE04C05F36ECE6FCB0323B09FA86.udd" 474
"C:/Users/n8910073/AppData/Local/UnrealEngine/Common/DerivedDataCache/7/1/5/TEXTURE_75F87CE100B546AAB8A1C4132AF9DB17_AUTOETC1_D5542AFE4886708885DF42B1BE8F__32CA8A3FFAF3C17B0E10633312E65F671FC94813.udd" 475
"C:/Users/n8910073/AppData/Local/UnrealEngine/Common/DerivedDataCache/4/0/3/TEXTURE_75F87CE100B546AAB8A1C4132AF9DB17_AUTOETC2_D5542AFE4886708885DF42B1BE8F__8705DA1E1392177A60737C98C00498A42845BC46.udd" 476
"C:/Users/n8910073/AppData/Local/UnrealEngine/Common/DerivedDataCache/5/6/2/TEXTURE_75F87CE100B546AAB8A1C4132AF9DB17_AUTOETC1_D5542AFE4886708885DF42B1BE8F__4B1A170BA1E09663ADAA34E66F7F9168E9E706F7.udd" 477
"../../../Engine/Content/MobileResources/HUD/MobileHUDButton1_on.uasset" 478
"C:/Users/n8910073/AppData/Local/UnrealEngine/Common/DerivedDataCache/7/5/8/TEXTURE_75F87CE100B546AAB8A1C4132AF9DB17_AUTOETC2_7BBBF743419EE004ACC16E9959BC__C48076D302354E388B255563AFD03D236084E5D1.udd" 479
"C:/Users/n8910073/AppData/Local/UnrealEngine/Common/DerivedDataCache/1/1/7/TEXTURE_75F87CE100B546AAB8A1C4132AF9DB17_AUTOETC1_7BBBF743419EE004ACC16E9959BC__E23A5FACCE6569D1A0F41518EBA4BEA563D1FF88.udd" 480
"../../../Engine/Content/MobileResources/HUD/MobileHUDButton1_off.uasset" 481
"C:/Users/n8910073/AppData/Local/UnrealEngine/Common/DerivedDataCache/7/0/1/TEXTURE_75F87CE100B546AAB8A1C4132AF9DB17_AUTOETC2_5FF2868842E6DED8A4C0CB821719__B7A0742534CBF48BA77C2C55467606F7BE0BEDAF.udd" 482
"C:/Users/n8910073/AppData/Local/UnrealEngine/Common/DerivedDataCache/2/8/2/TEXTURE_75F87CE100B546AAB8A1C4132AF9DB17_AUTOETC1_5FF2868842E6DED8A4C0CB821719__C5298F747BEE86C0F835AC55CD8564D849494C8F.udd" 483
"../../../Engine/Content/MobileResources/HUD/LeftVirtualJoystickOnly.uasset" 484
"../../../Engine/Content/MobileResources/HUD/joyIN_Sprite.uasset" 485
"../../../Engine/Plugins/2D/Paper2D/Content/TranslucentUnlitSpriteMaterial.uasset" 486
"../../../Engine/Content/MobileResources/HUD/joyIN.uasset" 487
"C:/Users/n8910073/AppData/Local/UnrealEngine/Common/DerivedDataCache/2/6/1/TEXTURE_75F87CE100B546AAB8A1C4132AF9DB17_BGRA8_62D77C6F46C98475E2DEE9B0C273B85__FA05E386269567434188078584CE1DD9AC38A7C0.udd" 488
"../../../Engine/Content/MobileResources/HUD/joy8_Sprite.uasset" 489
"../../../Engine/Content/MobileResources/HUD/DefaultVirtualJoysticks.uasset" 490
"../../../Engine/Content/MobileResources/HUD/AnalogHat.uasset" 491
"C:/Users/n8910073/AppData/Local/UnrealEngine/Common/DerivedDataCache/9/5/5/TEXTURE_75F87CE100B546AAB8A1C4132AF9DB17_AUTOETC2_2E1EE3B14D43A62B84881B8F5AAD__3BECB9B0D3CD725CB38D9A368C01F1F3A307E19A.udd" 492
"C:/Users/n8910073/AppData/Local/UnrealEngine/Common/DerivedDataCache/7/9/0/TEXTURE_75F87CE100B546AAB8A1C4132AF9DB17_AUTOETC1_2E1EE3B14D43A62B84881B8F5AAD__5976B12707F4A0E6B70B1DAA3661F81D0C3A2E86.udd" 493
"../../../Engine/Content/MobileResources/T_MobileMenu2.uasset" 494
"C:/Users/n8910073/AppData/Local/UnrealEngine/Common/DerivedDataCache/1/5/1/TEXTURE_75F87CE100B546AAB8A1C4132AF9DB17_AUTOETC2_9F8FBEF84A1997E30FD384955E3D__2735FA59C3AF74B3A6A6AD185CDDDC28525B3322.udd" 495
"C:/Users/n8910073/AppData/Local/UnrealEngine/Common/DerivedDataCache/9/9/3/TEXTURE_75F87CE100B546AAB8A1C4132AF9DB17_AUTOETC1_9F8FBEF84A1997E30FD384955E3D__4D1BDA3703DE19060AE0F8F0A44EA1E39B937874.udd" 496
"C:/Users/n8910073/AppData/Local/UnrealEngine/Common/DerivedDataCache/3/6/8/TEXTURE_75F87CE100B546AAB8A1C4132AF9DB17_AUTOETC2_9F8FBEF84A1997E30FD384955E3D__F58F07EC1676E628DA89B19509A7C41661EFFBDC.udd" 497
"C:/Users/n8910073/AppData/Local/UnrealEngine/Common/DerivedDataCache/1/4/4/TEXTURE_75F87CE100B546AAB8A1C4132AF9DB17_AUTOETC2_9F8FBEF84A1997E30FD384955E3D__CC3C73A229BD7C4AD7CC4C0ABCC291A0EF2ADF2A.udd" 498
"C:/Users/n8910073/AppData/Local/UnrealEngine/Common/DerivedDataCache/4/8/4/TEXTURE_75F87CE100B546AAB8A1C4132AF9DB17_AUTOETC2_9F8FBEF84A1997E30FD384955E3D__DD6C3F424C5745AB0E2D5FB169978EDA38A4EB16.udd" 499
"C:/Users/n8910073/AppData/Local/UnrealEngine/Common/DerivedDataCache/3/7/3/TEXTURE_75F87CE100B546AAB8A1C4132AF9DB17_AUTOETC1_9F8FBEF84A1997E30FD384955E3D__A3362C6CCBBD7260A184E166AE76941AE85513D6.udd" 500
"C:/Users/n8910073/AppData/Local/UnrealEngine/Common/DerivedDataCache/9/6/8/TEXTURE_75F87CE100B546AAB8A1C4132AF9DB17_AUTOETC1_9F8FBEF84A1997E30FD384955E3D__0F0E051C3E3C1D9856B5FCE88F82F508D8D4F6A7.udd" 501
"../../../Engine/Content/MobileResources/T_MobileControls_texture.uasset" 502
"C:/Users/n8910073/AppData/Local/UnrealEngine/Common/DerivedDataCache/5/0/9/TEXTURE_75F87CE100B546AAB8A1C4132AF9DB17_AUTOETC1_9F8FBEF84A1997E30FD384955E3D__C206D66B05721E6910A418E8DBDE6D9ACFA301CC.udd" 503
"C:/Users/n8910073/AppData/Local/UnrealEngine/Common/DerivedDataCache/1/5/0/TEXTURE_75F87CE100B546AAB8A1C4132AF9DB17_AUTOETC2_119D9D384F916FB5612DEB85B012__C5062709AC6B3F16557E9761D47082FFDC37C5C2.udd" 504
"C:/Users/n8910073/AppData/Local/UnrealEngine/Common/DerivedDataCache/3/1/5/TEXTURE_75F87CE100B546AAB8A1C4132AF9DB17_AUTOETC1_119D9D384F916FB5612DEB85B012__3B0C8F17E685CA2A28A0871E36D541B955286B75.udd" 505
"C:/Users/n8910073/AppData/Local/UnrealEngine/Common/DerivedDataCache/8/8/4/TEXTURE_75F87CE100B546AAB8A1C4132AF9DB17_AUTOETC2_119D9D384F916FB5612DEB85B012__D412CBDCCE74F0DF51B99CA03CD1580221A67BC6.udd" 506
"C:/Users/n8910073/AppData/Local/UnrealEngine/Common/DerivedDataCache/9/1/7/TEXTURE_75F87CE100B546AAB8A1C4132AF9DB17_AUTOETC1_119D9D384F916FB5612DEB85B012__30CA3377F7271ADD98EE25CD07D6E28E206CCBAE.udd" 507
"C:/Users/n8910073/AppData/Local/UnrealEngine/Common/DerivedDataCache/6/7/6/TEXTURE_75F87CE100B546AAB8A1C4132AF9DB17_AUTOETC2_119D9D384F916FB5612DEB85B012__1B3BB47DC55C45944A7B64985401909895628DB8.udd" 508
"../../../Engine/Content/Maps/Entry.umap" 509
"C:/Users/n8910073/AppData/Local/UnrealEngine/Common/DerivedDataCache/4/0/6/TEXTURE_75F87CE100B546AAB8A1C4132AF9DB17_AUTOETC2_119D9D384F916FB5612DEB85B012__022DE17DC662685608BF5F0A91B181BE829D9CE0.udd" 510
"C:/Users/n8910073/AppData/Local/UnrealEngine/Common/DerivedDataCache/4/8/3/TEXTURE_75F87CE100B546AAB8A1C4132AF9DB17_AUTOETC1_119D9D384F916FB5612DEB85B012__11B0CB0E7B09CD661F31A429D49E44D1926222E1.udd" 511
"C:/Users/n8910073/AppData/Local/UnrealEngine/Common/DerivedDataCache/3/8/2/TEXTURE_75F87CE100B546AAB8A1C4132AF9DB17_AUTOETC1_119D9D384F916FB5612DEB85B012__4E22E922D3DA5C179500803F4476649538A32D85.udd" 512
"../../../Engine/Content/EngineMaterials/DefaultNormal.uasset" 513
"C:/Users/n8910073/AppData/Local/UnrealEngine/Common/DerivedDataCache/4/3/7/TEXTURE_75F87CE100B546AAB8A1C4132AF9DB17_PVRTC4_8199_122003924E39A572EF68B5BAC__371B1627EDB5E5A44F15CF636E146EC436A7E9D5.udd" 514
"C:/Users/n8910073/AppData/Local/UnrealEngine/Common/DerivedDataCache/0/1/9/TEXTURE_75F87CE100B546AAB8A1C4132AF9DB17_PVRTC4_8199_122003924E39A572EF68B5BAC__C812CC1224F7F46DC3E8FAE8E553F10A9363AC88.udd" 515
"C:/Users/n8910073/AppData/Local/UnrealEngine/Common/DerivedDataCache/8/6/8/TEXTURE_75F87CE100B546AAB8A1C4132AF9DB17_PVRTC4_8199_122003924E39A572EF68B5BAC__71C7B00994A4195D5888A29DD5BB41221E847787.udd" 516
"C:/Users/n8910073/AppData/Local/UnrealEngine/Common/DerivedDataCache/5/8/9/TEXTURE_75F87CE100B546AAB8A1C4132AF9DB17_PVRTC4_8199_122003924E39A572EF68B5BAC__98D61A0FB1BBBA55995CF38F6CA4F382FB9D0C00.udd" 517
"C:/Users/n8910073/AppData/Local/UnrealEngine/Common/DerivedDataCache/8/1/7/TEXTURE_75F87CE100B546AAB8A1C4132AF9DB17_PVRTC4_8199_122003924E39A572EF68B5BAC__7F83A0B5F5A3BBEA8086261B7C61720895084BB1.udd" 518
"C:/Users/n8910073/AppData/Local/UnrealEngine/Common/DerivedDataCache/5/9/5/TEXTURE_75F87CE100B546AAB8A1C4132AF9DB17_AUTOETC2_122003924E39A572EF68B5BAC8A9__D7571FED08F115FCACABD05361289305AE5B1AB4.udd" 519
"C:/Users/n8910073/AppData/Local/UnrealEngine/Common/DerivedDataCache/0/3/0/TEXTURE_75F87CE100B546AAB8A1C4132AF9DB17_AUTOETC2_122003924E39A572EF68B5BAC8A9__989EF2BED8D424D26F7239496D065D847FB1A5D6.udd" 520
"C:/Users/n8910073/AppData/Local/UnrealEngine/Common/DerivedDataCache/0/0/1/TEXTURE_75F87CE100B546AAB8A1C4132AF9DB17_AUTOETC1_122003924E39A572EF68B5BAC8A9__73484EE1D6C8D67F35220EB30FDAF3BABE535ACC.udd" 521
"C:/Users/n8910073/AppData/Local/UnrealEngine/Common/DerivedDataCache/7/1/7/TEXTURE_75F87CE100B546AAB8A1C4132AF9DB17_AUTOETC1_122003924E39A572EF68B5BAC8A9__F85ED85CF16E75A2C8F2A345030CA6B2EB59403E.udd" 522
"C:/Users/n8910073/AppData/Local/UnrealEngine/Common/DerivedDataCache/8/9/1/TEXTURE_75F87CE100B546AAB8A1C4132AF9DB17_AUTOETC2_122003924E39A572EF68B5BAC8A9__551DE16F2D262FC6F555740F54750200FBADAB3B.udd" 523
"C:/Users/n8910073/AppData/Local/UnrealEngine/Common/DerivedDataCache/2/8/3/TEXTURE_75F87CE100B546AAB8A1C4132AF9DB17_AUTOETC2_122003924E39A572EF68B5BAC8A9__F7C205B2FBA3A7547B78E328D349915C72BCEB8F.udd" 524
"C:/Users/n8910073/AppData/Local/UnrealEngine/Common/DerivedDataCache/0/8/7/TEXTURE_75F87CE100B546AAB8A1C4132AF9DB17_AUTOETC2_122003924E39A572EF68B5BAC8A9__A79723FC70D667EA9605520505516D47A27EFA50.udd" 525
"C:/Users/n8910073/AppData/Local/UnrealEngine/Common/DerivedDataCache/6/3/2/TEXTURE_75F87CE100B546AAB8A1C4132AF9DB17_AUTOETC1_122003924E39A572EF68B5BAC8A9__FA9F3E98F3E1882C0E47F40DD00929648126021D.udd" 526
"C:/Users/n8910073/AppData/Local/UnrealEngine/Common/DerivedDataCache/2/3/3/TEXTURE_75F87CE100B546AAB8A1C4132AF9DB17_AUTOETC1_122003924E39A572EF68B5BAC8A9__444AB0F493BFD6656766467CE1CA044EFBE72EA4.udd" 527
"C:/Users/n8910073/AppData/Local/UnrealEngine/Common/DerivedDataCache/8/8/9/TEXTURE_75F87CE100B546AAB8A1C4132AF9DB17_AUTOETC1_122003924E39A572EF68B5BAC8A9__75CE36B0B293445DCBE63A370947174428B30BCF.udd" 528
"C:/Users/n8910073/AppData/Local/UnrealEngine/Common/DerivedDataCache/3/5/4/TEXTURE_75F87CE100B546AAB8A1C4132AF9DB17_BGRA8_F86381F840D3F21113C9B59B8214D48__9D0AC028D8B011FC56B56DED68251C3B96181712.udd" 529
"C:/Users/n8910073/Desktop/SpaceRace/Content/EndlessRunner/Maps/HomeScreen.umap" 530
"C:/Users/n8910073/Desktop/SpaceRace/Content/EndlessRunner/Blueprints/BG_HomeScreen.uasset" 531
"../../../Engine/Content/BasicShapes/BasicShapeMaterial.uasset" 532
"../../../Engine/Content/BasicShapes/Sphere.uasset" 533
"C:/Users/n8910073/Desktop/SpaceRace/Content/EndlessRunner/Sprites/HomeScreen/HomeScreen_BG_Sprite.uasset" 534
"C:/Users/n8910073/Desktop/SpaceRace/Content/EndlessRunner/Sprites/HomeScreen/HomeScreen_BG.uasset" 535
"C:/Users/n8910073/Desktop/SpaceRace/Content/EndlessRunner/Blueprints/Button_HomeScreen.uasset" 536
"C:/Users/n8910073/Desktop/SpaceRace/Content/EndlessRunner/Sprites/HomeScreen/ButtonIfPressed/Customize_if_pressed.uasset" 537
"C:/Users/n8910073/Desktop/SpaceRace/Content/EndlessRunner/Sprites/HomeScreen/ButtonIfPressed/Endless_mode_if_pressed.uasset" 538
"C:/Users/n8910073/Desktop/SpaceRace/Content/EndlessRunner/Sprites/HomeScreen/ButtonIfPressed/Options_if_pressed.uasset" 539
"C:/Users/n8910073/Desktop/SpaceRace/Content/EndlessRunner/Sprites/HomeScreen/Customize_not_pressed.uasset" 540
"C:/Users/n8910073/Desktop/SpaceRace/Content/EndlessRunner/Sprites/HomeScreen/Endless_mode_not_pressed.uasset" 541
"C:/Users/n8910073/Desktop/SpaceRace/Content/EndlessRunner/Sprites/HomeScreen/Options_not_pressed.uasset" 542
"C:/Users/n8910073/Desktop/SpaceRace/Content/EndlessRunner/Sprites/HomeScreen/Shop_coming_soon.uasset" 543
"C:/Users/n8910073/Desktop/SpaceRace/Content/EndlessRunner/Sprites/HomeScreen/Story_mode_Coming_soon.uasset" 544
"C:/Users/n8910073/Desktop/SpaceRace/Content/EndlessRunner/Sound/HomeScreen/BGM_HOME_Cue.uasset" 545
"C:/Users/n8910073/Desktop/SpaceRace/Content/EndlessRunner/Sound/HomeScreen/BGM_HOME.uasset" 546
"C:/Users/n8910073/AppData/Local/UnrealEngine/Common/DerivedDataCache/7/9/1/TEXTURE_75F87CE100B546AAB8A1C4132AF9DB17_AUTODXT_D42D8F9141FA520434A4228C30C7D__BA05875489FC741994378ED423D66C9827D9602D.udd" 547
"C:/Users/n8910073/AppData/Local/UnrealEngine/Common/DerivedDataCache/4/1/5/TEXTURE_75F87CE100B546AAB8A1C4132AF9DB17_AUTOATC_D42D8F9141FA520434A4228C30C7D__185C817C51EE016B7C20CAC8DEA0D28123202946.udd" 548
"C:/Users/n8910073/AppData/Local/UnrealEngine/Common/DerivedDataCache/9/7/0/TEXTURE_75F87CE100B546AAB8A1C4132AF9DB17_AUTOETC2_D42D8F9141FA520434A4228C30C7__BAD3F59AD3478E2380D3FD999A1D086780DC1DD6.udd" 549
"C:/Users/n8910073/AppData/Local/UnrealEngine/Common/DerivedDataCache/2/5/6/TEXTURE_75F87CE100B546AAB8A1C4132AF9DB17_AUTOETC1_D42D8F9141FA520434A4228C30C7__4391D77B3FB90F113A5065D8A0114BEF204B4467.udd" 550
"C:/Users/n8910073/AppData/Local/UnrealEngine/Common/DerivedDataCache/9/9/1/TEXTURE_75F87CE100B546AAB8A1C4132AF9DB17_AUTODXT_5745D8A64B033861CEA48389FF2CE__2919DBF12889DF3E45E52090B02260505595F533.udd" 551
"C:/Users/n8910073/AppData/Local/UnrealEngine/Common/DerivedDataCache/7/3/5/TEXTURE_75F87CE100B546AAB8A1C4132AF9DB17_AUTOATC_5745D8A64B033861CEA48389FF2CE__DEC09B241D2B7AB8C6555ABE8F040EB377E3DF49.udd" 552
"C:/Users/n8910073/AppData/Local/UnrealEngine/Common/DerivedDataCache/2/6/5/TEXTURE_75F87CE100B546AAB8A1C4132AF9DB17_AUTOETC2_5745D8A64B033861CEA48389FF2C__05260B15C153A5763F9D784E9B912ACCFCF5BBCD.udd" 553
"C:/Users/n8910073/AppData/Local/UnrealEngine/Common/DerivedDataCache/0/3/4/TEXTURE_75F87CE100B546AAB8A1C4132AF9DB17_AUTOETC1_5745D8A64B033861CEA48389FF2C__59CA3F4BA312C08235BA06F7DA9BD16177387CEF.udd" 554
"C:/Users/n8910073/AppData/Local/UnrealEngine/Common/DerivedDataCache/8/4/4/TEXTURE_75F87CE100B546AAB8A1C4132AF9DB17_AUTODXT_86C6F48E4608F6173695648F6164A__0E4C542BB8C92D5CCA737171DDBF11F77A843867.udd" 555
"C:/Users/n8910073/AppData/Local/UnrealEngine/Common/DerivedDataCache/1/4/4/TEXTURE_75F87CE100B546AAB8A1C4132AF9DB17_AUTOATC_86C6F48E4608F6173695648F6164A__6E91DAB25E1194300B671B11D729178826BA86AC.udd" 556
"C:/Users/n8910073/AppData/Local/UnrealEngine/Common/DerivedDataCache/3/6/3/TEXTURE_75F87CE100B546AAB8A1C4132AF9DB17_AUTOETC2_86C6F48E4608F6173695648F6164__ADEA65B739597DB813E8FDD713ED146D03FFF6E0.udd" 557
"C:/Users/n8910073/AppData/Local/UnrealEngine/Common/DerivedDataCache/2/0/3/TEXTURE_75F87CE100B546AAB8A1C4132AF9DB17_AUTOETC1_86C6F48E4608F6173695648F6164__3D8CB698DA16987901FDA161B55EB82786B4AE2E.udd" 558
"C:/Users/n8910073/AppData/Local/UnrealEngine/Common/DerivedDataCache/9/1/9/TEXTURE_75F87CE100B546AAB8A1C4132AF9DB17_AUTODXT_8A22551D47670702CAFB15A0ABCAD__6CDF626E1439D5C802DF02658D9D4E146021EB0B.udd" 559
"C:/Users/n8910073/AppData/Local/UnrealEngine/Common/DerivedDataCache/2/4/1/TEXTURE_75F87CE100B546AAB8A1C4132AF9DB17_AUTOATC_8A22551D47670702CAFB15A0ABCAD__F8E0E661F198636489B614EFD31E90EB665697FF.udd" 560
"C:/Users/n8910073/AppData/Local/UnrealEngine/Common/DerivedDataCache/0/9/0/TEXTURE_75F87CE100B546AAB8A1C4132AF9DB17_AUTOETC2_8A22551D47670702CAFB15A0ABCA__9CA0A1D972E99021083A767394FD7A8F683CDB14.udd" 561
"C:/Users/n8910073/AppData/Local/UnrealEngine/Common/DerivedDataCache/2/0/9/TEXTURE_75F87CE100B546AAB8A1C4132AF9DB17_AUTOETC1_8A22551D47670702CAFB15A0ABCA__6C257247B75684FCE40E008BB58CF9079BC2DE70.udd" 562
"C:/Users/n8910073/AppData/Local/UnrealEngine/Common/DerivedDataCache/2/4/0/TEXTURE_75F87CE100B546AAB8A1C4132AF9DB17_AUTODXT_A219E3D043ED4AB3555DE093E7E94__68261A0C99CB9D8D4DAEBBC12EE3048663478F59.udd" 563
"C:/Users/n8910073/AppData/Local/UnrealEngine/Common/DerivedDataCache/8/9/3/TEXTURE_75F87CE100B546AAB8A1C4132AF9DB17_AUTOATC_A219E3D043ED4AB3555DE093E7E94__4C40514785C560C9E365657C7861E1FABF8FCB5F.udd" 564
"C:/Users/n8910073/AppData/Local/UnrealEngine/Common/DerivedDataCache/2/4/4/TEXTURE_75F87CE100B546AAB8A1C4132AF9DB17_AUTOETC2_A219E3D043ED4AB3555DE093E7E9__72C4ECBE4CE5E22DBC59F35F29EC61F0AD4FF0B8.udd" 565
"C:/Users/n8910073/AppData/Local/UnrealEngine/Common/DerivedDataCache/7/9/6/TEXTURE_75F87CE100B546AAB8A1C4132AF9DB17_AUTOETC1_A219E3D043ED4AB3555DE093E7E9__5AB91249E1809FA82CA4A1E976E79625563653CB.udd" 566
"C:/Users/n8910073/AppData/Local/UnrealEngine/Common/DerivedDataCache/7/5/6/TEXTURE_75F87CE100B546AAB8A1C4132AF9DB17_AUTODXT_47E328244998023AF8990D93BB230__77FFBED73CC944CC932CA34A73C06B1421BA3CE7.udd" 567
"C:/Users/n8910073/AppData/Local/UnrealEngine/Common/DerivedDataCache/7/5/6/TEXTURE_75F87CE100B546AAB8A1C4132AF9DB17_AUTOATC_47E328244998023AF8990D93BB230__2B6DD3AD32D729C3E997DEE03CF6E2DCDDE26AD5.udd" 568
"C:/Users/n8910073/AppData/Local/UnrealEngine/Common/DerivedDataCache/5/7/5/TEXTURE_75F87CE100B546AAB8A1C4132AF9DB17_AUTOETC1_47E328244998023AF8990D93BB23__D0693F160B9D54CD82B7B8AF1640694A33F87B8A.udd" 569
"C:/Users/n8910073/AppData/Local/UnrealEngine/Common/DerivedDataCache/0/5/1/TEXTURE_75F87CE100B546AAB8A1C4132AF9DB17_AUTOETC2_47E328244998023AF8990D93BB23__5E8FC8E71D58C8737E9AE060226C8E697F4BD564.udd" 570
"C:/Users/n8910073/AppData/Local/UnrealEngine/Common/DerivedDataCache/9/0/0/TEXTURE_75F87CE100B546AAB8A1C4132AF9DB17_AUTODXT_CC187D3741F4BF29ECDDC1ACE4667__E71DA6DA523F8879DCB50408476CEA9610663B83.udd" 571
"C:/Users/n8910073/AppData/Local/UnrealEngine/Common/DerivedDataCache/3/5/2/TEXTURE_75F87CE100B546AAB8A1C4132AF9DB17_AUTOATC_CC187D3741F4BF29ECDDC1ACE4667__299DF17065E49AA4EC090C6063A0BF2A51432780.udd" 572
"C:/Users/n8910073/AppData/Local/UnrealEngine/Common/DerivedDataCache/9/0/7/TEXTURE_75F87CE100B546AAB8A1C4132AF9DB17_AUTOETC2_CC187D3741F4BF29ECDDC1ACE466__2BAE974863975C6D54527992CEAFD9FE64ED43A3.udd" 573
"C:/Users/n8910073/AppData/Local/UnrealEngine/Common/DerivedDataCache/5/7/7/TEXTURE_75F87CE100B546AAB8A1C4132AF9DB17_AUTOETC1_CC187D3741F4BF29ECDDC1ACE466__7FCF9F71E90B0885B92C37741227AD244292E57A.udd" 574
"C:/Users/n8910073/AppData/Local/UnrealEngine/Common/DerivedDataCache/4/2/4/TEXTURE_75F87CE100B546AAB8A1C4132AF9DB17_AUTODXT_8673D1CF4F04AB7E5060EA80F9D0E__4A9C623633C018EDEB363FCABFC6B681FF72F588.udd" 575
"C:/Users/n8910073/AppData/Local/UnrealEngine/Common/DerivedDataCache/8/9/1/TEXTURE_75F87CE100B546AAB8A1C4132AF9DB17_AUTOATC_8673D1CF4F04AB7E5060EA80F9D0E__DC1E9B9416956DC323627C862CF8563E03F53B0A.udd" 576
"C:/Users/n8910073/AppData/Local/UnrealEngine/Common/DerivedDataCache/3/9/5/TEXTURE_75F87CE100B546AAB8A1C4132AF9DB17_AUTOETC2_8673D1CF4F04AB7E5060EA80F9D0__871C37FDBC623979EF7539C09A8F656B759F605E.udd" 577
"C:/Users/n8910073/AppData/Local/UnrealEngine/Common/DerivedDataCache/3/6/6/TEXTURE_75F87CE100B546AAB8A1C4132AF9DB17_AUTOETC1_8673D1CF4F04AB7E5060EA80F9D0__2F56B525CD4E7768E50C1ED1A85C3D32BBAB3BFE.udd" 578
"C:/Users/n8910073/AppData/Local/UnrealEngine/Common/DerivedDataCache/9/4/3/TEXTURE_75F87CE100B546AAB8A1C4132AF9DB17_AUTODXT_1D5A7C7042816FE316BA6282832C5__B4250439633E39E80A78CF131D5C4156BA55F785.udd" 579
"C:/Users/n8910073/AppData/Local/UnrealEngine/Common/DerivedDataCache/6/1/2/TEXTURE_75F87CE100B546AAB8A1C4132AF9DB17_AUTOATC_1D5A7C7042816FE316BA6282832C5__AF1D36492EAD0E58B3BF38B8A7A0C6685E2FA632.udd" 580
"C:/Users/n8910073/AppData/Local/UnrealEngine/Common/DerivedDataCache/7/8/5/TEXTURE_75F87CE100B546AAB8A1C4132AF9DB17_AUTOETC2_1D5A7C7042816FE316BA6282832C__3F637D30BA9C3AEDAC95FED672C34C6CC98A188C.udd" 581
"C:/Users/n8910073/AppData/Local/UnrealEngine/Common/DerivedDataCache/5/9/0/TEXTURE_75F87CE100B546AAB8A1C4132AF9DB17_AUTOETC1_1D5A7C7042816FE316BA6282832C__7E9B3D6B06405E47D680764BE9B1CAD82F3D14ED.udd" 582
"C:/Users/n8910073/AppData/Local/UnrealEngine/Common/DerivedDataCache/2/9/0/AUDIO_0002_0000_OGG_0001_D3C306984BAD9B89555F8990012BCA99.udd" 583
"../../../Engine/Content/EditorResources/EmptyActor.uasset" 584
"../../../Engine/Content/EditorResources/AudioIcons/S_AudioComponent_AutoActivate.uasset" 585
