Log file open, 05/21/15 11:34:41
LogInit:Display: Running engine for game: SpaceRace
LogInit: Version: 4.7.6-2513093+++depot+UE4-Releases+4.7
LogInit: API Version: 2455222
LogInit: Compiled (64-bit): Apr 15 2015 12:09:54
LogInit: Compiled with Visual C++: 18.00.21005.01
LogInit: Build Configuration: Development
LogInit: Branch Name: ++depot+UE4-Releases+4.7
LogInit: Command line: 
LogInit: Base directory: W:/Epic Games/4.7/Engine/Binaries/Win64/
LogInit: Rocket: 1
[2015.05.21-01.34.41:666][  0]LogTaskGraph: Started task graph with 3 named threads and 8 total threads.
[2015.05.21-01.34.41:735][  0]LogOnline:Warning: No default platform service specified for OnlineSubsystem
[2015.05.21-01.34.41:746][  0]LogInit: Presizing for 0 objects not considered by GC, pre-allocating 0 bytes.
[2015.05.21-01.34.41:754][  0]LogInit: Object subsystem initialized
[2015.05.21-01.34.41:756][  0]LogConsoleResponse:Warning: Skipping Unknown console variable: 'TranslucentSortAxis = (X=0.000000,Y=-1.000000,Z=0.000000)'
[2015.05.21-01.34.41:756][  0]LogConsoleResponse:Warning:   Found in ini file 'C:/Users/n8400962/Documents/GitHub/SpaceRace/Saved/Config/Windows/Engine.ini', in section '[/Script/Engine.RendererSettings]'
[2015.05.21-01.34.41:756][  0]LogConsoleResponse:Warning: Skipping Unknown console variable: 'UIScaleRule = ShortestSide'
[2015.05.21-01.34.41:756][  0]LogConsoleResponse:Warning:   Found in ini file 'C:/Users/n8400962/Documents/GitHub/SpaceRace/Saved/Config/Windows/Engine.ini', in section '[/Script/Engine.RendererSettings]'
[2015.05.21-01.34.41:756][  0]LogConsoleResponse:Warning: Skipping Unknown console variable: 'UIScaleCurve = (EditorCurveData=(Keys=),ExternalCurve=None)'
[2015.05.21-01.34.41:756][  0]LogConsoleResponse:Warning:   Found in ini file 'C:/Users/n8400962/Documents/GitHub/SpaceRace/Saved/Config/Windows/Engine.ini', in section '[/Script/Engine.RendererSettings]'
[2015.05.21-01.34.41:756][  0]LogInit: Selected Device Profile: [Windows]
[2015.05.21-01.34.41:756][  0]LogInit: Applying CVar settings loaded from the selected device profile: [Windows]
[2015.05.21-01.34.41:759][  0]LogInit: Computer: LAB-SEFS515-02
[2015.05.21-01.34.41:759][  0]LogInit: User: n8400962
[2015.05.21-01.34.41:759][  0]LogInit: CPU Page size=4096, Cores=6
[2015.05.21-01.34.41:759][  0]LogInit: High frequency timer resolution =3.222705 MHz
[2015.05.21-01.34.41:759][  0]LogMemory: Memory total: Physical=32.0GB (32GB approx) Virtual=8192.0GB
[2015.05.21-01.34.41:759][  0]LogMemory: Platform Memory Stats for Windows
[2015.05.21-01.34.41:759][  0]LogMemory: Process Physical Memory: 49.19 MB used, 49.19 MB peak
[2015.05.21-01.34.41:760][  0]LogMemory: Process Virtual Memory: 29.45 MB used, 29.45 MB peak
[2015.05.21-01.34.41:760][  0]LogMemory: Physical Memory: 4025.52 MB used, 32720.52 MB total
[2015.05.21-01.34.41:760][  0]LogMemory: Virtual Memory: 283.13 MB used, 8388608.00 MB total
[2015.05.21-01.34.41:782][  0]LogD3D11RHI: Found D3D11 adapter 0: NVIDIA GeForce GTX 680 (Feature Level 11_0)
[2015.05.21-01.34.41:782][  0]LogD3D11RHI: Adapter has 1990MB of dedicated video memory, 0MB of dedicated system memory, and 2048MB of shared system memory, 1 output[s]
[2015.05.21-01.34.41:782][  0]LogD3D11RHI: Chosen D3D11 Adapter Id = 0
[2015.05.21-01.34.41:786][  0]LogRHI: Texture pool is 1361 MB (70% of 1945 MB)
[2015.05.21-01.34.41:792][  0]LogD3D11RHI: Async texture creation enabled
[2015.05.21-01.34.41:840][  0]LogTextLocalizationManager: The requested culture ('en_AU') has no localization data; parent culture's ('en') localization data will be used.
[2015.05.21-01.34.41:890][  0]LogTextLocalizationManager:Warning: Loading localization resources contain conflicting entries for (Namespace:UICommands, Key:Save_ToolTip):
Resource: (W:/Epic Games/4.7/Engine/Content/Localization/Editor/en/Editor.locres) Hash: (-29098895) String: (Saves the current level to disk)
Resource: (W:/Epic Games/4.7/Engine/Content/Localization/Engine/en/Engine.locres) Hash: (-1280300587) String: (Save selected data to vlog file)
[2015.05.21-01.34.41:890][  0]LogTextLocalizationManager:Warning: Loading localization resources contain conflicting entries for (Namespace:ContentBrowser, Key:ImportAssetToolTip):
Resource: (W:/Epic Games/4.7/Engine/Content/Localization/Editor/en/Editor.locres) Hash: (-630476809) String: (Import to {0}...)
Resource: (W:/Epic Games/4.7/Engine/Content/Localization/Editor/en/Editor.locres) Hash: (1271782899) String: (Imports an asset from file to this folder.)
[2015.05.21-01.34.41:957][  0]LogContentStreaming: Texture pool size is 0.000000MB
[2015.05.21-01.34.43:920][  0]LogTargetPlatformManager:Display: Building Assets For Windows
[2015.05.21-01.34.44:328][  0]LogTargetPlatformManager:Display: Building Assets For Windows
[2015.05.21-01.34.44:379][  0]LogDerivedDataCache:Display: Max Cache Size: 512 MB
[2015.05.21-01.34.44:410][  0]LogDerivedDataCache: Loaded boot cache 0.03s 39MB C:/Users/n8400962/AppData/Local/UnrealEngine/4.7/DerivedDataCache/Boot.ddc.
[2015.05.21-01.34.44:410][  0]LogDerivedDataCache:Display: Loaded Boot cache: C:/Users/n8400962/AppData/Local/UnrealEngine/4.7/DerivedDataCache/Boot.ddc
[2015.05.21-01.34.44:410][  0]LogDerivedDataCache: FDerivedDataBackendGraph:  Pak pak cache file C:/Users/n8400962/Documents/GitHub/SpaceRace/DerivedDataCache/DDC.ddp not found, will not use a pak cache.
[2015.05.21-01.34.44:410][  0]LogDerivedDataCache: Unable to find inner node Pak for hierarchical cache Hierarchy.
[2015.05.21-01.34.44:519][  0]LogDerivedDataCache:Display: Pak cache opened for reading ../../../Engine/DerivedDataCache/Compressed.ddp.
[2015.05.21-01.34.44:530][  0]LogDerivedDataCache: Using Local data cache path C:/Users/n8400962/AppData/Local/UnrealEngine/Common/DerivedDataCache: Writable
[2015.05.21-01.34.44:788][  0]LogMeshUtilities: No automatic mesh reduction module available
[2015.05.21-01.34.44:788][  0]LogMeshUtilities: No automatic mesh merging module available
[2015.05.21-01.34.45:112][  0]LogInit: WinSock: version 1.1 (2.2), MaxSocks=32767, MaxUdp=65467
[2015.05.21-01.34.45:171][  0]LogSlate:Warning: Failed to load font data from '../../../Engine/Content/Slate/Fonts/Roboto-Italic.ttf'
[2015.05.21-01.34.45:804][  0]UdpMessaging: Initializing bridge on interface 0.0.0.0:0 to multicast group 230.0.0.1:6666.
[2015.05.21-01.34.45:972][  0]SourceControl: Info Source control is disabled
[2015.05.21-01.34.45:972][  0]SourceControl: Info Source control is disabled
[2015.05.21-01.34.45:972][  0]SourceControl: Info Source control is disabled
[2015.05.21-01.34.45:973][  0]LogSourceControl: RunCommandInternalRaw: 'git version'
[2015.05.21-01.34.45:973][  0]LogSourceControl: RunCommandInternalRaw: ExecProcess ReturnCode=2 OutResults=''
[2015.05.21-01.34.45:979][  0]SourceControl: Info Source control is disabled
[2015.05.21-01.34.46:120][  0]LogObj: 24236 objects as part of root set at end of initial load.
[2015.05.21-01.34.46:120][  0]LogUObjectAllocator: 5138800 out of 0 bytes used by permanent object pool.
[2015.05.21-01.34.46:188][  0]LogEngine: Initializing Engine...
[2015.05.21-01.34.49:324][  0]LogInit: XAudio2 using 'DELL S2340T-4 (NVIDIA High Definition Audio)' : 2 channels at 48 kHz using 16 bits per sample (channel mask 0x3)
[2015.05.21-01.34.49:338][  0]LogInit: FAudioDevice initialized.
[2015.05.21-01.34.49:367][  0]LogAIModule: Creating AISystem for world NewWorld
[2015.05.21-01.34.49:383][  0]LogDerivedDataCache: Saved boot cache 0.02s 39MB C:/Users/n8400962/AppData/Local/UnrealEngine/4.7/DerivedDataCache/Boot.ddc.
[2015.05.21-01.34.49:387][  0]LogInit: Texture streaming: Enabled
[2015.05.21-01.34.49:463][  0]LogAnalytics: Creating configured Analytics provider AnalyticsET
[2015.05.21-01.34.49:463][  0]LogAnalytics: ET APIKey = Rocket.Release. APIServer = http://et2.epicgames.com/ET2/. AppVersion = 4.7.6-2513093+++depot+UE4-Releases+4.7
[2015.05.21-01.34.49:463][  0]LogAnalytics: ET APIKey = Rocket.Release. DataRouterUploadURL = https://datarouter-public-service-gamedev.ol.epicgames.net/datarouter/api/v1/public/data. AppVersion = 4.7.6-2513093+++depot+UE4-Releases+4.7
[2015.05.21-01.34.49:463][  0]LogAnalytics: SetUserId ac3a28774ddc6aab31786bb8a1a45989||88cf9443-166a-43f7-9f17-b5321103ecb1
[2015.05.21-01.34.49:463][  0]LogAnalytics: AnalyticsET::StartSession [Rocket.Release]
[2015.05.21-01.34.49:477][  0]LogInit: Transaction tracking system initialized
[2015.05.21-01.34.49:606][  0]BlueprintLog: New page: Editor Load
[2015.05.21-01.34.49:634][  0]LogAssetRegistry: FAssetRegistry took 0.0092 seconds to start up
[2015.05.21-01.34.49:634][  0]LogDirectoryWatcher:Warning: Failed to begin reading directory changes for ../../../Engine/Plugins/Experimental/CharacterAI/Content/. Error: 0
[2015.05.21-01.34.50:061][  0]LogTargetPlatformManager:Display: Building Assets For Windows
[2015.05.21-01.34.50:358][  0]LogTargetPlatformManager:Display: Building Assets For Windows
[2015.05.21-01.34.50:555][  0]LogSlate:Warning: Failed to load font data from '../../../Engine/Content/Editor/Slate/Fonts/Roboto-Regular.ttf'
[2015.05.21-01.34.50:555][  0]LogSlate:Warning: Failed to load font data from '../../../Engine/Content/Editor/Slate/Fonts/Roboto-Bold.ttf'
[2015.05.21-01.34.50:559][  0]LogConsoleResponse:Display: 
[2015.05.21-01.34.50:683][  0]LogCook:Display: Done creating registry. It took  0.00s.
[2015.05.21-01.34.50:791][  0]SourceControl: Info Source control is disabled
[2015.05.21-01.34.50:792][  0]Cmd: MAP LOAD FILE="C:/Users/n8400962/Documents/GitHub/SpaceRace/Content/EndlessRunner/Maps/2DSideScrollerExampleMap.umap" TEMPLATE=0 SHOWPROGRESS=1 FEATURELEVEL=3
[2015.05.21-01.34.50:792][  0]LightingResults: New page: Lighting Build
[2015.05.21-01.34.50:801][  0]MapCheck: New page: Map Check
[2015.05.21-01.34.50:801][  0]LightingResults: New page: Lighting Build
[2015.05.21-01.34.50:806][  0]LogParticles: Destroying 0 GPU particle simulations for FXSystem 0x000000001149C5E0
[2015.05.21-01.34.53:340][  0]LogBlueprint:Error: [compiler] Error Found more than one function with the same name BndEvt__Small Pirate_K2Node_ComponentBoundEvent_91_ComponentHitSignature__DelegateSignature; second occurance at  OnComponentHit (Small Pirate) 
[2015.05.21-01.34.53:341][  0]LogBlueprint:Error: [compiler] Error Found more than one function with the same name BndEvt__Small Pirate_K2Node_ComponentBoundEvent_91_ComponentHitSignature__DelegateSignature; second occurance at  OnComponentHit (Small Pirate) 
[2015.05.21-01.34.53:362][  0]LogBlueprint:Warning: [compiler] Warning [0013.33] Compile of Wave5 failed. 2 Fatal Issue(s) 0 Warning(s) [in 71 ms]
[2015.05.21-01.34.53:363][  0]LogBlueprint:Warning: [compiler] Warning [0013.33] Compile of Wave5 failed. 2 Fatal Issue(s) 1 Warning(s) [in 0 ms]
[2015.05.21-01.34.53:363][  0]LogBlueprint:Warning: [compiler] Warning [0013.33] Compile of Wave5 failed. 2 Fatal Issue(s) 2 Warning(s) [in 0 ms]
[2015.05.21-01.34.53:363][  0]LogBlueprint:Warning: [compiler] Warning [0013.33] Compile of Wave5 failed. 2 Fatal Issue(s) 3 Warning(s) [in 0 ms]
[2015.05.21-01.34.59:483][  0]LogTexture:Display: Building textures: lazerv2_5G (AutoDXT)
[2015.05.21-01.34.59:731][  0]LogTexture:Display: Building textures: MUJIZ (AutoDXT)
[2015.05.21-01.35.02:257][  0]LogTexture:Display: Building textures: ne-1 (AutoDXT)
[2015.05.21-01.35.02:529][  0]LogTexture:Display: Building textures: ne-2 (AutoDXT)
[2015.05.21-01.35.02:888][  0]LogTexture:Display: Building textures: ne-3 (AutoDXT)
[2015.05.21-01.35.03:497][  0]LogTexture:Display: Building textures: ne-4 (AutoDXT)
[2015.05.21-01.35.04:822][  0]LogTexture:Display: Building textures: ne-5 (AutoDXT)
[2015.05.21-01.35.04:957][  0]LogTexture:Display: Building textures: ne-6 (AutoDXT)
[2015.05.21-01.35.05:069][  0]LogTexture:Display: Building textures: p01 (AutoDXT)
[2015.05.21-01.35.05:077][  0]LogTexture:Display: Building textures: p02 (AutoDXT)
[2015.05.21-01.35.05:084][  0]LogTexture:Display: Building textures: p03 (AutoDXT)
[2015.05.21-01.35.05:092][  0]LogTexture:Display: Building textures: p04 (AutoDXT)
[2015.05.21-01.35.05:101][  0]LogTexture:Display: Building textures: p05 (AutoDXT)
[2015.05.21-01.35.05:110][  0]LogTexture:Display: Building textures: p06 (AutoDXT)
[2015.05.21-01.35.05:121][  0]LogTexture:Display: Building textures: p07 (AutoDXT)
[2015.05.21-01.35.05:133][  0]LogTexture:Display: Building textures: p08 (AutoDXT)
[2015.05.21-01.35.05:145][  0]LogTexture:Display: Building textures: p09 (AutoDXT)
[2015.05.21-01.35.05:159][  0]LogTexture:Display: Building textures: p10 (AutoDXT)
[2015.05.21-01.35.05:174][  0]LogTexture:Display: Building textures: p11 (AutoDXT)
[2015.05.21-01.35.05:191][  0]LogTexture:Display: Building textures: p12 (AutoDXT)
[2015.05.21-01.35.05:208][  0]LogTexture:Display: Building textures: p13 (AutoDXT)
[2015.05.21-01.35.05:226][  0]LogTexture:Display: Building textures: p14 (AutoDXT)
[2015.05.21-01.35.05:245][  0]LogTexture:Display: Building textures: p15 (AutoDXT)
[2015.05.21-01.35.05:263][  0]LogTexture:Display: Building textures: p16 (AutoDXT)
[2015.05.21-01.35.05:283][  0]LogTexture:Display: Building textures: p17 (AutoDXT)
[2015.05.21-01.35.05:304][  0]LogTexture:Display: Building textures: p18 (AutoDXT)
[2015.05.21-01.35.05:325][  0]LogTexture:Display: Building textures: p19 (AutoDXT)
[2015.05.21-01.35.05:346][  0]LogTexture:Display: Building textures: p20 (AutoDXT)
[2015.05.21-01.35.05:366][  0]LogTexture:Display: Building textures: p21 (AutoDXT)
[2015.05.21-01.35.05:390][  0]LogTexture:Display: Building textures: p22 (AutoDXT)
[2015.05.21-01.35.05:412][  0]LogTexture:Display: Building textures: p23 (AutoDXT)
[2015.05.21-01.35.05:437][  0]LogTexture:Display: Building textures: p24 (AutoDXT)
[2015.05.21-01.35.05:463][  0]LogTexture:Display: Building textures: p25 (AutoDXT)
[2015.05.21-01.35.05:488][  0]LogTexture:Display: Building textures: p26 (AutoDXT)
[2015.05.21-01.35.05:514][  0]LogTexture:Display: Building textures: p27 (AutoDXT)
[2015.05.21-01.35.05:540][  0]LogTexture:Display: Building textures: p28 (AutoDXT)
[2015.05.21-01.35.05:567][  0]LogTexture:Display: Building textures: p29 (AutoDXT)
[2015.05.21-01.35.05:593][  0]LogTexture:Display: Building textures: p30 (AutoDXT)
[2015.05.21-01.35.05:619][  0]LogTexture:Display: Building textures: p31 (AutoDXT)
[2015.05.21-01.35.05:646][  0]LogTexture:Display: Building textures: p32 (AutoDXT)
[2015.05.21-01.35.05:674][  0]LogTexture:Display: Building textures: p33 (AutoDXT)
[2015.05.21-01.35.05:703][  0]LogTexture:Display: Building textures: p34 (AutoDXT)
[2015.05.21-01.35.05:734][  0]LogTexture:Display: Building textures: p35 (AutoDXT)
[2015.05.21-01.35.05:765][  0]LogTexture:Display: Building textures: p36 (AutoDXT)
[2015.05.21-01.35.05:796][  0]LogTexture:Display: Building textures: p37 (AutoDXT)
[2015.05.21-01.35.05:828][  0]LogTexture:Display: Building textures: p38 (AutoDXT)
[2015.05.21-01.35.05:861][  0]LogTexture:Display: Building textures: p39 (AutoDXT)
[2015.05.21-01.35.05:896][  0]LogTexture:Display: Building textures: p40 (AutoDXT)
[2015.05.21-01.35.05:931][  0]LogTexture:Display: Building textures: p41 (AutoDXT)
[2015.05.21-01.35.05:967][  0]LogTexture:Display: Building textures: p42 (AutoDXT)
[2015.05.21-01.35.06:004][  0]LogTexture:Display: Building textures: p43 (AutoDXT)
[2015.05.21-01.35.06:041][  0]LogTexture:Display: Building textures: p44 (AutoDXT)
[2015.05.21-01.35.06:079][  0]LogTexture:Display: Building textures: p45 (AutoDXT)
[2015.05.21-01.35.06:118][  0]LogTexture:Display: Building textures: p46 (AutoDXT)
[2015.05.21-01.35.06:157][  0]LogTexture:Display: Building textures: p47 (AutoDXT)
[2015.05.21-01.35.06:198][  0]LogTexture:Display: Building textures: p48 (AutoDXT)
[2015.05.21-01.35.06:240][  0]LogTexture:Display: Building textures: p49 (AutoDXT)
[2015.05.21-01.35.06:285][  0]LogTexture:Display: Building textures: p50 (AutoDXT)
[2015.05.21-01.35.06:329][  0]LogTexture:Display: Building textures: b16 (AutoDXT)
[2015.05.21-01.35.06:342][  0]LogTexture:Display: Building textures: b01 (AutoDXT)
[2015.05.21-01.35.06:346][  0]LogTexture:Display: Building textures: b02 (AutoDXT)
[2015.05.21-01.35.06:353][  0]LogTexture:Display: Building textures: b03 (AutoDXT)
[2015.05.21-01.35.06:360][  0]LogTexture:Display: Building textures: b04 (AutoDXT)
[2015.05.21-01.35.06:368][  0]LogTexture:Display: Building textures: b05 (AutoDXT)
[2015.05.21-01.35.06:378][  0]LogTexture:Display: Building textures: b06 (AutoDXT)
[2015.05.21-01.35.06:387][  0]LogTexture:Display: Building textures: b07 (AutoDXT)
[2015.05.21-01.35.06:397][  0]LogTexture:Display: Building textures: b08 (AutoDXT)
[2015.05.21-01.35.06:407][  0]LogTexture:Display: Building textures: b09 (AutoDXT)
[2015.05.21-01.35.06:417][  0]LogTexture:Display: Building textures: b10 (AutoDXT)
[2015.05.21-01.35.06:427][  0]LogTexture:Display: Building textures: b11 (AutoDXT)
[2015.05.21-01.35.06:437][  0]LogTexture:Display: Building textures: b12 (AutoDXT)
[2015.05.21-01.35.06:450][  0]LogTexture:Display: Building textures: b13 (AutoDXT)
[2015.05.21-01.35.06:462][  0]LogTexture:Display: Building textures: b14 (AutoDXT)
[2015.05.21-01.35.06:474][  0]LogTexture:Display: Building textures: b15 (AutoDXT)
[2015.05.21-01.35.06:487][  0]LogTexture:Display: Building textures: b31 (AutoDXT)
[2015.05.21-01.35.06:506][  0]LogTexture:Display: Building textures: b17 (AutoDXT)
[2015.05.21-01.35.06:519][  0]LogTexture:Display: Building textures: b18 (AutoDXT)
[2015.05.21-01.35.06:531][  0]LogTexture:Display: Building textures: b19 (AutoDXT)
[2015.05.21-01.35.06:544][  0]LogTexture:Display: Building textures: b20 (AutoDXT)
[2015.05.21-01.35.06:556][  0]LogTexture:Display: Building textures: b21 (AutoDXT)
[2015.05.21-01.35.06:570][  0]LogTexture:Display: Building textures: b22 (AutoDXT)
[2015.05.21-01.35.06:584][  0]LogTexture:Display: Building textures: b23 (AutoDXT)
[2015.05.21-01.35.06:599][  0]LogTexture:Display: Building textures: b24 (AutoDXT)
[2015.05.21-01.35.06:614][  0]LogTexture:Display: Building textures: b25 (AutoDXT)
[2015.05.21-01.35.06:630][  0]LogTexture:Display: Building textures: b26 (AutoDXT)
[2015.05.21-01.35.06:646][  0]LogTexture:Display: Building textures: b27 (AutoDXT)
[2015.05.21-01.35.06:662][  0]LogTexture:Display: Building textures: b28 (AutoDXT)
[2015.05.21-01.35.06:677][  0]LogTexture:Display: Building textures: b29 (AutoDXT)
[2015.05.21-01.35.06:694][  0]LogTexture:Display: Building textures: b30 (AutoDXT)
[2015.05.21-01.35.06:713][  0]LogTexture:Display: Building textures: b32 (AutoDXT)
[2015.05.21-01.35.06:732][  0]LogTexture:Display: Building textures: b33 (AutoDXT)
[2015.05.21-01.35.06:752][  0]LogTexture:Display: Building textures: b34 (AutoDXT)
[2015.05.21-01.35.06:774][  0]LogTexture:Display: Building textures: b35 (AutoDXT)
[2015.05.21-01.35.06:795][  0]LogTexture:Display: Building textures: b36 (AutoDXT)
[2015.05.21-01.35.06:816][  0]LogTexture:Display: Building textures: b37 (AutoDXT)
[2015.05.21-01.35.06:839][  0]LogTexture:Display: Building textures: b38 (AutoDXT)
[2015.05.21-01.35.06:863][  0]LogTexture:Display: Building textures: b39 (AutoDXT)
[2015.05.21-01.35.06:888][  0]LogTexture:Display: Building textures: b40 (AutoDXT)
[2015.05.21-01.35.06:914][  0]LogTexture:Display: Building textures: b41 (AutoDXT)
[2015.05.21-01.35.06:942][  0]LogTexture:Display: Building textures: b42 (AutoDXT)
[2015.05.21-01.35.06:970][  0]LogTexture:Display: Building textures: b43 (AutoDXT)
[2015.05.21-01.35.06:999][  0]LogTexture:Display: Building textures: b44 (AutoDXT)
[2015.05.21-01.35.07:028][  0]LogTexture:Display: Building textures: b45 (AutoDXT)
[2015.05.21-01.35.07:058][  0]LogTexture:Display: Building textures: b46 (AutoDXT)
[2015.05.21-01.35.07:090][  0]LogTexture:Display: Building textures: b47 (AutoDXT)
[2015.05.21-01.35.07:123][  0]LogTexture:Display: Building textures: b48 (AutoDXT)
[2015.05.21-01.35.07:157][  0]LogTexture:Display: Building textures: b49 (AutoDXT)
[2015.05.21-01.35.07:189][  0]LogTexture:Display: Building textures: b50 (AutoDXT)
[2015.05.21-01.35.07:238][  0]LogTexture:Display: Building textures: 1 (AutoDXT)
[2015.05.21-01.35.07:451][  0]LogTexture:Display: Building textures: 2 (AutoDXT)
[2015.05.21-01.35.07:633][  0]LogTexture:Display: Building textures: 3 (AutoDXT)
[2015.05.21-01.35.07:799][  0]LogAudioDerivedData:Display: Building compressed audio format OGG wave Explosion01...
[2015.05.21-01.35.07:962][  0]LogTexture:Display: Building textures: gem09 (AutoDXT)
[2015.05.21-01.35.08:705][  0]LogAudioDerivedData:Display: Building compressed audio format OGG wave coin-drop-1...
[2015.05.21-01.35.08:813][  0]LogTexture:Display: Building textures: gem01 (AutoDXT)
[2015.05.21-01.35.09:586][  0]LogTexture:Display: Building textures: gem02 (AutoDXT)
[2015.05.21-01.35.10:362][  0]LogTexture:Display: Building textures: gem03 (AutoDXT)
[2015.05.21-01.35.11:130][  0]LogTexture:Display: Building textures: gem04 (AutoDXT)
[2015.05.21-01.35.11:931][  0]LogTexture:Display: Building textures: gem05 (AutoDXT)
[2015.05.21-01.35.12:774][  0]LogTexture:Display: Building textures: gem06 (AutoDXT)
[2015.05.21-01.35.13:674][  0]LogTexture:Display: Building textures: gem07 (AutoDXT)
[2015.05.21-01.35.14:526][  0]LogTexture:Display: Building textures: gem08 (AutoDXT)
[2015.05.21-01.35.15:371][  0]LogTexture:Display: Building textures: gem10 (AutoDXT)
[2015.05.21-01.35.16:202][  0]LogTexture:Display: Building textures: gem11 (AutoDXT)
[2015.05.21-01.35.16:972][  0]LogTexture:Display: Building textures: gem12 (AutoDXT)
[2015.05.21-01.35.17:743][  0]LogTexture:Display: Building textures: gem13 (AutoDXT)
[2015.05.21-01.35.18:537][  0]LogTexture:Display: Building textures: MAP5_ver_2 (AutoDXT)
[2015.05.21-01.35.18:898][  0]LogTexture:Display: Building textures: asteroid2 (AutoDXT)
[2015.05.21-01.35.18:925][  0]LogTexture:Display: Building textures: Exit_not_pressed_fw (BGRA8)
[2015.05.21-01.35.18:936][  0]LogTexture:Display: Building textures: Exit_if_pressed_fw (BGRA8)
[2015.05.21-01.35.18:945][  0]LogTexture:Display: Building textures: Resume_if_pressed_fw (BGRA8)
[2015.05.21-01.35.18:954][  0]LogTexture:Display: Building textures: Resume_not_pressed_fw (BGRA8)
[2015.05.21-01.35.18:965][  0]LogTexture:Display: Building textures: Pause_button_if_pushed_fw (BGRA8)
[2015.05.21-01.35.19:032][  0]LogTexture:Display: Building textures: 2nd_layer_Space (AutoDXT)
[2015.05.21-01.35.19:815][  0]LogTexture:Display: Building textures: asteroid2 (AutoDXT)
[2015.05.21-01.35.19:860][  0]LogTexture:Display: Building textures: e3 (AutoDXT)
[2015.05.21-01.35.19:966][  0]LogTexture:Display: Building textures: e1 (AutoDXT)
[2015.05.21-01.35.20:062][  0]LogTexture:Display: Building textures: e2 (AutoDXT)
[2015.05.21-01.35.20:162][  0]LogTexture:Display: Building textures: e4 (AutoDXT)
[2015.05.21-01.35.20:371][  0]LogTexture:Display: Building textures: e5 (AutoDXT)
[2015.05.21-01.35.20:492][  0]LogTexture:Display: Building textures: zago1 (AutoDXT)
[2015.05.21-01.35.21:817][  0]LogTexture:Display: Building textures: HALLELUJAH (AutoDXT)
[2015.05.21-01.35.24:326][  0]LogTexture:Display: Building textures: zago2 (AutoDXT)
[2015.05.21-01.35.25:758][  0]LogTexture:Display: Building textures: STEELISH (AutoDXT)
[2015.05.21-01.35.27:001][  0]LogTexture:Display: Building textures: asteroid1 (AutoDXT)
[2015.05.21-01.35.27:101][  0]LogTexture:Display: Building textures: zago1 (AutoDXT)
[2015.05.21-01.35.28:672][  0]LogTexture:Display: Building textures: e6 (AutoDXT)
[2015.05.21-01.35.28:767][  0]LogTexture:Display: Building textures: comet1 (AutoDXT)
[2015.05.21-01.35.28:803][  0]LogTexture:Display: Building textures: comet2 (AutoDXT)
[2015.05.21-01.35.28:847][  0]LogTexture:Display: Building textures: comet3 (AutoDXT)
[2015.05.21-01.35.28:961][  0]LogTexture:Display: Building textures: prediction_line1 (AutoDXT)
[2015.05.21-01.35.29:370][  0]LogTexture:Display: Building textures: prediction_line2 (AutoDXT)
[2015.05.21-01.35.30:031][  0]LogEditorServer: Finished looking for orphan Actors (0.000 secs)
[2015.05.21-01.35.30:031][  0]LogAIModule: Creating AISystem for world 2DSideScrollerExampleMap
[2015.05.21-01.35.30:043][  0]Cmd: MAP CHECKDEP
[2015.05.21-01.35.30:043][  0]MapCheck: New page: 2DSideScrollerExampleMap - 21 May 2015 9:35:30 pm
[2015.05.21-01.35.30:524][  0]MapCheck:Warning: Warning Sprite0 PaperFlipbookComponent /Game/EndlessRunner/Maps/2DSideScrollerExampleMap.2DSideScrollerExampleMap:PersistentLevel.ShipCharacter_C_0.Sprite0 : Externally referenced 
[2015.05.21-01.35.30:524][  0]MapCheck:Warning: Warning PaperFlipbook1 PaperFlipbookComponent /Game/EndlessRunner/Maps/2DSideScrollerExampleMap.2DSideScrollerExampleMap:PersistentLevel.ShipCharacter_C_0.PaperFlipbook1 : Externally referenced 
[2015.05.21-01.35.30:524][  0]MapCheck:Warning: Warning PaperFlipbook2 PaperFlipbookComponent /Game/EndlessRunner/Maps/2DSideScrollerExampleMap.2DSideScrollerExampleMap:PersistentLevel.ShipCharacter_C_0.PaperFlipbook2 : Externally referenced 
[2015.05.21-01.35.30:524][  0]MapCheck:Warning: Warning PaperFlipbook PaperFlipbookComponent /Game/EndlessRunner/Maps/2DSideScrollerExampleMap.2DSideScrollerExampleMap:PersistentLevel.ShipCharacter_C_0.PaperFlipbook : Externally referenced 
[2015.05.21-01.35.30:524][  0]MapCheck:Warning: Warning PaperFlipbook PaperFlipbookComponent /Game/EndlessRunner/Maps/2DSideScrollerExampleMap.2DSideScrollerExampleMap:PersistentLevel.BP_Coin_C_2199.PaperFlipbook : Externally referenced 
[2015.05.21-01.35.30:524][  0]MapCheck:Warning: Warning PaperFlipbook PaperFlipbookComponent /Game/EndlessRunner/Maps/2DSideScrollerExampleMap.2DSideScrollerExampleMap:PersistentLevel.BP_Coin_C_2200.PaperFlipbook : Externally referenced 
[2015.05.21-01.35.30:524][  0]MapCheck:Warning: Warning PaperFlipbook PaperFlipbookComponent /Game/EndlessRunner/Maps/2DSideScrollerExampleMap.2DSideScrollerExampleMap:PersistentLevel.BP_Coin_C_2201.PaperFlipbook : Externally referenced 
[2015.05.21-01.35.30:524][  0]MapCheck:Warning: Warning PaperFlipbook PaperFlipbookComponent /Game/EndlessRunner/Maps/2DSideScrollerExampleMap.2DSideScrollerExampleMap:PersistentLevel.BP_Coin_C_2202.PaperFlipbook : Externally referenced 
[2015.05.21-01.35.30:524][  0]MapCheck:Warning: Warning PaperFlipbook PaperFlipbookComponent /Game/EndlessRunner/Maps/2DSideScrollerExampleMap.2DSideScrollerExampleMap:PersistentLevel.BP_Coin_C_2203.PaperFlipbook : Externally referenced 
[2015.05.21-01.35.30:525][  0]MapCheck:Warning: Warning PaperFlipbook PaperFlipbookComponent /Game/EndlessRunner/Maps/2DSideScrollerExampleMap.2DSideScrollerExampleMap:PersistentLevel.BP_Coin_C_2204.PaperFlipbook : Externally referenced 
[2015.05.21-01.35.30:525][  0]MapCheck:Warning: Warning PaperFlipbook PaperFlipbookComponent /Game/EndlessRunner/Maps/2DSideScrollerExampleMap.2DSideScrollerExampleMap:PersistentLevel.BP_Coin_C_2205.PaperFlipbook : Externally referenced 
[2015.05.21-01.35.30:525][  0]MapCheck:Warning: Warning PaperFlipbook PaperFlipbookComponent /Game/EndlessRunner/Maps/2DSideScrollerExampleMap.2DSideScrollerExampleMap:PersistentLevel.BP_Coin_C_2206.PaperFlipbook : Externally referenced 
[2015.05.21-01.35.30:525][  0]MapCheck:Warning: Warning PaperFlipbook PaperFlipbookComponent /Game/EndlessRunner/Maps/2DSideScrollerExampleMap.2DSideScrollerExampleMap:PersistentLevel.BP_Coin_C_2207.PaperFlipbook : Externally referenced 
[2015.05.21-01.35.30:525][  0]MapCheck:Warning: Warning PaperFlipbook PaperFlipbookComponent /Game/EndlessRunner/Maps/2DSideScrollerExampleMap.2DSideScrollerExampleMap:PersistentLevel.BP_Coin_C_2208.PaperFlipbook : Externally referenced 
[2015.05.21-01.35.30:525][  0]MapCheck:Warning: Warning PaperFlipbook PaperFlipbookComponent /Game/EndlessRunner/Maps/2DSideScrollerExampleMap.2DSideScrollerExampleMap:PersistentLevel.BP_Coin_C_2209.PaperFlipbook : Externally referenced 
[2015.05.21-01.35.30:525][  0]MapCheck:Warning: Warning PaperFlipbook PaperFlipbookComponent /Game/EndlessRunner/Maps/2DSideScrollerExampleMap.2DSideScrollerExampleMap:PersistentLevel.BP_Coin_C_1023.PaperFlipbook : Externally referenced 
[2015.05.21-01.35.30:525][  0]MapCheck:Warning: Warning PaperFlipbook PaperFlipbookComponent /Game/EndlessRunner/Maps/2DSideScrollerExampleMap.2DSideScrollerExampleMap:PersistentLevel.BP_Coin_C_1024.PaperFlipbook : Externally referenced 
[2015.05.21-01.35.30:525][  0]MapCheck:Warning: Warning PaperFlipbook PaperFlipbookComponent /Game/EndlessRunner/Maps/2DSideScrollerExampleMap.2DSideScrollerExampleMap:PersistentLevel.BP_Coin_C_1025.PaperFlipbook : Externally referenced 
[2015.05.21-01.35.30:525][  0]MapCheck:Warning: Warning PaperFlipbook PaperFlipbookComponent /Game/EndlessRunner/Maps/2DSideScrollerExampleMap.2DSideScrollerExampleMap:PersistentLevel.BP_Coin_C_1026.PaperFlipbook : Externally referenced 
[2015.05.21-01.35.30:525][  0]MapCheck:Warning: Warning PaperFlipbook PaperFlipbookComponent /Game/EndlessRunner/Maps/2DSideScrollerExampleMap.2DSideScrollerExampleMap:PersistentLevel.BP_Coin_C_1027.PaperFlipbook : Externally referenced 
[2015.05.21-01.35.30:526][  0]MapCheck:Warning: Warning PaperFlipbook PaperFlipbookComponent /Game/EndlessRunner/Maps/2DSideScrollerExampleMap.2DSideScrollerExampleMap:PersistentLevel.BP_Coin_C_1028.PaperFlipbook : Externally referenced 
[2015.05.21-01.35.30:526][  0]MapCheck:Warning: Warning PaperFlipbook PaperFlipbookComponent /Game/EndlessRunner/Maps/2DSideScrollerExampleMap.2DSideScrollerExampleMap:PersistentLevel.BP_Coin_C_1029.PaperFlipbook : Externally referenced 
[2015.05.21-01.35.30:526][  0]MapCheck:Warning: Warning PaperFlipbook PaperFlipbookComponent /Game/EndlessRunner/Maps/2DSideScrollerExampleMap.2DSideScrollerExampleMap:PersistentLevel.BP_Coin_C_1030.PaperFlipbook : Externally referenced 
[2015.05.21-01.35.30:526][  0]MapCheck:Warning: Warning PaperFlipbook PaperFlipbookComponent /Game/EndlessRunner/Maps/2DSideScrollerExampleMap.2DSideScrollerExampleMap:PersistentLevel.BP_Coin_C_1031.PaperFlipbook : Externally referenced 
[2015.05.21-01.35.30:526][  0]MapCheck:Warning: Warning PaperFlipbook PaperFlipbookComponent /Game/EndlessRunner/Maps/2DSideScrollerExampleMap.2DSideScrollerExampleMap:PersistentLevel.BP_Coin_C_1032.PaperFlipbook : Externally referenced 
[2015.05.21-01.35.30:526][  0]MapCheck:Warning: Warning PaperFlipbook PaperFlipbookComponent /Game/EndlessRunner/Maps/2DSideScrollerExampleMap.2DSideScrollerExampleMap:PersistentLevel.BP_Coin_C_1033.PaperFlipbook : Externally referenced 
[2015.05.21-01.35.30:526][  0]MapCheck:Warning: Warning PaperFlipbook PaperFlipbookComponent /Game/EndlessRunner/Maps/2DSideScrollerExampleMap.2DSideScrollerExampleMap:PersistentLevel.BP_Coin3_127.PaperFlipbook : Externally referenced 
[2015.05.21-01.35.30:526][  0]MapCheck:Warning: Warning PaperFlipbook PaperFlipbookComponent /Game/EndlessRunner/Maps/2DSideScrollerExampleMap.2DSideScrollerExampleMap:PersistentLevel.BP_Coin4_258.PaperFlipbook : Externally referenced 
[2015.05.21-01.35.30:526][  0]MapCheck:Warning: Warning PaperFlipbook PaperFlipbookComponent /Game/EndlessRunner/Maps/2DSideScrollerExampleMap.2DSideScrollerExampleMap:PersistentLevel.BP_Coin5_377.PaperFlipbook : Externally referenced 
[2015.05.21-01.35.30:526][  0]MapCheck:Warning: Warning PaperFlipbook PaperFlipbookComponent /Game/EndlessRunner/Maps/2DSideScrollerExampleMap.2DSideScrollerExampleMap:PersistentLevel.BP_Coin6_576.PaperFlipbook : Externally referenced 
[2015.05.21-01.35.30:526][  0]MapCheck:Warning: Warning PaperFlipbook PaperFlipbookComponent /Game/EndlessRunner/Maps/2DSideScrollerExampleMap.2DSideScrollerExampleMap:PersistentLevel.BP_Coin7_707.PaperFlipbook : Externally referenced 
[2015.05.21-01.35.30:527][  0]MapCheck:Warning: Warning PaperFlipbook PaperFlipbookComponent /Game/EndlessRunner/Maps/2DSideScrollerExampleMap.2DSideScrollerExampleMap:PersistentLevel.BP_Coin8_846.PaperFlipbook : Externally referenced 
[2015.05.21-01.35.30:527][  0]MapCheck:Warning: Warning PaperFlipbook PaperFlipbookComponent /Game/EndlessRunner/Maps/2DSideScrollerExampleMap.2DSideScrollerExampleMap:PersistentLevel.BP_Coin9_961.PaperFlipbook : Externally referenced 
[2015.05.21-01.35.30:527][  0]MapCheck:Warning: Warning PaperFlipbook PaperFlipbookComponent /Game/EndlessRunner/Maps/2DSideScrollerExampleMap.2DSideScrollerExampleMap:PersistentLevel.BP_Coin10_1092.PaperFlipbook : Externally referenced 
[2015.05.21-01.35.30:527][  0]MapCheck:Warning: Warning PaperFlipbook PaperFlipbookComponent /Game/EndlessRunner/Maps/2DSideScrollerExampleMap.2DSideScrollerExampleMap:PersistentLevel.BP_Coin11_1239.PaperFlipbook : Externally referenced 
[2015.05.21-01.35.30:527][  0]MapCheck:Warning: Warning PaperFlipbook PaperFlipbookComponent /Game/EndlessRunner/Maps/2DSideScrollerExampleMap.2DSideScrollerExampleMap:PersistentLevel.BP_Coin12_1430.PaperFlipbook : Externally referenced 
[2015.05.21-01.35.30:527][  0]MapCheck:Warning: Warning PaperFlipbook PaperFlipbookComponent /Game/EndlessRunner/Maps/2DSideScrollerExampleMap.2DSideScrollerExampleMap:PersistentLevel.BP_Coin_C_550.PaperFlipbook : Externally referenced 
[2015.05.21-01.35.30:527][  0]MapCheck:Warning: Warning PaperFlipbook PaperFlipbookComponent /Game/EndlessRunner/Maps/2DSideScrollerExampleMap.2DSideScrollerExampleMap:PersistentLevel.BP_Coin_C_551.PaperFlipbook : Externally referenced 
[2015.05.21-01.35.30:527][  0]MapCheck:Warning: Warning PaperFlipbook PaperFlipbookComponent /Game/EndlessRunner/Maps/2DSideScrollerExampleMap.2DSideScrollerExampleMap:PersistentLevel.BP_Coin_C_552.PaperFlipbook : Externally referenced 
[2015.05.21-01.35.30:527][  0]MapCheck:Warning: Warning PaperFlipbook PaperFlipbookComponent /Game/EndlessRunner/Maps/2DSideScrollerExampleMap.2DSideScrollerExampleMap:PersistentLevel.BP_Coin_C_553.PaperFlipbook : Externally referenced 
[2015.05.21-01.35.30:527][  0]MapCheck:Warning: Warning PaperFlipbook PaperFlipbookComponent /Game/EndlessRunner/Maps/2DSideScrollerExampleMap.2DSideScrollerExampleMap:PersistentLevel.BP_Coin_C_554.PaperFlipbook : Externally referenced 
[2015.05.21-01.35.30:527][  0]MapCheck:Warning: Warning PaperFlipbook PaperFlipbookComponent /Game/EndlessRunner/Maps/2DSideScrollerExampleMap.2DSideScrollerExampleMap:PersistentLevel.BP_Coin_C_555.PaperFlipbook : Externally referenced 
[2015.05.21-01.35.30:528][  0]MapCheck:Warning: Warning PaperFlipbook PaperFlipbookComponent /Game/EndlessRunner/Maps/2DSideScrollerExampleMap.2DSideScrollerExampleMap:PersistentLevel.BP_Coin_C_556.PaperFlipbook : Externally referenced 
[2015.05.21-01.35.30:528][  0]MapCheck:Warning: Warning PaperFlipbook PaperFlipbookComponent /Game/EndlessRunner/Maps/2DSideScrollerExampleMap.2DSideScrollerExampleMap:PersistentLevel.BP_Coin_C_557.PaperFlipbook : Externally referenced 
[2015.05.21-01.35.30:528][  0]MapCheck:Warning: Warning PaperFlipbook PaperFlipbookComponent /Game/EndlessRunner/Maps/2DSideScrollerExampleMap.2DSideScrollerExampleMap:PersistentLevel.BP_Coin_C_558.PaperFlipbook : Externally referenced 
[2015.05.21-01.35.30:528][  0]MapCheck:Warning: Warning PaperFlipbook PaperFlipbookComponent /Game/EndlessRunner/Maps/2DSideScrollerExampleMap.2DSideScrollerExampleMap:PersistentLevel.BP_Coin_C_559.PaperFlipbook : Externally referenced 
[2015.05.21-01.35.30:528][  0]MapCheck:Warning: Warning PaperFlipbook PaperFlipbookComponent /Game/EndlessRunner/Maps/2DSideScrollerExampleMap.2DSideScrollerExampleMap:PersistentLevel.BP_Coin_C_560.PaperFlipbook : Externally referenced 
[2015.05.21-01.35.30:528][  0]MapCheck:Warning: Warning PaperSprite PaperSpriteComponent /Game/EndlessRunner/Maps/2DSideScrollerExampleMap.2DSideScrollerExampleMap:PersistentLevel.BP_StartLevel_416.PaperSprite : Externally referenced 
[2015.05.21-01.35.30:528][  0]MapCheck:Warning: Warning PaperSprite PaperSpriteComponent /Game/EndlessRunner/Maps/2DSideScrollerExampleMap.2DSideScrollerExampleMap:PersistentLevel.BP_MidLevel_263.PaperSprite : Externally referenced 
[2015.05.21-01.35.30:528][  0]MapCheck:Warning: Warning PaperSprite PaperSpriteComponent /Game/EndlessRunner/Maps/2DSideScrollerExampleMap.2DSideScrollerExampleMap:PersistentLevel.LargeAsteroid_114.PaperSprite : Externally referenced 
[2015.05.21-01.35.30:528][  0]MapCheck:Warning: Warning RightEdge PaperSpriteComponent /Game/EndlessRunner/Maps/2DSideScrollerExampleMap.2DSideScrollerExampleMap:PersistentLevel.Gameplay_Screen_C_1.RightEdge : Externally referenced 
[2015.05.21-01.35.30:528][  0]MapCheck:Warning: Warning LeftEdge PaperSpriteComponent /Game/EndlessRunner/Maps/2DSideScrollerExampleMap.2DSideScrollerExampleMap:PersistentLevel.Gameplay_Screen_C_1.LeftEdge : Externally referenced 
[2015.05.21-01.35.30:528][  0]MapCheck:Warning: Warning TopEdge PaperSpriteComponent /Game/EndlessRunner/Maps/2DSideScrollerExampleMap.2DSideScrollerExampleMap:PersistentLevel.Gameplay_Screen_C_1.TopEdge : Externally referenced 
[2015.05.21-01.35.30:529][  0]MapCheck:Warning: Warning BottomEdge PaperSpriteComponent /Game/EndlessRunner/Maps/2DSideScrollerExampleMap.2DSideScrollerExampleMap:PersistentLevel.Gameplay_Screen_C_1.BottomEdge : Externally referenced 
[2015.05.21-01.35.30:529][  0]MapCheck: Info Map check complete: 0 Error(s), 54 Warning(s), took 485.447ms to complete.
[2015.05.21-01.35.30:574][  0]LogFileHelpers: Loading map '2DSideScrollerExampleMap' took 39.780
[2015.05.21-01.35.31:133][  0]LogCollectionManager: Loaded 0 collections in 0.001303 seconds
[2015.05.21-01.35.31:143][  0]LogContentBrowser: Native class hierarchy populated in 0.0098 seconds. Added 1697 classes and 263 folders.
[2015.05.21-01.35.31:335][  0]LogContentBrowser: Native class hierarchy updated for 'SceneOutliner' in 0.0025 seconds. Added 1 classes and 2 folders.
[2015.05.21-01.35.31:716][  0]LogCrashTracker: Crashtracker disabled due to settings.
[2015.05.21-01.35.31:752][  0]LogSlate:Warning: Failed to load font data from 'Veranda'
[2015.05.21-01.35.31:853][  0]LogLoad: Full Startup: 51.81 seconds (BP compile: 4.50 seconds)
[2015.05.21-01.35.31:887][  0]LogContentBrowser:Verbose: The content browser source was changed by the sources view to '/Game/EndlessRunner/Blueprints'
[2015.05.21-01.35.32:305][  0]LogRenderer:Warning: Reallocating scene render targets to support 1208x576 (Frame:2).
[2015.05.21-01.35.33:076][  6]LogAssetRegistry: Asset discovery search completed in 43.4496 seconds
[2015.05.21-01.36.02:860][544]LogPlayLevel: PIE:  No blueprints needed recompiling
[2015.05.21-01.40.30:039][147]BlueprintLog: New page: Compile Wave5
[2015.05.21-01.40.30:103][147]LogBlueprint:Error: [compiler] Error Found more than one function with the same name BndEvt__Small Pirate_K2Node_ComponentBoundEvent_91_ComponentHitSignature__DelegateSignature; second occurance at  OnComponentHit (Small Pirate) 
[2015.05.21-01.40.30:104][147]LogBlueprint:Error: [compiler] Error Found more than one function with the same name BndEvt__Small Pirate_K2Node_ComponentBoundEvent_91_ComponentHitSignature__DelegateSignature; second occurance at  OnComponentHit (Small Pirate) 
[2015.05.21-01.40.30:508][147]LogBlueprint:Warning: [compiler] Warning [0350.45] Compile of Wave5 failed. 2 Fatal Issue(s) 0 Warning(s) [in 468 ms]
[2015.05.21-01.40.30:508][147]BlueprintEditorCompileResults:Error: Error Found more than one function with the same name BndEvt__Small Pirate_K2Node_ComponentBoundEvent_91_ComponentHitSignature__DelegateSignature; second occurance at  OnComponentHit (Small Pirate) 
[2015.05.21-01.40.30:508][147]BlueprintEditorCompileResults:Error: Error Found more than one function with the same name BndEvt__Small Pirate_K2Node_ComponentBoundEvent_91_ComponentHitSignature__DelegateSignature; second occurance at  OnComponentHit (Small Pirate) 
[2015.05.21-01.40.30:508][147]BlueprintEditorCompileResults:Warning: Warning [0350.45] Compile of Wave5 failed. 2 Fatal Issue(s) 0 Warning(s) [in 468 ms]
[2015.05.21-01.40.45:265][853]LogRenderer:Warning: Reallocating scene render targets to support 1288x712 (Frame:1952).
[2015.05.21-01.41.29:035][840]BlueprintLog: New page: Compile Wave5
[2015.05.21-01.41.29:224][840]BlueprintEditorCompileResults: Info [0409.16] Compile of Wave5 successful! [in 188 ms]
[2015.05.21-01.41.32:972][257]Cmd: OBJ SAVEPACKAGE PACKAGE="/Game/EndlessRunner/Blueprints/Wave5" FILE="C:/Users/n8400962/Documents/GitHub/SpaceRace/Content/EndlessRunner/Blueprints/Wave5.uasset" SILENT=true
[2015.05.21-01.41.33:530][257]LogSavePackage: Save=521.318298ms
[2015.05.21-01.41.33:530][257]LogSavePackage: Moving 'C:/Users/n8400962/Documents/GitHub/SpaceRace/Saved/Wave547A14576406FE6AA88BAC48CD8317589.tmp' to 'C:/Users/n8400962/Documents/GitHub/SpaceRace/Content/EndlessRunner/Blueprints/Wave5.uasset'
[2015.05.21-01.42.14:454][101]Cmd: OBJ SAVEPACKAGE PACKAGE="/Game/EndlessRunner/Blueprints/Wave5" FILE="C:/Users/n8400962/Documents/GitHub/SpaceRace/Content/EndlessRunner/Blueprints/Wave5.uasset" SILENT=true
[2015.05.21-01.42.14:623][101]LogSavePackage: Save=133.687378ms
[2015.05.21-01.42.14:623][101]LogSavePackage: Moving 'C:/Users/n8400962/Documents/GitHub/SpaceRace/Saved/Wave59CB04FEB41808CC7B810B1BC24EB3616.tmp' to 'C:/Users/n8400962/Documents/GitHub/SpaceRace/Content/EndlessRunner/Blueprints/Wave5.uasset'
[2015.05.21-01.42.28:421][738]BlueprintLog: New page: Pre-PIE auto-recompile
[2015.05.21-01.42.28:428][738]LogPlayLevel: [PIE] Compiling Wave11 before PIE...
[2015.05.21-01.42.28:540][738]LogPlayLevel: [PIE] Compiling Wave3 before PIE...
[2015.05.21-01.42.28:712][738]LogPlayLevel: [PIE] Compiling Wave7 before PIE...
[2015.05.21-01.42.28:836][738]LogPlayLevel: [PIE] Compiling Wave13 before PIE...
[2015.05.21-01.42.28:929][738]LogPlayLevel: [PIE] Compiling Wave17 before PIE...
[2015.05.21-01.42.29:012][738]LogPlayLevel: [PIE] Compiling Wave23 before PIE...
[2015.05.21-01.42.29:108][738]LogPlayLevel: [PIE] Compiling Wave9 before PIE...
[2015.05.21-01.42.29:211][738]LogPlayLevel: [PIE] Compiling SpawnControl before PIE...
[2015.05.21-01.42.29:409][738]LogPlayLevel: [PIE] Compiling Wave15 before PIE...
[2015.05.21-01.42.29:523][738]LogPlayLevel: [PIE] Compiling Wave29 before PIE...
[2015.05.21-01.42.29:622][738]LogPlayLevel: [PIE] Compiling Wave19 before PIE...
[2015.05.21-01.42.29:715][738]LogPlayLevel: [PIE] Compiling Wave21 before PIE...
[2015.05.21-01.42.29:804][738]LogPlayLevel: [PIE] Compiling Wave25 before PIE...
[2015.05.21-01.42.29:874][738]LogPlayLevel: [PIE] Compiling Wave27 before PIE...
[2015.05.21-01.42.29:966][738]LogPlayLevel: [PIE] Compiling Wave4 before PIE...
[2015.05.21-01.42.30:154][738]LogPlayLevel: PIE:  Blueprint regeneration took 1731 ms (15 blueprints)
[2015.05.21-01.42.30:154][738]PIE: New page: PIE session: 2DSideScrollerExampleMap (21 May 2015 9:42:30 pm)
[2015.05.21-01.42.30:160][738]LogPlayLevel: PIE: StaticDuplicateObject took: (0.005632s)
[2015.05.21-01.42.30:160][738]LogPlayLevel: PIE: World Init took: (0.000497s)
[2015.05.21-01.42.30:161][738]LogPlayLevel: PIE: Created PIE world by copying editor world from /Game/EndlessRunner/Maps/2DSideScrollerExampleMap.2DSideScrollerExampleMap to /Game/EndlessRunner/Maps/UEDPIE_0_2DSideScrollerExampleMap.2DSideScrollerExampleMap (0.006315s)
[2015.05.21-01.42.30:230][738]LogWorld: Game class is 'RunGameMode_C'
[2015.05.21-01.42.30:324][738]LogAIModule: Creating AISystem for world 2DSideScrollerExampleMap
[2015.05.21-01.42.30:332][738]LogWorld: Bringing World /Game/EndlessRunner/Maps/UEDPIE_0_2DSideScrollerExampleMap.2DSideScrollerExampleMap up for play (max tick rate 0) at 2015.05.21-11.42.30
[2015.05.21-01.42.30:357][738]LogWorld: Bringing up level for play took: 0.032536
[2015.05.21-01.42.30:434][738]PIE: Info Play in editor start time for /Game/EndlessRunner/Maps/UEDPIE_0_2DSideScrollerExampleMap 1.825
[2015.05.21-01.42.30:497][738]LogRenderer:Warning: Reallocating scene render targets to support 1296x760 (Frame:2940).
[2015.05.21-01.42.40:120][888]LogBlueprintUserMessages: Hello
[2015.05.21-01.42.41:619][ 59]Cmd: RestartLevel
[2015.05.21-01.42.41:714][ 59]LogPackageName: SearchForPackageOnDisk took   0.056s to resolve GameOver.umap
[2015.05.21-01.42.41:777][ 60]LogPackageName: SearchForPackageOnDisk took   0.055s to resolve GameOver.umap
[2015.05.21-01.42.41:778][ 60]LogNet: Browse: /Game/EndlessRunner/Maps/GameOver
[2015.05.21-01.42.41:778][ 60]LogLoad: LoadMap: /Game/EndlessRunner/Maps/GameOver
[2015.05.21-01.42.41:830][ 60]LogParticles: Destroying 0 GPU particle simulations for FXSystem 0x000000001CDF3060
[2015.05.21-01.42.41:830][ 60]Cmd: MEM
[2015.05.21-01.42.41:864][ 60]LogMemory: Platform Memory Stats for Windows
[2015.05.21-01.42.41:864][ 60]LogMemory: Process Physical Memory: 865.96 MB used, 866.21 MB peak
[2015.05.21-01.42.41:864][ 60]LogMemory: Process Virtual Memory: 771.08 MB used, 771.08 MB peak
[2015.05.21-01.42.41:864][ 60]LogMemory: Physical Memory: 4477.44 MB used, 32720.52 MB total
[2015.05.21-01.42.41:865][ 60]LogMemory: Virtual Memory: 1284.53 MB used, 8388608.00 MB total
[2015.05.21-01.42.41:865][ 60]LogMemory: 
[2015.05.21-01.42.41:865][ 60]Allocator Stats for TBB: (not implemented)
[2015.05.21-01.42.42:065][ 60]LogTexture:Display: Building textures: temp-gameoverbg (AutoDXT)
[2015.05.21-01.42.44:089][ 60]LogTexture:Display: Building textures: Endless_mode_not_pressed (AutoDXT)
[2015.05.21-01.42.44:149][ 60]LogTexture:Display: Building textures: Customize_BACK_if_PRESSED (BGRA8)
[2015.05.21-01.42.44:152][ 60]LogTexture:Display: Building textures: Endless_mode_if_pressed (AutoDXT)
[2015.05.21-01.42.44:209][ 60]LogTexture:Display: Building textures: Customize_BACK_NOT_PRESSED (BGRA8)
[2015.05.21-01.42.44:235][ 60]LogTexture:Display: Building textures: Game_Over (AutoDXT)
[2015.05.21-01.42.45:360][ 60]LogWorld: Game class is 'GameMode'
[2015.05.21-01.42.45:362][ 60]LogAIModule: Creating AISystem for world GameOver
[2015.05.21-01.42.45:363][ 60]LogWorld: Bringing World /Game/EndlessRunner/Maps/UEDPIE_0_GameOver.GameOver up for play (max tick rate 0) at 2015.05.21-11.42.45
[2015.05.21-01.42.45:364][ 60]LogWorld: Bringing up level for play took: 0.001647
[2015.05.21-01.42.45:364][ 60]LogGameMode: Warning - PATHS NOT DEFINED or NO PLAYERSTART with positive rating
[2015.05.21-01.42.46:668][204]LogPackageName: SearchForPackageOnDisk took   0.055s to resolve 2DSideScrollerExampleMap.umap
[2015.05.21-01.42.46:724][204]LogPackageName: SearchForPackageOnDisk took   0.055s to resolve 2DSideScrollerExampleMap.umap
[2015.05.21-01.42.46:724][204]LogNet: Browse: /Game/EndlessRunner/Maps/2DSideScrollerExampleMap
[2015.05.21-01.42.46:724][204]LogLoad: LoadMap: /Game/EndlessRunner/Maps/2DSideScrollerExampleMap
[2015.05.21-01.42.46:745][204]LogParticles: Destroying 0 GPU particle simulations for FXSystem 0x000000000F444180
[2015.05.21-01.42.46:757][204]Cmd: MEM
[2015.05.21-01.42.46:784][204]LogMemory: Platform Memory Stats for Windows
[2015.05.21-01.42.46:784][204]LogMemory: Process Physical Memory: 888.40 MB used, 973.54 MB peak
[2015.05.21-01.42.46:784][204]LogMemory: Process Virtual Memory: 790.86 MB used, 875.95 MB peak
[2015.05.21-01.42.46:784][204]LogMemory: Physical Memory: 4486.71 MB used, 32720.52 MB total
[2015.05.21-01.42.46:784][204]LogMemory: Virtual Memory: 1297.40 MB used, 8388608.00 MB total
[2015.05.21-01.42.46:784][204]LogMemory: 
[2015.05.21-01.42.46:784][204]Allocator Stats for TBB: (not implemented)
[2015.05.21-01.42.46:789][204]LogPlayLevel: PIE: StaticDuplicateObject took: (0.005655s)
[2015.05.21-01.42.46:790][204]LogPlayLevel: PIE: World Init took: (0.000507s)
[2015.05.21-01.42.46:790][204]LogPlayLevel: PIE: Created PIE world by copying editor world from /Game/EndlessRunner/Maps/2DSideScrollerExampleMap.2DSideScrollerExampleMap to /Game/EndlessRunner/Maps/UEDPIE_0_2DSideScrollerExampleMap.2DSideScrollerExampleMap (0.006343s)
[2015.05.21-01.42.46:790][204]LogWorld: Game class is 'RunGameMode_C'
[2015.05.21-01.42.46:792][204]LogAIModule: Creating AISystem for world 2DSideScrollerExampleMap
[2015.05.21-01.42.46:799][204]LogWorld: Bringing World /Game/EndlessRunner/Maps/UEDPIE_0_2DSideScrollerExampleMap.2DSideScrollerExampleMap up for play (max tick rate 0) at 2015.05.21-11.42.46
[2015.05.21-01.42.46:800][204]LogWorld: Bringing up level for play took: 0.007362
[2015.05.21-01.42.49:588][538]Cmd: RestartLevel
[2015.05.21-01.42.49:643][538]LogPackageName: SearchForPackageOnDisk took   0.055s to resolve GameOver.umap
[2015.05.21-01.42.49:706][539]LogPackageName: SearchForPackageOnDisk took   0.055s to resolve GameOver.umap
[2015.05.21-01.42.49:706][539]LogNet: Browse: /Game/EndlessRunner/Maps/GameOver
[2015.05.21-01.42.49:706][539]LogLoad: LoadMap: /Game/EndlessRunner/Maps/GameOver
[2015.05.21-01.42.49:726][539]LogParticles: Destroying 0 GPU particle simulations for FXSystem 0x000000001C21B1A0
[2015.05.21-01.42.49:737][539]Cmd: MEM
[2015.05.21-01.42.49:763][539]LogMemory: Platform Memory Stats for Windows
[2015.05.21-01.42.49:763][539]LogMemory: Process Physical Memory: 888.51 MB used, 973.54 MB peak
[2015.05.21-01.42.49:763][539]LogMemory: Process Virtual Memory: 790.86 MB used, 875.95 MB peak
[2015.05.21-01.42.49:763][539]LogMemory: Physical Memory: 4485.98 MB used, 32720.52 MB total
[2015.05.21-01.42.49:763][539]LogMemory: Virtual Memory: 1297.40 MB used, 8388608.00 MB total
[2015.05.21-01.42.49:763][539]LogMemory: 
[2015.05.21-01.42.49:763][539]Allocator Stats for TBB: (not implemented)
[2015.05.21-01.42.49:850][539]LogWorld: Game class is 'GameMode'
[2015.05.21-01.42.49:852][539]LogAIModule: Creating AISystem for world GameOver
[2015.05.21-01.42.49:853][539]LogWorld: Bringing World /Game/EndlessRunner/Maps/UEDPIE_0_GameOver.GameOver up for play (max tick rate 0) at 2015.05.21-11.42.49
[2015.05.21-01.42.49:854][539]LogWorld: Bringing up level for play took: 0.001598
[2015.05.21-01.42.49:854][539]LogGameMode: Warning - PATHS NOT DEFINED or NO PLAYERSTART with positive rating
[2015.05.21-01.42.50:906][658]LogPackageName: SearchForPackageOnDisk took   0.056s to resolve 2DSideScrollerExampleMap.umap
[2015.05.21-01.42.50:961][658]LogPackageName: SearchForPackageOnDisk took   0.055s to resolve 2DSideScrollerExampleMap.umap
[2015.05.21-01.42.50:961][658]LogNet: Browse: /Game/EndlessRunner/Maps/2DSideScrollerExampleMap
[2015.05.21-01.42.50:961][658]LogLoad: LoadMap: /Game/EndlessRunner/Maps/2DSideScrollerExampleMap
[2015.05.21-01.42.50:992][658]LogParticles: Destroying 0 GPU particle simulations for FXSystem 0x0000000019B08AE0
[2015.05.21-01.42.50:992][658]Cmd: MEM
[2015.05.21-01.42.51:018][658]LogMemory: Platform Memory Stats for Windows
[2015.05.21-01.42.51:018][658]LogMemory: Process Physical Memory: 888.52 MB used, 973.54 MB peak
[2015.05.21-01.42.51:018][658]LogMemory: Process Virtual Memory: 790.86 MB used, 875.95 MB peak
[2015.05.21-01.42.51:018][658]LogMemory: Physical Memory: 4487.27 MB used, 32720.52 MB total
[2015.05.21-01.42.51:018][658]LogMemory: Virtual Memory: 1297.40 MB used, 8388608.00 MB total
[2015.05.21-01.42.51:018][658]LogMemory: 
[2015.05.21-01.42.51:018][658]Allocator Stats for TBB: (not implemented)
[2015.05.21-01.42.51:024][658]LogPlayLevel: PIE: StaticDuplicateObject took: (0.005680s)
[2015.05.21-01.42.51:025][658]LogPlayLevel: PIE: World Init took: (0.000512s)
[2015.05.21-01.42.51:025][658]LogPlayLevel: PIE: Created PIE world by copying editor world from /Game/EndlessRunner/Maps/2DSideScrollerExampleMap.2DSideScrollerExampleMap to /Game/EndlessRunner/Maps/UEDPIE_0_2DSideScrollerExampleMap.2DSideScrollerExampleMap (0.006371s)
[2015.05.21-01.42.51:025][658]LogWorld: Game class is 'RunGameMode_C'
[2015.05.21-01.42.51:027][658]LogAIModule: Creating AISystem for world 2DSideScrollerExampleMap
[2015.05.21-01.42.51:034][658]LogWorld: Bringing World /Game/EndlessRunner/Maps/UEDPIE_0_2DSideScrollerExampleMap.2DSideScrollerExampleMap up for play (max tick rate 0) at 2015.05.21-11.42.51
[2015.05.21-01.42.51:035][658]LogWorld: Bringing up level for play took: 0.007432
[2015.05.21-01.42.54:839][114]Cmd: RestartLevel
[2015.05.21-01.42.54:894][114]LogPackageName: SearchForPackageOnDisk took   0.054s to resolve GameOver.umap
[2015.05.21-01.42.54:956][115]LogPackageName: SearchForPackageOnDisk took   0.054s to resolve GameOver.umap
[2015.05.21-01.42.54:956][115]LogNet: Browse: /Game/EndlessRunner/Maps/GameOver
[2015.05.21-01.42.54:957][115]LogLoad: LoadMap: /Game/EndlessRunner/Maps/GameOver
[2015.05.21-01.42.54:977][115]LogParticles: Destroying 0 GPU particle simulations for FXSystem 0x000000000F444F40
[2015.05.21-01.42.54:988][115]Cmd: MEM
[2015.05.21-01.42.55:014][115]LogMemory: Platform Memory Stats for Windows
[2015.05.21-01.42.55:014][115]LogMemory: Process Physical Memory: 888.62 MB used, 973.54 MB peak
[2015.05.21-01.42.55:014][115]LogMemory: Process Virtual Memory: 790.86 MB used, 875.95 MB peak
[2015.05.21-01.42.55:014][115]LogMemory: Physical Memory: 4487.45 MB used, 32720.52 MB total
[2015.05.21-01.42.55:014][115]LogMemory: Virtual Memory: 1297.40 MB used, 8388608.00 MB total
[2015.05.21-01.42.55:014][115]LogMemory: 
[2015.05.21-01.42.55:014][115]Allocator Stats for TBB: (not implemented)
[2015.05.21-01.42.55:101][115]LogWorld: Game class is 'GameMode'
[2015.05.21-01.42.55:102][115]LogAIModule: Creating AISystem for world GameOver
[2015.05.21-01.42.55:103][115]LogWorld: Bringing World /Game/EndlessRunner/Maps/UEDPIE_0_GameOver.GameOver up for play (max tick rate 0) at 2015.05.21-11.42.55
[2015.05.21-01.42.55:104][115]LogWorld: Bringing up level for play took: 0.001531
[2015.05.21-01.42.55:104][115]LogGameMode: Warning - PATHS NOT DEFINED or NO PLAYERSTART with positive rating
[2015.05.21-01.42.56:222][242]LogPackageName: SearchForPackageOnDisk took   0.055s to resolve 2DSideScrollerExampleMap.umap
[2015.05.21-01.42.56:277][242]LogPackageName: SearchForPackageOnDisk took   0.054s to resolve 2DSideScrollerExampleMap.umap
[2015.05.21-01.42.56:277][242]LogNet: Browse: /Game/EndlessRunner/Maps/2DSideScrollerExampleMap
[2015.05.21-01.42.56:277][242]LogLoad: LoadMap: /Game/EndlessRunner/Maps/2DSideScrollerExampleMap
[2015.05.21-01.42.56:308][242]LogParticles: Destroying 0 GPU particle simulations for FXSystem 0x0000000019B09F80
[2015.05.21-01.42.56:308][242]Cmd: MEM
[2015.05.21-01.42.56:334][242]LogMemory: Platform Memory Stats for Windows
[2015.05.21-01.42.56:335][242]LogMemory: Process Physical Memory: 892.63 MB used, 973.54 MB peak
[2015.05.21-01.42.56:335][242]LogMemory: Process Virtual Memory: 794.86 MB used, 875.95 MB peak
[2015.05.21-01.42.56:335][242]LogMemory: Physical Memory: 4491.92 MB used, 32720.52 MB total
[2015.05.21-01.42.56:335][242]LogMemory: Virtual Memory: 1301.40 MB used, 8388608.00 MB total
[2015.05.21-01.42.56:335][242]LogMemory: 
[2015.05.21-01.42.56:335][242]Allocator Stats for TBB: (not implemented)
[2015.05.21-01.42.56:340][242]LogPlayLevel: PIE: StaticDuplicateObject took: (0.005640s)
[2015.05.21-01.42.56:341][242]LogPlayLevel: PIE: World Init took: (0.000505s)
[2015.05.21-01.42.56:341][242]LogPlayLevel: PIE: Created PIE world by copying editor world from /Game/EndlessRunner/Maps/2DSideScrollerExampleMap.2DSideScrollerExampleMap to /Game/EndlessRunner/Maps/UEDPIE_0_2DSideScrollerExampleMap.2DSideScrollerExampleMap (0.006334s)
[2015.05.21-01.42.56:341][242]LogWorld: Game class is 'RunGameMode_C'
[2015.05.21-01.42.56:343][242]LogAIModule: Creating AISystem for world 2DSideScrollerExampleMap
[2015.05.21-01.42.56:350][242]LogWorld: Bringing World /Game/EndlessRunner/Maps/UEDPIE_0_2DSideScrollerExampleMap.2DSideScrollerExampleMap up for play (max tick rate 0) at 2015.05.21-11.42.56
[2015.05.21-01.42.56:351][242]LogWorld: Bringing up level for play took: 0.007388
[2015.05.21-01.42.59:881][665]Cmd: RestartLevel
[2015.05.21-01.42.59:935][665]LogPackageName: SearchForPackageOnDisk took   0.054s to resolve GameOver.umap
[2015.05.21-01.42.59:997][666]LogPackageName: SearchForPackageOnDisk took   0.054s to resolve GameOver.umap
[2015.05.21-01.42.59:997][666]LogNet: Browse: /Game/EndlessRunner/Maps/GameOver
[2015.05.21-01.42.59:997][666]LogLoad: LoadMap: /Game/EndlessRunner/Maps/GameOver
[2015.05.21-01.43.00:017][666]LogParticles: Destroying 0 GPU particle simulations for FXSystem 0x000000001C218FE0
[2015.05.21-01.43.00:028][666]Cmd: MEM
[2015.05.21-01.43.00:056][666]LogMemory: Platform Memory Stats for Windows
[2015.05.21-01.43.00:056][666]LogMemory: Process Physical Memory: 888.63 MB used, 973.54 MB peak
[2015.05.21-01.43.00:056][666]LogMemory: Process Virtual Memory: 790.86 MB used, 875.95 MB peak
[2015.05.21-01.43.00:056][666]LogMemory: Physical Memory: 4487.74 MB used, 32720.52 MB total
[2015.05.21-01.43.00:056][666]LogMemory: Virtual Memory: 1297.40 MB used, 8388608.00 MB total
[2015.05.21-01.43.00:056][666]LogMemory: 
[2015.05.21-01.43.00:056][666]Allocator Stats for TBB: (not implemented)
[2015.05.21-01.43.00:142][666]LogWorld: Game class is 'GameMode'
[2015.05.21-01.43.00:144][666]LogAIModule: Creating AISystem for world GameOver
[2015.05.21-01.43.00:145][666]LogWorld: Bringing World /Game/EndlessRunner/Maps/UEDPIE_0_GameOver.GameOver up for play (max tick rate 0) at 2015.05.21-11.43.00
[2015.05.21-01.43.00:146][666]LogWorld: Bringing up level for play took: 0.001616
[2015.05.21-01.43.00:147][666]LogGameMode: Warning - PATHS NOT DEFINED or NO PLAYERSTART with positive rating
[2015.05.21-01.43.05:810][335]LogPackageName: SearchForPackageOnDisk took   0.055s to resolve 2DSideScrollerExampleMap.umap
[2015.05.21-01.43.05:864][335]LogPackageName: SearchForPackageOnDisk took   0.054s to resolve 2DSideScrollerExampleMap.umap
[2015.05.21-01.43.05:864][335]LogNet: Browse: /Game/EndlessRunner/Maps/2DSideScrollerExampleMap
[2015.05.21-01.43.05:864][335]LogLoad: LoadMap: /Game/EndlessRunner/Maps/2DSideScrollerExampleMap
[2015.05.21-01.43.05:895][335]LogParticles: Destroying 0 GPU particle simulations for FXSystem 0x0000000019AD89A0
[2015.05.21-01.43.05:895][335]Cmd: MEM
[2015.05.21-01.43.05:921][335]LogMemory: Platform Memory Stats for Windows
[2015.05.21-01.43.05:921][335]LogMemory: Process Physical Memory: 891.32 MB used, 973.54 MB peak
[2015.05.21-01.43.05:921][335]LogMemory: Process Virtual Memory: 793.49 MB used, 875.95 MB peak
[2015.05.21-01.43.05:921][335]LogMemory: Physical Memory: 4491.00 MB used, 32720.52 MB total
[2015.05.21-01.43.05:921][335]LogMemory: Virtual Memory: 1300.03 MB used, 8388608.00 MB total
[2015.05.21-01.43.05:921][335]LogMemory: 
[2015.05.21-01.43.05:921][335]Allocator Stats for TBB: (not implemented)
[2015.05.21-01.43.05:927][335]LogPlayLevel: PIE: StaticDuplicateObject took: (0.005651s)
[2015.05.21-01.43.05:927][335]LogPlayLevel: PIE: World Init took: (0.000509s)
[2015.05.21-01.43.05:928][335]LogPlayLevel: PIE: Created PIE world by copying editor world from /Game/EndlessRunner/Maps/2DSideScrollerExampleMap.2DSideScrollerExampleMap to /Game/EndlessRunner/Maps/UEDPIE_0_2DSideScrollerExampleMap.2DSideScrollerExampleMap (0.006349s)
[2015.05.21-01.43.05:928][335]LogWorld: Game class is 'RunGameMode_C'
[2015.05.21-01.43.05:930][335]LogAIModule: Creating AISystem for world 2DSideScrollerExampleMap
[2015.05.21-01.43.05:937][335]LogWorld: Bringing World /Game/EndlessRunner/Maps/UEDPIE_0_2DSideScrollerExampleMap.2DSideScrollerExampleMap up for play (max tick rate 0) at 2015.05.21-11.43.05
[2015.05.21-01.43.05:938][335]LogWorld: Bringing up level for play took: 0.007418
[2015.05.21-01.43.10:835][922]Cmd: RestartLevel
[2015.05.21-01.43.10:842][923]LogNet: Browse: /Game/EndlessRunner/Maps/2DSideScrollerExampleMap?restart
[2015.05.21-01.43.10:843][923]LogLoad: LoadMap: /Game/EndlessRunner/Maps/2DSideScrollerExampleMap
[2015.05.21-01.43.10:863][923]LogParticles: Destroying 0 GPU particle simulations for FXSystem 0x0000000019ADB060
[2015.05.21-01.43.10:874][923]Cmd: MEM
[2015.05.21-01.43.10:900][923]LogMemory: Platform Memory Stats for Windows
[2015.05.21-01.43.10:900][923]LogMemory: Process Physical Memory: 887.32 MB used, 973.54 MB peak
[2015.05.21-01.43.10:900][923]LogMemory: Process Virtual Memory: 789.48 MB used, 875.95 MB peak
[2015.05.21-01.43.10:900][923]LogMemory: Physical Memory: 4486.75 MB used, 32720.52 MB total
[2015.05.21-01.43.10:900][923]LogMemory: Virtual Memory: 1296.03 MB used, 8388608.00 MB total
[2015.05.21-01.43.10:900][923]LogMemory: 
[2015.05.21-01.43.10:900][923]Allocator Stats for TBB: (not implemented)
[2015.05.21-01.43.10:906][923]LogPlayLevel: PIE: StaticDuplicateObject took: (0.005644s)
[2015.05.21-01.43.10:907][923]LogPlayLevel: PIE: World Init took: (0.000506s)
[2015.05.21-01.43.10:907][923]LogPlayLevel: PIE: Created PIE world by copying editor world from /Game/EndlessRunner/Maps/2DSideScrollerExampleMap.2DSideScrollerExampleMap to /Game/EndlessRunner/Maps/UEDPIE_0_2DSideScrollerExampleMap.2DSideScrollerExampleMap (0.006336s)
[2015.05.21-01.43.10:907][923]LogWorld: Game class is 'RunGameMode_C'
[2015.05.21-01.43.10:909][923]LogAIModule: Creating AISystem for world 2DSideScrollerExampleMap
[2015.05.21-01.43.10:916][923]LogWorld: Bringing World /Game/EndlessRunner/Maps/UEDPIE_0_2DSideScrollerExampleMap.2DSideScrollerExampleMap up for play (max tick rate 0) at 2015.05.21-11.43.10
[2015.05.21-01.43.10:917][923]LogWorld: Bringing up level for play took: 0.007259
[2015.05.21-01.43.14:605][365]Cmd: RestartLevel
[2015.05.21-01.43.14:659][365]LogPackageName: SearchForPackageOnDisk took   0.054s to resolve GameOver.umap
[2015.05.21-01.43.14:722][366]LogPackageName: SearchForPackageOnDisk took   0.054s to resolve GameOver.umap
[2015.05.21-01.43.14:722][366]LogNet: Browse: /Game/EndlessRunner/Maps/GameOver
[2015.05.21-01.43.14:722][366]LogLoad: LoadMap: /Game/EndlessRunner/Maps/GameOver
[2015.05.21-01.43.14:742][366]LogParticles: Destroying 0 GPU particle simulations for FXSystem 0x0000000019ADBF60
[2015.05.21-01.43.14:753][366]Cmd: MEM
[2015.05.21-01.43.14:779][366]LogMemory: Platform Memory Stats for Windows
[2015.05.21-01.43.14:779][366]LogMemory: Process Physical Memory: 887.32 MB used, 973.54 MB peak
[2015.05.21-01.43.14:779][366]LogMemory: Process Virtual Memory: 789.48 MB used, 875.95 MB peak
[2015.05.21-01.43.14:779][366]LogMemory: Physical Memory: 4486.72 MB used, 32720.52 MB total
[2015.05.21-01.43.14:779][366]LogMemory: Virtual Memory: 1296.03 MB used, 8388608.00 MB total
[2015.05.21-01.43.14:779][366]LogMemory: 
[2015.05.21-01.43.14:779][366]Allocator Stats for TBB: (not implemented)
[2015.05.21-01.43.14:866][366]LogWorld: Game class is 'GameMode'
[2015.05.21-01.43.14:868][366]LogAIModule: Creating AISystem for world GameOver
[2015.05.21-01.43.14:869][366]LogWorld: Bringing World /Game/EndlessRunner/Maps/UEDPIE_0_GameOver.GameOver up for play (max tick rate 0) at 2015.05.21-11.43.14
[2015.05.21-01.43.14:870][366]LogWorld: Bringing up level for play took: 0.001600
[2015.05.21-01.43.14:870][366]LogGameMode: Warning - PATHS NOT DEFINED or NO PLAYERSTART with positive rating
[2015.05.21-01.43.16:237][523]LogPackageName: SearchForPackageOnDisk took   0.055s to resolve 2DSideScrollerExampleMap.umap
[2015.05.21-01.43.16:292][523]LogPackageName: SearchForPackageOnDisk took   0.054s to resolve 2DSideScrollerExampleMap.umap
[2015.05.21-01.43.16:292][523]LogNet: Browse: /Game/EndlessRunner/Maps/2DSideScrollerExampleMap
[2015.05.21-01.43.16:292][523]LogLoad: LoadMap: /Game/EndlessRunner/Maps/2DSideScrollerExampleMap
[2015.05.21-01.43.16:323][523]LogParticles: Destroying 0 GPU particle simulations for FXSystem 0x000000001C2199E0
[2015.05.21-01.43.16:323][523]Cmd: MEM
[2015.05.21-01.43.16:349][523]LogMemory: Platform Memory Stats for Windows
[2015.05.21-01.43.16:350][523]LogMemory: Process Physical Memory: 891.33 MB used, 973.54 MB peak
[2015.05.21-01.43.16:350][523]LogMemory: Process Virtual Memory: 793.49 MB used, 875.95 MB peak
[2015.05.21-01.43.16:350][523]LogMemory: Physical Memory: 4491.05 MB used, 32720.52 MB total
[2015.05.21-01.43.16:350][523]LogMemory: Virtual Memory: 1300.03 MB used, 8388608.00 MB total
[2015.05.21-01.43.16:350][523]LogMemory: 
[2015.05.21-01.43.16:350][523]Allocator Stats for TBB: (not implemented)
[2015.05.21-01.43.16:355][523]LogPlayLevel: PIE: StaticDuplicateObject took: (0.005750s)
[2015.05.21-01.43.16:356][523]LogPlayLevel: PIE: World Init took: (0.000517s)
[2015.05.21-01.43.16:356][523]LogPlayLevel: PIE: Created PIE world by copying editor world from /Game/EndlessRunner/Maps/2DSideScrollerExampleMap.2DSideScrollerExampleMap to /Game/EndlessRunner/Maps/UEDPIE_0_2DSideScrollerExampleMap.2DSideScrollerExampleMap (0.006455s)
[2015.05.21-01.43.16:356][523]LogWorld: Game class is 'RunGameMode_C'
[2015.05.21-01.43.16:358][523]LogAIModule: Creating AISystem for world 2DSideScrollerExampleMap
[2015.05.21-01.43.16:365][523]LogWorld: Bringing World /Game/EndlessRunner/Maps/UEDPIE_0_2DSideScrollerExampleMap.2DSideScrollerExampleMap up for play (max tick rate 0) at 2015.05.21-11.43.16
[2015.05.21-01.43.16:366][523]LogWorld: Bringing up level for play took: 0.007364
[2015.05.21-01.43.26:183][700]LogBlueprintUserMessages: Hello
[2015.05.21-01.43.34:180][653]LogBlueprintUserMessages: Hello
[2015.05.21-01.43.35:681][824]Cmd: RestartLevel
[2015.05.21-01.43.35:736][824]LogPackageName: SearchForPackageOnDisk took   0.054s to resolve GameOver.umap
[2015.05.21-01.43.35:800][825]LogPackageName: SearchForPackageOnDisk took   0.054s to resolve GameOver.umap
[2015.05.21-01.43.35:800][825]LogNet: Browse: /Game/EndlessRunner/Maps/GameOver
[2015.05.21-01.43.35:800][825]LogLoad: LoadMap: /Game/EndlessRunner/Maps/GameOver
[2015.05.21-01.43.35:820][825]LogParticles: Destroying 0 GPU particle simulations for FXSystem 0x0000000019B098A0
[2015.05.21-01.43.35:832][825]Cmd: MEM
[2015.05.21-01.43.35:858][825]LogMemory: Platform Memory Stats for Windows
[2015.05.21-01.43.35:858][825]LogMemory: Process Physical Memory: 887.41 MB used, 973.54 MB peak
[2015.05.21-01.43.35:858][825]LogMemory: Process Virtual Memory: 789.56 MB used, 875.95 MB peak
[2015.05.21-01.43.35:858][825]LogMemory: Physical Memory: 4486.69 MB used, 32720.52 MB total
[2015.05.21-01.43.35:858][825]LogMemory: Virtual Memory: 1305.65 MB used, 8388608.00 MB total
[2015.05.21-01.43.35:858][825]LogMemory: 
[2015.05.21-01.43.35:858][825]Allocator Stats for TBB: (not implemented)
[2015.05.21-01.43.35:945][825]LogWorld: Game class is 'GameMode'
[2015.05.21-01.43.35:946][825]LogAIModule: Creating AISystem for world GameOver
[2015.05.21-01.43.35:948][825]LogWorld: Bringing World /Game/EndlessRunner/Maps/UEDPIE_0_GameOver.GameOver up for play (max tick rate 0) at 2015.05.21-11.43.35
[2015.05.21-01.43.35:948][825]LogWorld: Bringing up level for play took: 0.001601
[2015.05.21-01.43.35:949][825]LogGameMode: Warning - PATHS NOT DEFINED or NO PLAYERSTART with positive rating
[2015.05.21-01.43.38:117][ 75]LogPackageName: SearchForPackageOnDisk took   0.055s to resolve 2DSideScrollerExampleMap.umap
[2015.05.21-01.43.38:172][ 75]LogPackageName: SearchForPackageOnDisk took   0.054s to resolve 2DSideScrollerExampleMap.umap
[2015.05.21-01.43.38:172][ 75]LogNet: Browse: /Game/EndlessRunner/Maps/2DSideScrollerExampleMap
[2015.05.21-01.43.38:172][ 75]LogLoad: LoadMap: /Game/EndlessRunner/Maps/2DSideScrollerExampleMap
[2015.05.21-01.43.38:203][ 75]LogParticles: Destroying 0 GPU particle simulations for FXSystem 0x000000000F446FC0
[2015.05.21-01.43.38:203][ 75]Cmd: MEM
[2015.05.21-01.43.38:229][ 75]LogMemory: Platform Memory Stats for Windows
[2015.05.21-01.43.38:229][ 75]LogMemory: Process Physical Memory: 887.40 MB used, 973.54 MB peak
[2015.05.21-01.43.38:229][ 75]LogMemory: Process Virtual Memory: 789.55 MB used, 875.95 MB peak
[2015.05.21-01.43.38:229][ 75]LogMemory: Physical Memory: 4487.29 MB used, 32720.52 MB total
[2015.05.21-01.43.38:229][ 75]LogMemory: Virtual Memory: 1305.90 MB used, 8388608.00 MB total
[2015.05.21-01.43.38:229][ 75]LogMemory: 
[2015.05.21-01.43.38:229][ 75]Allocator Stats for TBB: (not implemented)
[2015.05.21-01.43.38:235][ 75]LogPlayLevel: PIE: StaticDuplicateObject took: (0.005652s)
[2015.05.21-01.43.38:235][ 75]LogPlayLevel: PIE: World Init took: (0.000499s)
[2015.05.21-01.43.38:235][ 75]LogPlayLevel: PIE: Created PIE world by copying editor world from /Game/EndlessRunner/Maps/2DSideScrollerExampleMap.2DSideScrollerExampleMap to /Game/EndlessRunner/Maps/UEDPIE_0_2DSideScrollerExampleMap.2DSideScrollerExampleMap (0.006334s)
[2015.05.21-01.43.38:235][ 75]LogWorld: Game class is 'RunGameMode_C'
[2015.05.21-01.43.38:238][ 75]LogAIModule: Creating AISystem for world 2DSideScrollerExampleMap
[2015.05.21-01.43.38:245][ 75]LogWorld: Bringing World /Game/EndlessRunner/Maps/UEDPIE_0_2DSideScrollerExampleMap.2DSideScrollerExampleMap up for play (max tick rate 0) at 2015.05.21-11.43.38
[2015.05.21-01.43.38:245][ 75]LogWorld: Bringing up level for play took: 0.007307
[2015.05.21-01.43.44:240][787]LogParticles: Destroying 0 GPU particle simulations for FXSystem 0x0000000019B082C0
[2015.05.21-01.44.47:044][695]LogWindows:Error: Windows GetLastError: The operation completed successfully. (0)
[2015.05.21-01.44.47:146][695]LogCrashTracker: 


[2015.05.21-01.45.18:611][695]LogEditorViewport: Clicking Background
[2015.05.21-01.45.18:617][695]LogEditorViewport: Clicking Background
[2015.05.21-01.45.18:624][695]LogEditorViewport: Clicking Background
[2015.05.21-01.45.18:716][695]LogCrashTracker: 


[2015.05.21-01.45.18:716][695]LogWindows: === Critical error: ===
Assertion failed: SCSNode [File:D:\BuildFarm\buildmachine_++depot+UE4-Releases+4.7\Engine\Source\Editor\UnrealEd\Private\Editor.cpp] [Line: 7175] 



KERNELBASE.dll!UnknownFunction (0x000007fefd82940d) + 0 bytes [UnknownFile:0]
UE4Editor-Core.dll!FOutputDeviceWindowsError::Serialize() (0x000007fee1e08074) + 0 bytes [d:\buildfarm\buildmachine_++depot+ue4-releases+4.7\engine\source\runtime\core\private\windows\windowsplatformoutputdevices.cpp:95]
UE4Editor-Core.dll!FOutputDevice::Logf__VA() (0x000007fee1c87878) + 159 bytes [d:\buildfarm\buildmachine_++depot+ue4-releases+4.7\engine\source\runtime\core\private\misc\outputdevice.cpp:144]
UE4Editor-Core.dll!FDebug::AssertFailed() (0x000007fee1c68b17) + 62 bytes [d:\buildfarm\buildmachine_++depot+ue4-releases+4.7\engine\source\runtime\core\private\misc\outputdevice.cpp:224]
UE4Editor-UnrealEd.dll!EditorUtilities::FindMatchingComponentInstance<TInlineAllocator<24,FDefaultAllocator> >() (0x000007fedc76ecc7) + 0 bytes [d:\buildfarm\buildmachine_++depot+ue4-releases+4.7\engine\source\editor\unrealed\private\editor.cpp:7177]
UE4Editor-UnrealEd.dll!EditorUtilities::CopyActorProperties() (0x000007fedc7b10b1) + 22 bytes [d:\buildfarm\buildmachine_++depot+ue4-releases+4.7\engine\source\editor\unrealed\private\editor.cpp:7419]
UE4Editor-Kismet.dll!SSCSEditor::OnGetApplyChangesToBlueprintTooltip() (0x000007fed9f57718) + 18 bytes [d:\buildfarm\buildmachine_++depot+ue4-releases+4.7\engine\source\editor\kismet\private\sscseditor.cpp:5248]
UE4Editor-Kismet.dll!TMemberFunctionCaller<SSCSEditor,FText (__cdecl SSCSEditor::*)(void)const __ptr64>::operator()<>() (0x000007fed9e83ff0) + 15 bytes [d:\buildfarm\buildmachine_++depot+ue4-releases+4.7\engine\source\runtime\core\public\delegates\delegateinstanceinterface_variadics.h:161]
UE4Editor-Kismet.dll!TTupleImpl<TIntegerSequence<> >::ApplyAfter_ExplicitReturnType<FText,TMemberFunctionCaller<SSCSEditor,FText (__cdecl SSCSEditor::*)(void)const __ptr64> >() (0x000007fed9e87269) + 19 bytes [d:\buildfarm\buildmachine_++depot+ue4-releases+4.7\engine\source\runtime\core\public\delegates\tuple.h:113]
UE4Editor-Kismet.dll!TBaseSPMethodDelegateInstance<1,SSCSEditor,0,FText __cdecl(void)>::Execute() (0x000007fed9f12509) + 36 bytes [d:\buildfarm\buildmachine_++depot+ue4-releases+4.7\engine\source\runtime\core\public\delegates\delegateinstancesimpl_variadics.inl:282]
UE4Editor-Slate.dll!TBaseDelegate<FText>::Execute() (0x000007fede5f4fda) + 6 bytes [d:\buildfarm\buildmachine_++depot+ue4-releases+4.7\engine\source\runtime\core\public\delegates\delegatesignatureimpl_variadics.inl:439]
UE4Editor-Slate.dll!TAttribute<FText>::Get() (0x000007fede5fd3d8) + 14 bytes [d:\buildfarm\buildmachine_++depot+ue4-releases+4.7\engine\source\runtime\core\public\misc\attribute.h:135]
UE4Editor-Slate.dll!SToolTip::IsEmpty() (0x000007fede6e0542) + 30 bytes [d:\buildfarm\buildmachine_++depot+ue4-releases+4.7\engine\source\runtime\slate\private\widgets\stooltip.cpp:84]
UE4Editor-Slate.dll!FSlateApplication::UpdateToolTip() (0x000007fede656034) + 20 bytes [d:\buildfarm\buildmachine_++depot+ue4-releases+4.7\engine\source\runtime\slate\private\framework\application\slateapplication.cpp:2663]
UE4Editor-Slate.dll!FSlateApplication::ProcessMouseMoveEvent() (0x000007fede635364) + 0 bytes [d:\buildfarm\buildmachine_++depot+ue4-releases+4.7\engine\source\runtime\slate\private\framework\application\slateapplication.cpp:4179]
UE4Editor-Slate.dll!FSlateApplication::OnMouseMove() (0x000007fede624724) + 17 bytes [d:\buildfarm\buildmachine_++depot+ue4-releases+4.7\engine\source\runtime\slate\private\framework\application\slateapplication.cpp:4145]
UE4Editor-Core.dll!FWindowsApplication::ProcessDeferredMessage() (0x000007fee1d63728) + 10 bytes [d:\buildfarm\buildmachine_++depot+ue4-releases+4.7\engine\source\runtime\core\private\windows\windowsapplication.cpp:1420]
UE4Editor-Core.dll!FWindowsApplication::DeferMessage() (0x000007fee1d55d2e) + 74 bytes [d:\buildfarm\buildmachine_++depot+ue4-releases+4.7\engine\source\runtime\core\private\windows\windowsapplication.cpp:1669]
UE4Editor-Core.dll!FWindowsApplication::ProcessMessage() (0x000007fee1d64d50) + 41 bytes [d:\buildfarm\buildmachine_++depot+ue4-releases+4.7\engine\source\runtime\core\private\windows\windowsapplication.cpp:742]
UE4Editor-Core.dll!FWindowsApplication::AppWndProc() (0x000007fee1d53192) + 0 bytes [d:\buildfarm\buildmachine_++depot+ue4-releases+4.7\engine\source\runtime\core\private\windows\windowsapplication.cpp:604]
USER32.dll!UnknownFunction (0x00000000778d9bd1) + 0 bytes [UnknownFile:0]
USER32.dll!UnknownFunction (0x00000000778d98da) + 0 bytes [UnknownFile:0]
UE4Editor-Core.dll!FWindowsPlatformMisc::PumpMessages() (0x000007fee1e03ec6) + 48 bytes [d:\buildfarm\buildmachine_++depot+ue4-releases+4.7\engine\source\runtime\core\private\windows\windowsplatformmisc.cpp:774]
UE4Editor.exe!FEngineLoop::Tick() (0x000000013fbc00a9) + 8 bytes [d:\buildfarm\buildmachine_++depot+ue4-releases+4.7\engine\source\runtime\launch\private\launchengineloop.cpp:2233]
UE4Editor.exe!GuardedMain() (0x000000013fbb267c) + 0 bytes [d:\buildfarm\buildmachine_++depot+ue4-releases+4.7\engine\source\runtime\launch\private\launch.cpp:142]
UE4Editor.exe!GuardedMainWrapper() (0x000000013fbb26ea) + 5 bytes [d:\buildfarm\buildmachine_++depot+ue4-releases+4.7\engine\source\runtime\launch\private\windows\launchwindows.cpp:126]
UE4Editor.exe!WinMain() (0x000000013fbc2219) + 17 bytes [d:\buildfarm\buildmachine_++depot+ue4-releases+4.7\engine\source\runtime\launch\private\windows\launchwindows.cpp:202]
UE4Editor.exe!__tmainCRTStartup() (0x000000013fbc3159) + 21 bytes [f:\dd\vctools\crt\crtw32\dllstuff\crtexe.c:618]
kernel32.dll!UnknownFunction (0x00000000777b59ed) + 0 bytes [UnknownFile:0]
ntdll.dll!UnknownFunction (0x00000000779ec541) + 0 bytes [UnknownFile:0]
ntdll.dll!UnknownFunction (0x00000000779ec541) + 0 bytes [UnknownFile:0]


[2015.05.21-01.45.18:801][695]LogExit: Executing StaticShutdownAfterError
[2015.05.21-01.45.18:805][695]LogWindows: FPlatformMisc::RequestExit(1)
[2015.05.21-01.45.18:805][695]Log file closed, 05/21/15 11:45:18
