Log file open, 05/19/15 22:20:34
LogInit:Display: Running engine for game: SpaceRace
LogInit: Version: 4.7.6-2513093+++depot+UE4-Releases+4.7
LogInit: API Version: 2455222
LogInit: Compiled (64-bit): Apr 15 2015 12:09:54
LogInit: Compiled with Visual C++: 18.00.21005.01
LogInit: Build Configuration: Development
LogInit: Branch Name: ++depot+UE4-Releases+4.7
LogInit: Command line: 
LogInit: Base directory: W:/Epic Games/4.7/Engine/Binaries/Win64/
LogInit: Rocket: 1
[2015.05.19-12.20.34:471][  0]LogTaskGraph: Started task graph with 3 named threads and 8 total threads.
[2015.05.19-12.20.34:542][  0]LogOnline:Warning: No default platform service specified for OnlineSubsystem
[2015.05.19-12.20.34:571][  0]LogInit: Presizing for 0 objects not considered by GC, pre-allocating 0 bytes.
[2015.05.19-12.20.34:580][  0]LogInit: Object subsystem initialized
[2015.05.19-12.20.34:582][  0]LogConsoleResponse:Warning: Skipping Unknown console variable: 'TranslucentSortAxis = (X=0.000000,Y=-1.000000,Z=0.000000)'
[2015.05.19-12.20.34:582][  0]LogConsoleResponse:Warning:   Found in ini file 'C:/Users/n8695164/Documents/GitHub/SpaceRace/Saved/Config/Windows/Engine.ini', in section '[/Script/Engine.RendererSettings]'
[2015.05.19-12.20.34:582][  0]LogConsoleResponse:Warning: Skipping Unknown console variable: 'UIScaleRule = ShortestSide'
[2015.05.19-12.20.34:582][  0]LogConsoleResponse:Warning:   Found in ini file 'C:/Users/n8695164/Documents/GitHub/SpaceRace/Saved/Config/Windows/Engine.ini', in section '[/Script/Engine.RendererSettings]'
[2015.05.19-12.20.34:583][  0]LogConsoleResponse:Warning: Skipping Unknown console variable: 'UIScaleCurve = (EditorCurveData=(Keys=),ExternalCurve=None)'
[2015.05.19-12.20.34:583][  0]LogConsoleResponse:Warning:   Found in ini file 'C:/Users/n8695164/Documents/GitHub/SpaceRace/Saved/Config/Windows/Engine.ini', in section '[/Script/Engine.RendererSettings]'
[2015.05.19-12.20.34:583][  0]LogInit: Selected Device Profile: [Windows]
[2015.05.19-12.20.34:583][  0]LogInit: Applying CVar settings loaded from the selected device profile: [Windows]
[2015.05.19-12.20.34:587][  0]LogInit: Computer: LAB-SEFS515-01
[2015.05.19-12.20.34:587][  0]LogInit: User: n8695164
[2015.05.19-12.20.34:588][  0]LogInit: CPU Page size=4096, Cores=6
[2015.05.19-12.20.34:588][  0]LogInit: High frequency timer resolution =3.222675 MHz
[2015.05.19-12.20.34:588][  0]LogMemory: Memory total: Physical=32.0GB (32GB approx) Virtual=8192.0GB
[2015.05.19-12.20.34:588][  0]LogMemory: Platform Memory Stats for Windows
[2015.05.19-12.20.34:589][  0]LogMemory: Process Physical Memory: 46.79 MB used, 46.79 MB peak
[2015.05.19-12.20.34:589][  0]LogMemory: Process Virtual Memory: 24.75 MB used, 24.75 MB peak
[2015.05.19-12.20.34:589][  0]LogMemory: Physical Memory: 5167.86 MB used, 32720.52 MB total
[2015.05.19-12.20.34:589][  0]LogMemory: Virtual Memory: 273.29 MB used, 8388608.00 MB total
[2015.05.19-12.20.34:633][  0]LogD3D11RHI: Found D3D11 adapter 0: NVIDIA GeForce GTX 680 (Feature Level 11_0)
[2015.05.19-12.20.34:633][  0]LogD3D11RHI: Adapter has 1990MB of dedicated video memory, 0MB of dedicated system memory, and 2048MB of shared system memory, 1 output[s]
[2015.05.19-12.20.34:633][  0]LogD3D11RHI: Chosen D3D11 Adapter Id = 0
[2015.05.19-12.20.34:637][  0]LogRHI: Texture pool is 1361 MB (70% of 1945 MB)
[2015.05.19-12.20.34:664][  0]LogD3D11RHI: Async texture creation enabled
[2015.05.19-12.20.34:727][  0]LogTextLocalizationManager: The requested culture ('en_AU') has no localization data; parent culture's ('en') localization data will be used.
[2015.05.19-12.20.34:778][  0]LogTextLocalizationManager:Warning: Loading localization resources contain conflicting entries for (Namespace:UICommands, Key:Save_ToolTip):
Resource: (W:/Epic Games/4.7/Engine/Content/Localization/Editor/en/Editor.locres) Hash: (-29098895) String: (Saves the current level to disk)
Resource: (W:/Epic Games/4.7/Engine/Content/Localization/Engine/en/Engine.locres) Hash: (-1280300587) String: (Save selected data to vlog file)
[2015.05.19-12.20.34:779][  0]LogTextLocalizationManager:Warning: Loading localization resources contain conflicting entries for (Namespace:ContentBrowser, Key:ImportAssetToolTip):
Resource: (W:/Epic Games/4.7/Engine/Content/Localization/Editor/en/Editor.locres) Hash: (-630476809) String: (Import to {0}...)
Resource: (W:/Epic Games/4.7/Engine/Content/Localization/Editor/en/Editor.locres) Hash: (1271782899) String: (Imports an asset from file to this folder.)
[2015.05.19-12.20.34:847][  0]LogContentStreaming: Texture pool size is 0.000000MB
[2015.05.19-12.20.37:010][  0]LogTargetPlatformManager:Display: Building Assets For Windows
[2015.05.19-12.20.37:527][  0]LogTargetPlatformManager:Display: Building Assets For Windows
[2015.05.19-12.20.37:602][  0]LogDerivedDataCache:Display: Max Cache Size: 512 MB
[2015.05.19-12.20.37:634][  0]LogDerivedDataCache: Loaded boot cache 0.03s 39MB C:/Users/n8695164/AppData/Local/UnrealEngine/4.7/DerivedDataCache/Boot.ddc.
[2015.05.19-12.20.37:634][  0]LogDerivedDataCache:Display: Loaded Boot cache: C:/Users/n8695164/AppData/Local/UnrealEngine/4.7/DerivedDataCache/Boot.ddc
[2015.05.19-12.20.37:635][  0]LogDerivedDataCache: FDerivedDataBackendGraph:  Pak pak cache file C:/Users/n8695164/Documents/GitHub/SpaceRace/DerivedDataCache/DDC.ddp not found, will not use a pak cache.
[2015.05.19-12.20.37:635][  0]LogDerivedDataCache: Unable to find inner node Pak for hierarchical cache Hierarchy.
[2015.05.19-12.20.37:744][  0]LogDerivedDataCache:Display: Pak cache opened for reading ../../../Engine/DerivedDataCache/Compressed.ddp.
[2015.05.19-12.20.37:756][  0]LogDerivedDataCache: Using Local data cache path C:/Users/n8695164/AppData/Local/UnrealEngine/Common/DerivedDataCache: Writable
[2015.05.19-12.20.38:034][  0]LogMeshUtilities: No automatic mesh reduction module available
[2015.05.19-12.20.38:034][  0]LogMeshUtilities: No automatic mesh merging module available
[2015.05.19-12.20.38:369][  0]LogInit: WinSock: version 1.1 (2.2), MaxSocks=32767, MaxUdp=65467
[2015.05.19-12.20.38:459][  0]LogSlate:Warning: Failed to load font data from '../../../Engine/Content/Slate/Fonts/Roboto-Italic.ttf'
[2015.05.19-12.20.39:319][  0]UdpMessaging: Initializing bridge on interface 0.0.0.0:0 to multicast group 230.0.0.1:6666.
[2015.05.19-12.20.39:596][  0]SourceControl: Info Source control is disabled
[2015.05.19-12.20.39:596][  0]SourceControl: Info Source control is disabled
[2015.05.19-12.20.39:596][  0]SourceControl: Info Source control is disabled
[2015.05.19-12.20.39:596][  0]LogSourceControl: RunCommandInternalRaw: 'git version'
[2015.05.19-12.20.39:597][  0]LogSourceControl: RunCommandInternalRaw: ExecProcess ReturnCode=2 OutResults=''
[2015.05.19-12.20.39:605][  0]SourceControl: Info Source control is disabled
[2015.05.19-12.20.39:870][  0]LogObj: 24236 objects as part of root set at end of initial load.
[2015.05.19-12.20.39:871][  0]LogUObjectAllocator: 5138800 out of 0 bytes used by permanent object pool.
[2015.05.19-12.20.39:959][  0]LogEngine: Initializing Engine...
[2015.05.19-12.20.43:098][  0]LogInit: XAudio2 using 'DELL S2340T-4 (NVIDIA High Definition Audio)' : 2 channels at 48 kHz using 16 bits per sample (channel mask 0x3)
[2015.05.19-12.20.43:105][  0]LogInit: FAudioDevice initialized.
[2015.05.19-12.20.43:144][  0]LogAIModule: Creating AISystem for world NewWorld
[2015.05.19-12.20.43:162][  0]LogDerivedDataCache: Saved boot cache 0.02s 39MB C:/Users/n8695164/AppData/Local/UnrealEngine/4.7/DerivedDataCache/Boot.ddc.
[2015.05.19-12.20.43:166][  0]LogInit: Texture streaming: Enabled
[2015.05.19-12.20.43:254][  0]LogAnalytics: Creating configured Analytics provider AnalyticsET
[2015.05.19-12.20.43:255][  0]LogAnalytics: ET APIKey = Rocket.Release. APIServer = http://et2.epicgames.com/ET2/. AppVersion = 4.7.6-2513093+++depot+UE4-Releases+4.7
[2015.05.19-12.20.43:255][  0]LogAnalytics: ET APIKey = Rocket.Release. DataRouterUploadURL = https://datarouter-public-service-gamedev.ol.epicgames.net/datarouter/api/v1/public/data. AppVersion = 4.7.6-2513093+++depot+UE4-Releases+4.7
[2015.05.19-12.20.43:255][  0]LogAnalytics: SetUserId 258991c64650a73040abada4dd7d30c2|275130378b824b80adb050f14047e778|88cf9443-166a-43f7-9f17-b5321103ecb1
[2015.05.19-12.20.43:256][  0]LogAnalytics: AnalyticsET::StartSession [Rocket.Release]
[2015.05.19-12.20.43:277][  0]LogInit: Transaction tracking system initialized
[2015.05.19-12.20.43:551][  0]BlueprintLog: New page: Editor Load
[2015.05.19-12.20.43:591][  0]LogAssetRegistry: FAssetRegistry took 0.0096 seconds to start up
[2015.05.19-12.20.43:592][  0]LogDirectoryWatcher:Warning: Failed to begin reading directory changes for ../../../Engine/Plugins/Experimental/CharacterAI/Content/. Error: 0
[2015.05.19-12.20.44:151][  0]LogTargetPlatformManager:Display: Building Assets For Windows
[2015.05.19-12.20.44:478][  0]LogTargetPlatformManager:Display: Building Assets For Windows
[2015.05.19-12.20.44:803][  0]LogLinker:Warning: Asset '../../../Engine/Content/Tutorial/Mobile/SettingUpAndroidTutorial.uasset' has been saved with empty engine version. The asset will be loaded but may be incompatible.
[2015.05.19-12.20.44:855][  0]LogSlate:Warning: Failed to load font data from '../../../Engine/Content/Editor/Slate/Fonts/Roboto-Regular.ttf'
[2015.05.19-12.20.44:856][  0]LogSlate:Warning: Failed to load font data from '../../../Engine/Content/Editor/Slate/Fonts/Roboto-Bold.ttf'
[2015.05.19-12.20.44:860][  0]LogConsoleResponse:Display: 
[2015.05.19-12.20.44:973][  0]LogCook:Display: Done creating registry. It took  0.00s.
[2015.05.19-12.20.45:182][  0]SourceControl: Info Source control is disabled
[2015.05.19-12.20.45:183][  0]Cmd: MAP LOAD FILE="C:/Users/n8695164/Documents/GitHub/SpaceRace/Content/EndlessRunner/Maps/2DSideScrollerExampleMap.umap" TEMPLATE=0 SHOWPROGRESS=1 FEATURELEVEL=3
[2015.05.19-12.20.45:183][  0]LightingResults: New page: Lighting Build
[2015.05.19-12.20.45:196][  0]MapCheck: New page: Map Check
[2015.05.19-12.20.45:196][  0]LightingResults: New page: Lighting Build
[2015.05.19-12.20.45:201][  0]LogParticles: Destroying 0 GPU particle simulations for FXSystem 0x0000000003A8E980
[2015.05.19-12.20.47:036][  0]LogBlueprint:Error: [compiler] Error Found more than one function with the same name BndEvt__Small Pirate_K2Node_ComponentBoundEvent_91_ComponentHitSignature__DelegateSignature; second occurance at  OnComponentHit (Small Pirate) 
[2015.05.19-12.20.47:036][  0]LogBlueprint:Error: [compiler] Error Found more than one function with the same name BndEvt__Small Pirate_K2Node_ComponentBoundEvent_91_ComponentHitSignature__DelegateSignature; second occurance at  OnComponentHit (Small Pirate) 
[2015.05.19-12.20.47:060][  0]LogBlueprint:Warning: [compiler] Warning [0014.41] Compile of Wave5 failed. 2 Fatal Issue(s) 0 Warning(s) [in 76 ms]
[2015.05.19-12.20.47:060][  0]LogBlueprint:Warning: [compiler] Warning [0014.41] Compile of Wave5 failed. 2 Fatal Issue(s) 1 Warning(s) [in 0 ms]
[2015.05.19-12.20.47:061][  0]LogBlueprint:Warning: [compiler] Warning [0014.41] Compile of Wave5 failed. 2 Fatal Issue(s) 2 Warning(s) [in 0 ms]
[2015.05.19-12.20.47:061][  0]LogBlueprint:Warning: [compiler] Warning [0014.41] Compile of Wave5 failed. 2 Fatal Issue(s) 3 Warning(s) [in 0 ms]
[2015.05.19-12.20.52:088][  0]LogEditorServer: Finished looking for orphan Actors (0.000 secs)
[2015.05.19-12.20.52:089][  0]LogAIModule: Creating AISystem for world 2DSideScrollerExampleMap
[2015.05.19-12.20.52:090][  0]Cmd: MAP CHECKDEP
[2015.05.19-12.20.52:090][  0]MapCheck: New page: 2DSideScrollerExampleMap - 20 May 2015 8:20:52 am
[2015.05.19-12.20.52:290][  0]MapCheck:Warning: Warning Sprite0 PaperFlipbookComponent /Game/EndlessRunner/Maps/2DSideScrollerExampleMap.2DSideScrollerExampleMap:PersistentLevel.ShipCharacter_C_0.Sprite0 : Externally referenced 
[2015.05.19-12.20.52:290][  0]MapCheck:Warning: Warning PaperFlipbook PaperFlipbookComponent /Game/EndlessRunner/Maps/2DSideScrollerExampleMap.2DSideScrollerExampleMap:PersistentLevel.ShipCharacter_C_0.PaperFlipbook : Externally referenced 
[2015.05.19-12.20.52:291][  0]MapCheck:Warning: Warning PaperSprite PaperSpriteComponent /Game/EndlessRunner/Maps/2DSideScrollerExampleMap.2DSideScrollerExampleMap:PersistentLevel.BP_Coin_C_2199.PaperSprite : Externally referenced 
[2015.05.19-12.20.52:291][  0]MapCheck:Warning: Warning PaperSprite PaperSpriteComponent /Game/EndlessRunner/Maps/2DSideScrollerExampleMap.2DSideScrollerExampleMap:PersistentLevel.BP_Coin_C_2200.PaperSprite : Externally referenced 
[2015.05.19-12.20.52:292][  0]MapCheck:Warning: Warning PaperSprite PaperSpriteComponent /Game/EndlessRunner/Maps/2DSideScrollerExampleMap.2DSideScrollerExampleMap:PersistentLevel.BP_Coin_C_2201.PaperSprite : Externally referenced 
[2015.05.19-12.20.52:292][  0]MapCheck:Warning: Warning PaperSprite PaperSpriteComponent /Game/EndlessRunner/Maps/2DSideScrollerExampleMap.2DSideScrollerExampleMap:PersistentLevel.BP_Coin_C_2202.PaperSprite : Externally referenced 
[2015.05.19-12.20.52:292][  0]MapCheck:Warning: Warning PaperSprite PaperSpriteComponent /Game/EndlessRunner/Maps/2DSideScrollerExampleMap.2DSideScrollerExampleMap:PersistentLevel.BP_Coin_C_2203.PaperSprite : Externally referenced 
[2015.05.19-12.20.52:293][  0]MapCheck:Warning: Warning PaperSprite PaperSpriteComponent /Game/EndlessRunner/Maps/2DSideScrollerExampleMap.2DSideScrollerExampleMap:PersistentLevel.BP_Coin_C_2204.PaperSprite : Externally referenced 
[2015.05.19-12.20.52:293][  0]MapCheck:Warning: Warning PaperSprite PaperSpriteComponent /Game/EndlessRunner/Maps/2DSideScrollerExampleMap.2DSideScrollerExampleMap:PersistentLevel.BP_Coin_C_2205.PaperSprite : Externally referenced 
[2015.05.19-12.20.52:293][  0]MapCheck:Warning: Warning PaperSprite PaperSpriteComponent /Game/EndlessRunner/Maps/2DSideScrollerExampleMap.2DSideScrollerExampleMap:PersistentLevel.BP_Coin_C_2206.PaperSprite : Externally referenced 
[2015.05.19-12.20.52:294][  0]MapCheck:Warning: Warning PaperSprite PaperSpriteComponent /Game/EndlessRunner/Maps/2DSideScrollerExampleMap.2DSideScrollerExampleMap:PersistentLevel.BP_Coin_C_2207.PaperSprite : Externally referenced 
[2015.05.19-12.20.52:294][  0]MapCheck:Warning: Warning PaperSprite PaperSpriteComponent /Game/EndlessRunner/Maps/2DSideScrollerExampleMap.2DSideScrollerExampleMap:PersistentLevel.BP_Coin_C_2208.PaperSprite : Externally referenced 
[2015.05.19-12.20.52:294][  0]MapCheck:Warning: Warning PaperSprite PaperSpriteComponent /Game/EndlessRunner/Maps/2DSideScrollerExampleMap.2DSideScrollerExampleMap:PersistentLevel.BP_Coin_C_2209.PaperSprite : Externally referenced 
[2015.05.19-12.20.52:295][  0]MapCheck:Warning: Warning PaperSprite PaperSpriteComponent /Game/EndlessRunner/Maps/2DSideScrollerExampleMap.2DSideScrollerExampleMap:PersistentLevel.BP_Coin_C_1023.PaperSprite : Externally referenced 
[2015.05.19-12.20.52:295][  0]MapCheck:Warning: Warning PaperSprite PaperSpriteComponent /Game/EndlessRunner/Maps/2DSideScrollerExampleMap.2DSideScrollerExampleMap:PersistentLevel.BP_Coin_C_1024.PaperSprite : Externally referenced 
[2015.05.19-12.20.52:295][  0]MapCheck:Warning: Warning PaperSprite PaperSpriteComponent /Game/EndlessRunner/Maps/2DSideScrollerExampleMap.2DSideScrollerExampleMap:PersistentLevel.BP_Coin_C_1025.PaperSprite : Externally referenced 
[2015.05.19-12.20.52:295][  0]MapCheck:Warning: Warning PaperSprite PaperSpriteComponent /Game/EndlessRunner/Maps/2DSideScrollerExampleMap.2DSideScrollerExampleMap:PersistentLevel.BP_Coin_C_1026.PaperSprite : Externally referenced 
[2015.05.19-12.20.52:296][  0]MapCheck:Warning: Warning PaperSprite PaperSpriteComponent /Game/EndlessRunner/Maps/2DSideScrollerExampleMap.2DSideScrollerExampleMap:PersistentLevel.BP_Coin_C_1027.PaperSprite : Externally referenced 
[2015.05.19-12.20.52:296][  0]MapCheck:Warning: Warning PaperSprite PaperSpriteComponent /Game/EndlessRunner/Maps/2DSideScrollerExampleMap.2DSideScrollerExampleMap:PersistentLevel.BP_Coin_C_1028.PaperSprite : Externally referenced 
[2015.05.19-12.20.52:296][  0]MapCheck:Warning: Warning PaperSprite PaperSpriteComponent /Game/EndlessRunner/Maps/2DSideScrollerExampleMap.2DSideScrollerExampleMap:PersistentLevel.BP_Coin_C_1029.PaperSprite : Externally referenced 
[2015.05.19-12.20.52:297][  0]MapCheck:Warning: Warning PaperSprite PaperSpriteComponent /Game/EndlessRunner/Maps/2DSideScrollerExampleMap.2DSideScrollerExampleMap:PersistentLevel.BP_Coin_C_1030.PaperSprite : Externally referenced 
[2015.05.19-12.20.52:297][  0]MapCheck:Warning: Warning PaperSprite PaperSpriteComponent /Game/EndlessRunner/Maps/2DSideScrollerExampleMap.2DSideScrollerExampleMap:PersistentLevel.BP_Coin_C_1031.PaperSprite : Externally referenced 
[2015.05.19-12.20.52:297][  0]MapCheck:Warning: Warning PaperSprite PaperSpriteComponent /Game/EndlessRunner/Maps/2DSideScrollerExampleMap.2DSideScrollerExampleMap:PersistentLevel.BP_Coin_C_1032.PaperSprite : Externally referenced 
[2015.05.19-12.20.52:298][  0]MapCheck:Warning: Warning PaperSprite PaperSpriteComponent /Game/EndlessRunner/Maps/2DSideScrollerExampleMap.2DSideScrollerExampleMap:PersistentLevel.BP_Coin_C_1033.PaperSprite : Externally referenced 
[2015.05.19-12.20.52:298][  0]MapCheck:Warning: Warning PaperSprite PaperSpriteComponent /Game/EndlessRunner/Maps/2DSideScrollerExampleMap.2DSideScrollerExampleMap:PersistentLevel.BP_Coin_C_550.PaperSprite : Externally referenced 
[2015.05.19-12.20.52:298][  0]MapCheck:Warning: Warning PaperSprite PaperSpriteComponent /Game/EndlessRunner/Maps/2DSideScrollerExampleMap.2DSideScrollerExampleMap:PersistentLevel.BP_Coin_C_551.PaperSprite : Externally referenced 
[2015.05.19-12.20.52:299][  0]MapCheck:Warning: Warning PaperSprite PaperSpriteComponent /Game/EndlessRunner/Maps/2DSideScrollerExampleMap.2DSideScrollerExampleMap:PersistentLevel.BP_Coin_C_552.PaperSprite : Externally referenced 
[2015.05.19-12.20.52:299][  0]MapCheck:Warning: Warning PaperSprite PaperSpriteComponent /Game/EndlessRunner/Maps/2DSideScrollerExampleMap.2DSideScrollerExampleMap:PersistentLevel.BP_Coin_C_553.PaperSprite : Externally referenced 
[2015.05.19-12.20.52:299][  0]MapCheck:Warning: Warning PaperSprite PaperSpriteComponent /Game/EndlessRunner/Maps/2DSideScrollerExampleMap.2DSideScrollerExampleMap:PersistentLevel.BP_Coin_C_554.PaperSprite : Externally referenced 
[2015.05.19-12.20.52:299][  0]MapCheck:Warning: Warning PaperSprite PaperSpriteComponent /Game/EndlessRunner/Maps/2DSideScrollerExampleMap.2DSideScrollerExampleMap:PersistentLevel.BP_Coin_C_555.PaperSprite : Externally referenced 
[2015.05.19-12.20.52:300][  0]MapCheck:Warning: Warning PaperSprite PaperSpriteComponent /Game/EndlessRunner/Maps/2DSideScrollerExampleMap.2DSideScrollerExampleMap:PersistentLevel.BP_Coin_C_556.PaperSprite : Externally referenced 
[2015.05.19-12.20.52:300][  0]MapCheck:Warning: Warning PaperSprite PaperSpriteComponent /Game/EndlessRunner/Maps/2DSideScrollerExampleMap.2DSideScrollerExampleMap:PersistentLevel.BP_Coin_C_557.PaperSprite : Externally referenced 
[2015.05.19-12.20.52:300][  0]MapCheck:Warning: Warning PaperSprite PaperSpriteComponent /Game/EndlessRunner/Maps/2DSideScrollerExampleMap.2DSideScrollerExampleMap:PersistentLevel.BP_Coin_C_558.PaperSprite : Externally referenced 
[2015.05.19-12.20.52:301][  0]MapCheck:Warning: Warning PaperSprite PaperSpriteComponent /Game/EndlessRunner/Maps/2DSideScrollerExampleMap.2DSideScrollerExampleMap:PersistentLevel.BP_Coin_C_559.PaperSprite : Externally referenced 
[2015.05.19-12.20.52:301][  0]MapCheck:Warning: Warning PaperSprite PaperSpriteComponent /Game/EndlessRunner/Maps/2DSideScrollerExampleMap.2DSideScrollerExampleMap:PersistentLevel.BP_Coin_C_560.PaperSprite : Externally referenced 
[2015.05.19-12.20.52:301][  0]MapCheck:Warning: Warning PaperSprite PaperSpriteComponent /Game/EndlessRunner/Maps/2DSideScrollerExampleMap.2DSideScrollerExampleMap:PersistentLevel.BP_StartLevel_416.PaperSprite : Externally referenced 
[2015.05.19-12.20.52:302][  0]MapCheck:Warning: Warning PaperSprite PaperSpriteComponent /Game/EndlessRunner/Maps/2DSideScrollerExampleMap.2DSideScrollerExampleMap:PersistentLevel.BP_MidLevel_263.PaperSprite : Externally referenced 
[2015.05.19-12.20.52:302][  0]MapCheck:Warning: Warning PaperSprite PaperSpriteComponent /Game/EndlessRunner/Maps/2DSideScrollerExampleMap.2DSideScrollerExampleMap:PersistentLevel.LargeAsteroid_114.PaperSprite : Externally referenced 
[2015.05.19-12.20.52:302][  0]MapCheck:Warning: Warning RightEdge PaperSpriteComponent /Game/EndlessRunner/Maps/2DSideScrollerExampleMap.2DSideScrollerExampleMap:PersistentLevel.Gameplay_Screen_C_0.RightEdge : Externally referenced 
[2015.05.19-12.20.52:303][  0]MapCheck:Warning: Warning LeftEdge PaperSpriteComponent /Game/EndlessRunner/Maps/2DSideScrollerExampleMap.2DSideScrollerExampleMap:PersistentLevel.Gameplay_Screen_C_0.LeftEdge : Externally referenced 
[2015.05.19-12.20.52:303][  0]MapCheck:Warning: Warning TopEdge PaperSpriteComponent /Game/EndlessRunner/Maps/2DSideScrollerExampleMap.2DSideScrollerExampleMap:PersistentLevel.Gameplay_Screen_C_0.TopEdge : Externally referenced 
[2015.05.19-12.20.52:303][  0]MapCheck:Warning: Warning BottomEdge PaperSpriteComponent /Game/EndlessRunner/Maps/2DSideScrollerExampleMap.2DSideScrollerExampleMap:PersistentLevel.Gameplay_Screen_C_0.BottomEdge : Externally referenced 
[2015.05.19-12.20.52:304][  0]MapCheck:Warning: Warning PaperFlipbook PaperFlipbookComponent /Game/EndlessRunner/Maps/2DSideScrollerExampleMap.2DSideScrollerExampleMap:PersistentLevel.BP_Coin3_127.PaperFlipbook : Externally referenced 
[2015.05.19-12.20.52:304][  0]MapCheck:Warning: Warning PaperFlipbook PaperFlipbookComponent /Game/EndlessRunner/Maps/2DSideScrollerExampleMap.2DSideScrollerExampleMap:PersistentLevel.BP_Coin4_258.PaperFlipbook : Externally referenced 
[2015.05.19-12.20.52:304][  0]MapCheck:Warning: Warning PaperFlipbook PaperFlipbookComponent /Game/EndlessRunner/Maps/2DSideScrollerExampleMap.2DSideScrollerExampleMap:PersistentLevel.BP_Coin5_377.PaperFlipbook : Externally referenced 
[2015.05.19-12.20.52:305][  0]MapCheck:Warning: Warning PaperFlipbook PaperFlipbookComponent /Game/EndlessRunner/Maps/2DSideScrollerExampleMap.2DSideScrollerExampleMap:PersistentLevel.BP_Coin6_576.PaperFlipbook : Externally referenced 
[2015.05.19-12.20.52:305][  0]MapCheck:Warning: Warning PaperFlipbook PaperFlipbookComponent /Game/EndlessRunner/Maps/2DSideScrollerExampleMap.2DSideScrollerExampleMap:PersistentLevel.BP_Coin7_707.PaperFlipbook : Externally referenced 
[2015.05.19-12.20.52:305][  0]MapCheck:Warning: Warning PaperFlipbook PaperFlipbookComponent /Game/EndlessRunner/Maps/2DSideScrollerExampleMap.2DSideScrollerExampleMap:PersistentLevel.BP_Coin8_846.PaperFlipbook : Externally referenced 
[2015.05.19-12.20.52:305][  0]MapCheck:Warning: Warning PaperFlipbook PaperFlipbookComponent /Game/EndlessRunner/Maps/2DSideScrollerExampleMap.2DSideScrollerExampleMap:PersistentLevel.BP_Coin9_961.PaperFlipbook : Externally referenced 
[2015.05.19-12.20.52:306][  0]MapCheck:Warning: Warning PaperFlipbook PaperFlipbookComponent /Game/EndlessRunner/Maps/2DSideScrollerExampleMap.2DSideScrollerExampleMap:PersistentLevel.BP_Coin10_1092.PaperFlipbook : Externally referenced 
[2015.05.19-12.20.52:306][  0]MapCheck:Warning: Warning PaperFlipbook PaperFlipbookComponent /Game/EndlessRunner/Maps/2DSideScrollerExampleMap.2DSideScrollerExampleMap:PersistentLevel.BP_Coin11_1239.PaperFlipbook : Externally referenced 
[2015.05.19-12.20.52:306][  0]MapCheck:Warning: Warning PaperFlipbook PaperFlipbookComponent /Game/EndlessRunner/Maps/2DSideScrollerExampleMap.2DSideScrollerExampleMap:PersistentLevel.BP_Coin12_1430.PaperFlipbook : Externally referenced 
[2015.05.19-12.20.52:307][  0]MapCheck: Info Map check complete: 0 Error(s), 52 Warning(s), took 216.719ms to complete.
[2015.05.19-12.20.52:319][  0]LogFileHelpers: Loading map '2DSideScrollerExampleMap' took 7.136
[2015.05.19-12.20.52:443][  0]LogCollectionManager: Loaded 0 collections in 0.001382 seconds
[2015.05.19-12.20.52:453][  0]LogContentBrowser: Native class hierarchy populated in 0.0096 seconds. Added 1697 classes and 263 folders.
[2015.05.19-12.20.52:498][  0]LogContentBrowser: Native class hierarchy updated for 'SceneOutliner' in 0.0034 seconds. Added 1 classes and 2 folders.
[2015.05.19-12.20.52:562][  0]LogCrashTracker: Crashtracker disabled due to settings.
[2015.05.19-12.20.52:563][  0]LogSlate:Warning: Failed to load font data from 'Veranda'
[2015.05.19-12.20.52:600][  0]LogLoad: Full Startup: 19.94 seconds (BP compile: 3.10 seconds)
[2015.05.19-12.20.52:801][  0]LogRenderer:Warning: Reallocating scene render targets to support 1208x576 (Frame:2).
[2015.05.19-12.20.53:238][  5]LogAssetRegistry: Asset discovery search completed in 9.6562 seconds
[2015.05.19-12.20.55:157][221]LogPlayLevel: PIE:  No blueprints needed recompiling
[2015.05.19-12.20.56:399][221]PIE: New page: PIE session: 2DSideScrollerExampleMap (20 May 2015 8:20:56 am)
[2015.05.19-12.20.56:407][221]LogPlayLevel: PIE: StaticDuplicateObject took: (0.005842s)
[2015.05.19-12.20.56:408][221]LogPlayLevel: PIE: World Init took: (0.000542s)
[2015.05.19-12.20.56:408][221]LogPlayLevel: PIE: Created PIE world by copying editor world from /Game/EndlessRunner/Maps/2DSideScrollerExampleMap.2DSideScrollerExampleMap to /Game/EndlessRunner/Maps/UEDPIE_0_2DSideScrollerExampleMap.2DSideScrollerExampleMap (0.007223s)
[2015.05.19-12.20.56:458][221]LogWorld: Game class is 'RunGameMode_C'
[2015.05.19-12.20.56:461][221]LogAIModule: Creating AISystem for world 2DSideScrollerExampleMap
[2015.05.19-12.20.56:469][221]LogWorld: Bringing World /Game/EndlessRunner/Maps/UEDPIE_0_2DSideScrollerExampleMap.2DSideScrollerExampleMap up for play (max tick rate 0) at 2015.05.19-22.20.56
[2015.05.19-12.20.56:471][221]LogWorld: Bringing up level for play took: 0.009333
[2015.05.19-12.20.56:476][221]PIE: Info Play in editor start time for /Game/EndlessRunner/Maps/UEDPIE_0_2DSideScrollerExampleMap 1.447
[2015.05.19-12.20.59:787][579]LogParticles: Destroying 0 GPU particle simulations for FXSystem 0x000000002F6A2B60
[2015.05.19-12.21.00:729][685]LogPlayLevel: PIE:  No blueprints needed recompiling
[2015.05.19-12.21.00:730][685]PIE: New page: PIE session: 2DSideScrollerExampleMap (20 May 2015 8:21:00 am)
[2015.05.19-12.21.00:736][685]LogPlayLevel: PIE: StaticDuplicateObject took: (0.005670s)
[2015.05.19-12.21.00:737][685]LogPlayLevel: PIE: World Init took: (0.000519s)
[2015.05.19-12.21.00:738][685]LogPlayLevel: PIE: Created PIE world by copying editor world from /Game/EndlessRunner/Maps/2DSideScrollerExampleMap.2DSideScrollerExampleMap to /Game/EndlessRunner/Maps/UEDPIE_0_2DSideScrollerExampleMap.2DSideScrollerExampleMap (0.006865s)
[2015.05.19-12.21.00:770][685]LogWorld: Game class is 'RunGameMode_C'
[2015.05.19-12.21.00:773][685]LogAIModule: Creating AISystem for world 2DSideScrollerExampleMap
[2015.05.19-12.21.00:781][685]LogWorld: Bringing World /Game/EndlessRunner/Maps/UEDPIE_0_2DSideScrollerExampleMap.2DSideScrollerExampleMap up for play (max tick rate 0) at 2015.05.19-22.21.00
[2015.05.19-12.21.00:782][685]LogWorld: Bringing up level for play took: 0.009065
[2015.05.19-12.21.00:785][685]PIE: Info Play in editor start time for /Game/EndlessRunner/Maps/UEDPIE_0_2DSideScrollerExampleMap -0.245
[2015.05.19-12.21.02:288][858]LogParticles: Destroying 0 GPU particle simulations for FXSystem 0x000000002122C680
[2015.05.19-12.21.04:407][111]LogPlayLevel: PIE:  No blueprints needed recompiling
[2015.05.19-12.21.04:408][111]PIE: New page: PIE session: 2DSideScrollerExampleMap (20 May 2015 8:21:04 am)
[2015.05.19-12.21.04:414][111]LogPlayLevel: PIE: StaticDuplicateObject took: (0.005663s)
[2015.05.19-12.21.04:415][111]LogPlayLevel: PIE: World Init took: (0.000515s)
[2015.05.19-12.21.04:415][111]LogPlayLevel: PIE: Created PIE world by copying editor world from /Game/EndlessRunner/Maps/2DSideScrollerExampleMap.2DSideScrollerExampleMap to /Game/EndlessRunner/Maps/UEDPIE_0_2DSideScrollerExampleMap.2DSideScrollerExampleMap (0.006880s)
[2015.05.19-12.21.04:448][111]LogWorld: Game class is 'RunGameMode_C'
[2015.05.19-12.21.04:451][111]LogAIModule: Creating AISystem for world 2DSideScrollerExampleMap
[2015.05.19-12.21.04:459][111]LogWorld: Bringing World /Game/EndlessRunner/Maps/UEDPIE_0_2DSideScrollerExampleMap.2DSideScrollerExampleMap up for play (max tick rate 0) at 2015.05.19-22.21.04
[2015.05.19-12.21.04:460][111]LogWorld: Bringing up level for play took: 0.009018
[2015.05.19-12.21.04:463][111]PIE: Info Play in editor start time for /Game/EndlessRunner/Maps/UEDPIE_0_2DSideScrollerExampleMap -0.568
[2015.05.19-12.21.07:183][430]LogParticles: Destroying 0 GPU particle simulations for FXSystem 0x000000001B3EA3E0
[2015.05.19-12.21.43:257][714]LogContentBrowser:Verbose: The content browser source was changed by the sources view to '/Engine/MobileResources/HUD'
[2015.05.19-12.22.20:739][427]LogContentBrowser: Native class hierarchy updated for 'TextureEditor' in 0.0034 seconds. Added 1 classes and 2 folders.
[2015.05.19-12.23.27:123][519]LogContentBrowser:Verbose: The content browser source was changed by the sources view to '/Engine'
[2015.05.19-12.23.27:907][609]LogContentBrowser:Verbose: The content browser source was changed by the sources view to '/Game'
[2015.05.19-12.25.08:774][235]Cmd: QUIT_EDITOR
[2015.05.19-12.25.08:957][235]LogExit: Preparing to exit.
[2015.05.19-12.25.09:433][235]LogExit: Editor shut down
[2015.05.19-12.25.09:434][235]LogExit: Transaction tracking system shut down
[2015.05.19-12.25.09:449][235]LogParticles: Destroying 0 GPU particle simulations for FXSystem 0x0000000019A64CC0
[2015.05.19-12.25.09:450][235]LogParticles: Destroying 0 GPU particle simulations for FXSystem 0x00000000259C7060
[2015.05.19-12.25.09:450][235]LogParticles: Destroying 0 GPU particle simulations for FXSystem 0x00000000258147C0
[2015.05.19-12.25.09:489][235]LogExit: Object subsystem successfully closed.
[2015.05.19-12.25.09:527][235]LogModuleManager: Shutting down and abandoning module TextureEditor (180)
[2015.05.19-12.25.09:527][235]LogModuleManager: Shutting down and abandoning module ExternalImagePicker (179)
[2015.05.19-12.25.09:528][235]LogModuleManager: Shutting down and abandoning module CrashTracker (178)
[2015.05.19-12.25.09:528][235]LogModuleManager: Shutting down and abandoning module SuperSearch (177)
[2015.05.19-12.25.09:528][235]LogModuleManager: Shutting down and abandoning module SceneOutliner (176)
[2015.05.19-12.25.09:528][235]LogModuleManager: Shutting down and abandoning module EditorWidgets (175)
[2015.05.19-12.25.09:529][235]LogModuleManager: Shutting down and abandoning module CollectionManager (174)
[2015.05.19-12.25.09:529][235]LogModuleManager: Shutting down and abandoning module StatsViewer (173)
[2015.05.19-12.25.09:529][235]LogModuleManager: Shutting down and abandoning module FoliageEdit (172)
[2015.05.19-12.25.09:529][235]LogModuleManager: Shutting down and abandoning module LandscapeEditor (171)
[2015.05.19-12.25.09:530][235]LogModuleManager: Shutting down and abandoning module MeshPaint (170)
[2015.05.19-12.25.09:530][235]LogModuleManager: Shutting down and abandoning module ActorPickerMode (169)
[2015.05.19-12.25.09:530][235]LogModuleManager: Shutting down and abandoning module GeometryMode (168)
[2015.05.19-12.25.09:530][235]LogModuleManager: Shutting down and abandoning module TextureAlignMode (167)
[2015.05.19-12.25.09:530][235]LogModuleManager: Shutting down and abandoning module BspMode (166)
[2015.05.19-12.25.09:531][235]LogModuleManager: Shutting down and abandoning module PlacementMode (165)
[2015.05.19-12.25.09:531][235]LogModuleManager: Shutting down and abandoning module AutomationWorker (164)
[2015.05.19-12.25.09:531][235]LogModuleManager: Shutting down and abandoning module CharacterAI (163)
[2015.05.19-12.25.09:531][235]LogModuleManager: Shutting down and abandoning module SmartSnapping (162)
[2015.05.19-12.25.09:532][235]LogModuleManager: Shutting down and abandoning module ViewportSnapping (161)
[2015.05.19-12.25.09:532][235]LogModuleManager: Shutting down and abandoning module LogVisualizer (160)
[2015.05.19-12.25.09:532][235]LogModuleManager: Shutting down and abandoning module GameProjectGeneration (159)
[2015.05.19-12.25.09:532][235]LogModuleManager: Shutting down and abandoning module IntroTutorials (158)
[2015.05.19-12.25.09:533][235]LogModuleManager: Shutting down and abandoning module EditorLiveStreaming (157)
[2015.05.19-12.25.09:533][235]LogModuleManager: Shutting down and abandoning module HardwareTargeting (156)
[2015.05.19-12.25.09:533][235]LogModuleManager: Shutting down and abandoning module DeviceProfileEditor (155)
[2015.05.19-12.25.09:533][235]LogModuleManager: Shutting down and abandoning module UndoHistory (154)
[2015.05.19-12.25.09:534][235]LogModuleManager: Shutting down and abandoning module GameplayTagsEditor (153)
[2015.05.19-12.25.09:534][235]LogModuleManager: Shutting down and abandoning module UserFeedback (152)
[2015.05.19-12.25.09:534][235]LogModuleManager: Shutting down and abandoning module XmlParser (151)
[2015.05.19-12.25.09:534][235]LogModuleManager: Shutting down and abandoning module Blutility (150)
[2015.05.19-12.25.09:534][235]LogModuleManager: Shutting down and abandoning module IOSPlatformEditor (149)
[2015.05.19-12.25.09:535][235]LogModuleManager: Shutting down and abandoning module IOSRuntimeSettings (148)
[2015.05.19-12.25.09:535][235]LogModuleManager: Shutting down and abandoning module AndroidDeviceDetection (147)
[2015.05.19-12.25.09:741][235]LogModuleManager: Shutting down and abandoning module AndroidPlatformEditor (146)
[2015.05.19-12.25.09:742][235]LogModuleManager: Shutting down and abandoning module AndroidRuntimeSettings (145)
[2015.05.19-12.25.09:742][235]LogModuleManager: Shutting down and abandoning module ProjectTargetPlatformEditor (144)
[2015.05.19-12.25.09:742][235]LogModuleManager: Shutting down and abandoning module ProjectSettingsViewer (143)
[2015.05.19-12.25.09:743][235]LogModuleManager: Shutting down and abandoning module InputBindingEditor (142)
[2015.05.19-12.25.09:743][235]LogModuleManager: Shutting down and abandoning module EditorSettingsViewer (141)
[2015.05.19-12.25.09:743][235]LogModuleManager: Shutting down and abandoning module SettingsEditor (140)
[2015.05.19-12.25.09:743][235]LogModuleManager: Shutting down and abandoning module ProjectLauncher (139)
[2015.05.19-12.25.09:743][235]LogModuleManager: Shutting down and abandoning module SessionFrontend (138)
[2015.05.19-12.25.09:744][235]LogModuleManager: Shutting down and abandoning module ProfilerClient (137)
[2015.05.19-12.25.09:744][235]LogModuleManager: Shutting down and abandoning module TargetDeviceServices (136)
[2015.05.19-12.25.09:744][235]LogModuleManager: Shutting down and abandoning module DeviceManager (135)
[2015.05.19-12.25.09:744][235]LogModuleManager: Shutting down and abandoning module AutomationController (134)
[2015.05.19-12.25.09:745][235]LogModuleManager: Shutting down and abandoning module AutomationWindow (133)
[2015.05.19-12.25.09:745][235]LogModuleManager: Shutting down and abandoning module Layers (132)
[2015.05.19-12.25.09:745][235]LogModuleManager: Shutting down and abandoning module ComponentVisualizers (131)
[2015.05.19-12.25.09:745][235]LogModuleManager: Shutting down and abandoning module DetailCustomizations (130)
[2015.05.19-12.25.09:745][235]LogModuleManager: Shutting down and abandoning module PackagesDialog (129)
[2015.05.19-12.25.09:746][235]LogModuleManager: Shutting down and abandoning module AssetRegistry (128)
[2015.05.19-12.25.09:866][235]LogModuleManager: Shutting down and abandoning module Persona (127)
[2015.05.19-12.25.09:867][235]LogModuleManager: Shutting down and abandoning module SlateReflector (126)
[2015.05.19-12.25.09:867][235]LogModuleManager: Shutting down and abandoning module LevelEditor (125)
[2015.05.19-12.25.09:868][235]LogModuleManager: Shutting down and abandoning module Kismet (124)
[2015.05.19-12.25.09:869][235]LogModuleManager: Shutting down and abandoning module GraphEditor (123)
[2015.05.19-12.25.09:869][235]LogModuleManager: Shutting down and abandoning module ClassViewer (122)
[2015.05.19-12.25.09:869][235]LogModuleManager: Shutting down and abandoning module Toolbox (121)
[2015.05.19-12.25.09:869][235]LogModuleManager: Shutting down and abandoning module ModuleUI (120)
[2015.05.19-12.25.09:869][235]LogModuleManager: Shutting down and abandoning module MovieSceneTools (119)
[2015.05.19-12.25.09:870][235]LogModuleManager: Shutting down and abandoning module OutputLog (118)
[2015.05.19-12.25.09:870][235]LogModuleManager: Shutting down and abandoning module GammaUI (117)
[2015.05.19-12.25.09:870][235]LogModuleManager: Shutting down and abandoning module Documentation (116)
[2015.05.19-12.25.09:870][235]LogModuleManager: Shutting down and abandoning module GameLiveStreaming (115)
[2015.05.19-12.25.09:871][235]LogModuleManager: Shutting down and abandoning module StreamingPauseRendering (114)
[2015.05.19-12.25.09:871][235]LogModuleManager: Shutting down and abandoning module HTTP (113)
[2015.05.19-12.25.09:871][235]LogModuleManager: Shutting down and abandoning module AnalyticsET (112)
[2015.05.19-12.25.09:871][235]LogModuleManager: Shutting down and abandoning module Analytics (111)
[2015.05.19-12.25.09:872][235]LogModuleManager: Shutting down and abandoning module AITestSuite (110)
[2015.05.19-12.25.09:872][235]LogModuleManager: Shutting down and abandoning module GameplayDebugger (109)
[2015.05.19-12.25.09:872][235]LogModuleManager: Shutting down and abandoning module AIModule (108)
[2015.05.19-12.25.09:872][235]LogModuleManager: Shutting down and abandoning module ProfilerService (107)
[2015.05.19-12.25.09:991][235]LogModuleManager: Shutting down and abandoning module TaskGraph (106)
[2015.05.19-12.25.09:992][235]LogModuleManager: Shutting down and abandoning module SlateRemote (105)
[2015.05.19-12.25.09:992][235]LogModuleManager: Shutting down and abandoning module ScriptEditorPlugin (104)
[2015.05.19-12.25.09:992][235]LogModuleManager: Shutting down and abandoning module CustomMeshComponent (103)
[2015.05.19-12.25.09:992][235]LogModuleManager: Shutting down and abandoning module CableComponent (102)
[2015.05.19-12.25.09:992][235]LogModuleManager: Shutting down and abandoning module MessagingDebugger (101)
[2015.05.19-12.25.09:993][235]LogModuleManager: Shutting down and abandoning module MediaPlayerEditor (100)
[2015.05.19-12.25.09:993][235]LogModuleManager: Shutting down and abandoning module SpeedTreeImporter (99)
[2015.05.19-12.25.09:993][235]LogModuleManager: Shutting down and abandoning module PluginsEditor (98)
[2015.05.19-12.25.09:993][235]LogModuleManager: Shutting down and abandoning module MainFrame (97)
[2015.05.19-12.25.09:993][235]LogModuleManager: Shutting down and abandoning module EpicSurvey (96)
[2015.05.19-12.25.09:994][235]LogModuleManager: Shutting down and abandoning module DesktopPlatform (95)
[2015.05.19-12.25.09:994][235]LogModuleManager: Shutting down and abandoning module DirectoryWatcher (94)
[2015.05.19-12.25.09:994][235]LogModuleManager: Shutting down and abandoning module HotReload (93)
[2015.05.19-12.25.09:995][235]LogModuleManager: Shutting down and abandoning module VisualStudioSourceCodeAccess (92)
[2015.05.19-12.25.09:995][235]LogModuleManager: Shutting down and abandoning module UObjectPlugin (91)
[2015.05.19-12.25.09:995][235]LogModuleManager: Shutting down and abandoning module SubversionSourceControl (90)
[2015.05.19-12.25.09:995][235]LogModuleManager: Shutting down and abandoning module PerforceSourceControl (89)
[2015.05.19-12.25.09:996][235]LogModuleManager: Shutting down and abandoning module SourceControl (88)
[2015.05.19-12.25.09:996][235]LogModuleManager: Shutting down and abandoning module GitSourceControl (87)
[2015.05.19-12.25.09:996][235]LogModuleManager: Shutting down and abandoning module BlankPlugin (86)
[2015.05.19-12.25.09:996][235]LogModuleManager: Shutting down and abandoning module PaperTiledImporter (85)
[2015.05.19-12.25.09:996][235]LogModuleManager: Shutting down and abandoning module PaperJsonImporter (84)
[2015.05.19-12.25.09:997][235]LogModuleManager: Shutting down and abandoning module ContentBrowser (83)
[2015.05.19-12.25.09:997][235]LogModuleManager: Shutting down and abandoning module Paper2DEditor (82)
[2015.05.19-12.25.09:998][235]LogModuleManager: Shutting down and abandoning module SpaceRace (81)
[2015.05.19-12.25.09:998][235]LogModuleManager: Shutting down and abandoning module ScriptPlugin (80)
[2015.05.19-12.25.09:998][235]LogModuleManager: Shutting down and abandoning module UdpMessaging (79)
[2015.05.19-12.25.10:098][235]LogModuleManager: Shutting down and abandoning module Paper2D (78)
[2015.05.19-12.25.10:098][235]LogModuleManager: Shutting down and abandoning module WindowsMoviePlayer (77)
[2015.05.19-12.25.10:100][235]LogModuleManager: Shutting down and abandoning module Media (76)
[2015.05.19-12.25.10:100][235]LogModuleManager: Shutting down and abandoning module WmfMedia (75)
[2015.05.19-12.25.10:101][235]LogModuleManager: Shutting down and abandoning module OnlineBlueprintSupport (74)
[2015.05.19-12.25.10:101][235]LogModuleManager: Shutting down and abandoning module PropertyEditor (73)
[2015.05.19-12.25.10:102][235]LogModuleManager: Shutting down and abandoning module BehaviorTreeEditor (72)
[2015.05.19-12.25.10:102][235]LogModuleManager: Shutting down and abandoning module FunctionalTesting (71)
[2015.05.19-12.25.10:102][235]LogModuleManager: Shutting down and abandoning module CollisionAnalyzer (70)
[2015.05.19-12.25.10:102][235]LogModuleManager: Shutting down and abandoning module WorkspaceMenuStructure (69)
[2015.05.19-12.25.10:103][235]LogModuleManager: Shutting down and abandoning module MessageLog (68)
[2015.05.19-12.25.10:103][235]LogModuleManager: Shutting down and abandoning module Sequencer (67)
[2015.05.19-12.25.10:103][235]LogModuleManager: Shutting down and abandoning module AssetTools (66)
[2015.05.19-12.25.10:103][235]LogModuleManager: Shutting down and abandoning module UMGEditor (65)
[2015.05.19-12.25.10:103][235]LogModuleManager: Shutting down and abandoning module UMG (64)
[2015.05.19-12.25.10:103][235]LogModuleManager: Shutting down and abandoning module Slate (63)
[2015.05.19-12.25.10:104][235]LogModuleManager: Shutting down and abandoning module EditorStyle (62)
[2015.05.19-12.25.10:107][235]LogModuleManager: Shutting down and abandoning module SessionServices (61)
[2015.05.19-12.25.10:107][235]LogModuleManager: Shutting down and abandoning module SourceCodeAccess (60)
[2015.05.19-12.25.10:107][235]LogModuleManager: Shutting down and abandoning module HeadMountedDisplay (59)
[2015.05.19-12.25.10:107][235]LogModuleManager: Shutting down and abandoning module XAudio2 (58)
[2015.05.19-12.25.10:107][235]LogModuleManager: Shutting down and abandoning module Networking (56)
[2015.05.19-12.25.10:108][235]LogModuleManager: Shutting down and abandoning module Core (55)
[2015.05.19-12.25.10:108][235]LogModuleManager: Shutting down and abandoning module KismetCompiler (54)
[2015.05.19-12.25.10:108][235]LogModuleManager: Shutting down and abandoning module PhysXFormats (53)
[2015.05.19-12.25.10:108][235]LogModuleManager: Shutting down and abandoning module MeshUtilities (52)
[2015.05.19-12.25.10:108][235]LogModuleManager: Shutting down and abandoning module DerivedDataCache (51)
[2015.05.19-12.25.10:200][235]LogDerivedDataCache: Shutdown
[2015.05.19-12.25.10:201][235]LogModuleManager: Shutting down and abandoning module ShaderFormatOpenGL (50)
[2015.05.19-12.25.10:201][235]LogModuleManager: Shutting down and abandoning module ShaderFormatD3D (49)
[2015.05.19-12.25.10:201][235]LogModuleManager: Shutting down and abandoning module MetalShaderFormat (48)
[2015.05.19-12.25.10:201][235]LogModuleManager: Shutting down and abandoning module TextureFormatUncompressed (47)
[2015.05.19-12.25.10:201][235]LogModuleManager: Shutting down and abandoning module TextureFormatPVR (46)
[2015.05.19-12.25.10:202][235]LogModuleManager: Shutting down and abandoning module TextureFormatIntelISPCTexComp (45)
[2015.05.19-12.25.10:202][235]LogModuleManager: Shutting down and abandoning module TextureFormatDXT (44)
[2015.05.19-12.25.10:202][235]LogModuleManager: Shutting down and abandoning module ImageWrapper (43)
[2015.05.19-12.25.10:202][235]LogModuleManager: Shutting down and abandoning module TextureFormatASTC (42)
[2015.05.19-12.25.10:202][235]LogModuleManager: Shutting down and abandoning module TextureFormatAndroid (41)
[2015.05.19-12.25.10:203][235]LogModuleManager: Shutting down and abandoning module AudioFormatOpus (40)
[2015.05.19-12.25.10:203][235]LogModuleManager: Shutting down and abandoning module AudioFormatOgg (39)
[2015.05.19-12.25.10:203][235]LogModuleManager: Shutting down and abandoning module AudioFormatADPCM (38)
[2015.05.19-12.25.10:203][235]LogModuleManager: Shutting down and abandoning module LinuxTargetPlatform (37)
[2015.05.19-12.25.10:204][235]LogModuleManager: Shutting down and abandoning module LinuxServerTargetPlatform (36)
[2015.05.19-12.25.10:204][235]LogModuleManager: Shutting down and abandoning module LinuxNoEditorTargetPlatform (35)
[2015.05.19-12.25.10:204][235]LogModuleManager: Shutting down and abandoning module Messaging (34)
[2015.05.19-12.25.10:204][235]LogModuleManager: Shutting down and abandoning module IOSTargetPlatform (33)
[2015.05.19-12.25.10:204][235]LogModuleManager: Shutting down and abandoning module HTML5TargetPlatform (32)
[2015.05.19-12.25.10:205][235]LogModuleManager: Shutting down and abandoning module Android_PVRTCTargetPlatform (31)
[2015.05.19-12.25.10:205][235]LogModuleManager: Shutting down and abandoning module Android_ETC2TargetPlatform (30)
[2015.05.19-12.25.10:205][235]LogModuleManager: Shutting down and abandoning module Android_ETC1TargetPlatform (29)
[2015.05.19-12.25.10:205][235]LogModuleManager: Shutting down and abandoning module Android_ES31TargetPlatform (28)
[2015.05.19-12.25.10:205][235]LogModuleManager: Shutting down and abandoning module Android_DXTTargetPlatform (27)
[2015.05.19-12.25.10:206][235]LogModuleManager: Shutting down and abandoning module Android_ATCTargetPlatform (26)
[2015.05.19-12.25.10:206][235]LogModuleManager: Shutting down and abandoning module AndroidTargetPlatform (25)
[2015.05.19-12.25.10:206][235]LogModuleManager: Shutting down and abandoning module WindowsTargetPlatform (24)
[2015.05.19-12.25.10:206][235]LogModuleManager: Shutting down and abandoning module WindowsServerTargetPlatform (23)
[2015.05.19-12.25.10:206][235]LogModuleManager: Shutting down and abandoning module WindowsNoEditorTargetPlatform (22)
[2015.05.19-12.25.10:207][235]LogModuleManager: Shutting down and abandoning module WindowsClientTargetPlatform (21)
[2015.05.19-12.25.10:207][235]LogModuleManager: Shutting down and abandoning module TargetPlatform (20)
[2015.05.19-12.25.10:207][235]LogModuleManager: Shutting down and abandoning module InputCore (19)
[2015.05.19-12.25.10:207][235]LogModuleManager: Shutting down and abandoning module Settings (18)
[2015.05.19-12.25.10:207][235]LogModuleManager: Shutting down and abandoning module OnlineSubsystem (16)
[2015.05.19-12.25.10:208][235]LogModuleManager: Shutting down and abandoning module OculusRift (15)
[2015.05.19-12.25.10:208][235]LogModuleManager: Shutting down and abandoning module ExampleDeviceProfileSelector (14)
[2015.05.19-12.25.10:208][235]LogModuleManager: Shutting down and abandoning module TextureCompressor (13)
[2015.05.19-12.25.10:208][235]LogModuleManager: Shutting down and abandoning module ShaderCore (12)
[2015.05.19-12.25.10:209][235]LogModuleManager: Shutting down and abandoning module Landscape (11)
[2015.05.19-12.25.10:209][235]LogModuleManager: Shutting down and abandoning module SlateRHIRenderer (10)
[2015.05.19-12.25.10:211][235]LogModuleManager: Shutting down and abandoning module OpenGLDrv (9)
[2015.05.19-12.25.10:211][235]LogModuleManager: Shutting down and abandoning module D3D11RHI (8)
[2015.05.19-12.25.10:211][235]LogModuleManager: Shutting down and abandoning module Renderer (7)
[2015.05.19-12.25.10:211][235]LogModuleManager: Shutting down and abandoning module Engine (6)
[2015.05.19-12.25.10:212][235]LogModuleManager: Shutting down and abandoning module CoreUObject (5)
[2015.05.19-12.25.10:212][235]LogModuleManager: Shutting down and abandoning module NetworkFile (4)
[2015.05.19-12.25.10:212][235]LogModuleManager: Shutting down and abandoning module StreamingFile (3)
[2015.05.19-12.25.10:212][235]LogModuleManager: Shutting down and abandoning module SandboxFile (2)
[2015.05.19-12.25.10:212][235]LogModuleManager: Shutting down and abandoning module PakFile (1)
[2015.05.19-12.25.10:215][235]LogExit: Exiting.
[2015.05.19-12.25.10:225][235]Log file closed, 05/19/15 22:25:10
