Log file open, 05/20/15 06:58:14
LogInit:Display: Running engine for game: SpaceRace
LogInit: Version: 4.7.6-2513093+++depot+UE4-Releases+4.7
LogInit: API Version: 2455222
LogInit: Compiled (64-bit): Apr 15 2015 12:09:54
LogInit: Compiled with Visual C++: 18.00.21005.01
LogInit: Build Configuration: Development
LogInit: Branch Name: ++depot+UE4-Releases+4.7
LogInit: Command line: 
LogInit: Base directory: W:/Epic Games/4.7/Engine/Binaries/Win64/
LogInit: Rocket: 1
[2015.05.19-20.58.14:735][  0]LogTaskGraph: Started task graph with 3 named threads and 8 total threads.
[2015.05.19-20.58.14:808][  0]LogOnline:Warning: No default platform service specified for OnlineSubsystem
[2015.05.19-20.58.14:839][  0]LogInit: Presizing for 0 objects not considered by GC, pre-allocating 0 bytes.
[2015.05.19-20.58.14:848][  0]LogInit: Object subsystem initialized
[2015.05.19-20.58.14:850][  0]LogConsoleResponse:Warning: Skipping Unknown console variable: 'TranslucentSortAxis = (X=0.000000,Y=-1.000000,Z=0.000000)'
[2015.05.19-20.58.14:850][  0]LogConsoleResponse:Warning:   Found in ini file 'C:/Users/n8695164/Documents/GitHub/SpaceRace/Saved/Config/Windows/Engine.ini', in section '[/Script/Engine.RendererSettings]'
[2015.05.19-20.58.14:850][  0]LogConsoleResponse:Warning: Skipping Unknown console variable: 'UIScaleRule = ShortestSide'
[2015.05.19-20.58.14:851][  0]LogConsoleResponse:Warning:   Found in ini file 'C:/Users/n8695164/Documents/GitHub/SpaceRace/Saved/Config/Windows/Engine.ini', in section '[/Script/Engine.RendererSettings]'
[2015.05.19-20.58.14:851][  0]LogConsoleResponse:Warning: Skipping Unknown console variable: 'UIScaleCurve = (EditorCurveData=(Keys=),ExternalCurve=None)'
[2015.05.19-20.58.14:851][  0]LogConsoleResponse:Warning:   Found in ini file 'C:/Users/n8695164/Documents/GitHub/SpaceRace/Saved/Config/Windows/Engine.ini', in section '[/Script/Engine.RendererSettings]'
[2015.05.19-20.58.14:852][  0]LogInit: Selected Device Profile: [Windows]
[2015.05.19-20.58.14:852][  0]LogInit: Applying CVar settings loaded from the selected device profile: [Windows]
[2015.05.19-20.58.14:855][  0]LogInit: Computer: LAB-SEFS515-04
[2015.05.19-20.58.14:856][  0]LogInit: User: n8695164
[2015.05.19-20.58.14:856][  0]LogInit: CPU Page size=4096, Cores=6
[2015.05.19-20.58.14:856][  0]LogInit: High frequency timer resolution =3.222841 MHz
[2015.05.19-20.58.14:856][  0]LogMemory: Memory total: Physical=32.0GB (32GB approx) Virtual=8192.0GB
[2015.05.19-20.58.14:857][  0]LogMemory: Platform Memory Stats for Windows
[2015.05.19-20.58.14:857][  0]LogMemory: Process Physical Memory: 46.79 MB used, 46.79 MB peak
[2015.05.19-20.58.14:857][  0]LogMemory: Process Virtual Memory: 26.71 MB used, 26.71 MB peak
[2015.05.19-20.58.14:857][  0]LogMemory: Physical Memory: 5754.84 MB used, 32720.52 MB total
[2015.05.19-20.58.14:858][  0]LogMemory: Virtual Memory: 278.13 MB used, 8388608.00 MB total
[2015.05.19-20.58.14:908][  0]LogD3D11RHI: Found D3D11 adapter 0: NVIDIA GeForce GTX 680 (Feature Level 11_0)
[2015.05.19-20.58.14:909][  0]LogD3D11RHI: Adapter has 1990MB of dedicated video memory, 0MB of dedicated system memory, and 2048MB of shared system memory, 1 output[s]
[2015.05.19-20.58.14:909][  0]LogD3D11RHI: Chosen D3D11 Adapter Id = 0
[2015.05.19-20.58.14:914][  0]LogRHI: Texture pool is 1361 MB (70% of 1945 MB)
[2015.05.19-20.58.14:943][  0]LogD3D11RHI: Async texture creation enabled
[2015.05.19-20.58.15:005][  0]LogTextLocalizationManager: The requested culture ('en_AU') has no localization data; parent culture's ('en') localization data will be used.
[2015.05.19-20.58.15:058][  0]LogTextLocalizationManager:Warning: Loading localization resources contain conflicting entries for (Namespace:UICommands, Key:Save_ToolTip):
Resource: (W:/Epic Games/4.7/Engine/Content/Localization/Editor/en/Editor.locres) Hash: (-29098895) String: (Saves the current level to disk)
Resource: (W:/Epic Games/4.7/Engine/Content/Localization/Engine/en/Engine.locres) Hash: (-1280300587) String: (Save selected data to vlog file)
[2015.05.19-20.58.15:058][  0]LogTextLocalizationManager:Warning: Loading localization resources contain conflicting entries for (Namespace:ContentBrowser, Key:ImportAssetToolTip):
Resource: (W:/Epic Games/4.7/Engine/Content/Localization/Editor/en/Editor.locres) Hash: (-630476809) String: (Import to {0}...)
Resource: (W:/Epic Games/4.7/Engine/Content/Localization/Editor/en/Editor.locres) Hash: (1271782899) String: (Imports an asset from file to this folder.)
[2015.05.19-20.58.15:131][  0]LogContentStreaming: Texture pool size is 0.000000MB
[2015.05.19-20.58.17:336][  0]LogTargetPlatformManager:Display: Building Assets For Windows
[2015.05.19-20.58.17:865][  0]LogTargetPlatformManager:Display: Building Assets For Windows
[2015.05.19-20.58.17:938][  0]LogDerivedDataCache:Display: Max Cache Size: 512 MB
[2015.05.19-20.58.17:989][  0]LogDerivedDataCache: Loaded boot cache 0.05s 39MB C:/Users/n8695164/AppData/Local/UnrealEngine/4.7/DerivedDataCache/Boot.ddc.
[2015.05.19-20.58.17:989][  0]LogDerivedDataCache:Display: Loaded Boot cache: C:/Users/n8695164/AppData/Local/UnrealEngine/4.7/DerivedDataCache/Boot.ddc
[2015.05.19-20.58.17:990][  0]LogDerivedDataCache: FDerivedDataBackendGraph:  Pak pak cache file C:/Users/n8695164/Documents/GitHub/SpaceRace/DerivedDataCache/DDC.ddp not found, will not use a pak cache.
[2015.05.19-20.58.17:990][  0]LogDerivedDataCache: Unable to find inner node Pak for hierarchical cache Hierarchy.
[2015.05.19-20.58.18:101][  0]LogDerivedDataCache:Display: Pak cache opened for reading ../../../Engine/DerivedDataCache/Compressed.ddp.
[2015.05.19-20.58.18:112][  0]LogDerivedDataCache: Using Local data cache path C:/Users/n8695164/AppData/Local/UnrealEngine/Common/DerivedDataCache: Writable
[2015.05.19-20.58.18:391][  0]LogMeshUtilities: No automatic mesh reduction module available
[2015.05.19-20.58.18:392][  0]LogMeshUtilities: No automatic mesh merging module available
[2015.05.19-20.58.18:722][  0]LogInit: WinSock: version 1.1 (2.2), MaxSocks=32767, MaxUdp=65467
[2015.05.19-20.58.18:811][  0]LogSlate:Warning: Failed to load font data from '../../../Engine/Content/Slate/Fonts/Roboto-Italic.ttf'
[2015.05.19-20.58.19:680][  0]UdpMessaging: Initializing bridge on interface 0.0.0.0:0 to multicast group 230.0.0.1:6666.
[2015.05.19-20.58.19:959][  0]SourceControl: Info Source control is disabled
[2015.05.19-20.58.19:960][  0]SourceControl: Info Source control is disabled
[2015.05.19-20.58.19:960][  0]SourceControl: Info Source control is disabled
[2015.05.19-20.58.19:960][  0]LogSourceControl: RunCommandInternalRaw: 'git version'
[2015.05.19-20.58.19:960][  0]LogSourceControl: RunCommandInternalRaw: ExecProcess ReturnCode=2 OutResults=''
[2015.05.19-20.58.19:968][  0]SourceControl: Info Source control is disabled
[2015.05.19-20.58.20:232][  0]LogObj: 24236 objects as part of root set at end of initial load.
[2015.05.19-20.58.20:233][  0]LogUObjectAllocator: 5138800 out of 0 bytes used by permanent object pool.
[2015.05.19-20.58.20:320][  0]LogEngine: Initializing Engine...
[2015.05.19-20.58.23:459][  0]LogInit: XAudio2 using 'DELL S2340T-4 (NVIDIA High Definition Audio)' : 2 channels at 48 kHz using 16 bits per sample (channel mask 0x3)
[2015.05.19-20.58.23:476][  0]LogInit: FAudioDevice initialized.
[2015.05.19-20.58.23:515][  0]LogAIModule: Creating AISystem for world NewWorld
[2015.05.19-20.58.23:532][  0]LogDerivedDataCache: Saved boot cache 0.02s 39MB C:/Users/n8695164/AppData/Local/UnrealEngine/4.7/DerivedDataCache/Boot.ddc.
[2015.05.19-20.58.23:537][  0]LogInit: Texture streaming: Enabled
[2015.05.19-20.58.23:625][  0]LogAnalytics: Creating configured Analytics provider AnalyticsET
[2015.05.19-20.58.23:625][  0]LogAnalytics: ET APIKey = Rocket.Release. APIServer = http://et2.epicgames.com/ET2/. AppVersion = 4.7.6-2513093+++depot+UE4-Releases+4.7
[2015.05.19-20.58.23:625][  0]LogAnalytics: ET APIKey = Rocket.Release. DataRouterUploadURL = https://datarouter-public-service-gamedev.ol.epicgames.net/datarouter/api/v1/public/data. AppVersion = 4.7.6-2513093+++depot+UE4-Releases+4.7
[2015.05.19-20.58.23:626][  0]LogAnalytics: SetUserId e54a3c4247f39b2d12bdc7b239e6cb1e|2a92c9890bbe47f38451fa259ee33fd8|88cf9443-166a-43f7-9f17-b5321103ecb1
[2015.05.19-20.58.23:626][  0]LogAnalytics: AnalyticsET::StartSession [Rocket.Release]
[2015.05.19-20.58.23:645][  0]LogInit: Transaction tracking system initialized
[2015.05.19-20.58.23:911][  0]BlueprintLog: New page: Editor Load
[2015.05.19-20.58.23:952][  0]LogAssetRegistry: FAssetRegistry took 0.0102 seconds to start up
[2015.05.19-20.58.23:952][  0]LogDirectoryWatcher:Warning: Failed to begin reading directory changes for ../../../Engine/Plugins/Experimental/CharacterAI/Content/. Error: 0
[2015.05.19-20.58.24:505][  0]LogTargetPlatformManager:Display: Building Assets For Windows
[2015.05.19-20.58.24:833][  0]LogTargetPlatformManager:Display: Building Assets For Windows
[2015.05.19-20.58.25:200][  0]LogSlate:Warning: Failed to load font data from '../../../Engine/Content/Editor/Slate/Fonts/Roboto-Regular.ttf'
[2015.05.19-20.58.25:201][  0]LogSlate:Warning: Failed to load font data from '../../../Engine/Content/Editor/Slate/Fonts/Roboto-Bold.ttf'
[2015.05.19-20.58.25:205][  0]LogConsoleResponse:Display: 
[2015.05.19-20.58.25:316][  0]LogCook:Display: Done creating registry. It took  0.00s.
[2015.05.19-20.58.25:527][  0]SourceControl: Info Source control is disabled
[2015.05.19-20.58.25:527][  0]Cmd: MAP LOAD FILE="C:/Users/n8695164/Documents/GitHub/SpaceRace/Content/EndlessRunner/Maps/2DSideScrollerExampleMap.umap" TEMPLATE=0 SHOWPROGRESS=1 FEATURELEVEL=3
[2015.05.19-20.58.25:528][  0]LightingResults: New page: Lighting Build
[2015.05.19-20.58.25:540][  0]MapCheck: New page: Map Check
[2015.05.19-20.58.25:540][  0]LightingResults: New page: Lighting Build
[2015.05.19-20.58.25:546][  0]LogParticles: Destroying 0 GPU particle simulations for FXSystem 0x00000000139785E0
[2015.05.19-20.58.27:623][  0]LogBlueprint:Error: [compiler] Error Found more than one function with the same name BndEvt__Small Pirate_K2Node_ComponentBoundEvent_91_ComponentHitSignature__DelegateSignature; second occurance at  OnComponentHit (Small Pirate) 
[2015.05.19-20.58.27:623][  0]LogBlueprint:Error: [compiler] Error Found more than one function with the same name BndEvt__Small Pirate_K2Node_ComponentBoundEvent_91_ComponentHitSignature__DelegateSignature; second occurance at  OnComponentHit (Small Pirate) 
[2015.05.19-20.58.27:646][  0]LogBlueprint:Warning: [compiler] Warning [0014.73] Compile of Wave5 failed. 2 Fatal Issue(s) 0 Warning(s) [in 74 ms]
[2015.05.19-20.58.27:647][  0]LogBlueprint:Warning: [compiler] Warning [0014.73] Compile of Wave5 failed. 2 Fatal Issue(s) 1 Warning(s) [in 0 ms]
[2015.05.19-20.58.27:647][  0]LogBlueprint:Warning: [compiler] Warning [0014.73] Compile of Wave5 failed. 2 Fatal Issue(s) 2 Warning(s) [in 0 ms]
[2015.05.19-20.58.27:648][  0]LogBlueprint:Warning: [compiler] Warning [0014.73] Compile of Wave5 failed. 2 Fatal Issue(s) 3 Warning(s) [in 0 ms]
[2015.05.19-20.58.31:860][  0]LoadErrors:Error: Error Failed import for PaperSpriteComponent
[2015.05.19-20.58.31:861][  0]LoadErrors:Error: Error Failed import for PaperSpriteComponent
[2015.05.19-20.58.32:612][  0]LogEditorServer: Finished looking for orphan Actors (0.000 secs)
[2015.05.19-20.58.32:613][  0]LogAIModule: Creating AISystem for world 2DSideScrollerExampleMap
[2015.05.19-20.58.32:614][  0]Cmd: MAP CHECKDEP
[2015.05.19-20.58.32:615][  0]MapCheck: New page: 2DSideScrollerExampleMap - 20 May 2015 4:58:32 pm
[2015.05.19-20.58.33:017][  0]MapCheck:Warning: Warning Sprite0 PaperFlipbookComponent /Game/EndlessRunner/Maps/2DSideScrollerExampleMap.2DSideScrollerExampleMap:PersistentLevel.ShipCharacter_C_0.Sprite0 : Externally referenced 
[2015.05.19-20.58.33:018][  0]MapCheck:Warning: Warning PaperFlipbook1 PaperFlipbookComponent /Game/EndlessRunner/Maps/2DSideScrollerExampleMap.2DSideScrollerExampleMap:PersistentLevel.ShipCharacter_C_0.PaperFlipbook1 : Externally referenced 
[2015.05.19-20.58.33:018][  0]MapCheck:Warning: Warning PaperFlipbook2 PaperFlipbookComponent /Game/EndlessRunner/Maps/2DSideScrollerExampleMap.2DSideScrollerExampleMap:PersistentLevel.ShipCharacter_C_0.PaperFlipbook2 : Externally referenced 
[2015.05.19-20.58.33:019][  0]MapCheck:Warning: Warning PaperFlipbook PaperFlipbookComponent /Game/EndlessRunner/Maps/2DSideScrollerExampleMap.2DSideScrollerExampleMap:PersistentLevel.ShipCharacter_C_0.PaperFlipbook : Externally referenced 
[2015.05.19-20.58.33:019][  0]MapCheck:Warning: Warning PaperFlipbook PaperFlipbookComponent /Game/EndlessRunner/Maps/2DSideScrollerExampleMap.2DSideScrollerExampleMap:PersistentLevel.BP_Coin_C_2199.PaperFlipbook : Externally referenced 
[2015.05.19-20.58.33:019][  0]MapCheck:Warning: Warning PaperFlipbook PaperFlipbookComponent /Game/EndlessRunner/Maps/2DSideScrollerExampleMap.2DSideScrollerExampleMap:PersistentLevel.BP_Coin_C_2200.PaperFlipbook : Externally referenced 
[2015.05.19-20.58.33:020][  0]MapCheck:Warning: Warning PaperFlipbook PaperFlipbookComponent /Game/EndlessRunner/Maps/2DSideScrollerExampleMap.2DSideScrollerExampleMap:PersistentLevel.BP_Coin_C_2201.PaperFlipbook : Externally referenced 
[2015.05.19-20.58.33:020][  0]MapCheck:Warning: Warning PaperFlipbook PaperFlipbookComponent /Game/EndlessRunner/Maps/2DSideScrollerExampleMap.2DSideScrollerExampleMap:PersistentLevel.BP_Coin_C_2202.PaperFlipbook : Externally referenced 
[2015.05.19-20.58.33:020][  0]MapCheck:Warning: Warning PaperFlipbook PaperFlipbookComponent /Game/EndlessRunner/Maps/2DSideScrollerExampleMap.2DSideScrollerExampleMap:PersistentLevel.BP_Coin_C_2203.PaperFlipbook : Externally referenced 
[2015.05.19-20.58.33:021][  0]MapCheck:Warning: Warning PaperFlipbook PaperFlipbookComponent /Game/EndlessRunner/Maps/2DSideScrollerExampleMap.2DSideScrollerExampleMap:PersistentLevel.BP_Coin_C_2204.PaperFlipbook : Externally referenced 
[2015.05.19-20.58.33:021][  0]MapCheck:Warning: Warning PaperFlipbook PaperFlipbookComponent /Game/EndlessRunner/Maps/2DSideScrollerExampleMap.2DSideScrollerExampleMap:PersistentLevel.BP_Coin_C_2205.PaperFlipbook : Externally referenced 
[2015.05.19-20.58.33:021][  0]MapCheck:Warning: Warning PaperFlipbook PaperFlipbookComponent /Game/EndlessRunner/Maps/2DSideScrollerExampleMap.2DSideScrollerExampleMap:PersistentLevel.BP_Coin_C_2206.PaperFlipbook : Externally referenced 
[2015.05.19-20.58.33:022][  0]MapCheck:Warning: Warning PaperFlipbook PaperFlipbookComponent /Game/EndlessRunner/Maps/2DSideScrollerExampleMap.2DSideScrollerExampleMap:PersistentLevel.BP_Coin_C_2207.PaperFlipbook : Externally referenced 
[2015.05.19-20.58.33:022][  0]MapCheck:Warning: Warning PaperFlipbook PaperFlipbookComponent /Game/EndlessRunner/Maps/2DSideScrollerExampleMap.2DSideScrollerExampleMap:PersistentLevel.BP_Coin_C_2208.PaperFlipbook : Externally referenced 
[2015.05.19-20.58.33:022][  0]MapCheck:Warning: Warning PaperFlipbook PaperFlipbookComponent /Game/EndlessRunner/Maps/2DSideScrollerExampleMap.2DSideScrollerExampleMap:PersistentLevel.BP_Coin_C_2209.PaperFlipbook : Externally referenced 
[2015.05.19-20.58.33:023][  0]MapCheck:Warning: Warning PaperFlipbook PaperFlipbookComponent /Game/EndlessRunner/Maps/2DSideScrollerExampleMap.2DSideScrollerExampleMap:PersistentLevel.BP_Coin_C_1023.PaperFlipbook : Externally referenced 
[2015.05.19-20.58.33:023][  0]MapCheck:Warning: Warning PaperFlipbook PaperFlipbookComponent /Game/EndlessRunner/Maps/2DSideScrollerExampleMap.2DSideScrollerExampleMap:PersistentLevel.BP_Coin_C_1024.PaperFlipbook : Externally referenced 
[2015.05.19-20.58.33:023][  0]MapCheck:Warning: Warning PaperFlipbook PaperFlipbookComponent /Game/EndlessRunner/Maps/2DSideScrollerExampleMap.2DSideScrollerExampleMap:PersistentLevel.BP_Coin_C_1025.PaperFlipbook : Externally referenced 
[2015.05.19-20.58.33:024][  0]MapCheck:Warning: Warning PaperFlipbook PaperFlipbookComponent /Game/EndlessRunner/Maps/2DSideScrollerExampleMap.2DSideScrollerExampleMap:PersistentLevel.BP_Coin_C_1026.PaperFlipbook : Externally referenced 
[2015.05.19-20.58.33:024][  0]MapCheck:Warning: Warning PaperFlipbook PaperFlipbookComponent /Game/EndlessRunner/Maps/2DSideScrollerExampleMap.2DSideScrollerExampleMap:PersistentLevel.BP_Coin_C_1027.PaperFlipbook : Externally referenced 
[2015.05.19-20.58.33:024][  0]MapCheck:Warning: Warning PaperFlipbook PaperFlipbookComponent /Game/EndlessRunner/Maps/2DSideScrollerExampleMap.2DSideScrollerExampleMap:PersistentLevel.BP_Coin_C_1028.PaperFlipbook : Externally referenced 
[2015.05.19-20.58.33:025][  0]MapCheck:Warning: Warning PaperFlipbook PaperFlipbookComponent /Game/EndlessRunner/Maps/2DSideScrollerExampleMap.2DSideScrollerExampleMap:PersistentLevel.BP_Coin_C_1029.PaperFlipbook : Externally referenced 
[2015.05.19-20.58.33:025][  0]MapCheck:Warning: Warning PaperFlipbook PaperFlipbookComponent /Game/EndlessRunner/Maps/2DSideScrollerExampleMap.2DSideScrollerExampleMap:PersistentLevel.BP_Coin_C_1030.PaperFlipbook : Externally referenced 
[2015.05.19-20.58.33:025][  0]MapCheck:Warning: Warning PaperFlipbook PaperFlipbookComponent /Game/EndlessRunner/Maps/2DSideScrollerExampleMap.2DSideScrollerExampleMap:PersistentLevel.BP_Coin_C_1031.PaperFlipbook : Externally referenced 
[2015.05.19-20.58.33:026][  0]MapCheck:Warning: Warning PaperFlipbook PaperFlipbookComponent /Game/EndlessRunner/Maps/2DSideScrollerExampleMap.2DSideScrollerExampleMap:PersistentLevel.BP_Coin_C_1032.PaperFlipbook : Externally referenced 
[2015.05.19-20.58.33:026][  0]MapCheck:Warning: Warning PaperFlipbook PaperFlipbookComponent /Game/EndlessRunner/Maps/2DSideScrollerExampleMap.2DSideScrollerExampleMap:PersistentLevel.BP_Coin_C_1033.PaperFlipbook : Externally referenced 
[2015.05.19-20.58.33:026][  0]MapCheck:Warning: Warning PaperFlipbook PaperFlipbookComponent /Game/EndlessRunner/Maps/2DSideScrollerExampleMap.2DSideScrollerExampleMap:PersistentLevel.BP_Coin3_127.PaperFlipbook : Externally referenced 
[2015.05.19-20.58.33:026][  0]MapCheck:Warning: Warning PaperFlipbook PaperFlipbookComponent /Game/EndlessRunner/Maps/2DSideScrollerExampleMap.2DSideScrollerExampleMap:PersistentLevel.BP_Coin4_258.PaperFlipbook : Externally referenced 
[2015.05.19-20.58.33:027][  0]MapCheck:Warning: Warning PaperFlipbook PaperFlipbookComponent /Game/EndlessRunner/Maps/2DSideScrollerExampleMap.2DSideScrollerExampleMap:PersistentLevel.BP_Coin5_377.PaperFlipbook : Externally referenced 
[2015.05.19-20.58.33:027][  0]MapCheck:Warning: Warning PaperFlipbook PaperFlipbookComponent /Game/EndlessRunner/Maps/2DSideScrollerExampleMap.2DSideScrollerExampleMap:PersistentLevel.BP_Coin6_576.PaperFlipbook : Externally referenced 
[2015.05.19-20.58.33:027][  0]MapCheck:Warning: Warning PaperFlipbook PaperFlipbookComponent /Game/EndlessRunner/Maps/2DSideScrollerExampleMap.2DSideScrollerExampleMap:PersistentLevel.BP_Coin7_707.PaperFlipbook : Externally referenced 
[2015.05.19-20.58.33:028][  0]MapCheck:Warning: Warning PaperFlipbook PaperFlipbookComponent /Game/EndlessRunner/Maps/2DSideScrollerExampleMap.2DSideScrollerExampleMap:PersistentLevel.BP_Coin8_846.PaperFlipbook : Externally referenced 
[2015.05.19-20.58.33:028][  0]MapCheck:Warning: Warning PaperFlipbook PaperFlipbookComponent /Game/EndlessRunner/Maps/2DSideScrollerExampleMap.2DSideScrollerExampleMap:PersistentLevel.BP_Coin9_961.PaperFlipbook : Externally referenced 
[2015.05.19-20.58.33:028][  0]MapCheck:Warning: Warning PaperFlipbook PaperFlipbookComponent /Game/EndlessRunner/Maps/2DSideScrollerExampleMap.2DSideScrollerExampleMap:PersistentLevel.BP_Coin10_1092.PaperFlipbook : Externally referenced 
[2015.05.19-20.58.33:029][  0]MapCheck:Warning: Warning PaperFlipbook PaperFlipbookComponent /Game/EndlessRunner/Maps/2DSideScrollerExampleMap.2DSideScrollerExampleMap:PersistentLevel.BP_Coin11_1239.PaperFlipbook : Externally referenced 
[2015.05.19-20.58.33:029][  0]MapCheck:Warning: Warning PaperFlipbook PaperFlipbookComponent /Game/EndlessRunner/Maps/2DSideScrollerExampleMap.2DSideScrollerExampleMap:PersistentLevel.BP_Coin12_1430.PaperFlipbook : Externally referenced 
[2015.05.19-20.58.33:029][  0]MapCheck:Warning: Warning PaperFlipbook PaperFlipbookComponent /Game/EndlessRunner/Maps/2DSideScrollerExampleMap.2DSideScrollerExampleMap:PersistentLevel.BP_Coin_C_550.PaperFlipbook : Externally referenced 
[2015.05.19-20.58.33:030][  0]MapCheck:Warning: Warning PaperFlipbook PaperFlipbookComponent /Game/EndlessRunner/Maps/2DSideScrollerExampleMap.2DSideScrollerExampleMap:PersistentLevel.BP_Coin_C_551.PaperFlipbook : Externally referenced 
[2015.05.19-20.58.33:030][  0]MapCheck:Warning: Warning PaperFlipbook PaperFlipbookComponent /Game/EndlessRunner/Maps/2DSideScrollerExampleMap.2DSideScrollerExampleMap:PersistentLevel.BP_Coin_C_552.PaperFlipbook : Externally referenced 
[2015.05.19-20.58.33:030][  0]MapCheck:Warning: Warning PaperFlipbook PaperFlipbookComponent /Game/EndlessRunner/Maps/2DSideScrollerExampleMap.2DSideScrollerExampleMap:PersistentLevel.BP_Coin_C_553.PaperFlipbook : Externally referenced 
[2015.05.19-20.58.33:031][  0]MapCheck:Warning: Warning PaperFlipbook PaperFlipbookComponent /Game/EndlessRunner/Maps/2DSideScrollerExampleMap.2DSideScrollerExampleMap:PersistentLevel.BP_Coin_C_554.PaperFlipbook : Externally referenced 
[2015.05.19-20.58.33:031][  0]MapCheck:Warning: Warning PaperFlipbook PaperFlipbookComponent /Game/EndlessRunner/Maps/2DSideScrollerExampleMap.2DSideScrollerExampleMap:PersistentLevel.BP_Coin_C_555.PaperFlipbook : Externally referenced 
[2015.05.19-20.58.33:031][  0]MapCheck:Warning: Warning PaperFlipbook PaperFlipbookComponent /Game/EndlessRunner/Maps/2DSideScrollerExampleMap.2DSideScrollerExampleMap:PersistentLevel.BP_Coin_C_556.PaperFlipbook : Externally referenced 
[2015.05.19-20.58.33:032][  0]MapCheck:Warning: Warning PaperFlipbook PaperFlipbookComponent /Game/EndlessRunner/Maps/2DSideScrollerExampleMap.2DSideScrollerExampleMap:PersistentLevel.BP_Coin_C_557.PaperFlipbook : Externally referenced 
[2015.05.19-20.58.33:032][  0]MapCheck:Warning: Warning PaperFlipbook PaperFlipbookComponent /Game/EndlessRunner/Maps/2DSideScrollerExampleMap.2DSideScrollerExampleMap:PersistentLevel.BP_Coin_C_558.PaperFlipbook : Externally referenced 
[2015.05.19-20.58.33:032][  0]MapCheck:Warning: Warning PaperFlipbook PaperFlipbookComponent /Game/EndlessRunner/Maps/2DSideScrollerExampleMap.2DSideScrollerExampleMap:PersistentLevel.BP_Coin_C_559.PaperFlipbook : Externally referenced 
[2015.05.19-20.58.33:033][  0]MapCheck:Warning: Warning PaperFlipbook PaperFlipbookComponent /Game/EndlessRunner/Maps/2DSideScrollerExampleMap.2DSideScrollerExampleMap:PersistentLevel.BP_Coin_C_560.PaperFlipbook : Externally referenced 
[2015.05.19-20.58.33:033][  0]MapCheck:Warning: Warning PaperSprite PaperSpriteComponent /Game/EndlessRunner/Maps/2DSideScrollerExampleMap.2DSideScrollerExampleMap:PersistentLevel.BP_StartLevel_416.PaperSprite : Externally referenced 
[2015.05.19-20.58.33:033][  0]MapCheck:Warning: Warning PaperSprite PaperSpriteComponent /Game/EndlessRunner/Maps/2DSideScrollerExampleMap.2DSideScrollerExampleMap:PersistentLevel.BP_MidLevel_263.PaperSprite : Externally referenced 
[2015.05.19-20.58.33:033][  0]MapCheck:Warning: Warning PaperSprite PaperSpriteComponent /Game/EndlessRunner/Maps/2DSideScrollerExampleMap.2DSideScrollerExampleMap:PersistentLevel.LargeAsteroid_114.PaperSprite : Externally referenced 
[2015.05.19-20.58.33:034][  0]MapCheck:Warning: Warning RightEdge PaperSpriteComponent /Game/EndlessRunner/Maps/2DSideScrollerExampleMap.2DSideScrollerExampleMap:PersistentLevel.Gameplay_Screen_C_0.RightEdge : Externally referenced 
[2015.05.19-20.58.33:034][  0]MapCheck:Warning: Warning LeftEdge PaperSpriteComponent /Game/EndlessRunner/Maps/2DSideScrollerExampleMap.2DSideScrollerExampleMap:PersistentLevel.Gameplay_Screen_C_0.LeftEdge : Externally referenced 
[2015.05.19-20.58.33:034][  0]MapCheck:Warning: Warning TopEdge PaperSpriteComponent /Game/EndlessRunner/Maps/2DSideScrollerExampleMap.2DSideScrollerExampleMap:PersistentLevel.Gameplay_Screen_C_0.TopEdge : Externally referenced 
[2015.05.19-20.58.33:035][  0]MapCheck:Warning: Warning BottomEdge PaperSpriteComponent /Game/EndlessRunner/Maps/2DSideScrollerExampleMap.2DSideScrollerExampleMap:PersistentLevel.Gameplay_Screen_C_0.BottomEdge : Externally referenced 
[2015.05.19-20.58.33:035][  0]MapCheck: Info Map check complete: 0 Error(s), 54 Warning(s), took 420.443ms to complete.
[2015.05.19-20.58.33:048][  0]LogFileHelpers: Loading map '2DSideScrollerExampleMap' took 7.520
[2015.05.19-20.58.33:165][  0]LogCollectionManager: Loaded 0 collections in 0.001443 seconds
[2015.05.19-20.58.33:175][  0]LogContentBrowser: Native class hierarchy populated in 0.0096 seconds. Added 1697 classes and 263 folders.
[2015.05.19-20.58.33:230][  0]LogContentBrowser: Native class hierarchy updated for 'SceneOutliner' in 0.0054 seconds. Added 1 classes and 2 folders.
[2015.05.19-20.58.33:298][  0]LogCrashTracker: Crashtracker disabled due to settings.
[2015.05.19-20.58.33:299][  0]LogSlate:Warning: Failed to load font data from 'Veranda'
[2015.05.19-20.58.33:304][  0]LogUObjectGlobals:Warning: Failed to find object 'Class None.'
[2015.05.19-20.58.33:334][  0]LogLoad: Full Startup: 20.42 seconds (BP compile: 3.12 seconds)
[2015.05.19-20.58.33:369][  0]LogContentBrowser:Verbose: The content browser source was changed by the sources view to '/Game/EndlessRunner/Sound/InGame'
[2015.05.19-20.58.33:549][  0]LogRenderer:Warning: Reallocating scene render targets to support 1208x576 (Frame:2).
[2015.05.19-20.58.33:964][  6]LogAssetRegistry: Asset discovery search completed in 10.0218 seconds
[2015.05.19-20.58.39:105][602]LogPlayLevel: PIE:  No blueprints needed recompiling
[2015.05.19-20.58.40:352][602]PIE: New page: PIE session: 2DSideScrollerExampleMap (20 May 2015 4:58:40 pm)
[2015.05.19-20.58.40:360][602]LogPlayLevel: PIE: StaticDuplicateObject took: (0.005817s)
[2015.05.19-20.58.40:361][602]LogPlayLevel: PIE: World Init took: (0.000532s)
[2015.05.19-20.58.40:361][602]LogPlayLevel: PIE: Created PIE world by copying editor world from /Game/EndlessRunner/Maps/2DSideScrollerExampleMap.2DSideScrollerExampleMap to /Game/EndlessRunner/Maps/UEDPIE_0_2DSideScrollerExampleMap.2DSideScrollerExampleMap (0.007101s)
[2015.05.19-20.58.40:410][602]LogWorld: Game class is 'RunGameMode_C'
[2015.05.19-20.58.40:413][602]LogAIModule: Creating AISystem for world 2DSideScrollerExampleMap
[2015.05.19-20.58.40:421][602]LogWorld: Bringing World /Game/EndlessRunner/Maps/UEDPIE_0_2DSideScrollerExampleMap.2DSideScrollerExampleMap up for play (max tick rate 0) at 2015.05.20-06.58.40
[2015.05.19-20.58.40:422][602]LogWorld: Bringing up level for play took: 0.008647
[2015.05.19-20.58.40:438][602]PIE: Info Play in editor start time for /Game/EndlessRunner/Maps/UEDPIE_0_2DSideScrollerExampleMap 1.246
[2015.05.19-20.58.44:091][ 34]Cmd: RestartLevel
[2015.05.19-20.58.44:098][ 35]LogNet: Browse: /Game/EndlessRunner/Maps/2DSideScrollerExampleMap?restart
[2015.05.19-20.58.44:099][ 35]LogLoad: LoadMap: /Game/EndlessRunner/Maps/2DSideScrollerExampleMap
[2015.05.19-20.58.44:164][ 35]LogParticles: Destroying 0 GPU particle simulations for FXSystem 0x000000001DDCD440
[2015.05.19-20.58.44:199][ 35]Cmd: MEM
[2015.05.19-20.58.44:218][ 35]LogMemory: Platform Memory Stats for Windows
[2015.05.19-20.58.44:219][ 35]LogMemory: Process Physical Memory: 658.02 MB used, 742.87 MB peak
[2015.05.19-20.58.44:219][ 35]LogMemory: Process Virtual Memory: 568.20 MB used, 662.86 MB peak
[2015.05.19-20.58.44:219][ 35]LogMemory: Physical Memory: 6793.69 MB used, 32720.52 MB total
[2015.05.19-20.58.44:220][ 35]LogMemory: Virtual Memory: 1130.34 MB used, 8388608.00 MB total
[2015.05.19-20.58.44:220][ 35]LogMemory: 
[2015.05.19-20.58.44:220][ 35]Allocator Stats for TBB: (not implemented)
[2015.05.19-20.58.44:227][ 35]LogPlayLevel: PIE: StaticDuplicateObject took: (0.006089s)
[2015.05.19-20.58.44:227][ 35]LogPlayLevel: PIE: World Init took: (0.000515s)
[2015.05.19-20.58.44:228][ 35]LogPlayLevel: PIE: Created PIE world by copying editor world from /Game/EndlessRunner/Maps/2DSideScrollerExampleMap.2DSideScrollerExampleMap to /Game/EndlessRunner/Maps/UEDPIE_0_2DSideScrollerExampleMap.2DSideScrollerExampleMap (0.007260s)
[2015.05.19-20.58.44:228][ 35]LogWorld: Game class is 'RunGameMode_C'
[2015.05.19-20.58.44:231][ 35]LogAIModule: Creating AISystem for world 2DSideScrollerExampleMap
[2015.05.19-20.58.44:239][ 35]LogWorld: Bringing World /Game/EndlessRunner/Maps/UEDPIE_0_2DSideScrollerExampleMap.2DSideScrollerExampleMap up for play (max tick rate 0) at 2015.05.20-06.58.44
[2015.05.19-20.58.44:240][ 35]LogWorld: Bringing up level for play took: 0.008401
[2015.05.19-20.58.46:678][321]LogParticles: Destroying 0 GPU particle simulations for FXSystem 0x000000001AD647C0
[2015.05.19-20.58.49:612][659]LogEditorViewport: Clicking on Actor (LMB): BP_StartLevel_C (BP_StartLevel)
[2015.05.19-20.58.51:823][910]LogContentBrowser:Verbose: The content browser source was changed by the sources view to '/Game/EndlessRunner/Maps'
[2015.05.19-20.58.55:971][379]Cmd: MAP LOAD FILE="C:/Users/n8695164/Documents/GitHub/SpaceRace/Content/EndlessRunner/Maps/HomeScreen.umap" TEMPLATE=0 SHOWPROGRESS=1 FEATURELEVEL=3
[2015.05.19-20.58.55:971][379]LightingResults: New page: Lighting Build
[2015.05.19-20.58.55:998][379]LoadErrors: New page: Loading map: HomeScreen.umap
[2015.05.19-20.58.56:000][379]MapCheck: New page: Map Check
[2015.05.19-20.58.56:000][379]LightingResults: New page: Lighting Build
[2015.05.19-20.58.56:010][379]LogParticles: Destroying 0 GPU particle simulations for FXSystem 0x0000000018E99300
[2015.05.19-20.58.56:023][379]LogEditorServer: Finished looking for orphan Actors (0.000 secs)
[2015.05.19-20.58.56:024][379]LogAIModule: Creating AISystem for world HomeScreen
[2015.05.19-20.58.56:040][379]Cmd: MAP CHECKDEP
[2015.05.19-20.58.56:041][379]MapCheck: New page: HomeScreen - 20 May 2015 4:58:56 pm
[2015.05.19-20.58.56:259][379]MapCheck:Warning: Warning BGM_HOME_Cue_6 AudioComponent /Game/EndlessRunner/Maps/HomeScreen.HomeScreen:PersistentLevel.BGM_HOME_Cue_6.AudioComponent0 : Externally referenced 
[2015.05.19-20.58.56:259][379]MapCheck:Warning: Warning BG_HomeScreen_C_0 PaperSpriteComponent /Game/EndlessRunner/Maps/HomeScreen.HomeScreen:PersistentLevel.BG_HomeScreen_C_0.PaperSprite : Externally referenced 
[2015.05.19-20.58.56:260][379]MapCheck: Info Map check complete: 0 Error(s), 2 Warning(s), took 218.898ms to complete.
[2015.05.19-20.58.56:270][379]LogFileHelpers: Loading map 'HomeScreen' took 0.301
[2015.05.19-20.58.58:154][563]LogEditorViewport: Clicking on Actor (LMB): BG_HomeScreen_C (BG_HomeScreen)
[2015.05.19-20.58.59:028][664]BlueprintLog: New page: Pre-PIE auto-recompile
[2015.05.19-20.58.59:029][664]LogPlayLevel: [PIE] Compiling HomeScreen before PIE...
[2015.05.19-20.58.59:084][664]LogPlayLevel: PIE:  Blueprint regeneration took 56 ms (1 blueprints)
[2015.05.19-20.58.59:085][664]PIE: New page: PIE session: HomeScreen (20 May 2015 4:58:59 pm)
[2015.05.19-20.58.59:090][664]LogPlayLevel: PIE: StaticDuplicateObject took: (0.004099s)
[2015.05.19-20.58.59:091][664]LogPlayLevel: PIE: World Init took: (0.000518s)
[2015.05.19-20.58.59:091][664]LogPlayLevel: PIE: Created PIE world by copying editor world from /Game/EndlessRunner/Maps/HomeScreen.HomeScreen to /Game/EndlessRunner/Maps/UEDPIE_0_HomeScreen.HomeScreen (0.005243s)
[2015.05.19-20.58.59:123][664]LogWorld: Game class is 'GameMode'
[2015.05.19-20.58.59:125][664]LogAIModule: Creating AISystem for world HomeScreen
[2015.05.19-20.58.59:126][664]LogWorld: Bringing World /Game/EndlessRunner/Maps/UEDPIE_0_HomeScreen.HomeScreen up for play (max tick rate 0) at 2015.05.20-06.58.59
[2015.05.19-20.58.59:127][664]LogWorld: Bringing up level for play took: 0.001566
[2015.05.19-20.58.59:130][664]PIE: Info Play in editor start time for /Game/EndlessRunner/Maps/UEDPIE_0_HomeScreen -0.063
[2015.05.19-20.58.59:848][742]LogPackageName: SearchForPackageOnDisk took   0.060s to resolve 2DSideScrollerExampleMap.umap
[2015.05.19-20.58.59:907][742]LogPackageName: SearchForPackageOnDisk took   0.058s to resolve 2DSideScrollerExampleMap.umap
[2015.05.19-20.58.59:907][742]LogNet: Browse: /Game/EndlessRunner/Maps/2DSideScrollerExampleMap
[2015.05.19-20.58.59:908][742]LogLoad: LoadMap: /Game/EndlessRunner/Maps/2DSideScrollerExampleMap
[2015.05.19-20.58.59:929][742]LogParticles: Destroying 0 GPU particle simulations for FXSystem 0x000000001BCAF600
[2015.05.19-20.58.59:929][742]Cmd: MEM
[2015.05.19-20.58.59:948][742]LogMemory: Platform Memory Stats for Windows
[2015.05.19-20.58.59:948][742]LogMemory: Process Physical Memory: 667.30 MB used, 742.87 MB peak
[2015.05.19-20.58.59:949][742]LogMemory: Process Virtual Memory: 572.36 MB used, 662.86 MB peak
[2015.05.19-20.58.59:949][742]LogMemory: Physical Memory: 6782.15 MB used, 32720.52 MB total
[2015.05.19-20.58.59:949][742]LogMemory: Virtual Memory: 1133.41 MB used, 8388608.00 MB total
[2015.05.19-20.58.59:949][742]LogMemory: 
[2015.05.19-20.58.59:950][742]Allocator Stats for TBB: (not implemented)
[2015.05.19-20.58.59:960][742]LoadErrors:Error: Error Failed import for PaperSpriteComponent
[2015.05.19-20.58.59:960][742]LoadErrors:Error: Error Failed import for PaperSpriteComponent
[2015.05.19-20.59.00:376][742]LogWorld: Game class is 'RunGameMode_C'
[2015.05.19-20.59.00:378][742]LogAIModule: Creating AISystem for world 2DSideScrollerExampleMap
[2015.05.19-20.59.00:406][742]LogWorld: Bringing World /Game/EndlessRunner/Maps/UEDPIE_0_2DSideScrollerExampleMap.2DSideScrollerExampleMap up for play (max tick rate 0) at 2015.05.20-06.59.00
[2015.05.19-20.59.00:409][742]LogWorld: Bringing up level for play took: 0.029584
[2015.05.19-20.59.02:950][ 32]Cmd: RestartLevel
[2015.05.19-20.59.02:958][ 33]LogNet: Browse: /Game/EndlessRunner/Maps/2DSideScrollerExampleMap?restart
[2015.05.19-20.59.02:958][ 33]LogLoad: LoadMap: /Game/EndlessRunner/Maps/2DSideScrollerExampleMap
[2015.05.19-20.59.02:971][ 33]LogParticles: Destroying 0 GPU particle simulations for FXSystem 0x00000000193214E0
[2015.05.19-20.59.02:982][ 33]Cmd: MEM
[2015.05.19-20.59.03:001][ 33]LogMemory: Platform Memory Stats for Windows
[2015.05.19-20.59.03:001][ 33]LogMemory: Process Physical Memory: 716.77 MB used, 750.04 MB peak
[2015.05.19-20.59.03:002][ 33]LogMemory: Process Virtual Memory: 624.63 MB used, 662.86 MB peak
[2015.05.19-20.59.03:002][ 33]LogMemory: Physical Memory: 6822.48 MB used, 32720.52 MB total
[2015.05.19-20.59.03:002][ 33]LogMemory: Virtual Memory: 1184.53 MB used, 8388608.00 MB total
[2015.05.19-20.59.03:003][ 33]LogMemory: 
[2015.05.19-20.59.03:003][ 33]Allocator Stats for TBB: (not implemented)
[2015.05.19-20.59.03:870][ 33]LoadErrors:Error: Error Failed import for PaperSpriteComponent
[2015.05.19-20.59.03:871][ 33]LoadErrors:Error: Error Failed import for PaperSpriteComponent
[2015.05.19-20.59.04:179][ 33]LogWorld: Game class is 'RunGameMode_C'
[2015.05.19-20.59.04:182][ 33]LogAIModule: Creating AISystem for world 2DSideScrollerExampleMap
[2015.05.19-20.59.04:213][ 33]LogWorld: Bringing World /Game/EndlessRunner/Maps/UEDPIE_0_2DSideScrollerExampleMap.2DSideScrollerExampleMap up for play (max tick rate 0) at 2015.05.20-06.59.04
[2015.05.19-20.59.04:218][ 33]LogWorld: Bringing up level for play took: 0.024275
[2015.05.19-20.59.08:894][581]LogBlueprintUserMessages: Hello
[2015.05.19-20.59.11:823][925]LogParticles: Destroying 0 GPU particle simulations for FXSystem 0x000000001930CAE0
[2015.05.19-20.59.17:448][591]LogContentBrowser:Verbose: The content browser source was changed by the sources view to '/Game/EndlessRunner/Blueprints'
[2015.05.19-21.00.08:624][180]BlueprintLog: New page: Compile ShipCharacter
[2015.05.19-21.00.08:779][180]LogActorComponent: UnregisterComponent: (/Engine/Transient.ProjectileMovementComponent_1) Not registered. Aborting.
[2015.05.19-21.00.08:828][180]BlueprintEditorCompileResults: Info [0115.90] Compile of ShipCharacter successful! [in 203 ms]
[2015.05.19-21.00.10:078][323]BlueprintLog: New page: Pre-PIE auto-recompile
[2015.05.19-21.00.10:082][323]LogPlayLevel: [PIE] Compiling BP_Coin before PIE...
[2015.05.19-21.00.10:137][323]LogPlayLevel: [PIE] Compiling BP_StartLevel before PIE...
[2015.05.19-21.00.10:341][323]LogPlayLevel: [PIE] Compiling BP_Asteroid before PIE...
[2015.05.19-21.00.10:392][323]LogPlayLevel: [PIE] Compiling BP_Coin2 before PIE...
[2015.05.19-21.00.10:446][323]LogPlayLevel: [PIE] Compiling LargeAsteroid before PIE...
[2015.05.19-21.00.10:496][323]LogPlayLevel: [PIE] Compiling HomeScreen before PIE...
[2015.05.19-21.00.10:545][323]LogPlayLevel: [PIE] Compiling RunHUD before PIE...
[2015.05.19-21.00.10:554][323]LogBlueprint:Error: [compiler] Error Binding: Property ' bIsEnabledDelegate ' on Widget ' Coin gauge ': Member:Get_Coin gauge_bIsEnabled_0 Unable to bind Float Property, unsupported type.
[2015.05.19-21.00.10:641][323]LogBlueprint:Warning: [compiler] Warning [0117.72] Compile of RunHUD failed. 1 Fatal Issue(s) 0 Warning(s) [in 92 ms]
[2015.05.19-21.00.10:642][323]LogBlueprint:Warning: [compiler] Warning [0117.72] Compile of RunHUD failed. 1 Fatal Issue(s) 1 Warning(s) [in 0 ms]
[2015.05.19-21.00.10:642][323]LogBlueprint:Warning: [compiler] Warning [0117.72] Compile of RunHUD failed. 1 Fatal Issue(s) 2 Warning(s) [in 0 ms]
[2015.05.19-21.00.10:645][323]LogBlueprint:Warning: [compiler] Warning [0117.72] Compile of RunHUD failed. 1 Fatal Issue(s) 3 Warning(s) [in 3 ms]
[2015.05.19-21.00.10:653][323]LogBlueprint:Warning: [compiler] Warning [0117.73] Compile of RunHUD failed. 1 Fatal Issue(s) 4 Warning(s) [in 7 ms]
[2015.05.19-21.00.10:654][323]LogBlueprint:Warning: [compiler] Warning [0117.73] Compile of RunHUD failed. 1 Fatal Issue(s) 5 Warning(s) [in 0 ms]
[2015.05.19-21.00.10:657][323]LogPlayLevel: [PIE] Compiling RunGameMode before PIE...
[2015.05.19-21.00.10:728][323]LogPlayLevel: [PIE] Compiling BP_EndLevel before PIE...
[2015.05.19-21.00.10:771][323]LogPlayLevel: [PIE] Compiling BP_MidLevel before PIE...
[2015.05.19-21.00.10:817][323]LogPlayLevel: [PIE] Compiling ShipCharacter before PIE...
[2015.05.19-21.00.11:013][323]LogPlayLevel: PIE:  Blueprint regeneration took 934 ms (11 blueprints)
[2015.05.19-21.00.12:139][323]BlueprintLog: Info Blueprint RunHUD failed to compile
[2015.05.19-21.00.12:140][323]PIE: New page: PIE session: HomeScreen (20 May 2015 5:00:12 pm)
[2015.05.19-21.00.12:146][323]LogPlayLevel: PIE: StaticDuplicateObject took: (0.004201s)
[2015.05.19-21.00.12:147][323]LogPlayLevel: PIE: World Init took: (0.000508s)
[2015.05.19-21.00.12:147][323]LogPlayLevel: PIE: Created PIE world by copying editor world from /Game/EndlessRunner/Maps/HomeScreen.HomeScreen to /Game/EndlessRunner/Maps/UEDPIE_0_HomeScreen.HomeScreen (0.005350s)
[2015.05.19-21.00.12:178][323]LogWorld: Game class is 'GameMode'
[2015.05.19-21.00.12:180][323]LogAIModule: Creating AISystem for world HomeScreen
[2015.05.19-21.00.12:181][323]LogWorld: Bringing World /Game/EndlessRunner/Maps/UEDPIE_0_HomeScreen.HomeScreen up for play (max tick rate 0) at 2015.05.20-07.00.12
[2015.05.19-21.00.12:182][323]LogWorld: Bringing up level for play took: 0.001586
[2015.05.19-21.00.12:185][323]PIE: Info Play in editor start time for /Game/EndlessRunner/Maps/UEDPIE_0_HomeScreen 2.983
[2015.05.19-21.00.13:144][429]LogPackageName: SearchForPackageOnDisk took   0.065s to resolve 2DSideScrollerExampleMap.umap
[2015.05.19-21.00.13:209][429]LogPackageName: SearchForPackageOnDisk took   0.063s to resolve 2DSideScrollerExampleMap.umap
[2015.05.19-21.00.13:209][429]LogNet: Browse: /Game/EndlessRunner/Maps/2DSideScrollerExampleMap
[2015.05.19-21.00.13:209][429]LogLoad: LoadMap: /Game/EndlessRunner/Maps/2DSideScrollerExampleMap
[2015.05.19-21.00.13:236][429]LogParticles: Destroying 0 GPU particle simulations for FXSystem 0x0000000018AC2020
[2015.05.19-21.00.13:237][429]Cmd: MEM
[2015.05.19-21.00.13:260][429]LogMemory: Platform Memory Stats for Windows
[2015.05.19-21.00.13:260][429]LogMemory: Process Physical Memory: 828.10 MB used, 832.18 MB peak
[2015.05.19-21.00.13:261][429]LogMemory: Process Virtual Memory: 731.30 MB used, 735.40 MB peak
[2015.05.19-21.00.13:261][429]LogMemory: Physical Memory: 6936.21 MB used, 32720.52 MB total
[2015.05.19-21.00.13:261][429]LogMemory: Virtual Memory: 1272.29 MB used, 8388608.00 MB total
[2015.05.19-21.00.13:261][429]LogMemory: 
[2015.05.19-21.00.13:262][429]Allocator Stats for TBB: (not implemented)
[2015.05.19-21.00.14:081][429]LoadErrors:Error: Error Failed import for PaperSpriteComponent
[2015.05.19-21.00.14:081][429]LoadErrors:Error: Error Failed import for PaperSpriteComponent
[2015.05.19-21.00.14:387][429]LogWorld: Game class is 'RunGameMode_C'
[2015.05.19-21.00.14:391][429]LogAIModule: Creating AISystem for world 2DSideScrollerExampleMap
[2015.05.19-21.00.14:421][429]LogWorld: Bringing World /Game/EndlessRunner/Maps/UEDPIE_0_2DSideScrollerExampleMap.2DSideScrollerExampleMap up for play (max tick rate 0) at 2015.05.20-07.00.14
[2015.05.19-21.00.14:422][429]LogWorld: Bringing up level for play took: 0.020870
[2015.05.19-21.00.16:812][707]Cmd: RestartLevel
[2015.05.19-21.00.16:873][707]LogPackageName: SearchForPackageOnDisk took   0.060s to resolve GameOver.umap
[2015.05.19-21.00.16:942][708]LogPackageName: SearchForPackageOnDisk took   0.060s to resolve GameOver.umap
[2015.05.19-21.00.16:942][708]LogNet: Browse: /Game/EndlessRunner/Maps/GameOver
[2015.05.19-21.00.16:942][708]LogLoad: LoadMap: /Game/EndlessRunner/Maps/GameOver
[2015.05.19-21.00.16:971][708]LogParticles: Destroying 0 GPU particle simulations for FXSystem 0x00000000158618A0
[2015.05.19-21.00.16:972][708]Cmd: MEM
[2015.05.19-21.00.16:995][708]LogMemory: Platform Memory Stats for Windows
[2015.05.19-21.00.16:995][708]LogMemory: Process Physical Memory: 833.69 MB used, 908.20 MB peak
[2015.05.19-21.00.16:996][708]LogMemory: Process Virtual Memory: 736.81 MB used, 811.59 MB peak
[2015.05.19-21.00.16:996][708]LogMemory: Physical Memory: 6936.84 MB used, 32720.52 MB total
[2015.05.19-21.00.16:996][708]LogMemory: Virtual Memory: 1276.97 MB used, 8388608.00 MB total
[2015.05.19-21.00.16:997][708]LogMemory: 
[2015.05.19-21.00.16:997][708]Allocator Stats for TBB: (not implemented)
[2015.05.19-21.00.17:190][708]LogTexture:Display: Building textures: temp-gameoverbg (AutoDXT)
[2015.05.19-21.00.19:251][708]LogTexture:Display: Building textures: Game_Over (AutoDXT)
[2015.05.19-21.00.19:681][708]LogWorld: Game class is 'GameMode'
[2015.05.19-21.00.19:684][708]LogAIModule: Creating AISystem for world GameOver
[2015.05.19-21.00.19:686][708]LogWorld: Bringing World /Game/EndlessRunner/Maps/UEDPIE_0_GameOver.GameOver up for play (max tick rate 0) at 2015.05.20-07.00.19
[2015.05.19-21.00.19:688][708]LogWorld: Bringing up level for play took: 0.002820
[2015.05.19-21.00.19:689][708]LogGameMode: Warning - PATHS NOT DEFINED or NO PLAYERSTART with positive rating
[2015.05.19-21.00.28:057][701]LogParticles: Destroying 0 GPU particle simulations for FXSystem 0x0000000022195BC0
[2015.05.19-21.00.29:368][852]BlueprintLog: New page: Pre-PIE auto-recompile
[2015.05.19-21.00.29:372][852]LogPlayLevel: [PIE] Compiling BP_Coin before PIE...
[2015.05.19-21.00.29:426][852]LogPlayLevel: [PIE] Compiling BP_StartLevel before PIE...
[2015.05.19-21.00.29:628][852]LogPlayLevel: [PIE] Compiling BP_Asteroid before PIE...
[2015.05.19-21.00.29:678][852]LogPlayLevel: [PIE] Compiling BP_Coin2 before PIE...
[2015.05.19-21.00.29:732][852]LogPlayLevel: [PIE] Compiling LargeAsteroid before PIE...
[2015.05.19-21.00.29:783][852]LogPlayLevel: [PIE] Compiling HomeScreen before PIE...
[2015.05.19-21.00.29:832][852]LogPlayLevel: [PIE] Compiling RunHUD before PIE...
[2015.05.19-21.00.29:840][852]LogBlueprint:Error: [compiler] Error Binding: Property ' bIsEnabledDelegate ' on Widget ' Coin gauge ': Member:Get_Coin gauge_bIsEnabled_0 Unable to bind Float Property, unsupported type.
[2015.05.19-21.00.29:914][852]LogBlueprint:Warning: [compiler] Warning [0136.99] Compile of RunHUD failed. 1 Fatal Issue(s) 0 Warning(s) [in 78 ms]
[2015.05.19-21.00.29:915][852]LogBlueprint:Warning: [compiler] Warning [0136.99] Compile of RunHUD failed. 1 Fatal Issue(s) 1 Warning(s) [in 0 ms]
[2015.05.19-21.00.29:915][852]LogBlueprint:Warning: [compiler] Warning [0136.99] Compile of RunHUD failed. 1 Fatal Issue(s) 2 Warning(s) [in 0 ms]
[2015.05.19-21.00.29:919][852]LogBlueprint:Warning: [compiler] Warning [0136.99] Compile of RunHUD failed. 1 Fatal Issue(s) 3 Warning(s) [in 3 ms]
[2015.05.19-21.00.29:927][852]LogBlueprint:Warning: [compiler] Warning [0137.00] Compile of RunHUD failed. 1 Fatal Issue(s) 4 Warning(s) [in 7 ms]
[2015.05.19-21.00.29:927][852]LogBlueprint:Warning: [compiler] Warning [0137.00] Compile of RunHUD failed. 1 Fatal Issue(s) 5 Warning(s) [in 0 ms]
[2015.05.19-21.00.29:931][852]LogPlayLevel: [PIE] Compiling RunGameMode before PIE...
[2015.05.19-21.00.30:002][852]LogPlayLevel: [PIE] Compiling BP_EndLevel before PIE...
[2015.05.19-21.00.30:045][852]LogPlayLevel: [PIE] Compiling BP_MidLevel before PIE...
[2015.05.19-21.00.30:090][852]LogPlayLevel: [PIE] Compiling ShipCharacter before PIE...
[2015.05.19-21.00.30:287][852]LogPlayLevel: PIE:  Blueprint regeneration took 919 ms (11 blueprints)
[2015.05.19-21.00.31:164][852]BlueprintLog: Info Blueprint RunHUD failed to compile
[2015.05.19-21.00.31:165][852]PIE: New page: PIE session: HomeScreen (20 May 2015 5:00:31 pm)
[2015.05.19-21.00.31:171][852]LogPlayLevel: PIE: StaticDuplicateObject took: (0.004224s)
[2015.05.19-21.00.31:171][852]LogPlayLevel: PIE: World Init took: (0.000523s)
[2015.05.19-21.00.31:172][852]LogPlayLevel: PIE: Created PIE world by copying editor world from /Game/EndlessRunner/Maps/HomeScreen.HomeScreen to /Game/EndlessRunner/Maps/UEDPIE_0_HomeScreen.HomeScreen (0.005456s)
[2015.05.19-21.00.31:207][852]LogWorld: Game class is 'GameMode'
[2015.05.19-21.00.31:209][852]LogAIModule: Creating AISystem for world HomeScreen
[2015.05.19-21.00.31:210][852]LogWorld: Bringing World /Game/EndlessRunner/Maps/UEDPIE_0_HomeScreen.HomeScreen up for play (max tick rate 0) at 2015.05.20-07.00.31
[2015.05.19-21.00.31:211][852]LogWorld: Bringing up level for play took: 0.001572
[2015.05.19-21.00.31:214][852]PIE: Info Play in editor start time for /Game/EndlessRunner/Maps/UEDPIE_0_HomeScreen 2.01
[2015.05.19-21.00.31:991][936]LogPackageName: SearchForPackageOnDisk took   0.065s to resolve 2DSideScrollerExampleMap.umap
[2015.05.19-21.00.32:055][936]LogPackageName: SearchForPackageOnDisk took   0.063s to resolve 2DSideScrollerExampleMap.umap
[2015.05.19-21.00.32:055][936]LogNet: Browse: /Game/EndlessRunner/Maps/2DSideScrollerExampleMap
[2015.05.19-21.00.32:056][936]LogLoad: LoadMap: /Game/EndlessRunner/Maps/2DSideScrollerExampleMap
[2015.05.19-21.00.32:082][936]LogParticles: Destroying 0 GPU particle simulations for FXSystem 0x00000000120BA520
[2015.05.19-21.00.32:083][936]Cmd: MEM
[2015.05.19-21.00.32:106][936]LogMemory: Platform Memory Stats for Windows
[2015.05.19-21.00.32:107][936]LogMemory: Process Physical Memory: 839.56 MB used, 908.20 MB peak
[2015.05.19-21.00.32:107][936]LogMemory: Process Virtual Memory: 742.50 MB used, 811.59 MB peak
[2015.05.19-21.00.32:107][936]LogMemory: Physical Memory: 6942.05 MB used, 32720.52 MB total
[2015.05.19-21.00.32:107][936]LogMemory: Virtual Memory: 1283.04 MB used, 8388608.00 MB total
[2015.05.19-21.00.32:108][936]LogMemory: 
[2015.05.19-21.00.32:108][936]Allocator Stats for TBB: (not implemented)
[2015.05.19-21.00.32:966][936]LoadErrors:Error: Error Failed import for PaperSpriteComponent
[2015.05.19-21.00.32:967][936]LoadErrors:Error: Error Failed import for PaperSpriteComponent
[2015.05.19-21.00.33:269][936]LogWorld: Game class is 'RunGameMode_C'
[2015.05.19-21.00.33:273][936]LogAIModule: Creating AISystem for world 2DSideScrollerExampleMap
[2015.05.19-21.00.33:296][936]LogWorld: Bringing World /Game/EndlessRunner/Maps/UEDPIE_0_2DSideScrollerExampleMap.2DSideScrollerExampleMap up for play (max tick rate 0) at 2015.05.20-07.00.33
[2015.05.19-21.00.33:297][936]LogWorld: Bringing up level for play took: 0.023489
[2015.05.19-21.00.35:639][213]Cmd: RestartLevel
[2015.05.19-21.00.35:699][213]LogPackageName: SearchForPackageOnDisk took   0.059s to resolve GameOver.umap
[2015.05.19-21.00.35:765][214]LogPackageName: SearchForPackageOnDisk took   0.058s to resolve GameOver.umap
[2015.05.19-21.00.35:766][214]LogNet: Browse: /Game/EndlessRunner/Maps/GameOver
[2015.05.19-21.00.35:766][214]LogLoad: LoadMap: /Game/EndlessRunner/Maps/GameOver
[2015.05.19-21.00.35:795][214]LogParticles: Destroying 0 GPU particle simulations for FXSystem 0x0000000022196840
[2015.05.19-21.00.35:796][214]Cmd: MEM
[2015.05.19-21.00.35:819][214]LogMemory: Platform Memory Stats for Windows
[2015.05.19-21.00.35:820][214]LogMemory: Process Physical Memory: 839.69 MB used, 926.50 MB peak
[2015.05.19-21.00.35:820][214]LogMemory: Process Virtual Memory: 742.58 MB used, 829.57 MB peak
[2015.05.19-21.00.35:820][214]LogMemory: Physical Memory: 6944.14 MB used, 32720.52 MB total
[2015.05.19-21.00.35:820][214]LogMemory: Virtual Memory: 1283.04 MB used, 8388608.00 MB total
[2015.05.19-21.00.35:821][214]LogMemory: 
[2015.05.19-21.00.35:821][214]Allocator Stats for TBB: (not implemented)
[2015.05.19-21.00.35:912][214]LogWorld: Game class is 'GameMode'
[2015.05.19-21.00.35:915][214]LogAIModule: Creating AISystem for world GameOver
[2015.05.19-21.00.35:918][214]LogWorld: Bringing World /Game/EndlessRunner/Maps/UEDPIE_0_GameOver.GameOver up for play (max tick rate 0) at 2015.05.20-07.00.35
[2015.05.19-21.00.35:919][214]LogWorld: Bringing up level for play took: 0.002975
[2015.05.19-21.00.35:920][214]LogGameMode: Warning - PATHS NOT DEFINED or NO PLAYERSTART with positive rating
[2015.05.19-21.00.37:715][418]LogPackageName: SearchForPackageOnDisk took   0.063s to resolve HomeScreen.umap
[2015.05.19-21.00.37:779][418]LogPackageName: SearchForPackageOnDisk took   0.062s to resolve HomeScreen.umap
[2015.05.19-21.00.37:779][418]LogNet: Browse: /Game/EndlessRunner/Maps/HomeScreen
[2015.05.19-21.00.37:779][418]LogLoad: LoadMap: /Game/EndlessRunner/Maps/HomeScreen
[2015.05.19-21.00.37:807][418]LogParticles: Destroying 0 GPU particle simulations for FXSystem 0x0000000011DC8360
[2015.05.19-21.00.37:808][418]Cmd: MEM
[2015.05.19-21.00.37:831][418]LogMemory: Platform Memory Stats for Windows
[2015.05.19-21.00.37:831][418]LogMemory: Process Physical Memory: 841.76 MB used, 926.50 MB peak
[2015.05.19-21.00.37:832][418]LogMemory: Process Virtual Memory: 744.64 MB used, 829.57 MB peak
[2015.05.19-21.00.37:832][418]LogMemory: Physical Memory: 6946.29 MB used, 32720.52 MB total
[2015.05.19-21.00.37:832][418]LogMemory: Virtual Memory: 1285.04 MB used, 8388608.00 MB total
[2015.05.19-21.00.37:832][418]LogMemory: 
[2015.05.19-21.00.37:833][418]Allocator Stats for TBB: (not implemented)
[2015.05.19-21.00.37:837][418]LogPlayLevel: PIE: StaticDuplicateObject took: (0.004246s)
[2015.05.19-21.00.37:838][418]LogPlayLevel: PIE: World Init took: (0.000519s)
[2015.05.19-21.00.37:838][418]LogPlayLevel: PIE: Created PIE world by copying editor world from /Game/EndlessRunner/Maps/HomeScreen.HomeScreen to /Game/EndlessRunner/Maps/UEDPIE_0_HomeScreen.HomeScreen (0.005386s)
[2015.05.19-21.00.37:840][418]LogWorld: Game class is 'GameMode'
[2015.05.19-21.00.37:842][418]LogAIModule: Creating AISystem for world HomeScreen
[2015.05.19-21.00.37:843][418]LogWorld: Bringing World /Game/EndlessRunner/Maps/UEDPIE_0_HomeScreen.HomeScreen up for play (max tick rate 0) at 2015.05.20-07.00.37
[2015.05.19-21.00.37:844][418]LogWorld: Bringing up level for play took: 0.001565
[2015.05.19-21.00.37:844][418]LogGameMode: Warning - PATHS NOT DEFINED or NO PLAYERSTART with positive rating
[2015.05.19-21.00.39:716][634]LogPackageName: SearchForPackageOnDisk took   0.063s to resolve 2DSideScrollerExampleMap.umap
[2015.05.19-21.00.39:780][634]LogPackageName: SearchForPackageOnDisk took   0.062s to resolve 2DSideScrollerExampleMap.umap
[2015.05.19-21.00.39:780][634]LogNet: Browse: /Game/EndlessRunner/Maps/2DSideScrollerExampleMap
[2015.05.19-21.00.39:780][634]LogLoad: LoadMap: /Game/EndlessRunner/Maps/2DSideScrollerExampleMap
[2015.05.19-21.00.39:798][634]LogParticles: Destroying 0 GPU particle simulations for FXSystem 0x0000000019DD6FC0
[2015.05.19-21.00.39:809][634]Cmd: MEM
[2015.05.19-21.00.39:832][634]LogMemory: Platform Memory Stats for Windows
[2015.05.19-21.00.39:832][634]LogMemory: Process Physical Memory: 839.75 MB used, 926.50 MB peak
[2015.05.19-21.00.39:833][634]LogMemory: Process Virtual Memory: 742.64 MB used, 829.57 MB peak
[2015.05.19-21.00.39:833][634]LogMemory: Physical Memory: 6943.81 MB used, 32720.52 MB total
[2015.05.19-21.00.39:833][634]LogMemory: Virtual Memory: 1283.04 MB used, 8388608.00 MB total
[2015.05.19-21.00.39:834][634]LogMemory: 
[2015.05.19-21.00.39:834][634]Allocator Stats for TBB: (not implemented)
[2015.05.19-21.00.40:694][634]LoadErrors:Error: Error Failed import for PaperSpriteComponent
[2015.05.19-21.00.40:694][634]LoadErrors:Error: Error Failed import for PaperSpriteComponent
[2015.05.19-21.00.40:998][634]LogWorld: Game class is 'RunGameMode_C'
[2015.05.19-21.00.41:001][634]LogAIModule: Creating AISystem for world 2DSideScrollerExampleMap
[2015.05.19-21.00.41:023][634]LogWorld: Bringing World /Game/EndlessRunner/Maps/UEDPIE_0_2DSideScrollerExampleMap.2DSideScrollerExampleMap up for play (max tick rate 0) at 2015.05.20-07.00.41
[2015.05.19-21.00.41:024][634]LogWorld: Bringing up level for play took: 0.021233
[2015.05.19-21.00.43:476][924]Cmd: RestartLevel
[2015.05.19-21.00.43:537][924]LogPackageName: SearchForPackageOnDisk took   0.059s to resolve GameOver.umap
[2015.05.19-21.00.43:604][925]LogPackageName: SearchForPackageOnDisk took   0.059s to resolve GameOver.umap
[2015.05.19-21.00.43:604][925]LogNet: Browse: /Game/EndlessRunner/Maps/GameOver
[2015.05.19-21.00.43:605][925]LogLoad: LoadMap: /Game/EndlessRunner/Maps/GameOver
[2015.05.19-21.00.43:634][925]LogParticles: Destroying 0 GPU particle simulations for FXSystem 0x000000001888C7C0
[2015.05.19-21.00.43:634][925]Cmd: MEM
[2015.05.19-21.00.43:657][925]LogMemory: Platform Memory Stats for Windows
[2015.05.19-21.00.43:658][925]LogMemory: Process Physical Memory: 839.80 MB used, 931.59 MB peak
[2015.05.19-21.00.43:658][925]LogMemory: Process Virtual Memory: 742.59 MB used, 834.58 MB peak
[2015.05.19-21.00.43:658][925]LogMemory: Physical Memory: 6948.50 MB used, 32720.52 MB total
[2015.05.19-21.00.43:658][925]LogMemory: Virtual Memory: 1278.22 MB used, 8388608.00 MB total
[2015.05.19-21.00.43:659][925]LogMemory: 
[2015.05.19-21.00.43:659][925]Allocator Stats for TBB: (not implemented)
[2015.05.19-21.00.43:751][925]LogWorld: Game class is 'GameMode'
[2015.05.19-21.00.43:754][925]LogAIModule: Creating AISystem for world GameOver
[2015.05.19-21.00.43:756][925]LogWorld: Bringing World /Game/EndlessRunner/Maps/UEDPIE_0_GameOver.GameOver up for play (max tick rate 0) at 2015.05.20-07.00.43
[2015.05.19-21.00.43:757][925]LogWorld: Bringing up level for play took: 0.002564
[2015.05.19-21.00.43:758][925]LogGameMode: Warning - PATHS NOT DEFINED or NO PLAYERSTART with positive rating
[2015.05.19-21.00.44:375][988]LogPackageName: SearchForPackageOnDisk took   0.063s to resolve 2DSideScrollerExampleMap.umap
[2015.05.19-21.00.44:439][988]LogPackageName: SearchForPackageOnDisk took   0.063s to resolve 2DSideScrollerExampleMap.umap
[2015.05.19-21.00.44:439][988]LogNet: Browse: /Game/EndlessRunner/Maps/2DSideScrollerExampleMap
[2015.05.19-21.00.44:439][988]LogLoad: LoadMap: /Game/EndlessRunner/Maps/2DSideScrollerExampleMap
[2015.05.19-21.00.44:467][988]LogParticles: Destroying 0 GPU particle simulations for FXSystem 0x000000002E0345E0
[2015.05.19-21.00.44:468][988]Cmd: MEM
[2015.05.19-21.00.44:491][988]LogMemory: Platform Memory Stats for Windows
[2015.05.19-21.00.44:491][988]LogMemory: Process Physical Memory: 843.87 MB used, 931.59 MB peak
[2015.05.19-21.00.44:491][988]LogMemory: Process Virtual Memory: 746.66 MB used, 834.58 MB peak
[2015.05.19-21.00.44:492][988]LogMemory: Physical Memory: 6948.04 MB used, 32720.52 MB total
[2015.05.19-21.00.44:492][988]LogMemory: Virtual Memory: 1282.22 MB used, 8388608.00 MB total
[2015.05.19-21.00.44:492][988]LogMemory: 
[2015.05.19-21.00.44:492][988]Allocator Stats for TBB: (not implemented)
[2015.05.19-21.00.45:270][988]LoadErrors:Error: Error Failed import for PaperSpriteComponent
[2015.05.19-21.00.45:271][988]LoadErrors:Error: Error Failed import for PaperSpriteComponent
[2015.05.19-21.00.45:497][988]LogWorld: Game class is 'RunGameMode_C'
[2015.05.19-21.00.45:500][988]LogAIModule: Creating AISystem for world 2DSideScrollerExampleMap
[2015.05.19-21.00.45:520][988]LogWorld: Bringing World /Game/EndlessRunner/Maps/UEDPIE_0_2DSideScrollerExampleMap.2DSideScrollerExampleMap up for play (max tick rate 0) at 2015.05.20-07.00.45
[2015.05.19-21.00.45:522][988]LogWorld: Bringing up level for play took: 0.020826
[2015.05.19-21.00.48:251][313]Cmd: RestartLevel
[2015.05.19-21.00.48:311][313]LogPackageName: SearchForPackageOnDisk took   0.059s to resolve GameOver.umap
[2015.05.19-21.00.48:378][314]LogPackageName: SearchForPackageOnDisk took   0.058s to resolve GameOver.umap
[2015.05.19-21.00.48:378][314]LogNet: Browse: /Game/EndlessRunner/Maps/GameOver
[2015.05.19-21.00.48:379][314]LogLoad: LoadMap: /Game/EndlessRunner/Maps/GameOver
[2015.05.19-21.00.48:408][314]LogParticles: Destroying 0 GPU particle simulations for FXSystem 0x000000000AC6B9C0
[2015.05.19-21.00.48:409][314]Cmd: MEM
[2015.05.19-21.00.48:432][314]LogMemory: Platform Memory Stats for Windows
[2015.05.19-21.00.48:432][314]LogMemory: Process Physical Memory: 839.87 MB used, 931.70 MB peak
[2015.05.19-21.00.48:433][314]LogMemory: Process Virtual Memory: 742.66 MB used, 834.59 MB peak
[2015.05.19-21.00.48:433][314]LogMemory: Physical Memory: 6943.84 MB used, 32720.52 MB total
[2015.05.19-21.00.48:433][314]LogMemory: Virtual Memory: 1278.22 MB used, 8388608.00 MB total
[2015.05.19-21.00.48:433][314]LogMemory: 
[2015.05.19-21.00.48:434][314]Allocator Stats for TBB: (not implemented)
[2015.05.19-21.00.48:515][314]LogWorld: Game class is 'GameMode'
[2015.05.19-21.00.48:518][314]LogAIModule: Creating AISystem for world GameOver
[2015.05.19-21.00.48:520][314]LogWorld: Bringing World /Game/EndlessRunner/Maps/UEDPIE_0_GameOver.GameOver up for play (max tick rate 0) at 2015.05.20-07.00.48
[2015.05.19-21.00.48:521][314]LogWorld: Bringing up level for play took: 0.002568
[2015.05.19-21.00.48:522][314]LogGameMode: Warning - PATHS NOT DEFINED or NO PLAYERSTART with positive rating
[2015.05.19-21.00.49:061][369]LogPackageName: SearchForPackageOnDisk took   0.063s to resolve HomeScreen.umap
[2015.05.19-21.00.49:124][369]LogPackageName: SearchForPackageOnDisk took   0.063s to resolve HomeScreen.umap
[2015.05.19-21.00.49:125][369]LogNet: Browse: /Game/EndlessRunner/Maps/HomeScreen
[2015.05.19-21.00.49:125][369]LogLoad: LoadMap: /Game/EndlessRunner/Maps/HomeScreen
[2015.05.19-21.00.49:153][369]LogParticles: Destroying 0 GPU particle simulations for FXSystem 0x000000002E035EE0
[2015.05.19-21.00.49:153][369]Cmd: MEM
[2015.05.19-21.00.49:177][369]LogMemory: Platform Memory Stats for Windows
[2015.05.19-21.00.49:177][369]LogMemory: Process Physical Memory: 841.88 MB used, 931.70 MB peak
[2015.05.19-21.00.49:177][369]LogMemory: Process Virtual Memory: 744.66 MB used, 834.59 MB peak
[2015.05.19-21.00.49:178][369]LogMemory: Physical Memory: 6946.02 MB used, 32720.52 MB total
[2015.05.19-21.00.49:178][369]LogMemory: Virtual Memory: 1280.22 MB used, 8388608.00 MB total
[2015.05.19-21.00.49:178][369]LogMemory: 
[2015.05.19-21.00.49:178][369]Allocator Stats for TBB: (not implemented)
[2015.05.19-21.00.49:183][369]LogPlayLevel: PIE: StaticDuplicateObject took: (0.004356s)
[2015.05.19-21.00.49:184][369]LogPlayLevel: PIE: World Init took: (0.000526s)
[2015.05.19-21.00.49:184][369]LogPlayLevel: PIE: Created PIE world by copying editor world from /Game/EndlessRunner/Maps/HomeScreen.HomeScreen to /Game/EndlessRunner/Maps/UEDPIE_0_HomeScreen.HomeScreen (0.005494s)
[2015.05.19-21.00.49:185][369]LogWorld: Game class is 'GameMode'
[2015.05.19-21.00.49:186][369]LogAIModule: Creating AISystem for world HomeScreen
[2015.05.19-21.00.49:188][369]LogWorld: Bringing World /Game/EndlessRunner/Maps/UEDPIE_0_HomeScreen.HomeScreen up for play (max tick rate 0) at 2015.05.20-07.00.49
[2015.05.19-21.00.49:189][369]LogWorld: Bringing up level for play took: 0.001538
[2015.05.19-21.00.49:189][369]LogGameMode: Warning - PATHS NOT DEFINED or NO PLAYERSTART with positive rating
[2015.05.19-21.00.56:759][244]LogRenderer:Warning: Reallocating scene render targets to support 1288x712 (Frame:10092).
[2015.05.19-21.01.36:701][595]LogParticles: Destroying 0 GPU particle simulations for FXSystem 0x000000000AC69C60
[2015.05.19-21.01.48:669][922]BlueprintLog: New page: Compile ShipCharacter
[2015.05.19-21.01.48:869][922]BlueprintEditorCompileResults: Info [0215.93] Compile of ShipCharacter successful! [in 199 ms]
[2015.05.19-21.01.51:529][226]BlueprintLog: New page: Pre-PIE auto-recompile
[2015.05.19-21.01.51:533][226]LogPlayLevel: [PIE] Compiling BP_Coin before PIE...
[2015.05.19-21.01.51:589][226]LogPlayLevel: [PIE] Compiling BP_StartLevel before PIE...
[2015.05.19-21.01.51:793][226]LogPlayLevel: [PIE] Compiling BP_Asteroid before PIE...
[2015.05.19-21.01.51:844][226]LogPlayLevel: [PIE] Compiling BP_Coin2 before PIE...
[2015.05.19-21.01.51:898][226]LogPlayLevel: [PIE] Compiling LargeAsteroid before PIE...
[2015.05.19-21.01.51:949][226]LogPlayLevel: [PIE] Compiling HomeScreen before PIE...
[2015.05.19-21.01.51:998][226]LogPlayLevel: [PIE] Compiling RunHUD before PIE...
[2015.05.19-21.01.52:006][226]LogBlueprint:Error: [compiler] Error Binding: Property ' bIsEnabledDelegate ' on Widget ' Coin gauge ': Member:Get_Coin gauge_bIsEnabled_0 Unable to bind Float Property, unsupported type.
[2015.05.19-21.01.52:095][226]LogBlueprint:Warning: [compiler] Warning [0219.16] Compile of RunHUD failed. 1 Fatal Issue(s) 0 Warning(s) [in 93 ms]
[2015.05.19-21.01.52:096][226]LogBlueprint:Warning: [compiler] Warning [0219.16] Compile of RunHUD failed. 1 Fatal Issue(s) 1 Warning(s) [in 0 ms]
[2015.05.19-21.01.52:096][226]LogBlueprint:Warning: [compiler] Warning [0219.16] Compile of RunHUD failed. 1 Fatal Issue(s) 2 Warning(s) [in 0 ms]
[2015.05.19-21.01.52:099][226]LogBlueprint:Warning: [compiler] Warning [0219.16] Compile of RunHUD failed. 1 Fatal Issue(s) 3 Warning(s) [in 3 ms]
[2015.05.19-21.01.52:107][226]LogBlueprint:Warning: [compiler] Warning [0219.17] Compile of RunHUD failed. 1 Fatal Issue(s) 4 Warning(s) [in 7 ms]
[2015.05.19-21.01.52:108][226]LogBlueprint:Warning: [compiler] Warning [0219.17] Compile of RunHUD failed. 1 Fatal Issue(s) 5 Warning(s) [in 0 ms]
[2015.05.19-21.01.52:111][226]LogPlayLevel: [PIE] Compiling RunGameMode before PIE...
[2015.05.19-21.01.52:183][226]LogPlayLevel: [PIE] Compiling BP_EndLevel before PIE...
[2015.05.19-21.01.52:226][226]LogPlayLevel: [PIE] Compiling BP_MidLevel before PIE...
[2015.05.19-21.01.52:272][226]LogPlayLevel: [PIE] Compiling ShipCharacter before PIE...
[2015.05.19-21.01.52:469][226]LogPlayLevel: PIE:  Blueprint regeneration took 939 ms (11 blueprints)
[2015.05.19-21.01.53:798][226]BlueprintLog: Info Blueprint RunHUD failed to compile
[2015.05.19-21.01.53:799][226]PIE: New page: PIE session: HomeScreen (20 May 2015 5:01:53 pm)
[2015.05.19-21.01.53:804][226]LogPlayLevel: PIE: StaticDuplicateObject took: (0.004182s)
[2015.05.19-21.01.53:805][226]LogPlayLevel: PIE: World Init took: (0.000517s)
[2015.05.19-21.01.53:806][226]LogPlayLevel: PIE: Created PIE world by copying editor world from /Game/EndlessRunner/Maps/HomeScreen.HomeScreen to /Game/EndlessRunner/Maps/UEDPIE_0_HomeScreen.HomeScreen (0.005398s)
[2015.05.19-21.01.53:840][226]LogWorld: Game class is 'GameMode'
[2015.05.19-21.01.53:842][226]LogAIModule: Creating AISystem for world HomeScreen
[2015.05.19-21.01.53:843][226]LogWorld: Bringing World /Game/EndlessRunner/Maps/UEDPIE_0_HomeScreen.HomeScreen up for play (max tick rate 0) at 2015.05.20-07.01.53
[2015.05.19-21.01.53:844][226]LogWorld: Bringing up level for play took: 0.001649
[2015.05.19-21.01.53:847][226]PIE: Info Play in editor start time for /Game/EndlessRunner/Maps/UEDPIE_0_HomeScreen 2.635
[2015.05.19-21.01.55:106][368]LogPackageName: SearchForPackageOnDisk took   0.061s to resolve 2DSideScrollerExampleMap.umap
[2015.05.19-21.01.55:166][368]LogPackageName: SearchForPackageOnDisk took   0.059s to resolve 2DSideScrollerExampleMap.umap
[2015.05.19-21.01.55:166][368]LogNet: Browse: /Game/EndlessRunner/Maps/2DSideScrollerExampleMap
[2015.05.19-21.01.55:167][368]LogLoad: LoadMap: /Game/EndlessRunner/Maps/2DSideScrollerExampleMap
[2015.05.19-21.01.55:194][368]LogParticles: Destroying 0 GPU particle simulations for FXSystem 0x000000001BCAE8E0
[2015.05.19-21.01.55:195][368]Cmd: MEM
[2015.05.19-21.01.55:218][368]LogMemory: Platform Memory Stats for Windows
[2015.05.19-21.01.55:218][368]LogMemory: Process Physical Memory: 879.57 MB used, 931.70 MB peak
[2015.05.19-21.01.55:219][368]LogMemory: Process Virtual Memory: 778.98 MB used, 834.59 MB peak
[2015.05.19-21.01.55:219][368]LogMemory: Physical Memory: 6957.78 MB used, 32720.52 MB total
[2015.05.19-21.01.55:219][368]LogMemory: Virtual Memory: 1310.97 MB used, 8388608.00 MB total
[2015.05.19-21.01.55:219][368]LogMemory: 
[2015.05.19-21.01.55:220][368]Allocator Stats for TBB: (not implemented)
[2015.05.19-21.01.55:975][368]LoadErrors:Error: Error Failed import for PaperSpriteComponent
[2015.05.19-21.01.55:976][368]LoadErrors:Error: Error Failed import for PaperSpriteComponent
[2015.05.19-21.01.56:215][368]LogWorld: Game class is 'RunGameMode_C'
[2015.05.19-21.01.56:218][368]LogAIModule: Creating AISystem for world 2DSideScrollerExampleMap
[2015.05.19-21.01.56:241][368]LogWorld: Bringing World /Game/EndlessRunner/Maps/UEDPIE_0_2DSideScrollerExampleMap.2DSideScrollerExampleMap up for play (max tick rate 0) at 2015.05.20-07.01.56
[2015.05.19-21.01.56:242][368]LogWorld: Bringing up level for play took: 0.023084
[2015.05.19-21.02.00:877][913]LogBlueprintUserMessages: Hello
[2015.05.19-21.02.00:886][914]Cmd: RestartLevel
[2015.05.19-21.02.00:945][914]LogPackageName: SearchForPackageOnDisk took   0.058s to resolve GameOver.umap
[2015.05.19-21.02.01:013][915]LogPackageName: SearchForPackageOnDisk took   0.059s to resolve GameOver.umap
[2015.05.19-21.02.01:014][915]LogNet: Browse: /Game/EndlessRunner/Maps/GameOver
[2015.05.19-21.02.01:014][915]LogLoad: LoadMap: /Game/EndlessRunner/Maps/GameOver
[2015.05.19-21.02.01:044][915]LogParticles: Destroying 0 GPU particle simulations for FXSystem 0x000000002DEEF380
[2015.05.19-21.02.01:044][915]Cmd: MEM
[2015.05.19-21.02.01:068][915]LogMemory: Platform Memory Stats for Windows
[2015.05.19-21.02.01:069][915]LogMemory: Process Physical Memory: 881.70 MB used, 970.76 MB peak
[2015.05.19-21.02.01:069][915]LogMemory: Process Virtual Memory: 784.12 MB used, 870.40 MB peak
[2015.05.19-21.02.01:070][915]LogMemory: Physical Memory: 6959.24 MB used, 32720.52 MB total
[2015.05.19-21.02.01:070][915]LogMemory: Virtual Memory: 1310.22 MB used, 8388608.00 MB total
[2015.05.19-21.02.01:070][915]LogMemory: 
[2015.05.19-21.02.01:070][915]Allocator Stats for TBB: (not implemented)
[2015.05.19-21.02.01:162][915]LogWorld: Game class is 'GameMode'
[2015.05.19-21.02.01:164][915]LogAIModule: Creating AISystem for world GameOver
[2015.05.19-21.02.01:167][915]LogWorld: Bringing World /Game/EndlessRunner/Maps/UEDPIE_0_GameOver.GameOver up for play (max tick rate 0) at 2015.05.20-07.02.01
[2015.05.19-21.02.01:168][915]LogWorld: Bringing up level for play took: 0.002638
[2015.05.19-21.02.01:169][915]LogGameMode: Warning - PATHS NOT DEFINED or NO PLAYERSTART with positive rating
[2015.05.19-21.02.02:611][ 77]LogPackageName: SearchForPackageOnDisk took   0.059s to resolve HomeScreen.umap
[2015.05.19-21.02.02:670][ 77]LogPackageName: SearchForPackageOnDisk took   0.058s to resolve HomeScreen.umap
[2015.05.19-21.02.02:670][ 77]LogNet: Browse: /Game/EndlessRunner/Maps/HomeScreen
[2015.05.19-21.02.02:670][ 77]LogLoad: LoadMap: /Game/EndlessRunner/Maps/HomeScreen
[2015.05.19-21.02.02:698][ 77]LogParticles: Destroying 0 GPU particle simulations for FXSystem 0x000000001468EDE0
[2015.05.19-21.02.02:698][ 77]Cmd: MEM
[2015.05.19-21.02.02:723][ 77]LogMemory: Platform Memory Stats for Windows
[2015.05.19-21.02.02:724][ 77]LogMemory: Process Physical Memory: 884.01 MB used, 970.76 MB peak
[2015.05.19-21.02.02:724][ 77]LogMemory: Process Virtual Memory: 784.24 MB used, 870.40 MB peak
[2015.05.19-21.02.02:724][ 77]LogMemory: Physical Memory: 6961.92 MB used, 32720.52 MB total
[2015.05.19-21.02.02:724][ 77]LogMemory: Virtual Memory: 1310.22 MB used, 8388608.00 MB total
[2015.05.19-21.02.02:725][ 77]LogMemory: 
[2015.05.19-21.02.02:725][ 77]Allocator Stats for TBB: (not implemented)
[2015.05.19-21.02.02:729][ 77]LogPlayLevel: PIE: StaticDuplicateObject took: (0.004279s)
[2015.05.19-21.02.02:730][ 77]LogPlayLevel: PIE: World Init took: (0.000526s)
[2015.05.19-21.02.02:731][ 77]LogPlayLevel: PIE: Created PIE world by copying editor world from /Game/EndlessRunner/Maps/HomeScreen.HomeScreen to /Game/EndlessRunner/Maps/UEDPIE_0_HomeScreen.HomeScreen (0.005427s)
[2015.05.19-21.02.02:732][ 77]LogWorld: Game class is 'GameMode'
[2015.05.19-21.02.02:733][ 77]LogAIModule: Creating AISystem for world HomeScreen
[2015.05.19-21.02.02:735][ 77]LogWorld: Bringing World /Game/EndlessRunner/Maps/UEDPIE_0_HomeScreen.HomeScreen up for play (max tick rate 0) at 2015.05.20-07.02.02
[2015.05.19-21.02.02:736][ 77]LogWorld: Bringing up level for play took: 0.001573
[2015.05.19-21.02.02:736][ 77]LogGameMode: Warning - PATHS NOT DEFINED or NO PLAYERSTART with positive rating
[2015.05.19-21.02.07:683][635]LogSavePackage: Save=73.672890ms
[2015.05.19-21.02.07:684][635]LogSavePackage: Moving 'C:/Users/n8695164/Documents/GitHub/SpaceRace/Saved/HomeScreenB71BBF3B4AE2B9F4808284961A16B384.tmp' to 'C:/Users/n8695164/Documents/GitHub/SpaceRace/Content/EndlessRunner/Maps/HomeScreen.umap'
[2015.05.19-21.02.10:816][972]Cmd: OBJ SAVEPACKAGE PACKAGE="/Game/EndlessRunner/Blueprints/ShipCharacter" FILE="C:/Users/n8695164/Documents/GitHub/SpaceRace/Content/EndlessRunner/Blueprints/ShipCharacter.uasset" SILENT=true
[2015.05.19-21.02.11:081][972]LogSavePackage: Save=191.476410ms
[2015.05.19-21.02.11:082][972]LogSavePackage: Moving 'C:/Users/n8695164/Documents/GitHub/SpaceRace/Saved/ShipCharacter501F8FEC4D1DECEEF3BF1D864F1FEEC8.tmp' to 'C:/Users/n8695164/Documents/GitHub/SpaceRace/Content/EndlessRunner/Blueprints/ShipCharacter.uasset'
[2015.05.19-21.02.13:100][173]LogSavePackage: Save=73.495094ms
[2015.05.19-21.02.13:100][173]LogSavePackage: Moving 'C:/Users/n8695164/Documents/GitHub/SpaceRace/Saved/HomeScreen3E10536D4E941233B598B6AB3BB2BE08.tmp' to 'C:/Users/n8695164/Documents/GitHub/SpaceRace/Content/EndlessRunner/Maps/HomeScreen.umap'
[2015.05.19-21.02.23:071][331]LogParticles: Destroying 0 GPU particle simulations for FXSystem 0x00000000384BFA60
[2015.05.19-21.02.23:072][331]LogParticles: Destroying 0 GPU particle simulations for FXSystem 0x000000001AFA1DA0
[2015.05.19-21.02.23:213][332]Cmd: QUIT_EDITOR
[2015.05.19-21.02.23:403][332]LogExit: Preparing to exit.
[2015.05.19-21.02.23:830][332]LogExit: Editor shut down
[2015.05.19-21.02.23:831][332]LogExit: Transaction tracking system shut down
[2015.05.19-21.02.23:847][332]LogParticles: Destroying 0 GPU particle simulations for FXSystem 0x000000001AD66840
[2015.05.19-21.02.23:848][332]LogParticles: Destroying 0 GPU particle simulations for FXSystem 0x000000003B1F6660
[2015.05.19-21.02.23:849][332]LogParticles: Destroying 0 GPU particle simulations for FXSystem 0x0000000025E584A0
[2015.05.19-21.02.23:849][332]LogParticles: Destroying 0 GPU particle simulations for FXSystem 0x0000000025CE9DA0
[2015.05.19-21.02.23:918][332]LogExit: Object subsystem successfully closed.
[2015.05.19-21.02.23:957][332]LogModuleManager: Shutting down and abandoning module CrashTracker (178)
[2015.05.19-21.02.23:958][332]LogModuleManager: Shutting down and abandoning module SuperSearch (177)
[2015.05.19-21.02.23:958][332]LogModuleManager: Shutting down and abandoning module SceneOutliner (176)
[2015.05.19-21.02.23:958][332]LogModuleManager: Shutting down and abandoning module EditorWidgets (175)
[2015.05.19-21.02.23:959][332]LogModuleManager: Shutting down and abandoning module CollectionManager (174)
[2015.05.19-21.02.23:959][332]LogModuleManager: Shutting down and abandoning module StatsViewer (173)
[2015.05.19-21.02.23:959][332]LogModuleManager: Shutting down and abandoning module FoliageEdit (172)
[2015.05.19-21.02.23:959][332]LogModuleManager: Shutting down and abandoning module LandscapeEditor (171)
[2015.05.19-21.02.23:960][332]LogModuleManager: Shutting down and abandoning module MeshPaint (170)
[2015.05.19-21.02.23:960][332]LogModuleManager: Shutting down and abandoning module ActorPickerMode (169)
[2015.05.19-21.02.23:960][332]LogModuleManager: Shutting down and abandoning module GeometryMode (168)
[2015.05.19-21.02.23:960][332]LogModuleManager: Shutting down and abandoning module TextureAlignMode (167)
[2015.05.19-21.02.23:960][332]LogModuleManager: Shutting down and abandoning module BspMode (166)
[2015.05.19-21.02.23:961][332]LogModuleManager: Shutting down and abandoning module PlacementMode (165)
[2015.05.19-21.02.23:961][332]LogModuleManager: Shutting down and abandoning module AutomationWorker (164)
[2015.05.19-21.02.23:961][332]LogModuleManager: Shutting down and abandoning module CharacterAI (163)
[2015.05.19-21.02.23:961][332]LogModuleManager: Shutting down and abandoning module SmartSnapping (162)
[2015.05.19-21.02.23:961][332]LogModuleManager: Shutting down and abandoning module ViewportSnapping (161)
[2015.05.19-21.02.23:962][332]LogModuleManager: Shutting down and abandoning module LogVisualizer (160)
[2015.05.19-21.02.23:962][332]LogModuleManager: Shutting down and abandoning module GameProjectGeneration (159)
[2015.05.19-21.02.23:962][332]LogModuleManager: Shutting down and abandoning module IntroTutorials (158)
[2015.05.19-21.02.23:962][332]LogModuleManager: Shutting down and abandoning module EditorLiveStreaming (157)
[2015.05.19-21.02.23:963][332]LogModuleManager: Shutting down and abandoning module HardwareTargeting (156)
[2015.05.19-21.02.23:963][332]LogModuleManager: Shutting down and abandoning module DeviceProfileEditor (155)
[2015.05.19-21.02.23:963][332]LogModuleManager: Shutting down and abandoning module UndoHistory (154)
[2015.05.19-21.02.23:963][332]LogModuleManager: Shutting down and abandoning module GameplayTagsEditor (153)
[2015.05.19-21.02.23:963][332]LogModuleManager: Shutting down and abandoning module UserFeedback (152)
[2015.05.19-21.02.23:964][332]LogModuleManager: Shutting down and abandoning module XmlParser (151)
[2015.05.19-21.02.23:964][332]LogModuleManager: Shutting down and abandoning module Blutility (150)
[2015.05.19-21.02.23:964][332]LogModuleManager: Shutting down and abandoning module IOSPlatformEditor (149)
[2015.05.19-21.02.23:964][332]LogModuleManager: Shutting down and abandoning module IOSRuntimeSettings (148)
[2015.05.19-21.02.23:964][332]LogModuleManager: Shutting down and abandoning module AndroidDeviceDetection (147)
[2015.05.19-21.02.24:956][332]LogModuleManager: Shutting down and abandoning module AndroidPlatformEditor (146)
[2015.05.19-21.02.24:957][332]LogModuleManager: Shutting down and abandoning module AndroidRuntimeSettings (145)
[2015.05.19-21.02.24:957][332]LogModuleManager: Shutting down and abandoning module ProjectTargetPlatformEditor (144)
[2015.05.19-21.02.24:957][332]LogModuleManager: Shutting down and abandoning module ProjectSettingsViewer (143)
[2015.05.19-21.02.24:957][332]LogModuleManager: Shutting down and abandoning module InputBindingEditor (142)
[2015.05.19-21.02.24:958][332]LogModuleManager: Shutting down and abandoning module EditorSettingsViewer (141)
[2015.05.19-21.02.24:958][332]LogModuleManager: Shutting down and abandoning module SettingsEditor (140)
[2015.05.19-21.02.24:958][332]LogModuleManager: Shutting down and abandoning module ProjectLauncher (139)
[2015.05.19-21.02.24:958][332]LogModuleManager: Shutting down and abandoning module SessionFrontend (138)
[2015.05.19-21.02.24:959][332]LogModuleManager: Shutting down and abandoning module ProfilerClient (137)
[2015.05.19-21.02.24:959][332]LogModuleManager: Shutting down and abandoning module TargetDeviceServices (136)
[2015.05.19-21.02.24:959][332]LogModuleManager: Shutting down and abandoning module DeviceManager (135)
[2015.05.19-21.02.24:959][332]LogModuleManager: Shutting down and abandoning module AutomationController (134)
[2015.05.19-21.02.24:960][332]LogModuleManager: Shutting down and abandoning module AutomationWindow (133)
[2015.05.19-21.02.24:960][332]LogModuleManager: Shutting down and abandoning module Layers (132)
[2015.05.19-21.02.24:960][332]LogModuleManager: Shutting down and abandoning module ComponentVisualizers (131)
[2015.05.19-21.02.24:960][332]LogModuleManager: Shutting down and abandoning module DetailCustomizations (130)
[2015.05.19-21.02.24:961][332]LogModuleManager: Shutting down and abandoning module PackagesDialog (129)
[2015.05.19-21.02.24:961][332]LogModuleManager: Shutting down and abandoning module AssetRegistry (128)
[2015.05.19-21.02.25:070][332]LogModuleManager: Shutting down and abandoning module Persona (127)
[2015.05.19-21.02.25:071][332]LogModuleManager: Shutting down and abandoning module SlateReflector (126)
[2015.05.19-21.02.25:071][332]LogModuleManager: Shutting down and abandoning module LevelEditor (125)
[2015.05.19-21.02.25:072][332]LogModuleManager: Shutting down and abandoning module Kismet (124)
[2015.05.19-21.02.25:072][332]LogModuleManager: Shutting down and abandoning module GraphEditor (123)
[2015.05.19-21.02.25:072][332]LogModuleManager: Shutting down and abandoning module ClassViewer (122)
[2015.05.19-21.02.25:073][332]LogModuleManager: Shutting down and abandoning module Toolbox (121)
[2015.05.19-21.02.25:073][332]LogModuleManager: Shutting down and abandoning module ModuleUI (120)
[2015.05.19-21.02.25:073][332]LogModuleManager: Shutting down and abandoning module MovieSceneTools (119)
[2015.05.19-21.02.25:073][332]LogModuleManager: Shutting down and abandoning module OutputLog (118)
[2015.05.19-21.02.25:073][332]LogModuleManager: Shutting down and abandoning module GammaUI (117)
[2015.05.19-21.02.25:074][332]LogModuleManager: Shutting down and abandoning module Documentation (116)
[2015.05.19-21.02.25:074][332]LogModuleManager: Shutting down and abandoning module GameLiveStreaming (115)
[2015.05.19-21.02.25:074][332]LogModuleManager: Shutting down and abandoning module StreamingPauseRendering (114)
[2015.05.19-21.02.25:074][332]LogModuleManager: Shutting down and abandoning module HTTP (113)
[2015.05.19-21.02.25:075][332]LogModuleManager: Shutting down and abandoning module AnalyticsET (112)
[2015.05.19-21.02.25:075][332]LogModuleManager: Shutting down and abandoning module Analytics (111)
[2015.05.19-21.02.25:075][332]LogModuleManager: Shutting down and abandoning module AITestSuite (110)
[2015.05.19-21.02.25:075][332]LogModuleManager: Shutting down and abandoning module GameplayDebugger (109)
[2015.05.19-21.02.25:075][332]LogModuleManager: Shutting down and abandoning module AIModule (108)
[2015.05.19-21.02.25:076][332]LogModuleManager: Shutting down and abandoning module ProfilerService (107)
[2015.05.19-21.02.25:305][332]LogModuleManager: Shutting down and abandoning module TaskGraph (106)
[2015.05.19-21.02.25:306][332]LogModuleManager: Shutting down and abandoning module SlateRemote (105)
[2015.05.19-21.02.25:306][332]LogModuleManager: Shutting down and abandoning module ScriptEditorPlugin (104)
[2015.05.19-21.02.25:306][332]LogModuleManager: Shutting down and abandoning module CustomMeshComponent (103)
[2015.05.19-21.02.25:306][332]LogModuleManager: Shutting down and abandoning module CableComponent (102)
[2015.05.19-21.02.25:307][332]LogModuleManager: Shutting down and abandoning module MessagingDebugger (101)
[2015.05.19-21.02.25:307][332]LogModuleManager: Shutting down and abandoning module MediaPlayerEditor (100)
[2015.05.19-21.02.25:307][332]LogModuleManager: Shutting down and abandoning module SpeedTreeImporter (99)
[2015.05.19-21.02.25:307][332]LogModuleManager: Shutting down and abandoning module PluginsEditor (98)
[2015.05.19-21.02.25:307][332]LogModuleManager: Shutting down and abandoning module MainFrame (97)
[2015.05.19-21.02.25:308][332]LogModuleManager: Shutting down and abandoning module EpicSurvey (96)
[2015.05.19-21.02.25:308][332]LogModuleManager: Shutting down and abandoning module DesktopPlatform (95)
[2015.05.19-21.02.25:308][332]LogModuleManager: Shutting down and abandoning module DirectoryWatcher (94)
[2015.05.19-21.02.25:309][332]LogModuleManager: Shutting down and abandoning module HotReload (93)
[2015.05.19-21.02.25:309][332]LogModuleManager: Shutting down and abandoning module VisualStudioSourceCodeAccess (92)
[2015.05.19-21.02.25:309][332]LogModuleManager: Shutting down and abandoning module UObjectPlugin (91)
[2015.05.19-21.02.25:309][332]LogModuleManager: Shutting down and abandoning module SubversionSourceControl (90)
[2015.05.19-21.02.25:309][332]LogModuleManager: Shutting down and abandoning module PerforceSourceControl (89)
[2015.05.19-21.02.25:310][332]LogModuleManager: Shutting down and abandoning module SourceControl (88)
[2015.05.19-21.02.25:310][332]LogModuleManager: Shutting down and abandoning module GitSourceControl (87)
[2015.05.19-21.02.25:310][332]LogModuleManager: Shutting down and abandoning module BlankPlugin (86)
[2015.05.19-21.02.25:310][332]LogModuleManager: Shutting down and abandoning module PaperTiledImporter (85)
[2015.05.19-21.02.25:311][332]LogModuleManager: Shutting down and abandoning module PaperJsonImporter (84)
[2015.05.19-21.02.25:311][332]LogModuleManager: Shutting down and abandoning module ContentBrowser (83)
[2015.05.19-21.02.25:311][332]LogModuleManager: Shutting down and abandoning module Paper2DEditor (82)
[2015.05.19-21.02.25:312][332]LogModuleManager: Shutting down and abandoning module SpaceRace (81)
[2015.05.19-21.02.25:312][332]LogModuleManager: Shutting down and abandoning module ScriptPlugin (80)
[2015.05.19-21.02.25:312][332]LogModuleManager: Shutting down and abandoning module UdpMessaging (79)
[2015.05.19-21.02.25:412][332]LogModuleManager: Shutting down and abandoning module Paper2D (78)
[2015.05.19-21.02.25:412][332]LogModuleManager: Shutting down and abandoning module WindowsMoviePlayer (77)
[2015.05.19-21.02.25:414][332]LogModuleManager: Shutting down and abandoning module Media (76)
[2015.05.19-21.02.25:414][332]LogModuleManager: Shutting down and abandoning module WmfMedia (75)
[2015.05.19-21.02.25:415][332]LogModuleManager: Shutting down and abandoning module OnlineBlueprintSupport (74)
[2015.05.19-21.02.25:415][332]LogModuleManager: Shutting down and abandoning module PropertyEditor (73)
[2015.05.19-21.02.25:416][332]LogModuleManager: Shutting down and abandoning module BehaviorTreeEditor (72)
[2015.05.19-21.02.25:416][332]LogModuleManager: Shutting down and abandoning module FunctionalTesting (71)
[2015.05.19-21.02.25:416][332]LogModuleManager: Shutting down and abandoning module CollisionAnalyzer (70)
[2015.05.19-21.02.25:416][332]LogModuleManager: Shutting down and abandoning module WorkspaceMenuStructure (69)
[2015.05.19-21.02.25:416][332]LogModuleManager: Shutting down and abandoning module MessageLog (68)
[2015.05.19-21.02.25:417][332]LogModuleManager: Shutting down and abandoning module Sequencer (67)
[2015.05.19-21.02.25:417][332]LogModuleManager: Shutting down and abandoning module AssetTools (66)
[2015.05.19-21.02.25:417][332]LogModuleManager: Shutting down and abandoning module UMGEditor (65)
[2015.05.19-21.02.25:417][332]LogModuleManager: Shutting down and abandoning module UMG (64)
[2015.05.19-21.02.25:418][332]LogModuleManager: Shutting down and abandoning module Slate (63)
[2015.05.19-21.02.25:418][332]LogModuleManager: Shutting down and abandoning module EditorStyle (62)
[2015.05.19-21.02.25:421][332]LogModuleManager: Shutting down and abandoning module SessionServices (61)
[2015.05.19-21.02.25:421][332]LogModuleManager: Shutting down and abandoning module SourceCodeAccess (60)
[2015.05.19-21.02.25:421][332]LogModuleManager: Shutting down and abandoning module HeadMountedDisplay (59)
[2015.05.19-21.02.25:421][332]LogModuleManager: Shutting down and abandoning module XAudio2 (58)
[2015.05.19-21.02.25:421][332]LogModuleManager: Shutting down and abandoning module Networking (56)
[2015.05.19-21.02.25:422][332]LogModuleManager: Shutting down and abandoning module Core (55)
[2015.05.19-21.02.25:422][332]LogModuleManager: Shutting down and abandoning module KismetCompiler (54)
[2015.05.19-21.02.25:422][332]LogModuleManager: Shutting down and abandoning module PhysXFormats (53)
[2015.05.19-21.02.25:422][332]LogModuleManager: Shutting down and abandoning module MeshUtilities (52)
[2015.05.19-21.02.25:422][332]LogModuleManager: Shutting down and abandoning module DerivedDataCache (51)
[2015.05.19-21.02.25:481][332]LogDerivedDataCache: Shutdown
[2015.05.19-21.02.25:481][332]LogModuleManager: Shutting down and abandoning module ShaderFormatOpenGL (50)
[2015.05.19-21.02.25:482][332]LogModuleManager: Shutting down and abandoning module ShaderFormatD3D (49)
[2015.05.19-21.02.25:482][332]LogModuleManager: Shutting down and abandoning module MetalShaderFormat (48)
[2015.05.19-21.02.25:482][332]LogModuleManager: Shutting down and abandoning module TextureFormatUncompressed (47)
[2015.05.19-21.02.25:482][332]LogModuleManager: Shutting down and abandoning module TextureFormatPVR (46)
[2015.05.19-21.02.25:483][332]LogModuleManager: Shutting down and abandoning module TextureFormatIntelISPCTexComp (45)
[2015.05.19-21.02.25:483][332]LogModuleManager: Shutting down and abandoning module TextureFormatDXT (44)
[2015.05.19-21.02.25:483][332]LogModuleManager: Shutting down and abandoning module ImageWrapper (43)
[2015.05.19-21.02.25:483][332]LogModuleManager: Shutting down and abandoning module TextureFormatASTC (42)
[2015.05.19-21.02.25:483][332]LogModuleManager: Shutting down and abandoning module TextureFormatAndroid (41)
[2015.05.19-21.02.25:483][332]LogModuleManager: Shutting down and abandoning module AudioFormatOpus (40)
[2015.05.19-21.02.25:484][332]LogModuleManager: Shutting down and abandoning module AudioFormatOgg (39)
[2015.05.19-21.02.25:484][332]LogModuleManager: Shutting down and abandoning module AudioFormatADPCM (38)
[2015.05.19-21.02.25:484][332]LogModuleManager: Shutting down and abandoning module LinuxTargetPlatform (37)
[2015.05.19-21.02.25:484][332]LogModuleManager: Shutting down and abandoning module LinuxServerTargetPlatform (36)
[2015.05.19-21.02.25:485][332]LogModuleManager: Shutting down and abandoning module LinuxNoEditorTargetPlatform (35)
[2015.05.19-21.02.25:485][332]LogModuleManager: Shutting down and abandoning module Messaging (34)
[2015.05.19-21.02.25:485][332]LogModuleManager: Shutting down and abandoning module IOSTargetPlatform (33)
[2015.05.19-21.02.25:485][332]LogModuleManager: Shutting down and abandoning module HTML5TargetPlatform (32)
[2015.05.19-21.02.25:485][332]LogModuleManager: Shutting down and abandoning module Android_PVRTCTargetPlatform (31)
[2015.05.19-21.02.25:486][332]LogModuleManager: Shutting down and abandoning module Android_ETC2TargetPlatform (30)
[2015.05.19-21.02.25:486][332]LogModuleManager: Shutting down and abandoning module Android_ETC1TargetPlatform (29)
[2015.05.19-21.02.25:486][332]LogModuleManager: Shutting down and abandoning module Android_ES31TargetPlatform (28)
[2015.05.19-21.02.25:486][332]LogModuleManager: Shutting down and abandoning module Android_DXTTargetPlatform (27)
[2015.05.19-21.02.25:486][332]LogModuleManager: Shutting down and abandoning module Android_ATCTargetPlatform (26)
[2015.05.19-21.02.25:487][332]LogModuleManager: Shutting down and abandoning module AndroidTargetPlatform (25)
[2015.05.19-21.02.25:487][332]LogModuleManager: Shutting down and abandoning module WindowsTargetPlatform (24)
[2015.05.19-21.02.25:487][332]LogModuleManager: Shutting down and abandoning module WindowsServerTargetPlatform (23)
[2015.05.19-21.02.25:487][332]LogModuleManager: Shutting down and abandoning module WindowsNoEditorTargetPlatform (22)
[2015.05.19-21.02.25:487][332]LogModuleManager: Shutting down and abandoning module WindowsClientTargetPlatform (21)
[2015.05.19-21.02.25:488][332]LogModuleManager: Shutting down and abandoning module TargetPlatform (20)
[2015.05.19-21.02.25:488][332]LogModuleManager: Shutting down and abandoning module InputCore (19)
[2015.05.19-21.02.25:488][332]LogModuleManager: Shutting down and abandoning module Settings (18)
[2015.05.19-21.02.25:488][332]LogModuleManager: Shutting down and abandoning module OnlineSubsystem (16)
[2015.05.19-21.02.25:488][332]LogModuleManager: Shutting down and abandoning module OculusRift (15)
[2015.05.19-21.02.25:489][332]LogModuleManager: Shutting down and abandoning module ExampleDeviceProfileSelector (14)
[2015.05.19-21.02.25:489][332]LogModuleManager: Shutting down and abandoning module TextureCompressor (13)
[2015.05.19-21.02.25:489][332]LogModuleManager: Shutting down and abandoning module ShaderCore (12)
[2015.05.19-21.02.25:489][332]LogModuleManager: Shutting down and abandoning module Landscape (11)
[2015.05.19-21.02.25:489][332]LogModuleManager: Shutting down and abandoning module SlateRHIRenderer (10)
[2015.05.19-21.02.25:492][332]LogModuleManager: Shutting down and abandoning module OpenGLDrv (9)
[2015.05.19-21.02.25:493][332]LogModuleManager: Shutting down and abandoning module D3D11RHI (8)
[2015.05.19-21.02.25:493][332]LogModuleManager: Shutting down and abandoning module Renderer (7)
[2015.05.19-21.02.25:493][332]LogModuleManager: Shutting down and abandoning module Engine (6)
[2015.05.19-21.02.25:493][332]LogModuleManager: Shutting down and abandoning module CoreUObject (5)
[2015.05.19-21.02.25:493][332]LogModuleManager: Shutting down and abandoning module NetworkFile (4)
[2015.05.19-21.02.25:494][332]LogModuleManager: Shutting down and abandoning module StreamingFile (3)
[2015.05.19-21.02.25:494][332]LogModuleManager: Shutting down and abandoning module SandboxFile (2)
[2015.05.19-21.02.25:494][332]LogModuleManager: Shutting down and abandoning module PakFile (1)
[2015.05.19-21.02.25:497][332]LogExit: Exiting.
[2015.05.19-21.02.25:507][332]Log file closed, 05/20/15 07:02:25
