Log file open, 05/20/15 00:10:49
LogInit:Display: Running engine for game: SpaceRace
LogInit: Version: 4.7.6-2513093+++depot+UE4-Releases+4.7
LogInit: API Version: 2455222
LogInit: Compiled (64-bit): Apr 15 2015 12:09:54
LogInit: Compiled with Visual C++: 18.00.21005.01
LogInit: Build Configuration: Development
LogInit: Branch Name: ++depot+UE4-Releases+4.7
LogInit: Command line: 
LogInit: Base directory: W:/Epic Games/4.7/Engine/Binaries/Win64/
LogInit: Rocket: 1
[2015.05.19-14.10.49:096][  0]LogTaskGraph: Started task graph with 3 named threads and 8 total threads.
[2015.05.19-14.10.49:168][  0]LogOnline:Warning: No default platform service specified for OnlineSubsystem
[2015.05.19-14.10.49:197][  0]LogInit: Presizing for 0 objects not considered by GC, pre-allocating 0 bytes.
[2015.05.19-14.10.49:206][  0]LogInit: Object subsystem initialized
[2015.05.19-14.10.49:208][  0]LogConsoleResponse:Warning: Skipping Unknown console variable: 'TranslucentSortAxis = (X=0.000000,Y=-1.000000,Z=0.000000)'
[2015.05.19-14.10.49:208][  0]LogConsoleResponse:Warning:   Found in ini file 'C:/Users/n8695164/Desktop/SpaceRace/Saved/Config/Windows/Engine.ini', in section '[/Script/Engine.RendererSettings]'
[2015.05.19-14.10.49:209][  0]LogConsoleResponse:Warning: Skipping Unknown console variable: 'UIScaleRule = ShortestSide'
[2015.05.19-14.10.49:209][  0]LogConsoleResponse:Warning:   Found in ini file 'C:/Users/n8695164/Desktop/SpaceRace/Saved/Config/Windows/Engine.ini', in section '[/Script/Engine.RendererSettings]'
[2015.05.19-14.10.49:209][  0]LogConsoleResponse:Warning: Skipping Unknown console variable: 'UIScaleCurve = (EditorCurveData=(Keys=),ExternalCurve=None)'
[2015.05.19-14.10.49:209][  0]LogConsoleResponse:Warning:   Found in ini file 'C:/Users/n8695164/Desktop/SpaceRace/Saved/Config/Windows/Engine.ini', in section '[/Script/Engine.RendererSettings]'
[2015.05.19-14.10.49:210][  0]LogInit: Selected Device Profile: [Windows]
[2015.05.19-14.10.49:210][  0]LogInit: Applying CVar settings loaded from the selected device profile: [Windows]
[2015.05.19-14.10.49:213][  0]LogInit: Computer: LAB-SEFS515-04
[2015.05.19-14.10.49:214][  0]LogInit: User: n8695164
[2015.05.19-14.10.49:214][  0]LogInit: CPU Page size=4096, Cores=6
[2015.05.19-14.10.49:214][  0]LogInit: High frequency timer resolution =3.222841 MHz
[2015.05.19-14.10.49:214][  0]LogMemory: Memory total: Physical=32.0GB (32GB approx) Virtual=8192.0GB
[2015.05.19-14.10.49:215][  0]LogMemory: Platform Memory Stats for Windows
[2015.05.19-14.10.49:215][  0]LogMemory: Process Physical Memory: 46.84 MB used, 46.84 MB peak
[2015.05.19-14.10.49:215][  0]LogMemory: Process Virtual Memory: 24.93 MB used, 24.93 MB peak
[2015.05.19-14.10.49:215][  0]LogMemory: Physical Memory: 5049.23 MB used, 32720.52 MB total
[2015.05.19-14.10.49:215][  0]LogMemory: Virtual Memory: 276.20 MB used, 8388608.00 MB total
[2015.05.19-14.10.49:268][  0]LogD3D11RHI: Found D3D11 adapter 0: NVIDIA GeForce GTX 680 (Feature Level 11_0)
[2015.05.19-14.10.49:268][  0]LogD3D11RHI: Adapter has 1990MB of dedicated video memory, 0MB of dedicated system memory, and 2048MB of shared system memory, 1 output[s]
[2015.05.19-14.10.49:268][  0]LogD3D11RHI: Chosen D3D11 Adapter Id = 0
[2015.05.19-14.10.49:272][  0]LogRHI: Texture pool is 1361 MB (70% of 1945 MB)
[2015.05.19-14.10.49:300][  0]LogD3D11RHI: Async texture creation enabled
[2015.05.19-14.10.49:362][  0]LogTextLocalizationManager: The requested culture ('en_AU') has no localization data; parent culture's ('en') localization data will be used.
[2015.05.19-14.10.49:413][  0]LogTextLocalizationManager:Warning: Loading localization resources contain conflicting entries for (Namespace:UICommands, Key:Save_ToolTip):
Resource: (W:/Epic Games/4.7/Engine/Content/Localization/Editor/en/Editor.locres) Hash: (-29098895) String: (Saves the current level to disk)
Resource: (W:/Epic Games/4.7/Engine/Content/Localization/Engine/en/Engine.locres) Hash: (-1280300587) String: (Save selected data to vlog file)
[2015.05.19-14.10.49:414][  0]LogTextLocalizationManager:Warning: Loading localization resources contain conflicting entries for (Namespace:ContentBrowser, Key:ImportAssetToolTip):
Resource: (W:/Epic Games/4.7/Engine/Content/Localization/Editor/en/Editor.locres) Hash: (-630476809) String: (Import to {0}...)
Resource: (W:/Epic Games/4.7/Engine/Content/Localization/Editor/en/Editor.locres) Hash: (1271782899) String: (Imports an asset from file to this folder.)
[2015.05.19-14.10.49:482][  0]LogContentStreaming: Texture pool size is 0.000000MB
[2015.05.19-14.10.51:677][  0]LogTargetPlatformManager:Display: Building Assets For Windows
[2015.05.19-14.10.52:190][  0]LogTargetPlatformManager:Display: Building Assets For Windows
[2015.05.19-14.10.52:261][  0]LogDerivedDataCache:Display: Max Cache Size: 512 MB
[2015.05.19-14.10.52:298][  0]LogDerivedDataCache: Loaded boot cache 0.04s 39MB C:/Users/n8695164/AppData/Local/UnrealEngine/4.7/DerivedDataCache/Boot.ddc.
[2015.05.19-14.10.52:299][  0]LogDerivedDataCache:Display: Loaded Boot cache: C:/Users/n8695164/AppData/Local/UnrealEngine/4.7/DerivedDataCache/Boot.ddc
[2015.05.19-14.10.52:299][  0]LogDerivedDataCache: FDerivedDataBackendGraph:  Pak pak cache file C:/Users/n8695164/Desktop/SpaceRace/DerivedDataCache/DDC.ddp not found, will not use a pak cache.
[2015.05.19-14.10.52:299][  0]LogDerivedDataCache: Unable to find inner node Pak for hierarchical cache Hierarchy.
[2015.05.19-14.10.52:409][  0]LogDerivedDataCache:Display: Pak cache opened for reading ../../../Engine/DerivedDataCache/Compressed.ddp.
[2015.05.19-14.10.52:421][  0]LogDerivedDataCache: Using Local data cache path C:/Users/n8695164/AppData/Local/UnrealEngine/Common/DerivedDataCache: Writable
[2015.05.19-14.10.52:700][  0]LogMeshUtilities: No automatic mesh reduction module available
[2015.05.19-14.10.52:700][  0]LogMeshUtilities: No automatic mesh merging module available
[2015.05.19-14.10.53:037][  0]LogInit: WinSock: version 1.1 (2.2), MaxSocks=32767, MaxUdp=65467
[2015.05.19-14.10.53:126][  0]LogSlate:Warning: Failed to load font data from '../../../Engine/Content/Slate/Fonts/Roboto-Italic.ttf'
[2015.05.19-14.10.53:983][  0]UdpMessaging: Initializing bridge on interface 0.0.0.0:0 to multicast group 230.0.0.1:6666.
[2015.05.19-14.10.54:260][  0]SourceControl: Info Source control is disabled
[2015.05.19-14.10.54:260][  0]SourceControl: Info Source control is disabled
[2015.05.19-14.10.54:261][  0]SourceControl: Info Source control is disabled
[2015.05.19-14.10.54:261][  0]LogSourceControl: RunCommandInternalRaw: 'git version'
[2015.05.19-14.10.54:261][  0]LogSourceControl: RunCommandInternalRaw: ExecProcess ReturnCode=2 OutResults=''
[2015.05.19-14.10.54:269][  0]SourceControl: Info Source control is disabled
[2015.05.19-14.10.54:532][  0]LogObj: 24236 objects as part of root set at end of initial load.
[2015.05.19-14.10.54:532][  0]LogUObjectAllocator: 5138800 out of 0 bytes used by permanent object pool.
[2015.05.19-14.10.54:620][  0]LogEngine: Initializing Engine...
[2015.05.19-14.10.57:758][  0]LogInit: XAudio2 using 'DELL S2340T-4 (NVIDIA High Definition Audio)' : 2 channels at 48 kHz using 16 bits per sample (channel mask 0x3)
[2015.05.19-14.10.57:775][  0]LogInit: FAudioDevice initialized.
[2015.05.19-14.10.57:815][  0]LogAIModule: Creating AISystem for world NewWorld
[2015.05.19-14.10.57:832][  0]LogDerivedDataCache: Saved boot cache 0.02s 39MB C:/Users/n8695164/AppData/Local/UnrealEngine/4.7/DerivedDataCache/Boot.ddc.
[2015.05.19-14.10.57:836][  0]LogInit: Texture streaming: Enabled
[2015.05.19-14.10.57:925][  0]LogAnalytics: Creating configured Analytics provider AnalyticsET
[2015.05.19-14.10.57:925][  0]LogAnalytics: ET APIKey = Rocket.Release. APIServer = http://et2.epicgames.com/ET2/. AppVersion = 4.7.6-2513093+++depot+UE4-Releases+4.7
[2015.05.19-14.10.57:926][  0]LogAnalytics: ET APIKey = Rocket.Release. DataRouterUploadURL = https://datarouter-public-service-gamedev.ol.epicgames.net/datarouter/api/v1/public/data. AppVersion = 4.7.6-2513093+++depot+UE4-Releases+4.7
[2015.05.19-14.10.57:926][  0]LogAnalytics: SetUserId e54a3c4247f39b2d12bdc7b239e6cb1e|2a92c9890bbe47f38451fa259ee33fd8|88cf9443-166a-43f7-9f17-b5321103ecb1
[2015.05.19-14.10.57:926][  0]LogAnalytics: AnalyticsET::StartSession [Rocket.Release]
[2015.05.19-14.10.57:947][  0]LogInit: Transaction tracking system initialized
[2015.05.19-14.10.58:217][  0]BlueprintLog: New page: Editor Load
[2015.05.19-14.10.58:257][  0]LogAssetRegistry: FAssetRegistry took 0.0100 seconds to start up
[2015.05.19-14.10.58:258][  0]LogDirectoryWatcher:Warning: Failed to begin reading directory changes for ../../../Engine/Plugins/Experimental/CharacterAI/Content/. Error: 0
[2015.05.19-14.10.58:804][  0]LogTargetPlatformManager:Display: Building Assets For Windows
[2015.05.19-14.10.59:120][  0]LogTargetPlatformManager:Display: Building Assets For Windows
[2015.05.19-14.10.59:481][  0]LogSlate:Warning: Failed to load font data from '../../../Engine/Content/Editor/Slate/Fonts/Roboto-Regular.ttf'
[2015.05.19-14.10.59:482][  0]LogSlate:Warning: Failed to load font data from '../../../Engine/Content/Editor/Slate/Fonts/Roboto-Bold.ttf'
[2015.05.19-14.10.59:486][  0]LogConsoleResponse:Display: 
[2015.05.19-14.10.59:620][  0]LogCook:Display: Done creating registry. It took  0.00s.
[2015.05.19-14.10.59:832][  0]SourceControl: Info Source control is disabled
[2015.05.19-14.10.59:832][  0]Cmd: MAP LOAD FILE="C:/Users/n8695164/Desktop/SpaceRace/Content/EndlessRunner/Maps/2DSideScrollerExampleMap.umap" TEMPLATE=0 SHOWPROGRESS=1 FEATURELEVEL=3
[2015.05.19-14.10.59:833][  0]LightingResults: New page: Lighting Build
[2015.05.19-14.10.59:845][  0]MapCheck: New page: Map Check
[2015.05.19-14.10.59:845][  0]LightingResults: New page: Lighting Build
[2015.05.19-14.10.59:852][  0]LogParticles: Destroying 0 GPU particle simulations for FXSystem 0x0000000013EA2520
[2015.05.19-14.11.01:714][  0]LogBlueprint:Error: [compiler] Error Found more than one function with the same name BndEvt__Small Pirate_K2Node_ComponentBoundEvent_91_ComponentHitSignature__DelegateSignature; second occurance at  OnComponentHit (Small Pirate) 
[2015.05.19-14.11.01:715][  0]LogBlueprint:Error: [compiler] Error Found more than one function with the same name BndEvt__Small Pirate_K2Node_ComponentBoundEvent_91_ComponentHitSignature__DelegateSignature; second occurance at  OnComponentHit (Small Pirate) 
[2015.05.19-14.11.01:738][  0]LogBlueprint:Warning: [compiler] Warning [0014.51] Compile of Wave5 failed. 2 Fatal Issue(s) 0 Warning(s) [in 74 ms]
[2015.05.19-14.11.01:738][  0]LogBlueprint:Warning: [compiler] Warning [0014.51] Compile of Wave5 failed. 2 Fatal Issue(s) 1 Warning(s) [in 0 ms]
[2015.05.19-14.11.01:738][  0]LogBlueprint:Warning: [compiler] Warning [0014.51] Compile of Wave5 failed. 2 Fatal Issue(s) 2 Warning(s) [in 0 ms]
[2015.05.19-14.11.01:739][  0]LogBlueprint:Warning: [compiler] Warning [0014.51] Compile of Wave5 failed. 2 Fatal Issue(s) 3 Warning(s) [in 0 ms]
[2015.05.19-14.11.06:840][  0]LogEditorServer: Finished looking for orphan Actors (0.000 secs)
[2015.05.19-14.11.06:841][  0]LogAIModule: Creating AISystem for world 2DSideScrollerExampleMap
[2015.05.19-14.11.06:842][  0]Cmd: MAP CHECKDEP
[2015.05.19-14.11.06:842][  0]MapCheck: New page: 2DSideScrollerExampleMap - 20 May 2015 10:11:06 am
[2015.05.19-14.11.07:037][  0]MapCheck:Warning: Warning Sprite0 PaperFlipbookComponent /Game/EndlessRunner/Maps/2DSideScrollerExampleMap.2DSideScrollerExampleMap:PersistentLevel.ShipCharacter_C_1.Sprite0 : Externally referenced 
[2015.05.19-14.11.07:038][  0]MapCheck:Warning: Warning PaperFlipbook PaperFlipbookComponent /Game/EndlessRunner/Maps/2DSideScrollerExampleMap.2DSideScrollerExampleMap:PersistentLevel.ShipCharacter_C_1.PaperFlipbook : Externally referenced 
[2015.05.19-14.11.07:038][  0]MapCheck:Warning: Warning PaperSprite PaperSpriteComponent /Game/EndlessRunner/Maps/2DSideScrollerExampleMap.2DSideScrollerExampleMap:PersistentLevel.BP_Coin_C_2199.PaperSprite : Externally referenced 
[2015.05.19-14.11.07:039][  0]MapCheck:Warning: Warning PaperSprite PaperSpriteComponent /Game/EndlessRunner/Maps/2DSideScrollerExampleMap.2DSideScrollerExampleMap:PersistentLevel.BP_Coin_C_2200.PaperSprite : Externally referenced 
[2015.05.19-14.11.07:039][  0]MapCheck:Warning: Warning PaperSprite PaperSpriteComponent /Game/EndlessRunner/Maps/2DSideScrollerExampleMap.2DSideScrollerExampleMap:PersistentLevel.BP_Coin_C_2201.PaperSprite : Externally referenced 
[2015.05.19-14.11.07:040][  0]MapCheck:Warning: Warning PaperSprite PaperSpriteComponent /Game/EndlessRunner/Maps/2DSideScrollerExampleMap.2DSideScrollerExampleMap:PersistentLevel.BP_Coin_C_2202.PaperSprite : Externally referenced 
[2015.05.19-14.11.07:040][  0]MapCheck:Warning: Warning PaperSprite PaperSpriteComponent /Game/EndlessRunner/Maps/2DSideScrollerExampleMap.2DSideScrollerExampleMap:PersistentLevel.BP_Coin_C_2203.PaperSprite : Externally referenced 
[2015.05.19-14.11.07:040][  0]MapCheck:Warning: Warning PaperSprite PaperSpriteComponent /Game/EndlessRunner/Maps/2DSideScrollerExampleMap.2DSideScrollerExampleMap:PersistentLevel.BP_Coin_C_2204.PaperSprite : Externally referenced 
[2015.05.19-14.11.07:041][  0]MapCheck:Warning: Warning PaperSprite PaperSpriteComponent /Game/EndlessRunner/Maps/2DSideScrollerExampleMap.2DSideScrollerExampleMap:PersistentLevel.BP_Coin_C_2205.PaperSprite : Externally referenced 
[2015.05.19-14.11.07:041][  0]MapCheck:Warning: Warning PaperSprite PaperSpriteComponent /Game/EndlessRunner/Maps/2DSideScrollerExampleMap.2DSideScrollerExampleMap:PersistentLevel.BP_Coin_C_2206.PaperSprite : Externally referenced 
[2015.05.19-14.11.07:041][  0]MapCheck:Warning: Warning PaperSprite PaperSpriteComponent /Game/EndlessRunner/Maps/2DSideScrollerExampleMap.2DSideScrollerExampleMap:PersistentLevel.BP_Coin_C_2207.PaperSprite : Externally referenced 
[2015.05.19-14.11.07:042][  0]MapCheck:Warning: Warning PaperSprite PaperSpriteComponent /Game/EndlessRunner/Maps/2DSideScrollerExampleMap.2DSideScrollerExampleMap:PersistentLevel.BP_Coin_C_2208.PaperSprite : Externally referenced 
[2015.05.19-14.11.07:042][  0]MapCheck:Warning: Warning PaperSprite PaperSpriteComponent /Game/EndlessRunner/Maps/2DSideScrollerExampleMap.2DSideScrollerExampleMap:PersistentLevel.BP_Coin_C_2209.PaperSprite : Externally referenced 
[2015.05.19-14.11.07:042][  0]MapCheck:Warning: Warning PaperSprite PaperSpriteComponent /Game/EndlessRunner/Maps/2DSideScrollerExampleMap.2DSideScrollerExampleMap:PersistentLevel.BP_Coin_C_1023.PaperSprite : Externally referenced 
[2015.05.19-14.11.07:042][  0]MapCheck:Warning: Warning PaperSprite PaperSpriteComponent /Game/EndlessRunner/Maps/2DSideScrollerExampleMap.2DSideScrollerExampleMap:PersistentLevel.BP_Coin_C_1024.PaperSprite : Externally referenced 
[2015.05.19-14.11.07:043][  0]MapCheck:Warning: Warning PaperSprite PaperSpriteComponent /Game/EndlessRunner/Maps/2DSideScrollerExampleMap.2DSideScrollerExampleMap:PersistentLevel.BP_Coin_C_1025.PaperSprite : Externally referenced 
[2015.05.19-14.11.07:043][  0]MapCheck:Warning: Warning PaperSprite PaperSpriteComponent /Game/EndlessRunner/Maps/2DSideScrollerExampleMap.2DSideScrollerExampleMap:PersistentLevel.BP_Coin_C_1026.PaperSprite : Externally referenced 
[2015.05.19-14.11.07:043][  0]MapCheck:Warning: Warning PaperSprite PaperSpriteComponent /Game/EndlessRunner/Maps/2DSideScrollerExampleMap.2DSideScrollerExampleMap:PersistentLevel.BP_Coin_C_1027.PaperSprite : Externally referenced 
[2015.05.19-14.11.07:044][  0]MapCheck:Warning: Warning PaperSprite PaperSpriteComponent /Game/EndlessRunner/Maps/2DSideScrollerExampleMap.2DSideScrollerExampleMap:PersistentLevel.BP_Coin_C_1028.PaperSprite : Externally referenced 
[2015.05.19-14.11.07:044][  0]MapCheck:Warning: Warning PaperSprite PaperSpriteComponent /Game/EndlessRunner/Maps/2DSideScrollerExampleMap.2DSideScrollerExampleMap:PersistentLevel.BP_Coin_C_1029.PaperSprite : Externally referenced 
[2015.05.19-14.11.07:044][  0]MapCheck:Warning: Warning PaperSprite PaperSpriteComponent /Game/EndlessRunner/Maps/2DSideScrollerExampleMap.2DSideScrollerExampleMap:PersistentLevel.BP_Coin_C_1030.PaperSprite : Externally referenced 
[2015.05.19-14.11.07:045][  0]MapCheck:Warning: Warning PaperSprite PaperSpriteComponent /Game/EndlessRunner/Maps/2DSideScrollerExampleMap.2DSideScrollerExampleMap:PersistentLevel.BP_Coin_C_1031.PaperSprite : Externally referenced 
[2015.05.19-14.11.07:045][  0]MapCheck:Warning: Warning PaperSprite PaperSpriteComponent /Game/EndlessRunner/Maps/2DSideScrollerExampleMap.2DSideScrollerExampleMap:PersistentLevel.BP_Coin_C_1032.PaperSprite : Externally referenced 
[2015.05.19-14.11.07:045][  0]MapCheck:Warning: Warning PaperSprite PaperSpriteComponent /Game/EndlessRunner/Maps/2DSideScrollerExampleMap.2DSideScrollerExampleMap:PersistentLevel.BP_Coin_C_1033.PaperSprite : Externally referenced 
[2015.05.19-14.11.07:046][  0]MapCheck:Warning: Warning PaperSprite PaperSpriteComponent /Game/EndlessRunner/Maps/2DSideScrollerExampleMap.2DSideScrollerExampleMap:PersistentLevel.BP_Coin_C_550.PaperSprite : Externally referenced 
[2015.05.19-14.11.07:046][  0]MapCheck:Warning: Warning PaperSprite PaperSpriteComponent /Game/EndlessRunner/Maps/2DSideScrollerExampleMap.2DSideScrollerExampleMap:PersistentLevel.BP_Coin_C_551.PaperSprite : Externally referenced 
[2015.05.19-14.11.07:046][  0]MapCheck:Warning: Warning PaperSprite PaperSpriteComponent /Game/EndlessRunner/Maps/2DSideScrollerExampleMap.2DSideScrollerExampleMap:PersistentLevel.BP_Coin_C_552.PaperSprite : Externally referenced 
[2015.05.19-14.11.07:047][  0]MapCheck:Warning: Warning PaperSprite PaperSpriteComponent /Game/EndlessRunner/Maps/2DSideScrollerExampleMap.2DSideScrollerExampleMap:PersistentLevel.BP_Coin_C_553.PaperSprite : Externally referenced 
[2015.05.19-14.11.07:047][  0]MapCheck:Warning: Warning PaperSprite PaperSpriteComponent /Game/EndlessRunner/Maps/2DSideScrollerExampleMap.2DSideScrollerExampleMap:PersistentLevel.BP_Coin_C_554.PaperSprite : Externally referenced 
[2015.05.19-14.11.07:047][  0]MapCheck:Warning: Warning PaperSprite PaperSpriteComponent /Game/EndlessRunner/Maps/2DSideScrollerExampleMap.2DSideScrollerExampleMap:PersistentLevel.BP_Coin_C_555.PaperSprite : Externally referenced 
[2015.05.19-14.11.07:048][  0]MapCheck:Warning: Warning PaperSprite PaperSpriteComponent /Game/EndlessRunner/Maps/2DSideScrollerExampleMap.2DSideScrollerExampleMap:PersistentLevel.BP_Coin_C_556.PaperSprite : Externally referenced 
[2015.05.19-14.11.07:048][  0]MapCheck:Warning: Warning PaperSprite PaperSpriteComponent /Game/EndlessRunner/Maps/2DSideScrollerExampleMap.2DSideScrollerExampleMap:PersistentLevel.BP_Coin_C_557.PaperSprite : Externally referenced 
[2015.05.19-14.11.07:048][  0]MapCheck:Warning: Warning PaperSprite PaperSpriteComponent /Game/EndlessRunner/Maps/2DSideScrollerExampleMap.2DSideScrollerExampleMap:PersistentLevel.BP_Coin_C_558.PaperSprite : Externally referenced 
[2015.05.19-14.11.07:049][  0]MapCheck:Warning: Warning PaperSprite PaperSpriteComponent /Game/EndlessRunner/Maps/2DSideScrollerExampleMap.2DSideScrollerExampleMap:PersistentLevel.BP_Coin_C_559.PaperSprite : Externally referenced 
[2015.05.19-14.11.07:049][  0]MapCheck:Warning: Warning PaperSprite PaperSpriteComponent /Game/EndlessRunner/Maps/2DSideScrollerExampleMap.2DSideScrollerExampleMap:PersistentLevel.BP_Coin_C_560.PaperSprite : Externally referenced 
[2015.05.19-14.11.07:049][  0]MapCheck:Warning: Warning PaperSprite PaperSpriteComponent /Game/EndlessRunner/Maps/2DSideScrollerExampleMap.2DSideScrollerExampleMap:PersistentLevel.BP_StartLevel_416.PaperSprite : Externally referenced 
[2015.05.19-14.11.07:050][  0]MapCheck:Warning: Warning PaperSprite PaperSpriteComponent /Game/EndlessRunner/Maps/2DSideScrollerExampleMap.2DSideScrollerExampleMap:PersistentLevel.BP_MidLevel_263.PaperSprite : Externally referenced 
[2015.05.19-14.11.07:050][  0]MapCheck:Warning: Warning PaperSprite PaperSpriteComponent /Game/EndlessRunner/Maps/2DSideScrollerExampleMap.2DSideScrollerExampleMap:PersistentLevel.LargeAsteroid_114.PaperSprite : Externally referenced 
[2015.05.19-14.11.07:050][  0]MapCheck:Warning: Warning RightEdge PaperSpriteComponent /Game/EndlessRunner/Maps/2DSideScrollerExampleMap.2DSideScrollerExampleMap:PersistentLevel.Gameplay_Screen_C_0.RightEdge : Externally referenced 
[2015.05.19-14.11.07:050][  0]MapCheck:Warning: Warning LeftEdge PaperSpriteComponent /Game/EndlessRunner/Maps/2DSideScrollerExampleMap.2DSideScrollerExampleMap:PersistentLevel.Gameplay_Screen_C_0.LeftEdge : Externally referenced 
[2015.05.19-14.11.07:051][  0]MapCheck:Warning: Warning TopEdge PaperSpriteComponent /Game/EndlessRunner/Maps/2DSideScrollerExampleMap.2DSideScrollerExampleMap:PersistentLevel.Gameplay_Screen_C_0.TopEdge : Externally referenced 
[2015.05.19-14.11.07:051][  0]MapCheck:Warning: Warning BottomEdge PaperSpriteComponent /Game/EndlessRunner/Maps/2DSideScrollerExampleMap.2DSideScrollerExampleMap:PersistentLevel.Gameplay_Screen_C_0.BottomEdge : Externally referenced 
[2015.05.19-14.11.07:051][  0]MapCheck:Warning: Warning PaperFlipbook PaperFlipbookComponent /Game/EndlessRunner/Maps/2DSideScrollerExampleMap.2DSideScrollerExampleMap:PersistentLevel.BP_Coin3_127.PaperFlipbook : Externally referenced 
[2015.05.19-14.11.07:052][  0]MapCheck:Warning: Warning PaperFlipbook PaperFlipbookComponent /Game/EndlessRunner/Maps/2DSideScrollerExampleMap.2DSideScrollerExampleMap:PersistentLevel.BP_Coin4_258.PaperFlipbook : Externally referenced 
[2015.05.19-14.11.07:052][  0]MapCheck:Warning: Warning PaperFlipbook PaperFlipbookComponent /Game/EndlessRunner/Maps/2DSideScrollerExampleMap.2DSideScrollerExampleMap:PersistentLevel.BP_Coin5_377.PaperFlipbook : Externally referenced 
[2015.05.19-14.11.07:052][  0]MapCheck:Warning: Warning PaperFlipbook PaperFlipbookComponent /Game/EndlessRunner/Maps/2DSideScrollerExampleMap.2DSideScrollerExampleMap:PersistentLevel.BP_Coin6_576.PaperFlipbook : Externally referenced 
[2015.05.19-14.11.07:053][  0]MapCheck:Warning: Warning PaperFlipbook PaperFlipbookComponent /Game/EndlessRunner/Maps/2DSideScrollerExampleMap.2DSideScrollerExampleMap:PersistentLevel.BP_Coin7_707.PaperFlipbook : Externally referenced 
[2015.05.19-14.11.07:053][  0]MapCheck:Warning: Warning PaperFlipbook PaperFlipbookComponent /Game/EndlessRunner/Maps/2DSideScrollerExampleMap.2DSideScrollerExampleMap:PersistentLevel.BP_Coin8_846.PaperFlipbook : Externally referenced 
[2015.05.19-14.11.07:053][  0]MapCheck:Warning: Warning PaperFlipbook PaperFlipbookComponent /Game/EndlessRunner/Maps/2DSideScrollerExampleMap.2DSideScrollerExampleMap:PersistentLevel.BP_Coin9_961.PaperFlipbook : Externally referenced 
[2015.05.19-14.11.07:054][  0]MapCheck:Warning: Warning PaperFlipbook PaperFlipbookComponent /Game/EndlessRunner/Maps/2DSideScrollerExampleMap.2DSideScrollerExampleMap:PersistentLevel.BP_Coin10_1092.PaperFlipbook : Externally referenced 
[2015.05.19-14.11.07:054][  0]MapCheck:Warning: Warning PaperFlipbook PaperFlipbookComponent /Game/EndlessRunner/Maps/2DSideScrollerExampleMap.2DSideScrollerExampleMap:PersistentLevel.BP_Coin11_1239.PaperFlipbook : Externally referenced 
[2015.05.19-14.11.07:054][  0]MapCheck:Warning: Warning PaperFlipbook PaperFlipbookComponent /Game/EndlessRunner/Maps/2DSideScrollerExampleMap.2DSideScrollerExampleMap:PersistentLevel.BP_Coin12_1430.PaperFlipbook : Externally referenced 
[2015.05.19-14.11.07:055][  0]MapCheck: Info Map check complete: 0 Error(s), 52 Warning(s), took 212.658ms to complete.
[2015.05.19-14.11.07:066][  0]LogFileHelpers: Loading map '2DSideScrollerExampleMap' took 7.234
[2015.05.19-14.11.07:186][  0]LogCollectionManager: Loaded 0 collections in 0.001424 seconds
[2015.05.19-14.11.07:197][  0]LogContentBrowser: Native class hierarchy populated in 0.0098 seconds. Added 1697 classes and 263 folders.
[2015.05.19-14.11.07:242][  0]LogContentBrowser: Native class hierarchy updated for 'SceneOutliner' in 0.0034 seconds. Added 1 classes and 2 folders.
[2015.05.19-14.11.07:306][  0]LogCrashTracker: Crashtracker disabled due to settings.
[2015.05.19-14.11.07:307][  0]LogSlate:Warning: Failed to load font data from 'Veranda'
[2015.05.19-14.11.07:312][  0]LogUObjectGlobals:Warning: Failed to find object 'Class None.'
[2015.05.19-14.11.07:342][  0]LogLoad: Full Startup: 20.11 seconds (BP compile: 3.10 seconds)
[2015.05.19-14.11.07:376][  0]LogContentBrowser:Verbose: The content browser source was changed by the sources view to '/Game/EndlessRunner/Blueprints'
[2015.05.19-14.11.07:542][  0]LogRenderer:Warning: Reallocating scene render targets to support 1208x576 (Frame:2).
[2015.05.19-14.11.08:154][  6]LogAssetRegistry: Asset discovery search completed in 9.9062 seconds
[2015.05.19-14.11.10:053][218]LogEditorViewport: Clicking on Actor (LMB): ShipCharacter_C (2DSideScrollerCharacter)
[2015.05.19-14.11.26:861][829]LogRenderer:Warning: Reallocating scene render targets to support 1208x712 (Frame:4341).
[2015.05.19-14.11.52:069][438]LogSCSEditor: Calling UpdateTree() from Tick().
[2015.05.19-14.12.19:478][191]BlueprintLog: New page: Compile ShipCharacter
[2015.05.19-14.12.19:758][191]LogActorComponent: UnregisterComponent: (/Engine/Transient.ProjectileMovementComponent_1) Not registered. Aborting.
[2015.05.19-14.12.19:883][191]BlueprintEditorCompileResults: Info [0092.65] Compile of ShipCharacter successful! [in 404 ms]
[2015.05.19-14.12.33:120][ 67]LogSCSEditor: Calling UpdateTree() from Tick().
[2015.05.19-14.13.02:980][  9]BlueprintLog: New page: Compile ShipCharacter
[2015.05.19-14.13.03:259][  9]BlueprintEditorCompileResults: Info [0136.02] Compile of ShipCharacter successful! [in 277 ms]
[2015.05.19-14.13.11:958][636]BlueprintLog: New page: Pre-PIE auto-recompile
[2015.05.19-14.13.11:962][636]LogPlayLevel: [PIE] Compiling BP_Coin before PIE...
[2015.05.19-14.13.12:033][636]LogPlayLevel: [PIE] Compiling BP_StartLevel before PIE...
[2015.05.19-14.13.12:252][636]LogPlayLevel: [PIE] Compiling BP_Asteroid before PIE...
[2015.05.19-14.13.12:303][636]LogPlayLevel: [PIE] Compiling BP_Coin2 before PIE...
[2015.05.19-14.13.12:362][636]LogPlayLevel: [PIE] Compiling LargeAsteroid before PIE...
[2015.05.19-14.13.12:416][636]LogPlayLevel: [PIE] Compiling RunHUD before PIE...
[2015.05.19-14.13.12:425][636]LogBlueprint:Error: [compiler] Error Binding: Property ' bIsEnabledDelegate ' on Widget ' Coin gauge ': Member:Get_Coin gauge_bIsEnabled_0 Unable to bind Float Property, unsupported type.
[2015.05.19-14.13.12:500][636]LogBlueprint:Warning: [compiler] Warning [0145.26] Compile of RunHUD failed. 1 Fatal Issue(s) 0 Warning(s) [in 80 ms]
[2015.05.19-14.13.12:501][636]LogBlueprint:Warning: [compiler] Warning [0145.26] Compile of RunHUD failed. 1 Fatal Issue(s) 1 Warning(s) [in 0 ms]
[2015.05.19-14.13.12:501][636]LogBlueprint:Warning: [compiler] Warning [0145.26] Compile of RunHUD failed. 1 Fatal Issue(s) 2 Warning(s) [in 0 ms]
[2015.05.19-14.13.12:505][636]LogBlueprint:Warning: [compiler] Warning [0145.27] Compile of RunHUD failed. 1 Fatal Issue(s) 3 Warning(s) [in 3 ms]
[2015.05.19-14.13.12:515][636]LogBlueprint:Warning: [compiler] Warning [0145.28] Compile of RunHUD failed. 1 Fatal Issue(s) 4 Warning(s) [in 9 ms]
[2015.05.19-14.13.12:515][636]LogBlueprint:Warning: [compiler] Warning [0145.28] Compile of RunHUD failed. 1 Fatal Issue(s) 5 Warning(s) [in 0 ms]
[2015.05.19-14.13.12:519][636]LogPlayLevel: [PIE] Compiling RunGameMode before PIE...
[2015.05.19-14.13.12:590][636]LogPlayLevel: [PIE] Compiling BP_EndLevel before PIE...
[2015.05.19-14.13.12:634][636]LogPlayLevel: [PIE] Compiling BP_MidLevel before PIE...
[2015.05.19-14.13.12:687][636]LogPlayLevel: [PIE] Compiling ShipCharacter before PIE...
[2015.05.19-14.13.12:905][636]LogPlayLevel: PIE:  Blueprint regeneration took 946 ms (10 blueprints)
[2015.05.19-14.13.13:906][636]BlueprintLog: Info Blueprint RunHUD failed to compile
[2015.05.19-14.13.13:907][636]PIE: New page: PIE session: 2DSideScrollerExampleMap (20 May 2015 10:13:13 am)
[2015.05.19-14.13.13:914][636]LogPlayLevel: PIE: StaticDuplicateObject took: (0.005720s)
[2015.05.19-14.13.13:915][636]LogPlayLevel: PIE: World Init took: (0.000518s)
[2015.05.19-14.13.13:915][636]LogPlayLevel: PIE: Created PIE world by copying editor world from /Game/EndlessRunner/Maps/2DSideScrollerExampleMap.2DSideScrollerExampleMap to /Game/EndlessRunner/Maps/UEDPIE_0_2DSideScrollerExampleMap.2DSideScrollerExampleMap (0.006947s)
[2015.05.19-14.13.13:967][636]LogWorld: Game class is 'RunGameMode_C'
[2015.05.19-14.13.13:970][636]LogAIModule: Creating AISystem for world 2DSideScrollerExampleMap
[2015.05.19-14.13.13:978][636]LogWorld: Bringing World /Game/EndlessRunner/Maps/UEDPIE_0_2DSideScrollerExampleMap.2DSideScrollerExampleMap up for play (max tick rate 0) at 2015.05.20-00.13.13
[2015.05.19-14.13.13:979][636]LogWorld: Bringing up level for play took: 0.009022
[2015.05.19-14.13.14:009][636]PIE: Info Play in editor start time for /Game/EndlessRunner/Maps/UEDPIE_0_2DSideScrollerExampleMap 2.655
[2015.05.19-14.13.18:654][156]LogBlueprintUserMessages: Hello
[2015.05.19-14.13.20:289][336]Cmd: RestartLevel
[2015.05.19-14.13.20:303][337]LogNet: Browse: /Game/EndlessRunner/Maps/2DSideScrollerExampleMap?restart
[2015.05.19-14.13.20:304][337]LogLoad: LoadMap: /Game/EndlessRunner/Maps/2DSideScrollerExampleMap
[2015.05.19-14.13.20:333][337]LogParticles: Destroying 0 GPU particle simulations for FXSystem 0x000000000C27C2C0
[2015.05.19-14.13.20:334][337]Cmd: MEM
[2015.05.19-14.13.20:356][337]LogMemory: Platform Memory Stats for Windows
[2015.05.19-14.13.20:356][337]LogMemory: Process Physical Memory: 810.21 MB used, 818.75 MB peak
[2015.05.19-14.13.20:357][337]LogMemory: Process Virtual Memory: 709.39 MB used, 718.74 MB peak
[2015.05.19-14.13.20:357][337]LogMemory: Physical Memory: 6302.84 MB used, 32720.52 MB total
[2015.05.19-14.13.20:357][337]LogMemory: Virtual Memory: 1247.85 MB used, 8388608.00 MB total
[2015.05.19-14.13.20:357][337]LogMemory: 
[2015.05.19-14.13.20:358][337]Allocator Stats for TBB: (not implemented)
[2015.05.19-14.13.20:364][337]LogPlayLevel: PIE: StaticDuplicateObject took: (0.005734s)
[2015.05.19-14.13.20:364][337]LogPlayLevel: PIE: World Init took: (0.000507s)
[2015.05.19-14.13.20:365][337]LogPlayLevel: PIE: Created PIE world by copying editor world from /Game/EndlessRunner/Maps/2DSideScrollerExampleMap.2DSideScrollerExampleMap to /Game/EndlessRunner/Maps/UEDPIE_0_2DSideScrollerExampleMap.2DSideScrollerExampleMap (0.006849s)
[2015.05.19-14.13.20:365][337]LogWorld: Game class is 'RunGameMode_C'
[2015.05.19-14.13.20:367][337]LogAIModule: Creating AISystem for world 2DSideScrollerExampleMap
[2015.05.19-14.13.20:376][337]LogWorld: Bringing World /Game/EndlessRunner/Maps/UEDPIE_0_2DSideScrollerExampleMap.2DSideScrollerExampleMap up for play (max tick rate 0) at 2015.05.20-00.13.20
[2015.05.19-14.13.20:377][337]LogWorld: Bringing up level for play took: 0.008783
[2015.05.19-14.13.25:292][897]LogBlueprintUserMessages: Hello
[2015.05.19-14.13.30:296][471]LogBlueprintUserMessages: Hello
[2015.05.19-14.13.31:525][611]LogScript:Warning: Cannot access 'Root'. It is pending kill. Property: 'Root'
	Wave2_C /Game/EndlessRunner/Maps/UEDPIE_0_2DSideScrollerExampleMap.2DSideScrollerExampleMap:PersistentLevel.Wave2_C_1
	Function /Game/EndlessRunner/Blueprints/Wave2.Wave2_C:ExecuteUbergraph_Wave2:00B5
[2015.05.19-14.13.31:526][611]PIE:Error: Error Cannot access 'Root'. It is pending kill. Property: 'Root' from node Construction Script in blueprint Wave2
[2015.05.19-14.13.35:291][ 42]LogBlueprintUserMessages: Hello
[2015.05.19-14.13.36:530][181]LogScript:Warning: Cannot access 'Root'. It is pending kill. Property: 'Root'
	Wave2_C /Game/EndlessRunner/Maps/UEDPIE_0_2DSideScrollerExampleMap.2DSideScrollerExampleMap:PersistentLevel.Wave2_C_2
	Function /Game/EndlessRunner/Blueprints/Wave2.Wave2_C:ExecuteUbergraph_Wave2:00B5
[2015.05.19-14.13.36:531][181]PIE:Error: Error Cannot access 'Root'. It is pending kill. Property: 'Root' from node Construction Script in blueprint Wave2
[2015.05.19-14.13.40:291][612]LogBlueprintUserMessages: Hello
[2015.05.19-14.13.44:087][  4]LogSavePackage: Save=120.148033ms
[2015.05.19-14.13.44:088][  4]LogSavePackage: Moving 'C:/Users/n8695164/Desktop/SpaceRace/Saved/2DSideScrollerExampleMapFD6FFFE648F66BD0766DB4B3124128FD.tmp' to 'C:/Users/n8695164/Desktop/SpaceRace/Content/EndlessRunner/Maps/2DSideScrollerExampleMap.umap'
[2015.05.19-14.13.45:375][134]LogParticles: Destroying 0 GPU particle simulations for FXSystem 0x00000000213B0EA0
[2015.05.19-14.13.46:558][205]LogSavePackage: Save=118.638802ms
[2015.05.19-14.13.46:558][205]LogSavePackage: Moving 'C:/Users/n8695164/Desktop/SpaceRace/Saved/2DSideScrollerExampleMap09D089F14EA31BE03498F49DD24DC510.tmp' to 'C:/Users/n8695164/Desktop/SpaceRace/Content/EndlessRunner/Maps/2DSideScrollerExampleMap.umap'
[2015.05.19-14.14.11:864][917]LogBlueprint:Warning: Unknown type of hyperlinked object
[2015.05.19-14.14.11:865][917]LogBlueprint:Warning: Unknown type of hyperlinked object
[2015.05.19-14.14.38:089][968]BlueprintLog: New page: Compile Wave2
[2015.05.19-14.14.38:215][968]BlueprintEditorCompileResults: Info [0230.97] Compile of Wave2 successful! [in 125 ms]
[2015.05.19-14.14.44:964][748]LogParticles: Destroying 0 GPU particle simulations for FXSystem 0x000000000F0047C0
[2015.05.19-14.14.45:121][748]LogSavePackage: Save=117.534187ms
[2015.05.19-14.14.45:121][748]LogSavePackage: Moving 'C:/Users/n8695164/Desktop/SpaceRace/Saved/2DSideScrollerExampleMap405DA642407B1711F6677F88CEFC9ADE.tmp' to 'C:/Users/n8695164/Desktop/SpaceRace/Content/EndlessRunner/Maps/2DSideScrollerExampleMap.umap'
[2015.05.19-14.14.47:425][968]LogSavePackage: Save=117.639687ms
[2015.05.19-14.14.47:426][968]LogSavePackage: Moving 'C:/Users/n8695164/Desktop/SpaceRace/Saved/2DSideScrollerExampleMap81222190444738A46DE606B7A3442018.tmp' to 'C:/Users/n8695164/Desktop/SpaceRace/Content/EndlessRunner/Maps/2DSideScrollerExampleMap.umap'
[2015.05.19-14.14.47:772][979]LogSavePackage: Save=116.985291ms
[2015.05.19-14.14.47:773][979]LogSavePackage: Moving 'C:/Users/n8695164/Desktop/SpaceRace/Saved/2DSideScrollerExampleMapCC10E0104CE08D3D36C81D9E56CD9263.tmp' to 'C:/Users/n8695164/Desktop/SpaceRace/Content/EndlessRunner/Maps/2DSideScrollerExampleMap.umap'
[2015.05.19-14.14.51:637][106]Cmd: OBJ SAVEPACKAGE PACKAGE="/Game/EndlessRunner/Blueprints/ShipCharacter" FILE="C:/Users/n8695164/Desktop/SpaceRace/Content/EndlessRunner/Blueprints/ShipCharacter.uasset" SILENT=true
[2015.05.19-14.14.51:847][106]LogSavePackage: Save=177.370529ms
[2015.05.19-14.14.51:848][106]LogSavePackage: Moving 'C:/Users/n8695164/Desktop/SpaceRace/Saved/ShipCharacter6BDAE9B14CA9DB78DC722887346C04AF.tmp' to 'C:/Users/n8695164/Desktop/SpaceRace/Content/EndlessRunner/Blueprints/ShipCharacter.uasset'
[2015.05.19-14.14.51:856][106]Cmd: OBJ SAVEPACKAGE PACKAGE="/Game/EndlessRunner/Blueprints/Wave2" FILE="C:/Users/n8695164/Desktop/SpaceRace/Content/EndlessRunner/Blueprints/Wave2.uasset" SILENT=true
[2015.05.19-14.14.51:982][106]LogSavePackage: Save=93.156319ms
[2015.05.19-14.14.51:982][106]LogSavePackage: Moving 'C:/Users/n8695164/Desktop/SpaceRace/Saved/Wave2445550874920C2668B1A4ABA56D73569.tmp' to 'C:/Users/n8695164/Desktop/SpaceRace/Content/EndlessRunner/Blueprints/Wave2.uasset'
[2015.05.19-14.14.52:382][107]Cmd: QUIT_EDITOR
[2015.05.19-14.14.52:572][107]LogExit: Preparing to exit.
[2015.05.19-14.14.53:105][107]LogExit: Editor shut down
[2015.05.19-14.14.53:106][107]LogExit: Transaction tracking system shut down
[2015.05.19-14.14.53:121][107]LogParticles: Destroying 0 GPU particle simulations for FXSystem 0x000000001C344F40
[2015.05.19-14.14.53:122][107]LogParticles: Destroying 0 GPU particle simulations for FXSystem 0x0000000025B29F80
[2015.05.19-14.14.53:122][107]LogParticles: Destroying 0 GPU particle simulations for FXSystem 0x000000002598B600
[2015.05.19-14.14.53:123][107]LogParticles: Destroying 0 GPU particle simulations for FXSystem 0x000000000A5AA5C0
[2015.05.19-14.14.53:123][107]LogParticles: Destroying 0 GPU particle simulations for FXSystem 0x000000000D7D3BA0
[2015.05.19-14.14.53:129][107]LogParticles: Destroying 0 GPU particle simulations for FXSystem 0x000000000C2C4D60
[2015.05.19-14.14.53:193][107]LogExit: Object subsystem successfully closed.
[2015.05.19-14.14.53:243][107]LogModuleManager: Shutting down and abandoning module CrashTracker (178)
[2015.05.19-14.14.53:244][107]LogModuleManager: Shutting down and abandoning module SuperSearch (177)
[2015.05.19-14.14.53:244][107]LogModuleManager: Shutting down and abandoning module SceneOutliner (176)
[2015.05.19-14.14.53:244][107]LogModuleManager: Shutting down and abandoning module EditorWidgets (175)
[2015.05.19-14.14.53:245][107]LogModuleManager: Shutting down and abandoning module CollectionManager (174)
[2015.05.19-14.14.53:245][107]LogModuleManager: Shutting down and abandoning module StatsViewer (173)
[2015.05.19-14.14.53:245][107]LogModuleManager: Shutting down and abandoning module FoliageEdit (172)
[2015.05.19-14.14.53:245][107]LogModuleManager: Shutting down and abandoning module LandscapeEditor (171)
[2015.05.19-14.14.53:246][107]LogModuleManager: Shutting down and abandoning module MeshPaint (170)
[2015.05.19-14.14.53:246][107]LogModuleManager: Shutting down and abandoning module ActorPickerMode (169)
[2015.05.19-14.14.53:246][107]LogModuleManager: Shutting down and abandoning module GeometryMode (168)
[2015.05.19-14.14.53:246][107]LogModuleManager: Shutting down and abandoning module TextureAlignMode (167)
[2015.05.19-14.14.53:246][107]LogModuleManager: Shutting down and abandoning module BspMode (166)
[2015.05.19-14.14.53:247][107]LogModuleManager: Shutting down and abandoning module PlacementMode (165)
[2015.05.19-14.14.53:247][107]LogModuleManager: Shutting down and abandoning module AutomationWorker (164)
[2015.05.19-14.14.53:247][107]LogModuleManager: Shutting down and abandoning module CharacterAI (163)
[2015.05.19-14.14.53:247][107]LogModuleManager: Shutting down and abandoning module SmartSnapping (162)
[2015.05.19-14.14.53:247][107]LogModuleManager: Shutting down and abandoning module ViewportSnapping (161)
[2015.05.19-14.14.53:248][107]LogModuleManager: Shutting down and abandoning module LogVisualizer (160)
[2015.05.19-14.14.53:248][107]LogModuleManager: Shutting down and abandoning module GameProjectGeneration (159)
[2015.05.19-14.14.53:248][107]LogModuleManager: Shutting down and abandoning module IntroTutorials (158)
[2015.05.19-14.14.53:248][107]LogModuleManager: Shutting down and abandoning module EditorLiveStreaming (157)
[2015.05.19-14.14.53:249][107]LogModuleManager: Shutting down and abandoning module HardwareTargeting (156)
[2015.05.19-14.14.53:249][107]LogModuleManager: Shutting down and abandoning module DeviceProfileEditor (155)
[2015.05.19-14.14.53:249][107]LogModuleManager: Shutting down and abandoning module UndoHistory (154)
[2015.05.19-14.14.53:249][107]LogModuleManager: Shutting down and abandoning module GameplayTagsEditor (153)
[2015.05.19-14.14.53:249][107]LogModuleManager: Shutting down and abandoning module UserFeedback (152)
[2015.05.19-14.14.53:250][107]LogModuleManager: Shutting down and abandoning module XmlParser (151)
[2015.05.19-14.14.53:250][107]LogModuleManager: Shutting down and abandoning module Blutility (150)
[2015.05.19-14.14.53:250][107]LogModuleManager: Shutting down and abandoning module IOSPlatformEditor (149)
[2015.05.19-14.14.53:250][107]LogModuleManager: Shutting down and abandoning module IOSRuntimeSettings (148)
[2015.05.19-14.14.53:250][107]LogModuleManager: Shutting down and abandoning module AndroidDeviceDetection (147)
[2015.05.19-14.14.54:236][107]LogModuleManager: Shutting down and abandoning module AndroidPlatformEditor (146)
[2015.05.19-14.14.54:237][107]LogModuleManager: Shutting down and abandoning module AndroidRuntimeSettings (145)
[2015.05.19-14.14.54:237][107]LogModuleManager: Shutting down and abandoning module ProjectTargetPlatformEditor (144)
[2015.05.19-14.14.54:237][107]LogModuleManager: Shutting down and abandoning module ProjectSettingsViewer (143)
[2015.05.19-14.14.54:238][107]LogModuleManager: Shutting down and abandoning module InputBindingEditor (142)
[2015.05.19-14.14.54:238][107]LogModuleManager: Shutting down and abandoning module EditorSettingsViewer (141)
[2015.05.19-14.14.54:238][107]LogModuleManager: Shutting down and abandoning module SettingsEditor (140)
[2015.05.19-14.14.54:238][107]LogModuleManager: Shutting down and abandoning module ProjectLauncher (139)
[2015.05.19-14.14.54:239][107]LogModuleManager: Shutting down and abandoning module SessionFrontend (138)
[2015.05.19-14.14.54:239][107]LogModuleManager: Shutting down and abandoning module ProfilerClient (137)
[2015.05.19-14.14.54:239][107]LogModuleManager: Shutting down and abandoning module TargetDeviceServices (136)
[2015.05.19-14.14.54:239][107]LogModuleManager: Shutting down and abandoning module DeviceManager (135)
[2015.05.19-14.14.54:239][107]LogModuleManager: Shutting down and abandoning module AutomationController (134)
[2015.05.19-14.14.54:240][107]LogModuleManager: Shutting down and abandoning module AutomationWindow (133)
[2015.05.19-14.14.54:240][107]LogModuleManager: Shutting down and abandoning module Layers (132)
[2015.05.19-14.14.54:240][107]LogModuleManager: Shutting down and abandoning module ComponentVisualizers (131)
[2015.05.19-14.14.54:240][107]LogModuleManager: Shutting down and abandoning module DetailCustomizations (130)
[2015.05.19-14.14.54:241][107]LogModuleManager: Shutting down and abandoning module PackagesDialog (129)
[2015.05.19-14.14.54:241][107]LogModuleManager: Shutting down and abandoning module AssetRegistry (128)
[2015.05.19-14.14.54:342][107]LogModuleManager: Shutting down and abandoning module Persona (127)
[2015.05.19-14.14.54:342][107]LogModuleManager: Shutting down and abandoning module SlateReflector (126)
[2015.05.19-14.14.54:342][107]LogModuleManager: Shutting down and abandoning module LevelEditor (125)
[2015.05.19-14.14.54:343][107]LogModuleManager: Shutting down and abandoning module Kismet (124)
[2015.05.19-14.14.54:344][107]LogModuleManager: Shutting down and abandoning module GraphEditor (123)
[2015.05.19-14.14.54:344][107]LogModuleManager: Shutting down and abandoning module ClassViewer (122)
[2015.05.19-14.14.54:344][107]LogModuleManager: Shutting down and abandoning module Toolbox (121)
[2015.05.19-14.14.54:344][107]LogModuleManager: Shutting down and abandoning module ModuleUI (120)
[2015.05.19-14.14.54:345][107]LogModuleManager: Shutting down and abandoning module MovieSceneTools (119)
[2015.05.19-14.14.54:345][107]LogModuleManager: Shutting down and abandoning module OutputLog (118)
[2015.05.19-14.14.54:345][107]LogModuleManager: Shutting down and abandoning module GammaUI (117)
[2015.05.19-14.14.54:345][107]LogModuleManager: Shutting down and abandoning module Documentation (116)
[2015.05.19-14.14.54:345][107]LogModuleManager: Shutting down and abandoning module GameLiveStreaming (115)
[2015.05.19-14.14.54:346][107]LogModuleManager: Shutting down and abandoning module StreamingPauseRendering (114)
[2015.05.19-14.14.54:346][107]LogModuleManager: Shutting down and abandoning module HTTP (113)
[2015.05.19-14.14.54:346][107]LogModuleManager: Shutting down and abandoning module AnalyticsET (112)
[2015.05.19-14.14.54:346][107]LogModuleManager: Shutting down and abandoning module Analytics (111)
[2015.05.19-14.14.54:347][107]LogModuleManager: Shutting down and abandoning module AITestSuite (110)
[2015.05.19-14.14.54:347][107]LogModuleManager: Shutting down and abandoning module GameplayDebugger (109)
[2015.05.19-14.14.54:347][107]LogModuleManager: Shutting down and abandoning module AIModule (108)
[2015.05.19-14.14.54:347][107]LogModuleManager: Shutting down and abandoning module ProfilerService (107)
[2015.05.19-14.14.54:356][107]LogModuleManager: Shutting down and abandoning module TaskGraph (106)
[2015.05.19-14.14.54:356][107]LogModuleManager: Shutting down and abandoning module SlateRemote (105)
[2015.05.19-14.14.54:357][107]LogModuleManager: Shutting down and abandoning module ScriptEditorPlugin (104)
[2015.05.19-14.14.54:357][107]LogModuleManager: Shutting down and abandoning module CustomMeshComponent (103)
[2015.05.19-14.14.54:357][107]LogModuleManager: Shutting down and abandoning module CableComponent (102)
[2015.05.19-14.14.54:357][107]LogModuleManager: Shutting down and abandoning module MessagingDebugger (101)
[2015.05.19-14.14.54:357][107]LogModuleManager: Shutting down and abandoning module MediaPlayerEditor (100)
[2015.05.19-14.14.54:358][107]LogModuleManager: Shutting down and abandoning module SpeedTreeImporter (99)
[2015.05.19-14.14.54:358][107]LogModuleManager: Shutting down and abandoning module PluginsEditor (98)
[2015.05.19-14.14.54:358][107]LogModuleManager: Shutting down and abandoning module MainFrame (97)
[2015.05.19-14.14.54:358][107]LogModuleManager: Shutting down and abandoning module EpicSurvey (96)
[2015.05.19-14.14.54:359][107]LogModuleManager: Shutting down and abandoning module DesktopPlatform (95)
[2015.05.19-14.14.54:359][107]LogModuleManager: Shutting down and abandoning module DirectoryWatcher (94)
[2015.05.19-14.14.54:359][107]LogModuleManager: Shutting down and abandoning module HotReload (93)
[2015.05.19-14.14.54:359][107]LogModuleManager: Shutting down and abandoning module VisualStudioSourceCodeAccess (92)
[2015.05.19-14.14.54:360][107]LogModuleManager: Shutting down and abandoning module UObjectPlugin (91)
[2015.05.19-14.14.54:360][107]LogModuleManager: Shutting down and abandoning module SubversionSourceControl (90)
[2015.05.19-14.14.54:360][107]LogModuleManager: Shutting down and abandoning module PerforceSourceControl (89)
[2015.05.19-14.14.54:360][107]LogModuleManager: Shutting down and abandoning module SourceControl (88)
[2015.05.19-14.14.54:360][107]LogModuleManager: Shutting down and abandoning module GitSourceControl (87)
[2015.05.19-14.14.54:361][107]LogModuleManager: Shutting down and abandoning module BlankPlugin (86)
[2015.05.19-14.14.54:361][107]LogModuleManager: Shutting down and abandoning module PaperTiledImporter (85)
[2015.05.19-14.14.54:361][107]LogModuleManager: Shutting down and abandoning module PaperJsonImporter (84)
[2015.05.19-14.14.54:361][107]LogModuleManager: Shutting down and abandoning module ContentBrowser (83)
[2015.05.19-14.14.54:362][107]LogModuleManager: Shutting down and abandoning module Paper2DEditor (82)
[2015.05.19-14.14.54:362][107]LogModuleManager: Shutting down and abandoning module SpaceRace (81)
[2015.05.19-14.14.54:362][107]LogModuleManager: Shutting down and abandoning module ScriptPlugin (80)
[2015.05.19-14.14.54:363][107]LogModuleManager: Shutting down and abandoning module UdpMessaging (79)
[2015.05.19-14.14.54:463][107]LogModuleManager: Shutting down and abandoning module Paper2D (78)
[2015.05.19-14.14.54:463][107]LogModuleManager: Shutting down and abandoning module WindowsMoviePlayer (77)
[2015.05.19-14.14.54:465][107]LogModuleManager: Shutting down and abandoning module Media (76)
[2015.05.19-14.14.54:465][107]LogModuleManager: Shutting down and abandoning module WmfMedia (75)
[2015.05.19-14.14.54:466][107]LogModuleManager: Shutting down and abandoning module OnlineBlueprintSupport (74)
[2015.05.19-14.14.54:466][107]LogModuleManager: Shutting down and abandoning module PropertyEditor (73)
[2015.05.19-14.14.54:467][107]LogModuleManager: Shutting down and abandoning module BehaviorTreeEditor (72)
[2015.05.19-14.14.54:467][107]LogModuleManager: Shutting down and abandoning module FunctionalTesting (71)
[2015.05.19-14.14.54:467][107]LogModuleManager: Shutting down and abandoning module CollisionAnalyzer (70)
[2015.05.19-14.14.54:468][107]LogModuleManager: Shutting down and abandoning module WorkspaceMenuStructure (69)
[2015.05.19-14.14.54:468][107]LogModuleManager: Shutting down and abandoning module MessageLog (68)
[2015.05.19-14.14.54:468][107]LogModuleManager: Shutting down and abandoning module Sequencer (67)
[2015.05.19-14.14.54:468][107]LogModuleManager: Shutting down and abandoning module AssetTools (66)
[2015.05.19-14.14.54:468][107]LogModuleManager: Shutting down and abandoning module UMGEditor (65)
[2015.05.19-14.14.54:469][107]LogModuleManager: Shutting down and abandoning module UMG (64)
[2015.05.19-14.14.54:469][107]LogModuleManager: Shutting down and abandoning module Slate (63)
[2015.05.19-14.14.54:469][107]LogModuleManager: Shutting down and abandoning module EditorStyle (62)
[2015.05.19-14.14.54:472][107]LogModuleManager: Shutting down and abandoning module SessionServices (61)
[2015.05.19-14.14.54:472][107]LogModuleManager: Shutting down and abandoning module SourceCodeAccess (60)
[2015.05.19-14.14.54:472][107]LogModuleManager: Shutting down and abandoning module HeadMountedDisplay (59)
[2015.05.19-14.14.54:473][107]LogModuleManager: Shutting down and abandoning module XAudio2 (58)
[2015.05.19-14.14.54:473][107]LogModuleManager: Shutting down and abandoning module Networking (56)
[2015.05.19-14.14.54:473][107]LogModuleManager: Shutting down and abandoning module Core (55)
[2015.05.19-14.14.54:473][107]LogModuleManager: Shutting down and abandoning module KismetCompiler (54)
[2015.05.19-14.14.54:473][107]LogModuleManager: Shutting down and abandoning module PhysXFormats (53)
[2015.05.19-14.14.54:474][107]LogModuleManager: Shutting down and abandoning module MeshUtilities (52)
[2015.05.19-14.14.54:474][107]LogModuleManager: Shutting down and abandoning module DerivedDataCache (51)
[2015.05.19-14.14.54:501][107]LogDerivedDataCache: Shutdown
[2015.05.19-14.14.54:501][107]LogModuleManager: Shutting down and abandoning module ShaderFormatOpenGL (50)
[2015.05.19-14.14.54:502][107]LogModuleManager: Shutting down and abandoning module ShaderFormatD3D (49)
[2015.05.19-14.14.54:502][107]LogModuleManager: Shutting down and abandoning module MetalShaderFormat (48)
[2015.05.19-14.14.54:502][107]LogModuleManager: Shutting down and abandoning module TextureFormatUncompressed (47)
[2015.05.19-14.14.54:502][107]LogModuleManager: Shutting down and abandoning module TextureFormatPVR (46)
[2015.05.19-14.14.54:503][107]LogModuleManager: Shutting down and abandoning module TextureFormatIntelISPCTexComp (45)
[2015.05.19-14.14.54:503][107]LogModuleManager: Shutting down and abandoning module TextureFormatDXT (44)
[2015.05.19-14.14.54:503][107]LogModuleManager: Shutting down and abandoning module ImageWrapper (43)
[2015.05.19-14.14.54:503][107]LogModuleManager: Shutting down and abandoning module TextureFormatASTC (42)
[2015.05.19-14.14.54:503][107]LogModuleManager: Shutting down and abandoning module TextureFormatAndroid (41)
[2015.05.19-14.14.54:504][107]LogModuleManager: Shutting down and abandoning module AudioFormatOpus (40)
[2015.05.19-14.14.54:504][107]LogModuleManager: Shutting down and abandoning module AudioFormatOgg (39)
[2015.05.19-14.14.54:504][107]LogModuleManager: Shutting down and abandoning module AudioFormatADPCM (38)
[2015.05.19-14.14.54:504][107]LogModuleManager: Shutting down and abandoning module LinuxTargetPlatform (37)
[2015.05.19-14.14.54:504][107]LogModuleManager: Shutting down and abandoning module LinuxServerTargetPlatform (36)
[2015.05.19-14.14.54:505][107]LogModuleManager: Shutting down and abandoning module LinuxNoEditorTargetPlatform (35)
[2015.05.19-14.14.54:505][107]LogModuleManager: Shutting down and abandoning module Messaging (34)
[2015.05.19-14.14.54:505][107]LogModuleManager: Shutting down and abandoning module IOSTargetPlatform (33)
[2015.05.19-14.14.54:505][107]LogModuleManager: Shutting down and abandoning module HTML5TargetPlatform (32)
[2015.05.19-14.14.54:505][107]LogModuleManager: Shutting down and abandoning module Android_PVRTCTargetPlatform (31)
[2015.05.19-14.14.54:506][107]LogModuleManager: Shutting down and abandoning module Android_ETC2TargetPlatform (30)
[2015.05.19-14.14.54:506][107]LogModuleManager: Shutting down and abandoning module Android_ETC1TargetPlatform (29)
[2015.05.19-14.14.54:506][107]LogModuleManager: Shutting down and abandoning module Android_ES31TargetPlatform (28)
[2015.05.19-14.14.54:506][107]LogModuleManager: Shutting down and abandoning module Android_DXTTargetPlatform (27)
[2015.05.19-14.14.54:506][107]LogModuleManager: Shutting down and abandoning module Android_ATCTargetPlatform (26)
[2015.05.19-14.14.54:506][107]LogModuleManager: Shutting down and abandoning module AndroidTargetPlatform (25)
[2015.05.19-14.14.54:507][107]LogModuleManager: Shutting down and abandoning module WindowsTargetPlatform (24)
[2015.05.19-14.14.54:507][107]LogModuleManager: Shutting down and abandoning module WindowsServerTargetPlatform (23)
[2015.05.19-14.14.54:507][107]LogModuleManager: Shutting down and abandoning module WindowsNoEditorTargetPlatform (22)
[2015.05.19-14.14.54:507][107]LogModuleManager: Shutting down and abandoning module WindowsClientTargetPlatform (21)
[2015.05.19-14.14.54:507][107]LogModuleManager: Shutting down and abandoning module TargetPlatform (20)
[2015.05.19-14.14.54:508][107]LogModuleManager: Shutting down and abandoning module InputCore (19)
[2015.05.19-14.14.54:508][107]LogModuleManager: Shutting down and abandoning module Settings (18)
[2015.05.19-14.14.54:508][107]LogModuleManager: Shutting down and abandoning module OnlineSubsystem (16)
[2015.05.19-14.14.54:508][107]LogModuleManager: Shutting down and abandoning module OculusRift (15)
[2015.05.19-14.14.54:508][107]LogModuleManager: Shutting down and abandoning module ExampleDeviceProfileSelector (14)
[2015.05.19-14.14.54:509][107]LogModuleManager: Shutting down and abandoning module TextureCompressor (13)
[2015.05.19-14.14.54:509][107]LogModuleManager: Shutting down and abandoning module ShaderCore (12)
[2015.05.19-14.14.54:509][107]LogModuleManager: Shutting down and abandoning module Landscape (11)
[2015.05.19-14.14.54:510][107]LogModuleManager: Shutting down and abandoning module SlateRHIRenderer (10)
[2015.05.19-14.14.54:512][107]LogModuleManager: Shutting down and abandoning module OpenGLDrv (9)
[2015.05.19-14.14.54:513][107]LogModuleManager: Shutting down and abandoning module D3D11RHI (8)
[2015.05.19-14.14.54:513][107]LogModuleManager: Shutting down and abandoning module Renderer (7)
[2015.05.19-14.14.54:513][107]LogModuleManager: Shutting down and abandoning module Engine (6)
[2015.05.19-14.14.54:513][107]LogModuleManager: Shutting down and abandoning module CoreUObject (5)
[2015.05.19-14.14.54:514][107]LogModuleManager: Shutting down and abandoning module NetworkFile (4)
[2015.05.19-14.14.54:514][107]LogModuleManager: Shutting down and abandoning module StreamingFile (3)
[2015.05.19-14.14.54:514][107]LogModuleManager: Shutting down and abandoning module SandboxFile (2)
[2015.05.19-14.14.54:514][107]LogModuleManager: Shutting down and abandoning module PakFile (1)
[2015.05.19-14.14.54:518][107]LogExit: Exiting.
[2015.05.19-14.14.54:522][107]Log file closed, 05/20/15 00:14:54
