Log file open, 04/29/15 11:15:53
LogInit:Display: Running engine for game: SpaceRace
LogInit: Version: 4.7.6-2513093+++depot+UE4-Releases+4.7
LogInit: API Version: 2455222
LogInit: Compiled (64-bit): Apr 15 2015 12:09:54
LogInit: Compiled with Visual C++: 18.00.21005.01
LogInit: Build Configuration: Development
LogInit: Branch Name: ++depot+UE4-Releases+4.7
LogInit: Command line:  /Temp/Autosaves/Game/EndlessRunner/Maps/UEDPC2DSideScrollerExampleMap -game -PIEVIACONSOLE -ResX=1280 -ResY=720  -Multiprocess -featureleveles2 -faketouches 
LogInit: Base directory: W:/Epic Games/4.7/Engine/Binaries/Win64/
LogInit: Rocket: 1
[2015.04.29-01.15.53:132][  0]LogTaskGraph: Started task graph with 3 named threads and 7 total threads.
[2015.04.29-01.15.53:192][  0]LogOnline:Warning: No default platform service specified for OnlineSubsystem
[2015.04.29-01.15.53:202][  0]LogInit: Presizing for 0 objects not considered by GC, pre-allocating 0 bytes.
[2015.04.29-01.15.53:211][  0]LogInit: Object subsystem initialized
[2015.04.29-01.15.53:212][  0]LogConsoleResponse:Warning: Skipping Unknown console variable: 'TranslucentSortAxis = (X=0.000000,Y=-1.000000,Z=0.000000)'
[2015.04.29-01.15.53:212][  0]LogConsoleResponse:Warning:   Found in ini file 'C:/Users/n8695164/Documents/GitHub/SpaceRace/Saved/Config/Windows/Engine.ini', in section '[/Script/Engine.RendererSettings]'
[2015.04.29-01.15.53:212][  0]LogConsoleResponse:Warning: Skipping Unknown console variable: 'UIScaleRule = ShortestSide'
[2015.04.29-01.15.53:212][  0]LogConsoleResponse:Warning:   Found in ini file 'C:/Users/n8695164/Documents/GitHub/SpaceRace/Saved/Config/Windows/Engine.ini', in section '[/Script/Engine.RendererSettings]'
[2015.04.29-01.15.53:212][  0]LogConsoleResponse:Warning: Skipping Unknown console variable: 'UIScaleCurve = (EditorCurveData=(Keys=),ExternalCurve=None)'
[2015.04.29-01.15.53:212][  0]LogConsoleResponse:Warning:   Found in ini file 'C:/Users/n8695164/Documents/GitHub/SpaceRace/Saved/Config/Windows/Engine.ini', in section '[/Script/Engine.RendererSettings]'
[2015.04.29-01.15.53:213][  0]LogInit: Selected Device Profile: [Windows]
[2015.04.29-01.15.53:213][  0]LogInit: Applying CVar settings loaded from the selected device profile: [Windows]
[2015.04.29-01.15.53:215][  0]LogInit: Computer: LAB-SEFS515-02
[2015.04.29-01.15.53:215][  0]LogInit: User: n8695164
[2015.04.29-01.15.53:215][  0]LogInit: CPU Page size=4096, Cores=6
[2015.04.29-01.15.53:215][  0]LogInit: High frequency timer resolution =3.223300 MHz
[2015.04.29-01.15.53:215][  0]LogMemory: Memory total: Physical=32.0GB (32GB approx) Virtual=8192.0GB
[2015.04.29-01.15.53:216][  0]LogMemory: Platform Memory Stats for Windows
[2015.04.29-01.15.53:216][  0]LogMemory: Process Physical Memory: 48.84 MB used, 48.84 MB peak
[2015.04.29-01.15.53:216][  0]LogMemory: Process Virtual Memory: 25.47 MB used, 25.47 MB peak
[2015.04.29-01.15.53:216][  0]LogMemory: Physical Memory: 6550.07 MB used, 32720.52 MB total
[2015.04.29-01.15.53:216][  0]LogMemory: Virtual Memory: 275.92 MB used, 8388608.00 MB total
[2015.04.29-01.15.53:236][  0]LogD3D11RHI: Found D3D11 adapter 0: NVIDIA GeForce GTX 680 (Feature Level 11_0)
[2015.04.29-01.15.53:236][  0]LogD3D11RHI: Adapter has 1990MB of dedicated video memory, 0MB of dedicated system memory, and 2048MB of shared system memory, 1 output[s]
[2015.04.29-01.15.53:236][  0]LogD3D11RHI: Chosen D3D11 Adapter Id = 0
[2015.04.29-01.15.53:240][  0]LogRHI: Texture pool is 1361 MB (70% of 1945 MB)
[2015.04.29-01.15.53:247][  0]LogD3D11RHI: Async texture creation enabled
[2015.04.29-01.15.53:295][  0]LogTextLocalizationManager: The requested culture ('en_AU') has no localization data; parent culture's ('en') localization data will be used.
[2015.04.29-01.15.53:347][  0]LogTextLocalizationManager:Warning: Loading localization resources contain conflicting entries for (Namespace:UICommands, Key:Save_ToolTip):
Resource: (W:/Epic Games/4.7/Engine/Content/Localization/Editor/en/Editor.locres) Hash: (-29098895) String: (Saves the current level to disk)
Resource: (W:/Epic Games/4.7/Engine/Content/Localization/Engine/en/Engine.locres) Hash: (-1280300587) String: (Save selected data to vlog file)
[2015.04.29-01.15.53:347][  0]LogTextLocalizationManager:Warning: Loading localization resources contain conflicting entries for (Namespace:ContentBrowser, Key:ImportAssetToolTip):
Resource: (W:/Epic Games/4.7/Engine/Content/Localization/Editor/en/Editor.locres) Hash: (-630476809) String: (Import to {0}...)
Resource: (W:/Epic Games/4.7/Engine/Content/Localization/Editor/en/Editor.locres) Hash: (1271782899) String: (Imports an asset from file to this folder.)
[2015.04.29-01.15.53:417][  0]LogContentStreaming: Texture pool size is 1000.000000MB
[2015.04.29-01.15.55:290][  0]LogTargetPlatformManager:Display: Building Assets For Windows
[2015.04.29-01.15.55:750][  0]LogTargetPlatformManager:Display: Building Assets For Windows
[2015.04.29-01.15.55:796][  0]LogDerivedDataCache:Display: Max Cache Size: 512 MB
[2015.04.29-01.15.55:828][  0]LogDerivedDataCache: Loaded boot cache 0.03s 39MB C:/Users/n8695164/AppData/Local/UnrealEngine/4.7/DerivedDataCache/Boot.ddc.
[2015.04.29-01.15.55:828][  0]LogDerivedDataCache:Display: Loaded Boot cache: C:/Users/n8695164/AppData/Local/UnrealEngine/4.7/DerivedDataCache/Boot.ddc
[2015.04.29-01.15.55:829][  0]LogDerivedDataCache: FDerivedDataBackendGraph:  Pak pak cache file C:/Users/n8695164/Documents/GitHub/SpaceRace/DerivedDataCache/DDC.ddp not found, will not use a pak cache.
[2015.04.29-01.15.55:829][  0]LogDerivedDataCache: Unable to find inner node Pak for hierarchical cache Hierarchy.
[2015.04.29-01.15.55:938][  0]LogDerivedDataCache:Display: Pak cache opened for reading ../../../Engine/DerivedDataCache/Compressed.ddp.
[2015.04.29-01.15.55:949][  0]LogDerivedDataCache: Using Local data cache path C:/Users/n8695164/AppData/Local/UnrealEngine/Common/DerivedDataCache: Writable
[2015.04.29-01.15.56:161][  0]LogMeshUtilities: No automatic mesh reduction module available
[2015.04.29-01.15.56:161][  0]LogMeshUtilities: No automatic mesh merging module available
[2015.04.29-01.15.56:419][  0]LogInit: WinSock: version 1.1 (2.2), MaxSocks=32767, MaxUdp=65467
[2015.04.29-01.15.56:717][  0]LogWindowsMoviePlayer: Unable to load movie: C:/Users/n8695164/Documents/GitHub/SpaceRace/Content/Movies/Default_Startup.mp4
[2015.04.29-01.15.56:829][  0]LogSourceControl: RunCommandInternalRaw: 'git version'
[2015.04.29-01.15.56:830][  0]LogSourceControl: RunCommandInternalRaw: ExecProcess ReturnCode=2 OutResults=''
[2015.04.29-01.15.56:851][  0]SourceControl: Info Source control is disabled
[2015.04.29-01.15.56:851][  0]SourceControl: Info Source control is disabled
[2015.04.29-01.15.56:851][  0]SourceControl: Info Source control is disabled
[2015.04.29-01.15.56:858][  0]SourceControl: Info Source control is disabled
[2015.04.29-01.15.56:929][  0]LogObj: 23975 objects as part of root set at end of initial load.
[2015.04.29-01.15.56:929][  0]LogUObjectAllocator: 4990560 out of 0 bytes used by permanent object pool.
[2015.04.29-01.15.56:993][  0]LogAutomationTest:Warning: ERR: Transient text cannot be serialized "Testing Transient serialization detection".
[2015.04.29-01.15.56:993][  0]LogEngine: Initializing Engine...
[2015.04.29-01.16.00:036][  0]LogMaterial: Missing cached shader map for material MAT_LevelColorationLitLightmapUV, compiling. Is special engine material.
[2015.04.29-01.16.00:037][  0]LogMaterial:Warning: Failed to compile Material /Engine/EngineDebugMaterials/MAT_LevelColorationLitLightmapUV.MAT_LevelColorationLitLightmapUV for platform PCD3D_ES2, Default Material will be used in game.
[2015.04.29-01.16.00:037][  0]LogMaterial:Warning: 	(Node LightmapUVs) Node not supported in feature level ES2
[2015.04.29-01.16.00:081][  0]LogInit: XAudio2 using 'DELL S2340T-4 (NVIDIA High Definition Audio)' : 2 channels at 48 kHz using 16 bits per sample (channel mask 0x3)
[2015.04.29-01.16.00:086][  0]LogInit: FAudioDevice initialized.
[2015.04.29-01.16.00:091][  0]LogInit: Texture streaming: Enabled
[2015.04.29-01.16.00:154][  0]LogAnalytics: Creating configured Analytics provider AnalyticsET
[2015.04.29-01.16.00:154][  0]LogAnalytics: ET APIKey = Rocket.Release. APIServer = http://et2.epicgames.com/ET2/. AppVersion = 4.7.6-2513093+++depot+UE4-Releases+4.7
[2015.04.29-01.16.00:154][  0]LogAnalytics: ET APIKey = Rocket.Release. DataRouterUploadURL = https://datarouter-public-service-gamedev.ol.epicgames.net/datarouter/api/v1/public/data. AppVersion = 4.7.6-2513093+++depot+UE4-Releases+4.7
[2015.04.29-01.16.00:154][  0]LogAnalytics: SetUserId f296b9634f7e7e43db3cde977878c762|275130378b824b80adb050f14047e778|88cf9443-166a-43f7-9f17-b5321103ecb1
[2015.04.29-01.16.00:154][  0]LogAnalytics: AnalyticsET::StartSession [Rocket.Release]
[2015.04.29-01.16.00:175][  0]LogNet: Browse: /Temp/Autosaves/Game/EndlessRunner/Maps/UEDPC2DSideScrollerExampleMap?Name=Player
[2015.04.29-01.16.00:175][  0]LogLoad: LoadMap: /Temp/Autosaves/Game/EndlessRunner/Maps/UEDPC2DSideScrollerExampleMap?Name=Player
[2015.04.29-01.16.00:181][  0]LogMemory: Platform Memory Stats for Windows
[2015.04.29-01.16.00:181][  0]LogMemory: Process Physical Memory: 279.43 MB used, 294.88 MB peak
[2015.04.29-01.16.00:181][  0]LogMemory: Process Virtual Memory: 236.75 MB used, 252.30 MB peak
[2015.04.29-01.16.00:181][  0]LogMemory: Physical Memory: 6736.59 MB used, 32720.52 MB total
[2015.04.29-01.16.00:181][  0]LogMemory: Virtual Memory: 678.80 MB used, 8388608.00 MB total
[2015.04.29-01.16.00:181][  0]LogMemory: 
[2015.04.29-01.16.00:181][  0]Allocator Stats for TBB: (not implemented)
[2015.04.29-01.16.00:514][  0]LogWorld: Game class is 'RunGameMode_C'
[2015.04.29-01.16.00:584][  0]LogAIModule: Creating AISystem for world 2DSideScrollerExampleMap
[2015.04.29-01.16.00:590][  0]LogWorld: Bringing World /Temp/Autosaves/Game/EndlessRunner/Maps/UEDPC2DSideScrollerExampleMap.2DSideScrollerExampleMap up for play (max tick rate 0) at 2015.04.29-11.16.00
[2015.04.29-01.16.00:591][  0]LogWorld: Bringing up level for play took: 0.006229
[2015.04.29-01.16.00:631][  0]LogInit:Display: Game Engine Initialized.
[2015.04.29-01.16.00:850][  0]LogLoad: Full Startup: 9.25 seconds (BP compile: 0.09 seconds)
[2015.04.29-01.16.00:900][  1]LogRenderer:Warning: Reallocating scene render targets to support 1280x720 (Frame:2).
[2015.04.29-01.16.10:419][585]LogEngine: All Windows Closed
[2015.04.29-01.16.10:419][585]LogWindows: FPlatformMisc::RequestExit(0)
[2015.04.29-01.16.10:430][586]LogExit: Preparing to exit.
[2015.04.29-01.16.10:533][586]LogParticles: Destroying 0 GPU particle simulations for FXSystem 0x0000000003BF6E80
[2015.04.29-01.16.10:533][586]LogExit: Game engine shut down
[2015.04.29-01.16.10:570][586]LogExit: Object subsystem successfully closed.
[2015.04.29-01.16.10:607][586]LogModuleManager: Shutting down and abandoning module AndroidDeviceDetection (107)
[2015.04.29-01.16.10:872][586]LogModuleManager: Shutting down and abandoning module AutomationWorker (106)
[2015.04.29-01.16.10:872][586]LogModuleManager: Shutting down and abandoning module CharacterAI (105)
[2015.04.29-01.16.10:872][586]LogModuleManager: Shutting down and abandoning module AITestSuite (104)
[2015.04.29-01.16.10:872][586]LogModuleManager: Shutting down and abandoning module GameplayDebugger (103)
[2015.04.29-01.16.10:872][586]LogModuleManager: Shutting down and abandoning module AIModule (102)
[2015.04.29-01.16.10:872][586]LogModuleManager: Shutting down and abandoning module GameLiveStreaming (101)
[2015.04.29-01.16.10:872][586]LogModuleManager: Shutting down and abandoning module StreamingPauseRendering (100)
[2015.04.29-01.16.10:872][586]LogModuleManager: Shutting down and abandoning module HTTP (99)
[2015.04.29-01.16.10:872][586]LogModuleManager: Shutting down and abandoning module AnalyticsET (98)
[2015.04.29-01.16.10:872][586]LogModuleManager: Shutting down and abandoning module Analytics (97)
[2015.04.29-01.16.10:872][586]LogModuleManager: Shutting down and abandoning module ProfilerService (96)
[2015.04.29-01.16.10:951][586]LogModuleManager: Shutting down and abandoning module TaskGraph (95)
[2015.04.29-01.16.10:951][586]LogModuleManager: Shutting down and abandoning module SlateRemote (94)
[2015.04.29-01.16.10:951][586]LogModuleManager: Shutting down and abandoning module CustomMeshComponent (93)
[2015.04.29-01.16.10:951][586]LogModuleManager: Shutting down and abandoning module CableComponent (92)
[2015.04.29-01.16.10:951][586]LogModuleManager: Shutting down and abandoning module DesktopPlatform (91)
[2015.04.29-01.16.10:951][586]LogModuleManager: Shutting down and abandoning module DirectoryWatcher (90)
[2015.04.29-01.16.10:951][586]LogModuleManager: Shutting down and abandoning module HotReload (89)
[2015.04.29-01.16.10:951][586]LogModuleManager: Shutting down and abandoning module VisualStudioSourceCodeAccess (88)
[2015.04.29-01.16.10:951][586]LogModuleManager: Shutting down and abandoning module UObjectPlugin (87)
[2015.04.29-01.16.10:951][586]LogModuleManager: Shutting down and abandoning module SubversionSourceControl (86)
[2015.04.29-01.16.10:951][586]LogModuleManager: Shutting down and abandoning module GitSourceControl (85)
[2015.04.29-01.16.10:951][586]LogModuleManager: Shutting down and abandoning module SourceControl (84)
[2015.04.29-01.16.10:951][586]LogModuleManager: Shutting down and abandoning module PerforceSourceControl (83)
[2015.04.29-01.16.10:951][586]LogModuleManager: Shutting down and abandoning module BlankPlugin (82)
[2015.04.29-01.16.10:951][586]LogModuleManager: Shutting down and abandoning module SpaceRace (81)
[2015.04.29-01.16.10:951][586]LogModuleManager: Shutting down and abandoning module ScriptPlugin (80)
[2015.04.29-01.16.10:951][586]LogModuleManager: Shutting down and abandoning module UdpMessaging (79)
[2015.04.29-01.16.10:951][586]LogModuleManager: Shutting down and abandoning module Paper2D (78)
[2015.04.29-01.16.10:951][586]LogModuleManager: Shutting down and abandoning module WindowsMoviePlayer (77)
[2015.04.29-01.16.10:952][586]LogModuleManager: Shutting down and abandoning module Media (76)
[2015.04.29-01.16.10:952][586]LogModuleManager: Shutting down and abandoning module WmfMedia (75)
[2015.04.29-01.16.10:952][586]LogModuleManager: Shutting down and abandoning module OnlineBlueprintSupport (74)
[2015.04.29-01.16.10:952][586]LogModuleManager: Shutting down and abandoning module PropertyEditor (73)
[2015.04.29-01.16.10:952][586]LogModuleManager: Shutting down and abandoning module BehaviorTreeEditor (72)
[2015.04.29-01.16.10:952][586]LogModuleManager: Shutting down and abandoning module FunctionalTesting (71)
[2015.04.29-01.16.10:952][586]LogModuleManager: Shutting down and abandoning module CollisionAnalyzer (70)
[2015.04.29-01.16.10:952][586]LogModuleManager: Shutting down and abandoning module WorkspaceMenuStructure (69)
[2015.04.29-01.16.10:952][586]LogModuleManager: Shutting down and abandoning module MessageLog (68)
[2015.04.29-01.16.10:952][586]LogModuleManager: Shutting down and abandoning module Sequencer (67)
[2015.04.29-01.16.10:952][586]LogModuleManager: Shutting down and abandoning module AssetTools (66)
[2015.04.29-01.16.10:952][586]LogModuleManager: Shutting down and abandoning module UMGEditor (65)
[2015.04.29-01.16.10:952][586]LogModuleManager: Shutting down and abandoning module UMG (64)
[2015.04.29-01.16.10:952][586]LogModuleManager: Shutting down and abandoning module Slate (63)
[2015.04.29-01.16.10:952][586]LogModuleManager: Shutting down and abandoning module EditorStyle (62)
[2015.04.29-01.16.10:954][586]LogModuleManager: Shutting down and abandoning module SessionServices (61)
[2015.04.29-01.16.10:954][586]LogModuleManager: Shutting down and abandoning module SourceCodeAccess (60)
[2015.04.29-01.16.10:954][586]LogModuleManager: Shutting down and abandoning module HeadMountedDisplay (59)
[2015.04.29-01.16.10:954][586]LogModuleManager: Shutting down and abandoning module XAudio2 (58)
[2015.04.29-01.16.10:954][586]LogModuleManager: Shutting down and abandoning module Networking (56)
[2015.04.29-01.16.10:954][586]LogModuleManager: Shutting down and abandoning module Core (55)
[2015.04.29-01.16.10:954][586]LogModuleManager: Shutting down and abandoning module KismetCompiler (54)
[2015.04.29-01.16.10:954][586]LogModuleManager: Shutting down and abandoning module PhysXFormats (53)
[2015.04.29-01.16.10:954][586]LogModuleManager: Shutting down and abandoning module MeshUtilities (52)
[2015.04.29-01.16.10:954][586]LogModuleManager: Shutting down and abandoning module DerivedDataCache (51)
[2015.04.29-01.16.11:441][586]LogDerivedDataCache: Shutdown
[2015.04.29-01.16.11:441][586]LogModuleManager: Shutting down and abandoning module ShaderFormatOpenGL (50)
[2015.04.29-01.16.11:441][586]LogModuleManager: Shutting down and abandoning module ShaderFormatD3D (49)
[2015.04.29-01.16.11:441][586]LogModuleManager: Shutting down and abandoning module MetalShaderFormat (48)
[2015.04.29-01.16.11:441][586]LogModuleManager: Shutting down and abandoning module TextureFormatUncompressed (47)
[2015.04.29-01.16.11:441][586]LogModuleManager: Shutting down and abandoning module TextureFormatPVR (46)
[2015.04.29-01.16.11:441][586]LogModuleManager: Shutting down and abandoning module TextureFormatIntelISPCTexComp (45)
[2015.04.29-01.16.11:441][586]LogModuleManager: Shutting down and abandoning module TextureFormatDXT (44)
[2015.04.29-01.16.11:441][586]LogModuleManager: Shutting down and abandoning module ImageWrapper (43)
[2015.04.29-01.16.11:441][586]LogModuleManager: Shutting down and abandoning module TextureFormatASTC (42)
[2015.04.29-01.16.11:441][586]LogModuleManager: Shutting down and abandoning module TextureFormatAndroid (41)
[2015.04.29-01.16.11:441][586]LogModuleManager: Shutting down and abandoning module AudioFormatOpus (40)
[2015.04.29-01.16.11:441][586]LogModuleManager: Shutting down and abandoning module AudioFormatOgg (39)
[2015.04.29-01.16.11:441][586]LogModuleManager: Shutting down and abandoning module AudioFormatADPCM (38)
[2015.04.29-01.16.11:441][586]LogModuleManager: Shutting down and abandoning module LinuxTargetPlatform (37)
[2015.04.29-01.16.11:441][586]LogModuleManager: Shutting down and abandoning module LinuxServerTargetPlatform (36)
[2015.04.29-01.16.11:441][586]LogModuleManager: Shutting down and abandoning module LinuxNoEditorTargetPlatform (35)
[2015.04.29-01.16.11:441][586]LogModuleManager: Shutting down and abandoning module Messaging (34)
[2015.04.29-01.16.11:441][586]LogModuleManager: Shutting down and abandoning module IOSTargetPlatform (33)
[2015.04.29-01.16.11:441][586]LogModuleManager: Shutting down and abandoning module HTML5TargetPlatform (32)
[2015.04.29-01.16.11:441][586]LogModuleManager: Shutting down and abandoning module Android_PVRTCTargetPlatform (31)
[2015.04.29-01.16.11:441][586]LogModuleManager: Shutting down and abandoning module Android_ETC2TargetPlatform (30)
[2015.04.29-01.16.11:441][586]LogModuleManager: Shutting down and abandoning module Android_ETC1TargetPlatform (29)
[2015.04.29-01.16.11:441][586]LogModuleManager: Shutting down and abandoning module Android_ES31TargetPlatform (28)
[2015.04.29-01.16.11:441][586]LogModuleManager: Shutting down and abandoning module Android_DXTTargetPlatform (27)
[2015.04.29-01.16.11:441][586]LogModuleManager: Shutting down and abandoning module Android_ATCTargetPlatform (26)
[2015.04.29-01.16.11:441][586]LogModuleManager: Shutting down and abandoning module AndroidTargetPlatform (25)
[2015.04.29-01.16.11:441][586]LogModuleManager: Shutting down and abandoning module WindowsTargetPlatform (24)
[2015.04.29-01.16.11:441][586]LogModuleManager: Shutting down and abandoning module WindowsServerTargetPlatform (23)
[2015.04.29-01.16.11:441][586]LogModuleManager: Shutting down and abandoning module WindowsNoEditorTargetPlatform (22)
[2015.04.29-01.16.11:441][586]LogModuleManager: Shutting down and abandoning module WindowsClientTargetPlatform (21)
[2015.04.29-01.16.11:441][586]LogModuleManager: Shutting down and abandoning module TargetPlatform (20)
[2015.04.29-01.16.11:441][586]LogModuleManager: Shutting down and abandoning module InputCore (19)
[2015.04.29-01.16.11:441][586]LogModuleManager: Shutting down and abandoning module Settings (18)
[2015.04.29-01.16.11:441][586]LogModuleManager: Shutting down and abandoning module OnlineSubsystem (16)
[2015.04.29-01.16.11:441][586]LogModuleManager: Shutting down and abandoning module OculusRift (15)
[2015.04.29-01.16.11:441][586]LogModuleManager: Shutting down and abandoning module ExampleDeviceProfileSelector (14)
[2015.04.29-01.16.11:441][586]LogModuleManager: Shutting down and abandoning module TextureCompressor (13)
[2015.04.29-01.16.11:441][586]LogModuleManager: Shutting down and abandoning module ShaderCore (12)
[2015.04.29-01.16.11:441][586]LogModuleManager: Shutting down and abandoning module Landscape (11)
[2015.04.29-01.16.11:441][586]LogModuleManager: Shutting down and abandoning module SlateRHIRenderer (10)
[2015.04.29-01.16.11:441][586]LogModuleManager: Shutting down and abandoning module OpenGLDrv (9)
[2015.04.29-01.16.11:441][586]LogModuleManager: Shutting down and abandoning module D3D11RHI (8)
[2015.04.29-01.16.11:441][586]LogModuleManager: Shutting down and abandoning module Renderer (7)
[2015.04.29-01.16.11:441][586]LogModuleManager: Shutting down and abandoning module Engine (6)
[2015.04.29-01.16.11:441][586]LogModuleManager: Shutting down and abandoning module CoreUObject (5)
[2015.04.29-01.16.11:442][586]LogModuleManager: Shutting down and abandoning module NetworkFile (4)
[2015.04.29-01.16.11:442][586]LogModuleManager: Shutting down and abandoning module StreamingFile (3)
[2015.04.29-01.16.11:442][586]LogModuleManager: Shutting down and abandoning module SandboxFile (2)
[2015.04.29-01.16.11:442][586]LogModuleManager: Shutting down and abandoning module PakFile (1)
[2015.04.29-01.16.11:442][586]LogExit: Exiting.
[2015.04.29-01.16.11:443][586]Log file closed, 04/29/15 11:16:11
