Log file open, 05/20/15 04:18:45
LogInit:Display: Running engine for game: SpaceRace
LogInit: Version: 4.7.6-2513093+++depot+UE4-Releases+4.7
LogInit: API Version: 2455222
LogInit: Compiled (64-bit): Apr 15 2015 12:09:54
LogInit: Compiled with Visual C++: 18.00.21005.01
LogInit: Build Configuration: Development
LogInit: Branch Name: ++depot+UE4-Releases+4.7
LogInit: Command line: 
LogInit: Base directory: W:/Epic Games/4.7/Engine/Binaries/Win64/
LogInit: Rocket: 1
[2015.05.19-18.18.45:923][  0]LogTaskGraph: Started task graph with 3 named threads and 8 total threads.
[2015.05.19-18.18.45:996][  0]LogOnline:Warning: No default platform service specified for OnlineSubsystem
[2015.05.19-18.18.46:027][  0]LogInit: Presizing for 0 objects not considered by GC, pre-allocating 0 bytes.
[2015.05.19-18.18.46:038][  0]LogInit: Object subsystem initialized
[2015.05.19-18.18.46:041][  0]LogConsoleResponse:Warning: Skipping Unknown console variable: 'TranslucentSortAxis = (X=0.000000,Y=-1.000000,Z=0.000000)'
[2015.05.19-18.18.46:041][  0]LogConsoleResponse:Warning:   Found in ini file 'C:/Users/n8695164/Desktop/SpaceRace/Saved/Config/Windows/Engine.ini', in section '[/Script/Engine.RendererSettings]'
[2015.05.19-18.18.46:041][  0]LogConsoleResponse:Warning: Skipping Unknown console variable: 'UIScaleRule = ShortestSide'
[2015.05.19-18.18.46:041][  0]LogConsoleResponse:Warning:   Found in ini file 'C:/Users/n8695164/Desktop/SpaceRace/Saved/Config/Windows/Engine.ini', in section '[/Script/Engine.RendererSettings]'
[2015.05.19-18.18.46:042][  0]LogConsoleResponse:Warning: Skipping Unknown console variable: 'UIScaleCurve = (EditorCurveData=(Keys=),ExternalCurve=None)'
[2015.05.19-18.18.46:042][  0]LogConsoleResponse:Warning:   Found in ini file 'C:/Users/n8695164/Desktop/SpaceRace/Saved/Config/Windows/Engine.ini', in section '[/Script/Engine.RendererSettings]'
[2015.05.19-18.18.46:043][  0]LogInit: Selected Device Profile: [Windows]
[2015.05.19-18.18.46:043][  0]LogInit: Applying CVar settings loaded from the selected device profile: [Windows]
[2015.05.19-18.18.46:047][  0]LogInit: Computer: LAB-SEFS515-01
[2015.05.19-18.18.46:047][  0]LogInit: User: n8695164
[2015.05.19-18.18.46:047][  0]LogInit: CPU Page size=4096, Cores=6
[2015.05.19-18.18.46:048][  0]LogInit: High frequency timer resolution =3.222705 MHz
[2015.05.19-18.18.46:048][  0]LogMemory: Memory total: Physical=32.0GB (32GB approx) Virtual=8192.0GB
[2015.05.19-18.18.46:049][  0]LogMemory: Platform Memory Stats for Windows
[2015.05.19-18.18.46:049][  0]LogMemory: Process Physical Memory: 46.37 MB used, 46.37 MB peak
[2015.05.19-18.18.46:049][  0]LogMemory: Process Virtual Memory: 24.78 MB used, 24.78 MB peak
[2015.05.19-18.18.46:049][  0]LogMemory: Physical Memory: 5307.38 MB used, 32720.52 MB total
[2015.05.19-18.18.46:050][  0]LogMemory: Virtual Memory: 273.29 MB used, 8388608.00 MB total
[2015.05.19-18.18.46:097][  0]LogD3D11RHI: Found D3D11 adapter 0: NVIDIA GeForce GTX 680 (Feature Level 11_0)
[2015.05.19-18.18.46:097][  0]LogD3D11RHI: Adapter has 1990MB of dedicated video memory, 0MB of dedicated system memory, and 2048MB of shared system memory, 1 output[s]
[2015.05.19-18.18.46:097][  0]LogD3D11RHI: Chosen D3D11 Adapter Id = 0
[2015.05.19-18.18.46:101][  0]LogRHI: Texture pool is 1361 MB (70% of 1945 MB)
[2015.05.19-18.18.46:139][  0]LogD3D11RHI: Async texture creation enabled
[2015.05.19-18.18.46:205][  0]LogTextLocalizationManager: The requested culture ('en_AU') has no localization data; parent culture's ('en') localization data will be used.
[2015.05.19-18.18.46:257][  0]LogTextLocalizationManager:Warning: Loading localization resources contain conflicting entries for (Namespace:UICommands, Key:Save_ToolTip):
Resource: (W:/Epic Games/4.7/Engine/Content/Localization/Editor/en/Editor.locres) Hash: (-29098895) String: (Saves the current level to disk)
Resource: (W:/Epic Games/4.7/Engine/Content/Localization/Engine/en/Engine.locres) Hash: (-1280300587) String: (Save selected data to vlog file)
[2015.05.19-18.18.46:257][  0]LogTextLocalizationManager:Warning: Loading localization resources contain conflicting entries for (Namespace:ContentBrowser, Key:ImportAssetToolTip):
Resource: (W:/Epic Games/4.7/Engine/Content/Localization/Editor/en/Editor.locres) Hash: (-630476809) String: (Import to {0}...)
Resource: (W:/Epic Games/4.7/Engine/Content/Localization/Editor/en/Editor.locres) Hash: (1271782899) String: (Imports an asset from file to this folder.)
[2015.05.19-18.18.46:327][  0]LogContentStreaming: Texture pool size is 0.000000MB
[2015.05.19-18.18.48:535][  0]LogTargetPlatformManager:Display: Building Assets For Windows
[2015.05.19-18.18.49:097][  0]LogTargetPlatformManager:Display: Building Assets For Windows
[2015.05.19-18.18.49:170][  0]LogDerivedDataCache:Display: Max Cache Size: 512 MB
[2015.05.19-18.18.49:203][  0]LogDerivedDataCache: Loaded boot cache 0.03s 39MB C:/Users/n8695164/AppData/Local/UnrealEngine/4.7/DerivedDataCache/Boot.ddc.
[2015.05.19-18.18.49:204][  0]LogDerivedDataCache:Display: Loaded Boot cache: C:/Users/n8695164/AppData/Local/UnrealEngine/4.7/DerivedDataCache/Boot.ddc
[2015.05.19-18.18.49:204][  0]LogDerivedDataCache: FDerivedDataBackendGraph:  Pak pak cache file C:/Users/n8695164/Desktop/SpaceRace/DerivedDataCache/DDC.ddp not found, will not use a pak cache.
[2015.05.19-18.18.49:204][  0]LogDerivedDataCache: Unable to find inner node Pak for hierarchical cache Hierarchy.
[2015.05.19-18.18.49:315][  0]LogDerivedDataCache:Display: Pak cache opened for reading ../../../Engine/DerivedDataCache/Compressed.ddp.
[2015.05.19-18.18.49:327][  0]LogDerivedDataCache: Using Local data cache path C:/Users/n8695164/AppData/Local/UnrealEngine/Common/DerivedDataCache: Writable
[2015.05.19-18.18.49:614][  0]LogMeshUtilities: No automatic mesh reduction module available
[2015.05.19-18.18.49:614][  0]LogMeshUtilities: No automatic mesh merging module available
[2015.05.19-18.18.49:950][  0]LogInit: WinSock: version 1.1 (2.2), MaxSocks=32767, MaxUdp=65467
[2015.05.19-18.18.50:050][  0]LogSlate:Warning: Failed to load font data from '../../../Engine/Content/Slate/Fonts/Roboto-Italic.ttf'
[2015.05.19-18.18.50:934][  0]UdpMessaging: Initializing bridge on interface 0.0.0.0:0 to multicast group 230.0.0.1:6666.
[2015.05.19-18.18.51:236][  0]SourceControl: Info Source control is disabled
[2015.05.19-18.18.51:236][  0]SourceControl: Info Source control is disabled
[2015.05.19-18.18.51:237][  0]SourceControl: Info Source control is disabled
[2015.05.19-18.18.51:237][  0]LogSourceControl: RunCommandInternalRaw: 'git version'
[2015.05.19-18.18.51:237][  0]LogSourceControl: RunCommandInternalRaw: ExecProcess ReturnCode=2 OutResults=''
[2015.05.19-18.18.51:245][  0]SourceControl: Info Source control is disabled
[2015.05.19-18.18.51:543][  0]LogObj: 24236 objects as part of root set at end of initial load.
[2015.05.19-18.18.51:543][  0]LogUObjectAllocator: 5138800 out of 0 bytes used by permanent object pool.
[2015.05.19-18.18.51:652][  0]LogEngine: Initializing Engine...
[2015.05.19-18.18.54:796][  0]LogInit: XAudio2 using 'DELL S2340T-4 (NVIDIA High Definition Audio)' : 2 channels at 48 kHz using 16 bits per sample (channel mask 0x3)
[2015.05.19-18.18.54:804][  0]LogInit: FAudioDevice initialized.
[2015.05.19-18.18.54:844][  0]LogAIModule: Creating AISystem for world NewWorld
[2015.05.19-18.18.54:862][  0]LogDerivedDataCache: Saved boot cache 0.02s 39MB C:/Users/n8695164/AppData/Local/UnrealEngine/4.7/DerivedDataCache/Boot.ddc.
[2015.05.19-18.18.54:867][  0]LogInit: Texture streaming: Enabled
[2015.05.19-18.18.54:958][  0]LogAnalytics: Creating configured Analytics provider AnalyticsET
[2015.05.19-18.18.54:958][  0]LogAnalytics: ET APIKey = Rocket.Release. APIServer = http://et2.epicgames.com/ET2/. AppVersion = 4.7.6-2513093+++depot+UE4-Releases+4.7
[2015.05.19-18.18.54:958][  0]LogAnalytics: ET APIKey = Rocket.Release. DataRouterUploadURL = https://datarouter-public-service-gamedev.ol.epicgames.net/datarouter/api/v1/public/data. AppVersion = 4.7.6-2513093+++depot+UE4-Releases+4.7
[2015.05.19-18.18.54:959][  0]LogAnalytics: SetUserId 75c9f65545373c90080e78b2a2783261|275130378b824b80adb050f14047e778|88cf9443-166a-43f7-9f17-b5321103ecb1
[2015.05.19-18.18.54:959][  0]LogAnalytics: AnalyticsET::StartSession [Rocket.Release]
[2015.05.19-18.18.54:979][  0]LogInit: Transaction tracking system initialized
[2015.05.19-18.18.55:247][  0]BlueprintLog: New page: Editor Load
[2015.05.19-18.18.55:289][  0]LogAssetRegistry: FAssetRegistry took 0.0100 seconds to start up
[2015.05.19-18.18.55:290][  0]LogDirectoryWatcher:Warning: Failed to begin reading directory changes for ../../../Engine/Plugins/Experimental/CharacterAI/Content/. Error: 0
[2015.05.19-18.18.55:910][  0]LogTargetPlatformManager:Display: Building Assets For Windows
[2015.05.19-18.18.56:270][  0]LogTargetPlatformManager:Display: Building Assets For Windows
[2015.05.19-18.18.56:659][  0]LogSlate:Warning: Failed to load font data from '../../../Engine/Content/Editor/Slate/Fonts/Roboto-Regular.ttf'
[2015.05.19-18.18.56:659][  0]LogSlate:Warning: Failed to load font data from '../../../Engine/Content/Editor/Slate/Fonts/Roboto-Bold.ttf'
[2015.05.19-18.18.56:666][  0]LogConsoleResponse:Display: 
[2015.05.19-18.18.56:779][  0]LogCook:Display: Done creating registry. It took  0.00s.
[2015.05.19-18.18.57:011][  0]SourceControl: Info Source control is disabled
[2015.05.19-18.18.57:012][  0]Cmd: MAP LOAD FILE="C:/Users/n8695164/Desktop/SpaceRace/Content/EndlessRunner/Maps/2DSideScrollerExampleMap.umap" TEMPLATE=0 SHOWPROGRESS=1 FEATURELEVEL=3
[2015.05.19-18.18.57:012][  0]LightingResults: New page: Lighting Build
[2015.05.19-18.18.57:026][  0]MapCheck: New page: Map Check
[2015.05.19-18.18.57:026][  0]LightingResults: New page: Lighting Build
[2015.05.19-18.18.57:034][  0]LogParticles: Destroying 0 GPU particle simulations for FXSystem 0x00000000137BA520
[2015.05.19-18.18.59:209][  0]LogBlueprint:Error: [compiler] Error Found more than one function with the same name BndEvt__Small Pirate_K2Node_ComponentBoundEvent_91_ComponentHitSignature__DelegateSignature; second occurance at  OnComponentHit (Small Pirate) 
[2015.05.19-18.18.59:210][  0]LogBlueprint:Error: [compiler] Error Found more than one function with the same name BndEvt__Small Pirate_K2Node_ComponentBoundEvent_91_ComponentHitSignature__DelegateSignature; second occurance at  OnComponentHit (Small Pirate) 
[2015.05.19-18.18.59:233][  0]LogBlueprint:Warning: [compiler] Warning [0015.16] Compile of Wave5 failed. 2 Fatal Issue(s) 0 Warning(s) [in 75 ms]
[2015.05.19-18.18.59:234][  0]LogBlueprint:Warning: [compiler] Warning [0015.16] Compile of Wave5 failed. 2 Fatal Issue(s) 1 Warning(s) [in 0 ms]
[2015.05.19-18.18.59:234][  0]LogBlueprint:Warning: [compiler] Warning [0015.16] Compile of Wave5 failed. 2 Fatal Issue(s) 2 Warning(s) [in 0 ms]
[2015.05.19-18.18.59:235][  0]LogBlueprint:Warning: [compiler] Warning [0015.16] Compile of Wave5 failed. 2 Fatal Issue(s) 3 Warning(s) [in 0 ms]
[2015.05.19-18.19.03:695][  0]LoadErrors:Error: Error Failed import for PaperSpriteComponent
[2015.05.19-18.19.03:695][  0]LoadErrors:Error: Error Failed import for PaperSpriteComponent
[2015.05.19-18.19.04:047][  0]LogTexture:Display: Building textures: MAP5_ver_2 (AutoDXT)
[2015.05.19-18.19.04:924][  0]LogEditorServer: Finished looking for orphan Actors (0.000 secs)
[2015.05.19-18.19.04:925][  0]LogAIModule: Creating AISystem for world 2DSideScrollerExampleMap
[2015.05.19-18.19.04:926][  0]Cmd: MAP CHECKDEP
[2015.05.19-18.19.04:926][  0]MapCheck: New page: 2DSideScrollerExampleMap - 20 May 2015 2:19:04 pm
[2015.05.19-18.19.05:398][  0]MapCheck:Warning: Warning Sprite0 PaperFlipbookComponent /Game/EndlessRunner/Maps/2DSideScrollerExampleMap.2DSideScrollerExampleMap:PersistentLevel.ShipCharacter_C_0.Sprite0 : Externally referenced 
[2015.05.19-18.19.05:399][  0]MapCheck:Warning: Warning PaperFlipbook1 PaperFlipbookComponent /Game/EndlessRunner/Maps/2DSideScrollerExampleMap.2DSideScrollerExampleMap:PersistentLevel.ShipCharacter_C_0.PaperFlipbook1 : Externally referenced 
[2015.05.19-18.19.05:400][  0]MapCheck:Warning: Warning PaperFlipbook2 PaperFlipbookComponent /Game/EndlessRunner/Maps/2DSideScrollerExampleMap.2DSideScrollerExampleMap:PersistentLevel.ShipCharacter_C_0.PaperFlipbook2 : Externally referenced 
[2015.05.19-18.19.05:400][  0]MapCheck:Warning: Warning PaperFlipbook PaperFlipbookComponent /Game/EndlessRunner/Maps/2DSideScrollerExampleMap.2DSideScrollerExampleMap:PersistentLevel.ShipCharacter_C_0.PaperFlipbook : Externally referenced 
[2015.05.19-18.19.05:400][  0]MapCheck:Warning: Warning PaperFlipbook PaperFlipbookComponent /Game/EndlessRunner/Maps/2DSideScrollerExampleMap.2DSideScrollerExampleMap:PersistentLevel.BP_Coin_C_2199.PaperFlipbook : Externally referenced 
[2015.05.19-18.19.05:401][  0]MapCheck:Warning: Warning PaperFlipbook PaperFlipbookComponent /Game/EndlessRunner/Maps/2DSideScrollerExampleMap.2DSideScrollerExampleMap:PersistentLevel.BP_Coin_C_2200.PaperFlipbook : Externally referenced 
[2015.05.19-18.19.05:401][  0]MapCheck:Warning: Warning PaperFlipbook PaperFlipbookComponent /Game/EndlessRunner/Maps/2DSideScrollerExampleMap.2DSideScrollerExampleMap:PersistentLevel.BP_Coin_C_2201.PaperFlipbook : Externally referenced 
[2015.05.19-18.19.05:402][  0]MapCheck:Warning: Warning PaperFlipbook PaperFlipbookComponent /Game/EndlessRunner/Maps/2DSideScrollerExampleMap.2DSideScrollerExampleMap:PersistentLevel.BP_Coin_C_2202.PaperFlipbook : Externally referenced 
[2015.05.19-18.19.05:402][  0]MapCheck:Warning: Warning PaperFlipbook PaperFlipbookComponent /Game/EndlessRunner/Maps/2DSideScrollerExampleMap.2DSideScrollerExampleMap:PersistentLevel.BP_Coin_C_2203.PaperFlipbook : Externally referenced 
[2015.05.19-18.19.05:402][  0]MapCheck:Warning: Warning PaperFlipbook PaperFlipbookComponent /Game/EndlessRunner/Maps/2DSideScrollerExampleMap.2DSideScrollerExampleMap:PersistentLevel.BP_Coin_C_2204.PaperFlipbook : Externally referenced 
[2015.05.19-18.19.05:403][  0]MapCheck:Warning: Warning PaperFlipbook PaperFlipbookComponent /Game/EndlessRunner/Maps/2DSideScrollerExampleMap.2DSideScrollerExampleMap:PersistentLevel.BP_Coin_C_2205.PaperFlipbook : Externally referenced 
[2015.05.19-18.19.05:403][  0]MapCheck:Warning: Warning PaperFlipbook PaperFlipbookComponent /Game/EndlessRunner/Maps/2DSideScrollerExampleMap.2DSideScrollerExampleMap:PersistentLevel.BP_Coin_C_2206.PaperFlipbook : Externally referenced 
[2015.05.19-18.19.05:403][  0]MapCheck:Warning: Warning PaperFlipbook PaperFlipbookComponent /Game/EndlessRunner/Maps/2DSideScrollerExampleMap.2DSideScrollerExampleMap:PersistentLevel.BP_Coin_C_2207.PaperFlipbook : Externally referenced 
[2015.05.19-18.19.05:404][  0]MapCheck:Warning: Warning PaperFlipbook PaperFlipbookComponent /Game/EndlessRunner/Maps/2DSideScrollerExampleMap.2DSideScrollerExampleMap:PersistentLevel.BP_Coin_C_2208.PaperFlipbook : Externally referenced 
[2015.05.19-18.19.05:404][  0]MapCheck:Warning: Warning PaperFlipbook PaperFlipbookComponent /Game/EndlessRunner/Maps/2DSideScrollerExampleMap.2DSideScrollerExampleMap:PersistentLevel.BP_Coin_C_2209.PaperFlipbook : Externally referenced 
[2015.05.19-18.19.05:405][  0]MapCheck:Warning: Warning PaperFlipbook PaperFlipbookComponent /Game/EndlessRunner/Maps/2DSideScrollerExampleMap.2DSideScrollerExampleMap:PersistentLevel.BP_Coin_C_1023.PaperFlipbook : Externally referenced 
[2015.05.19-18.19.05:405][  0]MapCheck:Warning: Warning PaperFlipbook PaperFlipbookComponent /Game/EndlessRunner/Maps/2DSideScrollerExampleMap.2DSideScrollerExampleMap:PersistentLevel.BP_Coin_C_1024.PaperFlipbook : Externally referenced 
[2015.05.19-18.19.05:405][  0]MapCheck:Warning: Warning PaperFlipbook PaperFlipbookComponent /Game/EndlessRunner/Maps/2DSideScrollerExampleMap.2DSideScrollerExampleMap:PersistentLevel.BP_Coin_C_1025.PaperFlipbook : Externally referenced 
[2015.05.19-18.19.05:406][  0]MapCheck:Warning: Warning PaperFlipbook PaperFlipbookComponent /Game/EndlessRunner/Maps/2DSideScrollerExampleMap.2DSideScrollerExampleMap:PersistentLevel.BP_Coin_C_1026.PaperFlipbook : Externally referenced 
[2015.05.19-18.19.05:406][  0]MapCheck:Warning: Warning PaperFlipbook PaperFlipbookComponent /Game/EndlessRunner/Maps/2DSideScrollerExampleMap.2DSideScrollerExampleMap:PersistentLevel.BP_Coin_C_1027.PaperFlipbook : Externally referenced 
[2015.05.19-18.19.05:406][  0]MapCheck:Warning: Warning PaperFlipbook PaperFlipbookComponent /Game/EndlessRunner/Maps/2DSideScrollerExampleMap.2DSideScrollerExampleMap:PersistentLevel.BP_Coin_C_1028.PaperFlipbook : Externally referenced 
[2015.05.19-18.19.05:407][  0]MapCheck:Warning: Warning PaperFlipbook PaperFlipbookComponent /Game/EndlessRunner/Maps/2DSideScrollerExampleMap.2DSideScrollerExampleMap:PersistentLevel.BP_Coin_C_1029.PaperFlipbook : Externally referenced 
[2015.05.19-18.19.05:407][  0]MapCheck:Warning: Warning PaperFlipbook PaperFlipbookComponent /Game/EndlessRunner/Maps/2DSideScrollerExampleMap.2DSideScrollerExampleMap:PersistentLevel.BP_Coin_C_1030.PaperFlipbook : Externally referenced 
[2015.05.19-18.19.05:407][  0]MapCheck:Warning: Warning PaperFlipbook PaperFlipbookComponent /Game/EndlessRunner/Maps/2DSideScrollerExampleMap.2DSideScrollerExampleMap:PersistentLevel.BP_Coin_C_1031.PaperFlipbook : Externally referenced 
[2015.05.19-18.19.05:408][  0]MapCheck:Warning: Warning PaperFlipbook PaperFlipbookComponent /Game/EndlessRunner/Maps/2DSideScrollerExampleMap.2DSideScrollerExampleMap:PersistentLevel.BP_Coin_C_1032.PaperFlipbook : Externally referenced 
[2015.05.19-18.19.05:408][  0]MapCheck:Warning: Warning PaperFlipbook PaperFlipbookComponent /Game/EndlessRunner/Maps/2DSideScrollerExampleMap.2DSideScrollerExampleMap:PersistentLevel.BP_Coin_C_1033.PaperFlipbook : Externally referenced 
[2015.05.19-18.19.05:408][  0]MapCheck:Warning: Warning PaperFlipbook PaperFlipbookComponent /Game/EndlessRunner/Maps/2DSideScrollerExampleMap.2DSideScrollerExampleMap:PersistentLevel.BP_Coin3_127.PaperFlipbook : Externally referenced 
[2015.05.19-18.19.05:409][  0]MapCheck:Warning: Warning PaperFlipbook PaperFlipbookComponent /Game/EndlessRunner/Maps/2DSideScrollerExampleMap.2DSideScrollerExampleMap:PersistentLevel.BP_Coin4_258.PaperFlipbook : Externally referenced 
[2015.05.19-18.19.05:409][  0]MapCheck:Warning: Warning PaperFlipbook PaperFlipbookComponent /Game/EndlessRunner/Maps/2DSideScrollerExampleMap.2DSideScrollerExampleMap:PersistentLevel.BP_Coin5_377.PaperFlipbook : Externally referenced 
[2015.05.19-18.19.05:409][  0]MapCheck:Warning: Warning PaperFlipbook PaperFlipbookComponent /Game/EndlessRunner/Maps/2DSideScrollerExampleMap.2DSideScrollerExampleMap:PersistentLevel.BP_Coin6_576.PaperFlipbook : Externally referenced 
[2015.05.19-18.19.05:410][  0]MapCheck:Warning: Warning PaperFlipbook PaperFlipbookComponent /Game/EndlessRunner/Maps/2DSideScrollerExampleMap.2DSideScrollerExampleMap:PersistentLevel.BP_Coin7_707.PaperFlipbook : Externally referenced 
[2015.05.19-18.19.05:410][  0]MapCheck:Warning: Warning PaperFlipbook PaperFlipbookComponent /Game/EndlessRunner/Maps/2DSideScrollerExampleMap.2DSideScrollerExampleMap:PersistentLevel.BP_Coin8_846.PaperFlipbook : Externally referenced 
[2015.05.19-18.19.05:410][  0]MapCheck:Warning: Warning PaperFlipbook PaperFlipbookComponent /Game/EndlessRunner/Maps/2DSideScrollerExampleMap.2DSideScrollerExampleMap:PersistentLevel.BP_Coin9_961.PaperFlipbook : Externally referenced 
[2015.05.19-18.19.05:411][  0]MapCheck:Warning: Warning PaperFlipbook PaperFlipbookComponent /Game/EndlessRunner/Maps/2DSideScrollerExampleMap.2DSideScrollerExampleMap:PersistentLevel.BP_Coin10_1092.PaperFlipbook : Externally referenced 
[2015.05.19-18.19.05:411][  0]MapCheck:Warning: Warning PaperFlipbook PaperFlipbookComponent /Game/EndlessRunner/Maps/2DSideScrollerExampleMap.2DSideScrollerExampleMap:PersistentLevel.BP_Coin11_1239.PaperFlipbook : Externally referenced 
[2015.05.19-18.19.05:412][  0]MapCheck:Warning: Warning PaperFlipbook PaperFlipbookComponent /Game/EndlessRunner/Maps/2DSideScrollerExampleMap.2DSideScrollerExampleMap:PersistentLevel.BP_Coin12_1430.PaperFlipbook : Externally referenced 
[2015.05.19-18.19.05:412][  0]MapCheck:Warning: Warning PaperFlipbook PaperFlipbookComponent /Game/EndlessRunner/Maps/2DSideScrollerExampleMap.2DSideScrollerExampleMap:PersistentLevel.BP_Coin_C_550.PaperFlipbook : Externally referenced 
[2015.05.19-18.19.05:412][  0]MapCheck:Warning: Warning PaperFlipbook PaperFlipbookComponent /Game/EndlessRunner/Maps/2DSideScrollerExampleMap.2DSideScrollerExampleMap:PersistentLevel.BP_Coin_C_551.PaperFlipbook : Externally referenced 
[2015.05.19-18.19.05:413][  0]MapCheck:Warning: Warning PaperFlipbook PaperFlipbookComponent /Game/EndlessRunner/Maps/2DSideScrollerExampleMap.2DSideScrollerExampleMap:PersistentLevel.BP_Coin_C_552.PaperFlipbook : Externally referenced 
[2015.05.19-18.19.05:413][  0]MapCheck:Warning: Warning PaperFlipbook PaperFlipbookComponent /Game/EndlessRunner/Maps/2DSideScrollerExampleMap.2DSideScrollerExampleMap:PersistentLevel.BP_Coin_C_553.PaperFlipbook : Externally referenced 
[2015.05.19-18.19.05:413][  0]MapCheck:Warning: Warning PaperFlipbook PaperFlipbookComponent /Game/EndlessRunner/Maps/2DSideScrollerExampleMap.2DSideScrollerExampleMap:PersistentLevel.BP_Coin_C_554.PaperFlipbook : Externally referenced 
[2015.05.19-18.19.05:414][  0]MapCheck:Warning: Warning PaperFlipbook PaperFlipbookComponent /Game/EndlessRunner/Maps/2DSideScrollerExampleMap.2DSideScrollerExampleMap:PersistentLevel.BP_Coin_C_555.PaperFlipbook : Externally referenced 
[2015.05.19-18.19.05:414][  0]MapCheck:Warning: Warning PaperFlipbook PaperFlipbookComponent /Game/EndlessRunner/Maps/2DSideScrollerExampleMap.2DSideScrollerExampleMap:PersistentLevel.BP_Coin_C_556.PaperFlipbook : Externally referenced 
[2015.05.19-18.19.05:414][  0]MapCheck:Warning: Warning PaperFlipbook PaperFlipbookComponent /Game/EndlessRunner/Maps/2DSideScrollerExampleMap.2DSideScrollerExampleMap:PersistentLevel.BP_Coin_C_557.PaperFlipbook : Externally referenced 
[2015.05.19-18.19.05:415][  0]MapCheck:Warning: Warning PaperFlipbook PaperFlipbookComponent /Game/EndlessRunner/Maps/2DSideScrollerExampleMap.2DSideScrollerExampleMap:PersistentLevel.BP_Coin_C_558.PaperFlipbook : Externally referenced 
[2015.05.19-18.19.05:415][  0]MapCheck:Warning: Warning PaperFlipbook PaperFlipbookComponent /Game/EndlessRunner/Maps/2DSideScrollerExampleMap.2DSideScrollerExampleMap:PersistentLevel.BP_Coin_C_559.PaperFlipbook : Externally referenced 
[2015.05.19-18.19.05:415][  0]MapCheck:Warning: Warning PaperFlipbook PaperFlipbookComponent /Game/EndlessRunner/Maps/2DSideScrollerExampleMap.2DSideScrollerExampleMap:PersistentLevel.BP_Coin_C_560.PaperFlipbook : Externally referenced 
[2015.05.19-18.19.05:416][  0]MapCheck:Warning: Warning PaperSprite PaperSpriteComponent /Game/EndlessRunner/Maps/2DSideScrollerExampleMap.2DSideScrollerExampleMap:PersistentLevel.BP_StartLevel_416.PaperSprite : Externally referenced 
[2015.05.19-18.19.05:416][  0]MapCheck:Warning: Warning PaperSprite PaperSpriteComponent /Game/EndlessRunner/Maps/2DSideScrollerExampleMap.2DSideScrollerExampleMap:PersistentLevel.BP_MidLevel_263.PaperSprite : Externally referenced 
[2015.05.19-18.19.05:416][  0]MapCheck:Warning: Warning PaperSprite PaperSpriteComponent /Game/EndlessRunner/Maps/2DSideScrollerExampleMap.2DSideScrollerExampleMap:PersistentLevel.LargeAsteroid_114.PaperSprite : Externally referenced 
[2015.05.19-18.19.05:417][  0]MapCheck:Warning: Warning RightEdge PaperSpriteComponent /Game/EndlessRunner/Maps/2DSideScrollerExampleMap.2DSideScrollerExampleMap:PersistentLevel.Gameplay_Screen_C_0.RightEdge : Externally referenced 
[2015.05.19-18.19.05:417][  0]MapCheck:Warning: Warning LeftEdge PaperSpriteComponent /Game/EndlessRunner/Maps/2DSideScrollerExampleMap.2DSideScrollerExampleMap:PersistentLevel.Gameplay_Screen_C_0.LeftEdge : Externally referenced 
[2015.05.19-18.19.05:417][  0]MapCheck:Warning: Warning TopEdge PaperSpriteComponent /Game/EndlessRunner/Maps/2DSideScrollerExampleMap.2DSideScrollerExampleMap:PersistentLevel.Gameplay_Screen_C_0.TopEdge : Externally referenced 
[2015.05.19-18.19.05:418][  0]MapCheck:Warning: Warning BottomEdge PaperSpriteComponent /Game/EndlessRunner/Maps/2DSideScrollerExampleMap.2DSideScrollerExampleMap:PersistentLevel.Gameplay_Screen_C_0.BottomEdge : Externally referenced 
[2015.05.19-18.19.05:418][  0]MapCheck: Info Map check complete: 0 Error(s), 54 Warning(s), took 491.74ms to complete.
[2015.05.19-18.19.05:431][  0]LogFileHelpers: Loading map '2DSideScrollerExampleMap' took 8.419
[2015.05.19-18.19.05:560][  0]LogCollectionManager: Loaded 0 collections in 0.001468 seconds
[2015.05.19-18.19.05:572][  0]LogContentBrowser: Native class hierarchy populated in 0.0111 seconds. Added 1697 classes and 263 folders.
[2015.05.19-18.19.05:634][  0]LogContentBrowser: Native class hierarchy updated for 'SceneOutliner' in 0.0053 seconds. Added 1 classes and 2 folders.
[2015.05.19-18.19.05:700][  0]LogCrashTracker: Crashtracker disabled due to settings.
[2015.05.19-18.19.05:702][  0]LogSlate:Warning: Failed to load font data from 'Veranda'
[2015.05.19-18.19.05:741][  0]LogLoad: Full Startup: 21.67 seconds (BP compile: 3.26 seconds)
[2015.05.19-18.19.05:778][  0]LogContentBrowser:Verbose: The content browser source was changed by the sources view to '/Game/EndlessRunner/Blueprints'
[2015.05.19-18.19.05:972][  0]LogRenderer:Warning: Reallocating scene render targets to support 1208x576 (Frame:2).
[2015.05.19-18.19.06:587][  6]LogAssetRegistry: Asset discovery search completed in 11.3074 seconds
[2015.05.19-18.19.56:106][450]LogContentBrowser:Verbose: The content browser source was changed by the sources view to '/Game/EndlessRunner/Sound'
[2015.05.19-18.19.57:592][618]LogContentBrowser:Verbose: The content browser source was changed by the sources view to '/Game/EndlessRunner/Sound/HomeScreen'
[2015.05.19-18.20.07:092][755]LogContentBrowser:Verbose: The content browser source was changed by the sources view to '/Game/EndlessRunner/Sound'
[2015.05.19-18.20.09:957][ 71]LogContentBrowser:Verbose: The content browser source was changed by the sources view to '/Game/EndlessRunner/Sound'
[2015.05.19-18.20.19:142][171]LogContentBrowser:Verbose: The content browser source was changed by the sources view to '/Game/EndlessRunner/Sound/InGame'
[2015.05.19-18.20.22:711][266]LogFactory: FactoryCreateBinary: SoundWave with SoundFactory (0 0 C:/Users/n8695164/Downloads/BGM_ingame.wav)
[2015.05.19-18.20.22:779][266]LogAudioDerivedData:Display: Building compressed audio format OGG wave BGM_ingame...
[2015.05.19-18.20.23:927][266]LogAudioDerivedData:Warning: Updated SoundWave->RawPCMDataSize during cooking SoundWave /Game/EndlessRunner/Sound/InGame/BGM_ingame.BGM_ingame.
[2015.05.19-18.20.23:932][266]LogContentBrowser:Verbose: The content browser source was changed by the sources view to 'None'
[2015.05.19-18.20.23:933][266]LogContentBrowser:Verbose: The content browser source was changed by the sources view to '/Game/EndlessRunner/Sound/InGame'
[2015.05.19-18.20.26:431][485]LogContentBrowser:Verbose: The content browser source was changed by the sources view to '/Game/EndlessRunner/Sound/InGame'
[2015.05.19-18.20.35:325][301]LogPlayLevel: PIE:  No blueprints needed recompiling
[2015.05.19-18.20.36:555][301]PIE: New page: PIE session: 2DSideScrollerExampleMap (20 May 2015 2:20:36 pm)
[2015.05.19-18.20.36:563][301]LogPlayLevel: PIE: StaticDuplicateObject took: (0.005894s)
[2015.05.19-18.20.36:564][301]LogPlayLevel: PIE: World Init took: (0.000699s)
[2015.05.19-18.20.36:565][301]LogPlayLevel: PIE: Created PIE world by copying editor world from /Game/EndlessRunner/Maps/2DSideScrollerExampleMap.2DSideScrollerExampleMap to /Game/EndlessRunner/Maps/UEDPIE_0_2DSideScrollerExampleMap.2DSideScrollerExampleMap (0.007555s)
[2015.05.19-18.20.36:624][301]LogWorld: Game class is 'RunGameMode_C'
[2015.05.19-18.20.36:627][301]LogAIModule: Creating AISystem for world 2DSideScrollerExampleMap
[2015.05.19-18.20.36:635][301]LogWorld: Bringing World /Game/EndlessRunner/Maps/UEDPIE_0_2DSideScrollerExampleMap.2DSideScrollerExampleMap up for play (max tick rate 0) at 2015.05.20-04.20.36
[2015.05.19-18.20.36:637][301]LogWorld: Bringing up level for play took: 0.008891
[2015.05.19-18.20.36:656][301]PIE: Info Play in editor start time for /Game/EndlessRunner/Maps/UEDPIE_0_2DSideScrollerExampleMap 1.183
[2015.05.19-18.20.41:294][848]LogBlueprintUserMessages: Hello
[2015.05.19-18.20.46:291][447]LogBlueprintUserMessages: Hello
[2015.05.19-18.20.47:526][595]LogScript:Warning: Cannot access 'Root'. It is pending kill. Property: 'Root'
	Wave2_C /Game/EndlessRunner/Maps/UEDPIE_0_2DSideScrollerExampleMap.2DSideScrollerExampleMap:PersistentLevel.Wave2_C_0
	Function /Game/EndlessRunner/Blueprints/Wave2.Wave2_C:ExecuteUbergraph_Wave2:00C4
[2015.05.19-18.20.47:527][595]PIE:Error: Error Cannot access 'Root'. It is pending kill. Property: 'Root' from node Construction Script in blueprint Wave2
[2015.05.19-18.20.51:293][ 47]LogBlueprintUserMessages: Hello
[2015.05.19-18.20.52:527][195]LogScript:Warning: Cannot access 'Root'. It is pending kill. Property: 'Root'
	Wave2_C /Game/EndlessRunner/Maps/UEDPIE_0_2DSideScrollerExampleMap.2DSideScrollerExampleMap:PersistentLevel.Wave2_C_1
	Function /Game/EndlessRunner/Blueprints/Wave2.Wave2_C:ExecuteUbergraph_Wave2:00C4
[2015.05.19-18.20.52:528][195]PIE:Error: Error Cannot access 'Root'. It is pending kill. Property: 'Root' from node Construction Script in blueprint Wave2
[2015.05.19-18.20.56:294][647]LogBlueprintUserMessages: Hello
[2015.05.19-18.20.57:530][795]LogScript:Warning: Cannot access 'Root'. It is pending kill. Property: 'Root'
	Wave2_C /Game/EndlessRunner/Maps/UEDPIE_0_2DSideScrollerExampleMap.2DSideScrollerExampleMap:PersistentLevel.Wave2_C_2
	Function /Game/EndlessRunner/Blueprints/Wave2.Wave2_C:ExecuteUbergraph_Wave2:00C4
[2015.05.19-18.20.57:531][795]PIE:Error: Error Cannot access 'Root'. It is pending kill. Property: 'Root' from node Construction Script in blueprint Wave2
[2015.05.19-18.21.01:298][246]LogBlueprintUserMessages: Hello
[2015.05.19-18.21.02:183][352]Cmd: RestartLevel
[2015.05.19-18.21.02:191][353]LogNet: Browse: /Game/EndlessRunner/Maps/2DSideScrollerExampleMap?restart
[2015.05.19-18.21.02:192][353]LogLoad: LoadMap: /Game/EndlessRunner/Maps/2DSideScrollerExampleMap
[2015.05.19-18.21.02:201][353]LogActorComponent: UnregisterComponent: (/Engine/Transient.ProjectileMovementComponent_1) Not registered. Aborting.
[2015.05.19-18.21.02:262][353]LogParticles: Destroying 0 GPU particle simulations for FXSystem 0x000000001F020AE0
[2015.05.19-18.21.02:297][353]Cmd: MEM
[2015.05.19-18.21.02:316][353]LogMemory: Platform Memory Stats for Windows
[2015.05.19-18.21.02:317][353]LogMemory: Process Physical Memory: 744.39 MB used, 815.94 MB peak
[2015.05.19-18.21.02:317][353]LogMemory: Process Virtual Memory: 642.94 MB used, 754.66 MB peak
[2015.05.19-18.21.02:317][353]LogMemory: Physical Memory: 6450.34 MB used, 32720.52 MB total
[2015.05.19-18.21.02:317][353]LogMemory: Virtual Memory: 1247.55 MB used, 8388608.00 MB total
[2015.05.19-18.21.02:317][353]LogMemory: 
[2015.05.19-18.21.02:318][353]Allocator Stats for TBB: (not implemented)
[2015.05.19-18.21.02:324][353]LogPlayLevel: PIE: StaticDuplicateObject took: (0.005803s)
[2015.05.19-18.21.02:325][353]LogPlayLevel: PIE: World Init took: (0.000526s)
[2015.05.19-18.21.02:325][353]LogPlayLevel: PIE: Created PIE world by copying editor world from /Game/EndlessRunner/Maps/2DSideScrollerExampleMap.2DSideScrollerExampleMap to /Game/EndlessRunner/Maps/UEDPIE_0_2DSideScrollerExampleMap.2DSideScrollerExampleMap (0.006955s)
[2015.05.19-18.21.02:325][353]LogWorld: Game class is 'RunGameMode_C'
[2015.05.19-18.21.02:328][353]LogAIModule: Creating AISystem for world 2DSideScrollerExampleMap
[2015.05.19-18.21.02:336][353]LogWorld: Bringing World /Game/EndlessRunner/Maps/UEDPIE_0_2DSideScrollerExampleMap.2DSideScrollerExampleMap up for play (max tick rate 0) at 2015.05.20-04.21.02
[2015.05.19-18.21.02:337][353]LogWorld: Bringing up level for play took: 0.008260
[2015.05.19-18.21.07:188][934]LogBlueprintUserMessages: Hello
[2015.05.19-18.21.11:502][451]Cmd: RestartLevel
[2015.05.19-18.21.11:510][452]LogNet: Browse: /Game/EndlessRunner/Maps/2DSideScrollerExampleMap?restart
[2015.05.19-18.21.11:510][452]LogLoad: LoadMap: /Game/EndlessRunner/Maps/2DSideScrollerExampleMap
[2015.05.19-18.21.11:526][452]LogParticles: Destroying 0 GPU particle simulations for FXSystem 0x000000001A1B3420
[2015.05.19-18.21.11:535][452]Cmd: MEM
[2015.05.19-18.21.11:554][452]LogMemory: Platform Memory Stats for Windows
[2015.05.19-18.21.11:555][452]LogMemory: Process Physical Memory: 744.59 MB used, 815.94 MB peak
[2015.05.19-18.21.11:555][452]LogMemory: Process Virtual Memory: 642.94 MB used, 754.66 MB peak
[2015.05.19-18.21.11:555][452]LogMemory: Physical Memory: 6451.26 MB used, 32720.52 MB total
[2015.05.19-18.21.11:555][452]LogMemory: Virtual Memory: 1247.55 MB used, 8388608.00 MB total
[2015.05.19-18.21.11:556][452]LogMemory: 
[2015.05.19-18.21.11:556][452]Allocator Stats for TBB: (not implemented)
[2015.05.19-18.21.11:562][452]LogPlayLevel: PIE: StaticDuplicateObject took: (0.005731s)
[2015.05.19-18.21.11:563][452]LogPlayLevel: PIE: World Init took: (0.000525s)
[2015.05.19-18.21.11:563][452]LogPlayLevel: PIE: Created PIE world by copying editor world from /Game/EndlessRunner/Maps/2DSideScrollerExampleMap.2DSideScrollerExampleMap to /Game/EndlessRunner/Maps/UEDPIE_0_2DSideScrollerExampleMap.2DSideScrollerExampleMap (0.006919s)
[2015.05.19-18.21.11:563][452]LogWorld: Game class is 'RunGameMode_C'
[2015.05.19-18.21.11:566][452]LogAIModule: Creating AISystem for world 2DSideScrollerExampleMap
[2015.05.19-18.21.11:574][452]LogWorld: Bringing World /Game/EndlessRunner/Maps/UEDPIE_0_2DSideScrollerExampleMap.2DSideScrollerExampleMap up for play (max tick rate 0) at 2015.05.20-04.21.11
[2015.05.19-18.21.11:575][452]LogWorld: Bringing up level for play took: 0.008343
[2015.05.19-18.21.15:961][977]Cmd: RestartLevel
[2015.05.19-18.21.15:968][978]LogNet: Browse: /Game/EndlessRunner/Maps/2DSideScrollerExampleMap?restart
[2015.05.19-18.21.15:969][978]LogLoad: LoadMap: /Game/EndlessRunner/Maps/2DSideScrollerExampleMap
[2015.05.19-18.21.15:983][978]LogParticles: Destroying 0 GPU particle simulations for FXSystem 0x0000000028AF1800
[2015.05.19-18.21.15:992][978]Cmd: MEM
[2015.05.19-18.21.16:013][978]LogMemory: Platform Memory Stats for Windows
[2015.05.19-18.21.16:014][978]LogMemory: Process Physical Memory: 744.59 MB used, 815.94 MB peak
[2015.05.19-18.21.16:014][978]LogMemory: Process Virtual Memory: 642.94 MB used, 754.66 MB peak
[2015.05.19-18.21.16:014][978]LogMemory: Physical Memory: 6452.05 MB used, 32720.52 MB total
[2015.05.19-18.21.16:015][978]LogMemory: Virtual Memory: 1247.55 MB used, 8388608.00 MB total
[2015.05.19-18.21.16:015][978]LogMemory: 
[2015.05.19-18.21.16:015][978]Allocator Stats for TBB: (not implemented)
[2015.05.19-18.21.16:021][978]LogPlayLevel: PIE: StaticDuplicateObject took: (0.005824s)
[2015.05.19-18.21.16:022][978]LogPlayLevel: PIE: World Init took: (0.000527s)
[2015.05.19-18.21.16:022][978]LogPlayLevel: PIE: Created PIE world by copying editor world from /Game/EndlessRunner/Maps/2DSideScrollerExampleMap.2DSideScrollerExampleMap to /Game/EndlessRunner/Maps/UEDPIE_0_2DSideScrollerExampleMap.2DSideScrollerExampleMap (0.007064s)
[2015.05.19-18.21.16:023][978]LogWorld: Game class is 'RunGameMode_C'
[2015.05.19-18.21.16:025][978]LogAIModule: Creating AISystem for world 2DSideScrollerExampleMap
[2015.05.19-18.21.16:033][978]LogWorld: Bringing World /Game/EndlessRunner/Maps/UEDPIE_0_2DSideScrollerExampleMap.2DSideScrollerExampleMap up for play (max tick rate 0) at 2015.05.20-04.21.16
[2015.05.19-18.21.16:034][978]LogWorld: Bringing up level for play took: 0.008335
[2015.05.19-18.21.20:368][490]LogParticles: Destroying 0 GPU particle simulations for FXSystem 0x00000000319CC9A0
[2015.05.19-18.21.45:767][ 72]LogSavePackage: Save=108.461372ms
[2015.05.19-18.21.45:768][ 72]LogSavePackage: Moving 'C:/Users/n8695164/Desktop/SpaceRace/Saved/2DSideScrollerExampleMap6943B6D1495FBF2888EDBA82409016AF.tmp' to 'C:/Users/n8695164/Desktop/SpaceRace/Content/EndlessRunner/Maps/2DSideScrollerExampleMap.umap'
[2015.05.19-18.21.45:783][ 72]LogFileHelpers: Saving map '2DSideScrollerExampleMap' took 1.547
[2015.05.19-18.21.45:817][ 72]Cmd: OBJ SAVEPACKAGE PACKAGE="/Game/EndlessRunner/Sound/InGame/BGM_ingame" FILE="C:/Users/n8695164/Desktop/SpaceRace/Content/EndlessRunner/Sound/InGame/BGM_ingame.uasset" SILENT=true
[2015.05.19-18.21.45:833][ 72]LogSavePackage: Save=14.545545ms
[2015.05.19-18.21.45:833][ 72]LogSavePackage: Moving 'C:/Users/n8695164/Desktop/SpaceRace/Saved/BGM_ingameC8B3A69640FD3A886F56E79CE84C6A33.tmp' to 'C:/Users/n8695164/Desktop/SpaceRace/Content/EndlessRunner/Sound/InGame/BGM_ingame.uasset'
[2015.05.19-18.21.45:839][ 72]Cmd: OBJ SAVEPACKAGE PACKAGE="/Game/EndlessRunner/Sound/InGame/BGM_ingame_Cue" FILE="C:/Users/n8695164/Desktop/SpaceRace/Content/EndlessRunner/Sound/InGame/BGM_ingame_Cue.uasset" SILENT=true
[2015.05.19-18.21.45:844][ 72]LogSavePackage: Save=3.074126ms
[2015.05.19-18.21.45:844][ 72]LogSavePackage: Moving 'C:/Users/n8695164/Desktop/SpaceRace/Saved/BGM_ingame_Cue0F6C743E45A17020A48702B56D95A056.tmp' to 'C:/Users/n8695164/Desktop/SpaceRace/Content/EndlessRunner/Sound/InGame/BGM_ingame_Cue.uasset'
[2015.05.19-18.21.46:126][ 73]Cmd: QUIT_EDITOR
[2015.05.19-18.21.46:311][ 73]LogExit: Preparing to exit.
[2015.05.19-18.21.46:994][ 73]LogExit: Editor shut down
[2015.05.19-18.21.46:995][ 73]LogExit: Transaction tracking system shut down
[2015.05.19-18.21.47:008][ 73]LogParticles: Destroying 0 GPU particle simulations for FXSystem 0x000000001DA89080
[2015.05.19-18.21.47:009][ 73]LogParticles: Destroying 0 GPU particle simulations for FXSystem 0x000000002515ECA0
[2015.05.19-18.21.47:009][ 73]LogParticles: Destroying 0 GPU particle simulations for FXSystem 0x0000000025070680
[2015.05.19-18.21.47:051][ 73]LogExit: Object subsystem successfully closed.
[2015.05.19-18.21.47:089][ 73]LogModuleManager: Shutting down and abandoning module CrashTracker (178)
[2015.05.19-18.21.47:090][ 73]LogModuleManager: Shutting down and abandoning module SuperSearch (177)
[2015.05.19-18.21.47:090][ 73]LogModuleManager: Shutting down and abandoning module SceneOutliner (176)
[2015.05.19-18.21.47:090][ 73]LogModuleManager: Shutting down and abandoning module EditorWidgets (175)
[2015.05.19-18.21.47:091][ 73]LogModuleManager: Shutting down and abandoning module CollectionManager (174)
[2015.05.19-18.21.47:091][ 73]LogModuleManager: Shutting down and abandoning module StatsViewer (173)
[2015.05.19-18.21.47:091][ 73]LogModuleManager: Shutting down and abandoning module FoliageEdit (172)
[2015.05.19-18.21.47:091][ 73]LogModuleManager: Shutting down and abandoning module LandscapeEditor (171)
[2015.05.19-18.21.47:092][ 73]LogModuleManager: Shutting down and abandoning module MeshPaint (170)
[2015.05.19-18.21.47:092][ 73]LogModuleManager: Shutting down and abandoning module ActorPickerMode (169)
[2015.05.19-18.21.47:092][ 73]LogModuleManager: Shutting down and abandoning module GeometryMode (168)
[2015.05.19-18.21.47:092][ 73]LogModuleManager: Shutting down and abandoning module TextureAlignMode (167)
[2015.05.19-18.21.47:093][ 73]LogModuleManager: Shutting down and abandoning module BspMode (166)
[2015.05.19-18.21.47:093][ 73]LogModuleManager: Shutting down and abandoning module PlacementMode (165)
[2015.05.19-18.21.47:093][ 73]LogModuleManager: Shutting down and abandoning module AutomationWorker (164)
[2015.05.19-18.21.47:093][ 73]LogModuleManager: Shutting down and abandoning module CharacterAI (163)
[2015.05.19-18.21.47:094][ 73]LogModuleManager: Shutting down and abandoning module SmartSnapping (162)
[2015.05.19-18.21.47:094][ 73]LogModuleManager: Shutting down and abandoning module ViewportSnapping (161)
[2015.05.19-18.21.47:094][ 73]LogModuleManager: Shutting down and abandoning module LogVisualizer (160)
[2015.05.19-18.21.47:094][ 73]LogModuleManager: Shutting down and abandoning module GameProjectGeneration (159)
[2015.05.19-18.21.47:094][ 73]LogModuleManager: Shutting down and abandoning module IntroTutorials (158)
[2015.05.19-18.21.47:095][ 73]LogModuleManager: Shutting down and abandoning module EditorLiveStreaming (157)
[2015.05.19-18.21.47:095][ 73]LogModuleManager: Shutting down and abandoning module HardwareTargeting (156)
[2015.05.19-18.21.47:095][ 73]LogModuleManager: Shutting down and abandoning module DeviceProfileEditor (155)
[2015.05.19-18.21.47:095][ 73]LogModuleManager: Shutting down and abandoning module UndoHistory (154)
[2015.05.19-18.21.47:096][ 73]LogModuleManager: Shutting down and abandoning module GameplayTagsEditor (153)
[2015.05.19-18.21.47:096][ 73]LogModuleManager: Shutting down and abandoning module UserFeedback (152)
[2015.05.19-18.21.47:096][ 73]LogModuleManager: Shutting down and abandoning module XmlParser (151)
[2015.05.19-18.21.47:096][ 73]LogModuleManager: Shutting down and abandoning module Blutility (150)
[2015.05.19-18.21.47:096][ 73]LogModuleManager: Shutting down and abandoning module IOSPlatformEditor (149)
[2015.05.19-18.21.47:097][ 73]LogModuleManager: Shutting down and abandoning module IOSRuntimeSettings (148)
[2015.05.19-18.21.47:097][ 73]LogModuleManager: Shutting down and abandoning module AndroidDeviceDetection (147)
[2015.05.19-18.21.47:398][ 73]LogModuleManager: Shutting down and abandoning module AndroidPlatformEditor (146)
[2015.05.19-18.21.47:399][ 73]LogModuleManager: Shutting down and abandoning module AndroidRuntimeSettings (145)
[2015.05.19-18.21.47:399][ 73]LogModuleManager: Shutting down and abandoning module ProjectTargetPlatformEditor (144)
[2015.05.19-18.21.47:399][ 73]LogModuleManager: Shutting down and abandoning module ProjectSettingsViewer (143)
[2015.05.19-18.21.47:399][ 73]LogModuleManager: Shutting down and abandoning module InputBindingEditor (142)
[2015.05.19-18.21.47:400][ 73]LogModuleManager: Shutting down and abandoning module EditorSettingsViewer (141)
[2015.05.19-18.21.47:400][ 73]LogModuleManager: Shutting down and abandoning module SettingsEditor (140)
[2015.05.19-18.21.47:400][ 73]LogModuleManager: Shutting down and abandoning module ProjectLauncher (139)
[2015.05.19-18.21.47:401][ 73]LogModuleManager: Shutting down and abandoning module SessionFrontend (138)
[2015.05.19-18.21.47:401][ 73]LogModuleManager: Shutting down and abandoning module ProfilerClient (137)
[2015.05.19-18.21.47:401][ 73]LogModuleManager: Shutting down and abandoning module TargetDeviceServices (136)
[2015.05.19-18.21.47:401][ 73]LogModuleManager: Shutting down and abandoning module DeviceManager (135)
[2015.05.19-18.21.47:402][ 73]LogModuleManager: Shutting down and abandoning module AutomationController (134)
[2015.05.19-18.21.47:402][ 73]LogModuleManager: Shutting down and abandoning module AutomationWindow (133)
[2015.05.19-18.21.47:402][ 73]LogModuleManager: Shutting down and abandoning module Layers (132)
[2015.05.19-18.21.47:402][ 73]LogModuleManager: Shutting down and abandoning module ComponentVisualizers (131)
[2015.05.19-18.21.47:403][ 73]LogModuleManager: Shutting down and abandoning module DetailCustomizations (130)
[2015.05.19-18.21.47:403][ 73]LogModuleManager: Shutting down and abandoning module PackagesDialog (129)
[2015.05.19-18.21.47:403][ 73]LogModuleManager: Shutting down and abandoning module AssetRegistry (128)
[2015.05.19-18.21.47:442][ 73]LogModuleManager: Shutting down and abandoning module Persona (127)
[2015.05.19-18.21.47:443][ 73]LogModuleManager: Shutting down and abandoning module SlateReflector (126)
[2015.05.19-18.21.47:443][ 73]LogModuleManager: Shutting down and abandoning module LevelEditor (125)
[2015.05.19-18.21.47:444][ 73]LogModuleManager: Shutting down and abandoning module Kismet (124)
[2015.05.19-18.21.47:444][ 73]LogModuleManager: Shutting down and abandoning module GraphEditor (123)
[2015.05.19-18.21.47:444][ 73]LogModuleManager: Shutting down and abandoning module ClassViewer (122)
[2015.05.19-18.21.47:445][ 73]LogModuleManager: Shutting down and abandoning module Toolbox (121)
[2015.05.19-18.21.47:445][ 73]LogModuleManager: Shutting down and abandoning module ModuleUI (120)
[2015.05.19-18.21.47:445][ 73]LogModuleManager: Shutting down and abandoning module MovieSceneTools (119)
[2015.05.19-18.21.47:445][ 73]LogModuleManager: Shutting down and abandoning module OutputLog (118)
[2015.05.19-18.21.47:446][ 73]LogModuleManager: Shutting down and abandoning module GammaUI (117)
[2015.05.19-18.21.47:446][ 73]LogModuleManager: Shutting down and abandoning module Documentation (116)
[2015.05.19-18.21.47:446][ 73]LogModuleManager: Shutting down and abandoning module GameLiveStreaming (115)
[2015.05.19-18.21.47:446][ 73]LogModuleManager: Shutting down and abandoning module StreamingPauseRendering (114)
[2015.05.19-18.21.47:446][ 73]LogModuleManager: Shutting down and abandoning module HTTP (113)
[2015.05.19-18.21.47:447][ 73]LogModuleManager: Shutting down and abandoning module AnalyticsET (112)
[2015.05.19-18.21.47:447][ 73]LogModuleManager: Shutting down and abandoning module Analytics (111)
[2015.05.19-18.21.47:447][ 73]LogModuleManager: Shutting down and abandoning module AITestSuite (110)
[2015.05.19-18.21.47:448][ 73]LogModuleManager: Shutting down and abandoning module GameplayDebugger (109)
[2015.05.19-18.21.47:448][ 73]LogModuleManager: Shutting down and abandoning module AIModule (108)
[2015.05.19-18.21.47:448][ 73]LogModuleManager: Shutting down and abandoning module ProfilerService (107)
[2015.05.19-18.21.47:613][ 73]LogModuleManager: Shutting down and abandoning module TaskGraph (106)
[2015.05.19-18.21.47:614][ 73]LogModuleManager: Shutting down and abandoning module SlateRemote (105)
[2015.05.19-18.21.47:614][ 73]LogModuleManager: Shutting down and abandoning module ScriptEditorPlugin (104)
[2015.05.19-18.21.47:614][ 73]LogModuleManager: Shutting down and abandoning module CustomMeshComponent (103)
[2015.05.19-18.21.47:614][ 73]LogModuleManager: Shutting down and abandoning module CableComponent (102)
[2015.05.19-18.21.47:615][ 73]LogModuleManager: Shutting down and abandoning module MessagingDebugger (101)
[2015.05.19-18.21.47:615][ 73]LogModuleManager: Shutting down and abandoning module MediaPlayerEditor (100)
[2015.05.19-18.21.47:615][ 73]LogModuleManager: Shutting down and abandoning module SpeedTreeImporter (99)
[2015.05.19-18.21.47:615][ 73]LogModuleManager: Shutting down and abandoning module PluginsEditor (98)
[2015.05.19-18.21.47:616][ 73]LogModuleManager: Shutting down and abandoning module MainFrame (97)
[2015.05.19-18.21.47:616][ 73]LogModuleManager: Shutting down and abandoning module EpicSurvey (96)
[2015.05.19-18.21.47:616][ 73]LogModuleManager: Shutting down and abandoning module DesktopPlatform (95)
[2015.05.19-18.21.47:616][ 73]LogModuleManager: Shutting down and abandoning module DirectoryWatcher (94)
[2015.05.19-18.21.47:617][ 73]LogModuleManager: Shutting down and abandoning module HotReload (93)
[2015.05.19-18.21.47:617][ 73]LogModuleManager: Shutting down and abandoning module VisualStudioSourceCodeAccess (92)
[2015.05.19-18.21.47:617][ 73]LogModuleManager: Shutting down and abandoning module UObjectPlugin (91)
[2015.05.19-18.21.47:617][ 73]LogModuleManager: Shutting down and abandoning module SubversionSourceControl (90)
[2015.05.19-18.21.47:618][ 73]LogModuleManager: Shutting down and abandoning module PerforceSourceControl (89)
[2015.05.19-18.21.47:618][ 73]LogModuleManager: Shutting down and abandoning module SourceControl (88)
[2015.05.19-18.21.47:618][ 73]LogModuleManager: Shutting down and abandoning module GitSourceControl (87)
[2015.05.19-18.21.47:618][ 73]LogModuleManager: Shutting down and abandoning module BlankPlugin (86)
[2015.05.19-18.21.47:618][ 73]LogModuleManager: Shutting down and abandoning module PaperTiledImporter (85)
[2015.05.19-18.21.47:619][ 73]LogModuleManager: Shutting down and abandoning module PaperJsonImporter (84)
[2015.05.19-18.21.47:619][ 73]LogModuleManager: Shutting down and abandoning module ContentBrowser (83)
[2015.05.19-18.21.47:620][ 73]LogModuleManager: Shutting down and abandoning module Paper2DEditor (82)
[2015.05.19-18.21.47:620][ 73]LogModuleManager: Shutting down and abandoning module SpaceRace (81)
[2015.05.19-18.21.47:620][ 73]LogModuleManager: Shutting down and abandoning module ScriptPlugin (80)
[2015.05.19-18.21.47:620][ 73]LogModuleManager: Shutting down and abandoning module UdpMessaging (79)
[2015.05.19-18.21.47:721][ 73]LogModuleManager: Shutting down and abandoning module Paper2D (78)
[2015.05.19-18.21.47:721][ 73]LogModuleManager: Shutting down and abandoning module WindowsMoviePlayer (77)
[2015.05.19-18.21.47:723][ 73]LogModuleManager: Shutting down and abandoning module Media (76)
[2015.05.19-18.21.47:723][ 73]LogModuleManager: Shutting down and abandoning module WmfMedia (75)
[2015.05.19-18.21.47:724][ 73]LogModuleManager: Shutting down and abandoning module OnlineBlueprintSupport (74)
[2015.05.19-18.21.47:724][ 73]LogModuleManager: Shutting down and abandoning module PropertyEditor (73)
[2015.05.19-18.21.47:725][ 73]LogModuleManager: Shutting down and abandoning module BehaviorTreeEditor (72)
[2015.05.19-18.21.47:725][ 73]LogModuleManager: Shutting down and abandoning module FunctionalTesting (71)
[2015.05.19-18.21.47:725][ 73]LogModuleManager: Shutting down and abandoning module CollisionAnalyzer (70)
[2015.05.19-18.21.47:725][ 73]LogModuleManager: Shutting down and abandoning module WorkspaceMenuStructure (69)
[2015.05.19-18.21.47:726][ 73]LogModuleManager: Shutting down and abandoning module MessageLog (68)
[2015.05.19-18.21.47:726][ 73]LogModuleManager: Shutting down and abandoning module Sequencer (67)
[2015.05.19-18.21.47:726][ 73]LogModuleManager: Shutting down and abandoning module AssetTools (66)
[2015.05.19-18.21.47:726][ 73]LogModuleManager: Shutting down and abandoning module UMGEditor (65)
[2015.05.19-18.21.47:727][ 73]LogModuleManager: Shutting down and abandoning module UMG (64)
[2015.05.19-18.21.47:727][ 73]LogModuleManager: Shutting down and abandoning module Slate (63)
[2015.05.19-18.21.47:727][ 73]LogModuleManager: Shutting down and abandoning module EditorStyle (62)
[2015.05.19-18.21.47:730][ 73]LogModuleManager: Shutting down and abandoning module SessionServices (61)
[2015.05.19-18.21.47:730][ 73]LogModuleManager: Shutting down and abandoning module SourceCodeAccess (60)
[2015.05.19-18.21.47:730][ 73]LogModuleManager: Shutting down and abandoning module HeadMountedDisplay (59)
[2015.05.19-18.21.47:730][ 73]LogModuleManager: Shutting down and abandoning module XAudio2 (58)
[2015.05.19-18.21.47:731][ 73]LogModuleManager: Shutting down and abandoning module Networking (56)
[2015.05.19-18.21.47:731][ 73]LogModuleManager: Shutting down and abandoning module Core (55)
[2015.05.19-18.21.47:731][ 73]LogModuleManager: Shutting down and abandoning module KismetCompiler (54)
[2015.05.19-18.21.47:731][ 73]LogModuleManager: Shutting down and abandoning module PhysXFormats (53)
[2015.05.19-18.21.47:731][ 73]LogModuleManager: Shutting down and abandoning module MeshUtilities (52)
[2015.05.19-18.21.47:732][ 73]LogModuleManager: Shutting down and abandoning module DerivedDataCache (51)
[2015.05.19-18.21.47:738][ 73]LogDerivedDataCache: Shutdown
[2015.05.19-18.21.47:738][ 73]LogModuleManager: Shutting down and abandoning module ShaderFormatOpenGL (50)
[2015.05.19-18.21.47:738][ 73]LogModuleManager: Shutting down and abandoning module ShaderFormatD3D (49)
[2015.05.19-18.21.47:739][ 73]LogModuleManager: Shutting down and abandoning module MetalShaderFormat (48)
[2015.05.19-18.21.47:739][ 73]LogModuleManager: Shutting down and abandoning module TextureFormatUncompressed (47)
[2015.05.19-18.21.47:739][ 73]LogModuleManager: Shutting down and abandoning module TextureFormatPVR (46)
[2015.05.19-18.21.47:739][ 73]LogModuleManager: Shutting down and abandoning module TextureFormatIntelISPCTexComp (45)
[2015.05.19-18.21.47:740][ 73]LogModuleManager: Shutting down and abandoning module TextureFormatDXT (44)
[2015.05.19-18.21.47:740][ 73]LogModuleManager: Shutting down and abandoning module ImageWrapper (43)
[2015.05.19-18.21.47:740][ 73]LogModuleManager: Shutting down and abandoning module TextureFormatASTC (42)
[2015.05.19-18.21.47:740][ 73]LogModuleManager: Shutting down and abandoning module TextureFormatAndroid (41)
[2015.05.19-18.21.47:740][ 73]LogModuleManager: Shutting down and abandoning module AudioFormatOpus (40)
[2015.05.19-18.21.47:741][ 73]LogModuleManager: Shutting down and abandoning module AudioFormatOgg (39)
[2015.05.19-18.21.47:741][ 73]LogModuleManager: Shutting down and abandoning module AudioFormatADPCM (38)
[2015.05.19-18.21.47:741][ 73]LogModuleManager: Shutting down and abandoning module LinuxTargetPlatform (37)
[2015.05.19-18.21.47:741][ 73]LogModuleManager: Shutting down and abandoning module LinuxServerTargetPlatform (36)
[2015.05.19-18.21.47:741][ 73]LogModuleManager: Shutting down and abandoning module LinuxNoEditorTargetPlatform (35)
[2015.05.19-18.21.47:742][ 73]LogModuleManager: Shutting down and abandoning module Messaging (34)
[2015.05.19-18.21.47:742][ 73]LogModuleManager: Shutting down and abandoning module IOSTargetPlatform (33)
[2015.05.19-18.21.47:742][ 73]LogModuleManager: Shutting down and abandoning module HTML5TargetPlatform (32)
[2015.05.19-18.21.47:742][ 73]LogModuleManager: Shutting down and abandoning module Android_PVRTCTargetPlatform (31)
[2015.05.19-18.21.47:742][ 73]LogModuleManager: Shutting down and abandoning module Android_ETC2TargetPlatform (30)
[2015.05.19-18.21.47:742][ 73]LogModuleManager: Shutting down and abandoning module Android_ETC1TargetPlatform (29)
[2015.05.19-18.21.47:743][ 73]LogModuleManager: Shutting down and abandoning module Android_ES31TargetPlatform (28)
[2015.05.19-18.21.47:743][ 73]LogModuleManager: Shutting down and abandoning module Android_DXTTargetPlatform (27)
[2015.05.19-18.21.47:743][ 73]LogModuleManager: Shutting down and abandoning module Android_ATCTargetPlatform (26)
[2015.05.19-18.21.47:743][ 73]LogModuleManager: Shutting down and abandoning module AndroidTargetPlatform (25)
[2015.05.19-18.21.47:743][ 73]LogModuleManager: Shutting down and abandoning module WindowsTargetPlatform (24)
[2015.05.19-18.21.47:744][ 73]LogModuleManager: Shutting down and abandoning module WindowsServerTargetPlatform (23)
[2015.05.19-18.21.47:744][ 73]LogModuleManager: Shutting down and abandoning module WindowsNoEditorTargetPlatform (22)
[2015.05.19-18.21.47:744][ 73]LogModuleManager: Shutting down and abandoning module WindowsClientTargetPlatform (21)
[2015.05.19-18.21.47:744][ 73]LogModuleManager: Shutting down and abandoning module TargetPlatform (20)
[2015.05.19-18.21.47:744][ 73]LogModuleManager: Shutting down and abandoning module InputCore (19)
[2015.05.19-18.21.47:745][ 73]LogModuleManager: Shutting down and abandoning module Settings (18)
[2015.05.19-18.21.47:745][ 73]LogModuleManager: Shutting down and abandoning module OnlineSubsystem (16)
[2015.05.19-18.21.47:745][ 73]LogModuleManager: Shutting down and abandoning module OculusRift (15)
[2015.05.19-18.21.47:745][ 73]LogModuleManager: Shutting down and abandoning module ExampleDeviceProfileSelector (14)
[2015.05.19-18.21.47:746][ 73]LogModuleManager: Shutting down and abandoning module TextureCompressor (13)
[2015.05.19-18.21.47:746][ 73]LogModuleManager: Shutting down and abandoning module ShaderCore (12)
[2015.05.19-18.21.47:746][ 73]LogModuleManager: Shutting down and abandoning module Landscape (11)
[2015.05.19-18.21.47:746][ 73]LogModuleManager: Shutting down and abandoning module SlateRHIRenderer (10)
[2015.05.19-18.21.47:748][ 73]LogModuleManager: Shutting down and abandoning module OpenGLDrv (9)
[2015.05.19-18.21.47:748][ 73]LogModuleManager: Shutting down and abandoning module D3D11RHI (8)
[2015.05.19-18.21.47:748][ 73]LogModuleManager: Shutting down and abandoning module Renderer (7)
[2015.05.19-18.21.47:749][ 73]LogModuleManager: Shutting down and abandoning module Engine (6)
[2015.05.19-18.21.47:749][ 73]LogModuleManager: Shutting down and abandoning module CoreUObject (5)
[2015.05.19-18.21.47:749][ 73]LogModuleManager: Shutting down and abandoning module NetworkFile (4)
[2015.05.19-18.21.47:749][ 73]LogModuleManager: Shutting down and abandoning module StreamingFile (3)
[2015.05.19-18.21.47:749][ 73]LogModuleManager: Shutting down and abandoning module SandboxFile (2)
[2015.05.19-18.21.47:750][ 73]LogModuleManager: Shutting down and abandoning module PakFile (1)
[2015.05.19-18.21.47:753][ 73]LogExit: Exiting.
[2015.05.19-18.21.47:763][ 73]Log file closed, 05/20/15 04:21:47
