Log file open, 05/15/15 14:52:56
LogInit:Display: Running engine for game: SpaceRace
LogInit:Warning: Incompatible or missing module: UE4Editor-SpaceRace.dll
Running C:/Program Files/Epic Games/4.7/Engine/Binaries/DotNET/UnrealBuildTool.exe SpaceRace Development Win64 -project="C:/Users/Michael Herbert/Documents/GitHub/SpaceRace/SpaceRace.uproject" -rocket -editorrecompile -progress
Parsing headers for SpaceRaceEditor
Reflection code generated for SpaceRaceEditor
Performing 7 actions (4 in parallel)
[3/7] Resource SpaceRace.rc
[2/7] Resource ModuleVersionResource.rc.inl
PCH.SpaceRace.SpaceRace.h.cpp
SpaceRace.generated.cpp
SpaceRace.cpp
test.cpp
[7/7] Link UE4Editor-SpaceRace.dll
   Creating library C:\Users\Michael Herbert\Documents\GitHub\SpaceRace\Intermediate\Build\Win64\SpaceRaceEditor\Development\UE4Editor-SpaceRace.lib and object C:\Users\Michael Herbert\Documents\GitHub\SpaceRace\Intermediate\Build\Win64\SpaceRaceEditor\Development\UE4Editor-SpaceRace.exp
-------- End Detailed Actions Stats -----------------------------------------------------------
Cumulative action seconds (8 processors): 0.00 building projects, 23.20 compiling, 0.00 creating app bundles, 0.00 generating debug info, 0.90 linking, 0.00 other
UBT execution time: 32.95 seconds
LogInit: Version: 4.7.6-2513093+++depot+UE4-Releases+4.7
LogInit: API Version: 2455222
LogInit: Compiled (64-bit): Apr 15 2015 12:09:54
LogInit: Compiled with Visual C++: 18.00.21005.01
LogInit: Build Configuration: Development
LogInit: Branch Name: ++depot+UE4-Releases+4.7
LogInit: Command line:  
LogInit: Base directory: C:/Program Files/Epic Games/4.7/Engine/Binaries/Win64/
LogInit: Rocket: 1
[2015.05.15-04.53.33:364][  0]LogTaskGraph: Started task graph with 3 named threads and 6 total threads.
[2015.05.15-04.53.33:414][  0]LogOnline:Warning: No default platform service specified for OnlineSubsystem
[2015.05.15-04.53.33:451][  0]LogInit: Presizing for 0 objects not considered by GC, pre-allocating 0 bytes.
[2015.05.15-04.53.33:462][  0]LogInit: Object subsystem initialized
[2015.05.15-04.53.33:468][  0]LogConsoleResponse:Warning: Skipping Unknown console variable: 'TranslucentSortAxis = (X=0.000000,Y=-1.000000,Z=0.000000)'
[2015.05.15-04.53.33:468][  0]LogConsoleResponse:Warning:   Found in ini file 'C:/Users/Michael Herbert/Documents/GitHub/SpaceRace/Saved/Config/Windows/Engine.ini', in section '[/Script/Engine.RendererSettings]'
[2015.05.15-04.53.33:468][  0]LogConsoleResponse:Warning: Skipping Unknown console variable: 'UIScaleRule = ShortestSide'
[2015.05.15-04.53.33:468][  0]LogConsoleResponse:Warning:   Found in ini file 'C:/Users/Michael Herbert/Documents/GitHub/SpaceRace/Saved/Config/Windows/Engine.ini', in section '[/Script/Engine.RendererSettings]'
[2015.05.15-04.53.33:468][  0]LogConsoleResponse:Warning: Skipping Unknown console variable: 'UIScaleCurve = (EditorCurveData=(Keys=),ExternalCurve=None)'
[2015.05.15-04.53.33:468][  0]LogConsoleResponse:Warning:   Found in ini file 'C:/Users/Michael Herbert/Documents/GitHub/SpaceRace/Saved/Config/Windows/Engine.ini', in section '[/Script/Engine.RendererSettings]'
[2015.05.15-04.53.33:472][  0]LogInit: Selected Device Profile: [Windows]
[2015.05.15-04.53.33:472][  0]LogInit: Applying CVar settings loaded from the selected device profile: [Windows]
[2015.05.15-04.53.33:478][  0]LogInit: Computer: MICHAELHERBERT
[2015.05.15-04.53.33:478][  0]LogInit: User: MichaelHerbert
[2015.05.15-04.53.33:478][  0]LogInit: CPU Page size=4096, Cores=4
[2015.05.15-04.53.33:478][  0]LogInit: High frequency timer resolution =3.515664 MHz
[2015.05.15-04.53.33:478][  0]LogMemory: Memory total: Physical=15.9GB (16GB approx) Virtual=8192.0GB
[2015.05.15-04.53.33:479][  0]LogMemory: Platform Memory Stats for Windows
[2015.05.15-04.53.33:479][  0]LogMemory: Process Physical Memory: 52.94 MB used, 52.94 MB peak
[2015.05.15-04.53.33:479][  0]LogMemory: Process Virtual Memory: 30.40 MB used, 30.41 MB peak
[2015.05.15-04.53.33:479][  0]LogMemory: Physical Memory: 5987.43 MB used, 16244.83 MB total
[2015.05.15-04.53.33:479][  0]LogMemory: Virtual Memory: 358.45 MB used, 8388608.00 MB total
[2015.05.15-04.53.33:504][  0]LogD3D11RHI: Found D3D11 adapter 0: Intel(R) HD Graphics 4600 (Feature Level 11_0)
[2015.05.15-04.53.33:504][  0]LogD3D11RHI: Adapter has 64MB of dedicated video memory, 0MB of dedicated system memory, and 1632MB of shared system memory, 1 output[s]
[2015.05.15-04.53.33:504][  0]LogD3D11RHI: Chosen D3D11 Adapter Id = 0
[2015.05.15-04.53.33:509][  0]LogRHI: Texture pool is 616 MB (70% of 880 MB)
[2015.05.15-04.53.33:515][  0]LogD3D11RHI: Async texture creation enabled
[2015.05.15-04.53.33:615][  0]LogTextLocalizationManager: The requested culture ('en_AU') has no localization data; parent culture's ('en') localization data will be used.
[2015.05.15-04.53.33:668][  0]LogTextLocalizationManager:Warning: Loading localization resources contain conflicting entries for (Namespace:UICommands, Key:Save_ToolTip):
Resource: (C:/Program Files/Epic Games/4.7/Engine/Content/Localization/Editor/en/Editor.locres) Hash: (-29098895) String: (Saves the current level to disk)
Resource: (C:/Program Files/Epic Games/4.7/Engine/Content/Localization/Engine/en/Engine.locres) Hash: (-1280300587) String: (Save selected data to vlog file)
[2015.05.15-04.53.33:668][  0]LogTextLocalizationManager:Warning: Loading localization resources contain conflicting entries for (Namespace:ContentBrowser, Key:ImportAssetToolTip):
Resource: (C:/Program Files/Epic Games/4.7/Engine/Content/Localization/Editor/en/Editor.locres) Hash: (-630476809) String: (Import to {0}...)
Resource: (C:/Program Files/Epic Games/4.7/Engine/Content/Localization/Editor/en/Editor.locres) Hash: (1271782899) String: (Imports an asset from file to this folder.)
[2015.05.15-04.53.33:740][  0]LogContentStreaming: Texture pool size is 0.000000MB
[2015.05.15-04.53.36:068][  0]LogTargetPlatformManager:Display: Building Assets For Windows
[2015.05.15-04.53.36:600][  0]LogTargetPlatformManager:Display: Building Assets For Windows
[2015.05.15-04.53.36:658][  0]LogDerivedDataCache:Display: Max Cache Size: 512 MB
[2015.05.15-04.53.36:769][  0]LogDerivedDataCache: Loaded boot cache 0.11s 39MB C:/Users/Michael Herbert/AppData/Local/UnrealEngine/4.7/DerivedDataCache/Boot.ddc.
[2015.05.15-04.53.36:769][  0]LogDerivedDataCache:Display: Loaded Boot cache: C:/Users/Michael Herbert/AppData/Local/UnrealEngine/4.7/DerivedDataCache/Boot.ddc
[2015.05.15-04.53.36:769][  0]LogDerivedDataCache: FDerivedDataBackendGraph:  Pak pak cache file ../../../../../../Users/Michael Herbert/Documents/GitHub/SpaceRace/DerivedDataCache/DDC.ddp not found, will not use a pak cache.
[2015.05.15-04.53.36:769][  0]LogDerivedDataCache: Unable to find inner node Pak for hierarchical cache Hierarchy.
[2015.05.15-04.53.36:892][  0]LogDerivedDataCache:Display: Pak cache opened for reading ../../../Engine/DerivedDataCache/Compressed.ddp.
[2015.05.15-04.53.36:903][  0]LogDerivedDataCache: Using Local data cache path C:/Users/Michael Herbert/AppData/Local/UnrealEngine/Common/DerivedDataCache: Writable
[2015.05.15-04.53.37:406][  0]LogMeshUtilities: No automatic mesh reduction module available
[2015.05.15-04.53.37:406][  0]LogMeshUtilities: No automatic mesh merging module available
[2015.05.15-04.53.37:935][  0]LogInit: WinSock: version 1.1 (2.2), MaxSocks=32767, MaxUdp=65467
[2015.05.15-04.53.38:021][  0]LogSlate:Warning: Failed to load font data from '../../../Engine/Content/Slate/Fonts/Roboto-Italic.ttf'
[2015.05.15-04.53.39:047][  0]UdpMessaging: Initializing bridge on interface 0.0.0.0:0 to multicast group 230.0.0.1:6666.
[2015.05.15-04.53.39:262][  0]SourceControl: Info Source control is disabled
[2015.05.15-04.53.39:262][  0]SourceControl: Info Source control is disabled
[2015.05.15-04.53.39:262][  0]SourceControl: Info Source control is disabled
[2015.05.15-04.53.39:262][  0]LogSourceControl: RunCommandInternalRaw: 'git version'
[2015.05.15-04.53.39:262][  0]LogSourceControl: RunCommandInternalRaw: ExecProcess ReturnCode=2 OutResults=''
[2015.05.15-04.53.39:271][  0]SourceControl: Info Source control is disabled
[2015.05.15-04.53.39:458][  0]LogObj: 24236 objects as part of root set at end of initial load.
[2015.05.15-04.53.39:458][  0]LogUObjectAllocator: 5138808 out of 0 bytes used by permanent object pool.
[2015.05.15-04.53.39:556][  0]LogEngine: Initializing Engine...
[2015.05.15-04.53.41:724][  0]LogInit: XAudio2 using 'Speakers (Realtek High Definition Audio)' : 2 channels at 48 kHz using 32 bits per sample (channel mask 0x3)
[2015.05.15-04.53.41:732][  0]LogInit: FAudioDevice initialized.
[2015.05.15-04.53.41:785][  0]LogAIModule: Creating AISystem for world NewWorld
[2015.05.15-04.53.41:803][  0]LogDerivedDataCache: Saved boot cache 0.02s 39MB C:/Users/Michael Herbert/AppData/Local/UnrealEngine/4.7/DerivedDataCache/Boot.ddc.
[2015.05.15-04.53.41:806][  0]LogInit: Texture streaming: Enabled
[2015.05.15-04.53.41:916][  0]LogAnalytics: Creating configured Analytics provider AnalyticsET
[2015.05.15-04.53.41:916][  0]LogAnalytics: ET APIKey = Rocket.Release. APIServer = http://et2.epicgames.com/ET2/. AppVersion = 4.7.6-2513093+++depot+UE4-Releases+4.7
[2015.05.15-04.53.41:916][  0]LogAnalytics: ET APIKey = Rocket.Release. DataRouterUploadURL = https://datarouter-public-service-gamedev.ol.epicgames.net/datarouter/api/v1/public/data. AppVersion = 4.7.6-2513093+++depot+UE4-Releases+4.7
[2015.05.15-04.53.41:916][  0]LogAnalytics: SetUserId 0f88b27845e758115f4ad7ad96ed6ef6|51fe2412c8b74b02bd802614c621f646|4b488e6f-c617-4327-aaf9-74763d8f78d1
[2015.05.15-04.53.41:916][  0]LogAnalytics: AnalyticsET::StartSession [Rocket.Release]
[2015.05.15-04.53.41:942][  0]LogInit: Transaction tracking system initialized
[2015.05.15-04.53.42:194][  0]BlueprintLog: New page: Editor Load
[2015.05.15-04.53.42:229][  0]LogAssetRegistry: FAssetRegistry took 0.0100 seconds to start up
[2015.05.15-04.53.42:229][  0]LogDirectoryWatcher:Warning: Failed to begin reading directory changes for ../../../Engine/Plugins/Experimental/CharacterAI/Content/. Error: 0
[2015.05.15-04.53.42:882][  0]LogTargetPlatformManager:Display: Building Assets For Windows
[2015.05.15-04.53.43:286][  0]LogTargetPlatformManager:Display: Building Assets For Windows
[2015.05.15-04.53.43:636][  0]LogSlate:Warning: Failed to load font data from '../../../Engine/Content/Editor/Slate/Fonts/Roboto-Regular.ttf'
[2015.05.15-04.53.43:637][  0]LogSlate:Warning: Failed to load font data from '../../../Engine/Content/Editor/Slate/Fonts/Roboto-Bold.ttf'
[2015.05.15-04.53.43:685][  0]LogConsoleResponse:Display: 
[2015.05.15-04.53.43:846][  0]LogCook:Display: Done creating registry. It took  0.00s.
[2015.05.15-04.53.44:041][  0]SourceControl: Info Source control is disabled
[2015.05.15-04.53.44:042][  0]Cmd: MAP LOAD FILE="../../../../../../Users/Michael Herbert/Documents/GitHub/SpaceRace/Content/EndlessRunner/Maps/2DSideScrollerExampleMap.umap" TEMPLATE=0 SHOWPROGRESS=1 FEATURELEVEL=3
[2015.05.15-04.53.44:044][  0]LightingResults: New page: Lighting Build
[2015.05.15-04.53.44:056][  0]MapCheck: New page: Map Check
[2015.05.15-04.53.44:056][  0]LightingResults: New page: Lighting Build
[2015.05.15-04.53.44:066][  0]LogParticles: Destroying 0 GPU particle simulations for FXSystem 0x000000001847E980
[2015.05.15-04.53.47:511][  0]LogEditorServer: Finished looking for orphan Actors (0.000 secs)
[2015.05.15-04.53.47:512][  0]LogAIModule: Creating AISystem for world 2DSideScrollerExampleMap
[2015.05.15-04.53.47:513][  0]Cmd: MAP CHECKDEP
[2015.05.15-04.53.47:513][  0]MapCheck: New page: 2DSideScrollerExampleMap - 16 May 2015 12:53:47 am
[2015.05.15-04.53.47:664][  0]MapCheck:Warning: Warning Sprite0 PaperFlipbookComponent /Game/EndlessRunner/Maps/2DSideScrollerExampleMap.2DSideScrollerExampleMap:PersistentLevel.ShipCharacter_C_0.Sprite0 : Externally referenced 
[2015.05.15-04.53.47:664][  0]MapCheck:Warning: Warning PaperSprite PaperSpriteComponent /Game/EndlessRunner/Maps/2DSideScrollerExampleMap.2DSideScrollerExampleMap:PersistentLevel.BP_Coin_C_2199.PaperSprite : Externally referenced 
[2015.05.15-04.53.47:664][  0]MapCheck:Warning: Warning PaperSprite PaperSpriteComponent /Game/EndlessRunner/Maps/2DSideScrollerExampleMap.2DSideScrollerExampleMap:PersistentLevel.BP_Coin_C_2200.PaperSprite : Externally referenced 
[2015.05.15-04.53.47:665][  0]MapCheck:Warning: Warning PaperSprite PaperSpriteComponent /Game/EndlessRunner/Maps/2DSideScrollerExampleMap.2DSideScrollerExampleMap:PersistentLevel.BP_Coin_C_2201.PaperSprite : Externally referenced 
[2015.05.15-04.53.47:665][  0]MapCheck:Warning: Warning PaperSprite PaperSpriteComponent /Game/EndlessRunner/Maps/2DSideScrollerExampleMap.2DSideScrollerExampleMap:PersistentLevel.BP_Coin_C_2202.PaperSprite : Externally referenced 
[2015.05.15-04.53.47:665][  0]MapCheck:Warning: Warning PaperSprite PaperSpriteComponent /Game/EndlessRunner/Maps/2DSideScrollerExampleMap.2DSideScrollerExampleMap:PersistentLevel.BP_Coin_C_2203.PaperSprite : Externally referenced 
[2015.05.15-04.53.47:665][  0]MapCheck:Warning: Warning PaperSprite PaperSpriteComponent /Game/EndlessRunner/Maps/2DSideScrollerExampleMap.2DSideScrollerExampleMap:PersistentLevel.BP_Coin_C_2204.PaperSprite : Externally referenced 
[2015.05.15-04.53.47:665][  0]MapCheck:Warning: Warning PaperSprite PaperSpriteComponent /Game/EndlessRunner/Maps/2DSideScrollerExampleMap.2DSideScrollerExampleMap:PersistentLevel.BP_Coin_C_2205.PaperSprite : Externally referenced 
[2015.05.15-04.53.47:665][  0]MapCheck:Warning: Warning PaperSprite PaperSpriteComponent /Game/EndlessRunner/Maps/2DSideScrollerExampleMap.2DSideScrollerExampleMap:PersistentLevel.BP_Coin_C_2206.PaperSprite : Externally referenced 
[2015.05.15-04.53.47:665][  0]MapCheck:Warning: Warning PaperSprite PaperSpriteComponent /Game/EndlessRunner/Maps/2DSideScrollerExampleMap.2DSideScrollerExampleMap:PersistentLevel.BP_Coin_C_2207.PaperSprite : Externally referenced 
[2015.05.15-04.53.47:665][  0]MapCheck:Warning: Warning PaperSprite PaperSpriteComponent /Game/EndlessRunner/Maps/2DSideScrollerExampleMap.2DSideScrollerExampleMap:PersistentLevel.BP_Coin_C_2208.PaperSprite : Externally referenced 
[2015.05.15-04.53.47:665][  0]MapCheck:Warning: Warning PaperSprite PaperSpriteComponent /Game/EndlessRunner/Maps/2DSideScrollerExampleMap.2DSideScrollerExampleMap:PersistentLevel.BP_Coin_C_2209.PaperSprite : Externally referenced 
[2015.05.15-04.53.47:665][  0]MapCheck:Warning: Warning PaperSprite PaperSpriteComponent /Game/EndlessRunner/Maps/2DSideScrollerExampleMap.2DSideScrollerExampleMap:PersistentLevel.BP_Coin_C_1023.PaperSprite : Externally referenced 
[2015.05.15-04.53.47:665][  0]MapCheck:Warning: Warning PaperSprite PaperSpriteComponent /Game/EndlessRunner/Maps/2DSideScrollerExampleMap.2DSideScrollerExampleMap:PersistentLevel.BP_Coin_C_1024.PaperSprite : Externally referenced 
[2015.05.15-04.53.47:665][  0]MapCheck:Warning: Warning PaperSprite PaperSpriteComponent /Game/EndlessRunner/Maps/2DSideScrollerExampleMap.2DSideScrollerExampleMap:PersistentLevel.BP_Coin_C_1025.PaperSprite : Externally referenced 
[2015.05.15-04.53.47:665][  0]MapCheck:Warning: Warning PaperSprite PaperSpriteComponent /Game/EndlessRunner/Maps/2DSideScrollerExampleMap.2DSideScrollerExampleMap:PersistentLevel.BP_Coin_C_1026.PaperSprite : Externally referenced 
[2015.05.15-04.53.47:665][  0]MapCheck:Warning: Warning PaperSprite PaperSpriteComponent /Game/EndlessRunner/Maps/2DSideScrollerExampleMap.2DSideScrollerExampleMap:PersistentLevel.BP_Coin_C_1027.PaperSprite : Externally referenced 
[2015.05.15-04.53.47:665][  0]MapCheck:Warning: Warning PaperSprite PaperSpriteComponent /Game/EndlessRunner/Maps/2DSideScrollerExampleMap.2DSideScrollerExampleMap:PersistentLevel.BP_Coin_C_1028.PaperSprite : Externally referenced 
[2015.05.15-04.53.47:666][  0]MapCheck:Warning: Warning PaperSprite PaperSpriteComponent /Game/EndlessRunner/Maps/2DSideScrollerExampleMap.2DSideScrollerExampleMap:PersistentLevel.BP_Coin_C_1029.PaperSprite : Externally referenced 
[2015.05.15-04.53.47:666][  0]MapCheck:Warning: Warning PaperSprite PaperSpriteComponent /Game/EndlessRunner/Maps/2DSideScrollerExampleMap.2DSideScrollerExampleMap:PersistentLevel.BP_Coin_C_1030.PaperSprite : Externally referenced 
[2015.05.15-04.53.47:666][  0]MapCheck:Warning: Warning PaperSprite PaperSpriteComponent /Game/EndlessRunner/Maps/2DSideScrollerExampleMap.2DSideScrollerExampleMap:PersistentLevel.BP_Coin_C_1031.PaperSprite : Externally referenced 
[2015.05.15-04.53.47:666][  0]MapCheck:Warning: Warning PaperSprite PaperSpriteComponent /Game/EndlessRunner/Maps/2DSideScrollerExampleMap.2DSideScrollerExampleMap:PersistentLevel.BP_Coin_C_1032.PaperSprite : Externally referenced 
[2015.05.15-04.53.47:666][  0]MapCheck:Warning: Warning PaperSprite PaperSpriteComponent /Game/EndlessRunner/Maps/2DSideScrollerExampleMap.2DSideScrollerExampleMap:PersistentLevel.BP_Coin_C_1033.PaperSprite : Externally referenced 
[2015.05.15-04.53.47:666][  0]MapCheck:Warning: Warning PaperSprite PaperSpriteComponent /Game/EndlessRunner/Maps/2DSideScrollerExampleMap.2DSideScrollerExampleMap:PersistentLevel.BP_Coin_C_550.PaperSprite : Externally referenced 
[2015.05.15-04.53.47:666][  0]MapCheck:Warning: Warning PaperSprite PaperSpriteComponent /Game/EndlessRunner/Maps/2DSideScrollerExampleMap.2DSideScrollerExampleMap:PersistentLevel.BP_Coin_C_551.PaperSprite : Externally referenced 
[2015.05.15-04.53.47:666][  0]MapCheck:Warning: Warning PaperSprite PaperSpriteComponent /Game/EndlessRunner/Maps/2DSideScrollerExampleMap.2DSideScrollerExampleMap:PersistentLevel.BP_Coin_C_552.PaperSprite : Externally referenced 
[2015.05.15-04.53.47:667][  0]MapCheck:Warning: Warning PaperSprite PaperSpriteComponent /Game/EndlessRunner/Maps/2DSideScrollerExampleMap.2DSideScrollerExampleMap:PersistentLevel.BP_Coin_C_553.PaperSprite : Externally referenced 
[2015.05.15-04.53.47:667][  0]MapCheck:Warning: Warning PaperSprite PaperSpriteComponent /Game/EndlessRunner/Maps/2DSideScrollerExampleMap.2DSideScrollerExampleMap:PersistentLevel.BP_Coin_C_554.PaperSprite : Externally referenced 
[2015.05.15-04.53.47:667][  0]MapCheck:Warning: Warning PaperSprite PaperSpriteComponent /Game/EndlessRunner/Maps/2DSideScrollerExampleMap.2DSideScrollerExampleMap:PersistentLevel.BP_Coin_C_555.PaperSprite : Externally referenced 
[2015.05.15-04.53.47:667][  0]MapCheck:Warning: Warning PaperSprite PaperSpriteComponent /Game/EndlessRunner/Maps/2DSideScrollerExampleMap.2DSideScrollerExampleMap:PersistentLevel.BP_Coin_C_556.PaperSprite : Externally referenced 
[2015.05.15-04.53.47:668][  0]MapCheck:Warning: Warning PaperSprite PaperSpriteComponent /Game/EndlessRunner/Maps/2DSideScrollerExampleMap.2DSideScrollerExampleMap:PersistentLevel.BP_Coin_C_557.PaperSprite : Externally referenced 
[2015.05.15-04.53.47:668][  0]MapCheck:Warning: Warning PaperSprite PaperSpriteComponent /Game/EndlessRunner/Maps/2DSideScrollerExampleMap.2DSideScrollerExampleMap:PersistentLevel.BP_Coin_C_558.PaperSprite : Externally referenced 
[2015.05.15-04.53.47:668][  0]MapCheck:Warning: Warning PaperSprite PaperSpriteComponent /Game/EndlessRunner/Maps/2DSideScrollerExampleMap.2DSideScrollerExampleMap:PersistentLevel.BP_Coin_C_559.PaperSprite : Externally referenced 
[2015.05.15-04.53.47:668][  0]MapCheck:Warning: Warning PaperSprite PaperSpriteComponent /Game/EndlessRunner/Maps/2DSideScrollerExampleMap.2DSideScrollerExampleMap:PersistentLevel.BP_Coin_C_560.PaperSprite : Externally referenced 
[2015.05.15-04.53.47:668][  0]MapCheck:Warning: Warning PaperSprite PaperSpriteComponent /Game/EndlessRunner/Maps/2DSideScrollerExampleMap.2DSideScrollerExampleMap:PersistentLevel.BP_StartLevel_416.PaperSprite : Externally referenced 
[2015.05.15-04.53.47:668][  0]MapCheck:Warning: Warning PaperSprite PaperSpriteComponent /Game/EndlessRunner/Maps/2DSideScrollerExampleMap.2DSideScrollerExampleMap:PersistentLevel.BP_MidLevel_263.PaperSprite : Externally referenced 
[2015.05.15-04.53.47:668][  0]MapCheck:Warning: Warning PaperSprite PaperSpriteComponent /Game/EndlessRunner/Maps/2DSideScrollerExampleMap.2DSideScrollerExampleMap:PersistentLevel.LargeAsteroid_114.PaperSprite : Externally referenced 
[2015.05.15-04.53.47:668][  0]MapCheck:Warning: Warning RightEdge PaperSpriteComponent /Game/EndlessRunner/Maps/2DSideScrollerExampleMap.2DSideScrollerExampleMap:PersistentLevel.Gameplay_Screen_C_0.RightEdge : Externally referenced 
[2015.05.15-04.53.47:669][  0]MapCheck:Warning: Warning LeftEdge PaperSpriteComponent /Game/EndlessRunner/Maps/2DSideScrollerExampleMap.2DSideScrollerExampleMap:PersistentLevel.Gameplay_Screen_C_0.LeftEdge : Externally referenced 
[2015.05.15-04.53.47:669][  0]MapCheck:Warning: Warning TopEdge PaperSpriteComponent /Game/EndlessRunner/Maps/2DSideScrollerExampleMap.2DSideScrollerExampleMap:PersistentLevel.Gameplay_Screen_C_0.TopEdge : Externally referenced 
[2015.05.15-04.53.47:669][  0]MapCheck:Warning: Warning BottomEdge PaperSpriteComponent /Game/EndlessRunner/Maps/2DSideScrollerExampleMap.2DSideScrollerExampleMap:PersistentLevel.Gameplay_Screen_C_0.BottomEdge : Externally referenced 
[2015.05.15-04.53.47:669][  0]MapCheck:Warning: Warning PaperFlipbook PaperFlipbookComponent /Game/EndlessRunner/Maps/2DSideScrollerExampleMap.2DSideScrollerExampleMap:PersistentLevel.BP_Coin3_127.PaperFlipbook : Externally referenced 
[2015.05.15-04.53.47:669][  0]MapCheck:Warning: Warning PaperFlipbook PaperFlipbookComponent /Game/EndlessRunner/Maps/2DSideScrollerExampleMap.2DSideScrollerExampleMap:PersistentLevel.BP_Coin4_258.PaperFlipbook : Externally referenced 
[2015.05.15-04.53.47:669][  0]MapCheck:Warning: Warning PaperFlipbook PaperFlipbookComponent /Game/EndlessRunner/Maps/2DSideScrollerExampleMap.2DSideScrollerExampleMap:PersistentLevel.BP_Coin5_377.PaperFlipbook : Externally referenced 
[2015.05.15-04.53.47:669][  0]MapCheck:Warning: Warning PaperFlipbook PaperFlipbookComponent /Game/EndlessRunner/Maps/2DSideScrollerExampleMap.2DSideScrollerExampleMap:PersistentLevel.BP_Coin6_576.PaperFlipbook : Externally referenced 
[2015.05.15-04.53.47:669][  0]MapCheck:Warning: Warning PaperFlipbook PaperFlipbookComponent /Game/EndlessRunner/Maps/2DSideScrollerExampleMap.2DSideScrollerExampleMap:PersistentLevel.BP_Coin7_707.PaperFlipbook : Externally referenced 
[2015.05.15-04.53.47:669][  0]MapCheck:Warning: Warning PaperFlipbook PaperFlipbookComponent /Game/EndlessRunner/Maps/2DSideScrollerExampleMap.2DSideScrollerExampleMap:PersistentLevel.BP_Coin8_846.PaperFlipbook : Externally referenced 
[2015.05.15-04.53.47:669][  0]MapCheck:Warning: Warning PaperFlipbook PaperFlipbookComponent /Game/EndlessRunner/Maps/2DSideScrollerExampleMap.2DSideScrollerExampleMap:PersistentLevel.BP_Coin9_961.PaperFlipbook : Externally referenced 
[2015.05.15-04.53.47:669][  0]MapCheck:Warning: Warning PaperFlipbook PaperFlipbookComponent /Game/EndlessRunner/Maps/2DSideScrollerExampleMap.2DSideScrollerExampleMap:PersistentLevel.BP_Coin10_1092.PaperFlipbook : Externally referenced 
[2015.05.15-04.53.47:669][  0]MapCheck:Warning: Warning PaperFlipbook PaperFlipbookComponent /Game/EndlessRunner/Maps/2DSideScrollerExampleMap.2DSideScrollerExampleMap:PersistentLevel.BP_Coin11_1239.PaperFlipbook : Externally referenced 
[2015.05.15-04.53.47:670][  0]MapCheck:Warning: Warning PaperFlipbook PaperFlipbookComponent /Game/EndlessRunner/Maps/2DSideScrollerExampleMap.2DSideScrollerExampleMap:PersistentLevel.BP_Coin12_1430.PaperFlipbook : Externally referenced 
[2015.05.15-04.53.47:670][  0]MapCheck: Info Map check complete: 0 Error(s), 51 Warning(s), took 156.163ms to complete.
[2015.05.15-04.53.47:679][  0]LogFileHelpers: Loading map '2DSideScrollerExampleMap' took 3.637
[2015.05.15-04.53.47:862][  0]LogCollectionManager: Loaded 0 collections in 0.003916 seconds
[2015.05.15-04.53.47:879][  0]LogContentBrowser: Native class hierarchy populated in 0.0169 seconds. Added 1697 classes and 263 folders.
[2015.05.15-04.53.47:923][  0]LogContentBrowser: Native class hierarchy updated for 'SceneOutliner' in 0.0035 seconds. Added 1 classes and 2 folders.
[2015.05.15-04.53.48:006][  0]LogCrashTracker: Crashtracker disabled due to settings.
[2015.05.15-04.53.48:009][  0]LogSlate:Warning: Failed to load font data from 'Veranda'
[2015.05.15-04.53.48:016][  0]LogUObjectGlobals:Warning: Failed to find object 'Class None.'
[2015.05.15-04.53.48:049][  0]LogLoad: Full Startup: 52.79 seconds (BP compile: 1.35 seconds)
[2015.05.15-04.53.48:083][  0]LogContentBrowser:Verbose: The content browser source was changed by the sources view to '/Game/EndlessRunner/Blueprints'
[2015.05.15-04.53.48:275][  0]LogRenderer:Warning: Reallocating scene render targets to support 1312x656 (Frame:2).
[2015.05.15-04.53.49:071][  5]LogAssetRegistry: Asset discovery search completed in 6.8518 seconds
[2015.05.15-05.00.52:450][174]LogRenderer:Warning: Reallocating scene render targets to support 1312x1024 (Frame:40).
[2015.05.15-05.01.32:951][254]LogUObjectGlobals:Warning: Failed to find object 'Object None.'
[2015.05.15-05.01.32:972][254]LogUObjectGlobals:Warning: Failed to find object 'Object None.'
[2015.05.15-05.01.32:973][254]LogUObjectGlobals:Warning: Failed to find object 'Object None.'
[2015.05.15-05.01.33:592][280]LogUObjectGlobals:Warning: Failed to find object 'Object None.'
[2015.05.15-05.01.33:614][280]LogUObjectGlobals:Warning: Failed to find object 'Object None.'
[2015.05.15-05.01.33:615][280]LogUObjectGlobals:Warning: Failed to find object 'Object None.'
[2015.05.15-05.01.42:767][689]LogUObjectGlobals:Warning: Failed to find object 'Object None.'
[2015.05.15-05.01.42:790][689]LogUObjectGlobals:Warning: Failed to find object 'Object None.'
[2015.05.15-05.01.42:790][689]LogUObjectGlobals:Warning: Failed to find object 'Object None.'
[2015.05.15-05.01.43:193][706]LogUObjectGlobals:Warning: Failed to find object 'Object None.'
[2015.05.15-05.01.43:216][706]LogUObjectGlobals:Warning: Failed to find object 'Object None.'
[2015.05.15-05.01.43:217][706]LogUObjectGlobals:Warning: Failed to find object 'Object None.'
[2015.05.15-05.01.43:592][722]LogUObjectGlobals:Warning: Failed to find object 'Object None.'
[2015.05.15-05.01.43:623][722]LogUObjectGlobals:Warning: Failed to find object 'Object None.'
[2015.05.15-05.01.43:624][722]LogUObjectGlobals:Warning: Failed to find object 'Object None.'
[2015.05.15-05.01.44:033][740]LogUObjectGlobals:Warning: Failed to find object 'Object None.'
[2015.05.15-05.01.44:077][740]LogUObjectGlobals:Warning: Failed to find object 'Object None.'
[2015.05.15-05.01.44:077][740]LogUObjectGlobals:Warning: Failed to find object 'Object None.'
[2015.05.15-05.01.44:436][755]LogUObjectGlobals:Warning: Failed to find object 'Object None.'
[2015.05.15-05.01.44:458][755]LogUObjectGlobals:Warning: Failed to find object 'Object None.'
[2015.05.15-05.01.44:459][755]LogUObjectGlobals:Warning: Failed to find object 'Object None.'
[2015.05.15-05.02.53:201][419]LogEditorTransaction: Undo Make New Scene Root
[2015.05.15-05.03.48:311][783]LogFileHelpers: Editor autosave (incl. sublevels) for '/Game/EndlessRunner/Maps/2DSideScrollerExampleMap' took 0.086
[2015.05.15-05.03.48:352][783]OBJ SavePackage: Generating thumbnails for [0] asset(s) in package [/Game/EndlessRunner/Blueprints/Wave15] ([1] browsable assets)...
[2015.05.15-05.03.48:357][783]OBJ SavePackage: Finished generating thumbnails for package [/Game/EndlessRunner/Blueprints/Wave15]
[2015.05.15-05.03.48:528][783]LogSavePackage: Save=143.871262ms
[2015.05.15-05.03.48:529][783]LogSavePackage: Moving '../../../../../../Users/Michael Herbert/Documents/GitHub/SpaceRace/Saved/Wave15_Auto1CC83D8C544E1676B3F2ACEB8BB15C6D7.tmp' to '../../../../../../Users/Michael Herbert/Documents/GitHub/SpaceRace/Saved/Autosaves/Game/EndlessRunner/Blueprints/Wave15_Auto1.uasset'
[2015.05.15-05.03.48:535][783]LogFileHelpers: Auto-saving content packages took 0.224
[2015.05.15-05.06.46:361][489]BlueprintLog: New page: Compile Wave15
[2015.05.15-05.06.46:483][489]BlueprintEditorCompileResults: Info [0831.21] Compile of Wave15 successful! [in 121 ms]
[2015.05.15-05.07.17:285][678]LogEditorViewport: Clicking Background
[2015.05.15-05.07.17:770][724]LogEditorViewport: Clicking on Actor (LMB): BP_Coin_C (BP_Coin2203)
[2015.05.15-05.07.17:876][728]LogEditorViewport: Clicking on Actor (double click): BP_Coin_C (BP_Coin2203)
[2015.05.15-05.07.23:130][134]LogEditorViewport: Clicking on Actor (LMB): BP_StartLevel_C (BP_StartLevel)
[2015.05.15-05.07.24:712][251]LogEditorViewport: Clicking on Actor (LMB): ShipCharacter_C (2DSideScrollerCharacter)
[2015.05.15-05.13.51:773][559]LogFileHelpers: Editor autosave (incl. sublevels) for '/Game/EndlessRunner/Maps/2DSideScrollerExampleMap' took 0.041
[2015.05.15-05.13.51:814][559]OBJ SavePackage: Generating thumbnails for [0] asset(s) in package [/Game/EndlessRunner/Blueprints/Wave15] ([1] browsable assets)...
[2015.05.15-05.13.51:864][559]OBJ SavePackage: Finished generating thumbnails for package [/Game/EndlessRunner/Blueprints/Wave15]
[2015.05.15-05.13.52:518][559]LogSavePackage: Save=595.564880ms
[2015.05.15-05.13.52:535][559]LogSavePackage: Moving '../../../../../../Users/Michael Herbert/Documents/GitHub/SpaceRace/Saved/Wave15_Auto2FD1F741A4C73F2270CCE459AB47CE6D2.tmp' to '../../../../../../Users/Michael Herbert/Documents/GitHub/SpaceRace/Saved/Autosaves/Game/EndlessRunner/Blueprints/Wave15_Auto2.uasset'
[2015.05.15-05.13.52:627][559]LogFileHelpers: Auto-saving content packages took 0.854
[2015.05.15-07.01.48:759][929]Cmd: OBJ SAVEPACKAGE PACKAGE="/Game/EndlessRunner/Blueprints/Wave15" FILE="../../../../../../Users/Michael Herbert/Documents/GitHub/SpaceRace/Content/EndlessRunner/Blueprints/Wave15.uasset" SILENT=true
[2015.05.15-07.01.48:845][929]LogSavePackage: Save=64.534042ms
[2015.05.15-07.01.48:845][929]LogSavePackage: Moving '../../../../../../Users/Michael Herbert/Documents/GitHub/SpaceRace/Saved/Wave156F52476D47915475F3C610B43DC76F34.tmp' to '../../../../../../Users/Michael Herbert/Documents/GitHub/SpaceRace/Content/EndlessRunner/Blueprints/Wave15.uasset'
[2015.05.15-07.07.27:628][405]LogEditorTransaction: Undo Modify Component(s)
[2015.05.15-07.07.35:974][835]LogFileHelpers: Editor autosave (incl. sublevels) for '/Game/EndlessRunner/Maps/2DSideScrollerExampleMap' took 0.036
[2015.05.15-07.07.36:008][835]OBJ SavePackage: Generating thumbnails for [0] asset(s) in package [/Game/EndlessRunner/Blueprints/Wave15] ([1] browsable assets)...
[2015.05.15-07.07.36:025][835]OBJ SavePackage: Finished generating thumbnails for package [/Game/EndlessRunner/Blueprints/Wave15]
[2015.05.15-07.07.36:183][835]LogSavePackage: Save=141.054428ms
[2015.05.15-07.07.36:183][835]LogSavePackage: Moving '../../../../../../Users/Michael Herbert/Documents/GitHub/SpaceRace/Saved/Wave15_Auto307C43BE54F3DDB881C9B008622864398.tmp' to '../../../../../../Users/Michael Herbert/Documents/GitHub/SpaceRace/Saved/Autosaves/Game/EndlessRunner/Blueprints/Wave15_Auto3.uasset'
[2015.05.15-07.07.36:220][835]OBJ SavePackage: Generating thumbnails for [1] asset(s) in package [/Game/EndlessRunner/Blueprints/Wave11] ([1] browsable assets)...
[2015.05.15-07.07.36:247][835]OBJ SavePackage:     Rendered thumbnail for [Blueprint /Game/EndlessRunner/Blueprints/Wave11.Wave11]
[2015.05.15-07.07.36:247][835]OBJ SavePackage: Finished generating thumbnails for package [/Game/EndlessRunner/Blueprints/Wave11]
[2015.05.15-07.07.36:662][835]LogSavePackage: Save=392.567657ms
[2015.05.15-07.07.36:663][835]LogSavePackage: Moving '../../../../../../Users/Michael Herbert/Documents/GitHub/SpaceRace/Saved/Wave11_Auto36086486A4BAE9406B7ACB5BB9BD770E2.tmp' to '../../../../../../Users/Michael Herbert/Documents/GitHub/SpaceRace/Saved/Autosaves/Game/EndlessRunner/Blueprints/Wave11_Auto3.uasset'
[2015.05.15-07.07.36:667][835]LogFileHelpers: Auto-saving content packages took 0.692
[2015.05.15-07.08.46:658][370]BlueprintLog: New page: Compile Wave11
[2015.05.15-07.08.46:778][370]BlueprintEditorCompileResults: Info [8151.42] Compile of Wave11 successful! [in 119 ms]
[2015.05.15-07.13.10:018][845]Cmd: QUIT_EDITOR
[2015.05.15-07.13.10:242][845]LogExit: Preparing to exit.
[2015.05.15-07.13.10:627][845]LogActorComponent: UnregisterComponent: (None.PaperSpriteComponent_21) Not registered. Aborting.
[2015.05.15-07.13.10:627][845]LogActorComponent: UnregisterComponent: (None.PaperSpriteComponent_17) Not registered. Aborting.
[2015.05.15-07.13.10:649][845]LogExit: Editor shut down
[2015.05.15-07.13.10:649][845]LogExit: Transaction tracking system shut down
[2015.05.15-07.13.10:657][845]LogParticles: Destroying 0 GPU particle simulations for FXSystem 0x000000001D6A60C0
[2015.05.15-07.13.10:657][845]LogParticles: Destroying 0 GPU particle simulations for FXSystem 0x0000000023537240
[2015.05.15-07.13.10:657][845]LogParticles: Destroying 0 GPU particle simulations for FXSystem 0x00000000235949A0
[2015.05.15-07.13.10:657][845]LogParticles: Destroying 0 GPU particle simulations for FXSystem 0x00000000231628E0
[2015.05.15-07.13.10:659][845]LogParticles: Destroying 0 GPU particle simulations for FXSystem 0x000000001AE3E7A0
[2015.05.15-07.13.10:659][845]LogParticles: Destroying 0 GPU particle simulations for FXSystem 0x0000000012EE7880
[2015.05.15-07.13.10:659][845]LogParticles: Destroying 0 GPU particle simulations for FXSystem 0x000000001356CFE0
[2015.05.15-07.13.10:717][845]LogExit: Object subsystem successfully closed.
[2015.05.15-07.13.10:766][845]LogModuleManager: Shutting down and abandoning module CrashTracker (178)
[2015.05.15-07.13.10:766][845]LogModuleManager: Shutting down and abandoning module SuperSearch (177)
[2015.05.15-07.13.10:766][845]LogModuleManager: Shutting down and abandoning module SceneOutliner (176)
[2015.05.15-07.13.10:766][845]LogModuleManager: Shutting down and abandoning module EditorWidgets (175)
[2015.05.15-07.13.10:766][845]LogModuleManager: Shutting down and abandoning module CollectionManager (174)
[2015.05.15-07.13.10:766][845]LogModuleManager: Shutting down and abandoning module StatsViewer (173)
[2015.05.15-07.13.10:766][845]LogModuleManager: Shutting down and abandoning module FoliageEdit (172)
[2015.05.15-07.13.10:766][845]LogModuleManager: Shutting down and abandoning module LandscapeEditor (171)
[2015.05.15-07.13.10:767][845]LogModuleManager: Shutting down and abandoning module MeshPaint (170)
[2015.05.15-07.13.10:767][845]LogModuleManager: Shutting down and abandoning module ActorPickerMode (169)
[2015.05.15-07.13.10:767][845]LogModuleManager: Shutting down and abandoning module GeometryMode (168)
[2015.05.15-07.13.10:767][845]LogModuleManager: Shutting down and abandoning module TextureAlignMode (167)
[2015.05.15-07.13.10:767][845]LogModuleManager: Shutting down and abandoning module BspMode (166)
[2015.05.15-07.13.10:767][845]LogModuleManager: Shutting down and abandoning module PlacementMode (165)
[2015.05.15-07.13.10:767][845]LogModuleManager: Shutting down and abandoning module AutomationWorker (164)
[2015.05.15-07.13.10:767][845]LogModuleManager: Shutting down and abandoning module CharacterAI (163)
[2015.05.15-07.13.10:767][845]LogModuleManager: Shutting down and abandoning module SmartSnapping (162)
[2015.05.15-07.13.10:767][845]LogModuleManager: Shutting down and abandoning module ViewportSnapping (161)
[2015.05.15-07.13.10:767][845]LogModuleManager: Shutting down and abandoning module LogVisualizer (160)
[2015.05.15-07.13.10:767][845]LogModuleManager: Shutting down and abandoning module GameProjectGeneration (159)
[2015.05.15-07.13.10:767][845]LogModuleManager: Shutting down and abandoning module IntroTutorials (158)
[2015.05.15-07.13.10:767][845]LogModuleManager: Shutting down and abandoning module EditorLiveStreaming (157)
[2015.05.15-07.13.10:767][845]LogModuleManager: Shutting down and abandoning module HardwareTargeting (156)
[2015.05.15-07.13.10:767][845]LogModuleManager: Shutting down and abandoning module DeviceProfileEditor (155)
[2015.05.15-07.13.10:767][845]LogModuleManager: Shutting down and abandoning module UndoHistory (154)
[2015.05.15-07.13.10:767][845]LogModuleManager: Shutting down and abandoning module GameplayTagsEditor (153)
[2015.05.15-07.13.10:767][845]LogModuleManager: Shutting down and abandoning module UserFeedback (152)
[2015.05.15-07.13.10:767][845]LogModuleManager: Shutting down and abandoning module XmlParser (151)
[2015.05.15-07.13.10:767][845]LogModuleManager: Shutting down and abandoning module Blutility (150)
[2015.05.15-07.13.10:767][845]LogModuleManager: Shutting down and abandoning module IOSPlatformEditor (149)
[2015.05.15-07.13.10:767][845]LogModuleManager: Shutting down and abandoning module IOSRuntimeSettings (148)
[2015.05.15-07.13.10:767][845]LogModuleManager: Shutting down and abandoning module AndroidDeviceDetection (147)
[2015.05.15-07.13.10:866][845]LogModuleManager: Shutting down and abandoning module AndroidPlatformEditor (146)
[2015.05.15-07.13.10:866][845]LogModuleManager: Shutting down and abandoning module AndroidRuntimeSettings (145)
[2015.05.15-07.13.10:866][845]LogModuleManager: Shutting down and abandoning module ProjectTargetPlatformEditor (144)
[2015.05.15-07.13.10:866][845]LogModuleManager: Shutting down and abandoning module ProjectSettingsViewer (143)
[2015.05.15-07.13.10:866][845]LogModuleManager: Shutting down and abandoning module InputBindingEditor (142)
[2015.05.15-07.13.10:866][845]LogModuleManager: Shutting down and abandoning module EditorSettingsViewer (141)
[2015.05.15-07.13.10:866][845]LogModuleManager: Shutting down and abandoning module SettingsEditor (140)
[2015.05.15-07.13.10:866][845]LogModuleManager: Shutting down and abandoning module ProjectLauncher (139)
[2015.05.15-07.13.10:866][845]LogModuleManager: Shutting down and abandoning module SessionFrontend (138)
[2015.05.15-07.13.10:866][845]LogModuleManager: Shutting down and abandoning module ProfilerClient (137)
[2015.05.15-07.13.10:866][845]LogModuleManager: Shutting down and abandoning module TargetDeviceServices (136)
[2015.05.15-07.13.10:866][845]LogModuleManager: Shutting down and abandoning module DeviceManager (135)
[2015.05.15-07.13.10:866][845]LogModuleManager: Shutting down and abandoning module AutomationController (134)
[2015.05.15-07.13.10:869][845]LogModuleManager: Shutting down and abandoning module AutomationWindow (133)
[2015.05.15-07.13.10:869][845]LogModuleManager: Shutting down and abandoning module Layers (132)
[2015.05.15-07.13.10:870][845]LogModuleManager: Shutting down and abandoning module ComponentVisualizers (131)
[2015.05.15-07.13.10:870][845]LogModuleManager: Shutting down and abandoning module DetailCustomizations (130)
[2015.05.15-07.13.10:870][845]LogModuleManager: Shutting down and abandoning module PackagesDialog (129)
[2015.05.15-07.13.10:870][845]LogModuleManager: Shutting down and abandoning module AssetRegistry (128)
[2015.05.15-07.13.10:926][845]LogModuleManager: Shutting down and abandoning module Persona (127)
[2015.05.15-07.13.10:927][845]LogModuleManager: Shutting down and abandoning module SlateReflector (126)
[2015.05.15-07.13.10:927][845]LogModuleManager: Shutting down and abandoning module LevelEditor (125)
[2015.05.15-07.13.10:928][845]LogModuleManager: Shutting down and abandoning module Kismet (124)
[2015.05.15-07.13.10:928][845]LogModuleManager: Shutting down and abandoning module GraphEditor (123)
[2015.05.15-07.13.10:928][845]LogModuleManager: Shutting down and abandoning module ClassViewer (122)
[2015.05.15-07.13.10:928][845]LogModuleManager: Shutting down and abandoning module Toolbox (121)
[2015.05.15-07.13.10:928][845]LogModuleManager: Shutting down and abandoning module ModuleUI (120)
[2015.05.15-07.13.10:928][845]LogModuleManager: Shutting down and abandoning module MovieSceneTools (119)
[2015.05.15-07.13.10:928][845]LogModuleManager: Shutting down and abandoning module OutputLog (118)
[2015.05.15-07.13.10:928][845]LogModuleManager: Shutting down and abandoning module GammaUI (117)
[2015.05.15-07.13.10:928][845]LogModuleManager: Shutting down and abandoning module Documentation (116)
[2015.05.15-07.13.10:928][845]LogModuleManager: Shutting down and abandoning module GameLiveStreaming (115)
[2015.05.15-07.13.10:928][845]LogModuleManager: Shutting down and abandoning module StreamingPauseRendering (114)
[2015.05.15-07.13.10:928][845]LogModuleManager: Shutting down and abandoning module HTTP (113)
[2015.05.15-07.13.10:929][845]LogModuleManager: Shutting down and abandoning module AnalyticsET (112)
[2015.05.15-07.13.10:929][845]LogModuleManager: Shutting down and abandoning module Analytics (111)
[2015.05.15-07.13.10:929][845]LogModuleManager: Shutting down and abandoning module AITestSuite (110)
[2015.05.15-07.13.10:929][845]LogModuleManager: Shutting down and abandoning module GameplayDebugger (109)
[2015.05.15-07.13.10:929][845]LogModuleManager: Shutting down and abandoning module AIModule (108)
[2015.05.15-07.13.10:929][845]LogModuleManager: Shutting down and abandoning module ProfilerService (107)
[2015.05.15-07.13.11:053][845]LogModuleManager: Shutting down and abandoning module TaskGraph (106)
[2015.05.15-07.13.11:053][845]LogModuleManager: Shutting down and abandoning module SlateRemote (105)
[2015.05.15-07.13.11:053][845]LogModuleManager: Shutting down and abandoning module ScriptEditorPlugin (104)
[2015.05.15-07.13.11:053][845]LogModuleManager: Shutting down and abandoning module CustomMeshComponent (103)
[2015.05.15-07.13.11:053][845]LogModuleManager: Shutting down and abandoning module CableComponent (102)
[2015.05.15-07.13.11:053][845]LogModuleManager: Shutting down and abandoning module MessagingDebugger (101)
[2015.05.15-07.13.11:054][845]LogModuleManager: Shutting down and abandoning module MediaPlayerEditor (100)
[2015.05.15-07.13.11:054][845]LogModuleManager: Shutting down and abandoning module SpeedTreeImporter (99)
[2015.05.15-07.13.11:054][845]LogModuleManager: Shutting down and abandoning module PluginsEditor (98)
[2015.05.15-07.13.11:054][845]LogModuleManager: Shutting down and abandoning module MainFrame (97)
[2015.05.15-07.13.11:054][845]LogModuleManager: Shutting down and abandoning module EpicSurvey (96)
[2015.05.15-07.13.11:054][845]LogModuleManager: Shutting down and abandoning module DirectoryWatcher (95)
[2015.05.15-07.13.11:055][845]LogModuleManager: Shutting down and abandoning module HotReload (94)
[2015.05.15-07.13.11:055][845]LogModuleManager: Shutting down and abandoning module VisualStudioSourceCodeAccess (93)
[2015.05.15-07.13.11:055][845]LogModuleManager: Shutting down and abandoning module UObjectPlugin (92)
[2015.05.15-07.13.11:055][845]LogModuleManager: Shutting down and abandoning module SubversionSourceControl (91)
[2015.05.15-07.13.11:055][845]LogModuleManager: Shutting down and abandoning module PerforceSourceControl (90)
[2015.05.15-07.13.11:055][845]LogModuleManager: Shutting down and abandoning module SourceControl (89)
[2015.05.15-07.13.11:055][845]LogModuleManager: Shutting down and abandoning module GitSourceControl (88)
[2015.05.15-07.13.11:055][845]LogModuleManager: Shutting down and abandoning module BlankPlugin (87)
[2015.05.15-07.13.11:055][845]LogModuleManager: Shutting down and abandoning module PaperTiledImporter (86)
[2015.05.15-07.13.11:055][845]LogModuleManager: Shutting down and abandoning module PaperJsonImporter (85)
[2015.05.15-07.13.11:055][845]LogModuleManager: Shutting down and abandoning module ContentBrowser (84)
[2015.05.15-07.13.11:056][845]LogModuleManager: Shutting down and abandoning module Paper2DEditor (83)
[2015.05.15-07.13.11:056][845]LogModuleManager: Shutting down and abandoning module SpaceRace (82)
[2015.05.15-07.13.11:056][845]LogModuleManager: Shutting down and abandoning module ScriptPlugin (81)
[2015.05.15-07.13.11:056][845]LogModuleManager: Shutting down and abandoning module UdpMessaging (80)
[2015.05.15-07.13.11:156][845]LogModuleManager: Shutting down and abandoning module Paper2D (79)
[2015.05.15-07.13.11:156][845]LogModuleManager: Shutting down and abandoning module WindowsMoviePlayer (78)
[2015.05.15-07.13.11:157][845]LogModuleManager: Shutting down and abandoning module Media (77)
[2015.05.15-07.13.11:157][845]LogModuleManager: Shutting down and abandoning module WmfMedia (76)
[2015.05.15-07.13.11:157][845]LogModuleManager: Shutting down and abandoning module OnlineBlueprintSupport (75)
[2015.05.15-07.13.11:157][845]LogModuleManager: Shutting down and abandoning module PropertyEditor (74)
[2015.05.15-07.13.11:157][845]LogModuleManager: Shutting down and abandoning module BehaviorTreeEditor (73)
[2015.05.15-07.13.11:159][845]LogModuleManager: Shutting down and abandoning module FunctionalTesting (72)
[2015.05.15-07.13.11:159][845]LogModuleManager: Shutting down and abandoning module CollisionAnalyzer (71)
[2015.05.15-07.13.11:159][845]LogModuleManager: Shutting down and abandoning module WorkspaceMenuStructure (70)
[2015.05.15-07.13.11:159][845]LogModuleManager: Shutting down and abandoning module MessageLog (69)
[2015.05.15-07.13.11:159][845]LogModuleManager: Shutting down and abandoning module Sequencer (68)
[2015.05.15-07.13.11:160][845]LogModuleManager: Shutting down and abandoning module AssetTools (67)
[2015.05.15-07.13.11:160][845]LogModuleManager: Shutting down and abandoning module UMGEditor (66)
[2015.05.15-07.13.11:160][845]LogModuleManager: Shutting down and abandoning module UMG (65)
[2015.05.15-07.13.11:160][845]LogModuleManager: Shutting down and abandoning module Slate (64)
[2015.05.15-07.13.11:160][845]LogModuleManager: Shutting down and abandoning module EditorStyle (63)
[2015.05.15-07.13.11:163][845]LogModuleManager: Shutting down and abandoning module SessionServices (62)
[2015.05.15-07.13.11:163][845]LogModuleManager: Shutting down and abandoning module SourceCodeAccess (61)
[2015.05.15-07.13.11:163][845]LogModuleManager: Shutting down and abandoning module HeadMountedDisplay (60)
[2015.05.15-07.13.11:163][845]LogModuleManager: Shutting down and abandoning module XAudio2 (59)
[2015.05.15-07.13.11:163][845]LogModuleManager: Shutting down and abandoning module Networking (57)
[2015.05.15-07.13.11:163][845]LogModuleManager: Shutting down and abandoning module Core (56)
[2015.05.15-07.13.11:163][845]LogModuleManager: Shutting down and abandoning module KismetCompiler (55)
[2015.05.15-07.13.11:163][845]LogModuleManager: Shutting down and abandoning module PhysXFormats (54)
[2015.05.15-07.13.11:163][845]LogModuleManager: Shutting down and abandoning module MeshUtilities (53)
[2015.05.15-07.13.11:163][845]LogModuleManager: Shutting down and abandoning module DerivedDataCache (52)
[2015.05.15-07.13.11:255][845]LogDerivedDataCache: Shutdown
[2015.05.15-07.13.11:255][845]LogModuleManager: Shutting down and abandoning module ShaderFormatOpenGL (51)
[2015.05.15-07.13.11:255][845]LogModuleManager: Shutting down and abandoning module ShaderFormatD3D (50)
[2015.05.15-07.13.11:255][845]LogModuleManager: Shutting down and abandoning module MetalShaderFormat (49)
[2015.05.15-07.13.11:256][845]LogModuleManager: Shutting down and abandoning module TextureFormatUncompressed (48)
[2015.05.15-07.13.11:256][845]LogModuleManager: Shutting down and abandoning module TextureFormatPVR (47)
[2015.05.15-07.13.11:256][845]LogModuleManager: Shutting down and abandoning module TextureFormatIntelISPCTexComp (46)
[2015.05.15-07.13.11:256][845]LogModuleManager: Shutting down and abandoning module TextureFormatDXT (45)
[2015.05.15-07.13.11:256][845]LogModuleManager: Shutting down and abandoning module ImageWrapper (44)
[2015.05.15-07.13.11:256][845]LogModuleManager: Shutting down and abandoning module TextureFormatASTC (43)
[2015.05.15-07.13.11:256][845]LogModuleManager: Shutting down and abandoning module TextureFormatAndroid (42)
[2015.05.15-07.13.11:256][845]LogModuleManager: Shutting down and abandoning module AudioFormatOpus (41)
[2015.05.15-07.13.11:256][845]LogModuleManager: Shutting down and abandoning module AudioFormatOgg (40)
[2015.05.15-07.13.11:256][845]LogModuleManager: Shutting down and abandoning module AudioFormatADPCM (39)
[2015.05.15-07.13.11:256][845]LogModuleManager: Shutting down and abandoning module LinuxTargetPlatform (38)
[2015.05.15-07.13.11:256][845]LogModuleManager: Shutting down and abandoning module LinuxServerTargetPlatform (37)
[2015.05.15-07.13.11:256][845]LogModuleManager: Shutting down and abandoning module LinuxNoEditorTargetPlatform (36)
[2015.05.15-07.13.11:256][845]LogModuleManager: Shutting down and abandoning module Messaging (35)
[2015.05.15-07.13.11:256][845]LogModuleManager: Shutting down and abandoning module IOSTargetPlatform (34)
[2015.05.15-07.13.11:256][845]LogModuleManager: Shutting down and abandoning module HTML5TargetPlatform (33)
[2015.05.15-07.13.11:256][845]LogModuleManager: Shutting down and abandoning module Android_PVRTCTargetPlatform (32)
[2015.05.15-07.13.11:256][845]LogModuleManager: Shutting down and abandoning module Android_ETC2TargetPlatform (31)
[2015.05.15-07.13.11:256][845]LogModuleManager: Shutting down and abandoning module Android_ETC1TargetPlatform (30)
[2015.05.15-07.13.11:256][845]LogModuleManager: Shutting down and abandoning module Android_ES31TargetPlatform (29)
[2015.05.15-07.13.11:256][845]LogModuleManager: Shutting down and abandoning module Android_DXTTargetPlatform (28)
[2015.05.15-07.13.11:256][845]LogModuleManager: Shutting down and abandoning module Android_ATCTargetPlatform (27)
[2015.05.15-07.13.11:256][845]LogModuleManager: Shutting down and abandoning module AndroidTargetPlatform (26)
[2015.05.15-07.13.11:256][845]LogModuleManager: Shutting down and abandoning module WindowsTargetPlatform (25)
[2015.05.15-07.13.11:256][845]LogModuleManager: Shutting down and abandoning module WindowsServerTargetPlatform (24)
[2015.05.15-07.13.11:256][845]LogModuleManager: Shutting down and abandoning module WindowsNoEditorTargetPlatform (23)
[2015.05.15-07.13.11:256][845]LogModuleManager: Shutting down and abandoning module WindowsClientTargetPlatform (22)
[2015.05.15-07.13.11:256][845]LogModuleManager: Shutting down and abandoning module TargetPlatform (21)
[2015.05.15-07.13.11:256][845]LogModuleManager: Shutting down and abandoning module InputCore (20)
[2015.05.15-07.13.11:256][845]LogModuleManager: Shutting down and abandoning module Settings (19)
[2015.05.15-07.13.11:256][845]LogModuleManager: Shutting down and abandoning module OnlineSubsystem (17)
[2015.05.15-07.13.11:256][845]LogModuleManager: Shutting down and abandoning module OculusRift (16)
[2015.05.15-07.13.11:256][845]LogModuleManager: Shutting down and abandoning module ExampleDeviceProfileSelector (15)
[2015.05.15-07.13.11:256][845]LogModuleManager: Shutting down and abandoning module DesktopPlatform (14)
[2015.05.15-07.13.11:256][845]LogModuleManager: Shutting down and abandoning module TextureCompressor (13)
[2015.05.15-07.13.11:256][845]LogModuleManager: Shutting down and abandoning module ShaderCore (12)
[2015.05.15-07.13.11:256][845]LogModuleManager: Shutting down and abandoning module Landscape (11)
[2015.05.15-07.13.11:256][845]LogModuleManager: Shutting down and abandoning module SlateRHIRenderer (10)
[2015.05.15-07.13.11:258][845]LogModuleManager: Shutting down and abandoning module OpenGLDrv (9)
[2015.05.15-07.13.11:258][845]LogModuleManager: Shutting down and abandoning module D3D11RHI (8)
[2015.05.15-07.13.11:258][845]LogModuleManager: Shutting down and abandoning module Renderer (7)
[2015.05.15-07.13.11:258][845]LogModuleManager: Shutting down and abandoning module Engine (6)
[2015.05.15-07.13.11:258][845]LogModuleManager: Shutting down and abandoning module CoreUObject (5)
[2015.05.15-07.13.11:258][845]LogModuleManager: Shutting down and abandoning module NetworkFile (4)
[2015.05.15-07.13.11:258][845]LogModuleManager: Shutting down and abandoning module StreamingFile (3)
[2015.05.15-07.13.11:258][845]LogModuleManager: Shutting down and abandoning module SandboxFile (2)
[2015.05.15-07.13.11:258][845]LogModuleManager: Shutting down and abandoning module PakFile (1)
[2015.05.15-07.13.11:259][845]LogExit: Exiting.
[2015.05.15-07.13.11:262][845]Log file closed, 05/15/15 17:13:11
