Log file open, 05/14/15 18:14:36
LogInit:Display: Running engine for game: SpaceRace
LogInit:Warning: Incompatible or missing module: UE4Editor-SpaceRace.dll
Running C:/Program Files/Epic Games/4.7/Engine/Binaries/DotNET/UnrealBuildTool.exe SpaceRace Development Win64 -project="C:/Users/Michael Herbert/Documents/GitHub/SpaceRace/SpaceRace.uproject" -rocket -editorrecompile -progress
Parsing headers for SpaceRaceEditor
LogExit: Preparing to exit.
LogModuleManager: Shutting down and abandoning module DesktopPlatform (14)
LogModuleManager: Shutting down and abandoning module TextureCompressor (13)
LogModuleManager: Shutting down and abandoning module ShaderCore (12)
LogModuleManager: Shutting down and abandoning module Landscape (11)
LogModuleManager: Shutting down and abandoning module SlateRHIRenderer (10)
LogModuleManager: Shutting down and abandoning module OpenGLDrv (9)
LogModuleManager: Shutting down and abandoning module D3D11RHI (8)
LogModuleManager: Shutting down and abandoning module Renderer (7)
LogModuleManager: Shutting down and abandoning module Engine (6)
LogModuleManager: Shutting down and abandoning module CoreUObject (5)
LogModuleManager: Shutting down and abandoning module NetworkFile (4)
LogModuleManager: Shutting down and abandoning module StreamingFile (3)
LogModuleManager: Shutting down and abandoning module SandboxFile (2)
LogModuleManager: Shutting down and abandoning module PakFile (1)
LogExit: Exiting.
Log file closed, 05/14/15 18:14:43
