Log file open, 05/12/15 16:31:56
LogInit:Display: Running engine for game: SpaceRace
LogInit: Version: 4.7.6-2513093+++depot+UE4-Releases+4.7
LogInit: API Version: 2455222
LogInit: Compiled (64-bit): Apr 15 2015 12:09:54
LogInit: Compiled with Visual C++: 18.00.21005.01
LogInit: Build Configuration: Development
LogInit: Branch Name: ++depot+UE4-Releases+4.7
LogInit: Command line:  
LogInit: Base directory: C:/Program Files/Epic Games/4.7/Engine/Binaries/Win64/
LogInit: Rocket: 1
[2015.05.12-06.31.56:362][  0]LogTaskGraph: Started task graph with 3 named threads and 6 total threads.
[2015.05.12-06.31.56:411][  0]LogOnline:Warning: No default platform service specified for OnlineSubsystem
[2015.05.12-06.31.56:421][  0]LogInit: Presizing for 0 objects not considered by GC, pre-allocating 0 bytes.
[2015.05.12-06.31.56:428][  0]LogInit: Object subsystem initialized
[2015.05.12-06.31.56:429][  0]LogConsoleResponse:Warning: Skipping Unknown console variable: 'TranslucentSortAxis = (X=0.000000,Y=-1.000000,Z=0.000000)'
[2015.05.12-06.31.56:429][  0]LogConsoleResponse:Warning:   Found in ini file 'C:/Users/Michael Herbert/Documents/GitHub/SpaceRace/Saved/Config/Windows/Engine.ini', in section '[/Script/Engine.RendererSettings]'
[2015.05.12-06.31.56:430][  0]LogConsoleResponse:Warning: Skipping Unknown console variable: 'UIScaleRule = ShortestSide'
[2015.05.12-06.31.56:430][  0]LogConsoleResponse:Warning:   Found in ini file 'C:/Users/Michael Herbert/Documents/GitHub/SpaceRace/Saved/Config/Windows/Engine.ini', in section '[/Script/Engine.RendererSettings]'
[2015.05.12-06.31.56:430][  0]LogConsoleResponse:Warning: Skipping Unknown console variable: 'UIScaleCurve = (EditorCurveData=(Keys=),ExternalCurve=None)'
[2015.05.12-06.31.56:430][  0]LogConsoleResponse:Warning:   Found in ini file 'C:/Users/Michael Herbert/Documents/GitHub/SpaceRace/Saved/Config/Windows/Engine.ini', in section '[/Script/Engine.RendererSettings]'
[2015.05.12-06.31.56:430][  0]LogInit: Selected Device Profile: [Windows]
[2015.05.12-06.31.56:430][  0]LogInit: Applying CVar settings loaded from the selected device profile: [Windows]
[2015.05.12-06.31.56:435][  0]LogInit: Computer: MICHAELHERBERT
[2015.05.12-06.31.56:435][  0]LogInit: User: MichaelHerbert
[2015.05.12-06.31.56:435][  0]LogInit: CPU Page size=4096, Cores=4
[2015.05.12-06.31.56:435][  0]LogInit: High frequency timer resolution =3.515673 MHz
[2015.05.12-06.31.56:435][  0]LogMemory: Memory total: Physical=15.9GB (16GB approx) Virtual=8192.0GB
[2015.05.12-06.31.56:435][  0]LogMemory: Platform Memory Stats for Windows
[2015.05.12-06.31.56:435][  0]LogMemory: Process Physical Memory: 51.06 MB used, 51.06 MB peak
[2015.05.12-06.31.56:435][  0]LogMemory: Process Virtual Memory: 30.02 MB used, 30.03 MB peak
[2015.05.12-06.31.56:435][  0]LogMemory: Physical Memory: 5447.78 MB used, 16244.83 MB total
[2015.05.12-06.31.56:435][  0]LogMemory: Virtual Memory: 351.72 MB used, 8388608.00 MB total
[2015.05.12-06.31.56:453][  0]LogD3D11RHI: Found D3D11 adapter 0: Intel(R) HD Graphics 4600 (Feature Level 11_0)
[2015.05.12-06.31.56:453][  0]LogD3D11RHI: Adapter has 64MB of dedicated video memory, 0MB of dedicated system memory, and 1632MB of shared system memory, 1 output[s]
[2015.05.12-06.31.56:453][  0]LogD3D11RHI: Chosen D3D11 Adapter Id = 0
[2015.05.12-06.31.56:458][  0]LogRHI: Texture pool is 616 MB (70% of 880 MB)
[2015.05.12-06.31.56:464][  0]LogD3D11RHI: Async texture creation enabled
[2015.05.12-06.31.56:507][  0]LogTextLocalizationManager: The requested culture ('en_AU') has no localization data; parent culture's ('en') localization data will be used.
[2015.05.12-06.31.56:560][  0]LogTextLocalizationManager:Warning: Loading localization resources contain conflicting entries for (Namespace:UICommands, Key:Save_ToolTip):
Resource: (C:/Program Files/Epic Games/4.7/Engine/Content/Localization/Editor/en/Editor.locres) Hash: (-29098895) String: (Saves the current level to disk)
Resource: (C:/Program Files/Epic Games/4.7/Engine/Content/Localization/Engine/en/Engine.locres) Hash: (-1280300587) String: (Save selected data to vlog file)
[2015.05.12-06.31.56:560][  0]LogTextLocalizationManager:Warning: Loading localization resources contain conflicting entries for (Namespace:ContentBrowser, Key:ImportAssetToolTip):
Resource: (C:/Program Files/Epic Games/4.7/Engine/Content/Localization/Editor/en/Editor.locres) Hash: (-630476809) String: (Import to {0}...)
Resource: (C:/Program Files/Epic Games/4.7/Engine/Content/Localization/Editor/en/Editor.locres) Hash: (1271782899) String: (Imports an asset from file to this folder.)
[2015.05.12-06.31.56:639][  0]LogContentStreaming: Texture pool size is 0.000000MB
[2015.05.12-06.31.58:697][  0]LogTargetPlatformManager:Display: Building Assets For Windows
[2015.05.12-06.31.59:168][  0]LogTargetPlatformManager:Display: Building Assets For Windows
[2015.05.12-06.31.59:216][  0]LogDerivedDataCache:Display: Max Cache Size: 512 MB
[2015.05.12-06.31.59:268][  0]LogDerivedDataCache: Loaded boot cache 0.05s 39MB C:/Users/Michael Herbert/AppData/Local/UnrealEngine/4.7/DerivedDataCache/Boot.ddc.
[2015.05.12-06.31.59:268][  0]LogDerivedDataCache:Display: Loaded Boot cache: C:/Users/Michael Herbert/AppData/Local/UnrealEngine/4.7/DerivedDataCache/Boot.ddc
[2015.05.12-06.31.59:268][  0]LogDerivedDataCache: FDerivedDataBackendGraph:  Pak pak cache file ../../../../../../Users/Michael Herbert/Documents/GitHub/SpaceRace/DerivedDataCache/DDC.ddp not found, will not use a pak cache.
[2015.05.12-06.31.59:268][  0]LogDerivedDataCache: Unable to find inner node Pak for hierarchical cache Hierarchy.
[2015.05.12-06.31.59:379][  0]LogDerivedDataCache:Display: Pak cache opened for reading ../../../Engine/DerivedDataCache/Compressed.ddp.
[2015.05.12-06.31.59:390][  0]LogDerivedDataCache: Using Local data cache path C:/Users/Michael Herbert/AppData/Local/UnrealEngine/Common/DerivedDataCache: Writable
[2015.05.12-06.31.59:682][  0]LogMeshUtilities: No automatic mesh reduction module available
[2015.05.12-06.31.59:682][  0]LogMeshUtilities: No automatic mesh merging module available
[2015.05.12-06.32.00:056][  0]LogInit: WinSock: version 1.1 (2.2), MaxSocks=32767, MaxUdp=65467
[2015.05.12-06.32.00:123][  0]LogSlate:Warning: Failed to load font data from '../../../Engine/Content/Slate/Fonts/Roboto-Italic.ttf'
[2015.05.12-06.32.00:778][  0]UdpMessaging: Initializing bridge on interface 0.0.0.0:0 to multicast group 230.0.0.1:6666.
[2015.05.12-06.32.00:973][  0]SourceControl: Info Source control is disabled
[2015.05.12-06.32.00:973][  0]SourceControl: Info Source control is disabled
[2015.05.12-06.32.00:973][  0]SourceControl: Info Source control is disabled
[2015.05.12-06.32.00:973][  0]LogSourceControl: RunCommandInternalRaw: 'git version'
[2015.05.12-06.32.00:973][  0]LogSourceControl: RunCommandInternalRaw: ExecProcess ReturnCode=2 OutResults=''
[2015.05.12-06.32.00:980][  0]SourceControl: Info Source control is disabled
[2015.05.12-06.32.01:145][  0]LogObj: 24236 objects as part of root set at end of initial load.
[2015.05.12-06.32.01:145][  0]LogUObjectAllocator: 5138808 out of 0 bytes used by permanent object pool.
[2015.05.12-06.32.01:220][  0]LogEngine: Initializing Engine...
[2015.05.12-06.32.03:424][  0]LogInit: XAudio2 using 'Speakers (Realtek High Definition Audio)' : 2 channels at 48 kHz using 32 bits per sample (channel mask 0x3)
[2015.05.12-06.32.03:432][  0]LogInit: FAudioDevice initialized.
[2015.05.12-06.32.03:471][  0]LogAIModule: Creating AISystem for world NewWorld
[2015.05.12-06.32.03:494][  0]LogDerivedDataCache: Saved boot cache 0.02s 39MB C:/Users/Michael Herbert/AppData/Local/UnrealEngine/4.7/DerivedDataCache/Boot.ddc.
[2015.05.12-06.32.03:496][  0]LogInit: Texture streaming: Enabled
[2015.05.12-06.32.03:584][  0]LogAnalytics: Creating configured Analytics provider AnalyticsET
[2015.05.12-06.32.03:584][  0]LogAnalytics: ET APIKey = Rocket.Release. APIServer = http://et2.epicgames.com/ET2/. AppVersion = 4.7.6-2513093+++depot+UE4-Releases+4.7
[2015.05.12-06.32.03:584][  0]LogAnalytics: ET APIKey = Rocket.Release. DataRouterUploadURL = https://datarouter-public-service-gamedev.ol.epicgames.net/datarouter/api/v1/public/data. AppVersion = 4.7.6-2513093+++depot+UE4-Releases+4.7
[2015.05.12-06.32.03:584][  0]LogAnalytics: SetUserId 0f88b27845e758115f4ad7ad96ed6ef6|51fe2412c8b74b02bd802614c621f646|4b488e6f-c617-4327-aaf9-74763d8f78d1
[2015.05.12-06.32.03:584][  0]LogAnalytics: AnalyticsET::StartSession [Rocket.Release]
[2015.05.12-06.32.03:603][  0]LogInit: Transaction tracking system initialized
[2015.05.12-06.32.03:768][  0]BlueprintLog: New page: Editor Load
[2015.05.12-06.32.03:802][  0]LogAssetRegistry: FAssetRegistry took 0.0096 seconds to start up
[2015.05.12-06.32.03:802][  0]LogDirectoryWatcher:Warning: Failed to begin reading directory changes for ../../../Engine/Plugins/Experimental/CharacterAI/Content/. Error: 0
[2015.05.12-06.32.04:324][  0]LogTargetPlatformManager:Display: Building Assets For Windows
[2015.05.12-06.32.04:692][  0]LogTargetPlatformManager:Display: Building Assets For Windows
[2015.05.12-06.32.04:933][  0]LogSlate:Warning: Failed to load font data from '../../../Engine/Content/Editor/Slate/Fonts/Roboto-Regular.ttf'
[2015.05.12-06.32.04:933][  0]LogSlate:Warning: Failed to load font data from '../../../Engine/Content/Editor/Slate/Fonts/Roboto-Bold.ttf'
[2015.05.12-06.32.04:937][  0]LogConsoleResponse:Display: 
[2015.05.12-06.32.05:061][  0]LogCook:Display: Done creating registry. It took  0.00s.
[2015.05.12-06.32.05:193][  0]SourceControl: Info Source control is disabled
[2015.05.12-06.32.05:193][  0]Cmd: MAP LOAD FILE="../../../../../../Users/Michael Herbert/Documents/GitHub/SpaceRace/Content/EndlessRunner/Maps/2DSideScrollerExampleMap.umap" TEMPLATE=0 SHOWPROGRESS=1 FEATURELEVEL=3
[2015.05.12-06.32.05:194][  0]LightingResults: New page: Lighting Build
[2015.05.12-06.32.05:205][  0]MapCheck: New page: Map Check
[2015.05.12-06.32.05:205][  0]LightingResults: New page: Lighting Build
[2015.05.12-06.32.05:212][  0]LogParticles: Destroying 0 GPU particle simulations for FXSystem 0x000000001851E980
[2015.05.12-06.32.06:776][  0]LogEditorServer: Finished looking for orphan Actors (0.000 secs)
[2015.05.12-06.32.06:776][  0]LogAIModule: Creating AISystem for world 2DSideScrollerExampleMap
[2015.05.12-06.32.06:777][  0]Cmd: MAP CHECKDEP
[2015.05.12-06.32.06:777][  0]MapCheck: New page: 2DSideScrollerExampleMap - 13 May 2015 2:32:06 am
[2015.05.12-06.32.06:930][  0]MapCheck:Warning: Warning Sprite0 PaperFlipbookComponent /Game/EndlessRunner/Maps/2DSideScrollerExampleMap.2DSideScrollerExampleMap:PersistentLevel.ShipCharacter_C_3.Sprite0 : Externally referenced 
[2015.05.12-06.32.06:930][  0]MapCheck:Warning: Warning PaperSprite PaperSpriteComponent /Game/EndlessRunner/Maps/2DSideScrollerExampleMap.2DSideScrollerExampleMap:PersistentLevel.BP_Coin_C_550.PaperSprite : Externally referenced 
[2015.05.12-06.32.06:930][  0]MapCheck:Warning: Warning PaperSprite PaperSpriteComponent /Game/EndlessRunner/Maps/2DSideScrollerExampleMap.2DSideScrollerExampleMap:PersistentLevel.BP_Coin_C_551.PaperSprite : Externally referenced 
[2015.05.12-06.32.06:930][  0]MapCheck:Warning: Warning PaperSprite PaperSpriteComponent /Game/EndlessRunner/Maps/2DSideScrollerExampleMap.2DSideScrollerExampleMap:PersistentLevel.BP_Coin_C_552.PaperSprite : Externally referenced 
[2015.05.12-06.32.06:930][  0]MapCheck:Warning: Warning PaperSprite PaperSpriteComponent /Game/EndlessRunner/Maps/2DSideScrollerExampleMap.2DSideScrollerExampleMap:PersistentLevel.BP_Coin_C_553.PaperSprite : Externally referenced 
[2015.05.12-06.32.06:930][  0]MapCheck:Warning: Warning PaperSprite PaperSpriteComponent /Game/EndlessRunner/Maps/2DSideScrollerExampleMap.2DSideScrollerExampleMap:PersistentLevel.BP_Coin_C_554.PaperSprite : Externally referenced 
[2015.05.12-06.32.06:930][  0]MapCheck:Warning: Warning PaperSprite PaperSpriteComponent /Game/EndlessRunner/Maps/2DSideScrollerExampleMap.2DSideScrollerExampleMap:PersistentLevel.BP_Coin_C_555.PaperSprite : Externally referenced 
[2015.05.12-06.32.06:930][  0]MapCheck:Warning: Warning PaperSprite PaperSpriteComponent /Game/EndlessRunner/Maps/2DSideScrollerExampleMap.2DSideScrollerExampleMap:PersistentLevel.BP_Coin_C_556.PaperSprite : Externally referenced 
[2015.05.12-06.32.06:931][  0]MapCheck:Warning: Warning PaperSprite PaperSpriteComponent /Game/EndlessRunner/Maps/2DSideScrollerExampleMap.2DSideScrollerExampleMap:PersistentLevel.BP_Coin_C_557.PaperSprite : Externally referenced 
[2015.05.12-06.32.06:931][  0]MapCheck:Warning: Warning PaperSprite PaperSpriteComponent /Game/EndlessRunner/Maps/2DSideScrollerExampleMap.2DSideScrollerExampleMap:PersistentLevel.BP_Coin_C_558.PaperSprite : Externally referenced 
[2015.05.12-06.32.06:931][  0]MapCheck:Warning: Warning PaperSprite PaperSpriteComponent /Game/EndlessRunner/Maps/2DSideScrollerExampleMap.2DSideScrollerExampleMap:PersistentLevel.BP_Coin_C_559.PaperSprite : Externally referenced 
[2015.05.12-06.32.06:931][  0]MapCheck:Warning: Warning PaperSprite PaperSpriteComponent /Game/EndlessRunner/Maps/2DSideScrollerExampleMap.2DSideScrollerExampleMap:PersistentLevel.BP_Coin_C_560.PaperSprite : Externally referenced 
[2015.05.12-06.32.06:931][  0]MapCheck:Warning: Warning PaperSprite PaperSpriteComponent /Game/EndlessRunner/Maps/2DSideScrollerExampleMap.2DSideScrollerExampleMap:PersistentLevel.BP_Coin_C_1023.PaperSprite : Externally referenced 
[2015.05.12-06.32.06:931][  0]MapCheck:Warning: Warning PaperSprite PaperSpriteComponent /Game/EndlessRunner/Maps/2DSideScrollerExampleMap.2DSideScrollerExampleMap:PersistentLevel.BP_Coin_C_1024.PaperSprite : Externally referenced 
[2015.05.12-06.32.06:931][  0]MapCheck:Warning: Warning PaperSprite PaperSpriteComponent /Game/EndlessRunner/Maps/2DSideScrollerExampleMap.2DSideScrollerExampleMap:PersistentLevel.BP_Coin_C_1025.PaperSprite : Externally referenced 
[2015.05.12-06.32.06:932][  0]MapCheck:Warning: Warning PaperSprite PaperSpriteComponent /Game/EndlessRunner/Maps/2DSideScrollerExampleMap.2DSideScrollerExampleMap:PersistentLevel.BP_Coin_C_1026.PaperSprite : Externally referenced 
[2015.05.12-06.32.06:932][  0]MapCheck:Warning: Warning PaperSprite PaperSpriteComponent /Game/EndlessRunner/Maps/2DSideScrollerExampleMap.2DSideScrollerExampleMap:PersistentLevel.BP_Coin_C_1027.PaperSprite : Externally referenced 
[2015.05.12-06.32.06:932][  0]MapCheck:Warning: Warning PaperSprite PaperSpriteComponent /Game/EndlessRunner/Maps/2DSideScrollerExampleMap.2DSideScrollerExampleMap:PersistentLevel.BP_Coin_C_1028.PaperSprite : Externally referenced 
[2015.05.12-06.32.06:932][  0]MapCheck:Warning: Warning PaperSprite PaperSpriteComponent /Game/EndlessRunner/Maps/2DSideScrollerExampleMap.2DSideScrollerExampleMap:PersistentLevel.BP_Coin_C_1029.PaperSprite : Externally referenced 
[2015.05.12-06.32.06:932][  0]MapCheck:Warning: Warning PaperSprite PaperSpriteComponent /Game/EndlessRunner/Maps/2DSideScrollerExampleMap.2DSideScrollerExampleMap:PersistentLevel.BP_Coin_C_1030.PaperSprite : Externally referenced 
[2015.05.12-06.32.06:932][  0]MapCheck:Warning: Warning PaperSprite PaperSpriteComponent /Game/EndlessRunner/Maps/2DSideScrollerExampleMap.2DSideScrollerExampleMap:PersistentLevel.BP_Coin_C_1031.PaperSprite : Externally referenced 
[2015.05.12-06.32.06:932][  0]MapCheck:Warning: Warning PaperSprite PaperSpriteComponent /Game/EndlessRunner/Maps/2DSideScrollerExampleMap.2DSideScrollerExampleMap:PersistentLevel.BP_Coin_C_1032.PaperSprite : Externally referenced 
[2015.05.12-06.32.06:932][  0]MapCheck:Warning: Warning PaperSprite PaperSpriteComponent /Game/EndlessRunner/Maps/2DSideScrollerExampleMap.2DSideScrollerExampleMap:PersistentLevel.BP_Coin_C_1033.PaperSprite : Externally referenced 
[2015.05.12-06.32.06:932][  0]MapCheck:Warning: Warning PaperSprite PaperSpriteComponent /Game/EndlessRunner/Maps/2DSideScrollerExampleMap.2DSideScrollerExampleMap:PersistentLevel.BP_Coin_C_1408.PaperSprite : Externally referenced 
[2015.05.12-06.32.06:932][  0]MapCheck:Warning: Warning PaperSprite PaperSpriteComponent /Game/EndlessRunner/Maps/2DSideScrollerExampleMap.2DSideScrollerExampleMap:PersistentLevel.BP_Coin_C_1409.PaperSprite : Externally referenced 
[2015.05.12-06.32.06:932][  0]MapCheck:Warning: Warning PaperSprite PaperSpriteComponent /Game/EndlessRunner/Maps/2DSideScrollerExampleMap.2DSideScrollerExampleMap:PersistentLevel.BP_Coin_C_1410.PaperSprite : Externally referenced 
[2015.05.12-06.32.06:932][  0]MapCheck:Warning: Warning PaperSprite PaperSpriteComponent /Game/EndlessRunner/Maps/2DSideScrollerExampleMap.2DSideScrollerExampleMap:PersistentLevel.BP_Coin_C_1411.PaperSprite : Externally referenced 
[2015.05.12-06.32.06:932][  0]MapCheck:Warning: Warning PaperSprite PaperSpriteComponent /Game/EndlessRunner/Maps/2DSideScrollerExampleMap.2DSideScrollerExampleMap:PersistentLevel.BP_Coin_C_1412.PaperSprite : Externally referenced 
[2015.05.12-06.32.06:932][  0]MapCheck:Warning: Warning PaperSprite PaperSpriteComponent /Game/EndlessRunner/Maps/2DSideScrollerExampleMap.2DSideScrollerExampleMap:PersistentLevel.BP_Coin_C_1413.PaperSprite : Externally referenced 
[2015.05.12-06.32.06:933][  0]MapCheck:Warning: Warning PaperSprite PaperSpriteComponent /Game/EndlessRunner/Maps/2DSideScrollerExampleMap.2DSideScrollerExampleMap:PersistentLevel.BP_Coin_C_1414.PaperSprite : Externally referenced 
[2015.05.12-06.32.06:933][  0]MapCheck:Warning: Warning PaperSprite PaperSpriteComponent /Game/EndlessRunner/Maps/2DSideScrollerExampleMap.2DSideScrollerExampleMap:PersistentLevel.BP_Coin_C_1415.PaperSprite : Externally referenced 
[2015.05.12-06.32.06:933][  0]MapCheck:Warning: Warning PaperSprite PaperSpriteComponent /Game/EndlessRunner/Maps/2DSideScrollerExampleMap.2DSideScrollerExampleMap:PersistentLevel.BP_Coin_C_1416.PaperSprite : Externally referenced 
[2015.05.12-06.32.06:933][  0]MapCheck:Warning: Warning PaperSprite PaperSpriteComponent /Game/EndlessRunner/Maps/2DSideScrollerExampleMap.2DSideScrollerExampleMap:PersistentLevel.BP_Coin_C_1417.PaperSprite : Externally referenced 
[2015.05.12-06.32.06:933][  0]MapCheck:Warning: Warning PaperSprite PaperSpriteComponent /Game/EndlessRunner/Maps/2DSideScrollerExampleMap.2DSideScrollerExampleMap:PersistentLevel.BP_Coin_C_1418.PaperSprite : Externally referenced 
[2015.05.12-06.32.06:933][  0]MapCheck:Warning: Warning PaperSprite PaperSpriteComponent /Game/EndlessRunner/Maps/2DSideScrollerExampleMap.2DSideScrollerExampleMap:PersistentLevel.BP_Coin3_127.PaperSprite : Externally referenced 
[2015.05.12-06.32.06:933][  0]MapCheck:Warning: Warning PaperSprite PaperSpriteComponent /Game/EndlessRunner/Maps/2DSideScrollerExampleMap.2DSideScrollerExampleMap:PersistentLevel.BP_Coin4_258.PaperSprite : Externally referenced 
[2015.05.12-06.32.06:933][  0]MapCheck:Warning: Warning PaperSprite PaperSpriteComponent /Game/EndlessRunner/Maps/2DSideScrollerExampleMap.2DSideScrollerExampleMap:PersistentLevel.BP_Coin5_377.PaperSprite : Externally referenced 
[2015.05.12-06.32.06:933][  0]MapCheck:Warning: Warning PaperSprite PaperSpriteComponent /Game/EndlessRunner/Maps/2DSideScrollerExampleMap.2DSideScrollerExampleMap:PersistentLevel.BP_Coin6_576.PaperSprite : Externally referenced 
[2015.05.12-06.32.06:933][  0]MapCheck:Warning: Warning PaperSprite PaperSpriteComponent /Game/EndlessRunner/Maps/2DSideScrollerExampleMap.2DSideScrollerExampleMap:PersistentLevel.BP_Coin7_707.PaperSprite : Externally referenced 
[2015.05.12-06.32.06:933][  0]MapCheck:Warning: Warning PaperSprite PaperSpriteComponent /Game/EndlessRunner/Maps/2DSideScrollerExampleMap.2DSideScrollerExampleMap:PersistentLevel.BP_Coin8_846.PaperSprite : Externally referenced 
[2015.05.12-06.32.06:933][  0]MapCheck:Warning: Warning PaperSprite PaperSpriteComponent /Game/EndlessRunner/Maps/2DSideScrollerExampleMap.2DSideScrollerExampleMap:PersistentLevel.BP_Coin9_961.PaperSprite : Externally referenced 
[2015.05.12-06.32.06:933][  0]MapCheck:Warning: Warning PaperSprite PaperSpriteComponent /Game/EndlessRunner/Maps/2DSideScrollerExampleMap.2DSideScrollerExampleMap:PersistentLevel.BP_Coin10_1092.PaperSprite : Externally referenced 
[2015.05.12-06.32.06:933][  0]MapCheck:Warning: Warning PaperSprite PaperSpriteComponent /Game/EndlessRunner/Maps/2DSideScrollerExampleMap.2DSideScrollerExampleMap:PersistentLevel.BP_Coin11_1239.PaperSprite : Externally referenced 
[2015.05.12-06.32.06:933][  0]MapCheck:Warning: Warning PaperSprite PaperSpriteComponent /Game/EndlessRunner/Maps/2DSideScrollerExampleMap.2DSideScrollerExampleMap:PersistentLevel.BP_Coin12_1430.PaperSprite : Externally referenced 
[2015.05.12-06.32.06:934][  0]MapCheck:Warning: Warning PaperSprite PaperSpriteComponent /Game/EndlessRunner/Maps/2DSideScrollerExampleMap.2DSideScrollerExampleMap:PersistentLevel.BP_StartLevel_416.PaperSprite : Externally referenced 
[2015.05.12-06.32.06:934][  0]MapCheck:Warning: Warning PaperSprite PaperSpriteComponent /Game/EndlessRunner/Maps/2DSideScrollerExampleMap.2DSideScrollerExampleMap:PersistentLevel.BP_EndLevel_195.PaperSprite : Externally referenced 
[2015.05.12-06.32.06:934][  0]MapCheck:Warning: Warning PaperSprite PaperSpriteComponent /Game/EndlessRunner/Maps/2DSideScrollerExampleMap.2DSideScrollerExampleMap:PersistentLevel.BP_MidLevel_263.PaperSprite : Externally referenced 
[2015.05.12-06.32.06:934][  0]MapCheck:Warning: Warning PaperSprite PaperSpriteComponent /Game/EndlessRunner/Maps/2DSideScrollerExampleMap.2DSideScrollerExampleMap:PersistentLevel.LargeAsteroid_C_0.PaperSprite : Externally referenced 
[2015.05.12-06.32.06:934][  0]MapCheck:Warning: Warning PaperSprite PaperSpriteComponent /Game/EndlessRunner/Maps/2DSideScrollerExampleMap.2DSideScrollerExampleMap:PersistentLevel.LargeAsteroid_C_1.PaperSprite : Externally referenced 
[2015.05.12-06.32.06:934][  0]MapCheck:Warning: Warning PaperSprite PaperSpriteComponent /Game/EndlessRunner/Maps/2DSideScrollerExampleMap.2DSideScrollerExampleMap:PersistentLevel.LargeAsteroid_C_2.PaperSprite : Externally referenced 
[2015.05.12-06.32.06:934][  0]MapCheck:Warning: Warning PaperSprite PaperSpriteComponent /Game/EndlessRunner/Maps/2DSideScrollerExampleMap.2DSideScrollerExampleMap:PersistentLevel.LargeAsteroid_C_3.PaperSprite : Externally referenced 
[2015.05.12-06.32.06:934][  0]MapCheck:Warning: Warning PaperSprite PaperSpriteComponent /Game/EndlessRunner/Maps/2DSideScrollerExampleMap.2DSideScrollerExampleMap:PersistentLevel.LargeAsteroid_C_4.PaperSprite : Externally referenced 
[2015.05.12-06.32.06:934][  0]MapCheck:Warning: Warning PaperSprite PaperSpriteComponent /Game/EndlessRunner/Maps/2DSideScrollerExampleMap.2DSideScrollerExampleMap:PersistentLevel.LargeAsteroid_C_5.PaperSprite : Externally referenced 
[2015.05.12-06.32.06:934][  0]MapCheck:Warning: Warning PaperSprite PaperSpriteComponent /Game/EndlessRunner/Maps/2DSideScrollerExampleMap.2DSideScrollerExampleMap:PersistentLevel.LargeAsteroid_C_6.PaperSprite : Externally referenced 
[2015.05.12-06.32.06:934][  0]MapCheck:Warning: Warning PaperSprite PaperSpriteComponent /Game/EndlessRunner/Maps/2DSideScrollerExampleMap.2DSideScrollerExampleMap:PersistentLevel.SmallAsteroid_122.PaperSprite : Externally referenced 
[2015.05.12-06.32.06:934][  0]MapCheck:Warning: Warning PaperSprite PaperSpriteComponent /Game/EndlessRunner/Maps/2DSideScrollerExampleMap.2DSideScrollerExampleMap:PersistentLevel.SmallAsteroid2_199.PaperSprite : Externally referenced 
[2015.05.12-06.32.06:934][  0]MapCheck:Warning: Warning PaperSprite PaperSpriteComponent /Game/EndlessRunner/Maps/2DSideScrollerExampleMap.2DSideScrollerExampleMap:PersistentLevel.SmallAsteroid3_256.PaperSprite : Externally referenced 
[2015.05.12-06.32.06:934][  0]MapCheck:Warning: Warning RightEdge PaperSpriteComponent /Game/EndlessRunner/Maps/2DSideScrollerExampleMap.2DSideScrollerExampleMap:PersistentLevel.Gameplay_Screen_C_0.RightEdge : Externally referenced 
[2015.05.12-06.32.06:935][  0]MapCheck:Warning: Warning LeftEdge PaperSpriteComponent /Game/EndlessRunner/Maps/2DSideScrollerExampleMap.2DSideScrollerExampleMap:PersistentLevel.Gameplay_Screen_C_0.LeftEdge : Externally referenced 
[2015.05.12-06.32.06:935][  0]MapCheck:Warning: Warning TopEdge PaperSpriteComponent /Game/EndlessRunner/Maps/2DSideScrollerExampleMap.2DSideScrollerExampleMap:PersistentLevel.Gameplay_Screen_C_0.TopEdge : Externally referenced 
[2015.05.12-06.32.06:935][  0]MapCheck:Warning: Warning BottomEdge PaperSpriteComponent /Game/EndlessRunner/Maps/2DSideScrollerExampleMap.2DSideScrollerExampleMap:PersistentLevel.Gameplay_Screen_C_0.BottomEdge : Externally referenced 
[2015.05.12-06.32.06:935][  0]MapCheck:Warning: Warning RenderComponent PaperSpriteComponent /Game/EndlessRunner/Maps/2DSideScrollerExampleMap.2DSideScrollerExampleMap:PersistentLevel.A0_Sprite_2.RenderComponent : Externally referenced 
[2015.05.12-06.32.06:935][  0]MapCheck:Warning: Warning RenderComponent PaperSpriteComponent /Game/EndlessRunner/Maps/2DSideScrollerExampleMap.2DSideScrollerExampleMap:PersistentLevel.A1_Sprite_17.RenderComponent : Externally referenced 
[2015.05.12-06.32.06:935][  0]MapCheck:Warning: Warning RenderComponent PaperSpriteComponent /Game/EndlessRunner/Maps/2DSideScrollerExampleMap.2DSideScrollerExampleMap:PersistentLevel.A2_Sprite_20.RenderComponent : Externally referenced 
[2015.05.12-06.32.06:935][  0]MapCheck:Warning: Warning RenderComponent PaperSpriteComponent /Game/EndlessRunner/Maps/2DSideScrollerExampleMap.2DSideScrollerExampleMap:PersistentLevel.A3_Sprite_23.RenderComponent : Externally referenced 
[2015.05.12-06.32.06:935][  0]MapCheck:Warning: Warning RenderComponent PaperSpriteComponent /Game/EndlessRunner/Maps/2DSideScrollerExampleMap.2DSideScrollerExampleMap:PersistentLevel.A4_Sprite_26.RenderComponent : Externally referenced 
[2015.05.12-06.32.06:935][  0]MapCheck:Warning: Warning RenderComponent PaperSpriteComponent /Game/EndlessRunner/Maps/2DSideScrollerExampleMap.2DSideScrollerExampleMap:PersistentLevel.A5_Sprite_0.RenderComponent : Externally referenced 
[2015.05.12-06.32.06:935][  0]MapCheck:Warning: Warning RenderComponent PaperSpriteComponent /Game/EndlessRunner/Maps/2DSideScrollerExampleMap.2DSideScrollerExampleMap:PersistentLevel.A6_Sprite_31.RenderComponent : Externally referenced 
[2015.05.12-06.32.06:935][  0]MapCheck:Warning: Warning RenderComponent PaperSpriteComponent /Game/EndlessRunner/Maps/2DSideScrollerExampleMap.2DSideScrollerExampleMap:PersistentLevel.B0_Sprite_5.RenderComponent : Externally referenced 
[2015.05.12-06.32.06:935][  0]MapCheck:Warning: Warning RenderComponent PaperSpriteComponent /Game/EndlessRunner/Maps/2DSideScrollerExampleMap.2DSideScrollerExampleMap:PersistentLevel.B1_Sprite_34.RenderComponent : Externally referenced 
[2015.05.12-06.32.06:935][  0]MapCheck:Warning: Warning RenderComponent PaperSpriteComponent /Game/EndlessRunner/Maps/2DSideScrollerExampleMap.2DSideScrollerExampleMap:PersistentLevel.B2_Sprite_37.RenderComponent : Externally referenced 
[2015.05.12-06.32.06:935][  0]MapCheck:Warning: Warning RenderComponent PaperSpriteComponent /Game/EndlessRunner/Maps/2DSideScrollerExampleMap.2DSideScrollerExampleMap:PersistentLevel.B3_Sprite_40.RenderComponent : Externally referenced 
[2015.05.12-06.32.06:935][  0]MapCheck:Warning: Warning RenderComponent PaperSpriteComponent /Game/EndlessRunner/Maps/2DSideScrollerExampleMap.2DSideScrollerExampleMap:PersistentLevel.B4_Sprite_43.RenderComponent : Externally referenced 
[2015.05.12-06.32.06:936][  0]MapCheck:Warning: Warning RenderComponent PaperSpriteComponent /Game/EndlessRunner/Maps/2DSideScrollerExampleMap.2DSideScrollerExampleMap:PersistentLevel.B5_Sprite_46.RenderComponent : Externally referenced 
[2015.05.12-06.32.06:936][  0]MapCheck:Warning: Warning RenderComponent PaperSpriteComponent /Game/EndlessRunner/Maps/2DSideScrollerExampleMap.2DSideScrollerExampleMap:PersistentLevel.B6_Sprite_49.RenderComponent : Externally referenced 
[2015.05.12-06.32.06:936][  0]MapCheck:Warning: Warning RenderComponent PaperSpriteComponent /Game/EndlessRunner/Maps/2DSideScrollerExampleMap.2DSideScrollerExampleMap:PersistentLevel.C0_Sprite_8.RenderComponent : Externally referenced 
[2015.05.12-06.32.06:936][  0]MapCheck:Warning: Warning RenderComponent PaperSpriteComponent /Game/EndlessRunner/Maps/2DSideScrollerExampleMap.2DSideScrollerExampleMap:PersistentLevel.C1_Sprite_53.RenderComponent : Externally referenced 
[2015.05.12-06.32.06:936][  0]MapCheck:Warning: Warning RenderComponent PaperSpriteComponent /Game/EndlessRunner/Maps/2DSideScrollerExampleMap.2DSideScrollerExampleMap:PersistentLevel.C2_Sprite_56.RenderComponent : Externally referenced 
[2015.05.12-06.32.06:936][  0]MapCheck:Warning: Warning RenderComponent PaperSpriteComponent /Game/EndlessRunner/Maps/2DSideScrollerExampleMap.2DSideScrollerExampleMap:PersistentLevel.C3_Sprite_59.RenderComponent : Externally referenced 
[2015.05.12-06.32.06:936][  0]MapCheck:Warning: Warning RenderComponent PaperSpriteComponent /Game/EndlessRunner/Maps/2DSideScrollerExampleMap.2DSideScrollerExampleMap:PersistentLevel.C4_Sprite_62.RenderComponent : Externally referenced 
[2015.05.12-06.32.06:936][  0]MapCheck:Warning: Warning RenderComponent PaperSpriteComponent /Game/EndlessRunner/Maps/2DSideScrollerExampleMap.2DSideScrollerExampleMap:PersistentLevel.C5_Sprite_65.RenderComponent : Externally referenced 
[2015.05.12-06.32.06:936][  0]MapCheck:Warning: Warning RenderComponent PaperSpriteComponent /Game/EndlessRunner/Maps/2DSideScrollerExampleMap.2DSideScrollerExampleMap:PersistentLevel.C6_Sprite_68.RenderComponent : Externally referenced 
[2015.05.12-06.32.06:936][  0]MapCheck:Warning: Warning RenderComponent PaperSpriteComponent /Game/EndlessRunner/Maps/2DSideScrollerExampleMap.2DSideScrollerExampleMap:PersistentLevel.D0_Sprite_14.RenderComponent : Externally referenced 
[2015.05.12-06.32.06:936][  0]MapCheck:Warning: Warning RenderComponent PaperSpriteComponent /Game/EndlessRunner/Maps/2DSideScrollerExampleMap.2DSideScrollerExampleMap:PersistentLevel.D1_Sprite_71.RenderComponent : Externally referenced 
[2015.05.12-06.32.06:936][  0]MapCheck:Warning: Warning RenderComponent PaperSpriteComponent /Game/EndlessRunner/Maps/2DSideScrollerExampleMap.2DSideScrollerExampleMap:PersistentLevel.D2_Sprite_74.RenderComponent : Externally referenced 
[2015.05.12-06.32.06:936][  0]MapCheck:Warning: Warning RenderComponent PaperSpriteComponent /Game/EndlessRunner/Maps/2DSideScrollerExampleMap.2DSideScrollerExampleMap:PersistentLevel.D3_Sprite_77.RenderComponent : Externally referenced 
[2015.05.12-06.32.06:936][  0]MapCheck:Warning: Warning RenderComponent PaperSpriteComponent /Game/EndlessRunner/Maps/2DSideScrollerExampleMap.2DSideScrollerExampleMap:PersistentLevel.D4_Sprite_80.RenderComponent : Externally referenced 
[2015.05.12-06.32.06:936][  0]MapCheck:Warning: Warning RenderComponent PaperSpriteComponent /Game/EndlessRunner/Maps/2DSideScrollerExampleMap.2DSideScrollerExampleMap:PersistentLevel.D5_Sprite_83.RenderComponent : Externally referenced 
[2015.05.12-06.32.06:937][  0]MapCheck:Warning: Warning RenderComponent PaperSpriteComponent /Game/EndlessRunner/Maps/2DSideScrollerExampleMap.2DSideScrollerExampleMap:PersistentLevel.D6_Sprite_89.RenderComponent : Externally referenced 
[2015.05.12-06.32.06:937][  0]MapCheck: Info Map check complete: 0 Error(s), 89 Warning(s), took 159.261ms to complete.
[2015.05.12-06.32.06:946][  0]LogFileHelpers: Loading map '2DSideScrollerExampleMap' took 1.752
[2015.05.12-06.32.07:074][  0]LogCollectionManager: Loaded 0 collections in 0.001548 seconds
[2015.05.12-06.32.07:087][  0]LogContentBrowser: Native class hierarchy populated in 0.0128 seconds. Added 1697 classes and 263 folders.
[2015.05.12-06.32.07:118][  0]LogContentBrowser: Native class hierarchy updated for 'SceneOutliner' in 0.0047 seconds. Added 1 classes and 2 folders.
[2015.05.12-06.32.07:164][  0]LogCrashTracker: Crashtracker disabled due to settings.
[2015.05.12-06.32.07:165][  0]LogSlate:Warning: Failed to load font data from 'Veranda'
[2015.05.12-06.32.07:169][  0]LogUObjectGlobals:Warning: Failed to find object 'Class None.'
[2015.05.12-06.32.07:194][  0]LogLoad: Full Startup: 12.58 seconds (BP compile: 0.58 seconds)
[2015.05.12-06.32.07:555][  0]LogContentBrowser:Verbose: The content browser source was changed by the sources view to '/Game/EndlessRunner/Blueprints'
[2015.05.12-06.32.07:729][  0]LogRenderer:Warning: Reallocating scene render targets to support 488x256 (Frame:2).
[2015.05.12-06.32.08:842][  3]LogAssetRegistry: Asset discovery search completed in 5.0488 seconds
[2015.05.12-06.33.37:799][ 18]LogRenderer:Warning: Reallocating scene render targets to support 592x640 (Frame:832).
[2015.05.12-06.35.28:057][685]LogUObjectGlobals:Warning: Failed to find object 'Object None.'
[2015.05.12-06.38.10:246][379]LogClass:Warning: Type mismatch in distance  of SKEL_ShipCharacter_C - Previous (StructProperty) Current(FloatProperty) for package:  FObjectReader
[2015.05.12-06.38.10:290][379]LogBlueprint:Error: [compiler] Error  Distance   of type Env Named Value Structure doesn't match the property distance  of type FloatProperty
[2015.05.12-06.38.10:290][379]LogBlueprint:Error: [compiler] Error Failed to generate a term for the  Struct Ref  pin; was it a struct reference that was left unset?
[2015.05.12-06.38.10:453][379]LogBlueprint:Warning: [compiler] Warning [0375.84] Compile of ShipCharacter failed. 2 Fatal Issue(s) 0 Warning(s) [in 228 ms]
[2015.05.12-06.38.10:454][379]LogBlueprint:Warning: [compiler] Warning [0375.84] Compile of ShipCharacter failed. 2 Fatal Issue(s) 1 Warning(s) [in 0 ms]
[2015.05.12-06.38.10:454][379]LogBlueprint:Warning: [compiler] Warning [0375.84] Compile of ShipCharacter failed. 2 Fatal Issue(s) 2 Warning(s) [in 0 ms]
[2015.05.12-06.38.10:460][379]LogBlueprint:Warning: [compiler] Warning [0375.84] Compile of ShipCharacter failed. 2 Fatal Issue(s) 3 Warning(s) [in 5 ms]
[2015.05.12-06.38.10:477][379]LogBlueprint:Warning: [compiler] Warning [0375.86] Compile of ShipCharacter failed. 2 Fatal Issue(s) 4 Warning(s) [in 17 ms]
[2015.05.12-06.38.10:477][379]LogBlueprint:Warning: [compiler] Warning [0375.86] Compile of ShipCharacter failed. 2 Fatal Issue(s) 5 Warning(s) [in 0 ms]
[2015.05.12-06.38.26:730][177]LogBlueprint:Error: [compiler] Error The  Struct Ref  pin must be connected to the struct that you wish to set.
[2015.05.12-06.38.26:744][177]LogBlueprint:Error: [compiler] Error  Distance   of type Float doesn't match the property distance  of type StrProperty
[2015.05.12-06.38.26:744][177]LogBlueprint:Error: [compiler] Error The current value of the ' Struct Ref ' pin is invalid: 'Struct Ref' must have an input wired into it ("by ref" params expect a valid input to operate on).
[2015.05.12-06.38.26:745][177]LogBlueprint:Error: [compiler] Error Failed to generate a term for the  Struct Ref  pin; was it a struct reference that was left unset?
[2015.05.12-06.38.26:875][177]LogBlueprint:Warning: [compiler] Warning [0392.26] Compile of ShipCharacter failed. 4 Fatal Issue(s) 0 Warning(s) [in 202 ms]
[2015.05.12-06.38.26:875][177]LogBlueprint:Warning: [compiler] Warning [0392.26] Compile of ShipCharacter failed. 4 Fatal Issue(s) 1 Warning(s) [in 0 ms]
[2015.05.12-06.38.26:875][177]LogBlueprint:Warning: [compiler] Warning [0392.26] Compile of ShipCharacter failed. 4 Fatal Issue(s) 2 Warning(s) [in 0 ms]
[2015.05.12-06.38.26:881][177]LogBlueprint:Warning: [compiler] Warning [0392.26] Compile of ShipCharacter failed. 4 Fatal Issue(s) 3 Warning(s) [in 5 ms]
[2015.05.12-06.38.26:900][177]LogBlueprint:Warning: [compiler] Warning [0392.28] Compile of ShipCharacter failed. 4 Fatal Issue(s) 4 Warning(s) [in 18 ms]
[2015.05.12-06.38.26:900][177]LogBlueprint:Warning: [compiler] Warning [0392.28] Compile of ShipCharacter failed. 4 Fatal Issue(s) 5 Warning(s) [in 0 ms]
[2015.05.12-06.42.11:454][ 77]LogActorComponent: UnregisterComponent: (/Engine/Transient.ProjectileMovementComponent_1) Not registered. Aborting.
[2015.05.12-06.42.11:701][ 77]LogSavePackage: Save=143.573929ms
[2015.05.12-06.42.11:701][ 77]LogSavePackage: Moving '../../../../../../Users/Michael Herbert/Documents/GitHub/SpaceRace/Saved/2DSideScrollerExampleMap_Auto1867EA0E54584E59B8679918E537C7F77.tmp' to '../../../../../../Users/Michael Herbert/Documents/GitHub/SpaceRace/Saved/Autosaves/Game/EndlessRunner/Maps/2DSideScrollerExampleMap_Auto1.umap'
[2015.05.12-06.42.11:707][ 77]LogFileHelpers: Editor autosave (incl. sublevels) for '/Game/EndlessRunner/Maps/2DSideScrollerExampleMap' took 0.253
[2015.05.12-06.42.11:707][ 77]LogFileHelpers: Editor autosave (incl. sublevels) for all levels took 0.253
[2015.05.12-06.42.11:741][ 77]OBJ SavePackage: Generating thumbnails for [0] asset(s) in package [/Game/EndlessRunner/Blueprints/ShipCharacter] ([1] browsable assets)...
[2015.05.12-06.42.11:741][ 77]OBJ SavePackage: Finished generating thumbnails for package [/Game/EndlessRunner/Blueprints/ShipCharacter]
[2015.05.12-06.42.11:941][ 77]LogSavePackage: Save=177.250565ms
[2015.05.12-06.42.11:941][ 77]LogSavePackage: Moving '../../../../../../Users/Michael Herbert/Documents/GitHub/SpaceRace/Saved/ShipCharacter_Auto1B3E25F2A4B61D75035C034BA5FD9734C.tmp' to '../../../../../../Users/Michael Herbert/Documents/GitHub/SpaceRace/Saved/Autosaves/Game/EndlessRunner/Blueprints/ShipCharacter_Auto1.uasset'
[2015.05.12-06.42.11:979][ 77]OBJ SavePackage: Generating thumbnails for [0] asset(s) in package [/Game/EndlessRunner/Blueprints/Hud] ([1] browsable assets)...
[2015.05.12-06.42.11:979][ 77]OBJ SavePackage: Finished generating thumbnails for package [/Game/EndlessRunner/Blueprints/Hud]
[2015.05.12-06.42.12:065][ 77]LogSavePackage: Save=66.583549ms
[2015.05.12-06.42.12:065][ 77]LogSavePackage: Moving '../../../../../../Users/Michael Herbert/Documents/GitHub/SpaceRace/Saved/Hud_Auto1BF4052F54A5507314ADF73B59AE9C26A.tmp' to '../../../../../../Users/Michael Herbert/Documents/GitHub/SpaceRace/Saved/Autosaves/Game/EndlessRunner/Blueprints/Hud_Auto1.uasset'
[2015.05.12-06.42.12:071][ 77]LogFileHelpers: Auto-saving content packages took 0.364
[2015.05.12-06.45.49:361][500]LogUObjectGlobals:Warning: Failed to find object 'Object None.'
[2015.05.12-06.47.00:008][297]LogEditorTransaction: Undo Add Node
[2015.05.12-06.47.16:991][467]LogEditorTransaction: Undo Add Node
[2015.05.12-06.48.14:931][ 57]LogEditorTransaction: Undo Add Node
[2015.05.12-06.48.52:875][819]LogEditorTransaction: Undo Add Node
[2015.05.12-06.49.11:180][116]LogEditorTransaction: Undo Add Node
[2015.05.12-06.49.34:991][724]LogEditorTransaction: Undo Add Node
[2015.05.12-06.49.50:625][757]LogEditorTransaction: Undo Add Node
[2015.05.12-06.50.12:460][415]LogEditorTransaction: Undo Add Node
[2015.05.12-06.50.56:383][509]LogEditorTransaction: Undo Move Node
[2015.05.12-06.51.04:561][947]LogEditorTransaction: Undo Add Node
[2015.05.12-06.51.42:115][755]Cmd: TRANSACTION UNDO
[2015.05.12-06.51.42:115][755]LogEditorTransaction: Undo Promote To Variable
[2015.05.12-06.51.44:738][883]LogEditorTransaction: Undo Add Node
[2015.05.12-06.52.13:077][263]LogSavePackage: Save=152.644455ms
[2015.05.12-06.52.13:077][263]LogSavePackage: Moving '../../../../../../Users/Michael Herbert/Documents/GitHub/SpaceRace/Saved/2DSideScrollerExampleMap_Auto22C55F25042E4D9F7E6C7F3AF2E696B0D.tmp' to '../../../../../../Users/Michael Herbert/Documents/GitHub/SpaceRace/Saved/Autosaves/Game/EndlessRunner/Maps/2DSideScrollerExampleMap_Auto2.umap'
[2015.05.12-06.52.13:084][263]LogFileHelpers: Editor autosave (incl. sublevels) for '/Game/EndlessRunner/Maps/2DSideScrollerExampleMap' took 0.247
[2015.05.12-06.52.13:084][263]LogFileHelpers: Editor autosave (incl. sublevels) for all levels took 0.247
[2015.05.12-06.52.13:114][263]OBJ SavePackage: Generating thumbnails for [0] asset(s) in package [/Game/EndlessRunner/Blueprints/ShipCharacter] ([1] browsable assets)...
[2015.05.12-06.52.13:114][263]OBJ SavePackage: Finished generating thumbnails for package [/Game/EndlessRunner/Blueprints/ShipCharacter]
[2015.05.12-06.52.13:327][263]LogSavePackage: Save=190.967133ms
[2015.05.12-06.52.13:328][263]LogSavePackage: Moving '../../../../../../Users/Michael Herbert/Documents/GitHub/SpaceRace/Saved/ShipCharacter_Auto26D40037F44CB71E55AFFE7B206393747.tmp' to '../../../../../../Users/Michael Herbert/Documents/GitHub/SpaceRace/Saved/Autosaves/Game/EndlessRunner/Blueprints/ShipCharacter_Auto2.uasset'
[2015.05.12-06.52.13:368][263]OBJ SavePackage: Generating thumbnails for [0] asset(s) in package [/Game/EndlessRunner/UMG/RunHUD] ([1] browsable assets)...
[2015.05.12-06.52.13:368][263]OBJ SavePackage: Finished generating thumbnails for package [/Game/EndlessRunner/UMG/RunHUD]
[2015.05.12-06.52.13:480][263]LogSavePackage: Save=94.036903ms
[2015.05.12-06.52.13:481][263]LogSavePackage: Moving '../../../../../../Users/Michael Herbert/Documents/GitHub/SpaceRace/Saved/RunHUD_Auto2AC2E7788405C054449EE6FB8EFE2D42D.tmp' to '../../../../../../Users/Michael Herbert/Documents/GitHub/SpaceRace/Saved/Autosaves/Game/EndlessRunner/UMG/RunHUD_Auto2.uasset'
[2015.05.12-06.52.13:519][263]OBJ SavePackage: Generating thumbnails for [0] asset(s) in package [/Game/EndlessRunner/Blueprints/Hud] ([1] browsable assets)...
[2015.05.12-06.52.13:519][263]OBJ SavePackage: Finished generating thumbnails for package [/Game/EndlessRunner/Blueprints/Hud]
[2015.05.12-06.52.13:601][263]LogSavePackage: Save=66.521263ms
[2015.05.12-06.52.13:601][263]LogSavePackage: Moving '../../../../../../Users/Michael Herbert/Documents/GitHub/SpaceRace/Saved/Hud_Auto2E8F1092B44CB32AE5F93AFABEDC74896.tmp' to '../../../../../../Users/Michael Herbert/Documents/GitHub/SpaceRace/Saved/Autosaves/Game/EndlessRunner/Blueprints/Hud_Auto2.uasset'
[2015.05.12-06.52.13:606][263]LogFileHelpers: Auto-saving content packages took 0.523
[2015.05.12-06.53.29:461][219]LogEditorTransaction: Undo Add Node
[2015.05.12-06.55.17:131][772]LogEditorTransaction: Undo Add Node
[2015.05.12-06.55.20:150][871]BlueprintLog: New page: Compile ShipCharacter
[2015.05.12-06.55.20:341][871]BlueprintEditorCompileResults: Info [1405.71] Compile of ShipCharacter successful! [in 190 ms]
[2015.05.12-06.55.39:789][664]LogBlueprint:Warning: Unknown type of hyperlinked object
[2015.05.12-06.55.40:404][692]LogBlueprint:Warning: Unknown type of hyperlinked object
[2015.05.12-06.55.40:838][713]LogBlueprint:Warning: Unknown type of hyperlinked object
[2015.05.12-06.56.18:296][196]LogUObjectGlobals:Warning: Failed to find object 'Object None.'
[2015.05.12-06.57.09:731][509]LogUObjectGlobals:Warning: Failed to find object 'Object None.'
[2015.05.12-06.57.29:761][362]LogBlueprint:Warning: [compiler] Warning Can't parse default value '0.000000' for  (none) . Property: Score.
[2015.05.12-06.57.29:798][362]LogBlueprint:Warning: [compiler] Warning [1535.16] Compile of ShipCharacter successful, but with 1 Warning(s) [in 104 ms]
[2015.05.12-06.57.29:798][362]LogBlueprint:Warning: [compiler] Warning [1535.16] Compile of ShipCharacter successful, but with 2 Warning(s) [in 0 ms]
[2015.05.12-06.57.29:842][362]LogBlueprint:Warning: [compiler] Warning [1535.21] Compile of ShipCharacter successful, but with 3 Warning(s) [in 43 ms]
[2015.05.12-06.57.29:847][362]LogBlueprint:Warning: [compiler] Warning [1535.21] Compile of ShipCharacter successful, but with 4 Warning(s) [in 5 ms]
[2015.05.12-06.57.29:864][362]LogBlueprint:Warning: [compiler] Warning [1535.23] Compile of ShipCharacter successful, but with 5 Warning(s) [in 16 ms]
[2015.05.12-06.57.29:864][362]LogBlueprint:Warning: [compiler] Warning [1535.23] Compile of ShipCharacter successful, but with 6 Warning(s) [in 0 ms]
[2015.05.12-06.57.42:598][ 66]LogEditorTransaction: Undo Create Pin Link
[2015.05.12-06.58.16:757][ 80]LogUObjectGlobals:Warning: Failed to find object 'Object None.'
[2015.05.12-06.58.36:657][192]LogEditorTransaction: Undo Add Node
[2015.05.12-06.58.45:904][757]LogEditorTransaction: Undo Add Node
[2015.05.12-06.58.55:103][324]LogEditorTransaction: Undo Add Node
[2015.05.12-06.58.57:733][464]LogSavePackage: Save=133.157440ms
[2015.05.12-06.58.57:733][464]LogSavePackage: Moving '../../../../../../Users/Michael Herbert/Documents/GitHub/SpaceRace/Saved/ShipCharacter005326794D994B096B2362B736E9C6EC.tmp' to '../../../../../../Users/Michael Herbert/Documents/GitHub/SpaceRace/Content/EndlessRunner/Blueprints/ShipCharacter.uasset'
[2015.05.12-06.59.14:971][631]LogEditorTransaction: Undo Add Node
[2015.05.12-06.59.28:940][421]LogEditorTransaction: Undo Add Node
[2015.05.12-06.59.41:015][239]LogEditorTransaction: Undo Add Node
[2015.05.12-07.00.05:064][610]LogEditorTransaction: Undo Create Pin Link
[2015.05.12-07.00.26:304][696]BlueprintLog: New page: Compile ShipCharacter
[2015.05.12-07.00.26:511][696]BlueprintEditorCompileResults: Info [1711.87] Compile of ShipCharacter successful! [in 206 ms]
[2015.05.12-07.00.28:753][829]LogSavePackage: Save=124.359688ms
[2015.05.12-07.00.28:753][829]LogSavePackage: Moving '../../../../../../Users/Michael Herbert/Documents/GitHub/SpaceRace/Saved/ShipCharacter10B8841346065F79C21B45B9D33C95CF.tmp' to '../../../../../../Users/Michael Herbert/Documents/GitHub/SpaceRace/Content/EndlessRunner/Blueprints/ShipCharacter.uasset'
[2015.05.12-07.00.48:782][ 16]LogUObjectGlobals:Warning: Failed to find object 'Object None.'
[2015.05.12-07.02.17:981][853]LogSavePackage: Save=134.904190ms
[2015.05.12-07.02.17:981][853]LogSavePackage: Moving '../../../../../../Users/Michael Herbert/Documents/GitHub/SpaceRace/Saved/2DSideScrollerExampleMap_Auto3A03970C04D1DC8BE805504A9F3099CB4.tmp' to '../../../../../../Users/Michael Herbert/Documents/GitHub/SpaceRace/Saved/Autosaves/Game/EndlessRunner/Maps/2DSideScrollerExampleMap_Auto3.umap'
[2015.05.12-07.02.17:988][853]LogFileHelpers: Editor autosave (incl. sublevels) for '/Game/EndlessRunner/Maps/2DSideScrollerExampleMap' took 0.220
[2015.05.12-07.02.17:988][853]LogFileHelpers: Editor autosave (incl. sublevels) for all levels took 0.220
[2015.05.12-07.02.18:021][853]OBJ SavePackage: Generating thumbnails for [0] asset(s) in package [/Game/EndlessRunner/Blueprints/ShipCharacter] ([1] browsable assets)...
[2015.05.12-07.02.18:021][853]OBJ SavePackage: Finished generating thumbnails for package [/Game/EndlessRunner/Blueprints/ShipCharacter]
[2015.05.12-07.02.18:239][853]LogSavePackage: Save=196.594788ms
[2015.05.12-07.02.18:239][853]LogSavePackage: Moving '../../../../../../Users/Michael Herbert/Documents/GitHub/SpaceRace/Saved/ShipCharacter_Auto35D60351A46DEBA6572EFC78A9ACD48AE.tmp' to '../../../../../../Users/Michael Herbert/Documents/GitHub/SpaceRace/Saved/Autosaves/Game/EndlessRunner/Blueprints/ShipCharacter_Auto3.uasset'
[2015.05.12-07.02.18:275][853]OBJ SavePackage: Generating thumbnails for [0] asset(s) in package [/Game/EndlessRunner/UMG/RunHUD] ([1] browsable assets)...
[2015.05.12-07.02.18:275][853]OBJ SavePackage: Finished generating thumbnails for package [/Game/EndlessRunner/UMG/RunHUD]
[2015.05.12-07.02.18:378][853]LogSavePackage: Save=84.645813ms
[2015.05.12-07.02.18:379][853]LogSavePackage: Moving '../../../../../../Users/Michael Herbert/Documents/GitHub/SpaceRace/Saved/RunHUD_Auto33DDD16DE479B598B4B273892D8376312.tmp' to '../../../../../../Users/Michael Herbert/Documents/GitHub/SpaceRace/Saved/Autosaves/Game/EndlessRunner/UMG/RunHUD_Auto3.uasset'
[2015.05.12-07.02.18:415][853]OBJ SavePackage: Generating thumbnails for [0] asset(s) in package [/Game/EndlessRunner/Blueprints/Hud] ([1] browsable assets)...
[2015.05.12-07.02.18:415][853]OBJ SavePackage: Finished generating thumbnails for package [/Game/EndlessRunner/Blueprints/Hud]
[2015.05.12-07.02.18:485][853]LogSavePackage: Save=58.291256ms
[2015.05.12-07.02.18:486][853]LogSavePackage: Moving '../../../../../../Users/Michael Herbert/Documents/GitHub/SpaceRace/Saved/Hud_Auto3FC55202C42E5C60E827CBBAC59D6B442.tmp' to '../../../../../../Users/Michael Herbert/Documents/GitHub/SpaceRace/Saved/Autosaves/Game/EndlessRunner/Blueprints/Hud_Auto3.uasset'
[2015.05.12-07.02.18:490][853]LogFileHelpers: Auto-saving content packages took 0.502
[2015.05.12-07.02.41:953][166]LogEditorTransaction: Undo Add Node
[2015.05.12-07.05.27:061][873]LogBlueprint:Error: [compiler] Error COMPILER ERROR: failed building connection with 'Convert Float to Integer' at  Set High Score 
[2015.05.12-07.05.27:081][873]LogBlueprint:Error: [compiler] Error  High Score  of type Integer doesn't match the property High Score of type FloatProperty
[2015.05.12-07.05.27:082][873]LogBlueprint:Error: [compiler] Error  High Score  of type Integer doesn't match the property High Score of type FloatProperty
[2015.05.12-07.05.27:082][873]LogBlueprint:Error: [compiler] Error  High Score  of type Integer doesn't match the property High Score of type FloatProperty
[2015.05.12-07.05.27:240][873]LogBlueprint:Warning: [compiler] Warning [2012.60] Compile of ShipCharacter failed. 4 Fatal Issue(s) 0 Warning(s) [in 226 ms]
[2015.05.12-07.05.27:240][873]LogBlueprint:Warning: [compiler] Warning [2012.60] Compile of ShipCharacter failed. 4 Fatal Issue(s) 1 Warning(s) [in 0 ms]
[2015.05.12-07.05.27:240][873]LogBlueprint:Warning: [compiler] Warning [2012.60] Compile of ShipCharacter failed. 4 Fatal Issue(s) 2 Warning(s) [in 0 ms]
[2015.05.12-07.05.27:245][873]LogBlueprint:Warning: [compiler] Warning [2012.60] Compile of ShipCharacter failed. 4 Fatal Issue(s) 3 Warning(s) [in 4 ms]
[2015.05.12-07.05.27:263][873]LogBlueprint:Warning: [compiler] Warning [2012.62] Compile of ShipCharacter failed. 4 Fatal Issue(s) 4 Warning(s) [in 17 ms]
[2015.05.12-07.05.27:264][873]LogBlueprint:Warning: [compiler] Warning [2012.62] Compile of ShipCharacter failed. 4 Fatal Issue(s) 5 Warning(s) [in 0 ms]
[2015.05.12-07.05.32:732][ 85]LogBlueprint:Error: [compiler] Error  High Score  of type Float doesn't match the property High Score of type IntProperty
[2015.05.12-07.05.32:733][ 85]LogBlueprint:Error: [compiler] Error  High Score  of type Float doesn't match the property High Score of type IntProperty
[2015.05.12-07.05.32:871][ 85]LogBlueprint:Warning: [compiler] Warning [2018.23] Compile of ShipCharacter failed. 2 Fatal Issue(s) 0 Warning(s) [in 196 ms]
[2015.05.12-07.05.32:871][ 85]LogBlueprint:Warning: [compiler] Warning [2018.23] Compile of ShipCharacter failed. 2 Fatal Issue(s) 1 Warning(s) [in 0 ms]
[2015.05.12-07.05.32:871][ 85]LogBlueprint:Warning: [compiler] Warning [2018.23] Compile of ShipCharacter failed. 2 Fatal Issue(s) 2 Warning(s) [in 0 ms]
[2015.05.12-07.05.32:876][ 85]LogBlueprint:Warning: [compiler] Warning [2018.23] Compile of ShipCharacter failed. 2 Fatal Issue(s) 3 Warning(s) [in 5 ms]
[2015.05.12-07.05.32:891][ 85]LogBlueprint:Warning: [compiler] Warning [2018.25] Compile of ShipCharacter failed. 2 Fatal Issue(s) 4 Warning(s) [in 14 ms]
[2015.05.12-07.05.32:891][ 85]LogBlueprint:Warning: [compiler] Warning [2018.25] Compile of ShipCharacter failed. 2 Fatal Issue(s) 5 Warning(s) [in 0 ms]
[2015.05.12-07.05.36:071][135]LogBlueprint:Error: [compiler] Error  High Score  of type Integer doesn't match the property High Score of type Array of IntProperty
[2015.05.12-07.05.36:072][135]LogBlueprint:Error: [compiler] Error  High Score  of type Integer doesn't match the property High Score of type Array of IntProperty
[2015.05.12-07.05.36:237][135]LogBlueprint:Warning: [compiler] Warning [2021.59] Compile of ShipCharacter failed. 2 Fatal Issue(s) 0 Warning(s) [in 232 ms]
[2015.05.12-07.05.36:238][135]LogBlueprint:Warning: [compiler] Warning [2021.59] Compile of ShipCharacter failed. 2 Fatal Issue(s) 1 Warning(s) [in 0 ms]
[2015.05.12-07.05.36:238][135]LogBlueprint:Warning: [compiler] Warning [2021.59] Compile of ShipCharacter failed. 2 Fatal Issue(s) 2 Warning(s) [in 0 ms]
[2015.05.12-07.05.36:246][135]LogBlueprint:Warning: [compiler] Warning [2021.60] Compile of ShipCharacter failed. 2 Fatal Issue(s) 3 Warning(s) [in 7 ms]
[2015.05.12-07.05.36:263][135]LogBlueprint:Warning: [compiler] Warning [2021.62] Compile of ShipCharacter failed. 2 Fatal Issue(s) 4 Warning(s) [in 17 ms]
[2015.05.12-07.05.36:263][135]LogBlueprint:Warning: [compiler] Warning [2021.62] Compile of ShipCharacter failed. 2 Fatal Issue(s) 5 Warning(s) [in 0 ms]
[2015.05.12-07.05.39:912][234]LogBlueprint:Error: [compiler] Error Default value '' for  High Score  is invalid: 'Array inputs (like 'High Score') must have an input wired into them (try connecting a MakeArray node).'
[2015.05.12-07.05.39:913][234]LogBlueprint:Error: [compiler] Error Default value '' for  High Score  is invalid: 'Array inputs (like 'High Score') must have an input wired into them (try connecting a MakeArray node).'
[2015.05.12-07.05.40:057][234]LogBlueprint:Warning: [compiler] Warning [2025.41] Compile of ShipCharacter failed. 2 Fatal Issue(s) 0 Warning(s) [in 206 ms]
[2015.05.12-07.05.40:057][234]LogBlueprint:Warning: [compiler] Warning [2025.41] Compile of ShipCharacter failed. 2 Fatal Issue(s) 1 Warning(s) [in 0 ms]
[2015.05.12-07.05.40:057][234]LogBlueprint:Warning: [compiler] Warning [2025.41] Compile of ShipCharacter failed. 2 Fatal Issue(s) 2 Warning(s) [in 0 ms]
[2015.05.12-07.05.40:063][234]LogBlueprint:Warning: [compiler] Warning [2025.42] Compile of ShipCharacter failed. 2 Fatal Issue(s) 3 Warning(s) [in 5 ms]
[2015.05.12-07.05.40:080][234]LogBlueprint:Warning: [compiler] Warning [2025.44] Compile of ShipCharacter failed. 2 Fatal Issue(s) 4 Warning(s) [in 16 ms]
[2015.05.12-07.05.40:080][234]LogBlueprint:Warning: [compiler] Warning [2025.44] Compile of ShipCharacter failed. 2 Fatal Issue(s) 5 Warning(s) [in 0 ms]
[2015.05.12-07.06.06:086][ 48]BlueprintLog: New page: Collapse to Macro
[2015.05.12-07.06.07:627][ 98]LogEditorTransaction: Undo Collapses selected nodes into a single node
[2015.05.12-07.06.11:251][295]LogSavePackage: Save=144.781387ms
[2015.05.12-07.06.11:251][295]LogSavePackage: Moving '../../../../../../Users/Michael Herbert/Documents/GitHub/SpaceRace/Saved/ShipCharacter657C56AB4A7628B455C53D9C395FBD92.tmp' to '../../../../../../Users/Michael Herbert/Documents/GitHub/SpaceRace/Content/EndlessRunner/Blueprints/ShipCharacter.uasset'
[2015.05.12-07.06.55:869][483]BlueprintLog: New page: Compile ShipCharacter
[2015.05.12-07.06.56:095][483]BlueprintEditorCompileResults: Info [2101.45] Compile of ShipCharacter successful! [in 225 ms]
[2015.05.12-07.07.02:668][884]BlueprintLog: New page: Pre-PIE auto-recompile
[2015.05.12-07.07.02:672][884]LogPlayLevel: [PIE] Compiling BP_Coin before PIE...
[2015.05.12-07.07.02:751][884]LogPlayLevel: [PIE] Compiling BP_StartLevel before PIE...
[2015.05.12-07.07.02:992][884]LogPlayLevel: [PIE] Compiling BP_Asteroid before PIE...
[2015.05.12-07.07.03:049][884]LogPlayLevel: [PIE] Compiling BP_Coin2 before PIE...
[2015.05.12-07.07.03:118][884]LogPlayLevel: [PIE] Compiling LargeAsteroid before PIE...
[2015.05.12-07.07.03:172][884]LogPlayLevel: [PIE] Compiling SmallAsteroid before PIE...
[2015.05.12-07.07.03:234][884]LogPlayLevel: [PIE] Compiling Hud before PIE...
[2015.05.12-07.07.03:282][884]LogPlayLevel: [PIE] Compiling RunHUD before PIE...
[2015.05.12-07.07.03:291][884]LogBlueprint:Error: [compiler] Error Binding: Property ' bIsEnabledDelegate ' on Widget ' Coin gauge ': Member:Get_Coin gauge_bIsEnabled_0 Unable to bind Float Property, unsupported type.
[2015.05.12-07.07.03:381][884]LogBlueprint:Warning: [compiler] Warning [2108.74] Compile of RunHUD failed. 1 Fatal Issue(s) 0 Warning(s) [in 95 ms]
[2015.05.12-07.07.03:381][884]LogBlueprint:Warning: [compiler] Warning [2108.74] Compile of RunHUD failed. 1 Fatal Issue(s) 1 Warning(s) [in 0 ms]
[2015.05.12-07.07.03:381][884]LogBlueprint:Warning: [compiler] Warning [2108.74] Compile of RunHUD failed. 1 Fatal Issue(s) 2 Warning(s) [in 0 ms]
[2015.05.12-07.07.03:384][884]LogBlueprint:Warning: [compiler] Warning [2108.74] Compile of RunHUD failed. 1 Fatal Issue(s) 3 Warning(s) [in 2 ms]
[2015.05.12-07.07.03:394][884]LogBlueprint:Warning: [compiler] Warning [2108.75] Compile of RunHUD failed. 1 Fatal Issue(s) 4 Warning(s) [in 9 ms]
[2015.05.12-07.07.03:394][884]LogBlueprint:Warning: [compiler] Warning [2108.75] Compile of RunHUD failed. 1 Fatal Issue(s) 5 Warning(s) [in 0 ms]
[2015.05.12-07.07.03:397][884]LogPlayLevel: [PIE] Compiling RunGameMode before PIE...
[2015.05.12-07.07.03:479][884]LogPlayLevel: [PIE] Compiling BP_EndLevel before PIE...
[2015.05.12-07.07.03:532][884]LogPlayLevel: [PIE] Compiling BP_MidLevel before PIE...
[2015.05.12-07.07.03:588][884]LogPlayLevel: [PIE] Compiling ShipCharacter before PIE...
[2015.05.12-07.07.03:787][884]LogPlayLevel: PIE:  Blueprint regeneration took 1118 ms (12 blueprints)
[2015.05.12-07.07.05:038][884]BlueprintLog: Info Blueprint RunHUD failed to compile
[2015.05.12-07.07.05:039][884]PIE: New page: PIE session: 2DSideScrollerExampleMap (13 May 2015 3:07:05 am)
[2015.05.12-07.07.05:048][884]LogPlayLevel: PIE: StaticDuplicateObject took: (0.009018s)
[2015.05.12-07.07.05:049][884]LogPlayLevel: PIE: World Init took: (0.000470s)
[2015.05.12-07.07.05:049][884]LogPlayLevel: PIE: Created PIE world by copying editor world from /Game/EndlessRunner/Maps/2DSideScrollerExampleMap.2DSideScrollerExampleMap to /Game/EndlessRunner/Maps/UEDPIE_0_2DSideScrollerExampleMap.2DSideScrollerExampleMap (0.009682s)
[2015.05.12-07.07.05:100][884]LogWorld: Game class is 'RunGameMode_C'
[2015.05.12-07.07.05:101][884]LogAIModule: Creating AISystem for world 2DSideScrollerExampleMap
[2015.05.12-07.07.05:112][884]LogWorld: Bringing World /Game/EndlessRunner/Maps/UEDPIE_0_2DSideScrollerExampleMap.2DSideScrollerExampleMap up for play (max tick rate 0) at 2015.05.12-17.07.05
[2015.05.12-07.07.05:113][884]LogWorld: Bringing up level for play took: 0.011076
[2015.05.12-07.07.05:124][884]PIE: Info Play in editor start time for /Game/EndlessRunner/Maps/UEDPIE_0_2DSideScrollerExampleMap 3.043
[2015.05.12-07.07.23:014][991]Cmd: OBJ SAVEPACKAGE PACKAGE="/Game/EndlessRunner/Blueprints/Hud" FILE="../../../../../../Users/Michael Herbert/Documents/GitHub/SpaceRace/Content/EndlessRunner/Blueprints/Hud.uasset" SILENT=true
[2015.05.12-07.07.23:037][991]LogSavePackage: Save=9.963953ms
[2015.05.12-07.07.23:037][991]LogSavePackage: Moving '../../../../../../Users/Michael Herbert/Documents/GitHub/SpaceRace/Saved/HudAFD903664AAC9E80474AB3BE1982FE68.tmp' to '../../../../../../Users/Michael Herbert/Documents/GitHub/SpaceRace/Content/EndlessRunner/Blueprints/Hud.uasset'
[2015.05.12-07.07.23:204][991]LogSavePackage: Save=145.599152ms
[2015.05.12-07.07.23:204][991]LogSavePackage: Moving '../../../../../../Users/Michael Herbert/Documents/GitHub/SpaceRace/Saved/ShipCharacter22D78633491579842537929E30A0F795.tmp' to '../../../../../../Users/Michael Herbert/Documents/GitHub/SpaceRace/Content/EndlessRunner/Blueprints/ShipCharacter.uasset'
[2015.05.12-07.07.25:710][991]LogFileHelpers: Saving map '2DSideScrollerExampleMap' took 2.501
[2015.05.12-07.07.27:091][991]Cmd: OBJ SAVEPACKAGE PACKAGE="/Game/EndlessRunner/UMG/RunHUD" FILE="../../../../../../Users/Michael Herbert/Documents/GitHub/SpaceRace/Content/EndlessRunner/UMG/RunHUD.uasset" SILENT=true
[2015.05.12-07.07.27:135][991]LogSavePackage: Save=31.872704ms
[2015.05.12-07.07.27:135][991]LogSavePackage: Moving '../../../../../../Users/Michael Herbert/Documents/GitHub/SpaceRace/Saved/RunHUDE8C65272411BEFDE3504E4A94D16DF07.tmp' to '../../../../../../Users/Michael Herbert/Documents/GitHub/SpaceRace/Content/EndlessRunner/UMG/RunHUD.uasset'
[2015.05.12-07.07.28:763][991]LogParticles: Destroying 0 GPU particle simulations for FXSystem 0x0000000010ACEA20
[2015.05.12-07.07.28:771][991]LogParticles: Destroying 0 GPU particle simulations for FXSystem 0x000000003F951940
[2015.05.12-07.07.28:883][992]Cmd: QUIT_EDITOR
[2015.05.12-07.07.29:111][992]LogExit: Preparing to exit.
[2015.05.12-07.07.30:033][992]LogExit: Editor shut down
[2015.05.12-07.07.30:033][992]LogExit: Transaction tracking system shut down
[2015.05.12-07.07.30:037][992]LogParticles: Destroying 0 GPU particle simulations for FXSystem 0x0000000010D58360
[2015.05.12-07.07.30:038][992]LogParticles: Destroying 0 GPU particle simulations for FXSystem 0x0000000021C820C0
[2015.05.12-07.07.30:038][992]LogParticles: Destroying 0 GPU particle simulations for FXSystem 0x00000000215E7920
[2015.05.12-07.07.30:040][992]LogParticles: Destroying 0 GPU particle simulations for FXSystem 0x0000000021A54AE0
[2015.05.12-07.07.30:118][992]LogExit: Object subsystem successfully closed.
[2015.05.12-07.07.30:165][992]LogModuleManager: Shutting down and abandoning module CrashTracker (178)
[2015.05.12-07.07.30:165][992]LogModuleManager: Shutting down and abandoning module SuperSearch (177)
[2015.05.12-07.07.30:165][992]LogModuleManager: Shutting down and abandoning module SceneOutliner (176)
[2015.05.12-07.07.30:165][992]LogModuleManager: Shutting down and abandoning module EditorWidgets (175)
[2015.05.12-07.07.30:165][992]LogModuleManager: Shutting down and abandoning module CollectionManager (174)
[2015.05.12-07.07.30:165][992]LogModuleManager: Shutting down and abandoning module StatsViewer (173)
[2015.05.12-07.07.30:165][992]LogModuleManager: Shutting down and abandoning module FoliageEdit (172)
[2015.05.12-07.07.30:165][992]LogModuleManager: Shutting down and abandoning module LandscapeEditor (171)
[2015.05.12-07.07.30:165][992]LogModuleManager: Shutting down and abandoning module MeshPaint (170)
[2015.05.12-07.07.30:165][992]LogModuleManager: Shutting down and abandoning module ActorPickerMode (169)
[2015.05.12-07.07.30:165][992]LogModuleManager: Shutting down and abandoning module GeometryMode (168)
[2015.05.12-07.07.30:165][992]LogModuleManager: Shutting down and abandoning module TextureAlignMode (167)
[2015.05.12-07.07.30:165][992]LogModuleManager: Shutting down and abandoning module BspMode (166)
[2015.05.12-07.07.30:165][992]LogModuleManager: Shutting down and abandoning module PlacementMode (165)
[2015.05.12-07.07.30:165][992]LogModuleManager: Shutting down and abandoning module AutomationWorker (164)
[2015.05.12-07.07.30:165][992]LogModuleManager: Shutting down and abandoning module CharacterAI (163)
[2015.05.12-07.07.30:165][992]LogModuleManager: Shutting down and abandoning module SmartSnapping (162)
[2015.05.12-07.07.30:165][992]LogModuleManager: Shutting down and abandoning module ViewportSnapping (161)
[2015.05.12-07.07.30:165][992]LogModuleManager: Shutting down and abandoning module LogVisualizer (160)
[2015.05.12-07.07.30:166][992]LogModuleManager: Shutting down and abandoning module GameProjectGeneration (159)
[2015.05.12-07.07.30:166][992]LogModuleManager: Shutting down and abandoning module IntroTutorials (158)
[2015.05.12-07.07.30:166][992]LogModuleManager: Shutting down and abandoning module EditorLiveStreaming (157)
[2015.05.12-07.07.30:166][992]LogModuleManager: Shutting down and abandoning module HardwareTargeting (156)
[2015.05.12-07.07.30:166][992]LogModuleManager: Shutting down and abandoning module DeviceProfileEditor (155)
[2015.05.12-07.07.30:166][992]LogModuleManager: Shutting down and abandoning module UndoHistory (154)
[2015.05.12-07.07.30:166][992]LogModuleManager: Shutting down and abandoning module GameplayTagsEditor (153)
[2015.05.12-07.07.30:166][992]LogModuleManager: Shutting down and abandoning module UserFeedback (152)
[2015.05.12-07.07.30:166][992]LogModuleManager: Shutting down and abandoning module XmlParser (151)
[2015.05.12-07.07.30:166][992]LogModuleManager: Shutting down and abandoning module Blutility (150)
[2015.05.12-07.07.30:166][992]LogModuleManager: Shutting down and abandoning module IOSPlatformEditor (149)
[2015.05.12-07.07.30:166][992]LogModuleManager: Shutting down and abandoning module IOSRuntimeSettings (148)
[2015.05.12-07.07.30:166][992]LogModuleManager: Shutting down and abandoning module AndroidDeviceDetection (147)
[2015.05.12-07.07.30:887][992]LogModuleManager: Shutting down and abandoning module AndroidPlatformEditor (146)
[2015.05.12-07.07.30:887][992]LogModuleManager: Shutting down and abandoning module AndroidRuntimeSettings (145)
[2015.05.12-07.07.30:887][992]LogModuleManager: Shutting down and abandoning module ProjectTargetPlatformEditor (144)
[2015.05.12-07.07.30:887][992]LogModuleManager: Shutting down and abandoning module ProjectSettingsViewer (143)
[2015.05.12-07.07.30:887][992]LogModuleManager: Shutting down and abandoning module InputBindingEditor (142)
[2015.05.12-07.07.30:887][992]LogModuleManager: Shutting down and abandoning module EditorSettingsViewer (141)
[2015.05.12-07.07.30:887][992]LogModuleManager: Shutting down and abandoning module SettingsEditor (140)
[2015.05.12-07.07.30:887][992]LogModuleManager: Shutting down and abandoning module ProjectLauncher (139)
[2015.05.12-07.07.30:887][992]LogModuleManager: Shutting down and abandoning module SessionFrontend (138)
[2015.05.12-07.07.30:887][992]LogModuleManager: Shutting down and abandoning module ProfilerClient (137)
[2015.05.12-07.07.30:887][992]LogModuleManager: Shutting down and abandoning module TargetDeviceServices (136)
[2015.05.12-07.07.30:887][992]LogModuleManager: Shutting down and abandoning module DeviceManager (135)
[2015.05.12-07.07.30:887][992]LogModuleManager: Shutting down and abandoning module AutomationController (134)
[2015.05.12-07.07.30:887][992]LogModuleManager: Shutting down and abandoning module AutomationWindow (133)
[2015.05.12-07.07.30:887][992]LogModuleManager: Shutting down and abandoning module Layers (132)
[2015.05.12-07.07.30:887][992]LogModuleManager: Shutting down and abandoning module ComponentVisualizers (131)
[2015.05.12-07.07.30:887][992]LogModuleManager: Shutting down and abandoning module DetailCustomizations (130)
[2015.05.12-07.07.30:887][992]LogModuleManager: Shutting down and abandoning module PackagesDialog (129)
[2015.05.12-07.07.30:887][992]LogModuleManager: Shutting down and abandoning module AssetRegistry (128)
[2015.05.12-07.07.30:966][992]LogModuleManager: Shutting down and abandoning module Persona (127)
[2015.05.12-07.07.30:966][992]LogModuleManager: Shutting down and abandoning module SlateReflector (126)
[2015.05.12-07.07.30:966][992]LogModuleManager: Shutting down and abandoning module LevelEditor (125)
[2015.05.12-07.07.30:967][992]LogModuleManager: Shutting down and abandoning module Kismet (124)
[2015.05.12-07.07.30:967][992]LogModuleManager: Shutting down and abandoning module GraphEditor (123)
[2015.05.12-07.07.30:967][992]LogModuleManager: Shutting down and abandoning module ClassViewer (122)
[2015.05.12-07.07.30:967][992]LogModuleManager: Shutting down and abandoning module Toolbox (121)
[2015.05.12-07.07.30:967][992]LogModuleManager: Shutting down and abandoning module ModuleUI (120)
[2015.05.12-07.07.30:967][992]LogModuleManager: Shutting down and abandoning module MovieSceneTools (119)
[2015.05.12-07.07.30:967][992]LogModuleManager: Shutting down and abandoning module OutputLog (118)
[2015.05.12-07.07.30:967][992]LogModuleManager: Shutting down and abandoning module GammaUI (117)
[2015.05.12-07.07.30:967][992]LogModuleManager: Shutting down and abandoning module Documentation (116)
[2015.05.12-07.07.30:967][992]LogModuleManager: Shutting down and abandoning module GameLiveStreaming (115)
[2015.05.12-07.07.30:967][992]LogModuleManager: Shutting down and abandoning module StreamingPauseRendering (114)
[2015.05.12-07.07.30:967][992]LogModuleManager: Shutting down and abandoning module HTTP (113)
[2015.05.12-07.07.30:967][992]LogModuleManager: Shutting down and abandoning module AnalyticsET (112)
[2015.05.12-07.07.30:967][992]LogModuleManager: Shutting down and abandoning module Analytics (111)
[2015.05.12-07.07.30:967][992]LogModuleManager: Shutting down and abandoning module AITestSuite (110)
[2015.05.12-07.07.30:967][992]LogModuleManager: Shutting down and abandoning module GameplayDebugger (109)
[2015.05.12-07.07.30:967][992]LogModuleManager: Shutting down and abandoning module AIModule (108)
[2015.05.12-07.07.30:967][992]LogModuleManager: Shutting down and abandoning module ProfilerService (107)
[2015.05.12-07.07.31:045][992]LogModuleManager: Shutting down and abandoning module TaskGraph (106)
[2015.05.12-07.07.31:045][992]LogModuleManager: Shutting down and abandoning module SlateRemote (105)
[2015.05.12-07.07.31:045][992]LogModuleManager: Shutting down and abandoning module ScriptEditorPlugin (104)
[2015.05.12-07.07.31:045][992]LogModuleManager: Shutting down and abandoning module CustomMeshComponent (103)
[2015.05.12-07.07.31:045][992]LogModuleManager: Shutting down and abandoning module CableComponent (102)
[2015.05.12-07.07.31:045][992]LogModuleManager: Shutting down and abandoning module MessagingDebugger (101)
[2015.05.12-07.07.31:045][992]LogModuleManager: Shutting down and abandoning module MediaPlayerEditor (100)
[2015.05.12-07.07.31:045][992]LogModuleManager: Shutting down and abandoning module SpeedTreeImporter (99)
[2015.05.12-07.07.31:045][992]LogModuleManager: Shutting down and abandoning module PluginsEditor (98)
[2015.05.12-07.07.31:045][992]LogModuleManager: Shutting down and abandoning module MainFrame (97)
[2015.05.12-07.07.31:045][992]LogModuleManager: Shutting down and abandoning module EpicSurvey (96)
[2015.05.12-07.07.31:045][992]LogModuleManager: Shutting down and abandoning module DesktopPlatform (95)
[2015.05.12-07.07.31:045][992]LogModuleManager: Shutting down and abandoning module DirectoryWatcher (94)
[2015.05.12-07.07.31:045][992]LogModuleManager: Shutting down and abandoning module HotReload (93)
[2015.05.12-07.07.31:045][992]LogModuleManager: Shutting down and abandoning module VisualStudioSourceCodeAccess (92)
[2015.05.12-07.07.31:045][992]LogModuleManager: Shutting down and abandoning module UObjectPlugin (91)
[2015.05.12-07.07.31:045][992]LogModuleManager: Shutting down and abandoning module SubversionSourceControl (90)
[2015.05.12-07.07.31:045][992]LogModuleManager: Shutting down and abandoning module PerforceSourceControl (89)
[2015.05.12-07.07.31:045][992]LogModuleManager: Shutting down and abandoning module SourceControl (88)
[2015.05.12-07.07.31:045][992]LogModuleManager: Shutting down and abandoning module GitSourceControl (87)
[2015.05.12-07.07.31:045][992]LogModuleManager: Shutting down and abandoning module BlankPlugin (86)
[2015.05.12-07.07.31:045][992]LogModuleManager: Shutting down and abandoning module PaperTiledImporter (85)
[2015.05.12-07.07.31:045][992]LogModuleManager: Shutting down and abandoning module PaperJsonImporter (84)
[2015.05.12-07.07.31:045][992]LogModuleManager: Shutting down and abandoning module ContentBrowser (83)
[2015.05.12-07.07.31:046][992]LogModuleManager: Shutting down and abandoning module Paper2DEditor (82)
[2015.05.12-07.07.31:046][992]LogModuleManager: Shutting down and abandoning module SpaceRace (81)
[2015.05.12-07.07.31:046][992]LogModuleManager: Shutting down and abandoning module ScriptPlugin (80)
[2015.05.12-07.07.31:046][992]LogModuleManager: Shutting down and abandoning module UdpMessaging (79)
[2015.05.12-07.07.31:146][992]LogModuleManager: Shutting down and abandoning module Paper2D (78)
[2015.05.12-07.07.31:146][992]LogModuleManager: Shutting down and abandoning module WindowsMoviePlayer (77)
[2015.05.12-07.07.31:147][992]LogModuleManager: Shutting down and abandoning module Media (76)
[2015.05.12-07.07.31:147][992]LogModuleManager: Shutting down and abandoning module WmfMedia (75)
[2015.05.12-07.07.31:148][992]LogModuleManager: Shutting down and abandoning module OnlineBlueprintSupport (74)
[2015.05.12-07.07.31:148][992]LogModuleManager: Shutting down and abandoning module PropertyEditor (73)
[2015.05.12-07.07.31:148][992]LogModuleManager: Shutting down and abandoning module BehaviorTreeEditor (72)
[2015.05.12-07.07.31:148][992]LogModuleManager: Shutting down and abandoning module FunctionalTesting (71)
[2015.05.12-07.07.31:148][992]LogModuleManager: Shutting down and abandoning module CollisionAnalyzer (70)
[2015.05.12-07.07.31:148][992]LogModuleManager: Shutting down and abandoning module WorkspaceMenuStructure (69)
[2015.05.12-07.07.31:148][992]LogModuleManager: Shutting down and abandoning module MessageLog (68)
[2015.05.12-07.07.31:148][992]LogModuleManager: Shutting down and abandoning module Sequencer (67)
[2015.05.12-07.07.31:148][992]LogModuleManager: Shutting down and abandoning module AssetTools (66)
[2015.05.12-07.07.31:148][992]LogModuleManager: Shutting down and abandoning module UMGEditor (65)
[2015.05.12-07.07.31:148][992]LogModuleManager: Shutting down and abandoning module UMG (64)
[2015.05.12-07.07.31:148][992]LogModuleManager: Shutting down and abandoning module Slate (63)
[2015.05.12-07.07.31:148][992]LogModuleManager: Shutting down and abandoning module EditorStyle (62)
[2015.05.12-07.07.31:151][992]LogModuleManager: Shutting down and abandoning module SessionServices (61)
[2015.05.12-07.07.31:151][992]LogModuleManager: Shutting down and abandoning module SourceCodeAccess (60)
[2015.05.12-07.07.31:151][992]LogModuleManager: Shutting down and abandoning module HeadMountedDisplay (59)
[2015.05.12-07.07.31:151][992]LogModuleManager: Shutting down and abandoning module XAudio2 (58)
[2015.05.12-07.07.31:151][992]LogModuleManager: Shutting down and abandoning module Networking (56)
[2015.05.12-07.07.31:151][992]LogModuleManager: Shutting down and abandoning module Core (55)
[2015.05.12-07.07.31:151][992]LogModuleManager: Shutting down and abandoning module KismetCompiler (54)
[2015.05.12-07.07.31:151][992]LogModuleManager: Shutting down and abandoning module PhysXFormats (53)
[2015.05.12-07.07.31:151][992]LogModuleManager: Shutting down and abandoning module MeshUtilities (52)
[2015.05.12-07.07.31:151][992]LogModuleManager: Shutting down and abandoning module DerivedDataCache (51)
[2015.05.12-07.07.31:219][992]LogDerivedDataCache: Shutdown
[2015.05.12-07.07.31:219][992]LogModuleManager: Shutting down and abandoning module ShaderFormatOpenGL (50)
[2015.05.12-07.07.31:219][992]LogModuleManager: Shutting down and abandoning module ShaderFormatD3D (49)
[2015.05.12-07.07.31:219][992]LogModuleManager: Shutting down and abandoning module MetalShaderFormat (48)
[2015.05.12-07.07.31:219][992]LogModuleManager: Shutting down and abandoning module TextureFormatUncompressed (47)
[2015.05.12-07.07.31:219][992]LogModuleManager: Shutting down and abandoning module TextureFormatPVR (46)
[2015.05.12-07.07.31:219][992]LogModuleManager: Shutting down and abandoning module TextureFormatIntelISPCTexComp (45)
[2015.05.12-07.07.31:219][992]LogModuleManager: Shutting down and abandoning module TextureFormatDXT (44)
[2015.05.12-07.07.31:219][992]LogModuleManager: Shutting down and abandoning module ImageWrapper (43)
[2015.05.12-07.07.31:219][992]LogModuleManager: Shutting down and abandoning module TextureFormatASTC (42)
[2015.05.12-07.07.31:219][992]LogModuleManager: Shutting down and abandoning module TextureFormatAndroid (41)
[2015.05.12-07.07.31:219][992]LogModuleManager: Shutting down and abandoning module AudioFormatOpus (40)
[2015.05.12-07.07.31:219][992]LogModuleManager: Shutting down and abandoning module AudioFormatOgg (39)
[2015.05.12-07.07.31:219][992]LogModuleManager: Shutting down and abandoning module AudioFormatADPCM (38)
[2015.05.12-07.07.31:219][992]LogModuleManager: Shutting down and abandoning module LinuxTargetPlatform (37)
[2015.05.12-07.07.31:219][992]LogModuleManager: Shutting down and abandoning module LinuxServerTargetPlatform (36)
[2015.05.12-07.07.31:219][992]LogModuleManager: Shutting down and abandoning module LinuxNoEditorTargetPlatform (35)
[2015.05.12-07.07.31:219][992]LogModuleManager: Shutting down and abandoning module Messaging (34)
[2015.05.12-07.07.31:219][992]LogModuleManager: Shutting down and abandoning module IOSTargetPlatform (33)
[2015.05.12-07.07.31:219][992]LogModuleManager: Shutting down and abandoning module HTML5TargetPlatform (32)
[2015.05.12-07.07.31:219][992]LogModuleManager: Shutting down and abandoning module Android_PVRTCTargetPlatform (31)
[2015.05.12-07.07.31:219][992]LogModuleManager: Shutting down and abandoning module Android_ETC2TargetPlatform (30)
[2015.05.12-07.07.31:219][992]LogModuleManager: Shutting down and abandoning module Android_ETC1TargetPlatform (29)
[2015.05.12-07.07.31:219][992]LogModuleManager: Shutting down and abandoning module Android_ES31TargetPlatform (28)
[2015.05.12-07.07.31:219][992]LogModuleManager: Shutting down and abandoning module Android_DXTTargetPlatform (27)
[2015.05.12-07.07.31:219][992]LogModuleManager: Shutting down and abandoning module Android_ATCTargetPlatform (26)
[2015.05.12-07.07.31:219][992]LogModuleManager: Shutting down and abandoning module AndroidTargetPlatform (25)
[2015.05.12-07.07.31:219][992]LogModuleManager: Shutting down and abandoning module WindowsTargetPlatform (24)
[2015.05.12-07.07.31:219][992]LogModuleManager: Shutting down and abandoning module WindowsServerTargetPlatform (23)
[2015.05.12-07.07.31:219][992]LogModuleManager: Shutting down and abandoning module WindowsNoEditorTargetPlatform (22)
[2015.05.12-07.07.31:219][992]LogModuleManager: Shutting down and abandoning module WindowsClientTargetPlatform (21)
[2015.05.12-07.07.31:219][992]LogModuleManager: Shutting down and abandoning module TargetPlatform (20)
[2015.05.12-07.07.31:219][992]LogModuleManager: Shutting down and abandoning module InputCore (19)
[2015.05.12-07.07.31:219][992]LogModuleManager: Shutting down and abandoning module Settings (18)
[2015.05.12-07.07.31:219][992]LogModuleManager: Shutting down and abandoning module OnlineSubsystem (16)
[2015.05.12-07.07.31:219][992]LogModuleManager: Shutting down and abandoning module OculusRift (15)
[2015.05.12-07.07.31:219][992]LogModuleManager: Shutting down and abandoning module ExampleDeviceProfileSelector (14)
[2015.05.12-07.07.31:219][992]LogModuleManager: Shutting down and abandoning module TextureCompressor (13)
[2015.05.12-07.07.31:219][992]LogModuleManager: Shutting down and abandoning module ShaderCore (12)
[2015.05.12-07.07.31:219][992]LogModuleManager: Shutting down and abandoning module Landscape (11)
[2015.05.12-07.07.31:219][992]LogModuleManager: Shutting down and abandoning module SlateRHIRenderer (10)
[2015.05.12-07.07.31:222][992]LogModuleManager: Shutting down and abandoning module OpenGLDrv (9)
[2015.05.12-07.07.31:222][992]LogModuleManager: Shutting down and abandoning module D3D11RHI (8)
[2015.05.12-07.07.31:222][992]LogModuleManager: Shutting down and abandoning module Renderer (7)
[2015.05.12-07.07.31:222][992]LogModuleManager: Shutting down and abandoning module Engine (6)
[2015.05.12-07.07.31:222][992]LogModuleManager: Shutting down and abandoning module CoreUObject (5)
[2015.05.12-07.07.31:222][992]LogModuleManager: Shutting down and abandoning module NetworkFile (4)
[2015.05.12-07.07.31:222][992]LogModuleManager: Shutting down and abandoning module StreamingFile (3)
[2015.05.12-07.07.31:222][992]LogModuleManager: Shutting down and abandoning module SandboxFile (2)
[2015.05.12-07.07.31:222][992]LogModuleManager: Shutting down and abandoning module PakFile (1)
[2015.05.12-07.07.31:222][992]LogExit: Exiting.
[2015.05.12-07.07.31:227][992]Log file closed, 05/12/15 17:07:31
