Log file open, 05/21/15 11:46:44
LogInit:Display: Running engine for game: SpaceRace
LogInit: Version: 4.7.6-2513093+++depot+UE4-Releases+4.7
LogInit: API Version: 2455222
LogInit: Compiled (64-bit): Apr 15 2015 12:09:54
LogInit: Compiled with Visual C++: 18.00.21005.01
LogInit: Build Configuration: Development
LogInit: Branch Name: ++depot+UE4-Releases+4.7
LogInit: Command line: 
LogInit: Base directory: W:/Epic Games/4.7/Engine/Binaries/Win64/
LogInit: Rocket: 1
[2015.05.21-01.46.44:311][  0]LogTaskGraph: Started task graph with 3 named threads and 8 total threads.
[2015.05.21-01.46.44:380][  0]LogOnline:Warning: No default platform service specified for OnlineSubsystem
[2015.05.21-01.46.44:390][  0]LogInit: Presizing for 0 objects not considered by GC, pre-allocating 0 bytes.
[2015.05.21-01.46.44:399][  0]LogInit: Object subsystem initialized
[2015.05.21-01.46.44:400][  0]LogConsoleResponse:Warning: Skipping Unknown console variable: 'TranslucentSortAxis = (X=0.000000,Y=-1.000000,Z=0.000000)'
[2015.05.21-01.46.44:400][  0]LogConsoleResponse:Warning:   Found in ini file 'C:/Users/n8400962/Documents/GitHub/SpaceRace/Saved/Config/Windows/Engine.ini', in section '[/Script/Engine.RendererSettings]'
[2015.05.21-01.46.44:400][  0]LogConsoleResponse:Warning: Skipping Unknown console variable: 'UIScaleRule = ShortestSide'
[2015.05.21-01.46.44:400][  0]LogConsoleResponse:Warning:   Found in ini file 'C:/Users/n8400962/Documents/GitHub/SpaceRace/Saved/Config/Windows/Engine.ini', in section '[/Script/Engine.RendererSettings]'
[2015.05.21-01.46.44:400][  0]LogConsoleResponse:Warning: Skipping Unknown console variable: 'UIScaleCurve = (EditorCurveData=(Keys=),ExternalCurve=None)'
[2015.05.21-01.46.44:400][  0]LogConsoleResponse:Warning:   Found in ini file 'C:/Users/n8400962/Documents/GitHub/SpaceRace/Saved/Config/Windows/Engine.ini', in section '[/Script/Engine.RendererSettings]'
[2015.05.21-01.46.44:401][  0]LogInit: Selected Device Profile: [Windows]
[2015.05.21-01.46.44:401][  0]LogInit: Applying CVar settings loaded from the selected device profile: [Windows]
[2015.05.21-01.46.44:404][  0]LogInit: Computer: LAB-SEFS515-02
[2015.05.21-01.46.44:404][  0]LogInit: User: n8400962
[2015.05.21-01.46.44:404][  0]LogInit: CPU Page size=4096, Cores=6
[2015.05.21-01.46.44:404][  0]LogInit: High frequency timer resolution =3.222705 MHz
[2015.05.21-01.46.44:404][  0]LogMemory: Memory total: Physical=32.0GB (32GB approx) Virtual=8192.0GB
[2015.05.21-01.46.44:404][  0]LogMemory: Platform Memory Stats for Windows
[2015.05.21-01.46.44:404][  0]LogMemory: Process Physical Memory: 49.46 MB used, 49.46 MB peak
[2015.05.21-01.46.44:404][  0]LogMemory: Process Virtual Memory: 29.47 MB used, 29.48 MB peak
[2015.05.21-01.46.44:404][  0]LogMemory: Physical Memory: 4050.23 MB used, 32720.52 MB total
[2015.05.21-01.46.44:404][  0]LogMemory: Virtual Memory: 283.13 MB used, 8388608.00 MB total
[2015.05.21-01.46.44:429][  0]LogD3D11RHI: Found D3D11 adapter 0: NVIDIA GeForce GTX 680 (Feature Level 11_0)
[2015.05.21-01.46.44:429][  0]LogD3D11RHI: Adapter has 1990MB of dedicated video memory, 0MB of dedicated system memory, and 2048MB of shared system memory, 1 output[s]
[2015.05.21-01.46.44:429][  0]LogD3D11RHI: Chosen D3D11 Adapter Id = 0
[2015.05.21-01.46.44:432][  0]LogRHI: Texture pool is 1361 MB (70% of 1945 MB)
[2015.05.21-01.46.44:438][  0]LogD3D11RHI: Async texture creation enabled
[2015.05.21-01.46.44:487][  0]LogTextLocalizationManager: The requested culture ('en_AU') has no localization data; parent culture's ('en') localization data will be used.
[2015.05.21-01.46.44:537][  0]LogTextLocalizationManager:Warning: Loading localization resources contain conflicting entries for (Namespace:UICommands, Key:Save_ToolTip):
Resource: (W:/Epic Games/4.7/Engine/Content/Localization/Editor/en/Editor.locres) Hash: (-29098895) String: (Saves the current level to disk)
Resource: (W:/Epic Games/4.7/Engine/Content/Localization/Engine/en/Engine.locres) Hash: (-1280300587) String: (Save selected data to vlog file)
[2015.05.21-01.46.44:537][  0]LogTextLocalizationManager:Warning: Loading localization resources contain conflicting entries for (Namespace:ContentBrowser, Key:ImportAssetToolTip):
Resource: (W:/Epic Games/4.7/Engine/Content/Localization/Editor/en/Editor.locres) Hash: (-630476809) String: (Import to {0}...)
Resource: (W:/Epic Games/4.7/Engine/Content/Localization/Editor/en/Editor.locres) Hash: (1271782899) String: (Imports an asset from file to this folder.)
[2015.05.21-01.46.44:606][  0]LogContentStreaming: Texture pool size is 0.000000MB
[2015.05.21-01.46.46:563][  0]LogTargetPlatformManager:Display: Building Assets For Windows
[2015.05.21-01.46.46:972][  0]LogTargetPlatformManager:Display: Building Assets For Windows
[2015.05.21-01.46.47:023][  0]LogDerivedDataCache:Display: Max Cache Size: 512 MB
[2015.05.21-01.46.47:054][  0]LogDerivedDataCache: Loaded boot cache 0.03s 39MB C:/Users/n8400962/AppData/Local/UnrealEngine/4.7/DerivedDataCache/Boot.ddc.
[2015.05.21-01.46.47:054][  0]LogDerivedDataCache:Display: Loaded Boot cache: C:/Users/n8400962/AppData/Local/UnrealEngine/4.7/DerivedDataCache/Boot.ddc
[2015.05.21-01.46.47:054][  0]LogDerivedDataCache: FDerivedDataBackendGraph:  Pak pak cache file C:/Users/n8400962/Documents/GitHub/SpaceRace/DerivedDataCache/DDC.ddp not found, will not use a pak cache.
[2015.05.21-01.46.47:054][  0]LogDerivedDataCache: Unable to find inner node Pak for hierarchical cache Hierarchy.
[2015.05.21-01.46.47:164][  0]LogDerivedDataCache:Display: Pak cache opened for reading ../../../Engine/DerivedDataCache/Compressed.ddp.
[2015.05.21-01.46.47:175][  0]LogDerivedDataCache: Using Local data cache path C:/Users/n8400962/AppData/Local/UnrealEngine/Common/DerivedDataCache: Writable
[2015.05.21-01.46.47:435][  0]LogMeshUtilities: No automatic mesh reduction module available
[2015.05.21-01.46.47:435][  0]LogMeshUtilities: No automatic mesh merging module available
[2015.05.21-01.46.47:746][  0]LogInit: WinSock: version 1.1 (2.2), MaxSocks=32767, MaxUdp=65467
[2015.05.21-01.46.47:805][  0]LogSlate:Warning: Failed to load font data from '../../../Engine/Content/Slate/Fonts/Roboto-Italic.ttf'
[2015.05.21-01.46.48:445][  0]UdpMessaging: Initializing bridge on interface 0.0.0.0:0 to multicast group 230.0.0.1:6666.
[2015.05.21-01.46.48:616][  0]SourceControl: Info Source control is disabled
[2015.05.21-01.46.48:616][  0]SourceControl: Info Source control is disabled
[2015.05.21-01.46.48:616][  0]SourceControl: Info Source control is disabled
[2015.05.21-01.46.48:616][  0]LogSourceControl: RunCommandInternalRaw: 'git version'
[2015.05.21-01.46.48:616][  0]LogSourceControl: RunCommandInternalRaw: ExecProcess ReturnCode=2 OutResults=''
[2015.05.21-01.46.48:623][  0]SourceControl: Info Source control is disabled
[2015.05.21-01.46.48:766][  0]LogObj: 24236 objects as part of root set at end of initial load.
[2015.05.21-01.46.48:766][  0]LogUObjectAllocator: 5138800 out of 0 bytes used by permanent object pool.
[2015.05.21-01.46.48:835][  0]LogEngine: Initializing Engine...
[2015.05.21-01.46.51:972][  0]LogInit: XAudio2 using 'DELL S2340T-4 (NVIDIA High Definition Audio)' : 2 channels at 48 kHz using 16 bits per sample (channel mask 0x3)
[2015.05.21-01.46.51:986][  0]LogInit: FAudioDevice initialized.
[2015.05.21-01.46.52:015][  0]LogAIModule: Creating AISystem for world NewWorld
[2015.05.21-01.46.52:032][  0]LogDerivedDataCache: Saved boot cache 0.02s 39MB C:/Users/n8400962/AppData/Local/UnrealEngine/4.7/DerivedDataCache/Boot.ddc.
[2015.05.21-01.46.52:036][  0]LogInit: Texture streaming: Enabled
[2015.05.21-01.46.52:113][  0]LogAnalytics: Creating configured Analytics provider AnalyticsET
[2015.05.21-01.46.52:113][  0]LogAnalytics: ET APIKey = Rocket.Release. APIServer = http://et2.epicgames.com/ET2/. AppVersion = 4.7.6-2513093+++depot+UE4-Releases+4.7
[2015.05.21-01.46.52:113][  0]LogAnalytics: ET APIKey = Rocket.Release. DataRouterUploadURL = https://datarouter-public-service-gamedev.ol.epicgames.net/datarouter/api/v1/public/data. AppVersion = 4.7.6-2513093+++depot+UE4-Releases+4.7
[2015.05.21-01.46.52:113][  0]LogAnalytics: SetUserId ac3a28774ddc6aab31786bb8a1a45989||88cf9443-166a-43f7-9f17-b5321103ecb1
[2015.05.21-01.46.52:113][  0]LogAnalytics: AnalyticsET::StartSession [Rocket.Release]
[2015.05.21-01.46.52:127][  0]LogInit: Transaction tracking system initialized
[2015.05.21-01.46.52:258][  0]BlueprintLog: New page: Editor Load
[2015.05.21-01.46.52:287][  0]LogAssetRegistry: FAssetRegistry took 0.0097 seconds to start up
[2015.05.21-01.46.52:287][  0]LogDirectoryWatcher:Warning: Failed to begin reading directory changes for ../../../Engine/Plugins/Experimental/CharacterAI/Content/. Error: 0
[2015.05.21-01.46.52:718][  0]LogTargetPlatformManager:Display: Building Assets For Windows
[2015.05.21-01.46.53:015][  0]LogTargetPlatformManager:Display: Building Assets For Windows
[2015.05.21-01.46.53:210][  0]LogSlate:Warning: Failed to load font data from '../../../Engine/Content/Editor/Slate/Fonts/Roboto-Regular.ttf'
[2015.05.21-01.46.53:210][  0]LogSlate:Warning: Failed to load font data from '../../../Engine/Content/Editor/Slate/Fonts/Roboto-Bold.ttf'
[2015.05.21-01.46.53:214][  0]LogConsoleResponse:Display: 
[2015.05.21-01.46.53:336][  0]LogCook:Display: Done creating registry. It took  0.00s.
[2015.05.21-01.46.53:445][  0]SourceControl: Info Source control is disabled
[2015.05.21-01.46.53:445][  0]Cmd: MAP LOAD FILE="C:/Users/n8400962/Documents/GitHub/SpaceRace/Content/EndlessRunner/Maps/2DSideScrollerExampleMap.umap" TEMPLATE=0 SHOWPROGRESS=1 FEATURELEVEL=3
[2015.05.21-01.46.53:445][  0]LightingResults: New page: Lighting Build
[2015.05.21-01.46.53:455][  0]MapCheck: New page: Map Check
[2015.05.21-01.46.53:455][  0]LightingResults: New page: Lighting Build
[2015.05.21-01.46.53:460][  0]LogParticles: Destroying 0 GPU particle simulations for FXSystem 0x000000000419A980
[2015.05.21-01.47.02:843][  0]LogEditorServer: Finished looking for orphan Actors (0.000 secs)
[2015.05.21-01.47.02:843][  0]LogAIModule: Creating AISystem for world 2DSideScrollerExampleMap
[2015.05.21-01.47.02:844][  0]Cmd: MAP CHECKDEP
[2015.05.21-01.47.02:844][  0]MapCheck: New page: 2DSideScrollerExampleMap - 21 May 2015 9:47:02 pm
[2015.05.21-01.47.03:328][  0]MapCheck:Warning: Warning Sprite0 PaperFlipbookComponent /Game/EndlessRunner/Maps/2DSideScrollerExampleMap.2DSideScrollerExampleMap:PersistentLevel.ShipCharacter_C_0.Sprite0 : Externally referenced 
[2015.05.21-01.47.03:328][  0]MapCheck:Warning: Warning PaperFlipbook1 PaperFlipbookComponent /Game/EndlessRunner/Maps/2DSideScrollerExampleMap.2DSideScrollerExampleMap:PersistentLevel.ShipCharacter_C_0.PaperFlipbook1 : Externally referenced 
[2015.05.21-01.47.03:328][  0]MapCheck:Warning: Warning PaperFlipbook2 PaperFlipbookComponent /Game/EndlessRunner/Maps/2DSideScrollerExampleMap.2DSideScrollerExampleMap:PersistentLevel.ShipCharacter_C_0.PaperFlipbook2 : Externally referenced 
[2015.05.21-01.47.03:328][  0]MapCheck:Warning: Warning PaperFlipbook PaperFlipbookComponent /Game/EndlessRunner/Maps/2DSideScrollerExampleMap.2DSideScrollerExampleMap:PersistentLevel.ShipCharacter_C_0.PaperFlipbook : Externally referenced 
[2015.05.21-01.47.03:328][  0]MapCheck:Warning: Warning PaperFlipbook PaperFlipbookComponent /Game/EndlessRunner/Maps/2DSideScrollerExampleMap.2DSideScrollerExampleMap:PersistentLevel.BP_Coin_C_2199.PaperFlipbook : Externally referenced 
[2015.05.21-01.47.03:328][  0]MapCheck:Warning: Warning PaperFlipbook PaperFlipbookComponent /Game/EndlessRunner/Maps/2DSideScrollerExampleMap.2DSideScrollerExampleMap:PersistentLevel.BP_Coin_C_2200.PaperFlipbook : Externally referenced 
[2015.05.21-01.47.03:328][  0]MapCheck:Warning: Warning PaperFlipbook PaperFlipbookComponent /Game/EndlessRunner/Maps/2DSideScrollerExampleMap.2DSideScrollerExampleMap:PersistentLevel.BP_Coin_C_2201.PaperFlipbook : Externally referenced 
[2015.05.21-01.47.03:328][  0]MapCheck:Warning: Warning PaperFlipbook PaperFlipbookComponent /Game/EndlessRunner/Maps/2DSideScrollerExampleMap.2DSideScrollerExampleMap:PersistentLevel.BP_Coin_C_2202.PaperFlipbook : Externally referenced 
[2015.05.21-01.47.03:328][  0]MapCheck:Warning: Warning PaperFlipbook PaperFlipbookComponent /Game/EndlessRunner/Maps/2DSideScrollerExampleMap.2DSideScrollerExampleMap:PersistentLevel.BP_Coin_C_2203.PaperFlipbook : Externally referenced 
[2015.05.21-01.47.03:329][  0]MapCheck:Warning: Warning PaperFlipbook PaperFlipbookComponent /Game/EndlessRunner/Maps/2DSideScrollerExampleMap.2DSideScrollerExampleMap:PersistentLevel.BP_Coin_C_2204.PaperFlipbook : Externally referenced 
[2015.05.21-01.47.03:329][  0]MapCheck:Warning: Warning PaperFlipbook PaperFlipbookComponent /Game/EndlessRunner/Maps/2DSideScrollerExampleMap.2DSideScrollerExampleMap:PersistentLevel.BP_Coin_C_2205.PaperFlipbook : Externally referenced 
[2015.05.21-01.47.03:329][  0]MapCheck:Warning: Warning PaperFlipbook PaperFlipbookComponent /Game/EndlessRunner/Maps/2DSideScrollerExampleMap.2DSideScrollerExampleMap:PersistentLevel.BP_Coin_C_2206.PaperFlipbook : Externally referenced 
[2015.05.21-01.47.03:329][  0]MapCheck:Warning: Warning PaperFlipbook PaperFlipbookComponent /Game/EndlessRunner/Maps/2DSideScrollerExampleMap.2DSideScrollerExampleMap:PersistentLevel.BP_Coin_C_2207.PaperFlipbook : Externally referenced 
[2015.05.21-01.47.03:329][  0]MapCheck:Warning: Warning PaperFlipbook PaperFlipbookComponent /Game/EndlessRunner/Maps/2DSideScrollerExampleMap.2DSideScrollerExampleMap:PersistentLevel.BP_Coin_C_2208.PaperFlipbook : Externally referenced 
[2015.05.21-01.47.03:329][  0]MapCheck:Warning: Warning PaperFlipbook PaperFlipbookComponent /Game/EndlessRunner/Maps/2DSideScrollerExampleMap.2DSideScrollerExampleMap:PersistentLevel.BP_Coin_C_2209.PaperFlipbook : Externally referenced 
[2015.05.21-01.47.03:329][  0]MapCheck:Warning: Warning PaperFlipbook PaperFlipbookComponent /Game/EndlessRunner/Maps/2DSideScrollerExampleMap.2DSideScrollerExampleMap:PersistentLevel.BP_Coin_C_1023.PaperFlipbook : Externally referenced 
[2015.05.21-01.47.03:329][  0]MapCheck:Warning: Warning PaperFlipbook PaperFlipbookComponent /Game/EndlessRunner/Maps/2DSideScrollerExampleMap.2DSideScrollerExampleMap:PersistentLevel.BP_Coin_C_1024.PaperFlipbook : Externally referenced 
[2015.05.21-01.47.03:329][  0]MapCheck:Warning: Warning PaperFlipbook PaperFlipbookComponent /Game/EndlessRunner/Maps/2DSideScrollerExampleMap.2DSideScrollerExampleMap:PersistentLevel.BP_Coin_C_1025.PaperFlipbook : Externally referenced 
[2015.05.21-01.47.03:329][  0]MapCheck:Warning: Warning PaperFlipbook PaperFlipbookComponent /Game/EndlessRunner/Maps/2DSideScrollerExampleMap.2DSideScrollerExampleMap:PersistentLevel.BP_Coin_C_1026.PaperFlipbook : Externally referenced 
[2015.05.21-01.47.03:330][  0]MapCheck:Warning: Warning PaperFlipbook PaperFlipbookComponent /Game/EndlessRunner/Maps/2DSideScrollerExampleMap.2DSideScrollerExampleMap:PersistentLevel.BP_Coin_C_1027.PaperFlipbook : Externally referenced 
[2015.05.21-01.47.03:330][  0]MapCheck:Warning: Warning PaperFlipbook PaperFlipbookComponent /Game/EndlessRunner/Maps/2DSideScrollerExampleMap.2DSideScrollerExampleMap:PersistentLevel.BP_Coin_C_1028.PaperFlipbook : Externally referenced 
[2015.05.21-01.47.03:330][  0]MapCheck:Warning: Warning PaperFlipbook PaperFlipbookComponent /Game/EndlessRunner/Maps/2DSideScrollerExampleMap.2DSideScrollerExampleMap:PersistentLevel.BP_Coin_C_1029.PaperFlipbook : Externally referenced 
[2015.05.21-01.47.03:330][  0]MapCheck:Warning: Warning PaperFlipbook PaperFlipbookComponent /Game/EndlessRunner/Maps/2DSideScrollerExampleMap.2DSideScrollerExampleMap:PersistentLevel.BP_Coin_C_1030.PaperFlipbook : Externally referenced 
[2015.05.21-01.47.03:330][  0]MapCheck:Warning: Warning PaperFlipbook PaperFlipbookComponent /Game/EndlessRunner/Maps/2DSideScrollerExampleMap.2DSideScrollerExampleMap:PersistentLevel.BP_Coin_C_1031.PaperFlipbook : Externally referenced 
[2015.05.21-01.47.03:330][  0]MapCheck:Warning: Warning PaperFlipbook PaperFlipbookComponent /Game/EndlessRunner/Maps/2DSideScrollerExampleMap.2DSideScrollerExampleMap:PersistentLevel.BP_Coin_C_1032.PaperFlipbook : Externally referenced 
[2015.05.21-01.47.03:330][  0]MapCheck:Warning: Warning PaperFlipbook PaperFlipbookComponent /Game/EndlessRunner/Maps/2DSideScrollerExampleMap.2DSideScrollerExampleMap:PersistentLevel.BP_Coin_C_1033.PaperFlipbook : Externally referenced 
[2015.05.21-01.47.03:330][  0]MapCheck:Warning: Warning PaperFlipbook PaperFlipbookComponent /Game/EndlessRunner/Maps/2DSideScrollerExampleMap.2DSideScrollerExampleMap:PersistentLevel.BP_Coin3_127.PaperFlipbook : Externally referenced 
[2015.05.21-01.47.03:330][  0]MapCheck:Warning: Warning PaperFlipbook PaperFlipbookComponent /Game/EndlessRunner/Maps/2DSideScrollerExampleMap.2DSideScrollerExampleMap:PersistentLevel.BP_Coin4_258.PaperFlipbook : Externally referenced 
[2015.05.21-01.47.03:330][  0]MapCheck:Warning: Warning PaperFlipbook PaperFlipbookComponent /Game/EndlessRunner/Maps/2DSideScrollerExampleMap.2DSideScrollerExampleMap:PersistentLevel.BP_Coin5_377.PaperFlipbook : Externally referenced 
[2015.05.21-01.47.03:330][  0]MapCheck:Warning: Warning PaperFlipbook PaperFlipbookComponent /Game/EndlessRunner/Maps/2DSideScrollerExampleMap.2DSideScrollerExampleMap:PersistentLevel.BP_Coin6_576.PaperFlipbook : Externally referenced 
[2015.05.21-01.47.03:331][  0]MapCheck:Warning: Warning PaperFlipbook PaperFlipbookComponent /Game/EndlessRunner/Maps/2DSideScrollerExampleMap.2DSideScrollerExampleMap:PersistentLevel.BP_Coin7_707.PaperFlipbook : Externally referenced 
[2015.05.21-01.47.03:331][  0]MapCheck:Warning: Warning PaperFlipbook PaperFlipbookComponent /Game/EndlessRunner/Maps/2DSideScrollerExampleMap.2DSideScrollerExampleMap:PersistentLevel.BP_Coin8_846.PaperFlipbook : Externally referenced 
[2015.05.21-01.47.03:331][  0]MapCheck:Warning: Warning PaperFlipbook PaperFlipbookComponent /Game/EndlessRunner/Maps/2DSideScrollerExampleMap.2DSideScrollerExampleMap:PersistentLevel.BP_Coin9_961.PaperFlipbook : Externally referenced 
[2015.05.21-01.47.03:331][  0]MapCheck:Warning: Warning PaperFlipbook PaperFlipbookComponent /Game/EndlessRunner/Maps/2DSideScrollerExampleMap.2DSideScrollerExampleMap:PersistentLevel.BP_Coin10_1092.PaperFlipbook : Externally referenced 
[2015.05.21-01.47.03:331][  0]MapCheck:Warning: Warning PaperFlipbook PaperFlipbookComponent /Game/EndlessRunner/Maps/2DSideScrollerExampleMap.2DSideScrollerExampleMap:PersistentLevel.BP_Coin11_1239.PaperFlipbook : Externally referenced 
[2015.05.21-01.47.03:331][  0]MapCheck:Warning: Warning PaperFlipbook PaperFlipbookComponent /Game/EndlessRunner/Maps/2DSideScrollerExampleMap.2DSideScrollerExampleMap:PersistentLevel.BP_Coin12_1430.PaperFlipbook : Externally referenced 
[2015.05.21-01.47.03:331][  0]MapCheck:Warning: Warning PaperFlipbook PaperFlipbookComponent /Game/EndlessRunner/Maps/2DSideScrollerExampleMap.2DSideScrollerExampleMap:PersistentLevel.BP_Coin_C_550.PaperFlipbook : Externally referenced 
[2015.05.21-01.47.03:331][  0]MapCheck:Warning: Warning PaperFlipbook PaperFlipbookComponent /Game/EndlessRunner/Maps/2DSideScrollerExampleMap.2DSideScrollerExampleMap:PersistentLevel.BP_Coin_C_551.PaperFlipbook : Externally referenced 
[2015.05.21-01.47.03:331][  0]MapCheck:Warning: Warning PaperFlipbook PaperFlipbookComponent /Game/EndlessRunner/Maps/2DSideScrollerExampleMap.2DSideScrollerExampleMap:PersistentLevel.BP_Coin_C_552.PaperFlipbook : Externally referenced 
[2015.05.21-01.47.03:331][  0]MapCheck:Warning: Warning PaperFlipbook PaperFlipbookComponent /Game/EndlessRunner/Maps/2DSideScrollerExampleMap.2DSideScrollerExampleMap:PersistentLevel.BP_Coin_C_553.PaperFlipbook : Externally referenced 
[2015.05.21-01.47.03:331][  0]MapCheck:Warning: Warning PaperFlipbook PaperFlipbookComponent /Game/EndlessRunner/Maps/2DSideScrollerExampleMap.2DSideScrollerExampleMap:PersistentLevel.BP_Coin_C_554.PaperFlipbook : Externally referenced 
[2015.05.21-01.47.03:332][  0]MapCheck:Warning: Warning PaperFlipbook PaperFlipbookComponent /Game/EndlessRunner/Maps/2DSideScrollerExampleMap.2DSideScrollerExampleMap:PersistentLevel.BP_Coin_C_555.PaperFlipbook : Externally referenced 
[2015.05.21-01.47.03:332][  0]MapCheck:Warning: Warning PaperFlipbook PaperFlipbookComponent /Game/EndlessRunner/Maps/2DSideScrollerExampleMap.2DSideScrollerExampleMap:PersistentLevel.BP_Coin_C_556.PaperFlipbook : Externally referenced 
[2015.05.21-01.47.03:332][  0]MapCheck:Warning: Warning PaperFlipbook PaperFlipbookComponent /Game/EndlessRunner/Maps/2DSideScrollerExampleMap.2DSideScrollerExampleMap:PersistentLevel.BP_Coin_C_557.PaperFlipbook : Externally referenced 
[2015.05.21-01.47.03:332][  0]MapCheck:Warning: Warning PaperFlipbook PaperFlipbookComponent /Game/EndlessRunner/Maps/2DSideScrollerExampleMap.2DSideScrollerExampleMap:PersistentLevel.BP_Coin_C_558.PaperFlipbook : Externally referenced 
[2015.05.21-01.47.03:332][  0]MapCheck:Warning: Warning PaperFlipbook PaperFlipbookComponent /Game/EndlessRunner/Maps/2DSideScrollerExampleMap.2DSideScrollerExampleMap:PersistentLevel.BP_Coin_C_559.PaperFlipbook : Externally referenced 
[2015.05.21-01.47.03:332][  0]MapCheck:Warning: Warning PaperFlipbook PaperFlipbookComponent /Game/EndlessRunner/Maps/2DSideScrollerExampleMap.2DSideScrollerExampleMap:PersistentLevel.BP_Coin_C_560.PaperFlipbook : Externally referenced 
[2015.05.21-01.47.03:332][  0]MapCheck:Warning: Warning PaperSprite PaperSpriteComponent /Game/EndlessRunner/Maps/2DSideScrollerExampleMap.2DSideScrollerExampleMap:PersistentLevel.BP_StartLevel_416.PaperSprite : Externally referenced 
[2015.05.21-01.47.03:332][  0]MapCheck:Warning: Warning PaperSprite PaperSpriteComponent /Game/EndlessRunner/Maps/2DSideScrollerExampleMap.2DSideScrollerExampleMap:PersistentLevel.BP_MidLevel_263.PaperSprite : Externally referenced 
[2015.05.21-01.47.03:332][  0]MapCheck:Warning: Warning PaperSprite PaperSpriteComponent /Game/EndlessRunner/Maps/2DSideScrollerExampleMap.2DSideScrollerExampleMap:PersistentLevel.LargeAsteroid_114.PaperSprite : Externally referenced 
[2015.05.21-01.47.03:332][  0]MapCheck:Warning: Warning RightEdge PaperSpriteComponent /Game/EndlessRunner/Maps/2DSideScrollerExampleMap.2DSideScrollerExampleMap:PersistentLevel.Gameplay_Screen_C_1.RightEdge : Externally referenced 
[2015.05.21-01.47.03:333][  0]MapCheck:Warning: Warning LeftEdge PaperSpriteComponent /Game/EndlessRunner/Maps/2DSideScrollerExampleMap.2DSideScrollerExampleMap:PersistentLevel.Gameplay_Screen_C_1.LeftEdge : Externally referenced 
[2015.05.21-01.47.03:333][  0]MapCheck:Warning: Warning TopEdge PaperSpriteComponent /Game/EndlessRunner/Maps/2DSideScrollerExampleMap.2DSideScrollerExampleMap:PersistentLevel.Gameplay_Screen_C_1.TopEdge : Externally referenced 
[2015.05.21-01.47.03:333][  0]MapCheck:Warning: Warning BottomEdge PaperSpriteComponent /Game/EndlessRunner/Maps/2DSideScrollerExampleMap.2DSideScrollerExampleMap:PersistentLevel.Gameplay_Screen_C_1.BottomEdge : Externally referenced 
[2015.05.21-01.47.03:333][  0]MapCheck: Info Map check complete: 0 Error(s), 54 Warning(s), took 488.851ms to complete.
[2015.05.21-01.47.03:340][  0]LogFileHelpers: Loading map '2DSideScrollerExampleMap' took 9.895
[2015.05.21-01.47.03:449][  0]LogCollectionManager: Loaded 0 collections in 0.001301 seconds
[2015.05.21-01.47.03:458][  0]LogContentBrowser: Native class hierarchy populated in 0.0088 seconds. Added 1697 classes and 263 folders.
[2015.05.21-01.47.03:485][  0]LogContentBrowser: Native class hierarchy updated for 'SceneOutliner' in 0.0025 seconds. Added 1 classes and 2 folders.
[2015.05.21-01.47.03:536][  0]LogCrashTracker: Crashtracker disabled due to settings.
[2015.05.21-01.47.03:537][  0]LogSlate:Warning: Failed to load font data from 'Veranda'
[2015.05.21-01.47.03:567][  0]LogLoad: Full Startup: 20.89 seconds (BP compile: 4.42 seconds)
[2015.05.21-01.47.03:600][  0]LogContentBrowser:Verbose: The content browser source was changed by the sources view to '/Game/EndlessRunner/Blueprints'
[2015.05.21-01.47.03:754][  0]LogRenderer:Warning: Reallocating scene render targets to support 1208x576 (Frame:2).
[2015.05.21-01.47.04:327][  6]LogAssetRegistry: Asset discovery search completed in 12.0491 seconds
[2015.05.21-01.47.31:336][986]LogEditorViewport: Clicking on Actor (LMB): BP_Coin2_C (BP_Coin5)
[2015.05.21-01.47.46:809][622]LogRenderer:Warning: Reallocating scene render targets to support 1288x712 (Frame:5491).
[2015.05.21-01.48.52:570][265]LogContentBrowser:Verbose: The content browser source was changed by the sources view to '/Game/EndlessRunner/Textures'
[2015.05.21-01.48.53:578][370]LogContentBrowser:Verbose: The content browser source was changed by the sources view to '/Game/EndlessRunner/Sprites'
[2015.05.21-01.48.57:501][822]LogContentBrowser:Verbose: The content browser source was changed by the sources view to '/Game/EndlessRunner/Sprites/Object'
[2015.05.21-01.49.00:609][190]LogContentBrowser:Verbose: The content browser source was changed by the sources view to '/Game/EndlessRunner/Sprites/IdleFrames'
[2015.05.21-01.49.01:048][237]LogContentBrowser:Verbose: The content browser source was changed by the sources view to '/Game/EndlessRunner/Sprites/Object'
[2015.05.21-01.49.04:040][593]LogContentBrowser:Verbose: The content browser source was changed by the sources view to '/Game/EndlessRunner/Sprites'
[2015.05.21-01.49.12:047][540]LogContentBrowser:Verbose: The content browser source was changed by the sources view to '/Game/EndlessRunner/Sprites/GridSprite'
[2015.05.21-01.49.16:724][ 61]LogContentBrowser:Verbose: The content browser source was changed by the sources view to '/Game/EndlessRunner/Sprites'
[2015.05.21-01.49.31:458][798]LogContentBrowser:Verbose: The content browser source was changed by the sources view to '/Game/EndlessRunner/Textures'
[2015.05.21-01.49.33:512][ 32]LogContentBrowser:Verbose: The content browser source was changed by the sources view to '/Game/EndlessRunner/Sound'
[2015.05.21-01.49.34:613][161]LogContentBrowser:Verbose: The content browser source was changed by the sources view to '/Game/EndlessRunner/Materials'
[2015.05.21-01.49.35:257][236]LogContentBrowser:Verbose: The content browser source was changed by the sources view to '/Game/EndlessRunner/Maps'
[2015.05.21-01.49.35:928][314]LogContentBrowser:Verbose: The content browser source was changed by the sources view to '/Game/EndlessRunner/Blueprints'
[2015.05.21-01.49.37:352][432]LogContentBrowser:Verbose: The content browser source was changed by the sources view to '/Game/EndlessRunner'
[2015.05.21-01.49.47:919][655]LogRenderer:Warning: Reallocating scene render targets to support 1528x808 (Frame:17275).
[2015.05.21-01.50.01:877][296]LogSavePackage: Save=37.232697ms
[2015.05.21-01.50.01:877][296]LogSavePackage: Moving 'C:/Users/n8400962/Documents/GitHub/SpaceRace/Saved/gem139FC10848A0F13643E556BBAF3D4A39.tmp' to 'C:/Users/n8400962/Documents/GitHub/SpaceRace/Content/EndlessRunner/Sprites/GameDisplay/AssetBank/gem.uasset'
[2015.05.21-01.50.03:732][495]Cmd: OBJ SAVEPACKAGE PACKAGE="/Game/EndlessRunner/Blueprints/BP_Coin2" FILE="C:/Users/n8400962/Documents/GitHub/SpaceRace/Content/EndlessRunner/Blueprints/BP_Coin2.uasset" SILENT=true
[2015.05.21-01.50.03:799][495]LogSavePackage: Save=29.223587ms
[2015.05.21-01.50.03:799][495]LogSavePackage: Moving 'C:/Users/n8400962/Documents/GitHub/SpaceRace/Saved/BP_Coin2DCC77A114BBAEADC1BD65285077A8686.tmp' to 'C:/Users/n8400962/Documents/GitHub/SpaceRace/Content/EndlessRunner/Blueprints/BP_Coin2.uasset'
[2015.05.21-01.50.06:133][771]BlueprintLog: New page: Pre-PIE auto-recompile
[2015.05.21-01.50.06:146][771]LogPlayLevel: [PIE] Compiling BP_Coin2 before PIE...
[2015.05.21-01.50.06:240][771]LogPlayLevel: PIE:  Blueprint regeneration took 107 ms (1 blueprints)
[2015.05.21-01.50.06:240][771]PIE: New page: PIE session: 2DSideScrollerExampleMap (21 May 2015 9:50:06 pm)
[2015.05.21-01.50.06:246][771]LogPlayLevel: PIE: StaticDuplicateObject took: (0.005620s)
[2015.05.21-01.50.06:247][771]LogPlayLevel: PIE: World Init took: (0.000497s)
[2015.05.21-01.50.06:247][771]LogPlayLevel: PIE: Created PIE world by copying editor world from /Game/EndlessRunner/Maps/2DSideScrollerExampleMap.2DSideScrollerExampleMap to /Game/EndlessRunner/Maps/UEDPIE_0_2DSideScrollerExampleMap.2DSideScrollerExampleMap (0.006310s)
[2015.05.21-01.50.06:333][771]LogWorld: Game class is 'RunGameMode_C'
[2015.05.21-01.50.06:335][771]LogAIModule: Creating AISystem for world 2DSideScrollerExampleMap
[2015.05.21-01.50.06:342][771]LogWorld: Bringing World /Game/EndlessRunner/Maps/UEDPIE_0_2DSideScrollerExampleMap.2DSideScrollerExampleMap up for play (max tick rate 0) at 2015.05.21-11.50.06
[2015.05.21-01.50.06:343][771]LogWorld: Bringing up level for play took: 0.007758
[2015.05.21-01.50.06:356][771]PIE: Info Play in editor start time for /Game/EndlessRunner/Maps/UEDPIE_0_2DSideScrollerExampleMap -0.278
[2015.05.21-01.50.12:483][496]Cmd: RestartLevel
[2015.05.21-01.50.12:539][496]LogPackageName: SearchForPackageOnDisk took   0.056s to resolve GameOver.umap
[2015.05.21-01.50.12:603][497]LogPackageName: SearchForPackageOnDisk took   0.055s to resolve GameOver.umap
[2015.05.21-01.50.12:603][497]LogNet: Browse: /Game/EndlessRunner/Maps/GameOver
[2015.05.21-01.50.12:603][497]LogLoad: LoadMap: /Game/EndlessRunner/Maps/GameOver
[2015.05.21-01.50.12:634][497]LogParticles: Destroying 0 GPU particle simulations for FXSystem 0x000000002E305DA0
[2015.05.21-01.50.12:634][497]Cmd: MEM
[2015.05.21-01.50.12:661][497]LogMemory: Platform Memory Stats for Windows
[2015.05.21-01.50.12:661][497]LogMemory: Process Physical Memory: 871.14 MB used, 874.56 MB peak
[2015.05.21-01.50.12:661][497]LogMemory: Process Virtual Memory: 767.68 MB used, 773.74 MB peak
[2015.05.21-01.50.12:661][497]LogMemory: Physical Memory: 4537.59 MB used, 32720.52 MB total
[2015.05.21-01.50.12:661][497]LogMemory: Virtual Memory: 1295.29 MB used, 8388608.00 MB total
[2015.05.21-01.50.12:661][497]LogMemory: 
[2015.05.21-01.50.12:661][497]Allocator Stats for TBB: (not implemented)
[2015.05.21-01.50.13:255][497]LogWorld: Game class is 'GameMode'
[2015.05.21-01.50.13:257][497]LogAIModule: Creating AISystem for world GameOver
[2015.05.21-01.50.13:259][497]LogWorld: Bringing World /Game/EndlessRunner/Maps/UEDPIE_0_GameOver.GameOver up for play (max tick rate 0) at 2015.05.21-11.50.13
[2015.05.21-01.50.13:259][497]LogWorld: Bringing up level for play took: 0.001697
[2015.05.21-01.50.13:260][497]LogGameMode: Warning - PATHS NOT DEFINED or NO PLAYERSTART with positive rating
[2015.05.21-01.50.14:623][647]LogParticles: Destroying 0 GPU particle simulations for FXSystem 0x000000001C3E71A0
[2015.05.21-01.50.15:134][702]LogPlayLevel: PIE:  No blueprints needed recompiling
[2015.05.21-01.50.15:134][702]PIE: New page: PIE session: 2DSideScrollerExampleMap (21 May 2015 9:50:15 pm)
[2015.05.21-01.50.15:140][702]LogPlayLevel: PIE: StaticDuplicateObject took: (0.005664s)
[2015.05.21-01.50.15:141][702]LogPlayLevel: PIE: World Init took: (0.000604s)
[2015.05.21-01.50.15:141][702]LogPlayLevel: PIE: Created PIE world by copying editor world from /Game/EndlessRunner/Maps/2DSideScrollerExampleMap.2DSideScrollerExampleMap to /Game/EndlessRunner/Maps/UEDPIE_0_2DSideScrollerExampleMap.2DSideScrollerExampleMap (0.006457s)
[2015.05.21-01.50.15:173][702]LogWorld: Game class is 'RunGameMode_C'
[2015.05.21-01.50.15:175][702]LogAIModule: Creating AISystem for world 2DSideScrollerExampleMap
[2015.05.21-01.50.15:183][702]LogWorld: Bringing World /Game/EndlessRunner/Maps/UEDPIE_0_2DSideScrollerExampleMap.2DSideScrollerExampleMap up for play (max tick rate 0) at 2015.05.21-11.50.15
[2015.05.21-01.50.15:183][702]LogWorld: Bringing up level for play took: 0.007745
[2015.05.21-01.50.15:186][702]PIE: Info Play in editor start time for /Game/EndlessRunner/Maps/UEDPIE_0_2DSideScrollerExampleMap 0.551
[2015.05.21-01.50.25:121][883]LogBlueprintUserMessages: Hello
[2015.05.21-01.50.26:223][  8]Cmd: RestartLevel
[2015.05.21-01.50.26:278][  8]LogPackageName: SearchForPackageOnDisk took   0.054s to resolve GameOver.umap
[2015.05.21-01.50.26:341][  9]LogPackageName: SearchForPackageOnDisk took   0.054s to resolve GameOver.umap
[2015.05.21-01.50.26:341][  9]LogNet: Browse: /Game/EndlessRunner/Maps/GameOver
[2015.05.21-01.50.26:342][  9]LogLoad: LoadMap: /Game/EndlessRunner/Maps/GameOver
[2015.05.21-01.50.26:373][  9]LogParticles: Destroying 0 GPU particle simulations for FXSystem 0x000000002E215C60
[2015.05.21-01.50.26:373][  9]Cmd: MEM
[2015.05.21-01.50.26:400][  9]LogMemory: Platform Memory Stats for Windows
[2015.05.21-01.50.26:400][  9]LogMemory: Process Physical Memory: 904.38 MB used, 979.37 MB peak
[2015.05.21-01.50.26:400][  9]LogMemory: Process Virtual Memory: 801.08 MB used, 876.38 MB peak
[2015.05.21-01.50.26:400][  9]LogMemory: Physical Memory: 4561.70 MB used, 32720.52 MB total
[2015.05.21-01.50.26:400][  9]LogMemory: Virtual Memory: 1328.60 MB used, 8388608.00 MB total
[2015.05.21-01.50.26:400][  9]LogMemory: 
[2015.05.21-01.50.26:400][  9]Allocator Stats for TBB: (not implemented)
[2015.05.21-01.50.26:510][  9]LogWorld: Game class is 'GameMode'
[2015.05.21-01.50.26:511][  9]LogAIModule: Creating AISystem for world GameOver
[2015.05.21-01.50.26:513][  9]LogWorld: Bringing World /Game/EndlessRunner/Maps/UEDPIE_0_GameOver.GameOver up for play (max tick rate 0) at 2015.05.21-11.50.26
[2015.05.21-01.50.26:513][  9]LogWorld: Bringing up level for play took: 0.001618
[2015.05.21-01.50.26:514][  9]LogGameMode: Warning - PATHS NOT DEFINED or NO PLAYERSTART with positive rating
[2015.05.21-01.51.22:015][614]LogSavePackage: Save=2.174881ms
[2015.05.21-01.51.22:015][614]LogSavePackage: Moving 'C:/Users/n8400962/Documents/GitHub/SpaceRace/Saved/gem5E8599E2496C976B57B5C2A6D7951AA1.tmp' to 'C:/Users/n8400962/Documents/GitHub/SpaceRace/Content/EndlessRunner/Sprites/GameDisplay/AssetBank/gem.uasset'
[2015.05.21-01.51.42:505][829]LogSavePackage: Save=120.837616ms
[2015.05.21-01.51.42:505][829]LogSavePackage: Moving 'C:/Users/n8400962/Documents/GitHub/SpaceRace/Saved/2DSideScrollerExampleMap07ACE53B446E4308CEF095AB2FA32BCC.tmp' to 'C:/Users/n8400962/Documents/GitHub/SpaceRace/Content/EndlessRunner/Maps/2DSideScrollerExampleMap.umap'
[2015.05.21-01.51.42:535][829]LogFileHelpers: Saving map '2DSideScrollerExampleMap' took 1.872
[2015.05.21-01.51.44:112][ 18]LogContentBrowser:Verbose: The content browser source was changed by the sources view to '/Game/EndlessRunner/Maps'
[2015.05.21-01.51.44:666][ 83]LogContentBrowser:Verbose: The content browser source was changed by the sources view to '/Game/EndlessRunner/Materials'
[2015.05.21-01.51.48:574][551]LogContentBrowser:Verbose: The content browser source was changed by the sources view to '/Game/EndlessRunner/Blueprints'
[2015.05.21-01.52.42:226][221]LogSavePackage: Save=119.275574ms
[2015.05.21-01.52.42:226][221]LogSavePackage: Moving 'C:/Users/n8400962/Documents/GitHub/SpaceRace/Saved/2DSideScrollerExampleMap5F3C10424024A5495AE07586EBB5FE12.tmp' to 'C:/Users/n8400962/Documents/GitHub/SpaceRace/Content/EndlessRunner/Maps/2DSideScrollerExampleMap.umap'
[2015.05.21-01.52.42:241][221]LogFileHelpers: Saving map '2DSideScrollerExampleMap' took 1.894
[2015.05.21-01.52.42:247][221]Cmd: OBJ SAVEPACKAGE PACKAGE="/Game/EndlessRunner/Blueprints/BP_Coin2" FILE="C:/Users/n8400962/Documents/GitHub/SpaceRace/Content/EndlessRunner/Blueprints/BP_Coin2.uasset" SILENT=true
[2015.05.21-01.52.42:312][221]LogSavePackage: Save=29.066887ms
[2015.05.21-01.52.42:312][221]LogSavePackage: Moving 'C:/Users/n8400962/Documents/GitHub/SpaceRace/Saved/BP_Coin2338469C644F0C8BF699161BF2606E303.tmp' to 'C:/Users/n8400962/Documents/GitHub/SpaceRace/Content/EndlessRunner/Blueprints/BP_Coin2.uasset'
[2015.05.21-01.52.44:153][432]LogPackageName: SearchForPackageOnDisk took   0.057s to resolve 2DSideScrollerExampleMap.umap
[2015.05.21-01.52.44:208][432]LogPackageName: SearchForPackageOnDisk took   0.055s to resolve 2DSideScrollerExampleMap.umap
[2015.05.21-01.52.44:208][432]LogNet: Browse: /Game/EndlessRunner/Maps/2DSideScrollerExampleMap
[2015.05.21-01.52.44:208][432]LogLoad: LoadMap: /Game/EndlessRunner/Maps/2DSideScrollerExampleMap
[2015.05.21-01.52.44:227][432]LogParticles: Destroying 0 GPU particle simulations for FXSystem 0x0000000036C33EC0
[2015.05.21-01.52.44:239][432]Cmd: MEM
[2015.05.21-01.52.44:265][432]LogMemory: Platform Memory Stats for Windows
[2015.05.21-01.52.44:265][432]LogMemory: Process Physical Memory: 944.83 MB used, 979.37 MB peak
[2015.05.21-01.52.44:265][432]LogMemory: Process Virtual Memory: 842.59 MB used, 876.38 MB peak
[2015.05.21-01.52.44:265][432]LogMemory: Physical Memory: 4597.54 MB used, 32720.52 MB total
[2015.05.21-01.52.44:265][432]LogMemory: Virtual Memory: 1373.93 MB used, 8388608.00 MB total
[2015.05.21-01.52.44:265][432]LogMemory: 
[2015.05.21-01.52.44:265][432]Allocator Stats for TBB: (not implemented)
[2015.05.21-01.52.44:271][432]LogPlayLevel: PIE: StaticDuplicateObject took: (0.005647s)
[2015.05.21-01.52.44:271][432]LogPlayLevel: PIE: World Init took: (0.000504s)
[2015.05.21-01.52.44:272][432]LogPlayLevel: PIE: Created PIE world by copying editor world from /Game/EndlessRunner/Maps/2DSideScrollerExampleMap.2DSideScrollerExampleMap to /Game/EndlessRunner/Maps/UEDPIE_0_2DSideScrollerExampleMap.2DSideScrollerExampleMap (0.006345s)
[2015.05.21-01.52.44:272][432]LogWorld: Game class is 'RunGameMode_C'
[2015.05.21-01.52.44:274][432]LogAIModule: Creating AISystem for world 2DSideScrollerExampleMap
[2015.05.21-01.52.44:281][432]LogWorld: Bringing World /Game/EndlessRunner/Maps/UEDPIE_0_2DSideScrollerExampleMap.2DSideScrollerExampleMap up for play (max tick rate 0) at 2015.05.21-11.52.44
[2015.05.21-01.52.44:282][432]LogWorld: Bringing up level for play took: 0.007630
[2015.05.21-01.52.46:030][602]LogParticles: Destroying 0 GPU particle simulations for FXSystem 0x000000003B9771A0
[2015.05.21-01.52.46:553][650]BlueprintLog: New page: Pre-PIE auto-recompile
[2015.05.21-01.52.46:564][650]LogPlayLevel: [PIE] Compiling BP_Coin2 before PIE...
[2015.05.21-01.52.46:658][650]LogPlayLevel: PIE:  Blueprint regeneration took 105 ms (1 blueprints)
[2015.05.21-01.52.46:659][650]PIE: New page: PIE session: 2DSideScrollerExampleMap (21 May 2015 9:52:46 pm)
[2015.05.21-01.52.46:665][650]LogPlayLevel: PIE: StaticDuplicateObject took: (0.005604s)
[2015.05.21-01.52.46:665][650]LogPlayLevel: PIE: World Init took: (0.000493s)
[2015.05.21-01.52.46:665][650]LogPlayLevel: PIE: Created PIE world by copying editor world from /Game/EndlessRunner/Maps/2DSideScrollerExampleMap.2DSideScrollerExampleMap to /Game/EndlessRunner/Maps/UEDPIE_0_2DSideScrollerExampleMap.2DSideScrollerExampleMap (0.006278s)
[2015.05.21-01.52.46:699][650]LogWorld: Game class is 'RunGameMode_C'
[2015.05.21-01.52.46:701][650]LogAIModule: Creating AISystem for world 2DSideScrollerExampleMap
[2015.05.21-01.52.46:708][650]LogWorld: Bringing World /Game/EndlessRunner/Maps/UEDPIE_0_2DSideScrollerExampleMap.2DSideScrollerExampleMap up for play (max tick rate 0) at 2015.05.21-11.52.46
[2015.05.21-01.52.46:709][650]LogWorld: Bringing up level for play took: 0.007630
[2015.05.21-01.52.46:711][650]PIE: Info Play in editor start time for /Game/EndlessRunner/Maps/UEDPIE_0_2DSideScrollerExampleMap 0.068
[2015.05.21-01.52.56:522][651]LogBlueprintUserMessages: Hello
[2015.05.21-01.52.58:021][797]Cmd: RestartLevel
[2015.05.21-01.52.58:075][797]LogPackageName: SearchForPackageOnDisk took   0.054s to resolve GameOver.umap
[2015.05.21-01.52.58:139][798]LogPackageName: SearchForPackageOnDisk took   0.054s to resolve GameOver.umap
[2015.05.21-01.52.58:139][798]LogNet: Browse: /Game/EndlessRunner/Maps/GameOver
[2015.05.21-01.52.58:139][798]LogLoad: LoadMap: /Game/EndlessRunner/Maps/GameOver
[2015.05.21-01.52.58:171][798]LogParticles: Destroying 0 GPU particle simulations for FXSystem 0x000000003B9754E0
[2015.05.21-01.52.58:171][798]Cmd: MEM
[2015.05.21-01.52.58:197][798]LogMemory: Platform Memory Stats for Windows
[2015.05.21-01.52.58:197][798]LogMemory: Process Physical Memory: 949.36 MB used, 979.37 MB peak
[2015.05.21-01.52.58:197][798]LogMemory: Process Virtual Memory: 848.12 MB used, 876.38 MB peak
[2015.05.21-01.52.58:197][798]LogMemory: Physical Memory: 4602.09 MB used, 32720.52 MB total
[2015.05.21-01.52.58:197][798]LogMemory: Virtual Memory: 1379.00 MB used, 8388608.00 MB total
[2015.05.21-01.52.58:197][798]LogMemory: 
[2015.05.21-01.52.58:197][798]Allocator Stats for TBB: (not implemented)
[2015.05.21-01.52.58:285][798]LogWorld: Game class is 'GameMode'
[2015.05.21-01.52.58:286][798]LogAIModule: Creating AISystem for world GameOver
[2015.05.21-01.52.58:288][798]LogWorld: Bringing World /Game/EndlessRunner/Maps/UEDPIE_0_GameOver.GameOver up for play (max tick rate 0) at 2015.05.21-11.52.58
[2015.05.21-01.52.58:288][798]LogWorld: Bringing up level for play took: 0.001626
[2015.05.21-01.52.58:289][798]LogGameMode: Warning - PATHS NOT DEFINED or NO PLAYERSTART with positive rating
[2015.05.21-01.53.05:378][628]LogParticles: Destroying 0 GPU particle simulations for FXSystem 0x000000001B5E58A0
[2015.05.21-01.53.06:371][731]LogEditorViewport: Clicking on Actor (LMB): BP_StartLevel_C (BP_StartLevel)
[2015.05.21-01.53.46:804][829]LogSavePackage: Save=119.066437ms
[2015.05.21-01.53.46:804][829]LogSavePackage: Moving 'C:/Users/n8400962/Documents/GitHub/SpaceRace/Saved/2DSideScrollerExampleMapAECC147B4D2C403AC9F8C9B31E3A0785.tmp' to 'C:/Users/n8400962/Documents/GitHub/SpaceRace/Content/EndlessRunner/Maps/2DSideScrollerExampleMap.umap'
[2015.05.21-01.53.46:820][829]LogFileHelpers: Saving map '2DSideScrollerExampleMap' took 1.639
[2015.05.21-01.53.46:825][829]Cmd: OBJ SAVEPACKAGE PACKAGE="/Game/EndlessRunner/Blueprints/BP_Coin2" FILE="C:/Users/n8400962/Documents/GitHub/SpaceRace/Content/EndlessRunner/Blueprints/BP_Coin2.uasset" SILENT=true
[2015.05.21-01.53.46:890][829]LogSavePackage: Save=29.504717ms
[2015.05.21-01.53.46:891][829]LogSavePackage: Moving 'C:/Users/n8400962/Documents/GitHub/SpaceRace/Saved/BP_Coin2660AFED5462884D426CFAE92173919E2.tmp' to 'C:/Users/n8400962/Documents/GitHub/SpaceRace/Content/EndlessRunner/Blueprints/BP_Coin2.uasset'
[2015.05.21-01.53.53:528][591]BlueprintLog: New page: Pre-PIE auto-recompile
[2015.05.21-01.53.53:538][591]LogPlayLevel: [PIE] Compiling BP_Coin2 before PIE...
[2015.05.21-01.53.53:627][591]LogPlayLevel: PIE:  Blueprint regeneration took 99 ms (1 blueprints)
[2015.05.21-01.53.53:627][591]PIE: New page: PIE session: 2DSideScrollerExampleMap (21 May 2015 9:53:53 pm)
[2015.05.21-01.53.53:633][591]LogPlayLevel: PIE: StaticDuplicateObject took: (0.005604s)
[2015.05.21-01.53.53:633][591]LogPlayLevel: PIE: World Init took: (0.000497s)
[2015.05.21-01.53.53:633][591]LogPlayLevel: PIE: Created PIE world by copying editor world from /Game/EndlessRunner/Maps/2DSideScrollerExampleMap.2DSideScrollerExampleMap to /Game/EndlessRunner/Maps/UEDPIE_0_2DSideScrollerExampleMap.2DSideScrollerExampleMap (0.006282s)
[2015.05.21-01.53.53:663][591]LogWorld: Game class is 'RunGameMode_C'
[2015.05.21-01.53.53:665][591]LogAIModule: Creating AISystem for world 2DSideScrollerExampleMap
[2015.05.21-01.53.53:672][591]LogWorld: Bringing World /Game/EndlessRunner/Maps/UEDPIE_0_2DSideScrollerExampleMap.2DSideScrollerExampleMap up for play (max tick rate 0) at 2015.05.21-11.53.53
[2015.05.21-01.53.53:673][591]LogWorld: Bringing up level for play took: 0.007521
[2015.05.21-01.53.53:675][591]PIE: Info Play in editor start time for /Game/EndlessRunner/Maps/UEDPIE_0_2DSideScrollerExampleMap 1.027
[2015.05.21-01.54.03:511][585]LogBlueprintUserMessages: Hello
[2015.05.21-01.54.05:004][729]Cmd: RestartLevel
[2015.05.21-01.54.05:060][729]LogPackageName: SearchForPackageOnDisk took   0.056s to resolve GameOver.umap
[2015.05.21-01.54.05:125][730]LogPackageName: SearchForPackageOnDisk took   0.054s to resolve GameOver.umap
[2015.05.21-01.54.05:125][730]LogNet: Browse: /Game/EndlessRunner/Maps/GameOver
[2015.05.21-01.54.05:125][730]LogLoad: LoadMap: /Game/EndlessRunner/Maps/GameOver
[2015.05.21-01.54.05:157][730]LogParticles: Destroying 0 GPU particle simulations for FXSystem 0x000000001B43C4A0
[2015.05.21-01.54.05:157][730]Cmd: MEM
[2015.05.21-01.54.05:183][730]LogMemory: Platform Memory Stats for Windows
[2015.05.21-01.54.05:183][730]LogMemory: Process Physical Memory: 954.41 MB used, 979.37 MB peak
[2015.05.21-01.54.05:183][730]LogMemory: Process Virtual Memory: 852.51 MB used, 876.38 MB peak
[2015.05.21-01.54.05:183][730]LogMemory: Physical Memory: 4606.52 MB used, 32720.52 MB total
[2015.05.21-01.54.05:183][730]LogMemory: Virtual Memory: 1383.37 MB used, 8388608.00 MB total
[2015.05.21-01.54.05:183][730]LogMemory: 
[2015.05.21-01.54.05:183][730]Allocator Stats for TBB: (not implemented)
[2015.05.21-01.54.05:271][730]LogWorld: Game class is 'GameMode'
[2015.05.21-01.54.05:272][730]LogAIModule: Creating AISystem for world GameOver
[2015.05.21-01.54.05:274][730]LogWorld: Bringing World /Game/EndlessRunner/Maps/UEDPIE_0_GameOver.GameOver up for play (max tick rate 0) at 2015.05.21-11.54.05
[2015.05.21-01.54.05:274][730]LogWorld: Bringing up level for play took: 0.001627
[2015.05.21-01.54.05:275][730]LogGameMode: Warning - PATHS NOT DEFINED or NO PLAYERSTART with positive rating
[2015.05.21-01.54.08:701][130]LogPackageName: SearchForPackageOnDisk took   0.054s to resolve HomeScreen.umap
[2015.05.21-01.54.08:755][130]LogPackageName: SearchForPackageOnDisk took   0.054s to resolve HomeScreen.umap
[2015.05.21-01.54.08:755][130]LogNet: Browse: /Game/EndlessRunner/Maps/HomeScreen
[2015.05.21-01.54.08:755][130]LogLoad: LoadMap: /Game/EndlessRunner/Maps/HomeScreen
[2015.05.21-01.54.08:787][130]LogParticles: Destroying 0 GPU particle simulations for FXSystem 0x0000000013146200
[2015.05.21-01.54.08:787][130]Cmd: MEM
[2015.05.21-01.54.08:813][130]LogMemory: Platform Memory Stats for Windows
[2015.05.21-01.54.08:813][130]LogMemory: Process Physical Memory: 953.06 MB used, 979.37 MB peak
[2015.05.21-01.54.08:813][130]LogMemory: Process Virtual Memory: 851.14 MB used, 876.38 MB peak
[2015.05.21-01.54.08:813][130]LogMemory: Physical Memory: 4606.89 MB used, 32720.52 MB total
[2015.05.21-01.54.08:813][130]LogMemory: Virtual Memory: 1382.00 MB used, 8388608.00 MB total
[2015.05.21-01.54.08:813][130]LogMemory: 
[2015.05.21-01.54.08:813][130]Allocator Stats for TBB: (not implemented)
[2015.05.21-01.54.09:017][130]LogTexture:Display: Building textures: HomeScreen_BG (AutoDXT)
[2015.05.21-01.54.11:878][130]LogTexture:Display: Building textures: Shop_coming_soon (AutoDXT)
[2015.05.21-01.54.11:940][130]LogTexture:Display: Building textures: Customize_if_pressed (AutoDXT)
[2015.05.21-01.54.12:022][130]LogTexture:Display: Building textures: Options_if_pressed (AutoDXT)
[2015.05.21-01.54.12:104][130]LogTexture:Display: Building textures: Customize_not_pressed (AutoDXT)
[2015.05.21-01.54.12:188][130]LogTexture:Display: Building textures: Options_not_pressed (AutoDXT)
[2015.05.21-01.54.12:272][130]LogTexture:Display: Building textures: Story_mode_Coming_soon (AutoDXT)
[2015.05.21-01.54.12:333][130]LogAudioDerivedData:Display: Building compressed audio format OGG wave BGM_HOME...
[2015.05.21-01.54.16:104][130]LogWorld: Game class is 'GameMode'
[2015.05.21-01.54.16:106][130]LogAIModule: Creating AISystem for world HomeScreen
[2015.05.21-01.54.16:107][130]LogWorld: Bringing World /Game/EndlessRunner/Maps/UEDPIE_0_HomeScreen.HomeScreen up for play (max tick rate 0) at 2015.05.21-11.54.16
[2015.05.21-01.54.16:108][130]LogWorld: Bringing up level for play took: 0.001591
[2015.05.21-01.54.16:108][130]LogGameMode: Warning - PATHS NOT DEFINED or NO PLAYERSTART with positive rating
[2015.05.21-01.54.22:998][946]Set new viewmode: Wireframe
[2015.05.21-01.54.23:746][ 35]Set new viewmode: Wireframe
[2015.05.21-01.54.24:976][176]LogParticles: Destroying 0 GPU particle simulations for FXSystem 0x00000000041D98A0
[2015.05.21-01.54.30:850][688]LogSCSEditor: Calling UpdateTree() from Tick().
[2015.05.21-01.54.31:383][721]LogEditorViewport: Clicking Background
[2015.05.21-01.54.35:119][954]LogSavePackage: Save=119.159523ms
[2015.05.21-01.54.35:119][954]LogSavePackage: Moving 'C:/Users/n8400962/Documents/GitHub/SpaceRace/Saved/2DSideScrollerExampleMap9FC23A9A4A22CC66F695AC8E74938E47.tmp' to 'C:/Users/n8400962/Documents/GitHub/SpaceRace/Content/EndlessRunner/Maps/2DSideScrollerExampleMap.umap'
[2015.05.21-01.54.35:134][954]LogFileHelpers: Saving map '2DSideScrollerExampleMap' took 1.601
[2015.05.21-01.54.38:972][359]Cmd: QUIT_EDITOR
[2015.05.21-01.54.39:155][359]LogExit: Preparing to exit.
[2015.05.21-01.54.39:594][359]LogExit: Editor shut down
[2015.05.21-01.54.39:595][359]LogExit: Transaction tracking system shut down
[2015.05.21-01.54.39:610][359]LogParticles: Destroying 0 GPU particle simulations for FXSystem 0x000000001F6F56C0
[2015.05.21-01.54.39:610][359]LogParticles: Destroying 0 GPU particle simulations for FXSystem 0x0000000019B3BA60
[2015.05.21-01.54.39:610][359]LogParticles: Destroying 0 GPU particle simulations for FXSystem 0x00000000291C5A80
[2015.05.21-01.54.39:610][359]LogParticles: Destroying 0 GPU particle simulations for FXSystem 0x0000000029013240
[2015.05.21-01.54.39:610][359]LogParticles: Destroying 0 GPU particle simulations for FXSystem 0x000000002EAC2F20
[2015.05.21-01.54.39:613][359]LogParticles: Destroying 0 GPU particle simulations for FXSystem 0x000000001FBF89A0
[2015.05.21-01.54.39:613][359]LogParticles: Destroying 0 GPU particle simulations for FXSystem 0x000000001FC53060
[2015.05.21-01.54.39:688][359]LogExit: Object subsystem successfully closed.
[2015.05.21-01.54.39:728][359]LogModuleManager: Shutting down and abandoning module CrashTracker (178)
[2015.05.21-01.54.39:728][359]LogModuleManager: Shutting down and abandoning module SuperSearch (177)
[2015.05.21-01.54.39:728][359]LogModuleManager: Shutting down and abandoning module SceneOutliner (176)
[2015.05.21-01.54.39:728][359]LogModuleManager: Shutting down and abandoning module EditorWidgets (175)
[2015.05.21-01.54.39:728][359]LogModuleManager: Shutting down and abandoning module CollectionManager (174)
[2015.05.21-01.54.39:750][359]LogModuleManager: Shutting down and abandoning module StatsViewer (173)
[2015.05.21-01.54.39:750][359]LogModuleManager: Shutting down and abandoning module FoliageEdit (172)
[2015.05.21-01.54.39:750][359]LogModuleManager: Shutting down and abandoning module LandscapeEditor (171)
[2015.05.21-01.54.39:750][359]LogModuleManager: Shutting down and abandoning module MeshPaint (170)
[2015.05.21-01.54.39:750][359]LogModuleManager: Shutting down and abandoning module ActorPickerMode (169)
[2015.05.21-01.54.39:750][359]LogModuleManager: Shutting down and abandoning module GeometryMode (168)
[2015.05.21-01.54.39:750][359]LogModuleManager: Shutting down and abandoning module TextureAlignMode (167)
[2015.05.21-01.54.39:750][359]LogModuleManager: Shutting down and abandoning module BspMode (166)
[2015.05.21-01.54.39:750][359]LogModuleManager: Shutting down and abandoning module PlacementMode (165)
[2015.05.21-01.54.39:750][359]LogModuleManager: Shutting down and abandoning module AutomationWorker (164)
[2015.05.21-01.54.39:750][359]LogModuleManager: Shutting down and abandoning module CharacterAI (163)
[2015.05.21-01.54.39:750][359]LogModuleManager: Shutting down and abandoning module SmartSnapping (162)
[2015.05.21-01.54.39:750][359]LogModuleManager: Shutting down and abandoning module ViewportSnapping (161)
[2015.05.21-01.54.39:750][359]LogModuleManager: Shutting down and abandoning module LogVisualizer (160)
[2015.05.21-01.54.39:751][359]LogModuleManager: Shutting down and abandoning module GameProjectGeneration (159)
[2015.05.21-01.54.39:751][359]LogModuleManager: Shutting down and abandoning module IntroTutorials (158)
[2015.05.21-01.54.39:751][359]LogModuleManager: Shutting down and abandoning module EditorLiveStreaming (157)
[2015.05.21-01.54.39:751][359]LogModuleManager: Shutting down and abandoning module HardwareTargeting (156)
[2015.05.21-01.54.39:751][359]LogModuleManager: Shutting down and abandoning module DeviceProfileEditor (155)
[2015.05.21-01.54.39:751][359]LogModuleManager: Shutting down and abandoning module UndoHistory (154)
[2015.05.21-01.54.39:751][359]LogModuleManager: Shutting down and abandoning module GameplayTagsEditor (153)
[2015.05.21-01.54.39:751][359]LogModuleManager: Shutting down and abandoning module UserFeedback (152)
[2015.05.21-01.54.39:751][359]LogModuleManager: Shutting down and abandoning module XmlParser (151)
[2015.05.21-01.54.39:751][359]LogModuleManager: Shutting down and abandoning module Blutility (150)
[2015.05.21-01.54.39:751][359]LogModuleManager: Shutting down and abandoning module IOSPlatformEditor (149)
[2015.05.21-01.54.39:751][359]LogModuleManager: Shutting down and abandoning module IOSRuntimeSettings (148)
[2015.05.21-01.54.39:751][359]LogModuleManager: Shutting down and abandoning module AndroidDeviceDetection (147)
[2015.05.21-01.54.40:122][359]LogModuleManager: Shutting down and abandoning module AndroidPlatformEditor (146)
[2015.05.21-01.54.40:122][359]LogModuleManager: Shutting down and abandoning module AndroidRuntimeSettings (145)
[2015.05.21-01.54.40:122][359]LogModuleManager: Shutting down and abandoning module ProjectTargetPlatformEditor (144)
[2015.05.21-01.54.40:122][359]LogModuleManager: Shutting down and abandoning module ProjectSettingsViewer (143)
[2015.05.21-01.54.40:122][359]LogModuleManager: Shutting down and abandoning module InputBindingEditor (142)
[2015.05.21-01.54.40:122][359]LogModuleManager: Shutting down and abandoning module EditorSettingsViewer (141)
[2015.05.21-01.54.40:122][359]LogModuleManager: Shutting down and abandoning module SettingsEditor (140)
[2015.05.21-01.54.40:122][359]LogModuleManager: Shutting down and abandoning module ProjectLauncher (139)
[2015.05.21-01.54.40:122][359]LogModuleManager: Shutting down and abandoning module SessionFrontend (138)
[2015.05.21-01.54.40:122][359]LogModuleManager: Shutting down and abandoning module ProfilerClient (137)
[2015.05.21-01.54.40:122][359]LogModuleManager: Shutting down and abandoning module TargetDeviceServices (136)
[2015.05.21-01.54.40:122][359]LogModuleManager: Shutting down and abandoning module DeviceManager (135)
[2015.05.21-01.54.40:122][359]LogModuleManager: Shutting down and abandoning module AutomationController (134)
[2015.05.21-01.54.40:122][359]LogModuleManager: Shutting down and abandoning module AutomationWindow (133)
[2015.05.21-01.54.40:122][359]LogModuleManager: Shutting down and abandoning module Layers (132)
[2015.05.21-01.54.40:122][359]LogModuleManager: Shutting down and abandoning module ComponentVisualizers (131)
[2015.05.21-01.54.40:122][359]LogModuleManager: Shutting down and abandoning module DetailCustomizations (130)
[2015.05.21-01.54.40:122][359]LogModuleManager: Shutting down and abandoning module PackagesDialog (129)
[2015.05.21-01.54.40:122][359]LogModuleManager: Shutting down and abandoning module AssetRegistry (128)
[2015.05.21-01.54.40:205][359]LogModuleManager: Shutting down and abandoning module Persona (127)
[2015.05.21-01.54.40:205][359]LogModuleManager: Shutting down and abandoning module SlateReflector (126)
[2015.05.21-01.54.40:205][359]LogModuleManager: Shutting down and abandoning module LevelEditor (125)
[2015.05.21-01.54.40:206][359]LogModuleManager: Shutting down and abandoning module Kismet (124)
[2015.05.21-01.54.40:206][359]LogModuleManager: Shutting down and abandoning module GraphEditor (123)
[2015.05.21-01.54.40:206][359]LogModuleManager: Shutting down and abandoning module ClassViewer (122)
[2015.05.21-01.54.40:206][359]LogModuleManager: Shutting down and abandoning module Toolbox (121)
[2015.05.21-01.54.40:206][359]LogModuleManager: Shutting down and abandoning module ModuleUI (120)
[2015.05.21-01.54.40:206][359]LogModuleManager: Shutting down and abandoning module MovieSceneTools (119)
[2015.05.21-01.54.40:206][359]LogModuleManager: Shutting down and abandoning module OutputLog (118)
[2015.05.21-01.54.40:206][359]LogModuleManager: Shutting down and abandoning module GammaUI (117)
[2015.05.21-01.54.40:206][359]LogModuleManager: Shutting down and abandoning module Documentation (116)
[2015.05.21-01.54.40:206][359]LogModuleManager: Shutting down and abandoning module GameLiveStreaming (115)
[2015.05.21-01.54.40:206][359]LogModuleManager: Shutting down and abandoning module StreamingPauseRendering (114)
[2015.05.21-01.54.40:206][359]LogModuleManager: Shutting down and abandoning module HTTP (113)
[2015.05.21-01.54.40:206][359]LogModuleManager: Shutting down and abandoning module AnalyticsET (112)
[2015.05.21-01.54.40:206][359]LogModuleManager: Shutting down and abandoning module Analytics (111)
[2015.05.21-01.54.40:206][359]LogModuleManager: Shutting down and abandoning module AITestSuite (110)
[2015.05.21-01.54.40:206][359]LogModuleManager: Shutting down and abandoning module GameplayDebugger (109)
[2015.05.21-01.54.40:206][359]LogModuleManager: Shutting down and abandoning module AIModule (108)
[2015.05.21-01.54.40:206][359]LogModuleManager: Shutting down and abandoning module ProfilerService (107)
[2015.05.21-01.54.40:334][359]LogModuleManager: Shutting down and abandoning module TaskGraph (106)
[2015.05.21-01.54.40:334][359]LogModuleManager: Shutting down and abandoning module SlateRemote (105)
[2015.05.21-01.54.40:334][359]LogModuleManager: Shutting down and abandoning module ScriptEditorPlugin (104)
[2015.05.21-01.54.40:334][359]LogModuleManager: Shutting down and abandoning module CustomMeshComponent (103)
[2015.05.21-01.54.40:334][359]LogModuleManager: Shutting down and abandoning module CableComponent (102)
[2015.05.21-01.54.40:334][359]LogModuleManager: Shutting down and abandoning module MessagingDebugger (101)
[2015.05.21-01.54.40:334][359]LogModuleManager: Shutting down and abandoning module MediaPlayerEditor (100)
[2015.05.21-01.54.40:334][359]LogModuleManager: Shutting down and abandoning module SpeedTreeImporter (99)
[2015.05.21-01.54.40:334][359]LogModuleManager: Shutting down and abandoning module PluginsEditor (98)
[2015.05.21-01.54.40:334][359]LogModuleManager: Shutting down and abandoning module MainFrame (97)
[2015.05.21-01.54.40:334][359]LogModuleManager: Shutting down and abandoning module EpicSurvey (96)
[2015.05.21-01.54.40:334][359]LogModuleManager: Shutting down and abandoning module DesktopPlatform (95)
[2015.05.21-01.54.40:334][359]LogModuleManager: Shutting down and abandoning module DirectoryWatcher (94)
[2015.05.21-01.54.40:334][359]LogModuleManager: Shutting down and abandoning module HotReload (93)
[2015.05.21-01.54.40:334][359]LogModuleManager: Shutting down and abandoning module VisualStudioSourceCodeAccess (92)
[2015.05.21-01.54.40:334][359]LogModuleManager: Shutting down and abandoning module UObjectPlugin (91)
[2015.05.21-01.54.40:334][359]LogModuleManager: Shutting down and abandoning module SubversionSourceControl (90)
[2015.05.21-01.54.40:334][359]LogModuleManager: Shutting down and abandoning module PerforceSourceControl (89)
[2015.05.21-01.54.40:334][359]LogModuleManager: Shutting down and abandoning module SourceControl (88)
[2015.05.21-01.54.40:334][359]LogModuleManager: Shutting down and abandoning module GitSourceControl (87)
[2015.05.21-01.54.40:334][359]LogModuleManager: Shutting down and abandoning module BlankPlugin (86)
[2015.05.21-01.54.40:334][359]LogModuleManager: Shutting down and abandoning module PaperTiledImporter (85)
[2015.05.21-01.54.40:334][359]LogModuleManager: Shutting down and abandoning module PaperJsonImporter (84)
[2015.05.21-01.54.40:334][359]LogModuleManager: Shutting down and abandoning module ContentBrowser (83)
[2015.05.21-01.54.40:335][359]LogModuleManager: Shutting down and abandoning module Paper2DEditor (82)
[2015.05.21-01.54.40:335][359]LogModuleManager: Shutting down and abandoning module SpaceRace (81)
[2015.05.21-01.54.40:335][359]LogModuleManager: Shutting down and abandoning module ScriptPlugin (80)
[2015.05.21-01.54.40:335][359]LogModuleManager: Shutting down and abandoning module UdpMessaging (79)
[2015.05.21-01.54.40:435][359]LogModuleManager: Shutting down and abandoning module Paper2D (78)
[2015.05.21-01.54.40:435][359]LogModuleManager: Shutting down and abandoning module WindowsMoviePlayer (77)
[2015.05.21-01.54.40:436][359]LogModuleManager: Shutting down and abandoning module Media (76)
[2015.05.21-01.54.40:436][359]LogModuleManager: Shutting down and abandoning module WmfMedia (75)
[2015.05.21-01.54.40:436][359]LogModuleManager: Shutting down and abandoning module OnlineBlueprintSupport (74)
[2015.05.21-01.54.40:436][359]LogModuleManager: Shutting down and abandoning module PropertyEditor (73)
[2015.05.21-01.54.40:436][359]LogModuleManager: Shutting down and abandoning module BehaviorTreeEditor (72)
[2015.05.21-01.54.40:436][359]LogModuleManager: Shutting down and abandoning module FunctionalTesting (71)
[2015.05.21-01.54.40:437][359]LogModuleManager: Shutting down and abandoning module CollisionAnalyzer (70)
[2015.05.21-01.54.40:437][359]LogModuleManager: Shutting down and abandoning module WorkspaceMenuStructure (69)
[2015.05.21-01.54.40:437][359]LogModuleManager: Shutting down and abandoning module MessageLog (68)
[2015.05.21-01.54.40:437][359]LogModuleManager: Shutting down and abandoning module Sequencer (67)
[2015.05.21-01.54.40:437][359]LogModuleManager: Shutting down and abandoning module AssetTools (66)
[2015.05.21-01.54.40:437][359]LogModuleManager: Shutting down and abandoning module UMGEditor (65)
[2015.05.21-01.54.40:437][359]LogModuleManager: Shutting down and abandoning module UMG (64)
[2015.05.21-01.54.40:437][359]LogModuleManager: Shutting down and abandoning module Slate (63)
[2015.05.21-01.54.40:437][359]LogModuleManager: Shutting down and abandoning module EditorStyle (62)
[2015.05.21-01.54.40:439][359]LogModuleManager: Shutting down and abandoning module SessionServices (61)
[2015.05.21-01.54.40:439][359]LogModuleManager: Shutting down and abandoning module SourceCodeAccess (60)
[2015.05.21-01.54.40:439][359]LogModuleManager: Shutting down and abandoning module HeadMountedDisplay (59)
[2015.05.21-01.54.40:439][359]LogModuleManager: Shutting down and abandoning module XAudio2 (58)
[2015.05.21-01.54.40:439][359]LogModuleManager: Shutting down and abandoning module Networking (56)
[2015.05.21-01.54.40:439][359]LogModuleManager: Shutting down and abandoning module Core (55)
[2015.05.21-01.54.40:439][359]LogModuleManager: Shutting down and abandoning module KismetCompiler (54)
[2015.05.21-01.54.40:439][359]LogModuleManager: Shutting down and abandoning module PhysXFormats (53)
[2015.05.21-01.54.40:439][359]LogModuleManager: Shutting down and abandoning module MeshUtilities (52)
[2015.05.21-01.54.40:439][359]LogModuleManager: Shutting down and abandoning module DerivedDataCache (51)
[2015.05.21-01.54.40:467][359]LogDerivedDataCache: Shutdown
[2015.05.21-01.54.40:467][359]LogModuleManager: Shutting down and abandoning module ShaderFormatOpenGL (50)
[2015.05.21-01.54.40:467][359]LogModuleManager: Shutting down and abandoning module ShaderFormatD3D (49)
[2015.05.21-01.54.40:467][359]LogModuleManager: Shutting down and abandoning module MetalShaderFormat (48)
[2015.05.21-01.54.40:467][359]LogModuleManager: Shutting down and abandoning module TextureFormatUncompressed (47)
[2015.05.21-01.54.40:467][359]LogModuleManager: Shutting down and abandoning module TextureFormatPVR (46)
[2015.05.21-01.54.40:467][359]LogModuleManager: Shutting down and abandoning module TextureFormatIntelISPCTexComp (45)
[2015.05.21-01.54.40:467][359]LogModuleManager: Shutting down and abandoning module TextureFormatDXT (44)
[2015.05.21-01.54.40:467][359]LogModuleManager: Shutting down and abandoning module ImageWrapper (43)
[2015.05.21-01.54.40:467][359]LogModuleManager: Shutting down and abandoning module TextureFormatASTC (42)
[2015.05.21-01.54.40:467][359]LogModuleManager: Shutting down and abandoning module TextureFormatAndroid (41)
[2015.05.21-01.54.40:467][359]LogModuleManager: Shutting down and abandoning module AudioFormatOpus (40)
[2015.05.21-01.54.40:467][359]LogModuleManager: Shutting down and abandoning module AudioFormatOgg (39)
[2015.05.21-01.54.40:467][359]LogModuleManager: Shutting down and abandoning module AudioFormatADPCM (38)
[2015.05.21-01.54.40:467][359]LogModuleManager: Shutting down and abandoning module LinuxTargetPlatform (37)
[2015.05.21-01.54.40:467][359]LogModuleManager: Shutting down and abandoning module LinuxServerTargetPlatform (36)
[2015.05.21-01.54.40:467][359]LogModuleManager: Shutting down and abandoning module LinuxNoEditorTargetPlatform (35)
[2015.05.21-01.54.40:467][359]LogModuleManager: Shutting down and abandoning module Messaging (34)
[2015.05.21-01.54.40:467][359]LogModuleManager: Shutting down and abandoning module IOSTargetPlatform (33)
[2015.05.21-01.54.40:467][359]LogModuleManager: Shutting down and abandoning module HTML5TargetPlatform (32)
[2015.05.21-01.54.40:467][359]LogModuleManager: Shutting down and abandoning module Android_PVRTCTargetPlatform (31)
[2015.05.21-01.54.40:467][359]LogModuleManager: Shutting down and abandoning module Android_ETC2TargetPlatform (30)
[2015.05.21-01.54.40:467][359]LogModuleManager: Shutting down and abandoning module Android_ETC1TargetPlatform (29)
[2015.05.21-01.54.40:467][359]LogModuleManager: Shutting down and abandoning module Android_ES31TargetPlatform (28)
[2015.05.21-01.54.40:467][359]LogModuleManager: Shutting down and abandoning module Android_DXTTargetPlatform (27)
[2015.05.21-01.54.40:467][359]LogModuleManager: Shutting down and abandoning module Android_ATCTargetPlatform (26)
[2015.05.21-01.54.40:467][359]LogModuleManager: Shutting down and abandoning module AndroidTargetPlatform (25)
[2015.05.21-01.54.40:467][359]LogModuleManager: Shutting down and abandoning module WindowsTargetPlatform (24)
[2015.05.21-01.54.40:467][359]LogModuleManager: Shutting down and abandoning module WindowsServerTargetPlatform (23)
[2015.05.21-01.54.40:467][359]LogModuleManager: Shutting down and abandoning module WindowsNoEditorTargetPlatform (22)
[2015.05.21-01.54.40:467][359]LogModuleManager: Shutting down and abandoning module WindowsClientTargetPlatform (21)
[2015.05.21-01.54.40:467][359]LogModuleManager: Shutting down and abandoning module TargetPlatform (20)
[2015.05.21-01.54.40:467][359]LogModuleManager: Shutting down and abandoning module InputCore (19)
[2015.05.21-01.54.40:467][359]LogModuleManager: Shutting down and abandoning module Settings (18)
[2015.05.21-01.54.40:467][359]LogModuleManager: Shutting down and abandoning module OnlineSubsystem (16)
[2015.05.21-01.54.40:467][359]LogModuleManager: Shutting down and abandoning module OculusRift (15)
[2015.05.21-01.54.40:467][359]LogModuleManager: Shutting down and abandoning module ExampleDeviceProfileSelector (14)
[2015.05.21-01.54.40:467][359]LogModuleManager: Shutting down and abandoning module TextureCompressor (13)
[2015.05.21-01.54.40:467][359]LogModuleManager: Shutting down and abandoning module ShaderCore (12)
[2015.05.21-01.54.40:467][359]LogModuleManager: Shutting down and abandoning module Landscape (11)
[2015.05.21-01.54.40:467][359]LogModuleManager: Shutting down and abandoning module SlateRHIRenderer (10)
[2015.05.21-01.54.40:469][359]LogModuleManager: Shutting down and abandoning module OpenGLDrv (9)
[2015.05.21-01.54.40:469][359]LogModuleManager: Shutting down and abandoning module D3D11RHI (8)
[2015.05.21-01.54.40:469][359]LogModuleManager: Shutting down and abandoning module Renderer (7)
[2015.05.21-01.54.40:469][359]LogModuleManager: Shutting down and abandoning module Engine (6)
[2015.05.21-01.54.40:469][359]LogModuleManager: Shutting down and abandoning module CoreUObject (5)
[2015.05.21-01.54.40:469][359]LogModuleManager: Shutting down and abandoning module NetworkFile (4)
[2015.05.21-01.54.40:469][359]LogModuleManager: Shutting down and abandoning module StreamingFile (3)
[2015.05.21-01.54.40:469][359]LogModuleManager: Shutting down and abandoning module SandboxFile (2)
[2015.05.21-01.54.40:469][359]LogModuleManager: Shutting down and abandoning module PakFile (1)
[2015.05.21-01.54.40:470][359]LogExit: Exiting.
[2015.05.21-01.54.40:480][359]Log file closed, 05/21/15 11:54:40
