Log file open, 05/14/15 18:17:36
LogInit:Display: Running engine for game: SpaceRace
LogInit:Warning: Incompatible or missing module: UE4Editor-SpaceRace.dll
Running C:/Program Files/Epic Games/4.7/Engine/Binaries/DotNET/UnrealBuildTool.exe SpaceRace Development Win64 -project="C:/Users/Michael Herbert/Documents/GitHub/SpaceRace/SpaceRace.uproject" -rocket -editorrecompile -progress
Parsing headers for SpaceRaceEditor
Reflection code generated for SpaceRaceEditor
Performing 7 actions (4 in parallel)
[3/7] Resource SpaceRace.rc
[2/7] Resource ModuleVersionResource.rc.inl
PCH.SpaceRace.SpaceRace.h.cpp
SpaceRace.generated.cpp
SpaceRace.cpp
test.cpp
[7/7] Link UE4Editor-SpaceRace.dll
   Creating library C:\Users\Michael Herbert\Documents\GitHub\SpaceRace\Intermediate\Build\Win64\SpaceRaceEditor\Development\UE4Editor-SpaceRace.lib and object C:\Users\Michael Herbert\Documents\GitHub\SpaceRace\Intermediate\Build\Win64\SpaceRaceEditor\Development\UE4Editor-SpaceRace.exp
-------- End Detailed Actions Stats -----------------------------------------------------------
Cumulative action seconds (8 processors): 0.00 building projects, 21.46 compiling, 0.00 creating app bundles, 0.00 generating debug info, 0.91 linking, 0.00 other
UBT execution time: 29.72 seconds
LogInit: Version: 4.7.6-2513093+++depot+UE4-Releases+4.7
LogInit: API Version: 2455222
LogInit: Compiled (64-bit): Apr 15 2015 12:09:54
LogInit: Compiled with Visual C++: 18.00.21005.01
LogInit: Build Configuration: Development
LogInit: Branch Name: ++depot+UE4-Releases+4.7
LogInit: Command line:  
LogInit: Base directory: C:/Program Files/Epic Games/4.7/Engine/Binaries/Win64/
LogInit: Rocket: 1
[2015.05.14-08.18.11:808][  0]LogTaskGraph: Started task graph with 3 named threads and 6 total threads.
[2015.05.14-08.18.11:858][  0]LogOnline:Warning: No default platform service specified for OnlineSubsystem
[2015.05.14-08.18.11:890][  0]LogInit: Presizing for 0 objects not considered by GC, pre-allocating 0 bytes.
[2015.05.14-08.18.11:901][  0]LogInit: Object subsystem initialized
[2015.05.14-08.18.11:907][  0]LogConsoleResponse:Warning: Skipping Unknown console variable: 'TranslucentSortAxis = (X=0.000000,Y=-1.000000,Z=0.000000)'
[2015.05.14-08.18.11:907][  0]LogConsoleResponse:Warning:   Found in ini file 'C:/Users/Michael Herbert/Documents/GitHub/SpaceRace/Saved/Config/Windows/Engine.ini', in section '[/Script/Engine.RendererSettings]'
[2015.05.14-08.18.11:907][  0]LogConsoleResponse:Warning: Skipping Unknown console variable: 'UIScaleRule = ShortestSide'
[2015.05.14-08.18.11:907][  0]LogConsoleResponse:Warning:   Found in ini file 'C:/Users/Michael Herbert/Documents/GitHub/SpaceRace/Saved/Config/Windows/Engine.ini', in section '[/Script/Engine.RendererSettings]'
[2015.05.14-08.18.11:907][  0]LogConsoleResponse:Warning: Skipping Unknown console variable: 'UIScaleCurve = (EditorCurveData=(Keys=),ExternalCurve=None)'
[2015.05.14-08.18.11:907][  0]LogConsoleResponse:Warning:   Found in ini file 'C:/Users/Michael Herbert/Documents/GitHub/SpaceRace/Saved/Config/Windows/Engine.ini', in section '[/Script/Engine.RendererSettings]'
[2015.05.14-08.18.11:909][  0]LogInit: Selected Device Profile: [Windows]
[2015.05.14-08.18.11:910][  0]LogInit: Applying CVar settings loaded from the selected device profile: [Windows]
[2015.05.14-08.18.11:915][  0]LogInit: Computer: MICHAELHERBERT
[2015.05.14-08.18.11:915][  0]LogInit: User: MichaelHerbert
[2015.05.14-08.18.11:915][  0]LogInit: CPU Page size=4096, Cores=4
[2015.05.14-08.18.11:915][  0]LogInit: High frequency timer resolution =3.515644 MHz
[2015.05.14-08.18.11:915][  0]LogMemory: Memory total: Physical=15.9GB (16GB approx) Virtual=8192.0GB
[2015.05.14-08.18.11:915][  0]LogMemory: Platform Memory Stats for Windows
[2015.05.14-08.18.11:915][  0]LogMemory: Process Physical Memory: 53.29 MB used, 53.29 MB peak
[2015.05.14-08.18.11:915][  0]LogMemory: Process Virtual Memory: 30.30 MB used, 30.30 MB peak
[2015.05.14-08.18.11:915][  0]LogMemory: Physical Memory: 5971.49 MB used, 16244.83 MB total
[2015.05.14-08.18.11:915][  0]LogMemory: Virtual Memory: 358.45 MB used, 8388608.00 MB total
[2015.05.14-08.18.11:937][  0]LogD3D11RHI: Found D3D11 adapter 0: Intel(R) HD Graphics 4600 (Feature Level 11_0)
[2015.05.14-08.18.11:937][  0]LogD3D11RHI: Adapter has 64MB of dedicated video memory, 0MB of dedicated system memory, and 1632MB of shared system memory, 1 output[s]
[2015.05.14-08.18.11:937][  0]LogD3D11RHI: Chosen D3D11 Adapter Id = 0
[2015.05.14-08.18.11:943][  0]LogRHI: Texture pool is 616 MB (70% of 880 MB)
[2015.05.14-08.18.11:948][  0]LogD3D11RHI: Async texture creation enabled
[2015.05.14-08.18.12:042][  0]LogTextLocalizationManager: The requested culture ('en_AU') has no localization data; parent culture's ('en') localization data will be used.
[2015.05.14-08.18.12:096][  0]LogTextLocalizationManager:Warning: Loading localization resources contain conflicting entries for (Namespace:UICommands, Key:Save_ToolTip):
Resource: (C:/Program Files/Epic Games/4.7/Engine/Content/Localization/Editor/en/Editor.locres) Hash: (-29098895) String: (Saves the current level to disk)
Resource: (C:/Program Files/Epic Games/4.7/Engine/Content/Localization/Engine/en/Engine.locres) Hash: (-1280300587) String: (Save selected data to vlog file)
[2015.05.14-08.18.12:096][  0]LogTextLocalizationManager:Warning: Loading localization resources contain conflicting entries for (Namespace:ContentBrowser, Key:ImportAssetToolTip):
Resource: (C:/Program Files/Epic Games/4.7/Engine/Content/Localization/Editor/en/Editor.locres) Hash: (-630476809) String: (Import to {0}...)
Resource: (C:/Program Files/Epic Games/4.7/Engine/Content/Localization/Editor/en/Editor.locres) Hash: (1271782899) String: (Imports an asset from file to this folder.)
[2015.05.14-08.18.12:165][  0]LogContentStreaming: Texture pool size is 0.000000MB
[2015.05.14-08.18.14:209][  0]LogTargetPlatformManager:Display: Building Assets For Windows
[2015.05.14-08.18.14:698][  0]LogTargetPlatformManager:Display: Building Assets For Windows
[2015.05.14-08.18.14:763][  0]LogDerivedDataCache:Display: Max Cache Size: 512 MB
[2015.05.14-08.18.14:868][  0]LogDerivedDataCache: Loaded boot cache 0.10s 39MB C:/Users/Michael Herbert/AppData/Local/UnrealEngine/4.7/DerivedDataCache/Boot.ddc.
[2015.05.14-08.18.14:868][  0]LogDerivedDataCache:Display: Loaded Boot cache: C:/Users/Michael Herbert/AppData/Local/UnrealEngine/4.7/DerivedDataCache/Boot.ddc
[2015.05.14-08.18.14:868][  0]LogDerivedDataCache: FDerivedDataBackendGraph:  Pak pak cache file ../../../../../../Users/Michael Herbert/Documents/GitHub/SpaceRace/DerivedDataCache/DDC.ddp not found, will not use a pak cache.
[2015.05.14-08.18.14:868][  0]LogDerivedDataCache: Unable to find inner node Pak for hierarchical cache Hierarchy.
[2015.05.14-08.18.14:983][  0]LogDerivedDataCache:Display: Pak cache opened for reading ../../../Engine/DerivedDataCache/Compressed.ddp.
[2015.05.14-08.18.14:995][  0]LogDerivedDataCache: Using Local data cache path C:/Users/Michael Herbert/AppData/Local/UnrealEngine/Common/DerivedDataCache: Writable
[2015.05.14-08.18.15:411][  0]LogMeshUtilities: No automatic mesh reduction module available
[2015.05.14-08.18.15:411][  0]LogMeshUtilities: No automatic mesh merging module available
[2015.05.14-08.18.15:906][  0]LogInit: WinSock: version 1.1 (2.2), MaxSocks=32767, MaxUdp=65467
[2015.05.14-08.18.15:984][  0]LogSlate:Warning: Failed to load font data from '../../../Engine/Content/Slate/Fonts/Roboto-Italic.ttf'
[2015.05.14-08.18.16:868][  0]UdpMessaging: Initializing bridge on interface 0.0.0.0:0 to multicast group 230.0.0.1:6666.
[2015.05.14-08.18.17:072][  0]SourceControl: Info Source control is disabled
[2015.05.14-08.18.17:072][  0]SourceControl: Info Source control is disabled
[2015.05.14-08.18.17:072][  0]SourceControl: Info Source control is disabled
[2015.05.14-08.18.17:072][  0]LogSourceControl: RunCommandInternalRaw: 'git version'
[2015.05.14-08.18.17:072][  0]LogSourceControl: RunCommandInternalRaw: ExecProcess ReturnCode=2 OutResults=''
[2015.05.14-08.18.17:079][  0]SourceControl: Info Source control is disabled
[2015.05.14-08.18.17:238][  0]LogObj: 24236 objects as part of root set at end of initial load.
[2015.05.14-08.18.17:238][  0]LogUObjectAllocator: 5138808 out of 0 bytes used by permanent object pool.
[2015.05.14-08.18.17:339][  0]LogEngine: Initializing Engine...
[2015.05.14-08.18.19:485][  0]LogInit: XAudio2 using 'Speakers (Realtek High Definition Audio)' : 2 channels at 48 kHz using 32 bits per sample (channel mask 0x3)
[2015.05.14-08.18.19:495][  0]LogInit: FAudioDevice initialized.
[2015.05.14-08.18.19:539][  0]LogAIModule: Creating AISystem for world NewWorld
[2015.05.14-08.18.19:559][  0]LogDerivedDataCache: Saved boot cache 0.02s 39MB C:/Users/Michael Herbert/AppData/Local/UnrealEngine/4.7/DerivedDataCache/Boot.ddc.
[2015.05.14-08.18.19:561][  0]LogInit: Texture streaming: Enabled
[2015.05.14-08.18.19:637][  0]LogAnalytics: Creating configured Analytics provider AnalyticsET
[2015.05.14-08.18.19:637][  0]LogAnalytics: ET APIKey = Rocket.Release. APIServer = http://et2.epicgames.com/ET2/. AppVersion = 4.7.6-2513093+++depot+UE4-Releases+4.7
[2015.05.14-08.18.19:637][  0]LogAnalytics: ET APIKey = Rocket.Release. DataRouterUploadURL = https://datarouter-public-service-gamedev.ol.epicgames.net/datarouter/api/v1/public/data. AppVersion = 4.7.6-2513093+++depot+UE4-Releases+4.7
[2015.05.14-08.18.19:637][  0]LogAnalytics: SetUserId 0f88b27845e758115f4ad7ad96ed6ef6|51fe2412c8b74b02bd802614c621f646|4b488e6f-c617-4327-aaf9-74763d8f78d1
[2015.05.14-08.18.19:638][  0]LogAnalytics: AnalyticsET::StartSession [Rocket.Release]
[2015.05.14-08.18.19:665][  0]LogInit: Transaction tracking system initialized
[2015.05.14-08.18.19:847][  0]BlueprintLog: New page: Editor Load
[2015.05.14-08.18.19:882][  0]LogAssetRegistry: FAssetRegistry took 0.0100 seconds to start up
[2015.05.14-08.18.19:882][  0]LogDirectoryWatcher:Warning: Failed to begin reading directory changes for ../../../Engine/Plugins/Experimental/CharacterAI/Content/. Error: 0
[2015.05.14-08.18.20:388][  0]LogTargetPlatformManager:Display: Building Assets For Windows
[2015.05.14-08.18.20:721][  0]LogTargetPlatformManager:Display: Building Assets For Windows
[2015.05.14-08.18.20:994][  0]LogSlate:Warning: Failed to load font data from '../../../Engine/Content/Editor/Slate/Fonts/Roboto-Regular.ttf'
[2015.05.14-08.18.20:994][  0]LogSlate:Warning: Failed to load font data from '../../../Engine/Content/Editor/Slate/Fonts/Roboto-Bold.ttf'
[2015.05.14-08.18.20:999][  0]LogConsoleResponse:Display: 
[2015.05.14-08.18.21:139][  0]LogCook:Display: Done creating registry. It took  0.00s.
[2015.05.14-08.18.21:301][  0]SourceControl: Info Source control is disabled
[2015.05.14-08.18.21:303][  0]Cmd: MAP LOAD FILE="../../../../../../Users/Michael Herbert/Documents/GitHub/SpaceRace/Content/EndlessRunner/Maps/2DSideScrollerExampleMap.umap" TEMPLATE=0 SHOWPROGRESS=1 FEATURELEVEL=3
[2015.05.14-08.18.21:303][  0]LightingResults: New page: Lighting Build
[2015.05.14-08.18.21:315][  0]MapCheck: New page: Map Check
[2015.05.14-08.18.21:315][  0]LightingResults: New page: Lighting Build
[2015.05.14-08.18.21:324][  0]LogParticles: Destroying 0 GPU particle simulations for FXSystem 0x0000000003EBA980
[2015.05.14-08.18.23:771][  0]LoadErrors:Error: Error Failed import for PaperSpriteComponent
[2015.05.14-08.18.23:885][  0]LogTexture:Display: Building textures: lazerv2_5G (AutoDXT)
[2015.05.14-08.18.24:220][  0]LogTexture:Display: Building textures: gem02 (AutoDXT)
[2015.05.14-08.18.24:990][  0]LogTexture:Display: Building textures: gem01 (AutoDXT)
[2015.05.14-08.18.25:759][  0]LogTexture:Display: Building textures: gem03 (AutoDXT)
[2015.05.14-08.18.26:546][  0]LogTexture:Display: Building textures: gem04 (AutoDXT)
[2015.05.14-08.18.27:387][  0]LogTexture:Display: Building textures: gem05 (AutoDXT)
[2015.05.14-08.18.28:249][  0]LogTexture:Display: Building textures: gem06 (AutoDXT)
[2015.05.14-08.18.29:102][  0]LogTexture:Display: Building textures: gem07 (AutoDXT)
[2015.05.14-08.18.29:913][  0]LogTexture:Display: Building textures: gem08 (AutoDXT)
[2015.05.14-08.18.30:709][  0]LogTexture:Display: Building textures: gem09 (AutoDXT)
[2015.05.14-08.18.31:494][  0]LogTexture:Display: Building textures: gem10 (AutoDXT)
[2015.05.14-08.18.32:292][  0]LogTexture:Display: Building textures: gem11 (AutoDXT)
[2015.05.14-08.18.33:008][  0]LogTexture:Display: Building textures: gem12 (AutoDXT)
[2015.05.14-08.18.33:717][  0]LogTexture:Display: Building textures: gem13 (AutoDXT)
[2015.05.14-08.18.34:443][  0]LogTexture:Display: Building textures: zago1 (AutoDXT)
[2015.05.14-08.18.35:601][  0]LogTexture:Display: Building textures: asteroid2 (AutoDXT)
[2015.05.14-08.18.35:718][  0]LogTexture:Display: Building textures: HALLELUJAH (AutoDXT)
[2015.05.14-08.18.38:054][  0]LogTexture:Display: Building textures: STEELISH (AutoDXT)
[2015.05.14-08.18.39:215][  0]LogTexture:Display: Building textures: zago2 (AutoDXT)
[2015.05.14-08.18.40:587][  0]LogTexture:Display: Building textures: zago1 (AutoDXT)
[2015.05.14-08.18.42:042][  0]LogTexture:Display: Building textures: asteroid1 (AutoDXT)
[2015.05.14-08.18.42:164][  0]LogEditorServer: Finished looking for orphan Actors (0.000 secs)
[2015.05.14-08.18.42:165][  0]LogAIModule: Creating AISystem for world 2DSideScrollerExampleMap
[2015.05.14-08.18.42:166][  0]Cmd: MAP CHECKDEP
[2015.05.14-08.18.42:166][  0]MapCheck: New page: 2DSideScrollerExampleMap - 15 May 2015 4:18:42 am
[2015.05.14-08.18.42:315][  0]MapCheck:Warning: Warning Sprite0 PaperFlipbookComponent /Game/EndlessRunner/Maps/2DSideScrollerExampleMap.2DSideScrollerExampleMap:PersistentLevel.ShipCharacter_C_0.Sprite0 : Externally referenced 
[2015.05.14-08.18.42:315][  0]MapCheck:Warning: Warning PaperSprite PaperSpriteComponent /Game/EndlessRunner/Maps/2DSideScrollerExampleMap.2DSideScrollerExampleMap:PersistentLevel.BP_Coin_C_2199.PaperSprite : Externally referenced 
[2015.05.14-08.18.42:316][  0]MapCheck:Warning: Warning PaperSprite PaperSpriteComponent /Game/EndlessRunner/Maps/2DSideScrollerExampleMap.2DSideScrollerExampleMap:PersistentLevel.BP_Coin_C_2200.PaperSprite : Externally referenced 
[2015.05.14-08.18.42:316][  0]MapCheck:Warning: Warning PaperSprite PaperSpriteComponent /Game/EndlessRunner/Maps/2DSideScrollerExampleMap.2DSideScrollerExampleMap:PersistentLevel.BP_Coin_C_2201.PaperSprite : Externally referenced 
[2015.05.14-08.18.42:316][  0]MapCheck:Warning: Warning PaperSprite PaperSpriteComponent /Game/EndlessRunner/Maps/2DSideScrollerExampleMap.2DSideScrollerExampleMap:PersistentLevel.BP_Coin_C_2202.PaperSprite : Externally referenced 
[2015.05.14-08.18.42:316][  0]MapCheck:Warning: Warning PaperSprite PaperSpriteComponent /Game/EndlessRunner/Maps/2DSideScrollerExampleMap.2DSideScrollerExampleMap:PersistentLevel.BP_Coin_C_2203.PaperSprite : Externally referenced 
[2015.05.14-08.18.42:316][  0]MapCheck:Warning: Warning PaperSprite PaperSpriteComponent /Game/EndlessRunner/Maps/2DSideScrollerExampleMap.2DSideScrollerExampleMap:PersistentLevel.BP_Coin_C_2204.PaperSprite : Externally referenced 
[2015.05.14-08.18.42:316][  0]MapCheck:Warning: Warning PaperSprite PaperSpriteComponent /Game/EndlessRunner/Maps/2DSideScrollerExampleMap.2DSideScrollerExampleMap:PersistentLevel.BP_Coin_C_2205.PaperSprite : Externally referenced 
[2015.05.14-08.18.42:316][  0]MapCheck:Warning: Warning PaperSprite PaperSpriteComponent /Game/EndlessRunner/Maps/2DSideScrollerExampleMap.2DSideScrollerExampleMap:PersistentLevel.BP_Coin_C_2206.PaperSprite : Externally referenced 
[2015.05.14-08.18.42:316][  0]MapCheck:Warning: Warning PaperSprite PaperSpriteComponent /Game/EndlessRunner/Maps/2DSideScrollerExampleMap.2DSideScrollerExampleMap:PersistentLevel.BP_Coin_C_2207.PaperSprite : Externally referenced 
[2015.05.14-08.18.42:316][  0]MapCheck:Warning: Warning PaperSprite PaperSpriteComponent /Game/EndlessRunner/Maps/2DSideScrollerExampleMap.2DSideScrollerExampleMap:PersistentLevel.BP_Coin_C_2208.PaperSprite : Externally referenced 
[2015.05.14-08.18.42:316][  0]MapCheck:Warning: Warning PaperSprite PaperSpriteComponent /Game/EndlessRunner/Maps/2DSideScrollerExampleMap.2DSideScrollerExampleMap:PersistentLevel.BP_Coin_C_2209.PaperSprite : Externally referenced 
[2015.05.14-08.18.42:316][  0]MapCheck:Warning: Warning PaperSprite PaperSpriteComponent /Game/EndlessRunner/Maps/2DSideScrollerExampleMap.2DSideScrollerExampleMap:PersistentLevel.BP_Coin_C_1023.PaperSprite : Externally referenced 
[2015.05.14-08.18.42:317][  0]MapCheck:Warning: Warning PaperSprite PaperSpriteComponent /Game/EndlessRunner/Maps/2DSideScrollerExampleMap.2DSideScrollerExampleMap:PersistentLevel.BP_Coin_C_1024.PaperSprite : Externally referenced 
[2015.05.14-08.18.42:317][  0]MapCheck:Warning: Warning PaperSprite PaperSpriteComponent /Game/EndlessRunner/Maps/2DSideScrollerExampleMap.2DSideScrollerExampleMap:PersistentLevel.BP_Coin_C_1025.PaperSprite : Externally referenced 
[2015.05.14-08.18.42:317][  0]MapCheck:Warning: Warning PaperSprite PaperSpriteComponent /Game/EndlessRunner/Maps/2DSideScrollerExampleMap.2DSideScrollerExampleMap:PersistentLevel.BP_Coin_C_1026.PaperSprite : Externally referenced 
[2015.05.14-08.18.42:317][  0]MapCheck:Warning: Warning PaperSprite PaperSpriteComponent /Game/EndlessRunner/Maps/2DSideScrollerExampleMap.2DSideScrollerExampleMap:PersistentLevel.BP_Coin_C_1027.PaperSprite : Externally referenced 
[2015.05.14-08.18.42:317][  0]MapCheck:Warning: Warning PaperSprite PaperSpriteComponent /Game/EndlessRunner/Maps/2DSideScrollerExampleMap.2DSideScrollerExampleMap:PersistentLevel.BP_Coin_C_1028.PaperSprite : Externally referenced 
[2015.05.14-08.18.42:317][  0]MapCheck:Warning: Warning PaperSprite PaperSpriteComponent /Game/EndlessRunner/Maps/2DSideScrollerExampleMap.2DSideScrollerExampleMap:PersistentLevel.BP_Coin_C_1029.PaperSprite : Externally referenced 
[2015.05.14-08.18.42:317][  0]MapCheck:Warning: Warning PaperSprite PaperSpriteComponent /Game/EndlessRunner/Maps/2DSideScrollerExampleMap.2DSideScrollerExampleMap:PersistentLevel.BP_Coin_C_1030.PaperSprite : Externally referenced 
[2015.05.14-08.18.42:317][  0]MapCheck:Warning: Warning PaperSprite PaperSpriteComponent /Game/EndlessRunner/Maps/2DSideScrollerExampleMap.2DSideScrollerExampleMap:PersistentLevel.BP_Coin_C_1031.PaperSprite : Externally referenced 
[2015.05.14-08.18.42:317][  0]MapCheck:Warning: Warning PaperSprite PaperSpriteComponent /Game/EndlessRunner/Maps/2DSideScrollerExampleMap.2DSideScrollerExampleMap:PersistentLevel.BP_Coin_C_1032.PaperSprite : Externally referenced 
[2015.05.14-08.18.42:317][  0]MapCheck:Warning: Warning PaperSprite PaperSpriteComponent /Game/EndlessRunner/Maps/2DSideScrollerExampleMap.2DSideScrollerExampleMap:PersistentLevel.BP_Coin_C_1033.PaperSprite : Externally referenced 
[2015.05.14-08.18.42:317][  0]MapCheck:Warning: Warning PaperSprite PaperSpriteComponent /Game/EndlessRunner/Maps/2DSideScrollerExampleMap.2DSideScrollerExampleMap:PersistentLevel.BP_Coin_C_550.PaperSprite : Externally referenced 
[2015.05.14-08.18.42:318][  0]MapCheck:Warning: Warning PaperSprite PaperSpriteComponent /Game/EndlessRunner/Maps/2DSideScrollerExampleMap.2DSideScrollerExampleMap:PersistentLevel.BP_Coin_C_551.PaperSprite : Externally referenced 
[2015.05.14-08.18.42:318][  0]MapCheck:Warning: Warning PaperSprite PaperSpriteComponent /Game/EndlessRunner/Maps/2DSideScrollerExampleMap.2DSideScrollerExampleMap:PersistentLevel.BP_Coin_C_552.PaperSprite : Externally referenced 
[2015.05.14-08.18.42:318][  0]MapCheck:Warning: Warning PaperSprite PaperSpriteComponent /Game/EndlessRunner/Maps/2DSideScrollerExampleMap.2DSideScrollerExampleMap:PersistentLevel.BP_Coin_C_553.PaperSprite : Externally referenced 
[2015.05.14-08.18.42:318][  0]MapCheck:Warning: Warning PaperSprite PaperSpriteComponent /Game/EndlessRunner/Maps/2DSideScrollerExampleMap.2DSideScrollerExampleMap:PersistentLevel.BP_Coin_C_554.PaperSprite : Externally referenced 
[2015.05.14-08.18.42:318][  0]MapCheck:Warning: Warning PaperSprite PaperSpriteComponent /Game/EndlessRunner/Maps/2DSideScrollerExampleMap.2DSideScrollerExampleMap:PersistentLevel.BP_Coin_C_555.PaperSprite : Externally referenced 
[2015.05.14-08.18.42:318][  0]MapCheck:Warning: Warning PaperSprite PaperSpriteComponent /Game/EndlessRunner/Maps/2DSideScrollerExampleMap.2DSideScrollerExampleMap:PersistentLevel.BP_Coin_C_556.PaperSprite : Externally referenced 
[2015.05.14-08.18.42:318][  0]MapCheck:Warning: Warning PaperSprite PaperSpriteComponent /Game/EndlessRunner/Maps/2DSideScrollerExampleMap.2DSideScrollerExampleMap:PersistentLevel.BP_Coin_C_557.PaperSprite : Externally referenced 
[2015.05.14-08.18.42:318][  0]MapCheck:Warning: Warning PaperSprite PaperSpriteComponent /Game/EndlessRunner/Maps/2DSideScrollerExampleMap.2DSideScrollerExampleMap:PersistentLevel.BP_Coin_C_558.PaperSprite : Externally referenced 
[2015.05.14-08.18.42:318][  0]MapCheck:Warning: Warning PaperSprite PaperSpriteComponent /Game/EndlessRunner/Maps/2DSideScrollerExampleMap.2DSideScrollerExampleMap:PersistentLevel.BP_Coin_C_559.PaperSprite : Externally referenced 
[2015.05.14-08.18.42:318][  0]MapCheck:Warning: Warning PaperSprite PaperSpriteComponent /Game/EndlessRunner/Maps/2DSideScrollerExampleMap.2DSideScrollerExampleMap:PersistentLevel.BP_Coin_C_560.PaperSprite : Externally referenced 
[2015.05.14-08.18.42:318][  0]MapCheck:Warning: Warning PaperSprite PaperSpriteComponent /Game/EndlessRunner/Maps/2DSideScrollerExampleMap.2DSideScrollerExampleMap:PersistentLevel.BP_StartLevel_416.PaperSprite : Externally referenced 
[2015.05.14-08.18.42:318][  0]MapCheck:Warning: Warning PaperSprite PaperSpriteComponent /Game/EndlessRunner/Maps/2DSideScrollerExampleMap.2DSideScrollerExampleMap:PersistentLevel.BP_MidLevel_263.PaperSprite : Externally referenced 
[2015.05.14-08.18.42:319][  0]MapCheck:Warning: Warning PaperSprite PaperSpriteComponent /Game/EndlessRunner/Maps/2DSideScrollerExampleMap.2DSideScrollerExampleMap:PersistentLevel.LargeAsteroid_114.PaperSprite : Externally referenced 
[2015.05.14-08.18.42:319][  0]MapCheck:Warning: Warning RightEdge PaperSpriteComponent /Game/EndlessRunner/Maps/2DSideScrollerExampleMap.2DSideScrollerExampleMap:PersistentLevel.Gameplay_Screen_C_0.RightEdge : Externally referenced 
[2015.05.14-08.18.42:319][  0]MapCheck:Warning: Warning LeftEdge PaperSpriteComponent /Game/EndlessRunner/Maps/2DSideScrollerExampleMap.2DSideScrollerExampleMap:PersistentLevel.Gameplay_Screen_C_0.LeftEdge : Externally referenced 
[2015.05.14-08.18.42:319][  0]MapCheck:Warning: Warning TopEdge PaperSpriteComponent /Game/EndlessRunner/Maps/2DSideScrollerExampleMap.2DSideScrollerExampleMap:PersistentLevel.Gameplay_Screen_C_0.TopEdge : Externally referenced 
[2015.05.14-08.18.42:319][  0]MapCheck:Warning: Warning BottomEdge PaperSpriteComponent /Game/EndlessRunner/Maps/2DSideScrollerExampleMap.2DSideScrollerExampleMap:PersistentLevel.Gameplay_Screen_C_0.BottomEdge : Externally referenced 
[2015.05.14-08.18.42:319][  0]MapCheck:Warning: Warning PaperFlipbook PaperFlipbookComponent /Game/EndlessRunner/Maps/2DSideScrollerExampleMap.2DSideScrollerExampleMap:PersistentLevel.BP_Coin3_127.PaperFlipbook : Externally referenced 
[2015.05.14-08.18.42:319][  0]MapCheck:Warning: Warning PaperFlipbook PaperFlipbookComponent /Game/EndlessRunner/Maps/2DSideScrollerExampleMap.2DSideScrollerExampleMap:PersistentLevel.BP_Coin4_258.PaperFlipbook : Externally referenced 
[2015.05.14-08.18.42:319][  0]MapCheck:Warning: Warning PaperFlipbook PaperFlipbookComponent /Game/EndlessRunner/Maps/2DSideScrollerExampleMap.2DSideScrollerExampleMap:PersistentLevel.BP_Coin5_377.PaperFlipbook : Externally referenced 
[2015.05.14-08.18.42:319][  0]MapCheck:Warning: Warning PaperFlipbook PaperFlipbookComponent /Game/EndlessRunner/Maps/2DSideScrollerExampleMap.2DSideScrollerExampleMap:PersistentLevel.BP_Coin6_576.PaperFlipbook : Externally referenced 
[2015.05.14-08.18.42:319][  0]MapCheck:Warning: Warning PaperFlipbook PaperFlipbookComponent /Game/EndlessRunner/Maps/2DSideScrollerExampleMap.2DSideScrollerExampleMap:PersistentLevel.BP_Coin7_707.PaperFlipbook : Externally referenced 
[2015.05.14-08.18.42:319][  0]MapCheck:Warning: Warning PaperFlipbook PaperFlipbookComponent /Game/EndlessRunner/Maps/2DSideScrollerExampleMap.2DSideScrollerExampleMap:PersistentLevel.BP_Coin8_846.PaperFlipbook : Externally referenced 
[2015.05.14-08.18.42:319][  0]MapCheck:Warning: Warning PaperFlipbook PaperFlipbookComponent /Game/EndlessRunner/Maps/2DSideScrollerExampleMap.2DSideScrollerExampleMap:PersistentLevel.BP_Coin9_961.PaperFlipbook : Externally referenced 
[2015.05.14-08.18.42:319][  0]MapCheck:Warning: Warning PaperFlipbook PaperFlipbookComponent /Game/EndlessRunner/Maps/2DSideScrollerExampleMap.2DSideScrollerExampleMap:PersistentLevel.BP_Coin10_1092.PaperFlipbook : Externally referenced 
[2015.05.14-08.18.42:319][  0]MapCheck:Warning: Warning PaperFlipbook PaperFlipbookComponent /Game/EndlessRunner/Maps/2DSideScrollerExampleMap.2DSideScrollerExampleMap:PersistentLevel.BP_Coin11_1239.PaperFlipbook : Externally referenced 
[2015.05.14-08.18.42:320][  0]MapCheck:Warning: Warning PaperFlipbook PaperFlipbookComponent /Game/EndlessRunner/Maps/2DSideScrollerExampleMap.2DSideScrollerExampleMap:PersistentLevel.BP_Coin12_1430.PaperFlipbook : Externally referenced 
[2015.05.14-08.18.42:320][  0]MapCheck: Info Map check complete: 0 Error(s), 51 Warning(s), took 153.513ms to complete.
[2015.05.14-08.18.42:348][  0]LogFileHelpers: Loading map '2DSideScrollerExampleMap' took 21.046
[2015.05.14-08.18.42:510][  0]LogCollectionManager: Loaded 0 collections in 0.001920 seconds
[2015.05.14-08.18.42:525][  0]LogContentBrowser: Native class hierarchy populated in 0.0142 seconds. Added 1697 classes and 263 folders.
[2015.05.14-08.18.42:569][  0]LogContentBrowser: Native class hierarchy updated for 'SceneOutliner' in 0.0033 seconds. Added 1 classes and 2 folders.
[2015.05.14-08.18.42:634][  0]LogCrashTracker: Crashtracker disabled due to settings.
[2015.05.14-08.18.42:637][  0]LogSlate:Warning: Failed to load font data from 'Veranda'
[2015.05.14-08.18.42:643][  0]LogUObjectGlobals:Warning: Failed to find object 'Class None.'
[2015.05.14-08.18.42:674][  0]LogLoad: Full Startup: 66.95 seconds (BP compile: 1.19 seconds)
[2015.05.14-08.18.42:706][  0]LogContentBrowser:Verbose: The content browser source was changed by the sources view to '/Game/EndlessRunner/Blueprints'
[2015.05.14-08.18.42:891][  0]LogRenderer:Warning: Reallocating scene render targets to support 1208x656 (Frame:2).
[2015.05.14-08.18.44:717][  5]LogAssetRegistry: Asset discovery search completed in 24.8455 seconds
[2015.05.14-08.19.01:802][588]LogBlueprint:Warning: [Wave9] CreatePinForVariable: 'Asteriod' variable not found. Base class was probably changed.
[2015.05.14-08.19.01:803][588]LogBlueprint:Warning: [Wave9] CreatePinForVariable: 'Asteriod' variable not found. Base class was probably changed.
[2015.05.14-08.19.01:808][588]LogBlueprint:Warning: [Wave9] CreatePinForVariable: 'Leader ship small' variable not found. Base class was probably changed.
[2015.05.14-08.19.01:809][588]LogBlueprint:Warning: [Wave9] CreatePinForVariable: 'Leader ship small 2' variable not found. Base class was probably changed.
[2015.05.14-08.19.01:809][588]LogBlueprint:Warning: [Wave9] CreatePinForVariable: 'Small pirate' variable not found. Base class was probably changed.
[2015.05.14-08.19.01:830][588]LogBlueprint:Warning: [compiler] Warning Could not find a variable named "Small pirate" in 'Wave9_C'.
Make sure 'Wave9_C' has been compiled for  Get Small pirate 
[2015.05.14-08.19.01:831][588]LogBlueprint:Warning: [compiler] Warning Could not find a variable named "Leader ship small 2" in 'Wave9_C'.
Make sure 'Wave9_C' has been compiled for  Get Leader ship small 2 
[2015.05.14-08.19.01:831][588]LogBlueprint:Warning: [compiler] Warning Could not find a variable named "Leader ship small" in 'Wave9_C'.
Make sure 'Wave9_C' has been compiled for  Get Leader ship small 
[2015.05.14-08.19.01:831][588]LogBlueprint:Warning: [compiler] Warning Could not find a variable named "Asteriod" in 'Wave9_C'.
Make sure 'Wave9_C' has been compiled for  Get Asteriod 
[2015.05.14-08.19.01:831][588]LogBlueprint:Warning: [compiler] Warning Could not find a variable named "Asteriod" in 'Wave9_C'.
Make sure 'Wave9_C' has been compiled for  Get Asteriod 
[2015.05.14-08.19.01:835][588]LogBlueprint:Error: [compiler] Error The property associated with  Asteriod  could not be found
[2015.05.14-08.19.01:835][588]LogBlueprint:Error: [compiler] Error The property associated with  Asteriod  could not be found
[2015.05.14-08.19.01:835][588]LogBlueprint:Error: [compiler] Error The property associated with  Leader Ship Small  could not be found
[2015.05.14-08.19.01:835][588]LogBlueprint:Error: [compiler] Error The property associated with  Leader Ship Small 2  could not be found
[2015.05.14-08.19.01:846][588]LogBlueprint:Warning: [compiler] Warning [0086.13] Compile of Wave9 failed. 4 Fatal Issue(s) 5 Warning(s) [in 34 ms]
[2015.05.14-08.19.01:847][588]LogBlueprint:Warning: [compiler] Warning [0086.13] Compile of Wave9 failed. 4 Fatal Issue(s) 6 Warning(s) [in 0 ms]
[2015.05.14-08.19.01:847][588]LogBlueprint:Warning: [compiler] Warning [0086.13] Compile of Wave9 failed. 4 Fatal Issue(s) 7 Warning(s) [in 0 ms]
[2015.05.14-08.19.01:847][588]LogBlueprint:Warning: [compiler] Warning [0086.13] Compile of Wave9 failed. 4 Fatal Issue(s) 8 Warning(s) [in 0 ms]
[2015.05.14-08.19.05:986][896]LogRenderer:Warning: Reallocating scene render targets to support 1208x1024 (Frame:354).
[2015.05.14-08.19.46:530][703]BlueprintLog: New page: Compile Wave9
[2015.05.14-08.19.46:561][703]LogBlueprint:Warning: [compiler] Warning Could not find a variable named "Small pirate" in 'Wave9_C'.
Make sure 'Wave9_C' has been compiled for  Get Small pirate 
[2015.05.14-08.19.46:565][703]LogBlueprint:Error: [compiler] Error This blueprint (self) is not a SceneComponent, therefore ' Target ' must have a connection.
[2015.05.14-08.19.46:565][703]LogBlueprint:Error: [compiler] Error This blueprint (self) is not a SceneComponent, therefore ' Target ' must have a connection.
[2015.05.14-08.19.46:565][703]LogBlueprint:Error: [compiler] Error This blueprint (self) is not a SceneComponent, therefore ' Target ' must have a connection.
[2015.05.14-08.19.46:565][703]LogBlueprint:Error: [compiler] Error This blueprint (self) is not a SceneComponent, therefore ' Target ' must have a connection.
[2015.05.14-08.19.46:737][703]LogBlueprint:Warning: [compiler] Warning [0131.02] Compile of Wave9 failed. 4 Fatal Issue(s) 1 Warning(s) [in 207 ms]
[2015.05.14-08.19.46:737][703]BlueprintEditorCompileResults:Warning: Warning Could not find a variable named "Small pirate" in 'Wave9_C'.
Make sure 'Wave9_C' has been compiled for  Get Small pirate 
[2015.05.14-08.19.46:737][703]BlueprintEditorCompileResults:Error: Error This blueprint (self) is not a SceneComponent, therefore ' Target ' must have a connection.
[2015.05.14-08.19.46:737][703]BlueprintEditorCompileResults:Error: Error This blueprint (self) is not a SceneComponent, therefore ' Target ' must have a connection.
[2015.05.14-08.19.46:737][703]BlueprintEditorCompileResults:Error: Error This blueprint (self) is not a SceneComponent, therefore ' Target ' must have a connection.
[2015.05.14-08.19.46:737][703]BlueprintEditorCompileResults:Error: Error This blueprint (self) is not a SceneComponent, therefore ' Target ' must have a connection.
[2015.05.14-08.19.46:737][703]BlueprintEditorCompileResults:Warning: Warning [0131.02] Compile of Wave9 failed. 4 Fatal Issue(s) 1 Warning(s) [in 207 ms]
[2015.05.14-08.20.09:780][ 74]BlueprintLog: New page: Compile Wave9
[2015.05.14-08.20.09:806][ 74]LogBlueprint:Warning: [compiler] Warning Could not find a variable named "Small pirate" in 'Wave9_C'.
Make sure 'Wave9_C' has been compiled for  Get Small pirate 
[2015.05.14-08.20.09:809][ 74]LogBlueprint:Error: [compiler] Error This blueprint (self) is not a SceneComponent, therefore ' Target ' must have a connection.
[2015.05.14-08.20.09:809][ 74]LogBlueprint:Error: [compiler] Error This blueprint (self) is not a SceneComponent, therefore ' Target ' must have a connection.
[2015.05.14-08.20.09:893][ 74]LogBlueprint:Warning: [compiler] Warning [0154.17] Compile of Wave9 failed. 2 Fatal Issue(s) 1 Warning(s) [in 113 ms]
[2015.05.14-08.20.09:893][ 74]BlueprintEditorCompileResults:Warning: Warning Could not find a variable named "Small pirate" in 'Wave9_C'.
Make sure 'Wave9_C' has been compiled for  Get Small pirate 
[2015.05.14-08.20.09:893][ 74]BlueprintEditorCompileResults:Error: Error This blueprint (self) is not a SceneComponent, therefore ' Target ' must have a connection.
[2015.05.14-08.20.09:894][ 74]BlueprintEditorCompileResults:Error: Error This blueprint (self) is not a SceneComponent, therefore ' Target ' must have a connection.
[2015.05.14-08.20.09:894][ 74]BlueprintEditorCompileResults:Warning: Warning [0154.17] Compile of Wave9 failed. 2 Fatal Issue(s) 1 Warning(s) [in 113 ms]
[2015.05.14-08.20.35:339][557]BlueprintLog: New page: Compile Wave9
[2015.05.14-08.20.35:370][557]LogBlueprint:Error: [compiler] Error This blueprint (self) is not a SceneComponent, therefore ' Target ' must have a connection.
[2015.05.14-08.20.35:370][557]LogBlueprint:Error: [compiler] Error This blueprint (self) is not a SceneComponent, therefore ' Target ' must have a connection.
[2015.05.14-08.20.35:457][557]LogBlueprint:Warning: [compiler] Warning [0179.74] Compile of Wave9 failed. 2 Fatal Issue(s) 0 Warning(s) [in 117 ms]
[2015.05.14-08.20.35:457][557]BlueprintEditorCompileResults:Error: Error This blueprint (self) is not a SceneComponent, therefore ' Target ' must have a connection.
[2015.05.14-08.20.35:457][557]BlueprintEditorCompileResults:Error: Error This blueprint (self) is not a SceneComponent, therefore ' Target ' must have a connection.
[2015.05.14-08.20.35:457][557]BlueprintEditorCompileResults:Warning: Warning [0179.74] Compile of Wave9 failed. 2 Fatal Issue(s) 0 Warning(s) [in 117 ms]
[2015.05.14-08.20.37:105][713]LogContentBrowser:Verbose: The content browser source was changed by the sources view to 'None'
[2015.05.14-08.20.37:105][713]LogContentBrowser:Verbose: The content browser source was changed by the sources view to '/Game/EndlessRunner/Blueprints'
[2015.05.14-08.20.43:712][  3]Cmd: QUIT_EDITOR
[2015.05.14-08.20.43:938][  3]LogExit: Preparing to exit.
[2015.05.14-08.20.44:943][  3]LogExit: Editor shut down
[2015.05.14-08.20.44:943][  3]LogExit: Transaction tracking system shut down
[2015.05.14-08.20.44:951][  3]LogParticles: Destroying 0 GPU particle simulations for FXSystem 0x00000000110D9760
[2015.05.14-08.20.44:952][  3]LogParticles: Destroying 0 GPU particle simulations for FXSystem 0x0000000023129760
[2015.05.14-08.20.44:952][  3]LogParticles: Destroying 0 GPU particle simulations for FXSystem 0x000000002257AAC0
[2015.05.14-08.20.44:952][  3]LogParticles: Destroying 0 GPU particle simulations for FXSystem 0x0000000031B9A200
[2015.05.14-08.20.44:953][  3]LogParticles: Destroying 0 GPU particle simulations for FXSystem 0x000000002F26A520
[2015.05.14-08.20.44:953][  3]LogParticles: Destroying 0 GPU particle simulations for FXSystem 0x000000002F4C5C60
[2015.05.14-08.20.44:954][  3]LogParticles: Destroying 0 GPU particle simulations for FXSystem 0x000000001D702E80
[2015.05.14-08.20.45:008][  3]LogExit: Object subsystem successfully closed.
[2015.05.14-08.20.45:055][  3]LogModuleManager: Shutting down and abandoning module CrashTracker (178)
[2015.05.14-08.20.45:055][  3]LogModuleManager: Shutting down and abandoning module SuperSearch (177)
[2015.05.14-08.20.45:055][  3]LogModuleManager: Shutting down and abandoning module SceneOutliner (176)
[2015.05.14-08.20.45:055][  3]LogModuleManager: Shutting down and abandoning module EditorWidgets (175)
[2015.05.14-08.20.45:055][  3]LogModuleManager: Shutting down and abandoning module CollectionManager (174)
[2015.05.14-08.20.45:055][  3]LogModuleManager: Shutting down and abandoning module StatsViewer (173)
[2015.05.14-08.20.45:055][  3]LogModuleManager: Shutting down and abandoning module FoliageEdit (172)
[2015.05.14-08.20.45:055][  3]LogModuleManager: Shutting down and abandoning module LandscapeEditor (171)
[2015.05.14-08.20.45:055][  3]LogModuleManager: Shutting down and abandoning module MeshPaint (170)
[2015.05.14-08.20.45:055][  3]LogModuleManager: Shutting down and abandoning module ActorPickerMode (169)
[2015.05.14-08.20.45:056][  3]LogModuleManager: Shutting down and abandoning module GeometryMode (168)
[2015.05.14-08.20.45:056][  3]LogModuleManager: Shutting down and abandoning module TextureAlignMode (167)
[2015.05.14-08.20.45:056][  3]LogModuleManager: Shutting down and abandoning module BspMode (166)
[2015.05.14-08.20.45:056][  3]LogModuleManager: Shutting down and abandoning module PlacementMode (165)
[2015.05.14-08.20.45:056][  3]LogModuleManager: Shutting down and abandoning module AutomationWorker (164)
[2015.05.14-08.20.45:056][  3]LogModuleManager: Shutting down and abandoning module CharacterAI (163)
[2015.05.14-08.20.45:056][  3]LogModuleManager: Shutting down and abandoning module SmartSnapping (162)
[2015.05.14-08.20.45:056][  3]LogModuleManager: Shutting down and abandoning module ViewportSnapping (161)
[2015.05.14-08.20.45:056][  3]LogModuleManager: Shutting down and abandoning module LogVisualizer (160)
[2015.05.14-08.20.45:056][  3]LogModuleManager: Shutting down and abandoning module GameProjectGeneration (159)
[2015.05.14-08.20.45:056][  3]LogModuleManager: Shutting down and abandoning module IntroTutorials (158)
[2015.05.14-08.20.45:056][  3]LogModuleManager: Shutting down and abandoning module EditorLiveStreaming (157)
[2015.05.14-08.20.45:056][  3]LogModuleManager: Shutting down and abandoning module HardwareTargeting (156)
[2015.05.14-08.20.45:056][  3]LogModuleManager: Shutting down and abandoning module DeviceProfileEditor (155)
[2015.05.14-08.20.45:056][  3]LogModuleManager: Shutting down and abandoning module UndoHistory (154)
[2015.05.14-08.20.45:056][  3]LogModuleManager: Shutting down and abandoning module GameplayTagsEditor (153)
[2015.05.14-08.20.45:056][  3]LogModuleManager: Shutting down and abandoning module UserFeedback (152)
[2015.05.14-08.20.45:056][  3]LogModuleManager: Shutting down and abandoning module XmlParser (151)
[2015.05.14-08.20.45:056][  3]LogModuleManager: Shutting down and abandoning module Blutility (150)
[2015.05.14-08.20.45:056][  3]LogModuleManager: Shutting down and abandoning module IOSPlatformEditor (149)
[2015.05.14-08.20.45:056][  3]LogModuleManager: Shutting down and abandoning module IOSRuntimeSettings (148)
[2015.05.14-08.20.45:056][  3]LogModuleManager: Shutting down and abandoning module AndroidDeviceDetection (147)
[2015.05.14-08.20.45:803][  3]LogModuleManager: Shutting down and abandoning module AndroidPlatformEditor (146)
[2015.05.14-08.20.45:803][  3]LogModuleManager: Shutting down and abandoning module AndroidRuntimeSettings (145)
[2015.05.14-08.20.45:803][  3]LogModuleManager: Shutting down and abandoning module ProjectTargetPlatformEditor (144)
[2015.05.14-08.20.45:803][  3]LogModuleManager: Shutting down and abandoning module ProjectSettingsViewer (143)
[2015.05.14-08.20.45:803][  3]LogModuleManager: Shutting down and abandoning module InputBindingEditor (142)
[2015.05.14-08.20.45:803][  3]LogModuleManager: Shutting down and abandoning module EditorSettingsViewer (141)
[2015.05.14-08.20.45:803][  3]LogModuleManager: Shutting down and abandoning module SettingsEditor (140)
[2015.05.14-08.20.45:803][  3]LogModuleManager: Shutting down and abandoning module ProjectLauncher (139)
[2015.05.14-08.20.45:803][  3]LogModuleManager: Shutting down and abandoning module SessionFrontend (138)
[2015.05.14-08.20.45:803][  3]LogModuleManager: Shutting down and abandoning module ProfilerClient (137)
[2015.05.14-08.20.45:803][  3]LogModuleManager: Shutting down and abandoning module TargetDeviceServices (136)
[2015.05.14-08.20.45:803][  3]LogModuleManager: Shutting down and abandoning module DeviceManager (135)
[2015.05.14-08.20.45:803][  3]LogModuleManager: Shutting down and abandoning module AutomationController (134)
[2015.05.14-08.20.45:803][  3]LogModuleManager: Shutting down and abandoning module AutomationWindow (133)
[2015.05.14-08.20.45:804][  3]LogModuleManager: Shutting down and abandoning module Layers (132)
[2015.05.14-08.20.45:805][  3]LogModuleManager: Shutting down and abandoning module ComponentVisualizers (131)
[2015.05.14-08.20.45:805][  3]LogModuleManager: Shutting down and abandoning module DetailCustomizations (130)
[2015.05.14-08.20.45:805][  3]LogModuleManager: Shutting down and abandoning module PackagesDialog (129)
[2015.05.14-08.20.45:805][  3]LogModuleManager: Shutting down and abandoning module AssetRegistry (128)
[2015.05.14-08.20.45:927][  3]LogModuleManager: Shutting down and abandoning module Persona (127)
[2015.05.14-08.20.45:927][  3]LogModuleManager: Shutting down and abandoning module SlateReflector (126)
[2015.05.14-08.20.45:928][  3]LogModuleManager: Shutting down and abandoning module LevelEditor (125)
[2015.05.14-08.20.45:929][  3]LogModuleManager: Shutting down and abandoning module Kismet (124)
[2015.05.14-08.20.45:929][  3]LogModuleManager: Shutting down and abandoning module GraphEditor (123)
[2015.05.14-08.20.45:929][  3]LogModuleManager: Shutting down and abandoning module ClassViewer (122)
[2015.05.14-08.20.45:929][  3]LogModuleManager: Shutting down and abandoning module Toolbox (121)
[2015.05.14-08.20.45:929][  3]LogModuleManager: Shutting down and abandoning module ModuleUI (120)
[2015.05.14-08.20.45:929][  3]LogModuleManager: Shutting down and abandoning module MovieSceneTools (119)
[2015.05.14-08.20.45:929][  3]LogModuleManager: Shutting down and abandoning module OutputLog (118)
[2015.05.14-08.20.45:929][  3]LogModuleManager: Shutting down and abandoning module GammaUI (117)
[2015.05.14-08.20.45:929][  3]LogModuleManager: Shutting down and abandoning module Documentation (116)
[2015.05.14-08.20.45:929][  3]LogModuleManager: Shutting down and abandoning module GameLiveStreaming (115)
[2015.05.14-08.20.45:929][  3]LogModuleManager: Shutting down and abandoning module StreamingPauseRendering (114)
[2015.05.14-08.20.45:929][  3]LogModuleManager: Shutting down and abandoning module HTTP (113)
[2015.05.14-08.20.45:929][  3]LogModuleManager: Shutting down and abandoning module AnalyticsET (112)
[2015.05.14-08.20.45:929][  3]LogModuleManager: Shutting down and abandoning module Analytics (111)
[2015.05.14-08.20.45:929][  3]LogModuleManager: Shutting down and abandoning module AITestSuite (110)
[2015.05.14-08.20.45:929][  3]LogModuleManager: Shutting down and abandoning module GameplayDebugger (109)
[2015.05.14-08.20.45:929][  3]LogModuleManager: Shutting down and abandoning module AIModule (108)
[2015.05.14-08.20.45:929][  3]LogModuleManager: Shutting down and abandoning module ProfilerService (107)
[2015.05.14-08.20.46:036][  3]LogModuleManager: Shutting down and abandoning module TaskGraph (106)
[2015.05.14-08.20.46:037][  3]LogModuleManager: Shutting down and abandoning module SlateRemote (105)
[2015.05.14-08.20.46:037][  3]LogModuleManager: Shutting down and abandoning module ScriptEditorPlugin (104)
[2015.05.14-08.20.46:037][  3]LogModuleManager: Shutting down and abandoning module CustomMeshComponent (103)
[2015.05.14-08.20.46:037][  3]LogModuleManager: Shutting down and abandoning module CableComponent (102)
[2015.05.14-08.20.46:037][  3]LogModuleManager: Shutting down and abandoning module MessagingDebugger (101)
[2015.05.14-08.20.46:037][  3]LogModuleManager: Shutting down and abandoning module MediaPlayerEditor (100)
[2015.05.14-08.20.46:037][  3]LogModuleManager: Shutting down and abandoning module SpeedTreeImporter (99)
[2015.05.14-08.20.46:037][  3]LogModuleManager: Shutting down and abandoning module PluginsEditor (98)
[2015.05.14-08.20.46:037][  3]LogModuleManager: Shutting down and abandoning module MainFrame (97)
[2015.05.14-08.20.46:037][  3]LogModuleManager: Shutting down and abandoning module EpicSurvey (96)
[2015.05.14-08.20.46:037][  3]LogModuleManager: Shutting down and abandoning module DirectoryWatcher (95)
[2015.05.14-08.20.46:038][  3]LogModuleManager: Shutting down and abandoning module HotReload (94)
[2015.05.14-08.20.46:038][  3]LogModuleManager: Shutting down and abandoning module VisualStudioSourceCodeAccess (93)
[2015.05.14-08.20.46:038][  3]LogModuleManager: Shutting down and abandoning module UObjectPlugin (92)
[2015.05.14-08.20.46:038][  3]LogModuleManager: Shutting down and abandoning module SubversionSourceControl (91)
[2015.05.14-08.20.46:038][  3]LogModuleManager: Shutting down and abandoning module PerforceSourceControl (90)
[2015.05.14-08.20.46:038][  3]LogModuleManager: Shutting down and abandoning module SourceControl (89)
[2015.05.14-08.20.46:038][  3]LogModuleManager: Shutting down and abandoning module GitSourceControl (88)
[2015.05.14-08.20.46:038][  3]LogModuleManager: Shutting down and abandoning module BlankPlugin (87)
[2015.05.14-08.20.46:038][  3]LogModuleManager: Shutting down and abandoning module PaperTiledImporter (86)
[2015.05.14-08.20.46:038][  3]LogModuleManager: Shutting down and abandoning module PaperJsonImporter (85)
[2015.05.14-08.20.46:038][  3]LogModuleManager: Shutting down and abandoning module ContentBrowser (84)
[2015.05.14-08.20.46:039][  3]LogModuleManager: Shutting down and abandoning module Paper2DEditor (83)
[2015.05.14-08.20.46:039][  3]LogModuleManager: Shutting down and abandoning module SpaceRace (82)
[2015.05.14-08.20.46:039][  3]LogModuleManager: Shutting down and abandoning module ScriptPlugin (81)
[2015.05.14-08.20.46:039][  3]LogModuleManager: Shutting down and abandoning module UdpMessaging (80)
[2015.05.14-08.20.46:139][  3]LogModuleManager: Shutting down and abandoning module Paper2D (79)
[2015.05.14-08.20.46:139][  3]LogModuleManager: Shutting down and abandoning module WindowsMoviePlayer (78)
[2015.05.14-08.20.46:141][  3]LogModuleManager: Shutting down and abandoning module Media (77)
[2015.05.14-08.20.46:141][  3]LogModuleManager: Shutting down and abandoning module WmfMedia (76)
[2015.05.14-08.20.46:141][  3]LogModuleManager: Shutting down and abandoning module OnlineBlueprintSupport (75)
[2015.05.14-08.20.46:141][  3]LogModuleManager: Shutting down and abandoning module PropertyEditor (74)
[2015.05.14-08.20.46:141][  3]LogModuleManager: Shutting down and abandoning module BehaviorTreeEditor (73)
[2015.05.14-08.20.46:142][  3]LogModuleManager: Shutting down and abandoning module FunctionalTesting (72)
[2015.05.14-08.20.46:142][  3]LogModuleManager: Shutting down and abandoning module CollisionAnalyzer (71)
[2015.05.14-08.20.46:142][  3]LogModuleManager: Shutting down and abandoning module WorkspaceMenuStructure (70)
[2015.05.14-08.20.46:142][  3]LogModuleManager: Shutting down and abandoning module MessageLog (69)
[2015.05.14-08.20.46:142][  3]LogModuleManager: Shutting down and abandoning module Sequencer (68)
[2015.05.14-08.20.46:142][  3]LogModuleManager: Shutting down and abandoning module AssetTools (67)
[2015.05.14-08.20.46:143][  3]LogModuleManager: Shutting down and abandoning module UMGEditor (66)
[2015.05.14-08.20.46:143][  3]LogModuleManager: Shutting down and abandoning module UMG (65)
[2015.05.14-08.20.46:143][  3]LogModuleManager: Shutting down and abandoning module Slate (64)
[2015.05.14-08.20.46:143][  3]LogModuleManager: Shutting down and abandoning module EditorStyle (63)
[2015.05.14-08.20.46:146][  3]LogModuleManager: Shutting down and abandoning module SessionServices (62)
[2015.05.14-08.20.46:146][  3]LogModuleManager: Shutting down and abandoning module SourceCodeAccess (61)
[2015.05.14-08.20.46:146][  3]LogModuleManager: Shutting down and abandoning module HeadMountedDisplay (60)
[2015.05.14-08.20.46:146][  3]LogModuleManager: Shutting down and abandoning module XAudio2 (59)
[2015.05.14-08.20.46:146][  3]LogModuleManager: Shutting down and abandoning module Networking (57)
[2015.05.14-08.20.46:146][  3]LogModuleManager: Shutting down and abandoning module Core (56)
[2015.05.14-08.20.46:146][  3]LogModuleManager: Shutting down and abandoning module KismetCompiler (55)
[2015.05.14-08.20.46:146][  3]LogModuleManager: Shutting down and abandoning module PhysXFormats (54)
[2015.05.14-08.20.46:146][  3]LogModuleManager: Shutting down and abandoning module MeshUtilities (53)
[2015.05.14-08.20.46:146][  3]LogModuleManager: Shutting down and abandoning module DerivedDataCache (52)
[2015.05.14-08.20.46:147][  3]LogDerivedDataCache: Shutdown
[2015.05.14-08.20.46:147][  3]LogModuleManager: Shutting down and abandoning module ShaderFormatOpenGL (51)
[2015.05.14-08.20.46:147][  3]LogModuleManager: Shutting down and abandoning module ShaderFormatD3D (50)
[2015.05.14-08.20.46:147][  3]LogModuleManager: Shutting down and abandoning module MetalShaderFormat (49)
[2015.05.14-08.20.46:147][  3]LogModuleManager: Shutting down and abandoning module TextureFormatUncompressed (48)
[2015.05.14-08.20.46:147][  3]LogModuleManager: Shutting down and abandoning module TextureFormatPVR (47)
[2015.05.14-08.20.46:147][  3]LogModuleManager: Shutting down and abandoning module TextureFormatIntelISPCTexComp (46)
[2015.05.14-08.20.46:147][  3]LogModuleManager: Shutting down and abandoning module TextureFormatDXT (45)
[2015.05.14-08.20.46:147][  3]LogModuleManager: Shutting down and abandoning module ImageWrapper (44)
[2015.05.14-08.20.46:147][  3]LogModuleManager: Shutting down and abandoning module TextureFormatASTC (43)
[2015.05.14-08.20.46:147][  3]LogModuleManager: Shutting down and abandoning module TextureFormatAndroid (42)
[2015.05.14-08.20.46:147][  3]LogModuleManager: Shutting down and abandoning module AudioFormatOpus (41)
[2015.05.14-08.20.46:147][  3]LogModuleManager: Shutting down and abandoning module AudioFormatOgg (40)
[2015.05.14-08.20.46:147][  3]LogModuleManager: Shutting down and abandoning module AudioFormatADPCM (39)
[2015.05.14-08.20.46:147][  3]LogModuleManager: Shutting down and abandoning module LinuxTargetPlatform (38)
[2015.05.14-08.20.46:147][  3]LogModuleManager: Shutting down and abandoning module LinuxServerTargetPlatform (37)
[2015.05.14-08.20.46:147][  3]LogModuleManager: Shutting down and abandoning module LinuxNoEditorTargetPlatform (36)
[2015.05.14-08.20.46:147][  3]LogModuleManager: Shutting down and abandoning module Messaging (35)
[2015.05.14-08.20.46:147][  3]LogModuleManager: Shutting down and abandoning module IOSTargetPlatform (34)
[2015.05.14-08.20.46:147][  3]LogModuleManager: Shutting down and abandoning module HTML5TargetPlatform (33)
[2015.05.14-08.20.46:147][  3]LogModuleManager: Shutting down and abandoning module Android_PVRTCTargetPlatform (32)
[2015.05.14-08.20.46:147][  3]LogModuleManager: Shutting down and abandoning module Android_ETC2TargetPlatform (31)
[2015.05.14-08.20.46:147][  3]LogModuleManager: Shutting down and abandoning module Android_ETC1TargetPlatform (30)
[2015.05.14-08.20.46:147][  3]LogModuleManager: Shutting down and abandoning module Android_ES31TargetPlatform (29)
[2015.05.14-08.20.46:147][  3]LogModuleManager: Shutting down and abandoning module Android_DXTTargetPlatform (28)
[2015.05.14-08.20.46:147][  3]LogModuleManager: Shutting down and abandoning module Android_ATCTargetPlatform (27)
[2015.05.14-08.20.46:147][  3]LogModuleManager: Shutting down and abandoning module AndroidTargetPlatform (26)
[2015.05.14-08.20.46:147][  3]LogModuleManager: Shutting down and abandoning module WindowsTargetPlatform (25)
[2015.05.14-08.20.46:147][  3]LogModuleManager: Shutting down and abandoning module WindowsServerTargetPlatform (24)
[2015.05.14-08.20.46:147][  3]LogModuleManager: Shutting down and abandoning module WindowsNoEditorTargetPlatform (23)
[2015.05.14-08.20.46:147][  3]LogModuleManager: Shutting down and abandoning module WindowsClientTargetPlatform (22)
[2015.05.14-08.20.46:147][  3]LogModuleManager: Shutting down and abandoning module TargetPlatform (21)
[2015.05.14-08.20.46:147][  3]LogModuleManager: Shutting down and abandoning module InputCore (20)
[2015.05.14-08.20.46:147][  3]LogModuleManager: Shutting down and abandoning module Settings (19)
[2015.05.14-08.20.46:147][  3]LogModuleManager: Shutting down and abandoning module OnlineSubsystem (17)
[2015.05.14-08.20.46:147][  3]LogModuleManager: Shutting down and abandoning module OculusRift (16)
[2015.05.14-08.20.46:147][  3]LogModuleManager: Shutting down and abandoning module ExampleDeviceProfileSelector (15)
[2015.05.14-08.20.46:147][  3]LogModuleManager: Shutting down and abandoning module DesktopPlatform (14)
[2015.05.14-08.20.46:147][  3]LogModuleManager: Shutting down and abandoning module TextureCompressor (13)
[2015.05.14-08.20.46:147][  3]LogModuleManager: Shutting down and abandoning module ShaderCore (12)
[2015.05.14-08.20.46:147][  3]LogModuleManager: Shutting down and abandoning module Landscape (11)
[2015.05.14-08.20.46:147][  3]LogModuleManager: Shutting down and abandoning module SlateRHIRenderer (10)
[2015.05.14-08.20.46:149][  3]LogModuleManager: Shutting down and abandoning module OpenGLDrv (9)
[2015.05.14-08.20.46:149][  3]LogModuleManager: Shutting down and abandoning module D3D11RHI (8)
[2015.05.14-08.20.46:149][  3]LogModuleManager: Shutting down and abandoning module Renderer (7)
[2015.05.14-08.20.46:149][  3]LogModuleManager: Shutting down and abandoning module Engine (6)
[2015.05.14-08.20.46:149][  3]LogModuleManager: Shutting down and abandoning module CoreUObject (5)
[2015.05.14-08.20.46:149][  3]LogModuleManager: Shutting down and abandoning module NetworkFile (4)
[2015.05.14-08.20.46:149][  3]LogModuleManager: Shutting down and abandoning module StreamingFile (3)
[2015.05.14-08.20.46:149][  3]LogModuleManager: Shutting down and abandoning module SandboxFile (2)
[2015.05.14-08.20.46:149][  3]LogModuleManager: Shutting down and abandoning module PakFile (1)
[2015.05.14-08.20.46:150][  3]LogExit: Exiting.
[2015.05.14-08.20.46:154][  3]Log file closed, 05/14/15 18:20:46
