Log file open, 05/26/15 01:47:24
LogInit:Display: Running engine for game: SpaceRace
LogInit: Version: 4.7.6-2513093+++depot+UE4-Releases+4.7
LogInit: API Version: 2455222
LogInit: Compiled (64-bit): Apr 15 2015 12:09:54
LogInit: Compiled with Visual C++: 18.00.21005.01
LogInit: Build Configuration: Development
LogInit: Branch Name: ++depot+UE4-Releases+4.7
LogInit: Command line:  
LogInit: Base directory: C:/Program Files/Epic Games/4.7/Engine/Binaries/Win64/
LogInit: Rocket: 1
[2015.05.25-15.47.24:199][  0]LogTaskGraph: Started task graph with 3 named threads and 6 total threads.
[2015.05.25-15.47.24:249][  0]LogOnline:Warning: No default platform service specified for OnlineSubsystem
[2015.05.25-15.47.24:260][  0]LogInit: Presizing for 0 objects not considered by GC, pre-allocating 0 bytes.
[2015.05.25-15.47.24:268][  0]LogInit: Object subsystem initialized
[2015.05.25-15.47.24:269][  0]LogConsoleResponse:Warning: Skipping Unknown console variable: 'TranslucentSortAxis = (X=0.000000,Y=-1.000000,Z=0.000000)'
[2015.05.25-15.47.24:269][  0]LogConsoleResponse:Warning:   Found in ini file 'C:/Users/Michael Herbert/Documents/SpaceRace/Saved/Config/Windows/Engine.ini', in section '[/Script/Engine.RendererSettings]'
[2015.05.25-15.47.24:269][  0]LogConsoleResponse:Warning: Skipping Unknown console variable: 'UIScaleRule = ShortestSide'
[2015.05.25-15.47.24:269][  0]LogConsoleResponse:Warning:   Found in ini file 'C:/Users/Michael Herbert/Documents/SpaceRace/Saved/Config/Windows/Engine.ini', in section '[/Script/Engine.RendererSettings]'
[2015.05.25-15.47.24:269][  0]LogConsoleResponse:Warning: Skipping Unknown console variable: 'UIScaleCurve = (EditorCurveData=(Keys=),ExternalCurve=None)'
[2015.05.25-15.47.24:269][  0]LogConsoleResponse:Warning:   Found in ini file 'C:/Users/Michael Herbert/Documents/SpaceRace/Saved/Config/Windows/Engine.ini', in section '[/Script/Engine.RendererSettings]'
[2015.05.25-15.47.24:269][  0]LogInit: Selected Device Profile: [Windows]
[2015.05.25-15.47.24:269][  0]LogInit: Applying CVar settings loaded from the selected device profile: [Windows]
[2015.05.25-15.47.24:277][  0]LogInit: Computer: MICHAELHERBERT
[2015.05.25-15.47.24:277][  0]LogInit: User: MichaelHerbert
[2015.05.25-15.47.24:277][  0]LogInit: CPU Page size=4096, Cores=4
[2015.05.25-15.47.24:277][  0]LogInit: High frequency timer resolution =3.515664 MHz
[2015.05.25-15.47.24:277][  0]LogMemory: Memory total: Physical=15.9GB (16GB approx) Virtual=8192.0GB
[2015.05.25-15.47.24:277][  0]LogMemory: Platform Memory Stats for Windows
[2015.05.25-15.47.24:277][  0]LogMemory: Process Physical Memory: 51.11 MB used, 51.11 MB peak
[2015.05.25-15.47.24:277][  0]LogMemory: Process Virtual Memory: 31.87 MB used, 31.87 MB peak
[2015.05.25-15.47.24:277][  0]LogMemory: Physical Memory: 6034.39 MB used, 16244.83 MB total
[2015.05.25-15.47.24:277][  0]LogMemory: Virtual Memory: 354.39 MB used, 8388608.00 MB total
[2015.05.25-15.47.24:297][  0]LogD3D11RHI: Found D3D11 adapter 0: NVIDIA GeForce GTX 960 (Feature Level 11_0)
[2015.05.25-15.47.24:297][  0]LogD3D11RHI: Adapter has 1970MB of dedicated video memory, 0MB of dedicated system memory, and 2048MB of shared system memory, 1 output[s]
[2015.05.25-15.47.24:297][  0]LogD3D11RHI: Chosen D3D11 Adapter Id = 0
[2015.05.25-15.47.24:301][  0]LogRHI: Texture pool is 1361 MB (70% of 1945 MB)
[2015.05.25-15.47.24:306][  0]LogD3D11RHI: Async texture creation enabled
[2015.05.25-15.47.24:356][  0]LogTextLocalizationManager: The requested culture ('en_AU') has no localization data; parent culture's ('en') localization data will be used.
[2015.05.25-15.47.24:405][  0]LogTextLocalizationManager:Warning: Loading localization resources contain conflicting entries for (Namespace:UICommands, Key:Save_ToolTip):
Resource: (C:/Program Files/Epic Games/4.7/Engine/Content/Localization/Editor/en/Editor.locres) Hash: (-29098895) String: (Saves the current level to disk)
Resource: (C:/Program Files/Epic Games/4.7/Engine/Content/Localization/Engine/en/Engine.locres) Hash: (-1280300587) String: (Save selected data to vlog file)
[2015.05.25-15.47.24:405][  0]LogTextLocalizationManager:Warning: Loading localization resources contain conflicting entries for (Namespace:ContentBrowser, Key:ImportAssetToolTip):
Resource: (C:/Program Files/Epic Games/4.7/Engine/Content/Localization/Editor/en/Editor.locres) Hash: (-630476809) String: (Import to {0}...)
Resource: (C:/Program Files/Epic Games/4.7/Engine/Content/Localization/Editor/en/Editor.locres) Hash: (1271782899) String: (Imports an asset from file to this folder.)
[2015.05.25-15.47.24:473][  0]LogContentStreaming: Texture pool size is 0.000000MB
[2015.05.25-15.47.26:362][  0]LogTargetPlatformManager:Display: Building Assets For Windows
[2015.05.25-15.47.26:782][  0]LogTargetPlatformManager:Display: Building Assets For Windows
[2015.05.25-15.47.26:831][  0]LogDerivedDataCache:Display: Max Cache Size: 512 MB
[2015.05.25-15.47.26:864][  0]LogDerivedDataCache: Loaded boot cache 0.03s 39MB C:/Users/Michael Herbert/AppData/Local/UnrealEngine/4.7/DerivedDataCache/Boot.ddc.
[2015.05.25-15.47.26:864][  0]LogDerivedDataCache:Display: Loaded Boot cache: C:/Users/Michael Herbert/AppData/Local/UnrealEngine/4.7/DerivedDataCache/Boot.ddc
[2015.05.25-15.47.26:864][  0]LogDerivedDataCache: FDerivedDataBackendGraph:  Pak pak cache file ../../../../../../Users/Michael Herbert/Documents/SpaceRace/DerivedDataCache/DDC.ddp not found, will not use a pak cache.
[2015.05.25-15.47.26:864][  0]LogDerivedDataCache: Unable to find inner node Pak for hierarchical cache Hierarchy.
[2015.05.25-15.47.26:960][  0]LogDerivedDataCache:Display: Pak cache opened for reading ../../../Engine/DerivedDataCache/Compressed.ddp.
[2015.05.25-15.47.26:971][  0]LogDerivedDataCache: Using Local data cache path C:/Users/Michael Herbert/AppData/Local/UnrealEngine/Common/DerivedDataCache: Writable
[2015.05.25-15.47.27:216][  0]LogMeshUtilities: No automatic mesh reduction module available
[2015.05.25-15.47.27:216][  0]LogMeshUtilities: No automatic mesh merging module available
[2015.05.25-15.47.27:492][  0]LogInit: WinSock: version 1.1 (2.2), MaxSocks=32767, MaxUdp=65467
[2015.05.25-15.47.27:555][  0]LogSlate:Warning: Failed to load font data from '../../../Engine/Content/Slate/Fonts/Roboto-Italic.ttf'
[2015.05.25-15.47.28:188][  0]UdpMessaging: Initializing bridge on interface 0.0.0.0:0 to multicast group 230.0.0.1:6666.
[2015.05.25-15.47.28:365][  0]SourceControl: Info Source control is disabled
[2015.05.25-15.47.28:365][  0]SourceControl: Info Source control is disabled
[2015.05.25-15.47.28:365][  0]SourceControl: Info Source control is disabled
[2015.05.25-15.47.28:365][  0]LogSourceControl: RunCommandInternalRaw: 'git version'
[2015.05.25-15.47.28:365][  0]LogSourceControl: RunCommandInternalRaw: ExecProcess ReturnCode=2 OutResults=''
[2015.05.25-15.47.28:373][  0]SourceControl: Info Source control is disabled
[2015.05.25-15.47.28:523][  0]LogObj: 24236 objects as part of root set at end of initial load.
[2015.05.25-15.47.28:523][  0]LogUObjectAllocator: 5138808 out of 0 bytes used by permanent object pool.
[2015.05.25-15.47.28:588][  0]LogEngine: Initializing Engine...
[2015.05.25-15.47.30:729][  0]LogInit: XAudio2 using 'Speakers (Realtek High Definition Audio)' : 2 channels at 44.1 kHz using 32 bits per sample (channel mask 0x3)
[2015.05.25-15.47.30:758][  0]LogInit: FAudioDevice initialized.
[2015.05.25-15.47.30:790][  0]LogAIModule: Creating AISystem for world NewWorld
[2015.05.25-15.47.30:811][  0]LogDerivedDataCache: Saved boot cache 0.02s 39MB C:/Users/Michael Herbert/AppData/Local/UnrealEngine/4.7/DerivedDataCache/Boot.ddc.
[2015.05.25-15.47.30:813][  0]LogInit: Texture streaming: Enabled
[2015.05.25-15.47.30:885][  0]LogAnalytics: Creating configured Analytics provider AnalyticsET
[2015.05.25-15.47.30:885][  0]LogAnalytics: ET APIKey = Rocket.Release. APIServer = http://et2.epicgames.com/ET2/. AppVersion = 4.7.6-2513093+++depot+UE4-Releases+4.7
[2015.05.25-15.47.30:885][  0]LogAnalytics: ET APIKey = Rocket.Release. DataRouterUploadURL = https://datarouter-public-service-gamedev.ol.epicgames.net/datarouter/api/v1/public/data. AppVersion = 4.7.6-2513093+++depot+UE4-Releases+4.7
[2015.05.25-15.47.30:885][  0]LogAnalytics: SetUserId 0f88b27845e758115f4ad7ad96ed6ef6|51fe2412c8b74b02bd802614c621f646|4b488e6f-c617-4327-aaf9-74763d8f78d1
[2015.05.25-15.47.30:885][  0]LogAnalytics: AnalyticsET::StartSession [Rocket.Release]
[2015.05.25-15.47.30:905][  0]LogInit: Transaction tracking system initialized
[2015.05.25-15.47.31:039][  0]BlueprintLog: New page: Editor Load
[2015.05.25-15.47.31:069][  0]LogAssetRegistry: FAssetRegistry took 0.0101 seconds to start up
[2015.05.25-15.47.31:069][  0]LogDirectoryWatcher:Warning: Failed to begin reading directory changes for ../../../Engine/Plugins/Experimental/CharacterAI/Content/. Error: 0
[2015.05.25-15.47.31:507][  0]LogTargetPlatformManager:Display: Building Assets For Windows
[2015.05.25-15.47.31:804][  0]LogTargetPlatformManager:Display: Building Assets For Windows
[2015.05.25-15.47.32:013][  0]LogSlate:Warning: Failed to load font data from '../../../Engine/Content/Editor/Slate/Fonts/Roboto-Regular.ttf'
[2015.05.25-15.47.32:013][  0]LogSlate:Warning: Failed to load font data from '../../../Engine/Content/Editor/Slate/Fonts/Roboto-Bold.ttf'
[2015.05.25-15.47.32:017][  0]LogConsoleResponse:Display: 
[2015.05.25-15.47.32:112][  0]LogCook:Display: Done creating registry. It took  0.00s.
[2015.05.25-15.47.32:223][  0]SourceControl: Info Source control is disabled
[2015.05.25-15.47.32:223][  0]Cmd: MAP LOAD FILE="../../../../../../Users/Michael Herbert/Documents/SpaceRace/Content/EndlessRunner/Maps/2DSideScrollerExampleMap.umap" TEMPLATE=0 SHOWPROGRESS=1 FEATURELEVEL=3
[2015.05.25-15.47.32:225][  0]LightingResults: New page: Lighting Build
[2015.05.25-15.47.32:235][  0]MapCheck: New page: Map Check
[2015.05.25-15.47.32:235][  0]LightingResults: New page: Lighting Build
[2015.05.25-15.47.32:241][  0]LogParticles: Destroying 0 GPU particle simulations for FXSystem 0x0000000018B1E520
[2015.05.25-15.47.32:921][  0]LogBlueprint:Warning: [ShipCharacter] CreatePinForVariable: 'bShowDebugMessages' variable not found. Base class was probably changed.
[2015.05.25-15.47.33:144][  0]LogBlueprint:Warning: [compiler] Warning Could not find a variable named "bShowDebugMessages" in 'ShipCharacter_C'.
Make sure 'ShipCharacter_C' has been compiled for  Get bShowDebugMessages 
[2015.05.25-15.47.33:157][  0]LogBlueprint:Warning: [compiler] Warning [0010.65] Compile of ShipCharacter successful, but with 1 Warning(s) [in 102 ms]
[2015.05.25-15.47.33:157][  0]LogBlueprint:Warning: [compiler] Warning [0010.65] Compile of ShipCharacter successful, but with 2 Warning(s) [in 0 ms]
[2015.05.25-15.47.33:157][  0]LogBlueprint:Warning: [compiler] Warning [0010.65] Compile of ShipCharacter successful, but with 3 Warning(s) [in 0 ms]
[2015.05.25-15.47.33:157][  0]LogBlueprint:Warning: [compiler] Warning [0010.65] Compile of ShipCharacter successful, but with 4 Warning(s) [in 0 ms]
[2015.05.25-15.47.33:262][  0]LogBlueprint:Warning: [compiler] Warning Could not find a variable named "bShowDebugMessages" in 'ShipCharacter_C'.
Make sure 'ShipCharacter_C' has been compiled for  Get bShowDebugMessages 
[2015.05.25-15.47.33:276][  0]LogBlueprint:Warning: [compiler] Warning [0010.76] Compile of ShipCharacter successful, but with 1 Warning(s) [in 102 ms]
[2015.05.25-15.47.33:276][  0]LogBlueprint:Warning: [compiler] Warning [0010.76] Compile of ShipCharacter successful, but with 2 Warning(s) [in 0 ms]
[2015.05.25-15.47.42:176][  0]LogEditorServer: Finished looking for orphan Actors (0.000 secs)
[2015.05.25-15.47.42:177][  0]LogAIModule: Creating AISystem for world 2DSideScrollerExampleMap
[2015.05.25-15.47.42:177][  0]Cmd: MAP CHECKDEP
[2015.05.25-15.47.42:177][  0]MapCheck: New page: 2DSideScrollerExampleMap - 26 May 2015 11:47:42 am
[2015.05.25-15.47.42:660][  0]MapCheck:Warning: Warning Sprite0 PaperFlipbookComponent /Game/EndlessRunner/Maps/2DSideScrollerExampleMap.2DSideScrollerExampleMap:PersistentLevel.ShipCharacter_C_1.Sprite0 : Externally referenced 
[2015.05.25-15.47.42:660][  0]MapCheck:Warning: Warning PaperFlipbook1 PaperFlipbookComponent /Game/EndlessRunner/Maps/2DSideScrollerExampleMap.2DSideScrollerExampleMap:PersistentLevel.ShipCharacter_C_1.PaperFlipbook1 : Externally referenced 
[2015.05.25-15.47.42:660][  0]MapCheck:Warning: Warning PaperFlipbook2 PaperFlipbookComponent /Game/EndlessRunner/Maps/2DSideScrollerExampleMap.2DSideScrollerExampleMap:PersistentLevel.ShipCharacter_C_1.PaperFlipbook2 : Externally referenced 
[2015.05.25-15.47.42:661][  0]MapCheck:Warning: Warning PaperFlipbook PaperFlipbookComponent /Game/EndlessRunner/Maps/2DSideScrollerExampleMap.2DSideScrollerExampleMap:PersistentLevel.ShipCharacter_C_1.PaperFlipbook : Externally referenced 
[2015.05.25-15.47.42:661][  0]MapCheck:Warning: Warning PaperFlipbook PaperFlipbookComponent /Game/EndlessRunner/Maps/2DSideScrollerExampleMap.2DSideScrollerExampleMap:PersistentLevel.BP_Coin3_127.PaperFlipbook : Externally referenced 
[2015.05.25-15.47.42:661][  0]MapCheck:Warning: Warning PaperFlipbook PaperFlipbookComponent /Game/EndlessRunner/Maps/2DSideScrollerExampleMap.2DSideScrollerExampleMap:PersistentLevel.BP_Coin4_258.PaperFlipbook : Externally referenced 
[2015.05.25-15.47.42:661][  0]MapCheck:Warning: Warning PaperFlipbook PaperFlipbookComponent /Game/EndlessRunner/Maps/2DSideScrollerExampleMap.2DSideScrollerExampleMap:PersistentLevel.BP_Coin5_377.PaperFlipbook : Externally referenced 
[2015.05.25-15.47.42:661][  0]MapCheck:Warning: Warning PaperFlipbook PaperFlipbookComponent /Game/EndlessRunner/Maps/2DSideScrollerExampleMap.2DSideScrollerExampleMap:PersistentLevel.BP_Coin6_576.PaperFlipbook : Externally referenced 
[2015.05.25-15.47.42:661][  0]MapCheck:Warning: Warning PaperFlipbook PaperFlipbookComponent /Game/EndlessRunner/Maps/2DSideScrollerExampleMap.2DSideScrollerExampleMap:PersistentLevel.BP_Coin7_707.PaperFlipbook : Externally referenced 
[2015.05.25-15.47.42:661][  0]MapCheck:Warning: Warning PaperFlipbook PaperFlipbookComponent /Game/EndlessRunner/Maps/2DSideScrollerExampleMap.2DSideScrollerExampleMap:PersistentLevel.BP_Coin8_846.PaperFlipbook : Externally referenced 
[2015.05.25-15.47.42:661][  0]MapCheck:Warning: Warning PaperFlipbook PaperFlipbookComponent /Game/EndlessRunner/Maps/2DSideScrollerExampleMap.2DSideScrollerExampleMap:PersistentLevel.BP_Coin9_961.PaperFlipbook : Externally referenced 
[2015.05.25-15.47.42:661][  0]MapCheck:Warning: Warning PaperFlipbook PaperFlipbookComponent /Game/EndlessRunner/Maps/2DSideScrollerExampleMap.2DSideScrollerExampleMap:PersistentLevel.BP_Coin10_1092.PaperFlipbook : Externally referenced 
[2015.05.25-15.47.42:661][  0]MapCheck:Warning: Warning PaperFlipbook PaperFlipbookComponent /Game/EndlessRunner/Maps/2DSideScrollerExampleMap.2DSideScrollerExampleMap:PersistentLevel.BP_Coin11_1239.PaperFlipbook : Externally referenced 
[2015.05.25-15.47.42:661][  0]MapCheck:Warning: Warning PaperFlipbook PaperFlipbookComponent /Game/EndlessRunner/Maps/2DSideScrollerExampleMap.2DSideScrollerExampleMap:PersistentLevel.BP_Coin12_1430.PaperFlipbook : Externally referenced 
[2015.05.25-15.47.42:661][  0]MapCheck:Warning: Warning PaperFlipbook PaperFlipbookComponent /Game/EndlessRunner/Maps/2DSideScrollerExampleMap.2DSideScrollerExampleMap:PersistentLevel.BP_Coin_C_550.PaperFlipbook : Externally referenced 
[2015.05.25-15.47.42:661][  0]MapCheck:Warning: Warning PaperFlipbook PaperFlipbookComponent /Game/EndlessRunner/Maps/2DSideScrollerExampleMap.2DSideScrollerExampleMap:PersistentLevel.BP_Coin_C_551.PaperFlipbook : Externally referenced 
[2015.05.25-15.47.42:661][  0]MapCheck:Warning: Warning PaperFlipbook PaperFlipbookComponent /Game/EndlessRunner/Maps/2DSideScrollerExampleMap.2DSideScrollerExampleMap:PersistentLevel.BP_Coin_C_552.PaperFlipbook : Externally referenced 
[2015.05.25-15.47.42:661][  0]MapCheck:Warning: Warning PaperFlipbook PaperFlipbookComponent /Game/EndlessRunner/Maps/2DSideScrollerExampleMap.2DSideScrollerExampleMap:PersistentLevel.BP_Coin_C_553.PaperFlipbook : Externally referenced 
[2015.05.25-15.47.42:661][  0]MapCheck:Warning: Warning PaperFlipbook PaperFlipbookComponent /Game/EndlessRunner/Maps/2DSideScrollerExampleMap.2DSideScrollerExampleMap:PersistentLevel.BP_Coin_C_554.PaperFlipbook : Externally referenced 
[2015.05.25-15.47.42:662][  0]MapCheck:Warning: Warning PaperFlipbook PaperFlipbookComponent /Game/EndlessRunner/Maps/2DSideScrollerExampleMap.2DSideScrollerExampleMap:PersistentLevel.BP_Coin_C_555.PaperFlipbook : Externally referenced 
[2015.05.25-15.47.42:662][  0]MapCheck:Warning: Warning PaperFlipbook PaperFlipbookComponent /Game/EndlessRunner/Maps/2DSideScrollerExampleMap.2DSideScrollerExampleMap:PersistentLevel.BP_Coin_C_556.PaperFlipbook : Externally referenced 
[2015.05.25-15.47.42:662][  0]MapCheck:Warning: Warning PaperFlipbook PaperFlipbookComponent /Game/EndlessRunner/Maps/2DSideScrollerExampleMap.2DSideScrollerExampleMap:PersistentLevel.BP_Coin_C_557.PaperFlipbook : Externally referenced 
[2015.05.25-15.47.42:662][  0]MapCheck:Warning: Warning PaperFlipbook PaperFlipbookComponent /Game/EndlessRunner/Maps/2DSideScrollerExampleMap.2DSideScrollerExampleMap:PersistentLevel.BP_Coin_C_558.PaperFlipbook : Externally referenced 
[2015.05.25-15.47.42:662][  0]MapCheck:Warning: Warning PaperFlipbook PaperFlipbookComponent /Game/EndlessRunner/Maps/2DSideScrollerExampleMap.2DSideScrollerExampleMap:PersistentLevel.BP_Coin_C_559.PaperFlipbook : Externally referenced 
[2015.05.25-15.47.42:662][  0]MapCheck:Warning: Warning PaperFlipbook PaperFlipbookComponent /Game/EndlessRunner/Maps/2DSideScrollerExampleMap.2DSideScrollerExampleMap:PersistentLevel.BP_Coin_C_560.PaperFlipbook : Externally referenced 
[2015.05.25-15.47.42:662][  0]MapCheck:Warning: Warning Gems PaperFlipbookComponent /Game/EndlessRunner/Maps/2DSideScrollerExampleMap.2DSideScrollerExampleMap:PersistentLevel.Wave1_373.Gems : Externally referenced 
[2015.05.25-15.47.42:662][  0]MapCheck:Warning: Warning PaperFlipbook PaperFlipbookComponent /Game/EndlessRunner/Maps/2DSideScrollerExampleMap.2DSideScrollerExampleMap:PersistentLevel.Wave1_373.PaperFlipbook : Externally referenced 
[2015.05.25-15.47.42:662][  0]MapCheck:Warning: Warning PaperFlipbook1 PaperFlipbookComponent /Game/EndlessRunner/Maps/2DSideScrollerExampleMap.2DSideScrollerExampleMap:PersistentLevel.Wave1_373.PaperFlipbook1 : Externally referenced 
[2015.05.25-15.47.42:662][  0]MapCheck:Warning: Warning PaperFlipbook2 PaperFlipbookComponent /Game/EndlessRunner/Maps/2DSideScrollerExampleMap.2DSideScrollerExampleMap:PersistentLevel.Wave1_373.PaperFlipbook2 : Externally referenced 
[2015.05.25-15.47.42:662][  0]MapCheck:Warning: Warning PaperFlipbook3 PaperFlipbookComponent /Game/EndlessRunner/Maps/2DSideScrollerExampleMap.2DSideScrollerExampleMap:PersistentLevel.Wave1_373.PaperFlipbook3 : Externally referenced 
[2015.05.25-15.47.42:662][  0]MapCheck:Warning: Warning PaperFlipbook4 PaperFlipbookComponent /Game/EndlessRunner/Maps/2DSideScrollerExampleMap.2DSideScrollerExampleMap:PersistentLevel.Wave1_373.PaperFlipbook4 : Externally referenced 
[2015.05.25-15.47.42:662][  0]MapCheck:Warning: Warning PaperSprite PaperSpriteComponent /Game/EndlessRunner/Maps/2DSideScrollerExampleMap.2DSideScrollerExampleMap:PersistentLevel.BP_StartLevel_C_1.PaperSprite : Externally referenced 
[2015.05.25-15.47.42:662][  0]MapCheck:Warning: Warning Map 1 PaperSpriteComponent /Game/EndlessRunner/Maps/2DSideScrollerExampleMap.2DSideScrollerExampleMap:PersistentLevel.BP_StartLevel_C_1.Map 1 : Externally referenced 
[2015.05.25-15.47.42:662][  0]MapCheck:Warning: Warning Map 2 PaperSpriteComponent /Game/EndlessRunner/Maps/2DSideScrollerExampleMap.2DSideScrollerExampleMap:PersistentLevel.BP_StartLevel_C_1.Map 2 : Externally referenced 
[2015.05.25-15.47.42:663][  0]MapCheck:Warning: Warning Map 3 PaperSpriteComponent /Game/EndlessRunner/Maps/2DSideScrollerExampleMap.2DSideScrollerExampleMap:PersistentLevel.BP_StartLevel_C_1.Map 3 : Externally referenced 
[2015.05.25-15.47.42:663][  0]MapCheck:Warning: Warning Map 4 PaperSpriteComponent /Game/EndlessRunner/Maps/2DSideScrollerExampleMap.2DSideScrollerExampleMap:PersistentLevel.BP_StartLevel_C_1.Map 4 : Externally referenced 
[2015.05.25-15.47.42:663][  0]MapCheck:Warning: Warning Map 5 PaperSpriteComponent /Game/EndlessRunner/Maps/2DSideScrollerExampleMap.2DSideScrollerExampleMap:PersistentLevel.BP_StartLevel_C_1.Map 5 : Externally referenced 
[2015.05.25-15.47.42:663][  0]MapCheck:Warning: Warning map 6 PaperSpriteComponent /Game/EndlessRunner/Maps/2DSideScrollerExampleMap.2DSideScrollerExampleMap:PersistentLevel.BP_StartLevel_C_1.map 6 : Externally referenced 
[2015.05.25-15.47.42:663][  0]MapCheck:Warning: Warning PaperSprite PaperSpriteComponent /Game/EndlessRunner/Maps/2DSideScrollerExampleMap.2DSideScrollerExampleMap:PersistentLevel.LargeAsteroid_114.PaperSprite : Externally referenced 
[2015.05.25-15.47.42:663][  0]MapCheck:Warning: Warning Asteroid 1 PaperSpriteComponent /Game/EndlessRunner/Maps/2DSideScrollerExampleMap.2DSideScrollerExampleMap:PersistentLevel.Wave1_373.Asteroid 1 : Externally referenced 
[2015.05.25-15.47.42:663][  0]MapCheck:Warning: Warning RightEdge PaperSpriteComponent /Game/EndlessRunner/Maps/2DSideScrollerExampleMap.2DSideScrollerExampleMap:PersistentLevel.Gameplay_Screen_C_1.RightEdge : Externally referenced 
[2015.05.25-15.47.42:663][  0]MapCheck:Warning: Warning LeftEdge PaperSpriteComponent /Game/EndlessRunner/Maps/2DSideScrollerExampleMap.2DSideScrollerExampleMap:PersistentLevel.Gameplay_Screen_C_1.LeftEdge : Externally referenced 
[2015.05.25-15.47.42:663][  0]MapCheck:Warning: Warning TopEdge PaperSpriteComponent /Game/EndlessRunner/Maps/2DSideScrollerExampleMap.2DSideScrollerExampleMap:PersistentLevel.Gameplay_Screen_C_1.TopEdge : Externally referenced 
[2015.05.25-15.47.42:663][  0]MapCheck:Warning: Warning BottomEdge PaperSpriteComponent /Game/EndlessRunner/Maps/2DSideScrollerExampleMap.2DSideScrollerExampleMap:PersistentLevel.Gameplay_Screen_C_1.BottomEdge : Externally referenced 
[2015.05.25-15.47.42:663][  0]MapCheck:Warning: Warning Small Pirate PaperSpriteComponent /Game/EndlessRunner/Maps/2DSideScrollerExampleMap.2DSideScrollerExampleMap:PersistentLevel.Wave1_373.Small Pirate : Externally referenced 
[2015.05.25-15.47.42:663][  0]MapCheck:Warning: Warning AudioComponent0 AudioComponent /Game/EndlessRunner/Maps/2DSideScrollerExampleMap.2DSideScrollerExampleMap:PersistentLevel.BGM_ingame_Cue_2.AudioComponent0 : Externally referenced 
[2015.05.25-15.47.42:663][  0]MapCheck: Info Map check complete: 0 Error(s), 46 Warning(s), took 485.926ms to complete.
[2015.05.25-15.47.42:673][  0]LogFileHelpers: Loading map '2DSideScrollerExampleMap' took 10.450
[2015.05.25-15.47.42:783][  0]LogCollectionManager: Loaded 0 collections in 0.001618 seconds
[2015.05.25-15.47.42:796][  0]LogContentBrowser: Native class hierarchy populated in 0.0123 seconds. Added 1697 classes and 263 folders.
[2015.05.25-15.47.42:823][  0]LogContentBrowser: Native class hierarchy updated for 'SceneOutliner' in 0.0031 seconds. Added 1 classes and 2 folders.
[2015.05.25-15.47.42:870][  0]LogCrashTracker: Crashtracker disabled due to settings.
[2015.05.25-15.47.42:871][  0]LogSlate:Warning: Failed to load font data from 'Veranda'
[2015.05.25-15.47.42:877][  0]LogUObjectGlobals:Warning: Failed to find object 'Class None.'
[2015.05.25-15.47.42:901][  0]LogLoad: Full Startup: 20.39 seconds (BP compile: 4.97 seconds)
[2015.05.25-15.47.43:323][  0]LogContentBrowser:Verbose: The content browser source was changed by the sources view to '/Game/EndlessRunner/Blueprints'
[2015.05.25-15.47.43:550][  0]LogRenderer:Warning: Reallocating scene render targets to support 656x440 (Frame:2).
[2015.05.25-15.47.45:956][  8]LogAssetRegistry: Asset discovery search completed in 14.8972 seconds
[2015.05.25-15.48.43:656][923]LogParticles: Destroying 0 GPU particle simulations for FXSystem 0x0000000033B35DA0
[2015.05.25-15.48.43:657][923]LogParticles: Destroying 0 GPU particle simulations for FXSystem 0x00000000213EC220
[2015.05.25-15.48.43:674][924]LogParticles: Destroying 0 GPU particle simulations for FXSystem 0x0000000011F8F7E0
[2015.05.25-15.50.13:745][987]LogSavePackage: Save=81.573494ms
[2015.05.25-15.50.13:745][987]LogSavePackage: Moving '../../../../../../Users/Michael Herbert/Documents/SpaceRace/Saved/2DSideScrollerExampleMap71A9347F40BD92204963DC85911733AF.tmp' to '../../../../../../Users/Michael Herbert/Documents/SpaceRace/Content/Maps/2DSideScrollerExampleMap.umap'
[2015.05.25-15.50.13:787][987]LogFileHelpers: Saving map '2DSideScrollerExampleMap' took 2.959
[2015.05.25-15.52.21:226][714]LogSavePackage: Save=253.985016ms
[2015.05.25-15.52.21:226][714]LogSavePackage: Moving '../../../../../../Users/Michael Herbert/Documents/SpaceRace/Saved/ShipCharacter3769F0924C25FCD9441D84B8E5F56963.tmp' to '../../../../../../Users/Michael Herbert/Documents/SpaceRace/Content/EndlessRunner/Blueprints/ShipCharacter.uasset'
[2015.05.25-15.56.03:910][322]BlueprintLog: New page: Compile ShipCharacter
[2015.05.25-15.56.04:018][322]LogBlueprint:Warning: [compiler] Warning Could not find a variable named "bShowDebugMessages" in 'ShipCharacter_C'.
Make sure 'ShipCharacter_C' has been compiled for  Get bShowDebugMessages 
[2015.05.25-15.56.04:168][322]LogBlueprint:Warning: [compiler] Warning [0521.65] Compile of ShipCharacter successful, but with 1 Warning(s) [in 258 ms]
[2015.05.25-15.56.04:168][322]BlueprintEditorCompileResults:Warning: Warning Could not find a variable named "bShowDebugMessages" in 'ShipCharacter_C'.
Make sure 'ShipCharacter_C' has been compiled for  Get bShowDebugMessages 
[2015.05.25-15.56.04:168][322]BlueprintEditorCompileResults:Warning: Warning [0521.65] Compile of ShipCharacter successful, but with 1 Warning(s) [in 258 ms]
[2015.05.25-15.56.06:971][601]LogSavePackage: Save=253.897125ms
[2015.05.25-15.56.06:971][601]LogSavePackage: Moving '../../../../../../Users/Michael Herbert/Documents/SpaceRace/Saved/ShipCharacter6176FE03406F9973768E528E3BAD4FE5.tmp' to '../../../../../../Users/Michael Herbert/Documents/SpaceRace/Content/EndlessRunner/Blueprints/ShipCharacter.uasset'
[2015.05.25-15.56.06:971][601]LogFileManager:Warning: DeleteFile was unable to delete '../../../../../../Users/Michael Herbert/Documents/SpaceRace/Content/EndlessRunner/Blueprints/ShipCharacter.uasset', retrying in .5s...
[2015.05.25-15.56.07:471][601]LogFileManager:Error: Error deleting file '../../../../../../Users/Michael Herbert/Documents/SpaceRace/Content/EndlessRunner/Blueprints/ShipCharacter.uasset'.
[2015.05.25-15.56.07:471][601]LogSavePackage:Error: Error saving '../../../../../../Users/Michael Herbert/Documents/SpaceRace/Content/EndlessRunner/Blueprints/ShipCharacter.uasset'
[2015.05.25-15.56.27:728][601]EditorErrors: New page: Save Output
[2015.05.25-15.56.27:728][601]EditorErrors:Warning: Warning Error saving '../../../../../../Users/Michael Herbert/Documents/SpaceRace/Content/EndlessRunner/Blueprints/ShipCharacter.uasset'
[2015.05.25-15.56.32:195][ 43]LogSavePackage: Save=258.045990ms
[2015.05.25-15.56.32:195][ 43]LogSavePackage: Moving '../../../../../../Users/Michael Herbert/Documents/SpaceRace/Saved/ShipCharacterA2FDDAE6406A43BD66EA46BA3D3415ED.tmp' to '../../../../../../Users/Michael Herbert/Documents/SpaceRace/Content/EndlessRunner/Blueprints/ShipCharacter.uasset'
[2015.05.25-15.59.42:425][909]LogRenderer:Warning: Reallocating scene render targets to support 656x624 (Frame:16696).
[2015.05.25-16.00.09:456][156]LogSavePackage: Save=91.020363ms
[2015.05.25-16.00.09:456][156]LogSavePackage: Moving '../../../../../../Users/Michael Herbert/Documents/SpaceRace/Saved/2DSideScrollerExampleMap_Auto168C0D4574B40995BF1E487AE71B6083F.tmp' to '../../../../../../Users/Michael Herbert/Documents/SpaceRace/Saved/Autosaves/Game/Maps/2DSideScrollerExampleMap_Auto1.umap'
[2015.05.25-16.00.09:463][156]LogFileHelpers: Editor autosave (incl. sublevels) for '/Game/Maps/2DSideScrollerExampleMap' took 0.226
[2015.05.25-16.00.09:463][156]LogFileHelpers: Editor autosave (incl. sublevels) for all levels took 0.226
[2015.05.25-16.00.19:227][555]LogRenderer:Warning: Reallocating scene render targets to support 656x968 (Frame:18066).
[2015.05.25-16.01.04:541][246]LogBlueprint:Warning: [compiler] Warning Could not find a variable named "bShowDebugMessages" in 'ShipCharacter_C'.
Make sure 'ShipCharacter_C' has been compiled for  Get bShowDebugMessages 
[2015.05.25-16.01.04:591][246]LogBlueprint:Warning: [compiler] Warning [0822.07] Compile of ShipCharacter successful, but with 1 Warning(s) [in 143 ms]
[2015.05.25-16.01.04:591][246]LogBlueprint:Warning: [compiler] Warning [0822.07] Compile of ShipCharacter successful, but with 2 Warning(s) [in 0 ms]
[2015.05.25-16.01.04:636][246]LogBlueprint:Warning: [compiler] Warning [0822.12] Compile of ShipCharacter successful, but with 3 Warning(s) [in 44 ms]
[2015.05.25-16.01.04:642][246]LogBlueprint:Warning: [compiler] Warning [0822.12] Compile of ShipCharacter successful, but with 4 Warning(s) [in 6 ms]
[2015.05.25-16.01.04:665][246]LogBlueprint:Warning: [compiler] Warning [0822.14] Compile of ShipCharacter successful, but with 5 Warning(s) [in 22 ms]
[2015.05.25-16.01.04:665][246]LogBlueprint:Warning: [compiler] Warning [0822.14] Compile of ShipCharacter successful, but with 6 Warning(s) [in 0 ms]
[2015.05.25-16.02.07:459][809]LogSavePackage: Save=97.818504ms
[2015.05.25-16.02.07:459][809]LogSavePackage: Moving '../../../../../../Users/Michael Herbert/Documents/SpaceRace/Saved/2DSideScrollerExampleMap636B2E524ABC34B61754E488F2F25C97.tmp' to '../../../../../../Users/Michael Herbert/Documents/SpaceRace/Content/Maps/2DSideScrollerExampleMap.umap'
[2015.05.25-16.02.07:507][809]LogFileHelpers: Saving map '2DSideScrollerExampleMap' took 2.217
[2015.05.25-16.02.07:832][809]LogSavePackage: Save=262.782806ms
[2015.05.25-16.02.07:832][809]LogSavePackage: Moving '../../../../../../Users/Michael Herbert/Documents/SpaceRace/Saved/ShipCharacter6FCD9FF244FDFDF43C2A63B55D8E10D2.tmp' to '../../../../../../Users/Michael Herbert/Documents/SpaceRace/Content/EndlessRunner/Blueprints/ShipCharacter.uasset'
[2015.05.25-16.12.05:934][322]LogFileHelpers: Editor autosave (incl. sublevels) for '/Game/Maps/2DSideScrollerExampleMap' took 0.036
[2015.05.25-16.12.05:972][322]OBJ SavePackage: Generating thumbnails for [0] asset(s) in package [/Game/EndlessRunner/Blueprints/ShipCharacter] ([1] browsable assets)...
[2015.05.25-16.12.05:989][322]OBJ SavePackage: Finished generating thumbnails for package [/Game/EndlessRunner/Blueprints/ShipCharacter]
[2015.05.25-16.12.06:393][322]LogSavePackage: Save=340.124084ms
[2015.05.25-16.12.06:393][322]LogSavePackage: Moving '../../../../../../Users/Michael Herbert/Documents/SpaceRace/Saved/ShipCharacter_Auto215170BDE454237AD3F8F039137ADB852.tmp' to '../../../../../../Users/Michael Herbert/Documents/SpaceRace/Saved/Autosaves/Game/EndlessRunner/Blueprints/ShipCharacter_Auto2.uasset'
[2015.05.25-16.12.06:399][322]LogFileHelpers: Auto-saving content packages took 0.466
[2015.05.25-16.14.46:508][310]LogBlueprint:Warning: [compiler] Warning Could not find a variable named "bShowDebugMessages" in 'ShipCharacter_C'.
Make sure 'ShipCharacter_C' has been compiled for  Get bShowDebugMessages 
[2015.05.25-16.14.46:570][310]LogBlueprint:Warning: [compiler] Warning [1644.04] Compile of ShipCharacter successful, but with 1 Warning(s) [in 157 ms]
[2015.05.25-16.14.46:571][310]LogBlueprint:Warning: [compiler] Warning [1644.04] Compile of ShipCharacter successful, but with 2 Warning(s) [in 0 ms]
[2015.05.25-16.14.46:614][310]LogBlueprint:Warning: [compiler] Warning [1644.08] Compile of ShipCharacter successful, but with 3 Warning(s) [in 43 ms]
[2015.05.25-16.14.46:621][310]LogBlueprint:Warning: [compiler] Warning [1644.09] Compile of ShipCharacter successful, but with 4 Warning(s) [in 6 ms]
[2015.05.25-16.14.46:644][310]LogBlueprint:Warning: [compiler] Warning [1644.11] Compile of ShipCharacter successful, but with 5 Warning(s) [in 23 ms]
[2015.05.25-16.14.46:644][310]LogBlueprint:Warning: [compiler] Warning [1644.11] Compile of ShipCharacter successful, but with 6 Warning(s) [in 0 ms]
[2015.05.25-16.15.04:892][603]LogSavePackage: Save=96.321777ms
[2015.05.25-16.15.04:892][603]LogSavePackage: Moving '../../../../../../Users/Michael Herbert/Documents/SpaceRace/Saved/2DSideScrollerExampleMap2EA417FE440FD58D88D854A69650A2B0.tmp' to '../../../../../../Users/Michael Herbert/Documents/SpaceRace/Content/Maps/2DSideScrollerExampleMap.umap'
[2015.05.25-16.15.04:927][603]LogFileHelpers: Saving map '2DSideScrollerExampleMap' took 2.663
[2015.05.25-16.15.05:264][603]LogSavePackage: Save=270.035187ms
[2015.05.25-16.15.05:264][603]LogSavePackage: Moving '../../../../../../Users/Michael Herbert/Documents/SpaceRace/Saved/ShipCharacter4961306A4A698B3CBE21EFA3594258B7.tmp' to '../../../../../../Users/Michael Herbert/Documents/SpaceRace/Content/EndlessRunner/Blueprints/ShipCharacter.uasset'
[2015.05.25-16.15.12:494][251]LogParticles: Destroying 0 GPU particle simulations for FXSystem 0x000000002191C360
[2015.05.25-16.15.14:310][412]Cmd: QUIT_EDITOR
[2015.05.25-16.15.14:497][412]LogExit: Preparing to exit.
[2015.05.25-16.15.15:337][412]LogExit: Editor shut down
[2015.05.25-16.15.15:337][412]LogExit: Transaction tracking system shut down
[2015.05.25-16.15.15:350][412]LogParticles: Destroying 0 GPU particle simulations for FXSystem 0x000000001F0796C0
[2015.05.25-16.15.15:350][412]LogParticles: Destroying 0 GPU particle simulations for FXSystem 0x00000000190E42C0
[2015.05.25-16.15.15:350][412]LogParticles: Destroying 0 GPU particle simulations for FXSystem 0x000000001B0F5620
[2015.05.25-16.15.15:429][412]LogExit: Object subsystem successfully closed.
[2015.05.25-16.15.15:475][412]LogModuleManager: Shutting down and abandoning module CrashTracker (178)
[2015.05.25-16.15.15:475][412]LogModuleManager: Shutting down and abandoning module SuperSearch (177)
[2015.05.25-16.15.15:475][412]LogModuleManager: Shutting down and abandoning module SceneOutliner (176)
[2015.05.25-16.15.15:475][412]LogModuleManager: Shutting down and abandoning module EditorWidgets (175)
[2015.05.25-16.15.15:475][412]LogModuleManager: Shutting down and abandoning module CollectionManager (174)
[2015.05.25-16.15.15:475][412]LogModuleManager: Shutting down and abandoning module StatsViewer (173)
[2015.05.25-16.15.15:475][412]LogModuleManager: Shutting down and abandoning module FoliageEdit (172)
[2015.05.25-16.15.15:475][412]LogModuleManager: Shutting down and abandoning module LandscapeEditor (171)
[2015.05.25-16.15.15:475][412]LogModuleManager: Shutting down and abandoning module MeshPaint (170)
[2015.05.25-16.15.15:475][412]LogModuleManager: Shutting down and abandoning module ActorPickerMode (169)
[2015.05.25-16.15.15:475][412]LogModuleManager: Shutting down and abandoning module GeometryMode (168)
[2015.05.25-16.15.15:475][412]LogModuleManager: Shutting down and abandoning module TextureAlignMode (167)
[2015.05.25-16.15.15:475][412]LogModuleManager: Shutting down and abandoning module BspMode (166)
[2015.05.25-16.15.15:475][412]LogModuleManager: Shutting down and abandoning module PlacementMode (165)
[2015.05.25-16.15.15:475][412]LogModuleManager: Shutting down and abandoning module AutomationWorker (164)
[2015.05.25-16.15.15:475][412]LogModuleManager: Shutting down and abandoning module CharacterAI (163)
[2015.05.25-16.15.15:475][412]LogModuleManager: Shutting down and abandoning module SmartSnapping (162)
[2015.05.25-16.15.15:475][412]LogModuleManager: Shutting down and abandoning module ViewportSnapping (161)
[2015.05.25-16.15.15:475][412]LogModuleManager: Shutting down and abandoning module LogVisualizer (160)
[2015.05.25-16.15.15:475][412]LogModuleManager: Shutting down and abandoning module GameProjectGeneration (159)
[2015.05.25-16.15.15:475][412]LogModuleManager: Shutting down and abandoning module IntroTutorials (158)
[2015.05.25-16.15.15:475][412]LogModuleManager: Shutting down and abandoning module EditorLiveStreaming (157)
[2015.05.25-16.15.15:475][412]LogModuleManager: Shutting down and abandoning module HardwareTargeting (156)
[2015.05.25-16.15.15:475][412]LogModuleManager: Shutting down and abandoning module DeviceProfileEditor (155)
[2015.05.25-16.15.15:475][412]LogModuleManager: Shutting down and abandoning module UndoHistory (154)
[2015.05.25-16.15.15:475][412]LogModuleManager: Shutting down and abandoning module GameplayTagsEditor (153)
[2015.05.25-16.15.15:475][412]LogModuleManager: Shutting down and abandoning module UserFeedback (152)
[2015.05.25-16.15.15:475][412]LogModuleManager: Shutting down and abandoning module XmlParser (151)
[2015.05.25-16.15.15:475][412]LogModuleManager: Shutting down and abandoning module Blutility (150)
[2015.05.25-16.15.15:475][412]LogModuleManager: Shutting down and abandoning module IOSPlatformEditor (149)
[2015.05.25-16.15.15:476][412]LogModuleManager: Shutting down and abandoning module IOSRuntimeSettings (148)
[2015.05.25-16.15.15:476][412]LogModuleManager: Shutting down and abandoning module AndroidDeviceDetection (147)
[2015.05.25-16.15.15:963][412]LogModuleManager: Shutting down and abandoning module AndroidPlatformEditor (146)
[2015.05.25-16.15.15:963][412]LogModuleManager: Shutting down and abandoning module AndroidRuntimeSettings (145)
[2015.05.25-16.15.15:963][412]LogModuleManager: Shutting down and abandoning module ProjectTargetPlatformEditor (144)
[2015.05.25-16.15.15:963][412]LogModuleManager: Shutting down and abandoning module ProjectSettingsViewer (143)
[2015.05.25-16.15.15:963][412]LogModuleManager: Shutting down and abandoning module InputBindingEditor (142)
[2015.05.25-16.15.15:963][412]LogModuleManager: Shutting down and abandoning module EditorSettingsViewer (141)
[2015.05.25-16.15.15:963][412]LogModuleManager: Shutting down and abandoning module SettingsEditor (140)
[2015.05.25-16.15.15:963][412]LogModuleManager: Shutting down and abandoning module ProjectLauncher (139)
[2015.05.25-16.15.15:963][412]LogModuleManager: Shutting down and abandoning module SessionFrontend (138)
[2015.05.25-16.15.15:963][412]LogModuleManager: Shutting down and abandoning module ProfilerClient (137)
[2015.05.25-16.15.15:963][412]LogModuleManager: Shutting down and abandoning module TargetDeviceServices (136)
[2015.05.25-16.15.15:963][412]LogModuleManager: Shutting down and abandoning module DeviceManager (135)
[2015.05.25-16.15.15:963][412]LogModuleManager: Shutting down and abandoning module AutomationController (134)
[2015.05.25-16.15.15:963][412]LogModuleManager: Shutting down and abandoning module AutomationWindow (133)
[2015.05.25-16.15.15:963][412]LogModuleManager: Shutting down and abandoning module Layers (132)
[2015.05.25-16.15.15:963][412]LogModuleManager: Shutting down and abandoning module ComponentVisualizers (131)
[2015.05.25-16.15.15:963][412]LogModuleManager: Shutting down and abandoning module DetailCustomizations (130)
[2015.05.25-16.15.15:963][412]LogModuleManager: Shutting down and abandoning module PackagesDialog (129)
[2015.05.25-16.15.15:963][412]LogModuleManager: Shutting down and abandoning module AssetRegistry (128)
[2015.05.25-16.15.16:021][412]LogModuleManager: Shutting down and abandoning module Persona (127)
[2015.05.25-16.15.16:021][412]LogModuleManager: Shutting down and abandoning module SlateReflector (126)
[2015.05.25-16.15.16:021][412]LogModuleManager: Shutting down and abandoning module LevelEditor (125)
[2015.05.25-16.15.16:022][412]LogModuleManager: Shutting down and abandoning module Kismet (124)
[2015.05.25-16.15.16:022][412]LogModuleManager: Shutting down and abandoning module GraphEditor (123)
[2015.05.25-16.15.16:022][412]LogModuleManager: Shutting down and abandoning module ClassViewer (122)
[2015.05.25-16.15.16:022][412]LogModuleManager: Shutting down and abandoning module Toolbox (121)
[2015.05.25-16.15.16:022][412]LogModuleManager: Shutting down and abandoning module ModuleUI (120)
[2015.05.25-16.15.16:022][412]LogModuleManager: Shutting down and abandoning module MovieSceneTools (119)
[2015.05.25-16.15.16:022][412]LogModuleManager: Shutting down and abandoning module OutputLog (118)
[2015.05.25-16.15.16:022][412]LogModuleManager: Shutting down and abandoning module GammaUI (117)
[2015.05.25-16.15.16:022][412]LogModuleManager: Shutting down and abandoning module Documentation (116)
[2015.05.25-16.15.16:022][412]LogModuleManager: Shutting down and abandoning module GameLiveStreaming (115)
[2015.05.25-16.15.16:022][412]LogModuleManager: Shutting down and abandoning module StreamingPauseRendering (114)
[2015.05.25-16.15.16:022][412]LogModuleManager: Shutting down and abandoning module HTTP (113)
[2015.05.25-16.15.16:022][412]LogModuleManager: Shutting down and abandoning module AnalyticsET (112)
[2015.05.25-16.15.16:022][412]LogModuleManager: Shutting down and abandoning module Analytics (111)
[2015.05.25-16.15.16:022][412]LogModuleManager: Shutting down and abandoning module AITestSuite (110)
[2015.05.25-16.15.16:022][412]LogModuleManager: Shutting down and abandoning module GameplayDebugger (109)
[2015.05.25-16.15.16:022][412]LogModuleManager: Shutting down and abandoning module AIModule (108)
[2015.05.25-16.15.16:022][412]LogModuleManager: Shutting down and abandoning module ProfilerService (107)
[2015.05.25-16.15.16:144][412]LogModuleManager: Shutting down and abandoning module TaskGraph (106)
[2015.05.25-16.15.16:144][412]LogModuleManager: Shutting down and abandoning module SlateRemote (105)
[2015.05.25-16.15.16:144][412]LogModuleManager: Shutting down and abandoning module ScriptEditorPlugin (104)
[2015.05.25-16.15.16:144][412]LogModuleManager: Shutting down and abandoning module CustomMeshComponent (103)
[2015.05.25-16.15.16:144][412]LogModuleManager: Shutting down and abandoning module CableComponent (102)
[2015.05.25-16.15.16:144][412]LogModuleManager: Shutting down and abandoning module MessagingDebugger (101)
[2015.05.25-16.15.16:144][412]LogModuleManager: Shutting down and abandoning module MediaPlayerEditor (100)
[2015.05.25-16.15.16:144][412]LogModuleManager: Shutting down and abandoning module SpeedTreeImporter (99)
[2015.05.25-16.15.16:144][412]LogModuleManager: Shutting down and abandoning module PluginsEditor (98)
[2015.05.25-16.15.16:144][412]LogModuleManager: Shutting down and abandoning module MainFrame (97)
[2015.05.25-16.15.16:144][412]LogModuleManager: Shutting down and abandoning module EpicSurvey (96)
[2015.05.25-16.15.16:144][412]LogModuleManager: Shutting down and abandoning module DesktopPlatform (95)
[2015.05.25-16.15.16:144][412]LogModuleManager: Shutting down and abandoning module DirectoryWatcher (94)
[2015.05.25-16.15.16:144][412]LogModuleManager: Shutting down and abandoning module HotReload (93)
[2015.05.25-16.15.16:144][412]LogModuleManager: Shutting down and abandoning module VisualStudioSourceCodeAccess (92)
[2015.05.25-16.15.16:144][412]LogModuleManager: Shutting down and abandoning module UObjectPlugin (91)
[2015.05.25-16.15.16:144][412]LogModuleManager: Shutting down and abandoning module SubversionSourceControl (90)
[2015.05.25-16.15.16:144][412]LogModuleManager: Shutting down and abandoning module PerforceSourceControl (89)
[2015.05.25-16.15.16:144][412]LogModuleManager: Shutting down and abandoning module SourceControl (88)
[2015.05.25-16.15.16:144][412]LogModuleManager: Shutting down and abandoning module GitSourceControl (87)
[2015.05.25-16.15.16:144][412]LogModuleManager: Shutting down and abandoning module BlankPlugin (86)
[2015.05.25-16.15.16:144][412]LogModuleManager: Shutting down and abandoning module PaperTiledImporter (85)
[2015.05.25-16.15.16:144][412]LogModuleManager: Shutting down and abandoning module PaperJsonImporter (84)
[2015.05.25-16.15.16:144][412]LogModuleManager: Shutting down and abandoning module ContentBrowser (83)
[2015.05.25-16.15.16:145][412]LogModuleManager: Shutting down and abandoning module Paper2DEditor (82)
[2015.05.25-16.15.16:145][412]LogModuleManager: Shutting down and abandoning module SpaceRace (81)
[2015.05.25-16.15.16:145][412]LogModuleManager: Shutting down and abandoning module ScriptPlugin (80)
[2015.05.25-16.15.16:145][412]LogModuleManager: Shutting down and abandoning module UdpMessaging (79)
[2015.05.25-16.15.16:245][412]LogModuleManager: Shutting down and abandoning module Paper2D (78)
[2015.05.25-16.15.16:245][412]LogModuleManager: Shutting down and abandoning module WindowsMoviePlayer (77)
[2015.05.25-16.15.16:246][412]LogModuleManager: Shutting down and abandoning module Media (76)
[2015.05.25-16.15.16:246][412]LogModuleManager: Shutting down and abandoning module WmfMedia (75)
[2015.05.25-16.15.16:247][412]LogModuleManager: Shutting down and abandoning module OnlineBlueprintSupport (74)
[2015.05.25-16.15.16:247][412]LogModuleManager: Shutting down and abandoning module PropertyEditor (73)
[2015.05.25-16.15.16:247][412]LogModuleManager: Shutting down and abandoning module BehaviorTreeEditor (72)
[2015.05.25-16.15.16:247][412]LogModuleManager: Shutting down and abandoning module FunctionalTesting (71)
[2015.05.25-16.15.16:247][412]LogModuleManager: Shutting down and abandoning module CollisionAnalyzer (70)
[2015.05.25-16.15.16:247][412]LogModuleManager: Shutting down and abandoning module WorkspaceMenuStructure (69)
[2015.05.25-16.15.16:247][412]LogModuleManager: Shutting down and abandoning module MessageLog (68)
[2015.05.25-16.15.16:247][412]LogModuleManager: Shutting down and abandoning module Sequencer (67)
[2015.05.25-16.15.16:247][412]LogModuleManager: Shutting down and abandoning module AssetTools (66)
[2015.05.25-16.15.16:247][412]LogModuleManager: Shutting down and abandoning module UMGEditor (65)
[2015.05.25-16.15.16:247][412]LogModuleManager: Shutting down and abandoning module UMG (64)
[2015.05.25-16.15.16:247][412]LogModuleManager: Shutting down and abandoning module Slate (63)
[2015.05.25-16.15.16:247][412]LogModuleManager: Shutting down and abandoning module EditorStyle (62)
[2015.05.25-16.15.16:250][412]LogModuleManager: Shutting down and abandoning module SessionServices (61)
[2015.05.25-16.15.16:250][412]LogModuleManager: Shutting down and abandoning module SourceCodeAccess (60)
[2015.05.25-16.15.16:250][412]LogModuleManager: Shutting down and abandoning module HeadMountedDisplay (59)
[2015.05.25-16.15.16:250][412]LogModuleManager: Shutting down and abandoning module XAudio2 (58)
[2015.05.25-16.15.16:250][412]LogModuleManager: Shutting down and abandoning module Networking (56)
[2015.05.25-16.15.16:250][412]LogModuleManager: Shutting down and abandoning module Core (55)
[2015.05.25-16.15.16:250][412]LogModuleManager: Shutting down and abandoning module KismetCompiler (54)
[2015.05.25-16.15.16:250][412]LogModuleManager: Shutting down and abandoning module PhysXFormats (53)
[2015.05.25-16.15.16:250][412]LogModuleManager: Shutting down and abandoning module MeshUtilities (52)
[2015.05.25-16.15.16:250][412]LogModuleManager: Shutting down and abandoning module DerivedDataCache (51)
[2015.05.25-16.15.16:314][412]LogDerivedDataCache: Shutdown
[2015.05.25-16.15.16:314][412]LogModuleManager: Shutting down and abandoning module ShaderFormatOpenGL (50)
[2015.05.25-16.15.16:314][412]LogModuleManager: Shutting down and abandoning module ShaderFormatD3D (49)
[2015.05.25-16.15.16:314][412]LogModuleManager: Shutting down and abandoning module MetalShaderFormat (48)
[2015.05.25-16.15.16:314][412]LogModuleManager: Shutting down and abandoning module TextureFormatUncompressed (47)
[2015.05.25-16.15.16:314][412]LogModuleManager: Shutting down and abandoning module TextureFormatPVR (46)
[2015.05.25-16.15.16:314][412]LogModuleManager: Shutting down and abandoning module TextureFormatIntelISPCTexComp (45)
[2015.05.25-16.15.16:314][412]LogModuleManager: Shutting down and abandoning module TextureFormatDXT (44)
[2015.05.25-16.15.16:314][412]LogModuleManager: Shutting down and abandoning module ImageWrapper (43)
[2015.05.25-16.15.16:314][412]LogModuleManager: Shutting down and abandoning module TextureFormatASTC (42)
[2015.05.25-16.15.16:314][412]LogModuleManager: Shutting down and abandoning module TextureFormatAndroid (41)
[2015.05.25-16.15.16:314][412]LogModuleManager: Shutting down and abandoning module AudioFormatOpus (40)
[2015.05.25-16.15.16:314][412]LogModuleManager: Shutting down and abandoning module AudioFormatOgg (39)
[2015.05.25-16.15.16:314][412]LogModuleManager: Shutting down and abandoning module AudioFormatADPCM (38)
[2015.05.25-16.15.16:314][412]LogModuleManager: Shutting down and abandoning module LinuxTargetPlatform (37)
[2015.05.25-16.15.16:314][412]LogModuleManager: Shutting down and abandoning module LinuxServerTargetPlatform (36)
[2015.05.25-16.15.16:314][412]LogModuleManager: Shutting down and abandoning module LinuxNoEditorTargetPlatform (35)
[2015.05.25-16.15.16:314][412]LogModuleManager: Shutting down and abandoning module Messaging (34)
[2015.05.25-16.15.16:314][412]LogModuleManager: Shutting down and abandoning module IOSTargetPlatform (33)
[2015.05.25-16.15.16:314][412]LogModuleManager: Shutting down and abandoning module HTML5TargetPlatform (32)
[2015.05.25-16.15.16:314][412]LogModuleManager: Shutting down and abandoning module Android_PVRTCTargetPlatform (31)
[2015.05.25-16.15.16:314][412]LogModuleManager: Shutting down and abandoning module Android_ETC2TargetPlatform (30)
[2015.05.25-16.15.16:314][412]LogModuleManager: Shutting down and abandoning module Android_ETC1TargetPlatform (29)
[2015.05.25-16.15.16:314][412]LogModuleManager: Shutting down and abandoning module Android_ES31TargetPlatform (28)
[2015.05.25-16.15.16:314][412]LogModuleManager: Shutting down and abandoning module Android_DXTTargetPlatform (27)
[2015.05.25-16.15.16:314][412]LogModuleManager: Shutting down and abandoning module Android_ATCTargetPlatform (26)
[2015.05.25-16.15.16:314][412]LogModuleManager: Shutting down and abandoning module AndroidTargetPlatform (25)
[2015.05.25-16.15.16:314][412]LogModuleManager: Shutting down and abandoning module WindowsTargetPlatform (24)
[2015.05.25-16.15.16:314][412]LogModuleManager: Shutting down and abandoning module WindowsServerTargetPlatform (23)
[2015.05.25-16.15.16:314][412]LogModuleManager: Shutting down and abandoning module WindowsNoEditorTargetPlatform (22)
[2015.05.25-16.15.16:314][412]LogModuleManager: Shutting down and abandoning module WindowsClientTargetPlatform (21)
[2015.05.25-16.15.16:314][412]LogModuleManager: Shutting down and abandoning module TargetPlatform (20)
[2015.05.25-16.15.16:314][412]LogModuleManager: Shutting down and abandoning module InputCore (19)
[2015.05.25-16.15.16:314][412]LogModuleManager: Shutting down and abandoning module Settings (18)
[2015.05.25-16.15.16:314][412]LogModuleManager: Shutting down and abandoning module OnlineSubsystem (16)
[2015.05.25-16.15.16:314][412]LogModuleManager: Shutting down and abandoning module OculusRift (15)
[2015.05.25-16.15.16:314][412]LogModuleManager: Shutting down and abandoning module ExampleDeviceProfileSelector (14)
[2015.05.25-16.15.16:315][412]LogModuleManager: Shutting down and abandoning module TextureCompressor (13)
[2015.05.25-16.15.16:315][412]LogModuleManager: Shutting down and abandoning module ShaderCore (12)
[2015.05.25-16.15.16:315][412]LogModuleManager: Shutting down and abandoning module Landscape (11)
[2015.05.25-16.15.16:315][412]LogModuleManager: Shutting down and abandoning module SlateRHIRenderer (10)
[2015.05.25-16.15.16:317][412]LogModuleManager: Shutting down and abandoning module OpenGLDrv (9)
[2015.05.25-16.15.16:317][412]LogModuleManager: Shutting down and abandoning module D3D11RHI (8)
[2015.05.25-16.15.16:317][412]LogModuleManager: Shutting down and abandoning module Renderer (7)
[2015.05.25-16.15.16:317][412]LogModuleManager: Shutting down and abandoning module Engine (6)
[2015.05.25-16.15.16:317][412]LogModuleManager: Shutting down and abandoning module CoreUObject (5)
[2015.05.25-16.15.16:317][412]LogModuleManager: Shutting down and abandoning module NetworkFile (4)
[2015.05.25-16.15.16:317][412]LogModuleManager: Shutting down and abandoning module StreamingFile (3)
[2015.05.25-16.15.16:317][412]LogModuleManager: Shutting down and abandoning module SandboxFile (2)
[2015.05.25-16.15.16:317][412]LogModuleManager: Shutting down and abandoning module PakFile (1)
[2015.05.25-16.15.16:317][412]LogExit: Exiting.
[2015.05.25-16.15.16:337][412]Log file closed, 05/26/15 02:15:16
