Log file open, 05/03/15 21:50:27
LogInit:Display: Running engine for game: SpaceRace
LogInit: Version: 4.7.6-2513093+++depot+UE4-Releases+4.7
LogInit: API Version: 2455222
LogInit: Compiled (64-bit): Apr 15 2015 12:09:54
LogInit: Compiled with Visual C++: 18.00.21005.01
LogInit: Build Configuration: Development
LogInit: Branch Name: ++depot+UE4-Releases+4.7
LogInit: Command line:  /Temp/Autosaves/Game/EndlessRunner/Maps/UEDPC2DSideScrollerExampleMap -game -PIEVIACONSOLE -ResX=1280 -ResY=720  -Multiprocess -featureleveles2 -faketouches 
LogInit: Base directory: W:/Epic Games/4.7/Engine/Binaries/Win64/
LogInit: Rocket: 1
[2015.05.03-11.50.27:514][  0]LogTaskGraph: Started task graph with 3 named threads and 7 total threads.
[2015.05.03-11.50.27:574][  0]LogOnline:Warning: No default platform service specified for OnlineSubsystem
[2015.05.03-11.50.27:586][  0]LogInit: Presizing for 0 objects not considered by GC, pre-allocating 0 bytes.
[2015.05.03-11.50.27:595][  0]LogInit: Object subsystem initialized
[2015.05.03-11.50.27:597][  0]LogConsoleResponse:Warning: Skipping Unknown console variable: 'TranslucentSortAxis = (X=0.000000,Y=-1.000000,Z=0.000000)'
[2015.05.03-11.50.27:597][  0]LogConsoleResponse:Warning:   Found in ini file 'C:/Users/n8695164/Desktop/SpaceRace/Saved/Config/Windows/Engine.ini', in section '[/Script/Engine.RendererSettings]'
[2015.05.03-11.50.27:597][  0]LogConsoleResponse:Warning: Skipping Unknown console variable: 'UIScaleRule = ShortestSide'
[2015.05.03-11.50.27:597][  0]LogConsoleResponse:Warning:   Found in ini file 'C:/Users/n8695164/Desktop/SpaceRace/Saved/Config/Windows/Engine.ini', in section '[/Script/Engine.RendererSettings]'
[2015.05.03-11.50.27:597][  0]LogConsoleResponse:Warning: Skipping Unknown console variable: 'UIScaleCurve = (EditorCurveData=(Keys=),ExternalCurve=None)'
[2015.05.03-11.50.27:597][  0]LogConsoleResponse:Warning:   Found in ini file 'C:/Users/n8695164/Desktop/SpaceRace/Saved/Config/Windows/Engine.ini', in section '[/Script/Engine.RendererSettings]'
[2015.05.03-11.50.27:597][  0]LogInit: Selected Device Profile: [Windows]
[2015.05.03-11.50.27:597][  0]LogInit: Applying CVar settings loaded from the selected device profile: [Windows]
[2015.05.03-11.50.27:600][  0]LogInit: Computer: LAB-SEFS515-10
[2015.05.03-11.50.27:600][  0]LogInit: User: n8695164
[2015.05.03-11.50.27:600][  0]LogInit: CPU Page size=4096, Cores=6
[2015.05.03-11.50.27:600][  0]LogInit: High frequency timer resolution =3.222675 MHz
[2015.05.03-11.50.27:600][  0]LogMemory: Memory total: Physical=31.9GB (32GB approx) Virtual=8192.0GB
[2015.05.03-11.50.27:600][  0]LogMemory: Platform Memory Stats for Windows
[2015.05.03-11.50.27:600][  0]LogMemory: Process Physical Memory: 48.82 MB used, 48.82 MB peak
[2015.05.03-11.50.27:600][  0]LogMemory: Process Virtual Memory: 29.40 MB used, 29.40 MB peak
[2015.05.03-11.50.27:600][  0]LogMemory: Physical Memory: 5790.70 MB used, 32684.20 MB total
[2015.05.03-11.50.27:600][  0]LogMemory: Virtual Memory: 279.92 MB used, 8388608.00 MB total
[2015.05.03-11.50.27:626][  0]LogD3D11RHI: Found D3D11 adapter 0: NVIDIA GeForce GTX 680 (Feature Level 11_0)
[2015.05.03-11.50.27:626][  0]LogD3D11RHI: Adapter has 1990MB of dedicated video memory, 0MB of dedicated system memory, and 2048MB of shared system memory, 1 output[s]
[2015.05.03-11.50.27:626][  0]LogD3D11RHI: Chosen D3D11 Adapter Id = 0
[2015.05.03-11.50.27:644][  0]LogRHI: Texture pool is 1361 MB (70% of 1945 MB)
[2015.05.03-11.50.27:651][  0]LogD3D11RHI: Async texture creation enabled
[2015.05.03-11.50.27:702][  0]LogTextLocalizationManager: The requested culture ('en_AU') has no localization data; parent culture's ('en') localization data will be used.
[2015.05.03-11.50.27:757][  0]LogTextLocalizationManager:Warning: Loading localization resources contain conflicting entries for (Namespace:UICommands, Key:Save_ToolTip):
Resource: (W:/Epic Games/4.7/Engine/Content/Localization/Editor/en/Editor.locres) Hash: (-29098895) String: (Saves the current level to disk)
Resource: (W:/Epic Games/4.7/Engine/Content/Localization/Engine/en/Engine.locres) Hash: (-1280300587) String: (Save selected data to vlog file)
[2015.05.03-11.50.27:757][  0]LogTextLocalizationManager:Warning: Loading localization resources contain conflicting entries for (Namespace:ContentBrowser, Key:ImportAssetToolTip):
Resource: (W:/Epic Games/4.7/Engine/Content/Localization/Editor/en/Editor.locres) Hash: (-630476809) String: (Import to {0}...)
Resource: (W:/Epic Games/4.7/Engine/Content/Localization/Editor/en/Editor.locres) Hash: (1271782899) String: (Imports an asset from file to this folder.)
[2015.05.03-11.50.27:833][  0]LogContentStreaming: Texture pool size is 1000.000000MB
[2015.05.03-11.50.29:858][  0]LogTargetPlatformManager:Display: Building Assets For Windows
[2015.05.03-11.50.30:343][  0]LogTargetPlatformManager:Display: Building Assets For Windows
[2015.05.03-11.50.30:394][  0]LogDerivedDataCache:Display: Max Cache Size: 512 MB
[2015.05.03-11.50.30:427][  0]LogDerivedDataCache: Loaded boot cache 0.03s 39MB C:/Users/n8695164/AppData/Local/UnrealEngine/4.7/DerivedDataCache/Boot.ddc.
[2015.05.03-11.50.30:427][  0]LogDerivedDataCache:Display: Loaded Boot cache: C:/Users/n8695164/AppData/Local/UnrealEngine/4.7/DerivedDataCache/Boot.ddc
[2015.05.03-11.50.30:427][  0]LogDerivedDataCache: FDerivedDataBackendGraph:  Pak pak cache file C:/Users/n8695164/Desktop/SpaceRace/DerivedDataCache/DDC.ddp not found, will not use a pak cache.
[2015.05.03-11.50.30:427][  0]LogDerivedDataCache: Unable to find inner node Pak for hierarchical cache Hierarchy.
[2015.05.03-11.50.30:546][  0]LogDerivedDataCache:Display: Pak cache opened for reading ../../../Engine/DerivedDataCache/Compressed.ddp.
[2015.05.03-11.50.30:557][  0]LogDerivedDataCache: Using Local data cache path C:/Users/n8695164/AppData/Local/UnrealEngine/Common/DerivedDataCache: Writable
[2015.05.03-11.50.30:908][  0]LogMaterial: Missing cached shader map for material WorldGridMaterial, compiling. Is special engine material.
[2015.05.03-11.50.43:504][  0]LogMaterial: Missing cached shader map for material DefaultDeferredDecalMaterial, compiling. 
[2015.05.03-11.50.43:787][  0]LogMaterial: Missing cached shader map for material DefaultLightFunctionMaterial, compiling. 
[2015.05.03-11.50.43:880][  0]LogMaterial: Missing cached shader map for material DefaultPostProcessMaterial, compiling. 
[2015.05.03-11.50.44:135][  0]LogMaterial: Missing cached shader map for material Widget3DPassThrough, compiling. 
[2015.05.03-11.50.44:139][  0]LogMaterial: Missing cached shader map for material Widget3DPassThrough, compiling. 
[2015.05.03-11.50.44:142][  0]LogMaterial: Missing cached shader map for material Widget3DPassThrough, compiling. 
[2015.05.03-11.50.44:145][  0]LogMaterial: Missing cached shader map for material Widget3DPassThrough, compiling. 
[2015.05.03-11.50.44:153][  0]LogMaterial: Missing cached shader map for material LandscapeGizmo_Mat, compiling. 
[2015.05.03-11.50.44:170][  0]LogMaterial: Missing cached shader map for material LandscapeGizmoHeight_Mat, compiling. 
[2015.05.03-11.50.44:223][  0]LogMeshUtilities: No automatic mesh reduction module available
[2015.05.03-11.50.44:223][  0]LogMeshUtilities: No automatic mesh merging module available
[2015.05.03-11.50.44:225][  0]LogMaterial: Missing cached shader map for material SplineEditorMeshMat, compiling. 
[2015.05.03-11.50.44:315][  0]LogMaterial: Missing cached shader map for material SkySphereMaterial, compiling. 
[2015.05.03-11.50.44:328][  0]LogMaterial: Missing cached shader map for material FloorPlaneMaterial, compiling. 
[2015.05.03-11.50.44:429][  0]LogMaterial: Missing cached shader map for material MatineeCam_mat, compiling. 
[2015.05.03-11.50.44:460][  0]LogMaterial: Missing cached shader map for material HelpActorMaterial, compiling. 
[2015.05.03-11.50.44:515][  0]LogMaterial: Missing cached shader map for material DefaultTextMaterialOpaque, compiling. 
[2015.05.03-11.50.44:591][  0]LogMaterial: Missing cached shader map for material DefaultMaterial, compiling. 
[2015.05.03-11.50.44:701][  0]LogInit: WinSock: version 1.1 (2.2), MaxSocks=32767, MaxUdp=65467
[2015.05.03-11.50.45:284][  0]LogWindowsMoviePlayer: Unable to load movie: C:/Users/n8695164/Desktop/SpaceRace/Content/Movies/Default_Startup.mp4
[2015.05.03-11.50.45:337][  0]LogMaterial: Missing cached shader map for material DefaultSpriteMaterial, compiling. 
[2015.05.03-11.50.45:342][  0]LogMaterial: Missing cached shader map for material DefaultSpriteMaterial, compiling. 
[2015.05.03-11.50.45:471][  0]LogSourceControl: RunCommandInternalRaw: 'git version'
[2015.05.03-11.50.45:471][  0]LogSourceControl: RunCommandInternalRaw: ExecProcess ReturnCode=2 OutResults=''
[2015.05.03-11.50.45:511][  0]SourceControl: Info Source control is disabled
[2015.05.03-11.50.45:511][  0]SourceControl: Info Source control is disabled
[2015.05.03-11.50.45:511][  0]SourceControl: Info Source control is disabled
[2015.05.03-11.50.45:526][  0]SourceControl: Info Source control is disabled
[2015.05.03-11.50.45:655][  0]LogObj: 23975 objects as part of root set at end of initial load.
[2015.05.03-11.50.45:655][  0]LogUObjectAllocator: 4990568 out of 0 bytes used by permanent object pool.
[2015.05.03-11.50.45:710][  0]LogMaterial: Missing cached shader map for material HighResScreenshot, compiling. 
[2015.05.03-11.50.45:715][  0]LogMaterial: Missing cached shader map for material HighResScreenshotMask, compiling. 
[2015.05.03-11.50.45:729][  0]LogMaterial: Missing cached shader map for material HighResScreenshotCaptureRegion, compiling. 
[2015.05.03-11.50.45:770][  0]LogAutomationTest:Warning: ERR: Transient text cannot be serialized "Testing Transient serialization detection".
[2015.05.03-11.50.45:770][  0]LogEngine: Initializing Engine...
[2015.05.03-11.50.47:814][  0]LogMaterial: Missing cached shader map for material WireframeMaterial, compiling. Is special engine material.
[2015.05.03-11.50.47:834][  0]LogMaterial: Missing cached shader map for material LevelColorationLitMaterial, compiling. Is special engine material.
[2015.05.03-11.50.47:958][  0]LogMaterial: Missing cached shader map for material LevelColorationUnlitMaterial, compiling. Is special engine material.
[2015.05.03-11.50.47:980][  0]LogMaterial: Missing cached shader map for material MAT_LevelColorationLitLightmapUV, compiling. Is special engine material.
[2015.05.03-11.50.47:981][  0]LogMaterial:Warning: Failed to compile Material /Engine/EngineDebugMaterials/MAT_LevelColorationLitLightmapUV.MAT_LevelColorationLitLightmapUV for platform PCD3D_ES2, Default Material will be used in game.
[2015.05.03-11.50.47:981][  0]LogMaterial:Warning: 	(Node LightmapUVs) Node not supported in feature level ES2
[2015.05.03-11.50.47:989][  0]LogMaterial: Missing cached shader map for material ShadedLevelColorationLitMaterial, compiling. Is special engine material.
[2015.05.03-11.50.48:116][  0]LogMaterial: Missing cached shader map for material ShadedLevelColorationUnlitMateri, compiling. Is special engine material.
[2015.05.03-11.50.48:135][  0]LogMaterial: Missing cached shader map for material VertexColorMaterial, compiling. 
[2015.05.03-11.50.48:158][  0]LogMaterial: Missing cached shader map for material VertexColorViewMode_ColorOnly, compiling. 
[2015.05.03-11.50.48:164][  0]LogMaterial: Missing cached shader map for material VertexColorViewMode_AlphaAsColor, compiling. 
[2015.05.03-11.50.48:170][  0]LogMaterial: Missing cached shader map for material VertexColorViewMode_RedOnly, compiling. 
[2015.05.03-11.50.48:176][  0]LogMaterial: Missing cached shader map for material VertexColorViewMode_GreenOnly, compiling. 
[2015.05.03-11.50.48:182][  0]LogMaterial: Missing cached shader map for material VertexColorViewMode_BlueOnly, compiling. 
[2015.05.03-11.50.48:187][  0]LogMaterial: Missing cached shader map for material RemoveSurfaceMaterial, compiling. 
[2015.05.03-11.50.48:191][  0]LogMaterial: Missing cached shader map for material DebugMeshMaterial, compiling. 
[2015.05.03-11.50.48:198][  0]LogMaterial: Missing cached shader map for material M_InvalidLightmapSettings, compiling. 
[2015.05.03-11.50.48:213][  0]LogMaterial: Missing cached shader map for material GizmoMaterial, compiling. 
[2015.05.03-11.50.48:232][  0]LogInit: XAudio2 using 'DELL S2340T-4 (NVIDIA High Definition Audio)' : 2 channels at 48 kHz using 16 bits per sample (channel mask 0x3)
[2015.05.03-11.50.48:245][  0]LogInit: FAudioDevice initialized.
[2015.05.03-11.50.48:250][  0]LogInit: Texture streaming: Enabled
[2015.05.03-11.50.48:253][  0]LogMaterial: Missing cached shader map for material BaseColor, compiling. 
[2015.05.03-11.50.48:258][  0]LogMaterial: Missing cached shader map for material CustomDepth, compiling. 
[2015.05.03-11.50.48:263][  0]LogMaterial: Missing cached shader map for material DecalMask, compiling. 
[2015.05.03-11.50.48:268][  0]LogMaterial: Missing cached shader map for material FinalImage, compiling. 
[2015.05.03-11.50.48:273][  0]LogMaterial: Missing cached shader map for material LightingModel, compiling. 
[2015.05.03-11.50.48:278][  0]LogMaterial: Missing cached shader map for material MaterialAO, compiling. 
[2015.05.03-11.50.48:282][  0]LogMaterial: Missing cached shader map for material Metallic, compiling. 
[2015.05.03-11.50.48:287][  0]LogMaterial: Missing cached shader map for material Opacity, compiling. 
[2015.05.03-11.50.48:292][  0]LogMaterial: Missing cached shader map for material Roughness, compiling. 
[2015.05.03-11.50.48:297][  0]LogMaterial: Missing cached shader map for material SceneColor, compiling. 
[2015.05.03-11.50.48:302][  0]LogMaterial: Missing cached shader map for material SceneDepth, compiling. 
[2015.05.03-11.50.48:308][  0]LogMaterial: Missing cached shader map for material SeparateTranslucencyRGB, compiling. 
[2015.05.03-11.50.48:313][  0]LogMaterial: Missing cached shader map for material SeparateTranslucencyA, compiling. 
[2015.05.03-11.50.48:318][  0]LogMaterial: Missing cached shader map for material Specular, compiling. 
[2015.05.03-11.50.48:323][  0]LogMaterial: Missing cached shader map for material SubsurfaceColor, compiling. 
[2015.05.03-11.50.48:328][  0]LogMaterial: Missing cached shader map for material WorldNormal, compiling. 
[2015.05.03-11.50.48:332][  0]LogMaterial: Missing cached shader map for material AmbientOcclusion, compiling. 
[2015.05.03-11.50.48:340][  0]LogMaterial: Missing cached shader map for material CustomDepthWorldUnits, compiling. 
[2015.05.03-11.50.48:346][  0]LogMaterial: Missing cached shader map for material SceneDepthWorldUnits, compiling. 
[2015.05.03-11.50.48:400][  0]LogAnalytics: Creating configured Analytics provider AnalyticsET
[2015.05.03-11.50.48:400][  0]LogAnalytics: ET APIKey = Rocket.Release. APIServer = http://et2.epicgames.com/ET2/. AppVersion = 4.7.6-2513093+++depot+UE4-Releases+4.7
[2015.05.03-11.50.48:400][  0]LogAnalytics: ET APIKey = Rocket.Release. DataRouterUploadURL = https://datarouter-public-service-gamedev.ol.epicgames.net/datarouter/api/v1/public/data. AppVersion = 4.7.6-2513093+++depot+UE4-Releases+4.7
[2015.05.03-11.50.48:400][  0]LogAnalytics: SetUserId 985fba5c4c139c9f03d3ceb82b9f7992|275130378b824b80adb050f14047e778|88cf9443-166a-43f7-9f17-b5321103ecb1
[2015.05.03-11.50.48:400][  0]LogAnalytics: AnalyticsET::StartSession [Rocket.Release]
[2015.05.03-11.50.48:437][  0]LogNet: Browse: /Temp/Autosaves/Game/EndlessRunner/Maps/UEDPC2DSideScrollerExampleMap?Name=Player
[2015.05.03-11.50.48:437][  0]LogLoad: LoadMap: /Temp/Autosaves/Game/EndlessRunner/Maps/UEDPC2DSideScrollerExampleMap?Name=Player
[2015.05.03-11.50.48:451][  0]LogMemory: Platform Memory Stats for Windows
[2015.05.03-11.50.48:451][  0]LogMemory: Process Physical Memory: 363.13 MB used, 367.04 MB peak
[2015.05.03-11.50.48:451][  0]LogMemory: Process Virtual Memory: 326.38 MB used, 332.51 MB peak
[2015.05.03-11.50.48:451][  0]LogMemory: Physical Memory: 6357.40 MB used, 32684.20 MB total
[2015.05.03-11.50.48:451][  0]LogMemory: Virtual Memory: 752.91 MB used, 8388608.00 MB total
[2015.05.03-11.50.48:451][  0]LogMemory: 
[2015.05.03-11.50.48:451][  0]Allocator Stats for TBB: (not implemented)
[2015.05.03-11.50.49:201][  0]LogMaterial: Missing cached shader map for material PrototypingSpriteMaterial, compiling. 
[2015.05.03-11.50.49:217][  0]LogMaterial: Missing cached shader map for material DefaultSpriteMaterial, compiling. 
[2015.05.03-11.50.49:228][  0]LogWorld: Game class is 'RunGameMode_C'
[2015.05.03-11.50.49:295][  0]LogAIModule: Creating AISystem for world 2DSideScrollerExampleMap
[2015.05.03-11.50.49:299][  0]LogWorld: Bringing World /Temp/Autosaves/Game/EndlessRunner/Maps/UEDPC2DSideScrollerExampleMap.2DSideScrollerExampleMap up for play (max tick rate 0) at 2015.05.03-21.50.49
[2015.05.03-11.50.49:299][  0]LogWorld: Bringing up level for play took: 0.004610
[2015.05.03-11.50.49:371][  0]LogInit:Display: Game Engine Initialized.
[2015.05.03-11.50.49:603][  0]LogLoad: Full Startup: 23.68 seconds (BP compile: 0.22 seconds)
[2015.05.03-11.50.49:671][  1]LogRenderer:Warning: Reallocating scene render targets to support 1280x720 (Frame:2).
[2015.05.03-11.50.59:625][605]LogEngine: All Windows Closed
[2015.05.03-11.50.59:625][605]LogWindows: FPlatformMisc::RequestExit(0)
[2015.05.03-11.50.59:645][606]LogExit: Preparing to exit.
[2015.05.03-11.50.59:854][606]LogParticles: Destroying 0 GPU particle simulations for FXSystem 0x000000000DDEE700
[2015.05.03-11.50.59:854][606]LogExit: Game engine shut down
[2015.05.03-11.51.00:006][606]LogExit: Object subsystem successfully closed.
[2015.05.03-11.51.00:158][606]LogModuleManager: Shutting down and abandoning module AndroidDeviceDetection (107)
[2015.05.03-11.51.00:629][606]LogModuleManager: Shutting down and abandoning module AutomationWorker (106)
[2015.05.03-11.51.00:629][606]LogModuleManager: Shutting down and abandoning module CharacterAI (105)
[2015.05.03-11.51.00:629][606]LogModuleManager: Shutting down and abandoning module AITestSuite (104)
[2015.05.03-11.51.00:629][606]LogModuleManager: Shutting down and abandoning module GameplayDebugger (103)
[2015.05.03-11.51.00:629][606]LogModuleManager: Shutting down and abandoning module AIModule (102)
[2015.05.03-11.51.00:629][606]LogModuleManager: Shutting down and abandoning module GameLiveStreaming (101)
[2015.05.03-11.51.00:629][606]LogModuleManager: Shutting down and abandoning module StreamingPauseRendering (100)
[2015.05.03-11.51.00:629][606]LogModuleManager: Shutting down and abandoning module HTTP (99)
[2015.05.03-11.51.00:629][606]LogModuleManager: Shutting down and abandoning module AnalyticsET (98)
[2015.05.03-11.51.00:629][606]LogModuleManager: Shutting down and abandoning module Analytics (97)
[2015.05.03-11.51.00:629][606]LogModuleManager: Shutting down and abandoning module ProfilerService (96)
[2015.05.03-11.51.00:696][606]LogModuleManager: Shutting down and abandoning module TaskGraph (95)
[2015.05.03-11.51.00:719][606]LogModuleManager: Shutting down and abandoning module SlateRemote (94)
[2015.05.03-11.51.00:719][606]LogModuleManager: Shutting down and abandoning module CustomMeshComponent (93)
[2015.05.03-11.51.00:719][606]LogModuleManager: Shutting down and abandoning module CableComponent (92)
[2015.05.03-11.51.00:719][606]LogModuleManager: Shutting down and abandoning module DesktopPlatform (91)
[2015.05.03-11.51.00:719][606]LogModuleManager: Shutting down and abandoning module DirectoryWatcher (90)
[2015.05.03-11.51.00:719][606]LogModuleManager: Shutting down and abandoning module HotReload (89)
[2015.05.03-11.51.00:719][606]LogModuleManager: Shutting down and abandoning module VisualStudioSourceCodeAccess (88)
[2015.05.03-11.51.00:719][606]LogModuleManager: Shutting down and abandoning module UObjectPlugin (87)
[2015.05.03-11.51.00:719][606]LogModuleManager: Shutting down and abandoning module SubversionSourceControl (86)
[2015.05.03-11.51.00:719][606]LogModuleManager: Shutting down and abandoning module GitSourceControl (85)
[2015.05.03-11.51.00:719][606]LogModuleManager: Shutting down and abandoning module SourceControl (84)
[2015.05.03-11.51.00:720][606]LogModuleManager: Shutting down and abandoning module PerforceSourceControl (83)
[2015.05.03-11.51.00:729][606]LogModuleManager: Shutting down and abandoning module BlankPlugin (82)
[2015.05.03-11.51.00:729][606]LogModuleManager: Shutting down and abandoning module SpaceRace (81)
[2015.05.03-11.51.00:729][606]LogModuleManager: Shutting down and abandoning module ScriptPlugin (80)
[2015.05.03-11.51.00:733][606]LogModuleManager: Shutting down and abandoning module UdpMessaging (79)
[2015.05.03-11.51.00:733][606]LogModuleManager: Shutting down and abandoning module Paper2D (78)
[2015.05.03-11.51.00:733][606]LogModuleManager: Shutting down and abandoning module WindowsMoviePlayer (77)
[2015.05.03-11.51.00:733][606]LogModuleManager: Shutting down and abandoning module Media (76)
[2015.05.03-11.51.00:733][606]LogModuleManager: Shutting down and abandoning module WmfMedia (75)
[2015.05.03-11.51.00:733][606]LogModuleManager: Shutting down and abandoning module OnlineBlueprintSupport (74)
[2015.05.03-11.51.00:733][606]LogModuleManager: Shutting down and abandoning module PropertyEditor (73)
[2015.05.03-11.51.00:733][606]LogModuleManager: Shutting down and abandoning module BehaviorTreeEditor (72)
[2015.05.03-11.51.00:759][606]LogModuleManager: Shutting down and abandoning module FunctionalTesting (71)
[2015.05.03-11.51.00:759][606]LogModuleManager: Shutting down and abandoning module CollisionAnalyzer (70)
[2015.05.03-11.51.00:777][606]LogModuleManager: Shutting down and abandoning module WorkspaceMenuStructure (69)
[2015.05.03-11.51.00:777][606]LogModuleManager: Shutting down and abandoning module MessageLog (68)
[2015.05.03-11.51.00:777][606]LogModuleManager: Shutting down and abandoning module Sequencer (67)
[2015.05.03-11.51.00:777][606]LogModuleManager: Shutting down and abandoning module AssetTools (66)
[2015.05.03-11.51.00:794][606]LogModuleManager: Shutting down and abandoning module UMGEditor (65)
[2015.05.03-11.51.00:808][606]LogModuleManager: Shutting down and abandoning module UMG (64)
[2015.05.03-11.51.00:808][606]LogModuleManager: Shutting down and abandoning module Slate (63)
[2015.05.03-11.51.00:808][606]LogModuleManager: Shutting down and abandoning module EditorStyle (62)
[2015.05.03-11.51.00:812][606]LogModuleManager: Shutting down and abandoning module SessionServices (61)
[2015.05.03-11.51.00:812][606]LogModuleManager: Shutting down and abandoning module SourceCodeAccess (60)
[2015.05.03-11.51.00:812][606]LogModuleManager: Shutting down and abandoning module HeadMountedDisplay (59)
[2015.05.03-11.51.00:812][606]LogModuleManager: Shutting down and abandoning module XAudio2 (58)
[2015.05.03-11.51.00:812][606]LogModuleManager: Shutting down and abandoning module Networking (56)
[2015.05.03-11.51.00:812][606]LogModuleManager: Shutting down and abandoning module Core (55)
[2015.05.03-11.51.00:812][606]LogModuleManager: Shutting down and abandoning module KismetCompiler (54)
[2015.05.03-11.51.00:812][606]LogModuleManager: Shutting down and abandoning module PhysXFormats (53)
[2015.05.03-11.51.00:812][606]LogModuleManager: Shutting down and abandoning module MeshUtilities (52)
[2015.05.03-11.51.00:817][606]LogModuleManager: Shutting down and abandoning module DerivedDataCache (51)
[2015.05.03-11.51.01:070][606]LogDerivedDataCache: Shutdown
[2015.05.03-11.51.01:070][606]LogModuleManager: Shutting down and abandoning module ShaderFormatOpenGL (50)
[2015.05.03-11.51.01:083][606]LogModuleManager: Shutting down and abandoning module ShaderFormatD3D (49)
[2015.05.03-11.51.01:083][606]LogModuleManager: Shutting down and abandoning module MetalShaderFormat (48)
[2015.05.03-11.51.01:090][606]LogModuleManager: Shutting down and abandoning module TextureFormatUncompressed (47)
[2015.05.03-11.51.01:090][606]LogModuleManager: Shutting down and abandoning module TextureFormatPVR (46)
[2015.05.03-11.51.01:090][606]LogModuleManager: Shutting down and abandoning module TextureFormatIntelISPCTexComp (45)
[2015.05.03-11.51.01:090][606]LogModuleManager: Shutting down and abandoning module TextureFormatDXT (44)
[2015.05.03-11.51.01:090][606]LogModuleManager: Shutting down and abandoning module ImageWrapper (43)
[2015.05.03-11.51.01:090][606]LogModuleManager: Shutting down and abandoning module TextureFormatASTC (42)
[2015.05.03-11.51.01:090][606]LogModuleManager: Shutting down and abandoning module TextureFormatAndroid (41)
[2015.05.03-11.51.01:090][606]LogModuleManager: Shutting down and abandoning module AudioFormatOpus (40)
[2015.05.03-11.51.01:090][606]LogModuleManager: Shutting down and abandoning module AudioFormatOgg (39)
[2015.05.03-11.51.01:090][606]LogModuleManager: Shutting down and abandoning module AudioFormatADPCM (38)
[2015.05.03-11.51.01:090][606]LogModuleManager: Shutting down and abandoning module LinuxTargetPlatform (37)
[2015.05.03-11.51.01:091][606]LogModuleManager: Shutting down and abandoning module LinuxServerTargetPlatform (36)
[2015.05.03-11.51.01:091][606]LogModuleManager: Shutting down and abandoning module LinuxNoEditorTargetPlatform (35)
[2015.05.03-11.51.01:091][606]LogModuleManager: Shutting down and abandoning module Messaging (34)
[2015.05.03-11.51.01:091][606]LogModuleManager: Shutting down and abandoning module IOSTargetPlatform (33)
[2015.05.03-11.51.01:091][606]LogModuleManager: Shutting down and abandoning module HTML5TargetPlatform (32)
[2015.05.03-11.51.01:091][606]LogModuleManager: Shutting down and abandoning module Android_PVRTCTargetPlatform (31)
[2015.05.03-11.51.01:091][606]LogModuleManager: Shutting down and abandoning module Android_ETC2TargetPlatform (30)
[2015.05.03-11.51.01:091][606]LogModuleManager: Shutting down and abandoning module Android_ETC1TargetPlatform (29)
[2015.05.03-11.51.01:091][606]LogModuleManager: Shutting down and abandoning module Android_ES31TargetPlatform (28)
[2015.05.03-11.51.01:091][606]LogModuleManager: Shutting down and abandoning module Android_DXTTargetPlatform (27)
[2015.05.03-11.51.01:091][606]LogModuleManager: Shutting down and abandoning module Android_ATCTargetPlatform (26)
[2015.05.03-11.51.01:091][606]LogModuleManager: Shutting down and abandoning module AndroidTargetPlatform (25)
[2015.05.03-11.51.01:091][606]LogModuleManager: Shutting down and abandoning module WindowsTargetPlatform (24)
[2015.05.03-11.51.01:091][606]LogModuleManager: Shutting down and abandoning module WindowsServerTargetPlatform (23)
[2015.05.03-11.51.01:091][606]LogModuleManager: Shutting down and abandoning module WindowsNoEditorTargetPlatform (22)
[2015.05.03-11.51.01:091][606]LogModuleManager: Shutting down and abandoning module WindowsClientTargetPlatform (21)
[2015.05.03-11.51.01:091][606]LogModuleManager: Shutting down and abandoning module TargetPlatform (20)
[2015.05.03-11.51.01:091][606]LogModuleManager: Shutting down and abandoning module InputCore (19)
[2015.05.03-11.51.01:091][606]LogModuleManager: Shutting down and abandoning module Settings (18)
[2015.05.03-11.51.01:091][606]LogModuleManager: Shutting down and abandoning module OnlineSubsystem (16)
[2015.05.03-11.51.01:091][606]LogModuleManager: Shutting down and abandoning module OculusRift (15)
[2015.05.03-11.51.01:091][606]LogModuleManager: Shutting down and abandoning module ExampleDeviceProfileSelector (14)
[2015.05.03-11.51.01:091][606]LogModuleManager: Shutting down and abandoning module TextureCompressor (13)
[2015.05.03-11.51.01:091][606]LogModuleManager: Shutting down and abandoning module ShaderCore (12)
[2015.05.03-11.51.01:091][606]LogModuleManager: Shutting down and abandoning module Landscape (11)
[2015.05.03-11.51.01:091][606]LogModuleManager: Shutting down and abandoning module SlateRHIRenderer (10)
[2015.05.03-11.51.01:091][606]LogModuleManager: Shutting down and abandoning module OpenGLDrv (9)
[2015.05.03-11.51.01:091][606]LogModuleManager: Shutting down and abandoning module D3D11RHI (8)
[2015.05.03-11.51.01:091][606]LogModuleManager: Shutting down and abandoning module Renderer (7)
[2015.05.03-11.51.01:091][606]LogModuleManager: Shutting down and abandoning module Engine (6)
[2015.05.03-11.51.01:091][606]LogModuleManager: Shutting down and abandoning module CoreUObject (5)
[2015.05.03-11.51.01:091][606]LogModuleManager: Shutting down and abandoning module NetworkFile (4)
[2015.05.03-11.51.01:091][606]LogModuleManager: Shutting down and abandoning module StreamingFile (3)
[2015.05.03-11.51.01:091][606]LogModuleManager: Shutting down and abandoning module SandboxFile (2)
[2015.05.03-11.51.01:091][606]LogModuleManager: Shutting down and abandoning module PakFile (1)
[2015.05.03-11.51.01:096][606]LogExit: Exiting.
[2015.05.03-11.51.01:097][606]Log file closed, 05/03/15 21:51:01
