Log file open, 05/05/15 21:18:07
LogInit:Display: Running engine for game: SpaceRace
LogInit: Version: 4.7.6-2513093+++depot+UE4-Releases+4.7
LogInit: API Version: 2455222
LogInit: Compiled (64-bit): Apr 15 2015 12:09:54
LogInit: Compiled with Visual C++: 18.00.21005.01
LogInit: Build Configuration: Development
LogInit: Branch Name: ++depot+UE4-Releases+4.7
LogInit: Command line: 
LogInit: Base directory: W:/Epic Games/4.7/Engine/Binaries/Win64/
LogInit: Rocket: 1
[2015.05.05-11.18.07:102][  0]LogTaskGraph: Started task graph with 3 named threads and 8 total threads.
[2015.05.05-11.18.07:175][  0]LogOnline:Warning: No default platform service specified for OnlineSubsystem
[2015.05.05-11.18.07:205][  0]LogInit: Presizing for 0 objects not considered by GC, pre-allocating 0 bytes.
[2015.05.05-11.18.07:214][  0]LogInit: Object subsystem initialized
[2015.05.05-11.18.07:216][  0]LogConsoleResponse:Warning: Skipping Unknown console variable: 'TranslucentSortAxis = (X=0.000000,Y=-1.000000,Z=0.000000)'
[2015.05.05-11.18.07:216][  0]LogConsoleResponse:Warning:   Found in ini file 'C:/Users/n8695164/Desktop/SpaceRace/SpaceRace/Saved/Config/Windows/Engine.ini', in section '[/Script/Engine.RendererSettings]'
[2015.05.05-11.18.07:216][  0]LogConsoleResponse:Warning: Skipping Unknown console variable: 'UIScaleRule = ShortestSide'
[2015.05.05-11.18.07:217][  0]LogConsoleResponse:Warning:   Found in ini file 'C:/Users/n8695164/Desktop/SpaceRace/SpaceRace/Saved/Config/Windows/Engine.ini', in section '[/Script/Engine.RendererSettings]'
[2015.05.05-11.18.07:217][  0]LogConsoleResponse:Warning: Skipping Unknown console variable: 'UIScaleCurve = (EditorCurveData=(Keys=),ExternalCurve=None)'
[2015.05.05-11.18.07:217][  0]LogConsoleResponse:Warning:   Found in ini file 'C:/Users/n8695164/Desktop/SpaceRace/SpaceRace/Saved/Config/Windows/Engine.ini', in section '[/Script/Engine.RendererSettings]'
[2015.05.05-11.18.07:218][  0]LogInit: Selected Device Profile: [Windows]
[2015.05.05-11.18.07:218][  0]LogInit: Applying CVar settings loaded from the selected device profile: [Windows]
[2015.05.05-11.18.07:221][  0]LogInit: Computer: LAB-SEFS515-09
[2015.05.05-11.18.07:221][  0]LogInit: User: n8695164
[2015.05.05-11.18.07:222][  0]LogInit: CPU Page size=4096, Cores=6
[2015.05.05-11.18.07:222][  0]LogInit: High frequency timer resolution =3.222695 MHz
[2015.05.05-11.18.07:222][  0]LogMemory: Memory total: Physical=32.0GB (32GB approx) Virtual=8192.0GB
[2015.05.05-11.18.07:223][  0]LogMemory: Platform Memory Stats for Windows
[2015.05.05-11.18.07:223][  0]LogMemory: Process Physical Memory: 46.26 MB used, 46.26 MB peak
[2015.05.05-11.18.07:223][  0]LogMemory: Process Virtual Memory: 22.68 MB used, 22.68 MB peak
[2015.05.05-11.18.07:223][  0]LogMemory: Physical Memory: 4873.12 MB used, 32720.52 MB total
[2015.05.05-11.18.07:223][  0]LogMemory: Virtual Memory: 271.23 MB used, 8388608.00 MB total
[2015.05.05-11.18.07:275][  0]LogD3D11RHI: Found D3D11 adapter 0: NVIDIA GeForce GTX 680 (Feature Level 11_0)
[2015.05.05-11.18.07:276][  0]LogD3D11RHI: Adapter has 1990MB of dedicated video memory, 0MB of dedicated system memory, and 2048MB of shared system memory, 1 output[s]
[2015.05.05-11.18.07:276][  0]LogD3D11RHI: Chosen D3D11 Adapter Id = 0
[2015.05.05-11.18.07:280][  0]LogRHI: Texture pool is 1361 MB (70% of 1945 MB)
[2015.05.05-11.18.07:308][  0]LogD3D11RHI: Async texture creation enabled
[2015.05.05-11.18.07:368][  0]LogTextLocalizationManager: The requested culture ('en_AU') has no localization data; parent culture's ('en') localization data will be used.
[2015.05.05-11.18.07:419][  0]LogTextLocalizationManager:Warning: Loading localization resources contain conflicting entries for (Namespace:UICommands, Key:Save_ToolTip):
Resource: (W:/Epic Games/4.7/Engine/Content/Localization/Editor/en/Editor.locres) Hash: (-29098895) String: (Saves the current level to disk)
Resource: (W:/Epic Games/4.7/Engine/Content/Localization/Engine/en/Engine.locres) Hash: (-1280300587) String: (Save selected data to vlog file)
[2015.05.05-11.18.07:420][  0]LogTextLocalizationManager:Warning: Loading localization resources contain conflicting entries for (Namespace:ContentBrowser, Key:ImportAssetToolTip):
Resource: (W:/Epic Games/4.7/Engine/Content/Localization/Editor/en/Editor.locres) Hash: (-630476809) String: (Import to {0}...)
Resource: (W:/Epic Games/4.7/Engine/Content/Localization/Editor/en/Editor.locres) Hash: (1271782899) String: (Imports an asset from file to this folder.)
[2015.05.05-11.18.07:488][  0]LogContentStreaming: Texture pool size is 0.000000MB
[2015.05.05-11.18.09:659][  0]LogTargetPlatformManager:Display: Building Assets For Windows
[2015.05.05-11.18.10:183][  0]LogTargetPlatformManager:Display: Building Assets For Windows
[2015.05.05-11.18.10:257][  0]LogDerivedDataCache:Display: Max Cache Size: 512 MB
[2015.05.05-11.18.10:289][  0]LogDerivedDataCache: Loaded boot cache 0.03s 39MB C:/Users/n8695164/AppData/Local/UnrealEngine/4.7/DerivedDataCache/Boot.ddc.
[2015.05.05-11.18.10:290][  0]LogDerivedDataCache:Display: Loaded Boot cache: C:/Users/n8695164/AppData/Local/UnrealEngine/4.7/DerivedDataCache/Boot.ddc
[2015.05.05-11.18.10:290][  0]LogDerivedDataCache: FDerivedDataBackendGraph:  Pak pak cache file C:/Users/n8695164/Desktop/SpaceRace/SpaceRace/DerivedDataCache/DDC.ddp not found, will not use a pak cache.
[2015.05.05-11.18.10:290][  0]LogDerivedDataCache: Unable to find inner node Pak for hierarchical cache Hierarchy.
[2015.05.05-11.18.10:401][  0]LogDerivedDataCache:Display: Pak cache opened for reading ../../../Engine/DerivedDataCache/Compressed.ddp.
[2015.05.05-11.18.10:413][  0]LogDerivedDataCache: Using Local data cache path C:/Users/n8695164/AppData/Local/UnrealEngine/Common/DerivedDataCache: Writable
[2015.05.05-11.18.10:692][  0]LogMeshUtilities: No automatic mesh reduction module available
[2015.05.05-11.18.10:692][  0]LogMeshUtilities: No automatic mesh merging module available
[2015.05.05-11.18.11:029][  0]LogInit: WinSock: version 1.1 (2.2), MaxSocks=32767, MaxUdp=65467
[2015.05.05-11.18.11:120][  0]LogSlate:Warning: Failed to load font data from '../../../Engine/Content/Slate/Fonts/Roboto-Italic.ttf'
[2015.05.05-11.18.11:993][  0]UdpMessaging: Initializing bridge on interface 0.0.0.0:0 to multicast group 230.0.0.1:6666.
[2015.05.05-11.18.12:284][  0]SourceControl: Info Source control is disabled
[2015.05.05-11.18.12:284][  0]SourceControl: Info Source control is disabled
[2015.05.05-11.18.12:284][  0]SourceControl: Info Source control is disabled
[2015.05.05-11.18.12:285][  0]LogSourceControl: RunCommandInternalRaw: 'git version'
[2015.05.05-11.18.12:285][  0]LogSourceControl: RunCommandInternalRaw: ExecProcess ReturnCode=2 OutResults=''
[2015.05.05-11.18.12:293][  0]SourceControl: Info Source control is disabled
[2015.05.05-11.18.12:562][  0]LogObj: 24236 objects as part of root set at end of initial load.
[2015.05.05-11.18.12:563][  0]LogUObjectAllocator: 5138808 out of 0 bytes used by permanent object pool.
[2015.05.05-11.18.12:651][  0]LogEngine: Initializing Engine...
[2015.05.05-11.18.15:792][  0]LogInit: XAudio2 using 'DELL S2340T-4 (NVIDIA High Definition Audio)' : 2 channels at 48 kHz using 16 bits per sample (channel mask 0x3)
[2015.05.05-11.18.15:799][  0]LogInit: FAudioDevice initialized.
[2015.05.05-11.18.15:839][  0]LogAIModule: Creating AISystem for world NewWorld
[2015.05.05-11.18.15:857][  0]LogDerivedDataCache: Saved boot cache 0.02s 39MB C:/Users/n8695164/AppData/Local/UnrealEngine/4.7/DerivedDataCache/Boot.ddc.
[2015.05.05-11.18.15:862][  0]LogInit: Texture streaming: Enabled
[2015.05.05-11.18.15:951][  0]LogAnalytics: Creating configured Analytics provider AnalyticsET
[2015.05.05-11.18.15:951][  0]LogAnalytics: ET APIKey = Rocket.Release. APIServer = http://et2.epicgames.com/ET2/. AppVersion = 4.7.6-2513093+++depot+UE4-Releases+4.7
[2015.05.05-11.18.15:951][  0]LogAnalytics: ET APIKey = Rocket.Release. DataRouterUploadURL = https://datarouter-public-service-gamedev.ol.epicgames.net/datarouter/api/v1/public/data. AppVersion = 4.7.6-2513093+++depot+UE4-Releases+4.7
[2015.05.05-11.18.15:952][  0]LogAnalytics: SetUserId c8dc6e25478584d4632393afdccbfded|275130378b824b80adb050f14047e778|88cf9443-166a-43f7-9f17-b5321103ecb1
[2015.05.05-11.18.15:952][  0]LogAnalytics: AnalyticsET::StartSession [Rocket.Release]
[2015.05.05-11.18.15:973][  0]LogInit: Transaction tracking system initialized
[2015.05.05-11.18.16:247][  0]BlueprintLog: New page: Editor Load
[2015.05.05-11.18.16:287][  0]LogAssetRegistry: FAssetRegistry took 0.0102 seconds to start up
[2015.05.05-11.18.16:287][  0]LogDirectoryWatcher:Warning: Failed to begin reading directory changes for ../../../Engine/Plugins/Experimental/CharacterAI/Content/. Error: 0
[2015.05.05-11.18.16:833][  0]LogTargetPlatformManager:Display: Building Assets For Windows
[2015.05.05-11.18.17:159][  0]LogTargetPlatformManager:Display: Building Assets For Windows
[2015.05.05-11.18.17:534][  0]LogSlate:Warning: Failed to load font data from '../../../Engine/Content/Editor/Slate/Fonts/Roboto-Regular.ttf'
[2015.05.05-11.18.17:534][  0]LogSlate:Warning: Failed to load font data from '../../../Engine/Content/Editor/Slate/Fonts/Roboto-Bold.ttf'
[2015.05.05-11.18.17:538][  0]LogConsoleResponse:Display: 
[2015.05.05-11.18.17:653][  0]LogCook:Display: Done creating registry. It took  0.00s.
[2015.05.05-11.18.17:866][  0]SourceControl: Info Source control is disabled
[2015.05.05-11.18.17:867][  0]Cmd: MAP LOAD FILE="C:/Users/n8695164/Desktop/SpaceRace/SpaceRace/Content/EndlessRunner/Maps/2DSideScrollerExampleMap.umap" TEMPLATE=0 SHOWPROGRESS=1 FEATURELEVEL=3
[2015.05.05-11.18.17:867][  0]LightingResults: New page: Lighting Build
[2015.05.05-11.18.17:881][  0]MapCheck: New page: Map Check
[2015.05.05-11.18.17:881][  0]LightingResults: New page: Lighting Build
[2015.05.05-11.18.17:886][  0]LogParticles: Destroying 0 GPU particle simulations for FXSystem 0x0000000013A22980
[2015.05.05-11.18.19:199][  0]LogEditorServer: Finished looking for orphan Actors (0.000 secs)
[2015.05.05-11.18.19:200][  0]LogAIModule: Creating AISystem for world 2DSideScrollerExampleMap
[2015.05.05-11.18.19:201][  0]Cmd: MAP CHECKDEP
[2015.05.05-11.18.19:201][  0]MapCheck: New page: 2DSideScrollerExampleMap - 6 May 2015 7:18:19 am
[2015.05.05-11.18.19:330][  0]MapCheck:Warning: Warning Sprite0 PaperFlipbookComponent /Game/EndlessRunner/Maps/2DSideScrollerExampleMap.2DSideScrollerExampleMap:PersistentLevel.ShipCharacter_C_0.Sprite0 : Externally referenced 
[2015.05.05-11.18.19:330][  0]MapCheck:Warning: Warning PaperSprite PaperSpriteComponent /Game/EndlessRunner/Maps/2DSideScrollerExampleMap.2DSideScrollerExampleMap:PersistentLevel.BP_Coin_C_550.PaperSprite : Externally referenced 
[2015.05.05-11.18.19:331][  0]MapCheck:Warning: Warning PaperSprite PaperSpriteComponent /Game/EndlessRunner/Maps/2DSideScrollerExampleMap.2DSideScrollerExampleMap:PersistentLevel.BP_Coin_C_551.PaperSprite : Externally referenced 
[2015.05.05-11.18.19:331][  0]MapCheck:Warning: Warning PaperSprite PaperSpriteComponent /Game/EndlessRunner/Maps/2DSideScrollerExampleMap.2DSideScrollerExampleMap:PersistentLevel.BP_Coin_C_552.PaperSprite : Externally referenced 
[2015.05.05-11.18.19:331][  0]MapCheck:Warning: Warning PaperSprite PaperSpriteComponent /Game/EndlessRunner/Maps/2DSideScrollerExampleMap.2DSideScrollerExampleMap:PersistentLevel.BP_Coin_C_553.PaperSprite : Externally referenced 
[2015.05.05-11.18.19:332][  0]MapCheck:Warning: Warning PaperSprite PaperSpriteComponent /Game/EndlessRunner/Maps/2DSideScrollerExampleMap.2DSideScrollerExampleMap:PersistentLevel.BP_Coin_C_554.PaperSprite : Externally referenced 
[2015.05.05-11.18.19:332][  0]MapCheck:Warning: Warning PaperSprite PaperSpriteComponent /Game/EndlessRunner/Maps/2DSideScrollerExampleMap.2DSideScrollerExampleMap:PersistentLevel.BP_Coin_C_555.PaperSprite : Externally referenced 
[2015.05.05-11.18.19:332][  0]MapCheck:Warning: Warning PaperSprite PaperSpriteComponent /Game/EndlessRunner/Maps/2DSideScrollerExampleMap.2DSideScrollerExampleMap:PersistentLevel.BP_Coin_C_556.PaperSprite : Externally referenced 
[2015.05.05-11.18.19:332][  0]MapCheck:Warning: Warning PaperSprite PaperSpriteComponent /Game/EndlessRunner/Maps/2DSideScrollerExampleMap.2DSideScrollerExampleMap:PersistentLevel.BP_Coin_C_557.PaperSprite : Externally referenced 
[2015.05.05-11.18.19:333][  0]MapCheck:Warning: Warning PaperSprite PaperSpriteComponent /Game/EndlessRunner/Maps/2DSideScrollerExampleMap.2DSideScrollerExampleMap:PersistentLevel.BP_Coin_C_558.PaperSprite : Externally referenced 
[2015.05.05-11.18.19:333][  0]MapCheck:Warning: Warning PaperSprite PaperSpriteComponent /Game/EndlessRunner/Maps/2DSideScrollerExampleMap.2DSideScrollerExampleMap:PersistentLevel.BP_Coin_C_559.PaperSprite : Externally referenced 
[2015.05.05-11.18.19:333][  0]MapCheck:Warning: Warning PaperSprite PaperSpriteComponent /Game/EndlessRunner/Maps/2DSideScrollerExampleMap.2DSideScrollerExampleMap:PersistentLevel.BP_Coin_C_560.PaperSprite : Externally referenced 
[2015.05.05-11.18.19:334][  0]MapCheck:Warning: Warning PaperSprite PaperSpriteComponent /Game/EndlessRunner/Maps/2DSideScrollerExampleMap.2DSideScrollerExampleMap:PersistentLevel.BP_Coin_C_1023.PaperSprite : Externally referenced 
[2015.05.05-11.18.19:334][  0]MapCheck:Warning: Warning PaperSprite PaperSpriteComponent /Game/EndlessRunner/Maps/2DSideScrollerExampleMap.2DSideScrollerExampleMap:PersistentLevel.BP_Coin_C_1024.PaperSprite : Externally referenced 
[2015.05.05-11.18.19:334][  0]MapCheck:Warning: Warning PaperSprite PaperSpriteComponent /Game/EndlessRunner/Maps/2DSideScrollerExampleMap.2DSideScrollerExampleMap:PersistentLevel.BP_Coin_C_1025.PaperSprite : Externally referenced 
[2015.05.05-11.18.19:335][  0]MapCheck:Warning: Warning PaperSprite PaperSpriteComponent /Game/EndlessRunner/Maps/2DSideScrollerExampleMap.2DSideScrollerExampleMap:PersistentLevel.BP_Coin_C_1026.PaperSprite : Externally referenced 
[2015.05.05-11.18.19:335][  0]MapCheck:Warning: Warning PaperSprite PaperSpriteComponent /Game/EndlessRunner/Maps/2DSideScrollerExampleMap.2DSideScrollerExampleMap:PersistentLevel.BP_Coin_C_1027.PaperSprite : Externally referenced 
[2015.05.05-11.18.19:335][  0]MapCheck:Warning: Warning PaperSprite PaperSpriteComponent /Game/EndlessRunner/Maps/2DSideScrollerExampleMap.2DSideScrollerExampleMap:PersistentLevel.BP_Coin_C_1028.PaperSprite : Externally referenced 
[2015.05.05-11.18.19:336][  0]MapCheck:Warning: Warning PaperSprite PaperSpriteComponent /Game/EndlessRunner/Maps/2DSideScrollerExampleMap.2DSideScrollerExampleMap:PersistentLevel.BP_Coin_C_1029.PaperSprite : Externally referenced 
[2015.05.05-11.18.19:336][  0]MapCheck:Warning: Warning PaperSprite PaperSpriteComponent /Game/EndlessRunner/Maps/2DSideScrollerExampleMap.2DSideScrollerExampleMap:PersistentLevel.BP_Coin_C_1030.PaperSprite : Externally referenced 
[2015.05.05-11.18.19:336][  0]MapCheck:Warning: Warning PaperSprite PaperSpriteComponent /Game/EndlessRunner/Maps/2DSideScrollerExampleMap.2DSideScrollerExampleMap:PersistentLevel.BP_Coin_C_1031.PaperSprite : Externally referenced 
[2015.05.05-11.18.19:337][  0]MapCheck:Warning: Warning PaperSprite PaperSpriteComponent /Game/EndlessRunner/Maps/2DSideScrollerExampleMap.2DSideScrollerExampleMap:PersistentLevel.BP_Coin_C_1032.PaperSprite : Externally referenced 
[2015.05.05-11.18.19:337][  0]MapCheck:Warning: Warning PaperSprite PaperSpriteComponent /Game/EndlessRunner/Maps/2DSideScrollerExampleMap.2DSideScrollerExampleMap:PersistentLevel.BP_Coin_C_1033.PaperSprite : Externally referenced 
[2015.05.05-11.18.19:337][  0]MapCheck:Warning: Warning PaperSprite PaperSpriteComponent /Game/EndlessRunner/Maps/2DSideScrollerExampleMap.2DSideScrollerExampleMap:PersistentLevel.BP_Coin_C_1408.PaperSprite : Externally referenced 
[2015.05.05-11.18.19:337][  0]MapCheck:Warning: Warning PaperSprite PaperSpriteComponent /Game/EndlessRunner/Maps/2DSideScrollerExampleMap.2DSideScrollerExampleMap:PersistentLevel.BP_Coin_C_1409.PaperSprite : Externally referenced 
[2015.05.05-11.18.19:338][  0]MapCheck:Warning: Warning PaperSprite PaperSpriteComponent /Game/EndlessRunner/Maps/2DSideScrollerExampleMap.2DSideScrollerExampleMap:PersistentLevel.BP_Coin_C_1410.PaperSprite : Externally referenced 
[2015.05.05-11.18.19:338][  0]MapCheck:Warning: Warning PaperSprite PaperSpriteComponent /Game/EndlessRunner/Maps/2DSideScrollerExampleMap.2DSideScrollerExampleMap:PersistentLevel.BP_Coin_C_1411.PaperSprite : Externally referenced 
[2015.05.05-11.18.19:338][  0]MapCheck:Warning: Warning PaperSprite PaperSpriteComponent /Game/EndlessRunner/Maps/2DSideScrollerExampleMap.2DSideScrollerExampleMap:PersistentLevel.BP_Coin_C_1412.PaperSprite : Externally referenced 
[2015.05.05-11.18.19:339][  0]MapCheck:Warning: Warning PaperSprite PaperSpriteComponent /Game/EndlessRunner/Maps/2DSideScrollerExampleMap.2DSideScrollerExampleMap:PersistentLevel.BP_Coin_C_1413.PaperSprite : Externally referenced 
[2015.05.05-11.18.19:339][  0]MapCheck:Warning: Warning PaperSprite PaperSpriteComponent /Game/EndlessRunner/Maps/2DSideScrollerExampleMap.2DSideScrollerExampleMap:PersistentLevel.BP_Coin_C_1414.PaperSprite : Externally referenced 
[2015.05.05-11.18.19:339][  0]MapCheck:Warning: Warning PaperSprite PaperSpriteComponent /Game/EndlessRunner/Maps/2DSideScrollerExampleMap.2DSideScrollerExampleMap:PersistentLevel.BP_Coin_C_1415.PaperSprite : Externally referenced 
[2015.05.05-11.18.19:340][  0]MapCheck:Warning: Warning PaperSprite PaperSpriteComponent /Game/EndlessRunner/Maps/2DSideScrollerExampleMap.2DSideScrollerExampleMap:PersistentLevel.BP_Coin_C_1416.PaperSprite : Externally referenced 
[2015.05.05-11.18.19:340][  0]MapCheck:Warning: Warning PaperSprite PaperSpriteComponent /Game/EndlessRunner/Maps/2DSideScrollerExampleMap.2DSideScrollerExampleMap:PersistentLevel.BP_Coin_C_1417.PaperSprite : Externally referenced 
[2015.05.05-11.18.19:340][  0]MapCheck:Warning: Warning PaperSprite PaperSpriteComponent /Game/EndlessRunner/Maps/2DSideScrollerExampleMap.2DSideScrollerExampleMap:PersistentLevel.BP_Coin_C_1418.PaperSprite : Externally referenced 
[2015.05.05-11.18.19:341][  0]MapCheck:Warning: Warning PaperSprite PaperSpriteComponent /Game/EndlessRunner/Maps/2DSideScrollerExampleMap.2DSideScrollerExampleMap:PersistentLevel.BP_Coin2_79.PaperSprite : Externally referenced 
[2015.05.05-11.18.19:341][  0]MapCheck:Warning: Warning PaperSprite PaperSpriteComponent /Game/EndlessRunner/Maps/2DSideScrollerExampleMap.2DSideScrollerExampleMap:PersistentLevel.BP_Coin3_127.PaperSprite : Externally referenced 
[2015.05.05-11.18.19:341][  0]MapCheck:Warning: Warning PaperSprite PaperSpriteComponent /Game/EndlessRunner/Maps/2DSideScrollerExampleMap.2DSideScrollerExampleMap:PersistentLevel.BP_Coin4_258.PaperSprite : Externally referenced 
[2015.05.05-11.18.19:342][  0]MapCheck:Warning: Warning PaperSprite PaperSpriteComponent /Game/EndlessRunner/Maps/2DSideScrollerExampleMap.2DSideScrollerExampleMap:PersistentLevel.BP_Coin5_377.PaperSprite : Externally referenced 
[2015.05.05-11.18.19:342][  0]MapCheck:Warning: Warning PaperSprite PaperSpriteComponent /Game/EndlessRunner/Maps/2DSideScrollerExampleMap.2DSideScrollerExampleMap:PersistentLevel.BP_Coin6_576.PaperSprite : Externally referenced 
[2015.05.05-11.18.19:342][  0]MapCheck:Warning: Warning PaperSprite PaperSpriteComponent /Game/EndlessRunner/Maps/2DSideScrollerExampleMap.2DSideScrollerExampleMap:PersistentLevel.BP_Coin7_707.PaperSprite : Externally referenced 
[2015.05.05-11.18.19:342][  0]MapCheck:Warning: Warning PaperSprite PaperSpriteComponent /Game/EndlessRunner/Maps/2DSideScrollerExampleMap.2DSideScrollerExampleMap:PersistentLevel.BP_Coin8_846.PaperSprite : Externally referenced 
[2015.05.05-11.18.19:343][  0]MapCheck:Warning: Warning PaperSprite PaperSpriteComponent /Game/EndlessRunner/Maps/2DSideScrollerExampleMap.2DSideScrollerExampleMap:PersistentLevel.BP_Coin9_961.PaperSprite : Externally referenced 
[2015.05.05-11.18.19:343][  0]MapCheck:Warning: Warning PaperSprite PaperSpriteComponent /Game/EndlessRunner/Maps/2DSideScrollerExampleMap.2DSideScrollerExampleMap:PersistentLevel.BP_Coin10_1092.PaperSprite : Externally referenced 
[2015.05.05-11.18.19:343][  0]MapCheck:Warning: Warning PaperSprite PaperSpriteComponent /Game/EndlessRunner/Maps/2DSideScrollerExampleMap.2DSideScrollerExampleMap:PersistentLevel.BP_Coin11_1239.PaperSprite : Externally referenced 
[2015.05.05-11.18.19:344][  0]MapCheck:Warning: Warning PaperSprite PaperSpriteComponent /Game/EndlessRunner/Maps/2DSideScrollerExampleMap.2DSideScrollerExampleMap:PersistentLevel.BP_Coin12_1430.PaperSprite : Externally referenced 
[2015.05.05-11.18.19:344][  0]MapCheck:Warning: Warning PaperSprite PaperSpriteComponent /Game/EndlessRunner/Maps/2DSideScrollerExampleMap.2DSideScrollerExampleMap:PersistentLevel.BP_StartLevel_416.PaperSprite : Externally referenced 
[2015.05.05-11.18.19:344][  0]MapCheck:Warning: Warning PaperSprite PaperSpriteComponent /Game/EndlessRunner/Maps/2DSideScrollerExampleMap.2DSideScrollerExampleMap:PersistentLevel.BP_EndLevel_195.PaperSprite : Externally referenced 
[2015.05.05-11.18.19:345][  0]MapCheck:Warning: Warning PaperSprite PaperSpriteComponent /Game/EndlessRunner/Maps/2DSideScrollerExampleMap.2DSideScrollerExampleMap:PersistentLevel.BP_MidLevel_263.PaperSprite : Externally referenced 
[2015.05.05-11.18.19:345][  0]MapCheck:Warning: Warning Asteroid PaperSpriteComponent /Game/EndlessRunner/Maps/2DSideScrollerExampleMap.2DSideScrollerExampleMap:PersistentLevel.BP_Asteroid_C_117.Asteroid : Externally referenced 
[2015.05.05-11.18.19:345][  0]MapCheck:Warning: Warning PaperSprite PaperSpriteComponent /Game/EndlessRunner/Maps/2DSideScrollerExampleMap.2DSideScrollerExampleMap:PersistentLevel.asteroid2_Sprite_322.PaperSprite : Externally referenced 
[2015.05.05-11.18.19:346][  0]MapCheck:Warning: Warning PaperSprite PaperSpriteComponent /Game/EndlessRunner/Maps/2DSideScrollerExampleMap.2DSideScrollerExampleMap:PersistentLevel.asteroid2_Sprite2_501.PaperSprite : Externally referenced 
[2015.05.05-11.18.19:346][  0]MapCheck:Warning: Warning PaperSprite PaperSpriteComponent /Game/EndlessRunner/Maps/2DSideScrollerExampleMap.2DSideScrollerExampleMap:PersistentLevel.asteroid2_Sprite3_158.PaperSprite : Externally referenced 
[2015.05.05-11.18.19:346][  0]MapCheck:Warning: Warning PaperSprite PaperSpriteComponent /Game/EndlessRunner/Maps/2DSideScrollerExampleMap.2DSideScrollerExampleMap:PersistentLevel.asteroid2_Sprite4_227.PaperSprite : Externally referenced 
[2015.05.05-11.18.19:346][  0]MapCheck:Warning: Warning PaperSprite PaperSpriteComponent /Game/EndlessRunner/Maps/2DSideScrollerExampleMap.2DSideScrollerExampleMap:PersistentLevel.asteroid2_Sprite5_288.PaperSprite : Externally referenced 
[2015.05.05-11.18.19:347][  0]MapCheck:Warning: Warning PaperSprite PaperSpriteComponent /Game/EndlessRunner/Maps/2DSideScrollerExampleMap.2DSideScrollerExampleMap:PersistentLevel.asteroid2_Sprite6_371.PaperSprite : Externally referenced 
[2015.05.05-11.18.19:347][  0]MapCheck:Warning: Warning PaperSprite PaperSpriteComponent /Game/EndlessRunner/Maps/2DSideScrollerExampleMap.2DSideScrollerExampleMap:PersistentLevel.asteroid2_Sprite7_422.PaperSprite : Externally referenced 
[2015.05.05-11.18.19:347][  0]MapCheck:Warning: Warning PaperSprite PaperSpriteComponent /Game/EndlessRunner/Maps/2DSideScrollerExampleMap.2DSideScrollerExampleMap:PersistentLevel.asteroid2_Sprite8_497.PaperSprite : Externally referenced 
[2015.05.05-11.18.19:348][  0]MapCheck:Warning: Warning RightEdge PaperSpriteComponent /Game/EndlessRunner/Maps/2DSideScrollerExampleMap.2DSideScrollerExampleMap:PersistentLevel.Gameplay_Screen_C_0.RightEdge : Externally referenced 
[2015.05.05-11.18.19:348][  0]MapCheck:Warning: Warning LeftEdge PaperSpriteComponent /Game/EndlessRunner/Maps/2DSideScrollerExampleMap.2DSideScrollerExampleMap:PersistentLevel.Gameplay_Screen_C_0.LeftEdge : Externally referenced 
[2015.05.05-11.18.19:348][  0]MapCheck:Warning: Warning TopEdge PaperSpriteComponent /Game/EndlessRunner/Maps/2DSideScrollerExampleMap.2DSideScrollerExampleMap:PersistentLevel.Gameplay_Screen_C_0.TopEdge : Externally referenced 
[2015.05.05-11.18.19:349][  0]MapCheck:Warning: Warning BottomEdge PaperSpriteComponent /Game/EndlessRunner/Maps/2DSideScrollerExampleMap.2DSideScrollerExampleMap:PersistentLevel.Gameplay_Screen_C_0.BottomEdge : Externally referenced 
[2015.05.05-11.18.19:349][  0]MapCheck:Warning: Warning RenderComponent PaperSpriteComponent /Game/EndlessRunner/Maps/2DSideScrollerExampleMap.2DSideScrollerExampleMap:PersistentLevel.A0_Sprite_2.RenderComponent : Externally referenced 
[2015.05.05-11.18.19:349][  0]MapCheck:Warning: Warning RenderComponent PaperSpriteComponent /Game/EndlessRunner/Maps/2DSideScrollerExampleMap.2DSideScrollerExampleMap:PersistentLevel.A1_Sprite_17.RenderComponent : Externally referenced 
[2015.05.05-11.18.19:350][  0]MapCheck:Warning: Warning RenderComponent PaperSpriteComponent /Game/EndlessRunner/Maps/2DSideScrollerExampleMap.2DSideScrollerExampleMap:PersistentLevel.A2_Sprite_20.RenderComponent : Externally referenced 
[2015.05.05-11.18.19:350][  0]MapCheck:Warning: Warning RenderComponent PaperSpriteComponent /Game/EndlessRunner/Maps/2DSideScrollerExampleMap.2DSideScrollerExampleMap:PersistentLevel.A3_Sprite_23.RenderComponent : Externally referenced 
[2015.05.05-11.18.19:350][  0]MapCheck:Warning: Warning RenderComponent PaperSpriteComponent /Game/EndlessRunner/Maps/2DSideScrollerExampleMap.2DSideScrollerExampleMap:PersistentLevel.A4_Sprite_26.RenderComponent : Externally referenced 
[2015.05.05-11.18.19:351][  0]MapCheck:Warning: Warning RenderComponent PaperSpriteComponent /Game/EndlessRunner/Maps/2DSideScrollerExampleMap.2DSideScrollerExampleMap:PersistentLevel.A5_Sprite_0.RenderComponent : Externally referenced 
[2015.05.05-11.18.19:351][  0]MapCheck:Warning: Warning RenderComponent PaperSpriteComponent /Game/EndlessRunner/Maps/2DSideScrollerExampleMap.2DSideScrollerExampleMap:PersistentLevel.A6_Sprite_31.RenderComponent : Externally referenced 
[2015.05.05-11.18.19:351][  0]MapCheck:Warning: Warning RenderComponent PaperSpriteComponent /Game/EndlessRunner/Maps/2DSideScrollerExampleMap.2DSideScrollerExampleMap:PersistentLevel.B0_Sprite_5.RenderComponent : Externally referenced 
[2015.05.05-11.18.19:352][  0]MapCheck:Warning: Warning RenderComponent PaperSpriteComponent /Game/EndlessRunner/Maps/2DSideScrollerExampleMap.2DSideScrollerExampleMap:PersistentLevel.B1_Sprite_34.RenderComponent : Externally referenced 
[2015.05.05-11.18.19:352][  0]MapCheck:Warning: Warning RenderComponent PaperSpriteComponent /Game/EndlessRunner/Maps/2DSideScrollerExampleMap.2DSideScrollerExampleMap:PersistentLevel.B2_Sprite_37.RenderComponent : Externally referenced 
[2015.05.05-11.18.19:352][  0]MapCheck:Warning: Warning RenderComponent PaperSpriteComponent /Game/EndlessRunner/Maps/2DSideScrollerExampleMap.2DSideScrollerExampleMap:PersistentLevel.B3_Sprite_40.RenderComponent : Externally referenced 
[2015.05.05-11.18.19:352][  0]MapCheck:Warning: Warning RenderComponent PaperSpriteComponent /Game/EndlessRunner/Maps/2DSideScrollerExampleMap.2DSideScrollerExampleMap:PersistentLevel.B4_Sprite_43.RenderComponent : Externally referenced 
[2015.05.05-11.18.19:353][  0]MapCheck:Warning: Warning RenderComponent PaperSpriteComponent /Game/EndlessRunner/Maps/2DSideScrollerExampleMap.2DSideScrollerExampleMap:PersistentLevel.B5_Sprite_46.RenderComponent : Externally referenced 
[2015.05.05-11.18.19:353][  0]MapCheck:Warning: Warning RenderComponent PaperSpriteComponent /Game/EndlessRunner/Maps/2DSideScrollerExampleMap.2DSideScrollerExampleMap:PersistentLevel.B6_Sprite_49.RenderComponent : Externally referenced 
[2015.05.05-11.18.19:353][  0]MapCheck:Warning: Warning RenderComponent PaperSpriteComponent /Game/EndlessRunner/Maps/2DSideScrollerExampleMap.2DSideScrollerExampleMap:PersistentLevel.C0_Sprite_8.RenderComponent : Externally referenced 
[2015.05.05-11.18.19:354][  0]MapCheck:Warning: Warning RenderComponent PaperSpriteComponent /Game/EndlessRunner/Maps/2DSideScrollerExampleMap.2DSideScrollerExampleMap:PersistentLevel.C1_Sprite_53.RenderComponent : Externally referenced 
[2015.05.05-11.18.19:354][  0]MapCheck:Warning: Warning RenderComponent PaperSpriteComponent /Game/EndlessRunner/Maps/2DSideScrollerExampleMap.2DSideScrollerExampleMap:PersistentLevel.C2_Sprite_56.RenderComponent : Externally referenced 
[2015.05.05-11.18.19:354][  0]MapCheck:Warning: Warning RenderComponent PaperSpriteComponent /Game/EndlessRunner/Maps/2DSideScrollerExampleMap.2DSideScrollerExampleMap:PersistentLevel.C3_Sprite_59.RenderComponent : Externally referenced 
[2015.05.05-11.18.19:355][  0]MapCheck:Warning: Warning RenderComponent PaperSpriteComponent /Game/EndlessRunner/Maps/2DSideScrollerExampleMap.2DSideScrollerExampleMap:PersistentLevel.C4_Sprite_62.RenderComponent : Externally referenced 
[2015.05.05-11.18.19:355][  0]MapCheck:Warning: Warning RenderComponent PaperSpriteComponent /Game/EndlessRunner/Maps/2DSideScrollerExampleMap.2DSideScrollerExampleMap:PersistentLevel.C5_Sprite_65.RenderComponent : Externally referenced 
[2015.05.05-11.18.19:355][  0]MapCheck:Warning: Warning RenderComponent PaperSpriteComponent /Game/EndlessRunner/Maps/2DSideScrollerExampleMap.2DSideScrollerExampleMap:PersistentLevel.C6_Sprite_68.RenderComponent : Externally referenced 
[2015.05.05-11.18.19:356][  0]MapCheck:Warning: Warning RenderComponent PaperSpriteComponent /Game/EndlessRunner/Maps/2DSideScrollerExampleMap.2DSideScrollerExampleMap:PersistentLevel.D0_Sprite_14.RenderComponent : Externally referenced 
[2015.05.05-11.18.19:356][  0]MapCheck:Warning: Warning RenderComponent PaperSpriteComponent /Game/EndlessRunner/Maps/2DSideScrollerExampleMap.2DSideScrollerExampleMap:PersistentLevel.D1_Sprite_71.RenderComponent : Externally referenced 
[2015.05.05-11.18.19:356][  0]MapCheck:Warning: Warning RenderComponent PaperSpriteComponent /Game/EndlessRunner/Maps/2DSideScrollerExampleMap.2DSideScrollerExampleMap:PersistentLevel.D2_Sprite_74.RenderComponent : Externally referenced 
[2015.05.05-11.18.19:357][  0]MapCheck:Warning: Warning RenderComponent PaperSpriteComponent /Game/EndlessRunner/Maps/2DSideScrollerExampleMap.2DSideScrollerExampleMap:PersistentLevel.D3_Sprite_77.RenderComponent : Externally referenced 
[2015.05.05-11.18.19:357][  0]MapCheck:Warning: Warning RenderComponent PaperSpriteComponent /Game/EndlessRunner/Maps/2DSideScrollerExampleMap.2DSideScrollerExampleMap:PersistentLevel.D4_Sprite_80.RenderComponent : Externally referenced 
[2015.05.05-11.18.19:357][  0]MapCheck:Warning: Warning RenderComponent PaperSpriteComponent /Game/EndlessRunner/Maps/2DSideScrollerExampleMap.2DSideScrollerExampleMap:PersistentLevel.D5_Sprite_83.RenderComponent : Externally referenced 
[2015.05.05-11.18.19:358][  0]MapCheck:Warning: Warning RenderComponent PaperSpriteComponent /Game/EndlessRunner/Maps/2DSideScrollerExampleMap.2DSideScrollerExampleMap:PersistentLevel.D6_Sprite_89.RenderComponent : Externally referenced 
[2015.05.05-11.18.19:358][  0]MapCheck: Info Map check complete: 0 Error(s), 89 Warning(s), took 156.568ms to complete.
[2015.05.05-11.18.19:370][  0]LogFileHelpers: Loading map '2DSideScrollerExampleMap' took 1.503
[2015.05.05-11.18.19:491][  0]LogCollectionManager: Loaded 0 collections in 0.001474 seconds
[2015.05.05-11.18.19:501][  0]LogContentBrowser: Native class hierarchy populated in 0.0096 seconds. Added 1697 classes and 263 folders.
[2015.05.05-11.18.19:555][  0]LogContentBrowser: Native class hierarchy updated for 'SceneOutliner' in 0.0055 seconds. Added 1 classes and 2 folders.
[2015.05.05-11.18.19:612][  0]LogCrashTracker: Crashtracker disabled due to settings.
[2015.05.05-11.18.19:614][  0]LogSlate:Warning: Failed to load font data from 'Veranda'
[2015.05.05-11.18.19:651][  0]LogLoad: Full Startup: 14.38 seconds (BP compile: 0.41 seconds)
[2015.05.05-11.18.19:682][  0]LogContentBrowser:Verbose: The content browser source was changed by the sources view to '/Game/EndlessRunner/Blueprints'
[2015.05.05-11.18.19:864][  0]LogRenderer:Warning: Reallocating scene render targets to support 1208x576 (Frame:2).
[2015.05.05-11.18.20:167][  3]LogAssetRegistry: Asset discovery search completed in 3.8898 seconds
[2015.05.05-11.18.23:931][400]LogPlayLevel: PIE:  No blueprints needed recompiling
[2015.05.05-11.18.23:931][400]PIE: New page: PIE session: 2DSideScrollerExampleMap (6 May 2015 7:18:23 am)
[2015.05.05-11.18.23:940][400]LogPlayLevel: PIE: StaticDuplicateObject took: (0.007537s)
[2015.05.05-11.18.23:940][400]LogPlayLevel: PIE: World Init took: (0.000539s)
[2015.05.05-11.18.23:941][400]LogPlayLevel: PIE: Created PIE world by copying editor world from /Game/EndlessRunner/Maps/2DSideScrollerExampleMap.2DSideScrollerExampleMap to /Game/EndlessRunner/Maps/UEDPIE_0_2DSideScrollerExampleMap.2DSideScrollerExampleMap (0.009049s)
[2015.05.05-11.18.23:987][400]LogWorld: Game class is 'RunGameMode_C'
[2015.05.05-11.18.23:989][400]LogAIModule: Creating AISystem for world 2DSideScrollerExampleMap
[2015.05.05-11.18.24:001][400]LogWorld: Bringing World /Game/EndlessRunner/Maps/UEDPIE_0_2DSideScrollerExampleMap.2DSideScrollerExampleMap up for play (max tick rate 0) at 2015.05.05-21.18.24
[2015.05.05-11.18.24:003][400]LogWorld: Bringing up level for play took: 0.012858
[2015.05.05-11.18.24:009][400]PIE: Info Play in editor start time for /Game/EndlessRunner/Maps/UEDPIE_0_2DSideScrollerExampleMap 0.158
[2015.05.05-11.18.28:631][951]Cmd: RestartLevel
[2015.05.05-11.18.28:643][952]LogNet: Browse: /Game/EndlessRunner/Maps/2DSideScrollerExampleMap?restart
[2015.05.05-11.18.28:644][952]LogLoad: LoadMap: /Game/EndlessRunner/Maps/2DSideScrollerExampleMap
[2015.05.05-11.18.28:648][952]LogActorComponent: UnregisterComponent: (/Engine/Transient.ProjectileMovementComponent_1) Not registered. Aborting.
[2015.05.05-11.18.28:660][952]LogParticles: Destroying 0 GPU particle simulations for FXSystem 0x000000001BC99D00
[2015.05.05-11.18.28:666][952]Cmd: MEM
[2015.05.05-11.18.28:674][952]LogMemory: Platform Memory Stats for Windows
[2015.05.05-11.18.28:675][952]LogMemory: Process Physical Memory: 470.02 MB used, 501.02 MB peak
[2015.05.05-11.18.28:675][952]LogMemory: Process Virtual Memory: 376.34 MB used, 423.14 MB peak
[2015.05.05-11.18.28:675][952]LogMemory: Physical Memory: 5736.09 MB used, 32720.52 MB total
[2015.05.05-11.18.28:676][952]LogMemory: Virtual Memory: 928.69 MB used, 8388608.00 MB total
[2015.05.05-11.18.28:676][952]LogMemory: 
[2015.05.05-11.18.28:676][952]Allocator Stats for TBB: (not implemented)
[2015.05.05-11.18.28:684][952]LogPlayLevel: PIE: StaticDuplicateObject took: (0.007402s)
[2015.05.05-11.18.28:684][952]LogPlayLevel: PIE: World Init took: (0.000532s)
[2015.05.05-11.18.28:685][952]LogPlayLevel: PIE: Created PIE world by copying editor world from /Game/EndlessRunner/Maps/2DSideScrollerExampleMap.2DSideScrollerExampleMap to /Game/EndlessRunner/Maps/UEDPIE_0_2DSideScrollerExampleMap.2DSideScrollerExampleMap (0.008547s)
[2015.05.05-11.18.28:685][952]LogWorld: Game class is 'RunGameMode_C'
[2015.05.05-11.18.28:687][952]LogAIModule: Creating AISystem for world 2DSideScrollerExampleMap
[2015.05.05-11.18.28:699][952]LogWorld: Bringing World /Game/EndlessRunner/Maps/UEDPIE_0_2DSideScrollerExampleMap.2DSideScrollerExampleMap up for play (max tick rate 0) at 2015.05.05-21.18.28
[2015.05.05-11.18.28:700][952]LogWorld: Bringing up level for play took: 0.012434
[2015.05.05-11.18.35:601][773]LogParticles: Destroying 0 GPU particle simulations for FXSystem 0x000000000AA15EE0
[2015.05.05-11.18.42:163][557]LogPlayLevel: PIE:  No blueprints needed recompiling
[2015.05.05-11.18.42:164][557]PIE: New page: PIE session: 2DSideScrollerExampleMap (6 May 2015 7:18:42 am)
[2015.05.05-11.18.42:172][557]LogPlayLevel: PIE: StaticDuplicateObject took: (0.007485s)
[2015.05.05-11.18.42:173][557]LogPlayLevel: PIE: World Init took: (0.000536s)
[2015.05.05-11.18.42:173][557]LogPlayLevel: PIE: Created PIE world by copying editor world from /Game/EndlessRunner/Maps/2DSideScrollerExampleMap.2DSideScrollerExampleMap to /Game/EndlessRunner/Maps/UEDPIE_0_2DSideScrollerExampleMap.2DSideScrollerExampleMap (0.008772s)
[2015.05.05-11.18.42:203][557]LogWorld: Game class is 'RunGameMode_C'
[2015.05.05-11.18.42:205][557]LogAIModule: Creating AISystem for world 2DSideScrollerExampleMap
[2015.05.05-11.18.42:217][557]LogWorld: Bringing World /Game/EndlessRunner/Maps/UEDPIE_0_2DSideScrollerExampleMap.2DSideScrollerExampleMap up for play (max tick rate 0) at 2015.05.05-21.18.42
[2015.05.05-11.18.42:219][557]LogWorld: Bringing up level for play took: 0.012828
[2015.05.05-11.18.42:221][557]PIE: Info Play in editor start time for /Game/EndlessRunner/Maps/UEDPIE_0_2DSideScrollerExampleMap 0.367
[2015.05.05-11.18.50:864][590]Cmd: RestartLevel
[2015.05.05-11.18.50:871][591]LogNet: Browse: /Game/EndlessRunner/Maps/2DSideScrollerExampleMap?restart
[2015.05.05-11.18.50:876][591]LogLoad: LoadMap: /Game/EndlessRunner/Maps/2DSideScrollerExampleMap
[2015.05.05-11.18.50:888][591]LogParticles: Destroying 0 GPU particle simulations for FXSystem 0x000000000C0DECA0
[2015.05.05-11.18.50:888][591]Cmd: MEM
[2015.05.05-11.18.50:896][591]LogMemory: Platform Memory Stats for Windows
[2015.05.05-11.18.50:897][591]LogMemory: Process Physical Memory: 470.43 MB used, 501.02 MB peak
[2015.05.05-11.18.50:897][591]LogMemory: Process Virtual Memory: 376.27 MB used, 423.14 MB peak
[2015.05.05-11.18.50:897][591]LogMemory: Physical Memory: 5720.22 MB used, 32720.52 MB total
[2015.05.05-11.18.50:897][591]LogMemory: Virtual Memory: 923.69 MB used, 8388608.00 MB total
[2015.05.05-11.18.50:897][591]LogMemory: 
[2015.05.05-11.18.50:898][591]Allocator Stats for TBB: (not implemented)
[2015.05.05-11.18.50:905][591]LogPlayLevel: PIE: StaticDuplicateObject took: (0.007442s)
[2015.05.05-11.18.50:906][591]LogPlayLevel: PIE: World Init took: (0.000534s)
[2015.05.05-11.18.50:906][591]LogPlayLevel: PIE: Created PIE world by copying editor world from /Game/EndlessRunner/Maps/2DSideScrollerExampleMap.2DSideScrollerExampleMap to /Game/EndlessRunner/Maps/UEDPIE_0_2DSideScrollerExampleMap.2DSideScrollerExampleMap (0.008574s)
[2015.05.05-11.18.50:907][591]LogWorld: Game class is 'RunGameMode_C'
[2015.05.05-11.18.50:909][591]LogAIModule: Creating AISystem for world 2DSideScrollerExampleMap
[2015.05.05-11.18.50:921][591]LogWorld: Bringing World /Game/EndlessRunner/Maps/UEDPIE_0_2DSideScrollerExampleMap.2DSideScrollerExampleMap up for play (max tick rate 0) at 2015.05.05-21.18.50
[2015.05.05-11.18.50:922][591]LogWorld: Bringing up level for play took: 0.012514
[2015.05.05-11.18.56:799][282]LogParticles: Destroying 0 GPU particle simulations for FXSystem 0x000000000AA162A0
[2015.05.05-11.19.33:764][700]LogEditorViewport: Clicking on Actor (LMB): BP_StartLevel_C (BP_StartLevel)
[2015.05.05-11.19.39:763][288]LogRenderer:Warning: Reallocating scene render targets to support 1208x712 (Frame:9515).
[2015.05.05-11.19.48:625][296]LogActorComponent: ReregisterComponent: (/Game/EndlessRunner/Blueprints/BP_EndLevel.BP_EndLevel_C:PaperSpriteComponent_1) Not currently registered. Aborting.
[2015.05.05-11.19.48:627][296]LogActorComponent: ReregisterComponent: (/Game/EndlessRunner/Blueprints/BP_MidLevel.BP_MidLevel_C:PaperSpriteComponent_1) Not currently registered. Aborting.
[2015.05.05-11.19.54:972][ 31]BlueprintLog: New page: Compile BP_StartLevel
[2015.05.05-11.19.55:085][ 31]LogActorComponent: UnregisterComponent: (/Engine/Transient.ProjectileMovementComponent_1) Not registered. Aborting.
[2015.05.05-11.19.55:190][ 31]BlueprintEditorCompileResults: Info [0109.90] Compile of BP_StartLevel successful! [in 216 ms]
[2015.05.05-11.19.55:526][ 63]LogSCSEditor: Calling UpdateTree() from Tick().
[2015.05.05-11.19.57:374][261]BlueprintLog: New page: Pre-PIE auto-recompile
[2015.05.05-11.19.57:378][261]LogPlayLevel: [PIE] Compiling RunGameMode before PIE...
[2015.05.05-11.19.57:486][261]LogPlayLevel: [PIE] Compiling BP_StartLevel before PIE...
[2015.05.05-11.19.57:683][261]LogPlayLevel: [PIE] Compiling BP_EndLevel before PIE...
[2015.05.05-11.19.57:723][261]LogPlayLevel: [PIE] Compiling BP_MidLevel before PIE...
[2015.05.05-11.19.57:777][261]LogPlayLevel: PIE:  Blueprint regeneration took 402 ms (4 blueprints)
[2015.05.05-11.19.57:778][261]PIE: New page: PIE session: 2DSideScrollerExampleMap (6 May 2015 7:19:57 am)
[2015.05.05-11.19.57:786][261]LogPlayLevel: PIE: StaticDuplicateObject took: (0.007566s)
[2015.05.05-11.19.57:787][261]LogPlayLevel: PIE: World Init took: (0.000570s)
[2