Log file open, 05/07/15 23:03:18
LogInit:Display: Running engine for game: SpaceRace
LogInit: Version: 4.7.6-2513093+++depot+UE4-Releases+4.7
LogInit: API Version: 2455222
LogInit: Compiled (64-bit): Apr 15 2015 12:09:54
LogInit: Compiled with Visual C++: 18.00.21005.01
LogInit: Build Configuration: Development
LogInit: Branch Name: ++depot+UE4-Releases+4.7
LogInit: Command line:  
LogInit: Base directory: C:/Program Files/Epic Games/4.7/Engine/Binaries/Win64/
LogInit: Rocket: 1
[2015.05.07-13.03.18:541][  0]LogTaskGraph: Started task graph with 3 named threads and 6 total threads.
[2015.05.07-13.03.18:604][  0]LogOnline:Warning: No default platform service specified for OnlineSubsystem
[2015.05.07-13.03.18:628][  0]LogInit: Presizing for 0 objects not considered by GC, pre-allocating 0 bytes.
[2015.05.07-13.03.18:637][  0]LogInit: Object subsystem initialized
[2015.05.07-13.03.18:639][  0]LogConsoleResponse:Warning: Skipping Unknown console variable: 'TranslucentSortAxis = (X=0.000000,Y=-1.000000,Z=0.000000)'
[2015.05.07-13.03.18:639][  0]LogConsoleResponse:Warning:   Found in ini file 'C:/Users/Michael Herbert/Documents/GitHub/SpaceRace/Saved/Config/Windows/Engine.ini', in section '[/Script/Engine.RendererSettings]'
[2015.05.07-13.03.18:639][  0]LogConsoleResponse:Warning: Skipping Unknown console variable: 'UIScaleRule = ShortestSide'
[2015.05.07-13.03.18:639][  0]LogConsoleResponse:Warning:   Found in ini file 'C:/Users/Michael Herbert/Documents/GitHub/SpaceRace/Saved/Config/Windows/Engine.ini', in section '[/Script/Engine.RendererSettings]'
[2015.05.07-13.03.18:639][  0]LogConsoleResponse:Warning: Skipping Unknown console variable: 'UIScaleCurve = (EditorCurveData=(Keys=),ExternalCurve=None)'
[2015.05.07-13.03.18:639][  0]LogConsoleResponse:Warning:   Found in ini file 'C:/Users/Michael Herbert/Documents/GitHub/SpaceRace/Saved/Config/Windows/Engine.ini', in section '[/Script/Engine.RendererSettings]'
[2015.05.07-13.03.18:639][  0]LogInit: Selected Device Profile: [Windows]
[2015.05.07-13.03.18:639][  0]LogInit: Applying CVar settings loaded from the selected device profile: [Windows]
[2015.05.07-13.03.18:646][  0]LogInit: Computer: MICHAELHERBERT
[2015.05.07-13.03.18:646][  0]LogInit: User: MichaelHerbert
[2015.05.07-13.03.18:646][  0]LogInit: CPU Page size=4096, Cores=4
[2015.05.07-13.03.18:646][  0]LogInit: High frequency timer resolution =3.515664 MHz
[2015.05.07-13.03.18:646][  0]LogMemory: Memory total: Physical=15.9GB (16GB approx) Virtual=8192.0GB
[2015.05.07-13.03.18:646][  0]LogMemory: Platform Memory Stats for Windows
[2015.05.07-13.03.18:646][  0]LogMemory: Process Physical Memory: 47.97 MB used, 47.97 MB peak
[2015.05.07-13.03.18:646][  0]LogMemory: Process Virtual Memory: 26.37 MB used, 26.37 MB peak
[2015.05.07-13.03.18:646][  0]LogMemory: Physical Memory: 5161.10 MB used, 16244.83 MB total
[2015.05.07-13.03.18:646][  0]LogMemory: Virtual Memory: 278.72 MB used, 8388608.00 MB total
[2015.05.07-13.03.18:663][  0]LogD3D11RHI: Found D3D11 adapter 0: Intel(R) HD Graphics 4600 (Feature Level 11_0)
[2015.05.07-13.03.18:663][  0]LogD3D11RHI: Adapter has 64MB of dedicated video memory, 0MB of dedicated system memory, and 1632MB of shared system memory, 1 output[s]
[2015.05.07-13.03.18:663][  0]LogD3D11RHI: Chosen D3D11 Adapter Id = 0
[2015.05.07-13.03.18:667][  0]LogRHI: Texture pool is 616 MB (70% of 880 MB)
[2015.05.07-13.03.18:672][  0]LogD3D11RHI: Async texture creation enabled
[2015.05.07-13.03.18:725][  0]LogTextLocalizationManager: The requested culture ('en_AU') has no localization data; parent culture's ('en') localization data will be used.
[2015.05.07-13.03.18:771][  0]LogTextLocalizationManager:Warning: Loading localization resources contain conflicting entries for (Namespace:UICommands, Key:Save_ToolTip):
Resource: (C:/Program Files/Epic Games/4.7/Engine/Content/Localization/Editor/en/Editor.locres) Hash: (-29098895) String: (Saves the current level to disk)
Resource: (C:/Program Files/Epic Games/4.7/Engine/Content/Localization/Engine/en/Engine.locres) Hash: (-1280300587) String: (Save selected data to vlog file)
[2015.05.07-13.03.18:772][  0]LogTextLocalizationManager:Warning: Loading localization resources contain conflicting entries for (Namespace:ContentBrowser, Key:ImportAssetToolTip):
Resource: (C:/Program Files/Epic Games/4.7/Engine/Content/Localization/Editor/en/Editor.locres) Hash: (-630476809) String: (Import to {0}...)
Resource: (C:/Program Files/Epic Games/4.7/Engine/Content/Localization/Editor/en/Editor.locres) Hash: (1271782899) String: (Imports an asset from file to this folder.)
[2015.05.07-13.03.18:839][  0]LogContentStreaming: Texture pool size is 0.000000MB
[2015.05.07-13.03.20:721][  0]LogTargetPlatformManager:Display: Building Assets For Windows
[2015.05.07-13.03.21:134][  0]LogTargetPlatformManager:Display: Building Assets For Windows
[2015.05.07-13.03.21:183][  0]LogDerivedDataCache:Display: Max Cache Size: 512 MB
[2015.05.07-13.03.21:305][  0]LogDerivedDataCache: Loaded boot cache 0.12s 39MB C:/Users/Michael Herbert/AppData/Local/UnrealEngine/4.7/DerivedDataCache/Boot.ddc.
[2015.05.07-13.03.21:305][  0]LogDerivedDataCache:Display: Loaded Boot cache: C:/Users/Michael Herbert/AppData/Local/UnrealEngine/4.7/DerivedDataCache/Boot.ddc
[2015.05.07-13.03.21:305][  0]LogDerivedDataCache: FDerivedDataBackendGraph:  Pak pak cache file ../../../../../../Users/Michael Herbert/Documents/GitHub/SpaceRace/DerivedDataCache/DDC.ddp not found, will not use a pak cache.
[2015.05.07-13.03.21:305][  0]LogDerivedDataCache: Unable to find inner node Pak for hierarchical cache Hierarchy.
[2015.05.07-13.03.21:408][  0]LogDerivedDataCache:Display: Pak cache opened for reading ../../../Engine/DerivedDataCache/Compressed.ddp.
[2015.05.07-13.03.21:419][  0]LogDerivedDataCache: Using Local data cache path C:/Users/Michael Herbert/AppData/Local/UnrealEngine/Common/DerivedDataCache: Writable
[2015.05.07-13.03.21:738][  0]LogMeshUtilities: No automatic mesh reduction module available
[2015.05.07-13.03.21:738][  0]LogMeshUtilities: No automatic mesh merging module available
[2015.05.07-13.03.22:221][  0]LogInit: WinSock: version 1.1 (2.2), MaxSocks=32767, MaxUdp=65467
[2015.05.07-13.03.22:286][  0]LogSlate:Warning: Failed to load font data from '../../../Engine/Content/Slate/Fonts/Roboto-Italic.ttf'
[2015.05.07-13.03.23:341][  0]UdpMessaging: Initializing bridge on interface 0.0.0.0:0 to multicast group 230.0.0.1:6666.
[2015.05.07-13.03.23:543][  0]SourceControl: Info Source control is disabled
[2015.05.07-13.03.23:543][  0]SourceControl: Info Source control is disabled
[2015.05.07-13.03.23:543][  0]SourceControl: Info Source control is disabled
[2015.05.07-13.03.23:543][  0]LogSourceControl: RunCommandInternalRaw: 'git version'
[2015.05.07-13.03.23:543][  0]LogSourceControl: RunCommandInternalRaw: ExecProcess ReturnCode=2 OutResults=''
[2015.05.07-13.03.23:550][  0]SourceControl: Info Source control is disabled
[2015.05.07-13.03.23:709][  0]LogObj: 24236 objects as part of root set at end of initial load.
[2015.05.07-13.03.23:709][  0]LogUObjectAllocator: 5138808 out of 0 bytes used by permanent object pool.
[2015.05.07-13.03.23:776][  0]LogEngine: Initializing Engine...
[2015.05.07-13.03.25:994][  0]LogInit: XAudio2 using 'Speakers (Realtek High Definition Audio)' : 2 channels at 48 kHz using 32 bits per sample (channel mask 0x3)
[2015.05.07-13.03.26:002][  0]LogInit: FAudioDevice initialized.
[2015.05.07-13.03.26:031][  0]LogAIModule: Creating AISystem for world NewWorld
[2015.05.07-13.03.26:051][  0]LogDerivedDataCache: Saved boot cache 0.02s 39MB C:/Users/Michael Herbert/AppData/Local/UnrealEngine/4.7/DerivedDataCache/Boot.ddc.
[2015.05.07-13.03.26:053][  0]LogInit: Texture streaming: Enabled
[2015.05.07-13.03.26:131][  0]LogAnalytics: Creating configured Analytics provider AnalyticsET
[2015.05.07-13.03.26:131][  0]LogAnalytics: ET APIKey = Rocket.Release. APIServer = http://et2.epicgames.com/ET2/. AppVersion = 4.7.6-2513093+++depot+UE4-Releases+4.7
[2015.05.07-13.03.26:131][  0]LogAnalytics: ET APIKey = Rocket.Release. DataRouterUploadURL = https://datarouter-public-service-gamedev.ol.epicgames.net/datarouter/api/v1/public/data. AppVersion = 4.7.6-2513093+++depot+UE4-Releases+4.7
[2015.05.07-13.03.26:131][  0]LogAnalytics: SetUserId 0f88b27845e758115f4ad7ad96ed6ef6|51fe2412c8b74b02bd802614c621f646|4b488e6f-c617-4327-aaf9-74763d8f78d1
[2015.05.07-13.03.26:131][  0]LogAnalytics: AnalyticsET::StartSession [Rocket.Release]
[2015.05.07-13.03.26:149][  0]LogInit: Transaction tracking system initialized
[2015.05.07-13.03.26:286][  0]BlueprintLog: New page: Editor Load
[2015.05.07-13.03.26:316][  0]LogAssetRegistry: FAssetRegistry took 0.0103 seconds to start up
[2015.05.07-13.03.26:316][  0]LogDirectoryWatcher:Warning: Failed to begin reading directory changes for ../../../Engine/Plugins/Experimental/CharacterAI/Content/. Error: 0
[2015.05.07-13.03.26:750][  0]LogTargetPlatformManager:Display: Building Assets For Windows
[2015.05.07-13.03.27:061][  0]LogTargetPlatformManager:Display: Building Assets For Windows
[2015.05.07-13.03.27:262][  0]LogSlate:Warning: Failed to load font data from '../../../Engine/Content/Editor/Slate/Fonts/Roboto-Regular.ttf'
[2015.05.07-13.03.27:263][  0]LogSlate:Warning: Failed to load font data from '../../../Engine/Content/Editor/Slate/Fonts/Roboto-Bold.ttf'
[2015.05.07-13.03.27:268][  0]LogConsoleResponse:Display: 
[2015.05.07-13.03.27:414][  0]LogCook:Display: Done creating registry. It took  0.00s.
[2015.05.07-13.03.27:530][  0]SourceControl: Info Source control is disabled
[2015.05.07-13.03.27:530][  0]Cmd: MAP LOAD FILE="../../../../../../Users/Michael Herbert/Documents/GitHub/SpaceRace/Content/EndlessRunner/Maps/2DSideScrollerExampleMap.umap" TEMPLATE=0 SHOWPROGRESS=1 FEATURELEVEL=3
[2015.05.07-13.03.27:531][  0]LightingResults: New page: Lighting Build
[2015.05.07-13.03.27:541][  0]MapCheck: New page: Map Check
[2015.05.07-13.03.27:541][  0]LightingResults: New page: Lighting Build
[2015.05.07-13.03.27:546][  0]LogParticles: Destroying 0 GPU particle simulations for FXSystem 0x0000000013232980
[2015.05.07-13.03.28:939][  0]LogEditorServer: Finished looking for orphan Actors (0.000 secs)
[2015.05.07-13.03.28:939][  0]LogAIModule: Creating AISystem for world 2DSideScrollerExampleMap
[2015.05.07-13.03.28:940][  0]Cmd: MAP CHECKDEP
[2015.05.07-13.03.28:940][  0]MapCheck: New page: 2DSideScrollerExampleMap - 8 May 2015 9:03:28 am
[2015.05.07-13.03.29:063][  0]MapCheck:Warning: Warning Sprite0 PaperFlipbookComponent /Game/EndlessRunner/Maps/2DSideScrollerExampleMap.2DSideScrollerExampleMap:PersistentLevel.ShipCharacter_C_0.Sprite0 : Externally referenced 
[2015.05.07-13.03.29:063][  0]MapCheck:Warning: Warning PaperSprite PaperSpriteComponent /Game/EndlessRunner/Maps/2DSideScrollerExampleMap.2DSideScrollerExampleMap:PersistentLevel.BP_Coin_C_550.PaperSprite : Externally referenced 
[2015.05.07-13.03.29:063][  0]MapCheck:Warning: Warning PaperSprite PaperSpriteComponent /Game/EndlessRunner/Maps/2DSideScrollerExampleMap.2DSideScrollerExampleMap:PersistentLevel.BP_Coin_C_551.PaperSprite : Externally referenced 
[2015.05.07-13.03.29:063][  0]MapCheck:Warning: Warning PaperSprite PaperSpriteComponent /Game/EndlessRunner/Maps/2DSideScrollerExampleMap.2DSideScrollerExampleMap:PersistentLevel.BP_Coin_C_552.PaperSprite : Externally referenced 
[2015.05.07-13.03.29:063][  0]MapCheck:Warning: Warning PaperSprite PaperSpriteComponent /Game/EndlessRunner/Maps/2DSideScrollerExampleMap.2DSideScrollerExampleMap:PersistentLevel.BP_Coin_C_553.PaperSprite : Externally referenced 
[2015.05.07-13.03.29:063][  0]MapCheck:Warning: Warning PaperSprite PaperSpriteComponent /Game/EndlessRunner/Maps/2DSideScrollerExampleMap.2DSideScrollerExampleMap:PersistentLevel.BP_Coin_C_554.PaperSprite : Externally referenced 
[2015.05.07-13.03.29:063][  0]MapCheck:Warning: Warning PaperSprite PaperSpriteComponent /Game/EndlessRunner/Maps/2DSideScrollerExampleMap.2DSideScrollerExampleMap:PersistentLevel.BP_Coin_C_555.PaperSprite : Externally referenced 
[2015.05.07-13.03.29:063][  0]MapCheck:Warning: Warning PaperSprite PaperSpriteComponent /Game/EndlessRunner/Maps/2DSideScrollerExampleMap.2DSideScrollerExampleMap:PersistentLevel.BP_Coin_C_556.PaperSprite : Externally referenced 
[2015.05.07-13.03.29:063][  0]MapCheck:Warning: Warning PaperSprite PaperSpriteComponent /Game/EndlessRunner/Maps/2DSideScrollerExampleMap.2DSideScrollerExampleMap:PersistentLevel.BP_Coin_C_557.PaperSprite : Externally referenced 
[2015.05.07-13.03.29:063][  0]MapCheck:Warning: Warning PaperSprite PaperSpriteComponent /Game/EndlessRunner/Maps/2DSideScrollerExampleMap.2DSideScrollerExampleMap:PersistentLevel.BP_Coin_C_558.PaperSprite : Externally referenced 
[2015.05.07-13.03.29:063][  0]MapCheck:Warning: Warning PaperSprite PaperSpriteComponent /Game/EndlessRunner/Maps/2DSideScrollerExampleMap.2DSideScrollerExampleMap:PersistentLevel.BP_Coin_C_559.PaperSprite : Externally referenced 
[2015.05.07-13.03.29:063][  0]MapCheck:Warning: Warning PaperSprite PaperSpriteComponent /Game/EndlessRunner/Maps/2DSideScrollerExampleMap.2DSideScrollerExampleMap:PersistentLevel.BP_Coin_C_560.PaperSprite : Externally referenced 
[2015.05.07-13.03.29:063][  0]MapCheck:Warning: Warning PaperSprite PaperSpriteComponent /Game/EndlessRunner/Maps/2DSideScrollerExampleMap.2DSideScrollerExampleMap:PersistentLevel.BP_Coin_C_1023.PaperSprite : Externally referenced 
[2015.05.07-13.03.29:064][  0]MapCheck:Warning: Warning PaperSprite PaperSpriteComponent /Game/EndlessRunner/Maps/2DSideScrollerExampleMap.2DSideScrollerExampleMap:PersistentLevel.BP_Coin_C_1024.PaperSprite : Externally referenced 
[2015.05.07-13.03.29:064][  0]MapCheck:Warning: Warning PaperSprite PaperSpriteComponent /Game/EndlessRunner/Maps/2DSideScrollerExampleMap.2DSideScrollerExampleMap:PersistentLevel.BP_Coin_C_1025.PaperSprite : Externally referenced 
[2015.05.07-13.03.29:064][  0]MapCheck:Warning: Warning PaperSprite PaperSpriteComponent /Game/EndlessRunner/Maps/2DSideScrollerExampleMap.2DSideScrollerExampleMap:PersistentLevel.BP_Coin_C_1026.PaperSprite : Externally referenced 
[2015.05.07-13.03.29:064][  0]MapCheck:Warning: Warning PaperSprite PaperSpriteComponent /Game/EndlessRunner/Maps/2DSideScrollerExampleMap.2DSideScrollerExampleMap:PersistentLevel.BP_Coin_C_1027.PaperSprite : Externally referenced 
[2015.05.07-13.03.29:064][  0]MapCheck:Warning: Warning PaperSprite PaperSpriteComponent /Game/EndlessRunner/Maps/2DSideScrollerExampleMap.2DSideScrollerExampleMap:PersistentLevel.BP_Coin_C_1028.PaperSprite : Externally referenced 
[2015.05.07-13.03.29:064][  0]MapCheck:Warning: Warning PaperSprite PaperSpriteComponent /Game/EndlessRunner/Maps/2DSideScrollerExampleMap.2DSideScrollerExampleMap:PersistentLevel.BP_Coin_C_1029.PaperSprite : Externally referenced 
[2015.05.07-13.03.29:064][  0]MapCheck:Warning: Warning PaperSprite PaperSpriteComponent /Game/EndlessRunner/Maps/2DSideScrollerExampleMap.2DSideScrollerExampleMap:PersistentLevel.BP_Coin_C_1030.PaperSprite : Externally referenced 
[2015.05.07-13.03.29:064][  0]MapCheck:Warning: Warning PaperSprite PaperSpriteComponent /Game/EndlessRunner/Maps/2DSideScrollerExampleMap.2DSideScrollerExampleMap:PersistentLevel.BP_Coin_C_1031.PaperSprite : Externally referenced 
[2015.05.07-13.03.29:064][  0]MapCheck:Warning: Warning PaperSprite PaperSpriteComponent /Game/EndlessRunner/Maps/2DSideScrollerExampleMap.2DSideScrollerExampleMap:PersistentLevel.BP_Coin_C_1032.PaperSprite : Externally referenced 
[2015.05.07-13.03.29:064][  0]MapCheck:Warning: Warning PaperSprite PaperSpriteComponent /Game/EndlessRunner/Maps/2DSideScrollerExampleMap.2DSideScrollerExampleMap:PersistentLevel.BP_Coin_C_1033.PaperSprite : Externally referenced 
[2015.05.07-13.03.29:064][  0]MapCheck:Warning: Warning PaperSprite PaperSpriteComponent /Game/EndlessRunner/Maps/2DSideScrollerExampleMap.2DSideScrollerExampleMap:PersistentLevel.BP_Coin_C_1408.PaperSprite : Externally referenced 
[2015.05.07-13.03.29:064][  0]MapCheck:Warning: Warning PaperSprite PaperSpriteComponent /Game/EndlessRunner/Maps/2DSideScrollerExampleMap.2DSideScrollerExampleMap:PersistentLevel.BP_Coin_C_1409.PaperSprite : Externally referenced 
[2015.05.07-13.03.29:064][  0]MapCheck:Warning: Warning PaperSprite PaperSpriteComponent /Game/EndlessRunner/Maps/2DSideScrollerExampleMap.2DSideScrollerExampleMap:PersistentLevel.BP_Coin_C_1410.PaperSprite : Externally referenced 
[2015.05.07-13.03.29:064][  0]MapCheck:Warning: Warning PaperSprite PaperSpriteComponent /Game/EndlessRunner/Maps/2DSideScrollerExampleMap.2DSideScrollerExampleMap:PersistentLevel.BP_Coin_C_1411.PaperSprite : Externally referenced 
[2015.05.07-13.03.29:064][  0]MapCheck:Warning: Warning PaperSprite PaperSpriteComponent /Game/EndlessRunner/Maps/2DSideScrollerExampleMap.2DSideScrollerExampleMap:PersistentLevel.BP_Coin_C_1412.PaperSprite : Externally referenced 
[2015.05.07-13.03.29:064][  0]MapCheck:Warning: Warning PaperSprite PaperSpriteComponent /Game/EndlessRunner/Maps/2DSideScrollerExampleMap.2DSideScrollerExampleMap:PersistentLevel.BP_Coin_C_1413.PaperSprite : Externally referenced 
[2015.05.07-13.03.29:065][  0]MapCheck:Warning: Warning PaperSprite PaperSpriteComponent /Game/EndlessRunner/Maps/2DSideScrollerExampleMap.2DSideScrollerExampleMap:PersistentLevel.BP_Coin_C_1414.PaperSprite : Externally referenced 
[2015.05.07-13.03.29:065][  0]MapCheck:Warning: Warning PaperSprite PaperSpriteComponent /Game/EndlessRunner/Maps/2DSideScrollerExampleMap.2DSideScrollerExampleMap:PersistentLevel.BP_Coin_C_1415.PaperSprite : Externally referenced 
[2015.05.07-13.03.29:065][  0]MapCheck:Warning: Warning PaperSprite PaperSpriteComponent /Game/EndlessRunner/Maps/2DSideScrollerExampleMap.2DSideScrollerExampleMap:PersistentLevel.BP_Coin_C_1416.PaperSprite : Externally referenced 
[2015.05.07-13.03.29:065][  0]MapCheck:Warning: Warning PaperSprite PaperSpriteComponent /Game/EndlessRunner/Maps/2DSideScrollerExampleMap.2DSideScrollerExampleMap:PersistentLevel.BP_Coin_C_1417.PaperSprite : Externally referenced 
[2015.05.07-13.03.29:065][  0]MapCheck:Warning: Warning PaperSprite PaperSpriteComponent /Game/EndlessRunner/Maps/2DSideScrollerExampleMap.2DSideScrollerExampleMap:PersistentLevel.BP_Coin_C_1418.PaperSprite : Externally referenced 
[2015.05.07-13.03.29:065][  0]MapCheck:Warning: Warning PaperSprite PaperSpriteComponent /Game/EndlessRunner/Maps/2DSideScrollerExampleMap.2DSideScrollerExampleMap:PersistentLevel.BP_Coin3_127.PaperSprite : Externally referenced 
[2015.05.07-13.03.29:065][  0]MapCheck:Warning: Warning PaperSprite PaperSpriteComponent /Game/EndlessRunner/Maps/2DSideScrollerExampleMap.2DSideScrollerExampleMap:PersistentLevel.BP_Coin4_258.PaperSprite : Externally referenced 
[2015.05.07-13.03.29:065][  0]MapCheck:Warning: Warning PaperSprite PaperSpriteComponent /Game/EndlessRunner/Maps/2DSideScrollerExampleMap.2DSideScrollerExampleMap:PersistentLevel.BP_Coin5_377.PaperSprite : Externally referenced 
[2015.05.07-13.03.29:065][  0]MapCheck:Warning: Warning PaperSprite PaperSpriteComponent /Game/EndlessRunner/Maps/2DSideScrollerExampleMap.2DSideScrollerExampleMap:PersistentLevel.BP_Coin6_576.PaperSprite : Externally referenced 
[2015.05.07-13.03.29:065][  0]MapCheck:Warning: Warning PaperSprite PaperSpriteComponent /Game/EndlessRunner/Maps/2DSideScrollerExampleMap.2DSideScrollerExampleMap:PersistentLevel.BP_Coin7_707.PaperSprite : Externally referenced 
[2015.05.07-13.03.29:065][  0]MapCheck:Warning: Warning PaperSprite PaperSpriteComponent /Game/EndlessRunner/Maps/2DSideScrollerExampleMap.2DSideScrollerExampleMap:PersistentLevel.BP_Coin8_846.PaperSprite : Externally referenced 
[2015.05.07-13.03.29:065][  0]MapCheck:Warning: Warning PaperSprite PaperSpriteComponent /Game/EndlessRunner/Maps/2DSideScrollerExampleMap.2DSideScrollerExampleMap:PersistentLevel.BP_Coin9_961.PaperSprite : Externally referenced 
[2015.05.07-13.03.29:065][  0]MapCheck:Warning: Warning PaperSprite PaperSpriteComponent /Game/EndlessRunner/Maps/2DSideScrollerExampleMap.2DSideScrollerExampleMap:PersistentLevel.BP_Coin10_1092.PaperSprite : Externally referenced 
[2015.05.07-13.03.29:065][  0]MapCheck:Warning: Warning PaperSprite PaperSpriteComponent /Game/EndlessRunner/Maps/2DSideScrollerExampleMap.2DSideScrollerExampleMap:PersistentLevel.BP_Coin11_1239.PaperSprite : Externally referenced 
[2015.05.07-13.03.29:065][  0]MapCheck:Warning: Warning PaperSprite PaperSpriteComponent /Game/EndlessRunner/Maps/2DSideScrollerExampleMap.2DSideScrollerExampleMap:PersistentLevel.BP_Coin12_1430.PaperSprite : Externally referenced 
[2015.05.07-13.03.29:065][  0]MapCheck:Warning: Warning PaperSprite PaperSpriteComponent /Game/EndlessRunner/Maps/2DSideScrollerExampleMap.2DSideScrollerExampleMap:PersistentLevel.BP_StartLevel_416.PaperSprite : Externally referenced 
[2015.05.07-13.03.29:066][  0]MapCheck:Warning: Warning PaperSprite PaperSpriteComponent /Game/EndlessRunner/Maps/2DSideScrollerExampleMap.2DSideScrollerExampleMap:PersistentLevel.BP_EndLevel_195.PaperSprite : Externally referenced 
[2015.05.07-13.03.29:066][  0]MapCheck:Warning: Warning PaperSprite PaperSpriteComponent /Game/EndlessRunner/Maps/2DSideScrollerExampleMap.2DSideScrollerExampleMap:PersistentLevel.BP_MidLevel_263.PaperSprite : Externally referenced 
[2015.05.07-13.03.29:066][  0]MapCheck:Warning: Warning PaperSprite PaperSpriteComponent /Game/EndlessRunner/Maps/2DSideScrollerExampleMap.2DSideScrollerExampleMap:PersistentLevel.LargeAsteroid_C_0.PaperSprite : Externally referenced 
[2015.05.07-13.03.29:066][  0]MapCheck:Warning: Warning PaperSprite PaperSpriteComponent /Game/EndlessRunner/Maps/2DSideScrollerExampleMap.2DSideScrollerExampleMap:PersistentLevel.LargeAsteroid_C_1.PaperSprite : Externally referenced 
[2015.05.07-13.03.29:066][  0]MapCheck:Warning: Warning PaperSprite PaperSpriteComponent /Game/EndlessRunner/Maps/2DSideScrollerExampleMap.2DSideScrollerExampleMap:PersistentLevel.LargeAsteroid_C_2.PaperSprite : Externally referenced 
[2015.05.07-13.03.29:066][  0]MapCheck:Warning: Warning PaperSprite PaperSpriteComponent /Game/EndlessRunner/Maps/2DSideScrollerExampleMap.2DSideScrollerExampleMap:PersistentLevel.LargeAsteroid_C_3.PaperSprite : Externally referenced 
[2015.05.07-13.03.29:066][  0]MapCheck:Warning: Warning PaperSprite PaperSpriteComponent /Game/EndlessRunner/Maps/2DSideScrollerExampleMap.2DSideScrollerExampleMap:PersistentLevel.LargeAsteroid_C_4.PaperSprite : Externally referenced 
[2015.05.07-13.03.29:066][  0]MapCheck:Warning: Warning PaperSprite PaperSpriteComponent /Game/EndlessRunner/Maps/2DSideScrollerExampleMap.2DSideScrollerExampleMap:PersistentLevel.LargeAsteroid_C_5.PaperSprite : Externally referenced 
[2015.05.07-13.03.29:066][  0]MapCheck:Warning: Warning PaperSprite PaperSpriteComponent /Game/EndlessRunner/Maps/2DSideScrollerExampleMap.2DSideScrollerExampleMap:PersistentLevel.LargeAsteroid_C_6.PaperSprite : Externally referenced 
[2015.05.07-13.03.29:066][  0]MapCheck:Warning: Warning PaperSprite PaperSpriteComponent /Game/EndlessRunner/Maps/2DSideScrollerExampleMap.2DSideScrollerExampleMap:PersistentLevel.SmallAsteroid_122.PaperSprite : Externally referenced 
[2015.05.07-13.03.29:066][  0]MapCheck:Warning: Warning PaperSprite PaperSpriteComponent /Game/EndlessRunner/Maps/2DSideScrollerExampleMap.2DSideScrollerExampleMap:PersistentLevel.SmallAsteroid2_199.PaperSprite : Externally referenced 
[2015.05.07-13.03.29:067][  0]MapCheck:Warning: Warning PaperSprite PaperSpriteComponent /Game/EndlessRunner/Maps/2DSideScrollerExampleMap.2DSideScrollerExampleMap:PersistentLevel.SmallAsteroid3_256.PaperSprite : Externally referenced 
[2015.05.07-13.03.29:067][  0]MapCheck:Warning: Warning RightEdge PaperSpriteComponent /Game/EndlessRunner/Maps/2DSideScrollerExampleMap.2DSideScrollerExampleMap:PersistentLevel.Gameplay_Screen_C_0.RightEdge : Externally referenced 
[2015.05.07-13.03.29:067][  0]MapCheck:Warning: Warning LeftEdge PaperSpriteComponent /Game/EndlessRunner/Maps/2DSideScrollerExampleMap.2DSideScrollerExampleMap:PersistentLevel.Gameplay_Screen_C_0.LeftEdge : Externally referenced 
[2015.05.07-13.03.29:067][  0]MapCheck:Warning: Warning TopEdge PaperSpriteComponent /Game/EndlessRunner/Maps/2DSideScrollerExampleMap.2DSideScrollerExampleMap:PersistentLevel.Gameplay_Screen_C_0.TopEdge : Externally referenced 
[2015.05.07-13.03.29:067][  0]MapCheck:Warning: Warning BottomEdge PaperSpriteComponent /Game/EndlessRunner/Maps/2DSideScrollerExampleMap.2DSideScrollerExampleMap:PersistentLevel.Gameplay_Screen_C_0.BottomEdge : Externally referenced 
[2015.05.07-13.03.29:067][  0]MapCheck:Warning: Warning RenderComponent PaperSpriteComponent /Game/EndlessRunner/Maps/2DSideScrollerExampleMap.2DSideScrollerExampleMap:PersistentLevel.A0_Sprite_2.RenderComponent : Externally referenced 
[2015.05.07-13.03.29:067][  0]MapCheck:Warning: Warning RenderComponent PaperSpriteComponent /Game/EndlessRunner/Maps/2DSideScrollerExampleMap.2DSideScrollerExampleMap:PersistentLevel.A1_Sprite_17.RenderComponent : Externally referenced 
[2015.05.07-13.03.29:067][  0]MapCheck:Warning: Warning RenderComponent PaperSpriteComponent /Game/EndlessRunner/Maps/2DSideScrollerExampleMap.2DSideScrollerExampleMap:PersistentLevel.A2_Sprite_20.RenderComponent : Externally referenced 
[2015.05.07-13.03.29:067][  0]MapCheck:Warning: Warning RenderComponent PaperSpriteComponent /Game/EndlessRunner/Maps/2DSideScrollerExampleMap.2DSideScrollerExampleMap:PersistentLevel.A3_Sprite_23.RenderComponent : Externally referenced 
[2015.05.07-13.03.29:067][  0]MapCheck:Warning: Warning RenderComponent PaperSpriteComponent /Game/EndlessRunner/Maps/2DSideScrollerExampleMap.2DSideScrollerExampleMap:PersistentLevel.A4_Sprite_26.RenderComponent : Externally referenced 
[2015.05.07-13.03.29:067][  0]MapCheck:Warning: Warning RenderComponent PaperSpriteComponent /Game/EndlessRunner/Maps/2DSideScrollerExampleMap.2DSideScrollerExampleMap:PersistentLevel.A5_Sprite_0.RenderComponent : Externally referenced 
[2015.05.07-13.03.29:067][  0]MapCheck:Warning: Warning RenderComponent PaperSpriteComponent /Game/EndlessRunner/Maps/2DSideScrollerExampleMap.2DSideScrollerExampleMap:PersistentLevel.A6_Sprite_31.RenderComponent : Externally referenced 
[2015.05.07-13.03.29:067][  0]MapCheck:Warning: Warning RenderComponent PaperSpriteComponent /Game/EndlessRunner/Maps/2DSideScrollerExampleMap.2DSideScrollerExampleMap:PersistentLevel.B0_Sprite_5.RenderComponent : Externally referenced 
[2015.05.07-13.03.29:067][  0]MapCheck:Warning: Warning RenderComponent PaperSpriteComponent /Game/EndlessRunner/Maps/2DSideScrollerExampleMap.2DSideScrollerExampleMap:PersistentLevel.B1_Sprite_34.RenderComponent : Externally referenced 
[2015.05.07-13.03.29:067][  0]MapCheck:Warning: Warning RenderComponent PaperSpriteComponent /Game/EndlessRunner/Maps/2DSideScrollerExampleMap.2DSideScrollerExampleMap:PersistentLevel.B2_Sprite_37.RenderComponent : Externally referenced 
[2015.05.07-13.03.29:068][  0]MapCheck:Warning: Warning RenderComponent PaperSpriteComponent /Game/EndlessRunner/Maps/2DSideScrollerExampleMap.2DSideScrollerExampleMap:PersistentLevel.B3_Sprite_40.RenderComponent : Externally referenced 
[2015.05.07-13.03.29:068][  0]MapCheck:Warning: Warning RenderComponent PaperSpriteComponent /Game/EndlessRunner/Maps/2DSideScrollerExampleMap.2DSideScrollerExampleMap:PersistentLevel.B4_Sprite_43.RenderComponent : Externally referenced 
[2015.05.07-13.03.29:068][  0]MapCheck:Warning: Warning RenderComponent PaperSpriteComponent /Game/EndlessRunner/Maps/2DSideScrollerExampleMap.2DSideScrollerExampleMap:PersistentLevel.B5_Sprite_46.RenderComponent : Externally referenced 
[2015.05.07-13.03.29:068][  0]MapCheck:Warning: Warning RenderComponent PaperSpriteComponent /Game/EndlessRunner/Maps/2DSideScrollerExampleMap.2DSideScrollerExampleMap:PersistentLevel.B6_Sprite_49.RenderComponent : Externally referenced 
[2015.05.07-13.03.29:068][  0]MapCheck:Warning: Warning RenderComponent PaperSpriteComponent /Game/EndlessRunner/Maps/2DSideScrollerExampleMap.2DSideScrollerExampleMap:PersistentLevel.C0_Sprite_8.RenderComponent : Externally referenced 
[2015.05.07-13.03.29:068][  0]MapCheck:Warning: Warning RenderComponent PaperSpriteComponent /Game/EndlessRunner/Maps/2DSideScrollerExampleMap.2DSideScrollerExampleMap:PersistentLevel.C1_Sprite_53.RenderComponent : Externally referenced 
[2015.05.07-13.03.29:068][  0]MapCheck:Warning: Warning RenderComponent PaperSpriteComponent /Game/EndlessRunner/Maps/2DSideScrollerExampleMap.2DSideScrollerExampleMap:PersistentLevel.C2_Sprite_56.RenderComponent : Externally referenced 
[2015.05.07-13.03.29:068][  0]MapCheck:Warning: Warning RenderComponent PaperSpriteComponent /Game/EndlessRunner/Maps/2DSideScrollerExampleMap.2DSideScrollerExampleMap:PersistentLevel.C3_Sprite_59.RenderComponent : Externally referenced 
[2015.05.07-13.03.29:068][  0]MapCheck:Warning: Warning RenderComponent PaperSpriteComponent /Game/EndlessRunner/Maps/2DSideScrollerExampleMap.2DSideScrollerExampleMap:PersistentLevel.C4_Sprite_62.RenderComponent : Externally referenced 
[2015.05.07-13.03.29:068][  0]MapCheck:Warning: Warning RenderComponent PaperSpriteComponent /Game/EndlessRunner/Maps/2DSideScrollerExampleMap.2DSideScrollerExampleMap:PersistentLevel.C5_Sprite_65.RenderComponent : Externally referenced 
[2015.05.07-13.03.29:068][  0]MapCheck:Warning: Warning RenderComponent PaperSpriteComponent /Game/EndlessRunner/Maps/2DSideScrollerExampleMap.2DSideScrollerExampleMap:PersistentLevel.C6_Sprite_68.RenderComponent : Externally referenced 
[2015.05.07-13.03.29:068][  0]MapCheck:Warning: Warning RenderComponent PaperSpriteComponent /Game/EndlessRunner/Maps/2DSideScrollerExampleMap.2DSideScrollerExampleMap:PersistentLevel.D0_Sprite_14.RenderComponent : Externally referenced 
[2015.05.07-13.03.29:068][  0]MapCheck:Warning: Warning RenderComponent PaperSpriteComponent /Game/EndlessRunner/Maps/2DSideScrollerExampleMap.2DSideScrollerExampleMap:PersistentLevel.D1_Sprite_71.RenderComponent : Externally referenced 
[2015.05.07-13.03.29:068][  0]MapCheck:Warning: Warning RenderComponent PaperSpriteComponent /Game/EndlessRunner/Maps/2DSideScrollerExampleMap.2DSideScrollerExampleMap:PersistentLevel.D2_Sprite_74.RenderComponent : Externally referenced 
[2015.05.07-13.03.29:068][  0]MapCheck:Warning: Warning RenderComponent PaperSpriteComponent /Game/EndlessRunner/Maps/2DSideScrollerExampleMap.2DSideScrollerExampleMap:PersistentLevel.D3_Sprite_77.RenderComponent : Externally referenced 
[2015.05.07-13.03.29:068][  0]MapCheck:Warning: Warning RenderComponent PaperSpriteComponent /Game/EndlessRunner/Maps/2DSideScrollerExampleMap.2DSideScrollerExampleMap:PersistentLevel.D4_Sprite_80.RenderComponent : Externally referenced 
[2015.05.07-13.03.29:069][  0]MapCheck:Warning: Warning RenderComponent PaperSpriteComponent /Game/EndlessRunner/Maps/2DSideScrollerExampleMap.2DSideScrollerExampleMap:PersistentLevel.D5_Sprite_83.RenderComponent : Externally referenced 
[2015.05.07-13.03.29:069][  0]MapCheck:Warning: Warning RenderComponent PaperSpriteComponent /Game/EndlessRunner/Maps/2DSideScrollerExampleMap.2DSideScrollerExampleMap:PersistentLevel.D6_Sprite_89.RenderComponent : Externally referenced 
[2015.05.07-13.03.29:069][  0]MapCheck: Info Map check complete: 0 Error(s), 89 Warning(s), took 129.075ms to complete.
[2015.05.07-13.03.29:077][  0]LogFileHelpers: Loading map '2DSideScrollerExampleMap' took 1.547
[2015.05.07-13.03.29:179][  0]LogCollectionManager: Loaded 0 collections in 0.001336 seconds
[2015.05.07-13.03.29:191][  0]LogContentBrowser: Native class hierarchy populated in 0.0119 seconds. Added 1697 classes and 263 folders.
[2015.05.07-13.03.29:219][  0]LogContentBrowser: Native class hierarchy updated for 'SceneOutliner' in 0.0032 seconds. Added 1 classes and 2 folders.
[2015.05.07-13.03.29:261][  0]LogCrashTracker: Crashtracker disabled due to settings.
[2015.05.07-13.03.29:262][  0]LogSlate:Warning: Failed to load font data from 'Veranda'
[2015.05.07-13.03.29:293][  0]LogLoad: Full Startup: 12.42 seconds (BP compile: 0.44 seconds)
[2015.05.07-13.03.29:704][  0]LogContentBrowser:Verbose: The content browser source was changed by the sources view to '/Game/EndlessRunner/Blueprints'
[2015.05.07-13.03.29:872][  0]LogRenderer:Warning: Reallocating scene render targets to support 1208x656 (Frame:2).
[2015.05.07-13.03.31:916][  5]LogAssetRegistry: Asset discovery search completed in 5.6099 seconds
[2015.05.07-13.05.23:473][384]LogContentBrowser:Verbose: The content browser source was changed by the sources view to '/Game/EndlessRunner'
[2015.05.07-13.05.23:990][405]LogContentBrowser:Verbose: The content browser source was changed by the sources view to '/Game/EndlessRunner/Blueprints'
[2015.05.07-13.05.32:326][168]LogContentBrowser:Verbose: The content browser source was changed by the sources view to '/Game/EndlessRunner/Sound'
[2015.05.07-13.05.33:205][205]LogContentBrowser:Verbose: The content browser source was changed by the sources view to '/Game/EndlessRunner/Textures'
[2015.05.07-13.05.33:891][233]LogContentBrowser:Verbose: The content browser source was changed by the sources view to '/Game/EndlessRunner/Sprites'
[2015.05.07-13.05.34:510][263]LogContentBrowser:Verbose: The content browser source was changed by the sources view to '/Game/EndlessRunner/Sound'
[2015.05.07-13.05.39:936][471]LogContentBrowser:Verbose: The content browser source was changed by the sources view to '/Game/EndlessRunner/Blueprints'
[2015.05.07-13.05.48:669][223]LogContentBrowser:Verbose: The content browser source was changed by the sources view to '/Game/EndlessRunner/Blueprints'
[2015.05.07-13.06.24:888][203]LogActorComponent: UnregisterComponent: (/Engine/Transient.ProjectileMovementComponent_1) Not registered. Aborting.
[2015.05.07-13.06.24:910][203]LogParticles: Destroying 0 GPU particle simulations for FXSystem 0x000000000424D1C0
[2015.05.07-13.06.24:921][203]LogMetaData: Removing '/Game/EndlessRunner/Blueprints/Heal.SKEL_Heal_C' ref from Metadata '/Game/EndlessRunner/Blueprints/NewInterface.PackageMetaData'
[2015.05.07-13.06.24:921][203]LogMetaData: Removing '/Game/EndlessRunner/Blueprints/Heal.Heal_C' ref from Metadata '/Game/EndlessRunner/Blueprints/NewInterface.PackageMetaData'
[2015.05.07-13.06.24:976][203]Cmd: OBJ SAVEPACKAGE PACKAGE="/Game/EndlessRunner/Blueprints/Heal" FILE="../../../../../../Users/Michael Herbert/Documents/GitHub/SpaceRace/Content/EndlessRunner/Blueprints/Heal.uasset" SILENT=true
[2015.05.07-13.06.24:980][203]LogSavePackage: Save=2.029773ms
[2015.05.07-13.06.24:980][203]LogSavePackage: Moving '../../../../../../Users/Michael Herbert/Documents/GitHub/SpaceRace/Saved/HealA2EDB95F4A31436522502AA0EB0F8D87.tmp' to '../../../../../../Users/Michael Herbert/Documents/GitHub/SpaceRace/Content/EndlessRunner/Blueprints/Heal.uasset'
[2015.05.07-13.06.38:769][839]LogActorComponent: UnregisterComponent: (/Engine/Transient.ProjectileMovementComponent_1) Not registered. Aborting.
[2015.05.07-13.06.38:792][839]LogMetaData: Removing '/Game/EndlessRunner/Blueprints/Coinbar.Coinbar_C' ref from Metadata '/Game/EndlessRunner/Blueprints/Heal.PackageMetaData'
[2015.05.07-13.06.38:792][839]LogMetaData: Removing '/Game/EndlessRunner/Blueprints/Coinbar.SKEL_Coinbar_C' ref from Metadata '/Game/EndlessRunner/Blueprints/Heal.PackageMetaData'
[2015.05.07-13.06.38:848][839]Cmd: OBJ SAVEPACKAGE PACKAGE="/Game/EndlessRunner/Blueprints/Coinbar" FILE="../../../../../../Users/Michael Herbert/Documents/GitHub/SpaceRace/Content/EndlessRunner/Blueprints/Coinbar.uasset" SILENT=true
[2015.05.07-13.06.38:870][839]LogSavePackage: Save=5.431975ms
[2015.05.07-13.06.38:870][839]LogSavePackage: Moving '../../../../../../Users/Michael Herbert/Documents/GitHub/SpaceRace/Saved/Coinbar33B4FBE54515BA1E2A0121B8E713A60F.tmp' to '../../../../../../Users/Michael Herbert/Documents/GitHub/SpaceRace/Content/EndlessRunner/Blueprints/Coinbar.uasset'
[2015.05.07-13.08.23:572][627]Cmd: OBJ SAVEPACKAGE PACKAGE="/Game/EndlessRunner/Blueprints/Coinbar" FILE="../../../../../../Users/Michael Herbert/Documents/GitHub/SpaceRace/Content/EndlessRunner/Blueprints/Coinbar.uasset" SILENT=true
[2015.05.07-13.08.23:589][627]LogSavePackage: Save=6.379734ms
[2015.05.07-13.08.23:589][627]LogSavePackage: Moving '../../../../../../Users/Michael Herbert/Documents/GitHub/SpaceRace/Saved/Coinbar1289681D4CF754DA96BC25B21095766C.tmp' to '../../../../../../Users/Michael Herbert/Documents/GitHub/SpaceRace/Content/EndlessRunner/Blueprints/Coinbar.uasset'
[2015.05.07-13.09.00:247][944]BlueprintLog: New page: Compile Coinbar
[2015.05.07-13.09.00:275][944]LogActorComponent: UnregisterComponent: (/Engine/Transient.ProjectileMovementComponent_1) Not registered. Aborting.
[2015.05.07-13.09.00:292][944]BlueprintEditorCompileResults: Info [0343.42] Compile of Coinbar successful! [in 45 ms]
[2015.05.07-13.09.01:635][ 99]Cmd: OBJ SAVEPACKAGE PACKAGE="/Game/EndlessRunner/Blueprints/Coinbar" FILE="../../../../../../Users/Michael Herbert/Documents/GitHub/SpaceRace/Content/EndlessRunner/Blueprints/Coinbar.uasset" SILENT=true
[2015.05.07-13.09.01:647][ 99]LogSavePackage: Save=6.309761ms
[2015.05.07-13.09.01:647][ 99]LogSavePackage: Moving '../../../../../../Users/Michael Herbert/Documents/GitHub/SpaceRace/Saved/Coinbar4091497147FF43CD92AC6BA96771A270.tmp' to '../../../../../../Users/Michael Herbert/Documents/GitHub/SpaceRace/Content/EndlessRunner/Blueprints/Coinbar.uasset'
[2015.05.07-13.09.41:514][780]BlueprintLog: New page: Compile Coinbar
[2015.05.07-13.09.41:558][780]BlueprintEditorCompileResults: Info [0384.68] Compile of Coinbar successful! [in 43 ms]
[2015.05.07-13.09.42:344][868]Cmd: OBJ SAVEPACKAGE PACKAGE="/Game/EndlessRunner/Blueprints/Coinbar" FILE="../../../../../../Users/Michael Herbert/Documents/GitHub/SpaceRace/Content/EndlessRunner/Blueprints/Coinbar.uasset" SILENT=true
[2015.05.07-13.09.42:387][868]LogSavePackage: Save=22.790859ms
[2015.05.07-13.09.42:387][868]LogSavePackage: Moving '../../../../../../Users/Michael Herbert/Documents/GitHub/SpaceRace/Saved/CoinbarC4B017F141BF9FDC87664D86840244E4.tmp' to '../../../../../../Users/Michael Herbert/Documents/GitHub/SpaceRace/Content/EndlessRunner/Blueprints/Coinbar.uasset'
[2015.05.07-13.11.10:322][677]BlueprintLog: New page: Compile ShipCharacter
[2015.05.07-13.11.10:426][677]LogActorComponent: UnregisterComponent: (/Engine/Transient.ProjectileMovementComponent_1) Not registered. Aborting.
[2015.05.07-13.11.10:462][677]LogParticles: Destroying 0 GPU particle simulations for FXSystem 0x00000000163E4720
[2015.05.07-13.11.10:462][677]BlueprintEditorCompileResults: Info [0473.58] Compile of ShipCharacter successful! [in 140 ms]
[2015.05.07-13.13.27:104][540]LogActorComponent: UnregisterComponent: (/Engine/Transient.ProjectileMovementComponent_1) Not registered. Aborting.
[2015.05.07-13.13.27:118][540]LogParticles: Destroying 0 GPU particle simulations for FXSystem 0x000000000D42B420
[2015.05.07-13.13.27:118][540]LogParticles: Destroying 0 GPU particle simulations for FXSystem 0x000000000D9E4900
[2015.05.07-13.13.27:294][540]LogSavePackage: Save=124.506783ms
[2015.05.07-13.13.27:294][540]LogSavePackage: Moving '../../../../../../Users/Michael Herbert/Documents/GitHub/SpaceRace/Saved/2DSideScrollerExampleMap_Auto1F2C6022B464E0D773F03299AF1EFB416.tmp' to '../../../../../../Users/Michael Herbert/Documents/GitHub/SpaceRace/Saved/Autosaves/Game/EndlessRunner/Maps/2DSideScrollerExampleMap_Auto1.umap'
[2015.05.07-13.13.27:299][540]LogFileHelpers: Editor autosave (incl. sublevels) for '/Game/EndlessRunner/Maps/2DSideScrollerExampleMap' took 0.195
[2015.05.07-13.13.27:299][540]LogFileHelpers: Editor autosave (incl. sublevels) for all levels took 0.195
[2015.05.07-13.13.27:331][540]OBJ SavePackage: Generating thumbnails for [0] asset(s) in package [/Game/EndlessRunner/Blueprints/ShipCharacter] ([1] browsable assets)...
[2015.05.07-13.13.27:331][540]OBJ SavePackage: Finished generating thumbnails for package [/Game/EndlessRunner/Blueprints/ShipCharacter]
[2015.05.07-13.13.27:472][540]LogSavePackage: Save=122.875793ms
[2015.05.07-13.13.27:472][540]LogSavePackage: Moving '../../../../../../Users/Michael Herbert/Documents/GitHub/SpaceRace/Saved/ShipCharacter_Auto1968459D94A58D247F27D19A84795DD44.tmp' to '../../../../../../Users/Michael Herbert/Documents/GitHub/SpaceRace/Saved/Autosaves/Game/EndlessRunner/Blueprints/ShipCharacter_Auto1.uasset'
[2015.05.07-13.13.27:527][540]LogSavePackage: Save=47.851273ms
[2015.05.07-13.13.27:528][540]LogSavePackage: Moving '../../../../../../Users/Michael Herbert/Documents/GitHub/SpaceRace/Saved/NewInterface_Auto1A930934749109B83880FDD9618432FE3.tmp' to '../../../../../../Users/Michael Herbert/Documents/GitHub/SpaceRace/Saved/Autosaves/Game/EndlessRunner/Blueprints/NewInterface_Auto1.uasset'
[2015.05.07-13.13.27:560][540]OBJ SavePackage: Generating thumbnails for [0] asset(s) in package [/Game/EndlessRunner/Blueprints/Coinbar] ([1] browsable assets)...
[2015.05.07-13.13.27:560][540]OBJ SavePackage: Finished generating thumbnails for package [/Game/EndlessRunner/Blueprints/Coinbar]
[2015.05.07-13.13.27:645][540]LogSavePackage: Save=61.225986ms
[2015.05.07-13.13.27:646][540]LogSavePackage: Moving '../../../../../../Users/Michael Herbert/Documents/GitHub/SpaceRace/Saved/Coinbar_Auto1389C39C8491E4CB65868A5A07F38BF33.tmp' to '../../../../../../Users/Michael Herbert/Documents/GitHub/SpaceRace/Saved/Autosaves/Game/EndlessRunner/Blueprints/Coinbar_Auto1.uasset'
[2015.05.07-13.13.27:649][540]LogFileHelpers: Auto-saving content packages took 0.350
[2015.05.07-13.13.55:627][846]LogEditorTransaction: Undo Add Out Parameter
[2015.05.07-13.14.40:953][865]LogActorComponent: UnregisterComponent: (/Engine/Transient.ProjectileMovementComponent_1) Not registered. Aborting.
[2015.05.07-13.14.40:996][865]LogParticles: Destroying 0 GPU particle simulations for FXSystem 0x000000000D429E40
[2015.05.07-13.14.40:996][865]LogParticles: Destroying 0 GPU particle simulations for FXSystem 0x00000000103739C0
[2015.05.07-13.15.14:611][124]LogActorComponent: UnregisterComponent: (/Engine/Transient.ProjectileMovementComponent_1) Not registered. Aborting.
[2015.05.07-13.15.21:685][267]Cmd: QUIT_EDITOR
[2015.05.07-13.15.21:880][267]LogExit: Preparing to exit.
[2015.05.07-13.15.22:506][267]LogExit: Editor shut down
[2015.05.07-13.15.22:506][267]LogExit: Transaction tracking system shut down
[2015.05.07-13.15.22:509][267]LogParticles: Destroying 0 GPU particle simulations for FXSystem 0x000000000D68CAE0
[2015.05.07-13.15.22:509][267]LogParticles: Destroying 0 GPU particle simulations for FXSystem 0x000000001AD0FE20
[2015.05.07-13.15.22:509][267]LogParticles: Destroying 0 GPU particle simulations for FXSystem 0x00000000163E58A0
[2015.05.07-13.15.22:510][267]LogParticles: Destroying 0 GPU particle simulations for FXSystem 0x000000000D45A700
[2015.05.07-13.15.22:561][267]LogExit: Object subsystem successfully closed.
[2015.05.07-13.15.22:599][267]LogModuleManager: Shutting down and abandoning module CrashTracker (178)
[2015.05.07-13.15.22:599][267]LogModuleManager: Shutting down and abandoning module SuperSearch (177)
[2015.05.07-13.15.22:599][267]LogModuleManager: Shutting down and abandoning module SceneOutliner (176)
[2015.05.07-13.15.22:599][267]LogModuleManager: Shutting down and abandoning module EditorWidgets (175)
[2015.05.07-13.15.22:599][267]LogModuleManager: Shutting down and abandoning module CollectionManager (174)
[2015.05.07-13.15.22:599][267]LogModuleManager: Shutting down and abandoning module StatsViewer (173)
[2015.05.07-13.15.22:599][267]LogModuleManager: Shutting down and abandoning module FoliageEdit (172)
[2015.05.07-13.15.22:599][267]LogModuleManager: Shutting down and abandoning module LandscapeEditor (171)
[2015.05.07-13.15.22:599][267]LogModuleManager: Shutting down and abandoning module MeshPaint (170)
[2015.05.07-13.15.22:599][267]LogModuleManager: Shutting down and abandoning module ActorPickerMode (169)
[2015.05.07-13.15.22:599][267]LogModuleManager: Shutting down and abandoning module GeometryMode (168)
[2015.05.07-13.15.22:599][267]LogModuleManager: Shutting down and abandoning module TextureAlignMode (167)
[2015.05.07-13.15.22:599][267]LogModuleManager: Shutting down and abandoning module BspMode (166)
[2015.05.07-13.15.22:599][267]LogModuleManager: Shutting down and abandoning module PlacementMode (165)
[2015.05.07-13.15.22:599][267]LogModuleManager: Shutting down and abandoning module AutomationWorker (164)
[2015.05.07-13.15.22:599][267]LogModuleManager: Shutting down and abandoning module CharacterAI (163)
[2015.05.07-13.15.22:599][267]LogModuleManager: Shutting down and abandoning module SmartSnapping (162)
[2015.05.07-13.15.22:599][267]LogModuleManager: Shutting down and abandoning module ViewportSnapping (161)
[2015.05.07-13.15.22:599][267]LogModuleManager: Shutting down and abandoning module LogVisualizer (160)
[2015.05.07-13.15.22:600][267]LogModuleManager: Shutting down and abandoning module GameProjectGeneration (159)
[2015.05.07-13.15.22:600][267]LogModuleManager: Shutting down and abandoning module IntroTutorials (158)
[2015.05.07-13.15.22:600][267]LogModuleManager: Shutting down and abandoning module EditorLiveStreaming (157)
[2015.05.07-13.15.22:600][267]LogModuleManager: Shutting down and abandoning module HardwareTargeting (156)
[2015.05.07-13.15.22:600][267]LogModuleManager: Shutting down and abandoning module DeviceProfileEditor (155)
[2015.05.07-13.15.22:600][267]LogModuleManager: Shutting down and abandoning module UndoHistory (154)
[2015.05.07-13.15.22:600][267]LogModuleManager: Shutting down and abandoning module GameplayTagsEditor (153)
[2015.05.07-13.15.22:600][267]LogModuleManager: Shutting down and abandoning module UserFeedback (152)
[2015.05.07-13.15.22:600][267]LogModuleManager: Shutting down and abandoning module XmlParser (151)
[2015.05.07-13.15.22:600][267]LogModuleManager: Shutting down and abandoning module Blutility (150)
[2015.05.07-13.15.22:600][267]LogModuleManager: Shutting down and abandoning module IOSPlatformEditor (149)
[2015.05.07-13.15.22:600][267]LogModuleManager: Shutting down and abandoning module IOSRuntimeSettings (148)
[2015.05.07-13.15.22:600][267]LogModuleManager: Shutting down and abandoning module AndroidDeviceDetection (147)
[2015.05.07-13.15.23:164][267]LogModuleManager: Shutting down and abandoning module AndroidPlatformEditor (146)
[2015.05.07-13.15.23:164][267]LogModuleManager: Shutting down and abandoning module AndroidRuntimeSettings (145)
[2015.05.07-13.15.23:164][267]LogModuleManager: Shutting down and abandoning module ProjectTargetPlatformEditor (144)
[2015.05.07-13.15.23:164][267]LogModuleManager: Shutting down and abandoning module ProjectSettingsViewer (143)
[2015.05.07-13.15.23:165][267]LogModuleManager: Shutting down and abandoning module InputBindingEditor (142)
[2015.05.07-13.15.23:165][267]LogModuleManager: Shutting down and abandoning module EditorSettingsViewer (141)
[2015.05.07-13.15.23:165][267]LogModuleManager: Shutting down and abandoning module SettingsEditor (140)
[2015.05.07-13.15.23:165][267]LogModuleManager: Shutting down and abandoning module ProjectLauncher (139)
[2015.05.07-13.15.23:165][267]LogModuleManager: Shutting down and abandoning module SessionFrontend (138)
[2015.05.07-13.15.23:165][267]LogModuleManager: Shutting down and abandoning module ProfilerClient (137)
[2015.05.07-13.15.23:165][267]LogModuleManager: Shutting down and abandoning module TargetDeviceServices (136)
[2015.05.07-13.15.23:165][267]LogModuleManager: Shutting down and abandoning module DeviceManager (135)
[2015.05.07-13.15.23:166][267]LogModuleManager: Shutting down and abandoning module AutomationController (134)
[2015.05.07-13.15.23:166][267]LogModuleManager: Shutting down and abandoning module AutomationWindow (133)
[2015.05.07-13.15.23:166][267]LogModuleManager: Shutting down and abandoning module Layers (132)
[2015.05.07-13.15.23:166][267]LogModuleManager: Shutting down and abandoning module ComponentVisualizers (131)
[2015.05.07-13.15.23:166][267]LogModuleManager: Shutting down and abandoning module DetailCustomizations (130)
[2015.05.07-13.15.23:166][267]LogModuleManager: Shutting down and abandoning module PackagesDialog (129)
[2015.05.07-13.15.23:167][267]LogModuleManager: Shutting down and abandoning module AssetRegistry (128)
[2015.05.07-13.15.23:256][267]LogModuleManager: Shutting down and abandoning module Persona (127)
[2015.05.07-13.15.23:256][267]LogModuleManager: Shutting down and abandoning module SlateReflector (126)
[2015.05.07-13.15.23:256][267]LogModuleManager: Shutting down and abandoning module LevelEditor (125)
[2015.05.07-13.15.23:257][267]LogModuleManager: Shutting down and abandoning module Kismet (124)
[2015.05.07-13.15.23:257][267]LogModuleManager: Shutting down and abandoning module GraphEditor (123)
[2015.05.07-13.15.23:257][267]LogModuleManager: Shutting down and abandoning module ClassViewer (122)
[2015.05.07-13.15.23:257][267]LogModuleManager: Shutting down and abandoning module Toolbox (121)
[2015.05.07-13.15.23:257][267]LogModuleManager: Shutting down and abandoning module ModuleUI (120)
[2015.05.07-13.15.23:257][267]LogModuleManager: Shutting down and abandoning module MovieSceneTools (119)
[2015.05.07-13.15.23:257][267]LogModuleManager: Shutting down and abandoning module OutputLog (118)
[2015.05.07-13.15.23:257][267]LogModuleManager: Shutting down and abandoning module GammaUI (117)
[2015.05.07-13.15.23:257][267]LogModuleManager: Shutting down and abandoning module Documentation (116)
[2015.05.07-13.15.23:257][267]LogModuleManager: Shutting down and abandoning module GameLiveStreaming (115)
[2015.05.07-13.15.23:257][267]LogModuleManager: Shutting down and abandoning module StreamingPauseRendering (114)
[2015.05.07-13.15.23:257][267]LogModuleManager: Shutting down and abandoning module HTTP (113)
[2015.05.07-13.15.23:257][267]LogModuleManager: Shutting down and abandoning module AnalyticsET (112)
[2015.05.07-13.15.23:257][267]LogModuleManager: Shutting down and abandoning module Analytics (111)
[2015.05.07-13.15.23:257][267]LogModuleManager: Shutting down and abandoning module AITestSuite (110)
[2015.05.07-13.15.23:257][267]LogModuleManager: Shutting down and abandoning module GameplayDebugger (109)
[2015.05.07-13.15.23:257][267]LogModuleManager: Shutting down and abandoning module AIModule (108)
[2015.05.07-13.15.23:257][267]LogModuleManager: Shutting down and abandoning module ProfilerService (107)
[2015.05.07-13.15.23:271][267]LogModuleManager: Shutting down and abandoning module TaskGraph (106)
[2015.05.07-13.15.23:271][267]LogModuleManager: Shutting down and abandoning module SlateRemote (105)
[2015.05.07-13.15.23:271][267]LogModuleManager: Shutting down and abandoning module ScriptEditorPlugin (104)
[2015.05.07-13.15.23:271][267]LogModuleManager: Shutting down and abandoning module CustomMeshComponent (103)
[2015.05.07-13.15.23:271][267]LogModuleManager: Shutting down and abandoning module CableComponent (102)
[2015.05.07-13.15.23:271][267]LogModuleManager: Shutting down and abandoning module MessagingDebugger (101)
[2015.05.07-13.15.23:271][267]LogModuleManager: Shutting down and abandoning module MediaPlayerEditor (100)
[2015.05.07-13.15.23:271][267]LogModuleManager: Shutting down and abandoning module SpeedTreeImporter (99)
[2015.05.07-13.15.23:271][267]LogModuleManager: Shutting down and abandoning module PluginsEditor (98)
[2015.05.07-13.15.23:271][267]LogModuleManager: Shutting down and abandoning module MainFrame (97)
[2015.05.07-13.15.23:271][267]LogModuleManager: Shutting down and abandoning module EpicSurvey (96)
[2015.05.07-13.15.23:271][267]LogModuleManager: Shutting down and abandoning module DesktopPlatform (95)
[2015.05.07-13.15.23:271][267]LogModuleManager: Shutting down and abandoning module DirectoryWatcher (94)
[2015.05.07-13.15.23:271][267]LogModuleManager: Shutting down and abandoning module HotReload (93)
[2015.05.07-13.15.23:272][267]LogModuleManager: Shutting down and abandoning module VisualStudioSourceCodeAccess (92)
[2015.05.07-13.15.23:272][267]LogModuleManager: Shutting down and abandoning module UObjectPlugin (91)
[2015.05.07-13.15.23:272][267]LogModuleManager: Shutting down and abandoning module SubversionSourceControl (90)
[2015.05.07-13.15.23:272][267]LogModuleManager: Shutting down and abandoning module PerforceSourceControl (89)
[2015.05.07-13.15.23:272][267]LogModuleManager: Shutting down and abandoning module SourceControl (88)
[2015.05.07-13.15.23:272][267]LogModuleManager: Shutting down and abandoning module GitSourceControl (87)
[2015.05.07-13.15.23:272][267]LogModuleManager: Shutting down and abandoning module BlankPlugin (86)
[2015.05.07-13.15.23:272][267]LogModuleManager: Shutting down and abandoning module PaperTiledImporter (85)
[2015.05.07-13.15.23:272][267]LogModuleManager: Shutting down and abandoning module PaperJsonImporter (84)
[2015.05.07-13.15.23:272][267]LogModuleManager: Shutting down and abandoning module ContentBrowser (83)
[2015.05.07-13.15.23:272][267]LogModuleManager: Shutting down and abandoning module Paper2DEditor (82)
[2015.05.07-13.15.23:273][267]LogModuleManager: Shutting down and abandoning module SpaceRace (81)
[2015.05.07-13.15.23:273][267]LogModuleManager: Shutting down and abandoning module ScriptPlugin (80)
[2015.05.07-13.15.23:273][267]LogModuleManager: Shutting down and abandoning module UdpMessaging (79)
[2015.05.07-13.15.23:373][267]LogModuleManager: Shutting down and abandoning module Paper2D (78)
[2015.05.07-13.15.23:373][267]LogModuleManager: Shutting down and abandoning module WindowsMoviePlayer (77)
[2015.05.07-13.15.23:379][267]LogModuleManager: Shutting down and abandoning module Media (76)
[2015.05.07-13.15.23:379][267]LogModuleManager: Shutting down and abandoning module WmfMedia (75)
[2015.05.07-13.15.23:380][267]LogModuleManager: Shutting down and abandoning module OnlineBlueprintSupport (74)
[2015.05.07-13.15.23:380][267]LogModuleManager: Shutting down and abandoning module PropertyEditor (73)
[2015.05.07-13.15.23:380][267]LogModuleManager: Shutting down and abandoning module BehaviorTreeEditor (72)
[2015.05.07-13.15.23:380][267]LogModuleManager: Shutting down and abandoning module FunctionalTesting (71)
[2015.05.07-13.15.23:380][267]LogModuleManager: Shutting down and abandoning module CollisionAnalyzer (70)
[2015.05.07-13.15.23:380][267]LogModuleManager: Shutting down and abandoning module WorkspaceMenuStructure (69)
[2015.05.07-13.15.23:380][267]LogModuleManager: Shutting down and abandoning module MessageLog (68)
[2015.05.07-13.15.23:380][267]LogModuleManager: Shutting down and abandoning module Sequencer (67)
[2015.05.07-13.15.23:380][267]LogModuleManager: Shutting down and abandoning module AssetTools (66)
[2015.05.07-13.15.23:380][267]LogModuleManager: Shutting down and abandoning module UMGEditor (65)
[2015.05.07-13.15.23:380][267]LogModuleManager: Shutting down and abandoning module UMG (64)
[2015.05.07-13.15.23:380][267]LogModuleManager: Shutting down and abandoning module Slate (63)
[2015.05.07-13.15.23:380][267]LogModuleManager: Shutting down and abandoning module EditorStyle (62)
[2015.05.07-13.15.23:393][267]LogModuleManager: Shutting down and abandoning module SessionServices (61)
[2015.05.07-13.15.23:393][267]LogModuleManager: Shutting down and abandoning module SourceCodeAccess (60)
[2015.05.07-13.15.23:393][267]LogModuleManager: Shutting down and abandoning module HeadMountedDisplay (59)
[2015.05.07-13.15.23:393][267]LogModuleManager: Shutting down and abandoning module XAudio2 (58)
[2015.05.07-13.15.23:393][267]LogModuleManager: Shutting down and abandoning module Networking (56)
[2015.05.07-13.15.23:393][267]LogModuleManager: Shutting down and abandoning module Core (55)
[2015.05.07-13.15.23:393][267]LogModuleManager: Shutting down and abandoning module KismetCompiler (54)
[2015.05.07-13.15.23:393][267]LogModuleManager: Shutting down and abandoning module PhysXFormats (53)
[2015.05.07-13.15.23:393][267]LogModuleManager: Shutting down and abandoning module MeshUtilities (52)
[2015.05.07-13.15.23:393][267]LogModuleManager: Shutting down and abandoning module DerivedDataCache (51)
[2015.05.07-13.15.23:455][267]LogDerivedDataCache: Shutdown
[2015.05.07-13.15.23:455][267]LogModuleManager: Shutting down and abandoning module ShaderFormatOpenGL (50)
[2015.05.07-13.15.23:455][267]LogModuleManager: Shutting down and abandoning module ShaderFormatD3D (49)
[2015.05.07-13.15.23:455][267]LogModuleManager: Shutting down and abandoning module MetalShaderFormat (48)
[2015.05.07-13.15.23:455][267]LogModuleManager: Shutting down and abandoning module TextureFormatUncompressed (47)
[2015.05.07-13.15.23:455][267]LogModuleManager: Shutting down and abandoning module TextureFormatPVR (46)
[2015.05.07-13.15.23:455][267]LogModuleManager: Shutting down and abandoning module TextureFormatIntelISPCTexComp (45)
[2015.05.07-13.15.23:455][267]LogModuleManager: Shutting down and abandoning module TextureFormatDXT (44)
[2015.05.07-13.15.23:455][267]LogModuleManager: Shutting down and abandoning module ImageWrapper (43)
[2015.05.07-13.15.23:455][267]LogModuleManager: Shutting down and abandoning module TextureFormatASTC (42)
[2015.05.07-13.15.23:455][267]LogModuleManager: Shutting down and abandoning module TextureFormatAndroid (41)
[2015.05.07-13.15.23:455][267]LogModuleManager: Shutting down and abandoning module AudioFormatOpus (40)
[2015.05.07-13.15.23:456][267]LogModuleManager: Shutting down and abandoning module AudioFormatOgg (39)
[2015.05.07-13.15.23:456][267]LogModuleManager: Shutting down and abandoning module AudioFormatADPCM (38)
[2015.05.07-13.15.23:456][267]LogModuleManager: Shutting down and abandoning module LinuxTargetPlatform (37)
[2015.05.07-13.15.23:456][267]LogModuleManager: Shutting down and abandoning module LinuxServerTargetPlatform (36)
[2015.05.07-13.15.23:456][267]LogModuleManager: Shutting down and abandoning module LinuxNoEditorTargetPlatform (35)
[2015.05.07-13.15.23:456][267]LogModuleManager: Shutting down and abandoning module Messaging (34)
[2015.05.07-13.15.23:456][267]LogModuleManager: Shutting down and abandoning module IOSTargetPlatform (33)
[2015.05.07-13.15.23:456][267]LogModuleManager: Shutting down and abandoning module HTML5TargetPlatform (32)
[2015.05.07-13.15.23:456][267]LogModuleManager: Shutting down and abandoning module Android_PVRTCTargetPlatform (31)
[2015.05.07-13.15.23:456][267]LogModuleManager: Shutting down and abandoning module Android_ETC2TargetPlatform (30)
[2015.05.07-13.15.23:456][267]LogModuleManager: Shutting down and abandoning module Android_ETC1TargetPlatform (29)
[2015.05.07-13.15.23:456][267]LogModuleManager: Shutting down and abandoning module Android_ES31TargetPlatform (28)
[2015.05.07-13.15.23:456][267]LogModuleManager: Shutting down and abandoning module Android_DXTTargetPlatform (27)
[2015.05.07-13.15.23:456][267]LogModuleManager: Shutting down and abandoning module Android_ATCTargetPlatform (26)
[2015.05.07-13.15.23:456][267]LogModuleManager: Shutting down and abandoning module AndroidTargetPlatform (25)
[2015.05.07-13.15.23:456][267]LogModuleManager: Shutting down and abandoning module WindowsTargetPlatform (24)
[2015.05.07-13.15.23:456][267]LogModuleManager: Shutting down and abandoning module WindowsServerTargetPlatform (23)
[2015.05.07-13.15.23:456][267]LogModuleManager: Shutting down and abandoning module WindowsNoEditorTargetPlatform (22)
[2015.05.07-13.15.23:456][267]LogModuleManager: Shutting down and abandoning module WindowsClientTargetPlatform (21)
[2015.05.07-13.15.23:456][267]LogModuleManager: Shutting down and abandoning module TargetPlatform (20)
[2015.05.07-13.15.23:456][267]LogModuleManager: Shutting down and abandoning module InputCore (19)
[2015.05.07-13.15.23:456][267]LogModuleManager: Shutting down and abandoning module Settings (18)
[2015.05.07-13.15.23:456][267]LogModuleManager: Shutting down and abandoning module OnlineSubsystem (16)
[2015.05.07-13.15.23:456][267]LogModuleManager: Shutting down and abandoning module OculusRift (15)
[2015.05.07-13.15.23:456][267]LogModuleManager: Shutting down and abandoning module ExampleDeviceProfileSelector (14)
[2015.05.07-13.15.23:457][267]LogModuleManager: Shutting down and abandoning module TextureCompressor (13)
[2015.05.07-13.15.23:457][267]LogModuleManager: Shutting down and abandoning module ShaderCore (12)
[2015.05.07-13.15.23:457][267]LogModuleManager: Shutting down and abandoning module Landscape (11)
[2015.05.07-13.15.23:457][267]LogModuleManager: Shutting down and abandoning module SlateRHIRenderer (10)
[2015.05.07-13.15.23:462][267]LogModuleManager: Shutting down and abandoning module OpenGLDrv (9)
[2015.05.07-13.15.23:462][267]LogModuleManager: Shutting down and abandoning module D3D11RHI (8)
[2015.05.07-13.15.23:463][267]LogModuleManager: Shutting down and abandoning module Renderer (7)
[2015.05.07-13.15.23:463][267]LogModuleManager: Shutting down and abandoning module Engine (6)
[2015.05.07-13.15.23:463][267]LogModuleManager: Shutting down and abandoning module CoreUObject (5)
[2015.05.07-13.15.23:463][267]LogModuleManager: Shutting down and abandoning module NetworkFile (4)
[2015.05.07-13.15.23:463][267]LogModuleManager: Shutting down and abandoning module StreamingFile (3)
[2015.05.07-13.15.23:463][267]LogModuleManager: Shutting down and abandoning module SandboxFile (2)
[2015.05.07-13.15.23:463][267]LogModuleManager: Shutting down and abandoning module PakFile (1)
[2015.05.07-13.15.23:464][267]LogExit: Exiting.
[2015.05.07-13.15.23:480][267]Log file closed, 05/07/15 23:15:23
