Log file open, 05/20/15 00:58:40
LogInit:Display: Running engine for game: SpaceRace
LogInit: Version: 4.7.6-2513093+++depot+UE4-Releases+4.7
LogInit: API Version: 2455222
LogInit: Compiled (64-bit): Apr 15 2015 12:09:54
LogInit: Compiled with Visual C++: 18.00.21005.01
LogInit: Build Configuration: Development
LogInit: Branch Name: ++depot+UE4-Releases+4.7
LogInit: Command line: 
LogInit: Base directory: W:/Epic Games/4.7/Engine/Binaries/Win64/
LogInit: Rocket: 1
[2015.05.19-14.58.40:685][  0]LogTaskGraph: Started task graph with 3 named threads and 8 total threads.
[2015.05.19-14.58.40:758][  0]LogOnline:Warning: No default platform service specified for OnlineSubsystem
[2015.05.19-14.58.40:788][  0]LogInit: Presizing for 0 objects not considered by GC, pre-allocating 0 bytes.
[2015.05.19-14.58.40:797][  0]LogInit: Object subsystem initialized
[2015.05.19-14.58.40:799][  0]LogConsoleResponse:Warning: Skipping Unknown console variable: 'TranslucentSortAxis = (X=0.000000,Y=-1.000000,Z=0.000000)'
[2015.05.19-14.58.40:799][  0]LogConsoleResponse:Warning:   Found in ini file 'C:/Users/n8695164/Desktop/SpaceRace/Saved/Config/Windows/Engine.ini', in section '[/Script/Engine.RendererSettings]'
[2015.05.19-14.58.40:799][  0]LogConsoleResponse:Warning: Skipping Unknown console variable: 'UIScaleRule = ShortestSide'
[2015.05.19-14.58.40:799][  0]LogConsoleResponse:Warning:   Found in ini file 'C:/Users/n8695164/Desktop/SpaceRace/Saved/Config/Windows/Engine.ini', in section '[/Script/Engine.RendererSettings]'
[2015.05.19-14.58.40:800][  0]LogConsoleResponse:Warning: Skipping Unknown console variable: 'UIScaleCurve = (EditorCurveData=(Keys=),ExternalCurve=None)'
[2015.05.19-14.58.40:800][  0]LogConsoleResponse:Warning:   Found in ini file 'C:/Users/n8695164/Desktop/SpaceRace/Saved/Config/Windows/Engine.ini', in section '[/Script/Engine.RendererSettings]'
[2015.05.19-14.58.40:800][  0]LogInit: Selected Device Profile: [Windows]
[2015.05.19-14.58.40:800][  0]LogInit: Applying CVar settings loaded from the selected device profile: [Windows]
[2015.05.19-14.58.40:804][  0]LogInit: Computer: LAB-SEFS515-04
[2015.05.19-14.58.40:804][  0]LogInit: User: n8695164
[2015.05.19-14.58.40:804][  0]LogInit: CPU Page size=4096, Cores=6
[2015.05.19-14.58.40:804][  0]LogInit: High frequency timer resolution =3.222841 MHz
[2015.05.19-14.58.40:805][  0]LogMemory: Memory total: Physical=32.0GB (32GB approx) Virtual=8192.0GB
[2015.05.19-14.58.40:805][  0]LogMemory: Platform Memory Stats for Windows
[2015.05.19-14.58.40:805][  0]LogMemory: Process Physical Memory: 46.63 MB used, 46.63 MB peak
[2015.05.19-14.58.40:805][  0]LogMemory: Process Virtual Memory: 26.72 MB used, 26.73 MB peak
[2015.05.19-14.58.40:806][  0]LogMemory: Physical Memory: 5225.23 MB used, 32720.52 MB total
[2015.05.19-14.58.40:806][  0]LogMemory: Virtual Memory: 278.13 MB used, 8388608.00 MB total
[2015.05.19-14.58.40:858][  0]LogD3D11RHI: Found D3D11 adapter 0: NVIDIA GeForce GTX 680 (Feature Level 11_0)
[2015.05.19-14.58.40:858][  0]LogD3D11RHI: Adapter has 1990MB of dedicated video memory, 0MB of dedicated system memory, and 2048MB of shared system memory, 1 output[s]
[2015.05.19-14.58.40:858][  0]LogD3D11RHI: Chosen D3D11 Adapter Id = 0
[2015.05.19-14.58.40:862][  0]LogRHI: Texture pool is 1361 MB (70% of 1945 MB)
[2015.05.19-14.58.40:889][  0]LogD3D11RHI: Async texture creation enabled
[2015.05.19-14.58.40:956][  0]LogTextLocalizationManager: The requested culture ('en_AU') has no localization data; parent culture's ('en') localization data will be used.
[2015.05.19-14.58.41:006][  0]LogTextLocalizationManager:Warning: Loading localization resources contain conflicting entries for (Namespace:UICommands, Key:Save_ToolTip):
Resource: (W:/Epic Games/4.7/Engine/Content/Localization/Editor/en/Editor.locres) Hash: (-29098895) String: (Saves the current level to disk)
Resource: (W:/Epic Games/4.7/Engine/Content/Localization/Engine/en/Engine.locres) Hash: (-1280300587) String: (Save selected data to vlog file)
[2015.05.19-14.58.41:007][  0]LogTextLocalizationManager:Warning: Loading localization resources contain conflicting entries for (Namespace:ContentBrowser, Key:ImportAssetToolTip):
Resource: (W:/Epic Games/4.7/Engine/Content/Localization/Editor/en/Editor.locres) Hash: (-630476809) String: (Import to {0}...)
Resource: (W:/Epic Games/4.7/Engine/Content/Localization/Editor/en/Editor.locres) Hash: (1271782899) String: (Imports an asset from file to this folder.)
[2015.05.19-14.58.41:075][  0]LogContentStreaming: Texture pool size is 0.000000MB
[2015.05.19-14.58.43:237][  0]LogTargetPlatformManager:Display: Building Assets For Windows
[2015.05.19-14.58.43:754][  0]LogTargetPlatformManager:Display: Building Assets For Windows
[2015.05.19-14.58.43:826][  0]LogDerivedDataCache:Display: Max Cache Size: 512 MB
[2015.05.19-14.58.43:859][  0]LogDerivedDataCache: Loaded boot cache 0.03s 39MB C:/Users/n8695164/AppData/Local/UnrealEngine/4.7/DerivedDataCache/Boot.ddc.
[2015.05.19-14.58.43:859][  0]LogDerivedDataCache:Display: Loaded Boot cache: C:/Users/n8695164/AppData/Local/UnrealEngine/4.7/DerivedDataCache/Boot.ddc
[2015.05.19-14.58.43:860][  0]LogDerivedDataCache: FDerivedDataBackendGraph:  Pak pak cache file C:/Users/n8695164/Desktop/SpaceRace/DerivedDataCache/DDC.ddp not found, will not use a pak cache.
[2015.05.19-14.58.43:860][  0]LogDerivedDataCache: Unable to find inner node Pak for hierarchical cache Hierarchy.
[2015.05.19-14.58.43:970][  0]LogDerivedDataCache:Display: Pak cache opened for reading ../../../Engine/DerivedDataCache/Compressed.ddp.
[2015.05.19-14.58.43:981][  0]LogDerivedDataCache: Using Local data cache path C:/Users/n8695164/AppData/Local/UnrealEngine/Common/DerivedDataCache: Writable
[2015.05.19-14.58.44:257][  0]LogMeshUtilities: No automatic mesh reduction module available
[2015.05.19-14.58.44:258][  0]LogMeshUtilities: No automatic mesh merging module available
[2015.05.19-14.58.44:591][  0]LogInit: WinSock: version 1.1 (2.2), MaxSocks=32767, MaxUdp=65467
[2015.05.19-14.58.44:679][  0]LogSlate:Warning: Failed to load font data from '../../../Engine/Content/Slate/Fonts/Roboto-Italic.ttf'
[2015.05.19-14.58.45:539][  0]UdpMessaging: Initializing bridge on interface 0.0.0.0:0 to multicast group 230.0.0.1:6666.
[2015.05.19-14.58.45:817][  0]SourceControl: Info Source control is disabled
[2015.05.19-14.58.45:817][  0]SourceControl: Info Source control is disabled
[2015.05.19-14.58.45:817][  0]SourceControl: Info Source control is disabled
[2015.05.19-14.58.45:818][  0]LogSourceControl: RunCommandInternalRaw: 'git version'
[2015.05.19-14.58.45:818][  0]LogSourceControl: RunCommandInternalRaw: ExecProcess ReturnCode=2 OutResults=''
[2015.05.19-14.58.45:826][  0]SourceControl: Info Source control is disabled
[2015.05.19-14.58.46:090][  0]LogObj: 24236 objects as part of root set at end of initial load.
[2015.05.19-14.58.46:091][  0]LogUObjectAllocator: 5138808 out of 0 bytes used by permanent object pool.
[2015.05.19-14.58.46:178][  0]LogEngine: Initializing Engine...
[2015.05.19-14.58.48:316][  0]LogInit: XAudio2 using 'DELL S2340T-4 (NVIDIA High Definition Audio)' : 2 channels at 48 kHz using 16 bits per sample (channel mask 0x3)
[2015.05.19-14.58.48:353][  0]LogInit: FAudioDevice initialized.
[2015.05.19-14.58.48:393][  0]LogAIModule: Creating AISystem for world NewWorld
[2015.05.19-14.58.48:411][  0]LogDerivedDataCache: Saved boot cache 0.02s 39MB C:/Users/n8695164/AppData/Local/UnrealEngine/4.7/DerivedDataCache/Boot.ddc.
[2015.05.19-14.58.48:415][  0]LogInit: Texture streaming: Enabled
[2015.05.19-14.58.48:504][  0]LogAnalytics: Creating configured Analytics provider AnalyticsET
[2015.05.19-14.58.48:504][  0]LogAnalytics: ET APIKey = Rocket.Release. APIServer = http://et2.epicgames.com/ET2/. AppVersion = 4.7.6-2513093+++depot+UE4-Releases+4.7
[2015.05.19-14.58.48:504][  0]LogAnalytics: ET APIKey = Rocket.Release. DataRouterUploadURL = https://datarouter-public-service-gamedev.ol.epicgames.net/datarouter/api/v1/public/data. AppVersion = 4.7.6-2513093+++depot+UE4-Releases+4.7
[2015.05.19-14.58.48:505][  0]LogAnalytics: SetUserId e54a3c4247f39b2d12bdc7b239e6cb1e|2a92c9890bbe47f38451fa259ee33fd8|88cf9443-166a-43f7-9f17-b5321103ecb1
[2015.05.19-14.58.48:505][  0]LogAnalytics: AnalyticsET::StartSession [Rocket.Release]
[2015.05.19-14.58.48:526][  0]LogInit: Transaction tracking system initialized
[2015.05.19-14.58.48:798][  0]BlueprintLog: New page: Editor Load
[2015.05.19-14.58.48:838][  0]LogAssetRegistry: FAssetRegistry took 0.0100 seconds to start up
[2015.05.19-14.58.48:838][  0]LogDirectoryWatcher:Warning: Failed to begin reading directory changes for ../../../Engine/Plugins/Experimental/CharacterAI/Content/. Error: 0
[2015.05.19-14.58.49:386][  0]LogTargetPlatformManager:Display: Building Assets For Windows
[2015.05.19-14.58.49:711][  0]LogTargetPlatformManager:Display: Building Assets For Windows
[2015.05.19-14.58.50:085][  0]LogSlate:Warning: Failed to load font data from '../../../Engine/Content/Editor/Slate/Fonts/Roboto-Regular.ttf'
[2015.05.19-14.58.50:086][  0]LogSlate:Warning: Failed to load font data from '../../../Engine/Content/Editor/Slate/Fonts/Roboto-Bold.ttf'
[2015.05.19-14.58.50:090][  0]LogConsoleResponse:Display: 
[2015.05.19-14.58.50:204][  0]LogCook:Display: Done creating registry. It took  0.00s.
[2015.05.19-14.58.50:415][  0]SourceControl: Info Source control is disabled
[2015.05.19-14.58.50:415][  0]Cmd: MAP LOAD FILE="C:/Users/n8695164/Desktop/SpaceRace/Content/EndlessRunner/Maps/2DSideScrollerExampleMap.umap" TEMPLATE=0 SHOWPROGRESS=1 FEATURELEVEL=3
[2015.05.19-14.58.50:416][  0]LightingResults: New page: Lighting Build
[2015.05.19-14.58.50:429][  0]MapCheck: New page: Map Check
[2015.05.19-14.58.50:429][  0]LightingResults: New page: Lighting Build
[2015.05.19-14.58.50:434][  0]LogParticles: Destroying 0 GPU particle simulations for FXSystem 0x0000000010E52520
[2015.05.19-14.58.52:519][  0]LogBlueprint:Error: [compiler] Error Found more than one function with the same name BndEvt__Small Pirate_K2Node_ComponentBoundEvent_91_ComponentHitSignature__DelegateSignature; second occurance at  OnComponentHit (Small Pirate) 
[2015.05.19-14.58.52:519][  0]LogBlueprint:Error: [compiler] Error Found more than one function with the same name BndEvt__Small Pirate_K2Node_ComponentBoundEvent_91_ComponentHitSignature__DelegateSignature; second occurance at  OnComponentHit (Small Pirate) 
[2015.05.19-14.58.52:542][  0]LogBlueprint:Warning: [compiler] Warning [0013.67] Compile of Wave5 failed. 2 Fatal Issue(s) 0 Warning(s) [in 74 ms]
[2015.05.19-14.58.52:543][  0]LogBlueprint:Warning: [compiler] Warning [0013.67] Compile of Wave5 failed. 2 Fatal Issue(s) 1 Warning(s) [in 0 ms]
[2015.05.19-14.58.52:543][  0]LogBlueprint:Warning: [compiler] Warning [0013.67] Compile of Wave5 failed. 2 Fatal Issue(s) 2 Warning(s) [in 0 ms]
[2015.05.19-14.58.52:543][  0]LogBlueprint:Warning: [compiler] Warning [0013.67] Compile of Wave5 failed. 2 Fatal Issue(s) 3 Warning(s) [in 0 ms]
[2015.05.19-14.58.57:379][  0]LogTexture:Display: Building textures: e6 (AutoDXT)
[2015.05.19-14.58.57:621][  0]LogEditorServer: Finished looking for orphan Actors (0.000 secs)
[2015.05.19-14.58.57:622][  0]LogAIModule: Creating AISystem for world 2DSideScrollerExampleMap
[2015.05.19-14.58.57:623][  0]Cmd: MAP CHECKDEP
[2015.05.19-14.58.57:624][  0]MapCheck: New page: 2DSideScrollerExampleMap - 20 May 2015 10:58:57 am
[2015.05.19-14.58.58:029][  0]MapCheck:Warning: Warning Sprite0 PaperFlipbookComponent /Game/EndlessRunner/Maps/2DSideScrollerExampleMap.2DSideScrollerExampleMap:PersistentLevel.ShipCharacter_C_2.Sprite0 : Externally referenced 
[2015.05.19-14.58.58:029][  0]MapCheck:Warning: Warning PaperFlipbook1 PaperFlipbookComponent /Game/EndlessRunner/Maps/2DSideScrollerExampleMap.2DSideScrollerExampleMap:PersistentLevel.ShipCharacter_C_2.PaperFlipbook1 : Externally referenced 
[2015.05.19-14.58.58:030][  0]MapCheck:Warning: Warning PaperFlipbook2 PaperFlipbookComponent /Game/EndlessRunner/Maps/2DSideScrollerExampleMap.2DSideScrollerExampleMap:PersistentLevel.ShipCharacter_C_2.PaperFlipbook2 : Externally referenced 
[2015.05.19-14.58.58:030][  0]MapCheck:Warning: Warning PaperFlipbook PaperFlipbookComponent /Game/EndlessRunner/Maps/2DSideScrollerExampleMap.2DSideScrollerExampleMap:PersistentLevel.ShipCharacter_C_2.PaperFlipbook : Externally referenced 
[2015.05.19-14.58.58:030][  0]MapCheck:Warning: Warning PaperSprite PaperSpriteComponent /Game/EndlessRunner/Maps/2DSideScrollerExampleMap.2DSideScrollerExampleMap:PersistentLevel.BP_Coin_C_2199.PaperSprite : Externally referenced 
[2015.05.19-14.58.58:031][  0]MapCheck:Warning: Warning PaperSprite PaperSpriteComponent /Game/EndlessRunner/Maps/2DSideScrollerExampleMap.2DSideScrollerExampleMap:PersistentLevel.BP_Coin_C_2200.PaperSprite : Externally referenced 
[2015.05.19-14.58.58:031][  0]MapCheck:Warning: Warning PaperSprite PaperSpriteComponent /Game/EndlessRunner/Maps/2DSideScrollerExampleMap.2DSideScrollerExampleMap:PersistentLevel.BP_Coin_C_2201.PaperSprite : Externally referenced 
[2015.05.19-14.58.58:031][  0]MapCheck:Warning: Warning PaperSprite PaperSpriteComponent /Game/EndlessRunner/Maps/2DSideScrollerExampleMap.2DSideScrollerExampleMap:PersistentLevel.BP_Coin_C_2202.PaperSprite : Externally referenced 
[2015.05.19-14.58.58:032][  0]MapCheck:Warning: Warning PaperSprite PaperSpriteComponent /Game/EndlessRunner/Maps/2DSideScrollerExampleMap.2DSideScrollerExampleMap:PersistentLevel.BP_Coin_C_2203.PaperSprite : Externally referenced 
[2015.05.19-14.58.58:032][  0]MapCheck:Warning: Warning PaperSprite PaperSpriteComponent /Game/EndlessRunner/Maps/2DSideScrollerExampleMap.2DSideScrollerExampleMap:PersistentLevel.BP_Coin_C_2204.PaperSprite : Externally referenced 
[2015.05.19-14.58.58:032][  0]MapCheck:Warning: Warning PaperSprite PaperSpriteComponent /Game/EndlessRunner/Maps/2DSideScrollerExampleMap.2DSideScrollerExampleMap:PersistentLevel.BP_Coin_C_2205.PaperSprite : Externally referenced 
[2015.05.19-14.58.58:033][  0]MapCheck:Warning: Warning PaperSprite PaperSpriteComponent /Game/EndlessRunner/Maps/2DSideScrollerExampleMap.2DSideScrollerExampleMap:PersistentLevel.BP_Coin_C_2206.PaperSprite : Externally referenced 
[2015.05.19-14.58.58:033][  0]MapCheck:Warning: Warning PaperSprite PaperSpriteComponent /Game/EndlessRunner/Maps/2DSideScrollerExampleMap.2DSideScrollerExampleMap:PersistentLevel.BP_Coin_C_2207.PaperSprite : Externally referenced 
[2015.05.19-14.58.58:033][  0]MapCheck:Warning: Warning PaperSprite PaperSpriteComponent /Game/EndlessRunner/Maps/2DSideScrollerExampleMap.2DSideScrollerExampleMap:PersistentLevel.BP_Coin_C_2208.PaperSprite : Externally referenced 
[2015.05.19-14.58.58:034][  0]MapCheck:Warning: Warning PaperSprite PaperSpriteComponent /Game/EndlessRunner/Maps/2DSideScrollerExampleMap.2DSideScrollerExampleMap:PersistentLevel.BP_Coin_C_2209.PaperSprite : Externally referenced 
[2015.05.19-14.58.58:034][  0]MapCheck:Warning: Warning PaperSprite PaperSpriteComponent /Game/EndlessRunner/Maps/2DSideScrollerExampleMap.2DSideScrollerExampleMap:PersistentLevel.BP_Coin_C_1023.PaperSprite : Externally referenced 
[2015.05.19-14.58.58:034][  0]MapCheck:Warning: Warning PaperSprite PaperSpriteComponent /Game/EndlessRunner/Maps/2DSideScrollerExampleMap.2DSideScrollerExampleMap:PersistentLevel.BP_Coin_C_1024.PaperSprite : Externally referenced 
[2015.05.19-14.58.58:035][  0]MapCheck:Warning: Warning PaperSprite PaperSpriteComponent /Game/EndlessRunner/Maps/2DSideScrollerExampleMap.2DSideScrollerExampleMap:PersistentLevel.BP_Coin_C_1025.PaperSprite : Externally referenced 
[2015.05.19-14.58.58:035][  0]MapCheck:Warning: Warning PaperSprite PaperSpriteComponent /Game/EndlessRunner/Maps/2DSideScrollerExampleMap.2DSideScrollerExampleMap:PersistentLevel.BP_Coin_C_1026.PaperSprite : Externally referenced 
[2015.05.19-14.58.58:035][  0]MapCheck:Warning: Warning PaperSprite PaperSpriteComponent /Game/EndlessRunner/Maps/2DSideScrollerExampleMap.2DSideScrollerExampleMap:PersistentLevel.BP_Coin_C_1027.PaperSprite : Externally referenced 
[2015.05.19-14.58.58:035][  0]MapCheck:Warning: Warning PaperSprite PaperSpriteComponent /Game/EndlessRunner/Maps/2DSideScrollerExampleMap.2DSideScrollerExampleMap:PersistentLevel.BP_Coin_C_1028.PaperSprite : Externally referenced 
[2015.05.19-14.58.58:036][  0]MapCheck:Warning: Warning PaperSprite PaperSpriteComponent /Game/EndlessRunner/Maps/2DSideScrollerExampleMap.2DSideScrollerExampleMap:PersistentLevel.BP_Coin_C_1029.PaperSprite : Externally referenced 
[2015.05.19-14.58.58:036][  0]MapCheck:Warning: Warning PaperSprite PaperSpriteComponent /Game/EndlessRunner/Maps/2DSideScrollerExampleMap.2DSideScrollerExampleMap:PersistentLevel.BP_Coin_C_1030.PaperSprite : Externally referenced 
[2015.05.19-14.58.58:036][  0]MapCheck:Warning: Warning PaperSprite PaperSpriteComponent /Game/EndlessRunner/Maps/2DSideScrollerExampleMap.2DSideScrollerExampleMap:PersistentLevel.BP_Coin_C_1031.PaperSprite : Externally referenced 
[2015.05.19-14.58.58:037][  0]MapCheck:Warning: Warning PaperSprite PaperSpriteComponent /Game/EndlessRunner/Maps/2DSideScrollerExampleMap.2DSideScrollerExampleMap:PersistentLevel.BP_Coin_C_1032.PaperSprite : Externally referenced 
[2015.05.19-14.58.58:037][  0]MapCheck:Warning: Warning PaperSprite PaperSpriteComponent /Game/EndlessRunner/Maps/2DSideScrollerExampleMap.2DSideScrollerExampleMap:PersistentLevel.BP_Coin_C_1033.PaperSprite : Externally referenced 
[2015.05.19-14.58.58:037][  0]MapCheck:Warning: Warning PaperSprite PaperSpriteComponent /Game/EndlessRunner/Maps/2DSideScrollerExampleMap.2DSideScrollerExampleMap:PersistentLevel.BP_Coin_C_550.PaperSprite : Externally referenced 
[2015.05.19-14.58.58:038][  0]MapCheck:Warning: Warning PaperSprite PaperSpriteComponent /Game/EndlessRunner/Maps/2DSideScrollerExampleMap.2DSideScrollerExampleMap:PersistentLevel.BP_Coin_C_551.PaperSprite : Externally referenced 
[2015.05.19-14.58.58:038][  0]MapCheck:Warning: Warning PaperSprite PaperSpriteComponent /Game/EndlessRunner/Maps/2DSideScrollerExampleMap.2DSideScrollerExampleMap:PersistentLevel.BP_Coin_C_552.PaperSprite : Externally referenced 
[2015.05.19-14.58.58:038][  0]MapCheck:Warning: Warning PaperSprite PaperSpriteComponent /Game/EndlessRunner/Maps/2DSideScrollerExampleMap.2DSideScrollerExampleMap:PersistentLevel.BP_Coin_C_553.PaperSprite : Externally referenced 
[2015.05.19-14.58.58:039][  0]MapCheck:Warning: Warning PaperSprite PaperSpriteComponent /Game/EndlessRunner/Maps/2DSideScrollerExampleMap.2DSideScrollerExampleMap:PersistentLevel.BP_Coin_C_554.PaperSprite : Externally referenced 
[2015.05.19-14.58.58:039][  0]MapCheck:Warning: Warning PaperSprite PaperSpriteComponent /Game/EndlessRunner/Maps/2DSideScrollerExampleMap.2DSideScrollerExampleMap:PersistentLevel.BP_Coin_C_555.PaperSprite : Externally referenced 
[2015.05.19-14.58.58:039][  0]MapCheck:Warning: Warning PaperSprite PaperSpriteComponent /Game/EndlessRunner/Maps/2DSideScrollerExampleMap.2DSideScrollerExampleMap:PersistentLevel.BP_Coin_C_556.PaperSprite : Externally referenced 
[2015.05.19-14.58.58:040][  0]MapCheck:Warning: Warning PaperSprite PaperSpriteComponent /Game/EndlessRunner/Maps/2DSideScrollerExampleMap.2DSideScrollerExampleMap:PersistentLevel.BP_Coin_C_557.PaperSprite : Externally referenced 
[2015.05.19-14.58.58:040][  0]MapCheck:Warning: Warning PaperSprite PaperSpriteComponent /Game/EndlessRunner/Maps/2DSideScrollerExampleMap.2DSideScrollerExampleMap:PersistentLevel.BP_Coin_C_558.PaperSprite : Externally referenced 
[2015.05.19-14.58.58:040][  0]MapCheck:Warning: Warning PaperSprite PaperSpriteComponent /Game/EndlessRunner/Maps/2DSideScrollerExampleMap.2DSideScrollerExampleMap:PersistentLevel.BP_Coin_C_559.PaperSprite : Externally referenced 
[2015.05.19-14.58.58:041][  0]MapCheck:Warning: Warning PaperSprite PaperSpriteComponent /Game/EndlessRunner/Maps/2DSideScrollerExampleMap.2DSideScrollerExampleMap:PersistentLevel.BP_Coin_C_560.PaperSprite : Externally referenced 
[2015.05.19-14.58.58:041][  0]MapCheck:Warning: Warning PaperSprite PaperSpriteComponent /Game/EndlessRunner/Maps/2DSideScrollerExampleMap.2DSideScrollerExampleMap:PersistentLevel.BP_StartLevel_416.PaperSprite : Externally referenced 
[2015.05.19-14.58.58:041][  0]MapCheck:Warning: Warning PaperSprite PaperSpriteComponent /Game/EndlessRunner/Maps/2DSideScrollerExampleMap.2DSideScrollerExampleMap:PersistentLevel.BP_MidLevel_263.PaperSprite : Externally referenced 
[2015.05.19-14.58.58:042][  0]MapCheck:Warning: Warning PaperSprite PaperSpriteComponent /Game/EndlessRunner/Maps/2DSideScrollerExampleMap.2DSideScrollerExampleMap:PersistentLevel.LargeAsteroid_114.PaperSprite : Externally referenced 
[2015.05.19-14.58.58:042][  0]MapCheck:Warning: Warning RightEdge PaperSpriteComponent /Game/EndlessRunner/Maps/2DSideScrollerExampleMap.2DSideScrollerExampleMap:PersistentLevel.Gameplay_Screen_C_0.RightEdge : Externally referenced 
[2015.05.19-14.58.58:042][  0]MapCheck:Warning: Warning LeftEdge PaperSpriteComponent /Game/EndlessRunner/Maps/2DSideScrollerExampleMap.2DSideScrollerExampleMap:PersistentLevel.Gameplay_Screen_C_0.LeftEdge : Externally referenced 
[2015.05.19-14.58.58:042][  0]MapCheck:Warning: Warning TopEdge PaperSpriteComponent /Game/EndlessRunner/Maps/2DSideScrollerExampleMap.2DSideScrollerExampleMap:PersistentLevel.Gameplay_Screen_C_0.TopEdge : Externally referenced 
[2015.05.19-14.58.58:043][  0]MapCheck:Warning: Warning BottomEdge PaperSpriteComponent /Game/EndlessRunner/Maps/2DSideScrollerExampleMap.2DSideScrollerExampleMap:PersistentLevel.Gameplay_Screen_C_0.BottomEdge : Externally referenced 
[2015.05.19-14.58.58:043][  0]MapCheck:Warning: Warning PaperFlipbook PaperFlipbookComponent /Game/EndlessRunner/Maps/2DSideScrollerExampleMap.2DSideScrollerExampleMap:PersistentLevel.BP_Coin3_127.PaperFlipbook : Externally referenced 
[2015.05.19-14.58.58:043][  0]MapCheck:Warning: Warning PaperFlipbook PaperFlipbookComponent /Game/EndlessRunner/Maps/2DSideScrollerExampleMap.2DSideScrollerExampleMap:PersistentLevel.BP_Coin4_258.PaperFlipbook : Externally referenced 
[2015.05.19-14.58.58:044][  0]MapCheck:Warning: Warning PaperFlipbook PaperFlipbookComponent /Game/EndlessRunner/Maps/2DSideScrollerExampleMap.2DSideScrollerExampleMap:PersistentLevel.BP_Coin5_377.PaperFlipbook : Externally referenced 
[2015.05.19-14.58.58:044][  0]MapCheck:Warning: Warning PaperFlipbook PaperFlipbookComponent /Game/EndlessRunner/Maps/2DSideScrollerExampleMap.2DSideScrollerExampleMap:PersistentLevel.BP_Coin6_576.PaperFlipbook : Externally referenced 
[2015.05.19-14.58.58:044][  0]MapCheck:Warning: Warning PaperFlipbook PaperFlipbookComponent /Game/EndlessRunner/Maps/2DSideScrollerExampleMap.2DSideScrollerExampleMap:PersistentLevel.BP_Coin7_707.PaperFlipbook : Externally referenced 
[2015.05.19-14.58.58:045][  0]MapCheck:Warning: Warning PaperFlipbook PaperFlipbookComponent /Game/EndlessRunner/Maps/2DSideScrollerExampleMap.2DSideScrollerExampleMap:PersistentLevel.BP_Coin8_846.PaperFlipbook : Externally referenced 
[2015.05.19-14.58.58:045][  0]MapCheck:Warning: Warning PaperFlipbook PaperFlipbookComponent /Game/EndlessRunner/Maps/2DSideScrollerExampleMap.2DSideScrollerExampleMap:PersistentLevel.BP_Coin9_961.PaperFlipbook : Externally referenced 
[2015.05.19-14.58.58:045][  0]MapCheck:Warning: Warning PaperFlipbook PaperFlipbookComponent /Game/EndlessRunner/Maps/2DSideScrollerExampleMap.2DSideScrollerExampleMap:PersistentLevel.BP_Coin10_1092.PaperFlipbook : Externally referenced 
[2015.05.19-14.58.58:046][  0]MapCheck:Warning: Warning PaperFlipbook PaperFlipbookComponent /Game/EndlessRunner/Maps/2DSideScrollerExampleMap.2DSideScrollerExampleMap:PersistentLevel.BP_Coin11_1239.PaperFlipbook : Externally referenced 
[2015.05.19-14.58.58:046][  0]MapCheck:Warning: Warning PaperFlipbook PaperFlipbookComponent /Game/EndlessRunner/Maps/2DSideScrollerExampleMap.2DSideScrollerExampleMap:PersistentLevel.BP_Coin12_1430.PaperFlipbook : Externally referenced 
[2015.05.19-14.58.58:046][  0]MapCheck: Info Map check complete: 0 Error(s), 54 Warning(s), took 422.752ms to complete.
[2015.05.19-14.58.58:058][  0]LogFileHelpers: Loading map '2DSideScrollerExampleMap' took 7.643
[2015.05.19-14.58.58:176][  0]LogCollectionManager: Loaded 0 collections in 0.001391 seconds
[2015.05.19-14.58.58:186][  0]LogContentBrowser: Native class hierarchy populated in 0.0095 seconds. Added 1697 classes and 263 folders.
[2015.05.19-14.58.58:241][  0]LogContentBrowser: Native class hierarchy updated for 'SceneOutliner' in 0.0054 seconds. Added 1 classes and 2 folders.
[2015.05.19-14.58.58:306][  0]LogCrashTracker: Crashtracker disabled due to settings.
[2015.05.19-14.58.58:307][  0]LogSlate:Warning: Failed to load font data from 'Veranda'
[2015.05.19-14.58.58:313][  0]LogUObjectGlobals:Warning: Failed to find object 'Class None.'
[2015.05.19-14.58.58:342][  0]LogLoad: Full Startup: 19.47 seconds (BP compile: 3.09 seconds)
[2015.05.19-14.58.58:376][  0]LogContentBrowser:Verbose: The content browser source was changed by the sources view to '/Game/EndlessRunner/Blueprints'
[2015.05.19-14.58.58:543][  0]LogRenderer:Warning: Reallocating scene render targets to support 1208x576 (Frame:2).
[2015.05.19-14.58.59:154][  5]LogAssetRegistry: Asset discovery search completed in 10.3255 seconds
[2015.05.19-14.59.04:877][641]LogContentBrowser:Verbose: The content browser source was changed by the sources view to '/Game/EndlessRunner/Maps'
[2015.05.19-14.59.06:918][851]LogTexture:Display: Building textures: HomeScreen_BG (AutoDXT)
[2015.05.19-14.59.09:820][851]LogTexture:Display: Building textures: Endless_mode_not_pressed (AutoDXT)
[2015.05.19-14.59.09:885][851]LogTexture:Display: Building textures: Customize_not_pressed (AutoDXT)
[2015.05.19-14.59.09:970][851]LogTexture:Display: Building textures: Options_not_pressed (AutoDXT)
[2015.05.19-14.59.10:054][851]LogTexture:Display: Building textures: Shop_coming_soon (AutoDXT)
[2015.05.19-14.59.10:115][851]LogTexture:Display: Building textures: Story_mode_Coming_soon (AutoDXT)
[2015.05.19-14.59.10:323][851]Cmd: MAP LOAD FILE="C:/Users/n8695164/Desktop/SpaceRace/Content/EndlessRunner/Maps/HomeScreen.umap" TEMPLATE=0 SHOWPROGRESS=1 FEATURELEVEL=3
[2015.05.19-14.59.10:324][851]LightingResults: New page: Lighting Build
[2015.05.19-14.59.10:351][851]LoadErrors: New page: Loading map: HomeScreen.umap
[2015.05.19-14.59.10:353][851]MapCheck: New page: Map Check
[2015.05.19-14.59.10:353][851]LightingResults: New page: Lighting Build
[2015.05.19-14.59.10:362][851]LogParticles: Destroying 0 GPU particle simulations for FXSystem 0x000000001CEA1F80
[2015.05.19-14.59.10:372][851]LogEditorServer: Finished looking for orphan Actors (0.000 secs)
[2015.05.19-14.59.10:374][851]LogAIModule: Creating AISystem for world HomeScreen
[2015.05.19-14.59.10:390][851]Cmd: MAP CHECKDEP
[2015.05.19-14.59.10:390][851]MapCheck: New page: HomeScreen - 20 May 2015 10:59:10 am
[2015.05.19-14.59.10:607][851]MapCheck:Warning: Warning BG_HomeScreen_48 PaperSpriteComponent /Game/EndlessRunner/Maps/HomeScreen.HomeScreen:PersistentLevel.BG_HomeScreen_48.PaperSprite : Externally referenced 
[2015.05.19-14.59.10:608][851]MapCheck: Info Map check complete: 0 Error(s), 1 Warning(s), took 217.462ms to complete.
[2015.05.19-14.59.10:617][851]LogFileHelpers: Loading map 'HomeScreen' took 0.296
[2015.05.19-14.59.12:700][ 58]LogEditorViewport: Clicking on Actor (LMB): BG_HomeScreen_C (BG_HomeScreen)
[2015.05.19-15.00.05:300][294]LogEditorViewport: Clicking Background
[2015.05.19-15.00.07:469][551]Cmd: TRANSACTION UNDO
[2015.05.19-15.00.07:469][551]LogEditorTransaction: Undo Clicking Background
[2015.05.19-15.00.09:393][741]Cmd: TRANSACTION UNDO
[2015.05.19-15.00.09:393][741]LogEditorTransaction: Undo Create Camera Here
[2015.05.19-15.00.55:446][912]Cmd: MAP LOAD FILE="C:/Users/n8695164/Desktop/SpaceRace/Content/EndlessRunner/Maps/2DSideScrollerExampleMap.umap" TEMPLATE=0 SHOWPROGRESS=1 FEATURELEVEL=3
[2015.05.19-15.00.55:447][912]LightingResults: New page: Lighting Build
[2015.05.19-15.00.55:474][912]LoadErrors: New page: Loading map: 2DSideScrollerExampleMap.umap
[2015.05.19-15.00.55:475][912]MapCheck: New page: Map Check
[2015.05.19-15.00.55:475][912]LightingResults: New page: Lighting Build
[2015.05.19-15.00.55:485][912]LogParticles: Destroying 0 GPU particle simulations for FXSystem 0x0000000029727BA0
[2015.05.19-15.00.55:512][912]LogEditorServer: Finished looking for orphan Actors (0.000 secs)
[2015.05.19-15.00.55:514][912]LogAIModule: Creating AISystem for world 2DSideScrollerExampleMap
[2015.05.19-15.00.55:530][912]Cmd: MAP CHECKDEP
[2015.05.19-15.00.55:531][912]MapCheck: New page: 2DSideScrollerExampleMap - 20 May 2015 11:00:55 am
[2015.05.19-15.00.55:885][912]MapCheck:Warning: Warning ShipCharacter_C_2 PaperFlipbookComponent /Game/EndlessRunner/Maps/2DSideScrollerExampleMap.2DSideScrollerExampleMap:PersistentLevel.ShipCharacter_C_2.Sprite0 : Externally referenced 
[2015.05.19-15.00.55:886][912]MapCheck:Warning: Warning ShipCharacter_C_2 PaperFlipbookComponent /Game/EndlessRunner/Maps/2DSideScrollerExampleMap.2DSideScrollerExampleMap:PersistentLevel.ShipCharacter_C_2.PaperFlipbook1 : Externally referenced 
[2015.05.19-15.00.55:886][912]MapCheck:Warning: Warning ShipCharacter_C_2 PaperFlipbookComponent /Game/EndlessRunner/Maps/2DSideScrollerExampleMap.2DSideScrollerExampleMap:PersistentLevel.ShipCharacter_C_2.PaperFlipbook2 : Externally referenced 
[2015.05.19-15.00.55:887][912]MapCheck:Warning: Warning ShipCharacter_C_2 PaperFlipbookComponent /Game/EndlessRunner/Maps/2DSideScrollerExampleMap.2DSideScrollerExampleMap:PersistentLevel.ShipCharacter_C_2.PaperFlipbook : Externally referenced 
[2015.05.19-15.00.55:887][912]MapCheck:Warning: Warning BP_Coin_C_560 PaperSpriteComponent /Game/EndlessRunner/Maps/2DSideScrollerExampleMap.2DSideScrollerExampleMap:PersistentLevel.BP_Coin_C_560.PaperSprite : Externally referenced 
[2015.05.19-15.00.55:888][912]MapCheck:Warning: Warning BP_Coin_C_559 PaperSpriteComponent /Game/EndlessRunner/Maps/2DSideScrollerExampleMap.2DSideScrollerExampleMap:PersistentLevel.BP_Coin_C_559.PaperSprite : Externally referenced 
[2015.05.19-15.00.55:888][912]MapCheck:Warning: Warning BP_Coin_C_558 PaperSpriteComponent /Game/EndlessRunner/Maps/2DSideScrollerExampleMap.2DSideScrollerExampleMap:PersistentLevel.BP_Coin_C_558.PaperSprite : Externally referenced 
[2015.05.19-15.00.55:888][912]MapCheck:Warning: Warning BP_Coin_C_557 PaperSpriteComponent /Game/EndlessRunner/Maps/2DSideScrollerExampleMap.2DSideScrollerExampleMap:PersistentLevel.BP_Coin_C_557.PaperSprite : Externally referenced 
[2015.05.19-15.00.55:889][912]MapCheck:Warning: Warning BP_Coin_C_556 PaperSpriteComponent /Game/EndlessRunner/Maps/2DSideScrollerExampleMap.2DSideScrollerExampleMap:PersistentLevel.BP_Coin_C_556.PaperSprite : Externally referenced 
[2015.05.19-15.00.55:889][912]MapCheck:Warning: Warning BP_Coin_C_555 PaperSpriteComponent /Game/EndlessRunner/Maps/2DSideScrollerExampleMap.2DSideScrollerExampleMap:PersistentLevel.BP_Coin_C_555.PaperSprite : Externally referenced 
[2015.05.19-15.00.55:889][912]MapCheck:Warning: Warning BP_Coin_C_554 PaperSpriteComponent /Game/EndlessRunner/Maps/2DSideScrollerExampleMap.2DSideScrollerExampleMap:PersistentLevel.BP_Coin_C_554.PaperSprite : Externally referenced 
[2015.05.19-15.00.55:890][912]MapCheck:Warning: Warning BP_Coin_C_553 PaperSpriteComponent /Game/EndlessRunner/Maps/2DSideScrollerExampleMap.2DSideScrollerExampleMap:PersistentLevel.BP_Coin_C_553.PaperSprite : Externally referenced 
[2015.05.19-15.00.55:890][912]MapCheck:Warning: Warning BP_Coin_C_552 PaperSpriteComponent /Game/EndlessRunner/Maps/2DSideScrollerExampleMap.2DSideScrollerExampleMap:PersistentLevel.BP_Coin_C_552.PaperSprite : Externally referenced 
[2015.05.19-15.00.55:890][912]MapCheck:Warning: Warning BP_Coin_C_551 PaperSpriteComponent /Game/EndlessRunner/Maps/2DSideScrollerExampleMap.2DSideScrollerExampleMap:PersistentLevel.BP_Coin_C_551.PaperSprite : Externally referenced 
[2015.05.19-15.00.55:891][912]MapCheck:Warning: Warning BP_Coin_C_550 PaperSpriteComponent /Game/EndlessRunner/Maps/2DSideScrollerExampleMap.2DSideScrollerExampleMap:PersistentLevel.BP_Coin_C_550.PaperSprite : Externally referenced 
[2015.05.19-15.00.55:891][912]MapCheck:Warning: Warning BP_Coin_C_1033 PaperSpriteComponent /Game/EndlessRunner/Maps/2DSideScrollerExampleMap.2DSideScrollerExampleMap:PersistentLevel.BP_Coin_C_1033.PaperSprite : Externally referenced 
[2015.05.19-15.00.55:891][912]MapCheck:Warning: Warning BP_Coin_C_1032 PaperSpriteComponent /Game/EndlessRunner/Maps/2DSideScrollerExampleMap.2DSideScrollerExampleMap:PersistentLevel.BP_Coin_C_1032.PaperSprite : Externally referenced 
[2015.05.19-15.00.55:892][912]MapCheck:Warning: Warning BP_Coin_C_1031 PaperSpriteComponent /Game/EndlessRunner/Maps/2DSideScrollerExampleMap.2DSideScrollerExampleMap:PersistentLevel.BP_Coin_C_1031.PaperSprite : Externally referenced 
[2015.05.19-15.00.55:892][912]MapCheck:Warning: Warning BP_Coin_C_1030 PaperSpriteComponent /Game/EndlessRunner/Maps/2DSideScrollerExampleMap.2DSideScrollerExampleMap:PersistentLevel.BP_Coin_C_1030.PaperSprite : Externally referenced 
[2015.05.19-15.00.55:892][912]MapCheck:Warning: Warning BP_Coin_C_1029 PaperSpriteComponent /Game/EndlessRunner/Maps/2DSideScrollerExampleMap.2DSideScrollerExampleMap:PersistentLevel.BP_Coin_C_1029.PaperSprite : Externally referenced 
[2015.05.19-15.00.55:893][912]MapCheck:Warning: Warning BP_Coin_C_1028 PaperSpriteComponent /Game/EndlessRunner/Maps/2DSideScrollerExampleMap.2DSideScrollerExampleMap:PersistentLevel.BP_Coin_C_1028.PaperSprite : Externally referenced 
[2015.05.19-15.00.55:893][912]MapCheck:Warning: Warning BP_Coin_C_1027 PaperSpriteComponent /Game/EndlessRunner/Maps/2DSideScrollerExampleMap.2DSideScrollerExampleMap:PersistentLevel.BP_Coin_C_1027.PaperSprite : Externally referenced 
[2015.05.19-15.00.55:894][912]MapCheck:Warning: Warning BP_Coin_C_1023 PaperSpriteComponent /Game/EndlessRunner/Maps/2DSideScrollerExampleMap.2DSideScrollerExampleMap:PersistentLevel.BP_Coin_C_1023.PaperSprite : Externally referenced 
[2015.05.19-15.00.55:894][912]MapCheck:Warning: Warning BP_Coin_C_1026 PaperSpriteComponent /Game/EndlessRunner/Maps/2DSideScrollerExampleMap.2DSideScrollerExampleMap:PersistentLevel.BP_Coin_C_1026.PaperSprite : Externally referenced 
[2015.05.19-15.00.55:894][912]MapCheck:Warning: Warning BP_Coin_C_2209 PaperSpriteComponent /Game/EndlessRunner/Maps/2DSideScrollerExampleMap.2DSideScrollerExampleMap:PersistentLevel.BP_Coin_C_2209.PaperSprite : Externally referenced 
[2015.05.19-15.00.55:895][912]MapCheck:Warning: Warning BP_Coin_C_2208 PaperSpriteComponent /Game/EndlessRunner/Maps/2DSideScrollerExampleMap.2DSideScrollerExampleMap:PersistentLevel.BP_Coin_C_2208.PaperSprite : Externally referenced 
[2015.05.19-15.00.55:895][912]MapCheck:Warning: Warning BP_Coin_C_2207 PaperSpriteComponent /Game/EndlessRunner/Maps/2DSideScrollerExampleMap.2DSideScrollerExampleMap:PersistentLevel.BP_Coin_C_2207.PaperSprite : Externally referenced 
[2015.05.19-15.00.55:895][912]MapCheck:Warning: Warning BP_Coin_C_2206 PaperSpriteComponent /Game/EndlessRunner/Maps/2DSideScrollerExampleMap.2DSideScrollerExampleMap:PersistentLevel.BP_Coin_C_2206.PaperSprite : Externally referenced 
[2015.05.19-15.00.55:896][912]MapCheck:Warning: Warning BP_Coin_C_2205 PaperSpriteComponent /Game/EndlessRunner/Maps/2DSideScrollerExampleMap.2DSideScrollerExampleMap:PersistentLevel.BP_Coin_C_2205.PaperSprite : Externally referenced 
[2015.05.19-15.00.55:896][912]MapCheck:Warning: Warning BP_Coin_C_2204 PaperSpriteComponent /Game/EndlessRunner/Maps/2DSideScrollerExampleMap.2DSideScrollerExampleMap:PersistentLevel.BP_Coin_C_2204.PaperSprite : Externally referenced 
[2015.05.19-15.00.55:896][912]MapCheck:Warning: Warning BP_Coin_C_2203 PaperSpriteComponent /Game/EndlessRunner/Maps/2DSideScrollerExampleMap.2DSideScrollerExampleMap:PersistentLevel.BP_Coin_C_2203.PaperSprite : Externally referenced 
[2015.05.19-15.00.55:897][912]MapCheck:Warning: Warning BP_Coin_C_2202 PaperSpriteComponent /Game/EndlessRunner/Maps/2DSideScrollerExampleMap.2DSideScrollerExampleMap:PersistentLevel.BP_Coin_C_2202.PaperSprite : Externally referenced 
[2015.05.19-15.00.55:897][912]MapCheck:Warning: Warning BP_Coin_C_2201 PaperSpriteComponent /Game/EndlessRunner/Maps/2DSideScrollerExampleMap.2DSideScrollerExampleMap:PersistentLevel.BP_Coin_C_2201.PaperSprite : Externally referenced 
[2015.05.19-15.00.55:897][912]MapCheck:Warning: Warning BP_Coin_C_2200 PaperSpriteComponent /Game/EndlessRunner/Maps/2DSideScrollerExampleMap.2DSideScrollerExampleMap:PersistentLevel.BP_Coin_C_2200.PaperSprite : Externally referenced 
[2015.05.19-15.00.55:898][912]MapCheck:Warning: Warning BP_Coin_C_2199 PaperSpriteComponent /Game/EndlessRunner/Maps/2DSideScrollerExampleMap.2DSideScrollerExampleMap:PersistentLevel.BP_Coin_C_2199.PaperSprite : Externally referenced 
[2015.05.19-15.00.55:898][912]MapCheck:Warning: Warning BP_Coin_C_1025 PaperSpriteComponent /Game/EndlessRunner/Maps/2DSideScrollerExampleMap.2DSideScrollerExampleMap:PersistentLevel.BP_Coin_C_1025.PaperSprite : Externally referenced 
[2015.05.19-15.00.55:898][912]MapCheck:Warning: Warning BP_Coin_C_1024 PaperSpriteComponent /Game/EndlessRunner/Maps/2DSideScrollerExampleMap.2DSideScrollerExampleMap:PersistentLevel.BP_Coin_C_1024.PaperSprite : Externally referenced 
[2015.05.19-15.00.55:899][912]MapCheck:Warning: Warning BP_StartLevel_416 PaperSpriteComponent /Game/EndlessRunner/Maps/2DSideScrollerExampleMap.2DSideScrollerExampleMap:PersistentLevel.BP_StartLevel_416.PaperSprite : Externally referenced 
[2015.05.19-15.00.55:899][912]MapCheck:Warning: Warning BP_MidLevel_263 PaperSpriteComponent /Game/EndlessRunner/Maps/2DSideScrollerExampleMap.2DSideScrollerExampleMap:PersistentLevel.BP_MidLevel_263.PaperSprite : Externally referenced 
[2015.05.19-15.00.55:899][912]MapCheck:Warning: Warning LargeAsteroid_114 PaperSpriteComponent /Game/EndlessRunner/Maps/2DSideScrollerExampleMap.2DSideScrollerExampleMap:PersistentLevel.LargeAsteroid_114.PaperSprite : Externally referenced 
[2015.05.19-15.00.55:900][912]MapCheck:Warning: Warning Gameplay_Screen_C_0 PaperSpriteComponent /Game/EndlessRunner/Maps/2DSideScrollerExampleMap.2DSideScrollerExampleMap:PersistentLevel.Gameplay_Screen_C_0.BottomEdge : Externally referenced 
[2015.05.19-15.00.55:900][912]MapCheck:Warning: Warning Gameplay_Screen_C_0 PaperSpriteComponent /Game/EndlessRunner/Maps/2DSideScrollerExampleMap.2DSideScrollerExampleMap:PersistentLevel.Gameplay_Screen_C_0.TopEdge : Externally referenced 
[2015.05.19-15.00.55:900][912]MapCheck:Warning: Warning Gameplay_Screen_C_0 PaperSpriteComponent /Game/EndlessRunner/Maps/2DSideScrollerExampleMap.2DSideScrollerExampleMap:PersistentLevel.Gameplay_Screen_C_0.LeftEdge : Externally referenced 
[2015.05.19-15.00.55:901][912]MapCheck:Warning: Warning Gameplay_Screen_C_0 PaperSpriteComponent /Game/EndlessRunner/Maps/2DSideScrollerExampleMap.2DSideScrollerExampleMap:PersistentLevel.Gameplay_Screen_C_0.RightEdge : Externally referenced 
[2015.05.19-15.00.55:901][912]MapCheck:Warning: Warning BP_Coin12_1430 PaperFlipbookComponent /Game/EndlessRunner/Maps/2DSideScrollerExampleMap.2DSideScrollerExampleMap:PersistentLevel.BP_Coin12_1430.PaperFlipbook : Externally referenced 
[2015.05.19-15.00.55:901][912]MapCheck:Warning: Warning BP_Coin11_1239 PaperFlipbookComponent /Game/EndlessRunner/Maps/2DSideScrollerExampleMap.2DSideScrollerExampleMap:PersistentLevel.BP_Coin11_1239.PaperFlipbook : Externally referenced 
[2015.05.19-15.00.55:902][912]MapCheck:Warning: Warning BP_Coin10_1092 PaperFlipbookComponent /Game/EndlessRunner/Maps/2DSideScrollerExampleMap.2DSideScrollerExampleMap:PersistentLevel.BP_Coin10_1092.PaperFlipbook : Externally referenced 
[2015.05.19-15.00.55:902][912]MapCheck:Warning: Warning BP_Coin9_961 PaperFlipbookComponent /Game/EndlessRunner/Maps/2DSideScrollerExampleMap.2DSideScrollerExampleMap:PersistentLevel.BP_Coin9_961.PaperFlipbook : Externally referenced 
[2015.05.19-15.00.55:902][912]MapCheck:Warning: Warning BP_Coin8_846 PaperFlipbookComponent /Game/EndlessRunner/Maps/2DSideScrollerExampleMap.2DSideScrollerExampleMap:PersistentLevel.BP_Coin8_846.PaperFlipbook : Externally referenced 
[2015.05.19-15.00.55:903][912]MapCheck:Warning: Warning BP_Coin7_707 PaperFlipbookComponent /Game/EndlessRunner/Maps/2DSideScrollerExampleMap.2DSideScrollerExampleMap:PersistentLevel.BP_Coin7_707.PaperFlipbook : Externally referenced 
[2015.05.19-15.00.55:903][912]MapCheck:Warning: Warning BP_Coin6_576 PaperFlipbookComponent /Game/EndlessRunner/Maps/2DSideScrollerExampleMap.2DSideScrollerExampleMap:PersistentLevel.BP_Coin6_576.PaperFlipbook : Externally referenced 
[2015.05.19-15.00.55:903][912]MapCheck:Warning: Warning BP_Coin5_377 PaperFlipbookComponent /Game/EndlessRunner/Maps/2DSideScrollerExampleMap.2DSideScrollerExampleMap:PersistentLevel.BP_Coin5_377.PaperFlipbook : Externally referenced 
[2015.05.19-15.00.55:904][912]MapCheck:Warning: Warning BP_Coin4_258 PaperFlipbookComponent /Game/EndlessRunner/Maps/2DSideScrollerExampleMap.2DSideScrollerExampleMap:PersistentLevel.BP_Coin4_258.PaperFlipbook : Externally referenced 
[2015.05.19-15.00.55:904][912]MapCheck:Warning: Warning BP_Coin3_127 PaperFlipbookComponent /Game/EndlessRunner/Maps/2DSideScrollerExampleMap.2DSideScrollerExampleMap:PersistentLevel.BP_Coin3_127.PaperFlipbook : Externally referenced 
[2015.05.19-15.00.55:904][912]MapCheck: Info Map check complete: 0 Error(s), 54 Warning(s), took 373.584ms to complete.
[2015.05.19-15.00.55:913][912]LogFileHelpers: Loading map '2DSideScrollerExampleMap' took 0.470
[2015.05.19-15.01.03:231][729]LogEditorViewport: Clicking on Actor (LMB): BP_StartLevel_C (BP_StartLevel)
[2015.05.19-15.01.04:600][889]LogContentBrowser:Verbose: The content browser source was changed by the sources view to '/Game/EndlessRunner/Sound'
[2015.05.19-15.01.05:533][999]LogContentBrowser:Verbose: The content browser source was changed by the sources view to '/Game/EndlessRunner/Blueprints'
[2015.05.19-15.01.47:979][937]BlueprintLog: New page: Pre-PIE auto-recompile
[2015.05.19-15.01.48:001][937]LogPlayLevel: [PIE] Compiling ShipCharacter before PIE...
[2015.05.19-15.01.48:194][937]LogPlayLevel: [PIE] Compiling BP_Coin before PIE...
[2015.05.19-15.01.48:264][937]LogPlayLevel: [PIE] Compiling BP_StartLevel before PIE...
[2015.05.19-15.01.48:488][937]LogPlayLevel: [PIE] Compiling BP_Asteroid before PIE...
[2015.05.19-15.01.48:539][937]LogPlayLevel: [PIE] Compiling BP_Coin2 before PIE...
[2015.05.19-15.01.48:598][937]LogPlayLevel: [PIE] Compiling LargeAsteroid before PIE...
[2015.05.19-15.01.48:650][937]LogPlayLevel: [PIE] Compiling RunHUD before PIE...
[2015.05.19-15.01.48:659][937]LogBlueprint:Error: [compiler] Error Binding: Property ' bIsEnabledDelegate ' on Widget ' Coin gauge ': Member:Get_Coin gauge_bIsEnabled_0 Unable to bind Float Property, unsupported type.
[2015.05.19-15.01.48:733][937]LogBlueprint:Warning: [compiler] Warning [0189.84] Compile of RunHUD failed. 1 Fatal Issue(s) 0 Warning(s) [in 79 ms]
[2015.05.19-15.01.48:733][937]LogBlueprint:Warning: [compiler] Warning [0189.84] Compile of RunHUD failed. 1 Fatal Issue(s) 1 Warning(s) [in 0 ms]
[2015.05.19-15.01.48:734][937]LogBlueprint:Warning: [compiler] Warning [0189.84] Compile of RunHUD failed. 1 Fatal Issue(s) 2 Warning(s) [in 0 ms]
[2015.05.19-15.01.48:737][937]LogBlueprint:Warning: [compiler] Warning [0189.85] Compile of RunHUD failed. 1 Fatal Issue(s) 3 Warning(s) [in 3 ms]
[2015.05.19-15.01.48:746][937]LogBlueprint:Warning: [compiler] Warning [0189.86] Compile of RunHUD failed. 1 Fatal Issue(s) 4 Warning(s) [in 8 ms]
[2015.05.19-15.01.48:746][937]LogBlueprint:Warning: [compiler] Warning [0189.86] Compile of RunHUD failed. 1 Fatal Issue(s) 5 Warning(s) [in 0 ms]
[2015.05.19-15.01.48:750][937]LogPlayLevel: [PIE] Compiling RunGameMode before PIE...
[2015.05.19-15.01.48:816][937]LogPlayLevel: [PIE] Compiling BP_EndLevel before PIE...
[2015.05.19-15.01.48:858][937]LogPlayLevel: [PIE] Compiling BP_MidLevel before PIE...
[2015.05.19-15.01.48:927][937]LogPlayLevel: PIE:  Blueprint regeneration took 947 ms (10 blueprints)
[2015.05.19-15.01.50:888][937]BlueprintLog: Info Blueprint RunHUD failed to compile
[2015.05.19-15.01.50:889][937]PIE: New page: PIE session: 2DSideScrollerExampleMap (20 May 2015 11:01:50 am)
[2015.05.19-15.01.50:897][937]LogPlayLevel: PIE: StaticDuplicateObject took: (0.005679s)
[2015.05.19-15.01.50:898][937]LogPlayLevel: PIE: World Init took: (0.000521s)
[2015.05.19-15.01.50:899][937]LogPlayLevel: PIE: Created PIE world by copying editor world from /Game/EndlessRunner/Maps/2DSideScrollerExampleMap.2DSideScrollerExampleMap to /Game/EndlessRunner/Maps/UEDPIE_0_2DSideScrollerExampleMap.2DSideScrollerExampleMap (0.007101s)
[2015.05.19-15.01.50:951][937]LogWorld: Game class is 'RunGameMode_C'
[2015.05.19-15.01.50:954][937]LogAIModule: Creating AISystem for world 2DSideScrollerExampleMap
[2015.05.19-15.01.50:963][937]LogWorld: Bringing World /Game/EndlessRunner/Maps/UEDPIE_0_2DSideScrollerExampleMap.2DSideScrollerExampleMap up for play (max tick rate 0) at 2015.05.20-01.01.50
[2015.05.19-15.01.50:964][937]LogWorld: Bringing up level for play took: 0.010190
[2015.05.19-15.01.50:997][937]PIE: Info Play in editor start time for /Game/EndlessRunner/Maps/UEDPIE_0_2DSideScrollerExampleMap 3.463
[2015.05.19-15.01.55:722][397]LogBlueprintUserMessages: Hello
[2015.05.19-15.02.00:717][934]LogBlueprintUserMessages: Hello
[2015.05.19-15.02.01:265][996]Cmd: RestartLevel
[2015.05.19-15.02.01:274][997]LogNet: Browse: /Game/EndlessRunner/Maps/2DSideScrollerExampleMap?restart
[2015.05.19-15.02.01:275][997]LogLoad: LoadMap: /Game/EndlessRunner/Maps/2DSideScrollerExampleMap
[2015.05.19-15.02.01:302][997]LogParticles: Destroying 0 GPU particle simulations for FXSystem 0x000000001D0DB7E0
[2015.05.19-15.02.01:302][997]Cmd: MEM
[2015.05.19-15.02.01:323][997]LogMemory: Platform Memory Stats for Windows
[2015.05.19-15.02.01:324][997]LogMemory: Process Physical Memory: 796.02 MB used, 796.02 MB peak
[2015.05.19-15.02.01:324][997]LogMemory: Process Virtual Memory: 699.79 MB used, 699.79 MB peak
[2015.05.19-15.02.01:324][997]LogMemory: Physical Memory: 6391.86 MB used, 32720.52 MB total
[2015.05.19-15.02.01:325][997]LogMemory: Virtual Memory: 1217.02 MB used, 8388608.00 MB total
[2015.05.19-15.02.01:325][997]LogMemory: 
[2015.05.19-15.02.01:325][997]Allocator Stats for TBB: (not implemented)
[2015.05.19-15.02.01:331][997]LogPlayLevel: PIE: StaticDuplicateObject took: (0.005698s)
[2015.05.19-15.02.01:332][997]LogPlayLevel: PIE: World Init took: (0.000555s)
[2015.05.19-15.02.01:332][997]LogPlayLevel: PIE: Created PIE world by copying editor world from /Game/EndlessRunner/Maps/2DSideScrollerExampleMap.2DSideScrollerExampleMap to /Game/EndlessRunner/Maps/UEDPIE_0_2DSideScrollerExampleMap.2DSideScrollerExampleMap (0.006945s)
[2015.05.19-15.02.01:333][997]LogWorld: Game class is 'RunGameMode_C'
[2015.05.19-15.02.01:335][997]LogAIModule: Creating AISystem for world 2DSideScrollerExampleMap
[2015.05.19-15.02.01:344][997]LogWorld: Bringing World /Game/EndlessRunner/Maps/UEDPIE_0_2DSideScrollerExampleMap.2DSideScrollerExampleMap up for play (max tick rate 0) at 2015.05.20-01.02.01
[2015.05.19-15.02.01:345][997]LogWorld: Bringing up level for play took: 0.008819
[2015.05.19-15.02.06:264][521]LogBlueprintUserMessages: Hello
[2015.05.19-15.02.11:268][ 62]LogBlueprintUserMessages: Hello
[2015.05.19-15.02.16:272][600]LogBlueprintUserMessages: Hello
[2015.05.19-15.02.17:506][734]LogScript:Warning: Cannot access 'Root'. It is pending kill. Property: 'Root'
	Wave2_C /Game/EndlessRunner/Maps/UEDPIE_0_2DSideScrollerExampleMap.2DSideScrollerExampleMap:PersistentLevel.Wave2_C_2
	Function /Game/EndlessRunner/Blueprints/Wave2.Wave2_C:ExecuteUbergraph_Wave2:00C4
[2015.05.19-15.02.17:507][734]PIE:Error: Error Cannot access 'Root'. It is pending kill. Property: 'Root' from node Construction Script in blueprint Wave2
[2015.05.19-15.02.21:268][142]LogBlueprintUserMessages: Hello
[2015.05.19-15.02.26:274][678]LogBlueprintUserMessages: Hello
[2015.05.19-15.02.27:508][813]LogScript:Warning: Cannot access 'Root'. It is pending kill. Property: 'Root'
	Wave2_C /Game/EndlessRunner/Maps/UEDPIE_0_2DSideScrollerExampleMap.2DSideScrollerExampleMap:PersistentLevel.Wave2_C_3
	Function /Game/EndlessRunner/Blueprints/Wave2.Wave2_C:ExecuteUbergraph_Wave2:00C4
[2015.05.19-15.02.27:508][813]PIE:Error: Error Cannot access 'Root'. It is pending kill. Property: 'Root' from node Construction Script in blueprint Wave2
[2015.05.19-15.02.31:271][199]LogBlueprintUserMessages: Hello
[2015.05.19-15.02.32:508][325]LogScript:Warning: Cannot access 'Root'. It is pending kill. Property: 'Root'
	Wave2_C /Game/EndlessRunner/Maps/UEDPIE_0_2DSideScrollerExampleMap.2DSideScrollerExampleMap:PersistentLevel.Wave2_C_4
	Function /Game/EndlessRunner/Blueprints/Wave2.Wave2_C:ExecuteUbergraph_Wave2:00C4
[2015.05.19-15.02.32:508][325]PIE:Error: Error Cannot access 'Root'. It is pending kill. Property: 'Root' from node Construction Script in blueprint Wave2
[2015.05.19-15.02.36:275][707]LogBlueprintUserMessages: Hello
[2015.05.19-15.02.41:272][211]LogBlueprintUserMessages: Hello
[2015.05.19-15.02.42:509][344]LogScript:Warning: Cannot access 'Root'. It is pending kill. Property: 'Root'
	Wave2_C /Game/EndlessRunner/Maps/UEDPIE_0_2DSideScrollerExampleMap.2DSideScrollerExampleMap:PersistentLevel.Wave2_C_5
	Function /Game/EndlessRunner/Blueprints/Wave2.Wave2_C:ExecuteUbergraph_Wave2:00C4
[2015.05.19-15.02.42:510][344]PIE:Error: Error Cannot access 'Root'. It is pending kill. Property: 'Root' from node Construction Script in blueprint Wave2
[2015.05.19-15.02.46:269][709]LogBlueprintUserMessages: Hello
[2015.05.19-15.02.51:270][220]LogBlueprintUserMessages: Hello
[2015.05.19-15.02.52:120][312]Cmd: RestartLevel
[2015.05.19-15.02.52:129][313]LogNet: Browse: /Game/EndlessRunner/Maps/2DSideScrollerExampleMap?restart
[2015.05.19-15.02.52:130][313]LogLoad: LoadMap: /Game/EndlessRunner/Maps/2DSideScrollerExampleMap
[2015.05.19-15.02.52:150][313]LogParticles: Destroying 0 GPU particle simulations for FXSystem 0x0000000018B43E20
[2015.05.19-15.02.52:159][313]Cmd: MEM
[2015.05.19-15.02.52:179][313]LogMemory: Platform Memory Stats for Windows
[2015.05.19-15.02.52:180][313]LogMemory: Process Physical Memory: 794.49 MB used, 796.05 MB peak
[2015.05.19-15.02.52:180][313]LogMemory: Process Virtual Memory: 695.85 MB used, 699.79 MB peak
[2015.05.19-15.02.52:181][313]LogMemory: Physical Memory: 6378.66 MB used, 32720.52 MB total
[2015.05.19-15.02.52:181][313]LogMemory: Virtual Memory: 1222.64 MB used, 8388608.00 MB total
[2015.05.19-15.02.52:181][313]LogMemory: 
[2015.05.19-15.02.52:181][313]Allocator Stats for TBB: (not implemented)
[2015.05.19-15.02.52:187][313]LogPlayLevel: PIE: StaticDuplicateObject took: (0.005762s)
[2015.05.19-15.02.52:188][313]LogPlayLevel: PIE: World Init took: (0.000535s)
[2015.05.19-15.02.52:189][313]LogPlayLevel: PIE: Created PIE world by copying editor world from /Game/EndlessRunner/Maps/2DSideScrollerExampleMap.2DSideScrollerExampleMap to /Game/EndlessRunner/Maps/UEDPIE_0_2DSideScrollerExampleMap.2DSideScrollerExampleMap (0.006914s)
[2015.05.19-15.02.52:189][313]LogWorld: Game class is 'RunGameMode_C'
[2015.05.19-15.02.52:191][313]LogAIModule: Creating AISystem for world 2DSideScrollerExampleMap
[2015.05.19-15.02.52:200][313]LogWorld: Bringing World /Game/EndlessRunner/Maps/UEDPIE_0_2DSideScrollerExampleMap.2DSideScrollerExampleMap up for play (max tick rate 0) at 2015.05.20-01.02.52
[2015.05.19-15.02.52:201][313]LogWorld: Bringing up level for play took: 0.008766
[2015.05.19-15.02.57:126][858]LogBlueprintUserMessages: Hello
[2015.05.19-15.02.59:566][120]LogParticles: Destroying 0 GPU particle simulations for FXSystem 0x00000000187A72E0
[2015.05.19-15.03.09:843][196]LogSavePackage: Save=117.243141ms
[2015.05.19-15.03.09:844][196]LogSavePackage: Moving 'C:/Users/n8695164/Desktop/SpaceRace/Saved/2DSideScrollerExampleMap68949FCA441A2D8D6628C4BB99E7CEFE.tmp' to 'C:/Users/n8695164/Desktop/SpaceRace/Content/EndlessRunner/Maps/2DSideScrollerExampleMap.umap'
[2015.05.19-15.03.21:706][250]LogEditorViewport: Clicking on Actor (LMB): BP_MidLevel_C (BP_MidLevel)
[2015.05.19-15.03.22:196][304]Cmd: CAMERA ALIGN ACTIVEVIEWPORTONLY
[2015.05.19-15.03.23:479][446]LogEditorViewport: Clicking on Actor (LMB): BP_MidLevel_C (BP_MidLevel)
[2015.05.19-15.03.23:764][477]Cmd: CAMERA ALIGN ACTIVEVIEWPORTONLY
[2015.05.19-15.03.24:240][527]LogEditorViewport: Clicking on Actor (LMB): BP_MidLevel_C (BP_MidLevel)
[2015.05.19-15.03.24:589][566]Cmd: CAMERA ALIGN ACTIVEVIEWPORTONLY
[2015.05.19-15.03.33:735][569]LogEditorViewport: Clicking on Actor (LMB): BP_MidLevel_C (BP_MidLevel)
[2015.05.19-15.03.55:966][866]Cmd: DELETE
[2015.05.19-15.03.55:966][866]Cmd: ACTOR DELETE
[2015.05.19-15.03.55:967][866]LogEditorActor: Deleted Actor: BP_EndLevel_C
[2015.05.19-15.03.55:995][866]LogParticles: Destroying 0 GPU particle simulations for FXSystem 0x000000001B00DA80
[2015.05.19-15.03.56:006][866]LogEditorActor: Deleted 1 Actors (0.040 secs)
[2015.05.19-15.03.57:737][ 68]LogEditorViewport: Clicking on Actor (LMB): BP_StartLevel_C (BP_StartLevel)
[2015.05.19-15.04.13:068][518]LogParticles: Destroying 0 GPU particle simulations for FXSystem 0x000000000A71C5E0
[2015.05.19-15.04.13:224][518]LogSavePackage: Save=116.921066ms
[2015.05.19-15.04.13:225][518]LogSavePackage: Moving 'C:/Users/n8695164/Desktop/SpaceRace/Saved/2DSideScrollerExampleMapE25C66394C6F96F4AA0C5991DB70C000.tmp' to 'C:/Users/n8695164/Desktop/SpaceRace/Content/EndlessRunner/Maps/2DSideScrollerExampleMap.umap'
[2015.05.19-15.04.16:471][865]LogSavePackage: Save=117.513092ms
[2015.05.19-15.04.16:471][865]LogSavePackage: Moving 'C:/Users/n8695164/Desktop/SpaceRace/Saved/2DSideScrollerExampleMapEFEC97D247577ABA1B418D8997432B42.tmp' to 'C:/Users/n8695164/Desktop/SpaceRace/Content/EndlessRunner/Maps/2DSideScrollerExampleMap.umap'
[2015.05.19-15.04.22:558][236]Cmd: OBJ SAVEPACKAGE PACKAGE="/Game/EndlessRunner/Blueprints/ShipCharacter" FILE="C:/Users/n8695164/Desktop/SpaceRace/Content/EndlessRunner/Blueprints/ShipCharacter.uasset" SILENT=true
[2015.05.19-15.04.22:784][236]LogSavePackage: Save=193.312668ms
[2015.05.19-15.04.22:785][236]LogSavePackage: Moving 'C:/Users/n8695164/Desktop/SpaceRace/Saved/ShipCharacter8D8AB0004C600ED792B0F086F089A12D.tmp' to 'C:/Users/n8695164/Desktop/SpaceRace/Content/EndlessRunner/Blueprints/ShipCharacter.uasset'
[2015.05.19-15.04.23:098][237]Cmd: QUIT_EDITOR
[2015.05.19-15.04.23:336][237]LogExit: Preparing to exit.
[2015.05.19-15.04.23:621][237]LogExit: Editor shut down
[2015.05.19-15.04.23:622][237]LogExit: Transaction tracking system shut down
[2015.05.19-15.04.23:639][237]LogParticles: Destroying 0 GPU particle simulations for FXSystem 0x000000001D0D8220
[2015.05.19-15.04.23:640][237]LogParticles: Destroying 0 GPU particle simulations for FXSystem 0x0000000029727EC0
[2015.05.19-15.04.23:640][237]LogParticles: Destroying 0 GPU particle simulations for FXSystem 0x000000002DDEDA80
[2015.05.19-15.04.23:641][237]LogParticles: Destroying 0 GPU particle simulations for FXSystem 0x000000001C2DAF20
[2015.05.19-15.04.23:707][237]LogExit: Object subsystem successfully closed.
[2015.05.19-15.04.23:756][237]LogModuleManager: Shutting down and abandoning module CrashTracker (178)
[2015.05.19-15.04.23:756][237]LogModuleManager: Shutting down and abandoning module SuperSearch (177)
[2015.05.19-15.04.23:756][237]LogModuleManager: Shutting down and abandoning module SceneOutliner (176)
[2015.05.19-15.04.23:756][237]LogModuleManager: Shutting down and abandoning module EditorWidgets (175)
[2015.05.19-15.04.23:757][237]LogModuleManager: Shutting down and abandoning module CollectionManager (174)
[2015.05.19-15.04.23:757][237]LogModuleManager: Shutting down and abandoning module StatsViewer (173)
[2015.05.19-15.04.23:757][237]LogModuleManager: Shutting down and abandoning module FoliageEdit (172)
[2015.05.19-15.04.23:757][237]LogModuleManager: Shutting down and abandoning module LandscapeEditor (171)
[2015.05.19-15.04.23:758][237]LogModuleManager: Shutting down and abandoning module MeshPaint (170)
[2015.05.19-15.04.23:758][237]LogModuleManager: Shutting down and abandoning module ActorPickerMode (169)
[2015.05.19-15.04.23:758][237]LogModuleManager: Shutting down and abandoning module GeometryMode (168)
[2015.05.19-15.04.23:758][237]LogModuleManager: Shutting down and abandoning module TextureAlignMode (167)
[2015.05.19-15.04.23:759][237]LogModuleManager: Shutting down and abandoning module BspMode (166)
[2015.05.19-15.04.23:759][237]LogModuleManager: Shutting down and abandoning module PlacementMode (165)
[2015.05.19-15.04.23:759][237]LogModuleManager: Shutting down and abandoning module AutomationWorker (164)
[2015.05.19-15.04.23:759][237]LogModuleManager: Shutting down and abandoning module CharacterAI (163)
[2015.05.19-15.04.23:759][237]LogModuleManager: Shutting down and abandoning module SmartSnapping (162)
[2015.05.19-15.04.23:760][237]LogModuleManager: Shutting down and abandoning module ViewportSnapping (161)
[2015.05.19-15.04.23:760][237]LogModuleManager: Shutting down and abandoning module LogVisualizer (160)
[2015.05.19-15.04.23:760][237]LogModuleManager: Shutting down and abandoning module GameProjectGeneration (159)
[2015.05.19-15.04.23:760][237]LogModuleManager: Shutting down and abandoning module IntroTutorials (158)
[2015.05.19-15.04.23:761][237]LogModuleManager: Shutting down and abandoning module EditorLiveStreaming (157)
[2015.05.19-15.04.23:761][237]LogModuleManager: Shutting down and abandoning module HardwareTargeting (156)
[2015.05.19-15.04.23:761][237]LogModuleManager: Shutting down and abandoning module DeviceProfileEditor (155)
[2015.05.19-15.04.23:761][237]LogModuleManager: Shutting down and abandoning module UndoHistory (154)
[2015.05.19-15.04.23:761][237]LogModuleManager: Shutting down and abandoning module GameplayTagsEditor (153)
[2015.05.19-15.04.23:762][237]LogModuleManager: Shutting down and abandoning module UserFeedback (152)
[2015.05.19-15.04.23:762][237]LogModuleManager: Shutting down and abandoning module XmlParser (151)
[2015.05.19-15.04.23:762][237]LogModuleManager: Shutting down and abandoning module Blutility (150)
[2015.05.19-15.04.23:762][237]LogModuleManager: Shutting down and abandoning module IOSPlatformEditor (149)
[2015.05.19-15.04.23:762][237]LogModuleManager: Shutting down and abandoning module IOSRuntimeSettings (148)
[2015.05.19-15.04.23:763][237]LogModuleManager: Shutting down and abandoning module AndroidDeviceDetection (147)
[2015.05.19-15.04.23:853][237]LogModuleManager: Shutting down and abandoning module AndroidPlatformEditor (146)
[2015.05.19-15.04.23:854][237]LogModuleManager: Shutting down and abandoning module AndroidRuntimeSettings (145)
[2015.05.19-15.04.23:854][237]LogModuleManager: Shutting down and abandoning module ProjectTargetPlatformEditor (144)
[2015.05.19-15.04.23:854][237]LogModuleManager: Shutting down and abandoning module ProjectSettingsViewer (143)
[2015.05.19-15.04.23:854][237]LogModuleManager: Shutting down and abandoning module InputBindingEditor (142)
[2015.05.19-15.04.23:855][237]LogModuleManager: Shutting down and abandoning module EditorSettingsViewer (141)
[2015.05.19-15.04.23:855][237]LogModuleManager: Shutting down and abandoning module SettingsEditor (140)
[2015.05.19-15.04.23:855][237]LogModuleManager: Shutting down and abandoning module ProjectLauncher (139)
[2015.05.19-15.04.23:855][237]LogModuleManager: Shutting down and abandoning module SessionFrontend (138)
[2015.05.19-15.04.23:855][237]LogModuleManager: Shutting down and abandoning module ProfilerClient (137)
[2015.05.19-15.04.23:856][237]LogModuleManager: Shutting down and abandoning module TargetDeviceServices (136)
[2015.05.19-15.04.23:856][237]LogModuleManager: Shutting down and abandoning module DeviceManager (135)
[2015.05.19-15.04.23:856][237]LogModuleManager: Shutting down and abandoning module AutomationController (134)
[2015.05.19-15.04.23:856][237]LogModuleManager: Shutting down and abandoning module AutomationWindow (133)
[2015.05.19-15.04.23:857][237]LogModuleManager: Shutting down and abandoning module Layers (132)
[2015.05.19-15.04.23:857][237]LogModuleManager: Shutting down and abandoning module ComponentVisualizers (131)
[2015.05.19-15.04.23:857][237]LogModuleManager: Shutting down and abandoning module DetailCustomizations (130)
[2015.05.19-15.04.23:857][237]LogModuleManager: Shutting down and abandoning module PackagesDialog (129)
[2015.05.19-15.04.23:858][237]LogModuleManager: Shutting down and abandoning module AssetRegistry (128)
[2015.05.19-15.04.23:898][237]LogModuleManager: Shutting down and abandoning module Persona (127)
[2015.05.19-15.04.23:899][237]LogModuleManager: Shutting down and abandoning module SlateReflector (126)
[2015.05.19-15.04.23:899][237]LogModuleManager: Shutting down and abandoning module LevelEditor (125)
[2015.05.19-15.04.23:900][237]LogModuleManager: Shutting down and abandoning module Kismet (124)
[2015.05.19-15.04.23:900][237]LogModuleManager: Shutting down and abandoning module GraphEditor (123)
[2015.05.19-15.04.23:901][237]LogModuleManager: Shutting down and abandoning module ClassViewer (122)
[2015.05.19-15.04.23:901][237]LogModuleManager: Shutting down and abandoning module Toolbox (121)
[2015.05.19-15.04.23:901][237]LogModuleManager: Shutting down and abandoning module ModuleUI (120)
[2015.05.19-15.04.23:901][237]LogModuleManager: Shutting down and abandoning module MovieSceneTools (119)
[2015.05.19-15.04.23:902][237]LogModuleManager: Shutting down and abandoning module OutputLog (118)
[2015.05.19-15.04.23:902][237]LogModuleManager: Shutting down and abandoning module GammaUI (117)
[2015.05.19-15.04.23:902][237]LogModuleManager: Shutting down and abandoning module Documentation (116)
[2015.05.19-15.04.23:902][237]LogModuleManager: Shutting down and abandoning module GameLiveStreaming (115)
[2015.05.19-15.04.23:902][237]LogModuleManager: Shutting down and abandoning module StreamingPauseRendering (114)
[2015.05.19-15.04.23:903][237]LogModuleManager: Shutting down and abandoning module HTTP (113)
[2015.05.19-15.04.23:903][237]LogModuleManager: Shutting down and abandoning module AnalyticsET (112)
[2015.05.19-15.04.23:903][237]LogModuleManager: Shutting down and abandoning module Analytics (111)
[2015.05.19-15.04.23:903][237]LogModuleManager: Shutting down and abandoning module AITestSuite (110)
[2015.05.19-15.04.23:904][237]LogModuleManager: Shutting down and abandoning module GameplayDebugger (109)
[2015.05.19-15.04.23:904][237]LogModuleManager: Shutting down and abandoning module AIModule (108)
[2015.05.19-15.04.23:904][237]LogModuleManager: Shutting down and abandoning module ProfilerService (107)
[2015.05.19-15.04.23:925][237]LogModuleManager: Shutting down and abandoning module TaskGraph (106)
[2015.05.19-15.04.23:925][237]LogModuleManager: Shutting down and abandoning module SlateRemote (105)
[2015.05.19-15.04.23:926][237]LogModuleManager: Shutting down and abandoning module ScriptEditorPlugin (104)
[2015.05.19-15.04.23:926][237]LogModuleManager: Shutting down and abandoning module CustomMeshComponent (103)
[2015.05.19-15.04.23:926][237]LogModuleManager: Shutting down and abandoning module CableComponent (102)
[2015.05.19-15.04.23:926][237]LogModuleManager: Shutting down and abandoning module MessagingDebugger (101)
[2015.05.19-15.04.23:927][237]LogModuleManager: Shutting down and abandoning module MediaPlayerEditor (100)
[2015.05.19-15.04.23:927][237]LogModuleManager: Shutting down and abandoning module SpeedTreeImporter (99)
[2015.05.19-15.04.23:927][237]LogModuleManager: Shutting down and abandoning module PluginsEditor (98)
[2015.05.19-15.04.23:927][237]LogModuleManager: Shutting down and abandoning module MainFrame (97)
[2015.05.19-15.04.23:927][237]LogModuleManager: Shutting down and abandoning module EpicSurvey (96)
[2015.05.19-15.04.23:928][237]LogModuleManager: Shutting down and abandoning module DesktopPlatform (95)
[2015.05.19-15.04.23:928][237]LogModuleManager: Shutting down and abandoning module DirectoryWatcher (94)
[2015.05.19-15.04.23:928][237]LogModuleManager: Shutting down and abandoning module HotReload (93)
[2015.05.19-15.04.23:929][237]LogModuleManager: Shutting down and abandoning module VisualStudioSourceCodeAccess (92)
[2015.05.19-15.04.23:929][237]LogModuleManager: Shutting down and abandoning module UObjectPlugin (91)
[2015.05.19-15.04.23:929][237]LogModuleManager: Shutting down and abandoning module SubversionSourceControl (90)
[2015.05.19-15.04.23:929][237]LogModuleManager: Shutting down and abandoning module PerforceSourceControl (89)
[2015.05.19-15.04.23:929][237]LogModuleManager: Shutting down and abandoning module SourceControl (88)
[2015.05.19-15.04.23:930][237]LogModuleManager: Shutting down and abandoning module GitSourceControl (87)
[2015.05.19-15.04.23:930][237]LogModuleManager: Shutting down and abandoning module BlankPlugin (86)
[2015.05.19-15.04.23:930][237]LogModuleManager: Shutting down and abandoning module PaperTiledImporter (85)
[2015.05.19-15.04.23:930][237]LogModuleManager: Shutting down and abandoning module PaperJsonImporter (84)
[2015.05.19-15.04.23:931][237]LogModuleManager: Shutting down and abandoning module ContentBrowser (83)
[2015.05.19-15.04.23:931][237]LogModuleManager: Shutting down and abandoning module Paper2DEditor (82)
[2015.05.19-15.04.23:931][237]LogModuleManager: Shutting down and abandoning module SpaceRace (81)
[2015.05.19-15.04.23:932][237]LogModuleManager: Shutting down and abandoning module ScriptPlugin (80)
[2015.05.19-15.04.23:932][237]LogModuleManager: Shutting down and abandoning module UdpMessaging (79)
[2015.05.19-15.04.24:032][237]LogModuleManager: Shutting down and abandoning module Paper2D (78)
[2015.05.19-15.04.24:032][237]LogModuleManager: Shutting down and abandoning module WindowsMoviePlayer (77)
[2015.05.19-15.04.24:034][237]LogModuleManager: Shutting down and abandoning module Media (76)
[2015.05.19-15.04.24:034][237]LogModuleManager: Shutting down and abandoning module WmfMedia (75)
[2015.05.19-15.04.24:035][237]LogModuleManager: Shutting down and abandoning module OnlineBlueprintSupport (74)
[2015.05.19-15.04.24:036][237]LogModuleManager: Shutting down and abandoning module PropertyEditor (73)
[2015.05.19-15.04.24:036][237]LogModuleManager: Shutting down and abandoning module BehaviorTreeEditor (72)
[2015.05.19-15.04.24:036][237]LogModuleManager: Shutting down and abandoning module FunctionalTesting (71)
[2015.05.19-15.04.24:036][237]LogModuleManager: Shutting down and abandoning module CollisionAnalyzer (70)
[2015.05.19-15.04.24:036][237]LogModuleManager: Shutting down and abandoning module WorkspaceMenuStructure (69)
[2015.05.19-15.04.24:037][237]LogModuleManager: Shutting down and abandoning module MessageLog (68)
[2015.05.19-15.04.24:037][237]LogModuleManager: Shutting down and abandoning module Sequencer (67)
[2015.05.19-15.04.24:037][237]LogModuleManager: Shutting down and abandoning module AssetTools (66)
[2015.05.19-15.04.24:037][237]LogModuleManager: Shutting down and abandoning module UMGEditor (65)
[2015.05.19-15.04.24:038][237]LogModuleManager: Shutting down and abandoning module UMG (64)
[2015.05.19-15.04.24:038][237]LogModuleManager: Shutting down and abandoning module Slate (63)
[2015.05.19-15.04.24:038][237]LogModuleManager: Shutting down and abandoning module EditorStyle (62)
[2015.05.19-15.04.24:041][237]LogModuleManager: Shutting down and abandoning module SessionServices (61)
[2015.05.19-15.04.24:041][237]LogModuleManager: Shutting down and abandoning module SourceCodeAccess (60)
[2015.05.19-15.04.24:041][237]LogModuleManager: Shutting down and abandoning module HeadMountedDisplay (59)
[2015.05.19-15.04.24:041][237]LogModuleManager: Shutting down and abandoning module XAudio2 (58)
[2015.05.19-15.04.24:042][237]LogModuleManager: Shutting down and abandoning module Networking (56)
[2015.05.19-15.04.24:042][237]LogModuleManager: Shutting down and abandoning module Core (55)
[2015.05.19-15.04.24:042][237]LogModuleManager: Shutting down and abandoning module KismetCompiler (54)
[2015.05.19-15.04.24:042][237]LogModuleManager: Shutting down and abandoning module PhysXFormats (53)
[2015.05.19-15.04.24:042][237]LogModuleManager: Shutting down and abandoning module MeshUtilities (52)
[2015.05.19-15.04.24:043][237]LogModuleManager: Shutting down and abandoning module DerivedDataCache (51)
[2015.05.19-15.04.24:117][237]LogDerivedDataCache: Shutdown
[2015.05.19-15.04.24:118][237]LogModuleManager: Shutting down and abandoning module ShaderFormatOpenGL (50)
[2015.05.19-15.04.24:118][237]LogModuleManager: Shutting down and abandoning module ShaderFormatD3D (49)
[2015.05.19-15.04.24:118][237]LogModuleManager: Shutting down and abandoning module MetalShaderFormat (48)
[2015.05.19-15.04.24:118][237]LogModuleManager: Shutting down and abandoning module TextureFormatUncompressed (47)
[2015.05.19-15.04.24:118][237]LogModuleManager: Shutting down and abandoning module TextureFormatPVR (46)
[2015.05.19-15.04.24:119][237]LogModuleManager: Shutting down and abandoning module TextureFormatIntelISPCTexComp (45)
[2015.05.19-15.04.24:119][237]LogModuleManager: Shutting down and abandoning module TextureFormatDXT (44)
[2015.05.19-15.04.24:119][237]LogModuleManager: Shutting down and abandoning module ImageWrapper (43)
[2015.05.19-15.04.24:119][237]LogModuleManager: Shutting down and abandoning module TextureFormatASTC (42)
[2015.05.19-15.04.24:119][237]LogModuleManager: Shutting down and abandoning module TextureFormatAndroid (41)
[2015.05.19-15.04.24:120][237]LogModuleManager: Shutting down and abandoning module AudioFormatOpus (40)
[2015.05.19-15.04.24:120][237]LogModuleManager: Shutting down and abandoning module AudioFormatOgg (39)
[2015.05.19-15.04.24:120][237]LogModuleManager: Shutting down and abandoning module AudioFormatADPCM (38)
[2015.05.19-15.04.24:120][237]LogModuleManager: Shutting down and abandoning module LinuxTargetPlatform (37)
[2015.05.19-15.04.24:120][237]LogModuleManager: Shutting down and abandoning module LinuxServerTargetPlatform (36)
[2015.05.19-15.04.24:121][237]LogModuleManager: Shutting down and abandoning module LinuxNoEditorTargetPlatform (35)
[2015.05.19-15.04.24:121][237]LogModuleManager: Shutting down and abandoning module Messaging (34)
[2015.05.19-15.04.24:121][237]LogModuleManager: Shutting down and abandoning module IOSTargetPlatform (33)
[2015.05.19-15.04.24:121][237]LogModuleManager: Shutting down and abandoning module HTML5TargetPlatform (32)
[2015.05.19-15.04.24:121][237]LogModuleManager: Shutting down and abandoning module Android_PVRTCTargetPlatform (31)
[2015.05.19-15.04.24:122][237]LogModuleManager: Shutting down and abandoning module Android_ETC2TargetPlatform (30)
[2015.05.19-15.04.24:122][237]LogModuleManager: Shutting down and abandoning module Android_ETC1TargetPlatform (29)
[2015.05.19-15.04.24:122][237]LogModuleManager: Shutting down and abandoning module Android_ES31TargetPlatform (28)
[2015.05.19-15.04.24:122][237]LogModuleManager: Shutting down and abandoning module Android_DXTTargetPlatform (27)
[2015.05.19-15.04.24:122][237]LogModuleManager: Shutting down and abandoning module Android_ATCTargetPlatform (26)
[2015.05.19-15.04.24:123][237]LogModuleManager: Shutting down and abandoning module AndroidTargetPlatform (25)
[2015.05.19-15.04.24:123][237]LogModuleManager: Shutting down and abandoning module WindowsTargetPlatform (24)
[2015.05.19-15.04.24:123][237]LogModuleManager: Shutting down and abandoning module WindowsServerTargetPlatform (23)
[2015.05.19-15.04.24:123][237]LogModuleManager: Shutting down and abandoning module WindowsNoEditorTargetPlatform (22)
[2015.05.19-15.04.24:123][237]LogModuleManager: Shutting down and abandoning module WindowsClientTargetPlatform (21)
[2015.05.19-15.04.24:124][237]LogModuleManager: Shutting down and abandoning module TargetPlatform (20)
[2015.05.19-15.04.24:124][237]LogModuleManager: Shutting down and abandoning module InputCore (19)
[2015.05.19-15.04.24:124][237]LogModuleManager: Shutting down and abandoning module Settings (18)
[2015.05.19-15.04.24:124][237]LogModuleManager: Shutting down and abandoning module OnlineSubsystem (16)
[2015.05.19-15.04.24:124][237]LogModuleManager: Shutting down and abandoning module OculusRift (15)
[2015.05.19-15.04.24:125][237]LogModuleManager: Shutting down and abandoning module ExampleDeviceProfileSelector (14)
[2015.05.19-15.04.24:125][237]LogModuleManager: Shutting down and abandoning module TextureCompressor (13)
[2015.05.19-15.04.24:125][237]LogModuleManager: Shutting down and abandoning module ShaderCore (12)
[2015.05.19-15.04.24:125][237]LogModuleManager: Shutting down and abandoning module Landscape (11)
[2015.05.19-15.04.24:125][237]LogModuleManager: Shutting down and abandoning module SlateRHIRenderer (10)
[2015.05.19-15.04.24:128][237]LogModuleManager: Shutting down and abandoning module OpenGLDrv (9)
[2015.05.19-15.04.24:128][237]LogModuleManager: Shutting down and abandoning module D3D11RHI (8)
[2015.05.19-15.04.24:128][237]LogModuleManager: Shutting down and abandoning module Renderer (7)
[2015.05.19-15.04.24:129][237]LogModuleManager: Shutting down and abandoning module Engine (6)
[2015.05.19-15.04.24:129][237]LogModuleManager: Shutting down and abandoning module CoreUObject (5)
[2015.05.19-15.04.24:129][237]LogModuleManager: Shutting down and abandoning module NetworkFile (4)
[2015.05.19-15.04.24:129][237]LogModuleManager: Shutting down and abandoning module StreamingFile (3)
[2015.05.19-15.04.24:129][237]LogModuleManager: Shutting down and abandoning module SandboxFile (2)
[2015.05.19-15.04.24:130][237]LogModuleManager: Shutting down and abandoning module PakFile (1)
[2015.05.19-15.04.24:133][237]LogExit: Exiting.
[2015.05.19-15.04.24:136][237]Log file closed, 05/20/15 01:04:24
