Log file open, 05/21/15 12:30:55
LogInit:Display: Running engine for game: SpaceRace
LogInit: Version: 4.7.6-2513093+++depot+UE4-Releases+4.7
LogInit: API Version: 2455222
LogInit: Compiled (64-bit): Apr 15 2015 12:09:54
LogInit: Compiled with Visual C++: 18.00.21005.01
LogInit: Build Configuration: Development
LogInit: Branch Name: ++depot+UE4-Releases+4.7
LogInit: Command line: 
LogInit: Base directory: W:/Epic Games/4.7/Engine/Binaries/Win64/
LogInit: Rocket: 1
[2015.05.21-02.30.55:906][  0]LogTaskGraph: Started task graph with 3 named threads and 8 total threads.
[2015.05.21-02.30.55:976][  0]LogOnline:Warning: No default platform service specified for OnlineSubsystem
[2015.05.21-02.30.55:986][  0]LogInit: Presizing for 0 objects not considered by GC, pre-allocating 0 bytes.
[2015.05.21-02.30.55:995][  0]LogInit: Object subsystem initialized
[2015.05.21-02.30.55:996][  0]LogConsoleResponse:Warning: Skipping Unknown console variable: 'TranslucentSortAxis = (X=0.000000,Y=-1.000000,Z=0.000000)'
[2015.05.21-02.30.55:996][  0]LogConsoleResponse:Warning:   Found in ini file 'C:/Users/n8400962/Documents/GitHub/SpaceRace/Saved/Config/Windows/Engine.ini', in section '[/Script/Engine.RendererSettings]'
[2015.05.21-02.30.55:996][  0]LogConsoleResponse:Warning: Skipping Unknown console variable: 'UIScaleRule = ShortestSide'
[2015.05.21-02.30.55:996][  0]LogConsoleResponse:Warning:   Found in ini file 'C:/Users/n8400962/Documents/GitHub/SpaceRace/Saved/Config/Windows/Engine.ini', in section '[/Script/Engine.RendererSettings]'
[2015.05.21-02.30.55:996][  0]LogConsoleResponse:Warning: Skipping Unknown console variable: 'UIScaleCurve = (EditorCurveData=(Keys=),ExternalCurve=None)'
[2015.05.21-02.30.55:996][  0]LogConsoleResponse:Warning:   Found in ini file 'C:/Users/n8400962/Documents/GitHub/SpaceRace/Saved/Config/Windows/Engine.ini', in section '[/Script/Engine.RendererSettings]'
[2015.05.21-02.30.55:997][  0]LogInit: Selected Device Profile: [Windows]
[2015.05.21-02.30.55:997][  0]LogInit: Applying CVar settings loaded from the selected device profile: [Windows]
[2015.05.21-02.30.56:000][  0]LogInit: Computer: LAB-SEFS515-02
[2015.05.21-02.30.56:000][  0]LogInit: User: n8400962
[2015.05.21-02.30.56:000][  0]LogInit: CPU Page size=4096, Cores=6
[2015.05.21-02.30.56:000][  0]LogInit: High frequency timer resolution =3.222705 MHz
[2015.05.21-02.30.56:000][  0]LogMemory: Memory total: Physical=32.0GB (32GB approx) Virtual=8192.0GB
[2015.05.21-02.30.56:000][  0]LogMemory: Platform Memory Stats for Windows
[2015.05.21-02.30.56:000][  0]LogMemory: Process Physical Memory: 49.25 MB used, 49.25 MB peak
[2015.05.21-02.30.56:000][  0]LogMemory: Process Virtual Memory: 29.47 MB used, 29.48 MB peak
[2015.05.21-02.30.56:000][  0]LogMemory: Physical Memory: 4307.43 MB used, 32720.52 MB total
[2015.05.21-02.30.56:000][  0]LogMemory: Virtual Memory: 283.13 MB used, 8388608.00 MB total
[2015.05.21-02.30.56:024][  0]LogD3D11RHI: Found D3D11 adapter 0: NVIDIA GeForce GTX 680 (Feature Level 11_0)
[2015.05.21-02.30.56:024][  0]LogD3D11RHI: Adapter has 1990MB of dedicated video memory, 0MB of dedicated system memory, and 2048MB of shared system memory, 1 output[s]
[2015.05.21-02.30.56:024][  0]LogD3D11RHI: Chosen D3D11 Adapter Id = 0
[2015.05.21-02.30.56:028][  0]LogRHI: Texture pool is 1361 MB (70% of 1945 MB)
[2015.05.21-02.30.56:034][  0]LogD3D11RHI: Async texture creation enabled
[2015.05.21-02.30.56:082][  0]LogTextLocalizationManager: The requested culture ('en_AU') has no localization data; parent culture's ('en') localization data will be used.
[2015.05.21-02.30.56:132][  0]LogTextLocalizationManager:Warning: Loading localization resources contain conflicting entries for (Namespace:UICommands, Key:Save_ToolTip):
Resource: (W:/Epic Games/4.7/Engine/Content/Localization/Editor/en/Editor.locres) Hash: (-29098895) String: (Saves the current level to disk)
Resource: (W:/Epic Games/4.7/Engine/Content/Localization/Engine/en/Engine.locres) Hash: (-1280300587) String: (Save selected data to vlog file)
[2015.05.21-02.30.56:132][  0]LogTextLocalizationManager:Warning: Loading localization resources contain conflicting entries for (Namespace:ContentBrowser, Key:ImportAssetToolTip):
Resource: (W:/Epic Games/4.7/Engine/Content/Localization/Editor/en/Editor.locres) Hash: (-630476809) String: (Import to {0}...)
Resource: (W:/Epic Games/4.7/Engine/Content/Localization/Editor/en/Editor.locres) Hash: (1271782899) String: (Imports an asset from file to this folder.)
[2015.05.21-02.30.56:200][  0]LogContentStreaming: Texture pool size is 0.000000MB
[2015.05.21-02.30.58:167][  0]LogTargetPlatformManager:Display: Building Assets For Windows
[2015.05.21-02.30.58:588][  0]LogTargetPlatformManager:Display: Building Assets For Windows
[2015.05.21-02.30.58:639][  0]LogDerivedDataCache:Display: Max Cache Size: 512 MB
[2015.05.21-02.30.58:670][  0]LogDerivedDataCache: Loaded boot cache 0.03s 39MB C:/Users/n8400962/AppData/Local/UnrealEngine/4.7/DerivedDataCache/Boot.ddc.
[2015.05.21-02.30.58:670][  0]LogDerivedDataCache:Display: Loaded Boot cache: C:/Users/n8400962/AppData/Local/UnrealEngine/4.7/DerivedDataCache/Boot.ddc
[2015.05.21-02.30.58:670][  0]LogDerivedDataCache: FDerivedDataBackendGraph:  Pak pak cache file C:/Users/n8400962/Documents/GitHub/SpaceRace/DerivedDataCache/DDC.ddp not found, will not use a pak cache.
[2015.05.21-02.30.58:670][  0]LogDerivedDataCache: Unable to find inner node Pak for hierarchical cache Hierarchy.
[2015.05.21-02.30.58:780][  0]LogDerivedDataCache:Display: Pak cache opened for reading ../../../Engine/DerivedDataCache/Compressed.ddp.
[2015.05.21-02.30.58:791][  0]LogDerivedDataCache: Using Local data cache path C:/Users/n8400962/AppData/Local/UnrealEngine/Common/DerivedDataCache: Writable
[2015.05.21-02.30.59:052][  0]LogMeshUtilities: No automatic mesh reduction module available
[2015.05.21-02.30.59:052][  0]LogMeshUtilities: No automatic mesh merging module available
[2015.05.21-02.30.59:363][  0]LogInit: WinSock: version 1.1 (2.2), MaxSocks=32767, MaxUdp=65467
[2015.05.21-02.30.59:423][  0]LogSlate:Warning: Failed to load font data from '../../../Engine/Content/Slate/Fonts/Roboto-Italic.ttf'
[2015.05.21-02.31.00:065][  0]UdpMessaging: Initializing bridge on interface 0.0.0.0:0 to multicast group 230.0.0.1:6666.
[2015.05.21-02.31.00:234][  0]SourceControl: Info Source control is disabled
[2015.05.21-02.31.00:234][  0]SourceControl: Info Source control is disabled
[2015.05.21-02.31.00:234][  0]SourceControl: Info Source control is disabled
[2015.05.21-02.31.00:234][  0]LogSourceControl: RunCommandInternalRaw: 'git version'
[2015.05.21-02.31.00:234][  0]LogSourceControl: RunCommandInternalRaw: ExecProcess ReturnCode=2 OutResults=''
[2015.05.21-02.31.00:241][  0]SourceControl: Info Source control is disabled
[2015.05.21-02.31.00:384][  0]LogObj: 24236 objects as part of root set at end of initial load.
[2015.05.21-02.31.00:384][  0]LogUObjectAllocator: 5138800 out of 0 bytes used by permanent object pool.
[2015.05.21-02.31.00:453][  0]LogEngine: Initializing Engine...
[2015.05.21-02.31.02:598][  0]LogInit: XAudio2 using 'DELL S2340T-4 (NVIDIA High Definition Audio)' : 2 channels at 48 kHz using 16 bits per sample (channel mask 0x3)
[2015.05.21-02.31.02:612][  0]LogInit: FAudioDevice initialized.
[2015.05.21-02.31.02:642][  0]LogAIModule: Creating AISystem for world NewWorld
[2015.05.21-02.31.02:658][  0]LogDerivedDataCache: Saved boot cache 0.02s 39MB C:/Users/n8400962/AppData/Local/UnrealEngine/4.7/DerivedDataCache/Boot.ddc.
[2015.05.21-02.31.02:662][  0]LogInit: Texture streaming: Enabled
[2015.05.21-02.31.02:739][  0]LogAnalytics: Creating configured Analytics provider AnalyticsET
[2015.05.21-02.31.02:739][  0]LogAnalytics: ET APIKey = Rocket.Release. APIServer = http://et2.epicgames.com/ET2/. AppVersion = 4.7.6-2513093+++depot+UE4-Releases+4.7
[2015.05.21-02.31.02:739][  0]LogAnalytics: ET APIKey = Rocket.Release. DataRouterUploadURL = https://datarouter-public-service-gamedev.ol.epicgames.net/datarouter/api/v1/public/data. AppVersion = 4.7.6-2513093+++depot+UE4-Releases+4.7
[2015.05.21-02.31.02:739][  0]LogAnalytics: SetUserId ac3a28774ddc6aab31786bb8a1a45989||88cf9443-166a-43f7-9f17-b5321103ecb1
[2015.05.21-02.31.02:740][  0]LogAnalytics: AnalyticsET::StartSession [Rocket.Release]
[2015.05.21-02.31.02:754][  0]LogInit: Transaction tracking system initialized
[2015.05.21-02.31.02:885][  0]BlueprintLog: New page: Editor Load
[2015.05.21-02.31.02:914][  0]LogAssetRegistry: FAssetRegistry took 0.0098 seconds to start up
[2015.05.21-02.31.02:914][  0]LogDirectoryWatcher:Warning: Failed to begin reading directory changes for ../../../Engine/Plugins/Experimental/CharacterAI/Content/. Error: 0
[2015.05.21-02.31.03:334][  0]LogTargetPlatformManager:Display: Building Assets For Windows
[2015.05.21-02.31.03:641][  0]LogTargetPlatformManager:Display: Building Assets For Windows
[2015.05.21-02.31.03:840][  0]LogSlate:Warning: Failed to load font data from '../../../Engine/Content/Editor/Slate/Fonts/Roboto-Regular.ttf'
[2015.05.21-02.31.03:840][  0]LogSlate:Warning: Failed to load font data from '../../../Engine/Content/Editor/Slate/Fonts/Roboto-Bold.ttf'
[2015.05.21-02.31.03:844][  0]LogConsoleResponse:Display: 
[2015.05.21-02.31.03:949][  0]LogCook:Display: Done creating registry. It took  0.00s.
[2015.05.21-02.31.04:058][  0]SourceControl: Info Source control is disabled
[2015.05.21-02.31.04:058][  0]Cmd: MAP LOAD FILE="C:/Users/n8400962/Documents/GitHub/SpaceRace/Content/EndlessRunner/Maps/2DSideScrollerExampleMap.umap" TEMPLATE=0 SHOWPROGRESS=1 FEATURELEVEL=3
[2015.05.21-02.31.04:059][  0]LightingResults: New page: Lighting Build
[2015.05.21-02.31.04:068][  0]MapCheck: New page: Map Check
[2015.05.21-02.31.04:068][  0]LightingResults: New page: Lighting Build
[2015.05.21-02.31.04:073][  0]LogParticles: Destroying 0 GPU particle simulations for FXSystem 0x0000000013A0C5E0
[2015.05.21-02.31.13:540][  0]LogEditorServer: Finished looking for orphan Actors (0.000 secs)
[2015.05.21-02.31.13:540][  0]LogAIModule: Creating AISystem for world 2DSideScrollerExampleMap
[2015.05.21-02.31.13:541][  0]Cmd: MAP CHECKDEP
[2015.05.21-02.31.13:541][  0]MapCheck: New page: 2DSideScrollerExampleMap - 21 May 2015 10:31:13 pm
[2015.05.21-02.31.14:025][  0]MapCheck:Warning: Warning Sprite0 PaperFlipbookComponent /Game/EndlessRunner/Maps/2DSideScrollerExampleMap.2DSideScrollerExampleMap:PersistentLevel.ShipCharacter_C_0.Sprite0 : Externally referenced 
[2015.05.21-02.31.14:026][  0]MapCheck:Warning: Warning PaperFlipbook1 PaperFlipbookComponent /Game/EndlessRunner/Maps/2DSideScrollerExampleMap.2DSideScrollerExampleMap:PersistentLevel.ShipCharacter_C_0.PaperFlipbook1 : Externally referenced 
[2015.05.21-02.31.14:026][  0]MapCheck:Warning: Warning PaperFlipbook2 PaperFlipbookComponent /Game/EndlessRunner/Maps/2DSideScrollerExampleMap.2DSideScrollerExampleMap:PersistentLevel.ShipCharacter_C_0.PaperFlipbook2 : Externally referenced 
[2015.05.21-02.31.14:026][  0]MapCheck:Warning: Warning PaperFlipbook PaperFlipbookComponent /Game/EndlessRunner/Maps/2DSideScrollerExampleMap.2DSideScrollerExampleMap:PersistentLevel.ShipCharacter_C_0.PaperFlipbook : Externally referenced 
[2015.05.21-02.31.14:026][  0]MapCheck:Warning: Warning PaperFlipbook PaperFlipbookComponent /Game/EndlessRunner/Maps/2DSideScrollerExampleMap.2DSideScrollerExampleMap:PersistentLevel.BP_Coin_C_2199.PaperFlipbook : Externally referenced 
[2015.05.21-02.31.14:026][  0]MapCheck:Warning: Warning PaperFlipbook PaperFlipbookComponent /Game/EndlessRunner/Maps/2DSideScrollerExampleMap.2DSideScrollerExampleMap:PersistentLevel.BP_Coin_C_2200.PaperFlipbook : Externally referenced 
[2015.05.21-02.31.14:026][  0]MapCheck:Warning: Warning PaperFlipbook PaperFlipbookComponent /Game/EndlessRunner/Maps/2DSideScrollerExampleMap.2DSideScrollerExampleMap:PersistentLevel.BP_Coin_C_2201.PaperFlipbook : Externally referenced 
[2015.05.21-02.31.14:026][  0]MapCheck:Warning: Warning PaperFlipbook PaperFlipbookComponent /Game/EndlessRunner/Maps/2DSideScrollerExampleMap.2DSideScrollerExampleMap:PersistentLevel.BP_Coin_C_2202.PaperFlipbook : Externally referenced 
[2015.05.21-02.31.14:026][  0]MapCheck:Warning: Warning PaperFlipbook PaperFlipbookComponent /Game/EndlessRunner/Maps/2DSideScrollerExampleMap.2DSideScrollerExampleMap:PersistentLevel.BP_Coin_C_2203.PaperFlipbook : Externally referenced 
[2015.05.21-02.31.14:026][  0]MapCheck:Warning: Warning PaperFlipbook PaperFlipbookComponent /Game/EndlessRunner/Maps/2DSideScrollerExampleMap.2DSideScrollerExampleMap:PersistentLevel.BP_Coin_C_2204.PaperFlipbook : Externally referenced 
[2015.05.21-02.31.14:026][  0]MapCheck:Warning: Warning PaperFlipbook PaperFlipbookComponent /Game/EndlessRunner/Maps/2DSideScrollerExampleMap.2DSideScrollerExampleMap:PersistentLevel.BP_Coin_C_2205.PaperFlipbook : Externally referenced 
[2015.05.21-02.31.14:026][  0]MapCheck:Warning: Warning PaperFlipbook PaperFlipbookComponent /Game/EndlessRunner/Maps/2DSideScrollerExampleMap.2DSideScrollerExampleMap:PersistentLevel.BP_Coin_C_2206.PaperFlipbook : Externally referenced 
[2015.05.21-02.31.14:027][  0]MapCheck:Warning: Warning PaperFlipbook PaperFlipbookComponent /Game/EndlessRunner/Maps/2DSideScrollerExampleMap.2DSideScrollerExampleMap:PersistentLevel.BP_Coin_C_2207.PaperFlipbook : Externally referenced 
[2015.05.21-02.31.14:027][  0]MapCheck:Warning: Warning PaperFlipbook PaperFlipbookComponent /Game/EndlessRunner/Maps/2DSideScrollerExampleMap.2DSideScrollerExampleMap:PersistentLevel.BP_Coin_C_2208.PaperFlipbook : Externally referenced 
[2015.05.21-02.31.14:027][  0]MapCheck:Warning: Warning PaperFlipbook PaperFlipbookComponent /Game/EndlessRunner/Maps/2DSideScrollerExampleMap.2DSideScrollerExampleMap:PersistentLevel.BP_Coin_C_2209.PaperFlipbook : Externally referenced 
[2015.05.21-02.31.14:027][  0]MapCheck:Warning: Warning PaperFlipbook PaperFlipbookComponent /Game/EndlessRunner/Maps/2DSideScrollerExampleMap.2DSideScrollerExampleMap:PersistentLevel.BP_Coin_C_1023.PaperFlipbook : Externally referenced 
[2015.05.21-02.31.14:027][  0]MapCheck:Warning: Warning PaperFlipbook PaperFlipbookComponent /Game/EndlessRunner/Maps/2DSideScrollerExampleMap.2DSideScrollerExampleMap:PersistentLevel.BP_Coin_C_1024.PaperFlipbook : Externally referenced 
[2015.05.21-02.31.14:027][  0]MapCheck:Warning: Warning PaperFlipbook PaperFlipbookComponent /Game/EndlessRunner/Maps/2DSideScrollerExampleMap.2DSideScrollerExampleMap:PersistentLevel.BP_Coin_C_1025.PaperFlipbook : Externally referenced 
[2015.05.21-02.31.14:027][  0]MapCheck:Warning: Warning PaperFlipbook PaperFlipbookComponent /Game/EndlessRunner/Maps/2DSideScrollerExampleMap.2DSideScrollerExampleMap:PersistentLevel.BP_Coin_C_1026.PaperFlipbook : Externally referenced 
[2015.05.21-02.31.14:027][  0]MapCheck:Warning: Warning PaperFlipbook PaperFlipbookComponent /Game/EndlessRunner/Maps/2DSideScrollerExampleMap.2DSideScrollerExampleMap:PersistentLevel.BP_Coin_C_1027.PaperFlipbook : Externally referenced 
[2015.05.21-02.31.14:027][  0]MapCheck:Warning: Warning PaperFlipbook PaperFlipbookComponent /Game/EndlessRunner/Maps/2DSideScrollerExampleMap.2DSideScrollerExampleMap:PersistentLevel.BP_Coin_C_1028.PaperFlipbook : Externally referenced 
[2015.05.21-02.31.14:027][  0]MapCheck:Warning: Warning PaperFlipbook PaperFlipbookComponent /Game/EndlessRunner/Maps/2DSideScrollerExampleMap.2DSideScrollerExampleMap:PersistentLevel.BP_Coin_C_1029.PaperFlipbook : Externally referenced 
[2015.05.21-02.31.14:027][  0]MapCheck:Warning: Warning PaperFlipbook PaperFlipbookComponent /Game/EndlessRunner/Maps/2DSideScrollerExampleMap.2DSideScrollerExampleMap:PersistentLevel.BP_Coin_C_1030.PaperFlipbook : Externally referenced 
[2015.05.21-02.31.14:028][  0]MapCheck:Warning: Warning PaperFlipbook PaperFlipbookComponent /Game/EndlessRunner/Maps/2DSideScrollerExampleMap.2DSideScrollerExampleMap:PersistentLevel.BP_Coin_C_1031.PaperFlipbook : Externally referenced 
[2015.05.21-02.31.14:028][  0]MapCheck:Warning: Warning PaperFlipbook PaperFlipbookComponent /Game/EndlessRunner/Maps/2DSideScrollerExampleMap.2DSideScrollerExampleMap:PersistentLevel.BP_Coin_C_1032.PaperFlipbook : Externally referenced 
[2015.05.21-02.31.14:028][  0]MapCheck:Warning: Warning PaperFlipbook PaperFlipbookComponent /Game/EndlessRunner/Maps/2DSideScrollerExampleMap.2DSideScrollerExampleMap:PersistentLevel.BP_Coin_C_1033.PaperFlipbook : Externally referenced 
[2015.05.21-02.31.14:028][  0]MapCheck:Warning: Warning PaperFlipbook PaperFlipbookComponent /Game/EndlessRunner/Maps/2DSideScrollerExampleMap.2DSideScrollerExampleMap:PersistentLevel.BP_Coin3_127.PaperFlipbook : Externally referenced 
[2015.05.21-02.31.14:028][  0]MapCheck:Warning: Warning PaperFlipbook PaperFlipbookComponent /Game/EndlessRunner/Maps/2DSideScrollerExampleMap.2DSideScrollerExampleMap:PersistentLevel.BP_Coin4_258.PaperFlipbook : Externally referenced 
[2015.05.21-02.31.14:028][  0]MapCheck:Warning: Warning PaperFlipbook PaperFlipbookComponent /Game/EndlessRunner/Maps/2DSideScrollerExampleMap.2DSideScrollerExampleMap:PersistentLevel.BP_Coin5_377.PaperFlipbook : Externally referenced 
[2015.05.21-02.31.14:028][  0]MapCheck:Warning: Warning PaperFlipbook PaperFlipbookComponent /Game/EndlessRunner/Maps/2DSideScrollerExampleMap.2DSideScrollerExampleMap:PersistentLevel.BP_Coin6_576.PaperFlipbook : Externally referenced 
[2015.05.21-02.31.14:028][  0]MapCheck:Warning: Warning PaperFlipbook PaperFlipbookComponent /Game/EndlessRunner/Maps/2DSideScrollerExampleMap.2DSideScrollerExampleMap:PersistentLevel.BP_Coin7_707.PaperFlipbook : Externally referenced 
[2015.05.21-02.31.14:028][  0]MapCheck:Warning: Warning PaperFlipbook PaperFlipbookComponent /Game/EndlessRunner/Maps/2DSideScrollerExampleMap.2DSideScrollerExampleMap:PersistentLevel.BP_Coin8_846.PaperFlipbook : Externally referenced 
[2015.05.21-02.31.14:028][  0]MapCheck:Warning: Warning PaperFlipbook PaperFlipbookComponent /Game/EndlessRunner/Maps/2DSideScrollerExampleMap.2DSideScrollerExampleMap:PersistentLevel.BP_Coin9_961.PaperFlipbook : Externally referenced 
[2015.05.21-02.31.14:028][  0]MapCheck:Warning: Warning PaperFlipbook PaperFlipbookComponent /Game/EndlessRunner/Maps/2DSideScrollerExampleMap.2DSideScrollerExampleMap:PersistentLevel.BP_Coin10_1092.PaperFlipbook : Externally referenced 
[2015.05.21-02.31.14:029][  0]MapCheck:Warning: Warning PaperFlipbook PaperFlipbookComponent /Game/EndlessRunner/Maps/2DSideScrollerExampleMap.2DSideScrollerExampleMap:PersistentLevel.BP_Coin11_1239.PaperFlipbook : Externally referenced 
[2015.05.21-02.31.14:029][  0]MapCheck:Warning: Warning PaperFlipbook PaperFlipbookComponent /Game/EndlessRunner/Maps/2DSideScrollerExampleMap.2DSideScrollerExampleMap:PersistentLevel.BP_Coin12_1430.PaperFlipbook : Externally referenced 
[2015.05.21-02.31.14:029][  0]MapCheck:Warning: Warning PaperFlipbook PaperFlipbookComponent /Game/EndlessRunner/Maps/2DSideScrollerExampleMap.2DSideScrollerExampleMap:PersistentLevel.BP_Coin_C_550.PaperFlipbook : Externally referenced 
[2015.05.21-02.31.14:029][  0]MapCheck:Warning: Warning PaperFlipbook PaperFlipbookComponent /Game/EndlessRunner/Maps/2DSideScrollerExampleMap.2DSideScrollerExampleMap:PersistentLevel.BP_Coin_C_551.PaperFlipbook : Externally referenced 
[2015.05.21-02.31.14:029][  0]MapCheck:Warning: Warning PaperFlipbook PaperFlipbookComponent /Game/EndlessRunner/Maps/2DSideScrollerExampleMap.2DSideScrollerExampleMap:PersistentLevel.BP_Coin_C_552.PaperFlipbook : Externally referenced 
[2015.05.21-02.31.14:029][  0]MapCheck:Warning: Warning PaperFlipbook PaperFlipbookComponent /Game/EndlessRunner/Maps/2DSideScrollerExampleMap.2DSideScrollerExampleMap:PersistentLevel.BP_Coin_C_553.PaperFlipbook : Externally referenced 
[2015.05.21-02.31.14:029][  0]MapCheck:Warning: Warning PaperFlipbook PaperFlipbookComponent /Game/EndlessRunner/Maps/2DSideScrollerExampleMap.2DSideScrollerExampleMap:PersistentLevel.BP_Coin_C_554.PaperFlipbook : Externally referenced 
[2015.05.21-02.31.14:029][  0]MapCheck:Warning: Warning PaperFlipbook PaperFlipbookComponent /Game/EndlessRunner/Maps/2DSideScrollerExampleMap.2DSideScrollerExampleMap:PersistentLevel.BP_Coin_C_555.PaperFlipbook : Externally referenced 
[2015.05.21-02.31.14:029][  0]MapCheck:Warning: Warning PaperFlipbook PaperFlipbookComponent /Game/EndlessRunner/Maps/2DSideScrollerExampleMap.2DSideScrollerExampleMap:PersistentLevel.BP_Coin_C_556.PaperFlipbook : Externally referenced 
[2015.05.21-02.31.14:029][  0]MapCheck:Warning: Warning PaperFlipbook PaperFlipbookComponent /Game/EndlessRunner/Maps/2DSideScrollerExampleMap.2DSideScrollerExampleMap:PersistentLevel.BP_Coin_C_557.PaperFlipbook : Externally referenced 
[2015.05.21-02.31.14:030][  0]MapCheck:Warning: Warning PaperFlipbook PaperFlipbookComponent /Game/EndlessRunner/Maps/2DSideScrollerExampleMap.2DSideScrollerExampleMap:PersistentLevel.BP_Coin_C_558.PaperFlipbook : Externally referenced 
[2015.05.21-02.31.14:030][  0]MapCheck:Warning: Warning PaperFlipbook PaperFlipbookComponent /Game/EndlessRunner/Maps/2DSideScrollerExampleMap.2DSideScrollerExampleMap:PersistentLevel.BP_Coin_C_559.PaperFlipbook : Externally referenced 
[2015.05.21-02.31.14:030][  0]MapCheck:Warning: Warning PaperFlipbook PaperFlipbookComponent /Game/EndlessRunner/Maps/2DSideScrollerExampleMap.2DSideScrollerExampleMap:PersistentLevel.BP_Coin_C_560.PaperFlipbook : Externally referenced 
[2015.05.21-02.31.14:030][  0]MapCheck:Warning: Warning PaperSprite PaperSpriteComponent /Game/EndlessRunner/Maps/2DSideScrollerExampleMap.2DSideScrollerExampleMap:PersistentLevel.BP_StartLevel_416.PaperSprite : Externally referenced 
[2015.05.21-02.31.14:030][  0]MapCheck:Warning: Warning PaperSprite PaperSpriteComponent /Game/EndlessRunner/Maps/2DSideScrollerExampleMap.2DSideScrollerExampleMap:PersistentLevel.BP_MidLevel_263.PaperSprite : Externally referenced 
[2015.05.21-02.31.14:030][  0]MapCheck:Warning: Warning PaperSprite PaperSpriteComponent /Game/EndlessRunner/Maps/2DSideScrollerExampleMap.2DSideScrollerExampleMap:PersistentLevel.LargeAsteroid_114.PaperSprite : Externally referenced 
[2015.05.21-02.31.14:030][  0]MapCheck:Warning: Warning RightEdge PaperSpriteComponent /Game/EndlessRunner/Maps/2DSideScrollerExampleMap.2DSideScrollerExampleMap:PersistentLevel.Gameplay_Screen_C_1.RightEdge : Externally referenced 
[2015.05.21-02.31.14:030][  0]MapCheck:Warning: Warning LeftEdge PaperSpriteComponent /Game/EndlessRunner/Maps/2DSideScrollerExampleMap.2DSideScrollerExampleMap:PersistentLevel.Gameplay_Screen_C_1.LeftEdge : Externally referenced 
[2015.05.21-02.31.14:030][  0]MapCheck:Warning: Warning TopEdge PaperSpriteComponent /Game/EndlessRunner/Maps/2DSideScrollerExampleMap.2DSideScrollerExampleMap:PersistentLevel.Gameplay_Screen_C_1.TopEdge : Externally referenced 
[2015.05.21-02.31.14:030][  0]MapCheck:Warning: Warning BottomEdge PaperSpriteComponent /Game/EndlessRunner/Maps/2DSideScrollerExampleMap.2DSideScrollerExampleMap:PersistentLevel.Gameplay_Screen_C_1.BottomEdge : Externally referenced 
[2015.05.21-02.31.14:030][  0]MapCheck: Info Map check complete: 0 Error(s), 54 Warning(s), took 489.398ms to complete.
[2015.05.21-02.31.14:038][  0]LogFileHelpers: Loading map '2DSideScrollerExampleMap' took 9.978
[2015.05.21-02.31.14:141][  0]LogCollectionManager: Loaded 0 collections in 0.001270 seconds
[2015.05.21-02.31.14:150][  0]LogContentBrowser: Native class hierarchy populated in 0.0091 seconds. Added 1697 classes and 263 folders.
[2015.05.21-02.31.14:178][  0]LogContentBrowser: Native class hierarchy updated for 'SceneOutliner' in 0.0025 seconds. Added 1 classes and 2 folders.
[2015.05.21-02.31.14:227][  0]LogCrashTracker: Crashtracker disabled due to settings.
[2015.05.21-02.31.14:228][  0]LogSlate:Warning: Failed to load font data from 'Veranda'
[2015.05.21-02.31.14:259][  0]LogLoad: Full Startup: 19.99 seconds (BP compile: 4.47 seconds)
[2015.05.21-02.31.14:292][  0]LogContentBrowser:Verbose: The content browser source was changed by the sources view to '/Game/EndlessRunner/Blueprints'
[2015.05.21-02.31.14:446][  0]LogRenderer:Warning: Reallocating scene render targets to support 1208x576 (Frame:2).
[2015.05.21-02.31.15:030][  6]LogAssetRegistry: Asset discovery search completed in 12.1239 seconds
[2015.05.21-02.31.17:926][296]LogPlayLevel: PIE:  No blueprints needed recompiling
[2015.05.21-02.31.17:926][296]PIE: New page: PIE session: 2DSideScrollerExampleMap (21 May 2015 10:31:17 pm)
[2015.05.21-02.31.17:933][296]LogPlayLevel: PIE: StaticDuplicateObject took: (0.005857s)
[2015.05.21-02.31.17:933][296]LogPlayLevel: PIE: World Init took: (0.000509s)
[2015.05.21-02.31.17:933][296]LogPlayLevel: PIE: Created PIE world by copying editor world from /Game/EndlessRunner/Maps/2DSideScrollerExampleMap.2DSideScrollerExampleMap to /Game/EndlessRunner/Maps/UEDPIE_0_2DSideScrollerExampleMap.2DSideScrollerExampleMap (0.006826s)
[2015.05.21-02.31.17:978][296]LogWorld: Game class is 'RunGameMode_C'
[2015.05.21-02.31.17:980][296]LogAIModule: Creating AISystem for world 2DSideScrollerExampleMap
[2015.05.21-02.31.17:988][296]LogWorld: Bringing World /Game/EndlessRunner/Maps/UEDPIE_0_2DSideScrollerExampleMap.2DSideScrollerExampleMap up for play (max tick rate 0) at 2015.05.21-12.31.17
[2015.05.21-02.31.17:988][296]LogWorld: Bringing up level for play took: 0.007903
[2015.05.21-02.31.17:996][296]PIE: Info Play in editor start time for /Game/EndlessRunner/Maps/UEDPIE_0_2DSideScrollerExampleMap -0.699
[2015.05.21-02.31.21:780][687]Cmd: RestartLevel
[2015.05.21-02.31.21:836][687]LogPackageName: SearchForPackageOnDisk took   0.056s to resolve GameOver.umap
[2015.05.21-02.31.21:901][688]LogPackageName: SearchForPackageOnDisk took   0.055s to resolve GameOver.umap
[2015.05.21-02.31.21:901][688]LogNet: Browse: /Game/EndlessRunner/Maps/GameOver
[2015.05.21-02.31.21:901][688]LogLoad: LoadMap: /Game/EndlessRunner/Maps/GameOver
[2015.05.21-02.31.21:991][688]LogParticles: Destroying 0 GPU particle simulations for FXSystem 0x0000000039038900
[2015.05.21-02.31.22:034][688]Cmd: MEM
[2015.05.21-02.31.22:055][688]LogMemory: Platform Memory Stats for Windows
[2015.05.21-02.31.22:055][688]LogMemory: Process Physical Memory: 774.80 MB used, 803.77 MB peak
[2015.05.21-02.31.22:055][688]LogMemory: Process Virtual Memory: 684.92 MB used, 733.09 MB peak
[2015.05.21-02.31.22:055][688]LogMemory: Physical Memory: 4679.95 MB used, 32720.52 MB total
[2015.05.21-02.31.22:055][688]LogMemory: Virtual Memory: 1243.00 MB used, 8388608.00 MB total
[2015.05.21-02.31.22:055][688]LogMemory: 
[2015.05.21-02.31.22:055][688]Allocator Stats for TBB: (not implemented)
[2015.05.21-02.31.22:601][688]LogWorld: Game class is 'GameMode'
[2015.05.21-02.31.22:603][688]LogAIModule: Creating AISystem for world GameOver
[2015.05.21-02.31.22:604][688]LogWorld: Bringing World /Game/EndlessRunner/Maps/UEDPIE_0_GameOver.GameOver up for play (max tick rate 0) at 2015.05.21-12.31.22
[2015.05.21-02.31.22:605][688]LogWorld: Bringing up level for play took: 0.001650
[2015.05.21-02.31.22:605][688]LogGameMode: Warning - PATHS NOT DEFINED or NO PLAYERSTART with positive rating
[2015.05.21-02.31.24:854][952]Set new viewmode: Wireframe
[2015.05.21-02.31.26:030][ 87]LogParticles: Destroying 0 GPU particle simulations for FXSystem 0x000000001C5436A0
[2015.05.21-02.31.26:933][190]LogPlayLevel: PIE:  No blueprints needed recompiling
[2015.05.21-02.31.26:934][190]PIE: New page: PIE session: 2DSideScrollerExampleMap (21 May 2015 10:31:26 pm)
[2015.05.21-02.31.26:940][190]LogPlayLevel: PIE: StaticDuplicateObject took: (0.005744s)
[2015.05.21-02.31.26:940][190]LogPlayLevel: PIE: World Init took: (0.000517s)
[2015.05.21-02.31.26:940][190]LogPlayLevel: PIE: Created PIE world by copying editor world from /Game/EndlessRunner/Maps/2DSideScrollerExampleMap.2DSideScrollerExampleMap to /Game/EndlessRunner/Maps/UEDPIE_0_2DSideScrollerExampleMap.2DSideScrollerExampleMap (0.006446s)
[2015.05.21-02.31.26:973][190]LogWorld: Game class is 'RunGameMode_C'
[2015.05.21-02.31.26:975][190]LogAIModule: Creating AISystem for world 2DSideScrollerExampleMap
[2015.05.21-02.31.26:983][190]LogWorld: Bringing World /Game/EndlessRunner/Maps/UEDPIE_0_2DSideScrollerExampleMap.2DSideScrollerExampleMap up for play (max tick rate 0) at 2015.05.21-12.31.26
[2015.05.21-02.31.26:983][190]LogWorld: Bringing up level for play took: 0.007753
[2015.05.21-02.31.26:986][190]PIE: Info Play in editor start time for /Game/EndlessRunner/Maps/UEDPIE_0_2DSideScrollerExampleMap 0.289
[2015.05.21-02.31.33:404][886]LogParticles: Destroying 0 GPU particle simulations for FXSystem 0x000000003663DEE0
[2015.05.21-02.31.36:250][218]LogContentBrowser:Verbose: The content browser source was changed by the sources view to '/Game/EndlessRunner/UMG'
[2015.05.21-02.31.37:704][389]LogContentBrowser:Verbose: The content browser source was changed by the sources view to '/Game/EndlessRunner'
[2015.05.21-02.31.38:037][428]LogContentBrowser:Verbose: The content browser source was changed by the sources view to '/Game/EndlessRunner/Maps'
[2015.05.21-02.31.38:951][536]LogContentBrowser:Verbose: The content browser source was changed by the sources view to '/Game/EndlessRunner'
[2015.05.21-02.31.39:777][634]LogContentBrowser:Verbose: The content browser source was changed by the sources view to '/Game/EndlessRunner/Blueprints'
[2015.05.21-02.31.41:273][782]LogContentBrowser:Verbose: The content browser source was changed by the sources view to '/Game/EndlessRunner/UMG'
[2015.05.21-02.31.57:001][513]Cmd: OBJ SAVEPACKAGE PACKAGE="/Game/EndlessRunner/UMG/RunHUD" FILE="C:/Users/n8400962/Documents/GitHub/SpaceRace/Content/EndlessRunner/UMG/RunHUD.uasset" SILENT=true
[2015.05.21-02.31.57:068][513]LogSavePackage: Save=30.178995ms
[2015.05.21-02.31.57:068][513]LogSavePackage: Moving 'C:/Users/n8400962/Documents/GitHub/SpaceRace/Saved/RunHUDA2933E7E4CC12EC70044838462812FAA.tmp' to 'C:/Users/n8400962/Documents/GitHub/SpaceRace/Content/EndlessRunner/UMG/RunHUD.uasset'
[2015.05.21-02.32.11:769][237]Cmd: OBJ SAVEPACKAGE PACKAGE="/Game/EndlessRunner/UMG/RunHUD" FILE="C:/Users/n8400962/Documents/GitHub/SpaceRace/Content/EndlessRunner/UMG/RunHUD.uasset" SILENT=true
[2015.05.21-02.32.11:835][237]LogSavePackage: Save=29.998402ms
[2015.05.21-02.32.11:835][237]LogSavePackage: Moving 'C:/Users/n8400962/Documents/GitHub/SpaceRace/Saved/RunHUDF826674E4D767081AD78198CB83A83B9.tmp' to 'C:/Users/n8400962/Documents/GitHub/SpaceRace/Content/EndlessRunner/UMG/RunHUD.uasset'
[2015.05.21-02.32.34:488][872]Cmd: OBJ SAVEPACKAGE PACKAGE="/Game/EndlessRunner/UMG/RunHUD" FILE="C:/Users/n8400962/Documents/GitHub/SpaceRace/Content/EndlessRunner/UMG/RunHUD.uasset" SILENT=true
[2015.05.21-02.32.34:555][872]LogSavePackage: Save=29.862492ms
[2015.05.21-02.32.34:555][872]LogSavePackage: Moving 'C:/Users/n8400962/Documents/GitHub/SpaceRace/Saved/RunHUD82C595EB43A76614CD478B914B7ED079.tmp' to 'C:/Users/n8400962/Documents/GitHub/SpaceRace/Content/EndlessRunner/UMG/RunHUD.uasset'
[2015.05.21-02.32.48:590][539]Cmd: OBJ SAVEPACKAGE PACKAGE="/Game/EndlessRunner/UMG/RunHUD" FILE="C:/Users/n8400962/Documents/GitHub/SpaceRace/Content/EndlessRunner/UMG/RunHUD.uasset" SILENT=true
[2015.05.21-02.32.48:656][539]LogSavePackage: Save=29.848528ms
[2015.05.21-02.32.48:656][539]LogSavePackage: Moving 'C:/Users/n8400962/Documents/GitHub/SpaceRace/Saved/RunHUD3510BAFF4E62944F88F8C6AB975699EF.tmp' to 'C:/Users/n8400962/Documents/GitHub/SpaceRace/Content/EndlessRunner/UMG/RunHUD.uasset'
[2015.05.21-02.32.50:282][734]BlueprintLog: New page: Compile RunHUD
[2015.05.21-02.32.50:373][734]BlueprintEditorCompileResults: Info [0116.08] Compile of RunHUD successful! [in 90 ms]
[2015.05.21-02.32.52:617][  0]BlueprintLog: New page: Pre-PIE auto-recompile
[2015.05.21-02.32.52:622][  0]LogPlayLevel: [PIE] Compiling ShipCharacter before PIE...
[2015.05.21-02.32.52:803][  0]LogPlayLevel: [PIE] Compiling RunGameMode before PIE...
[2015.05.21-02.32.52:876][  0]LogPlayLevel: [PIE] Compiling BP_Coin before PIE...
[2015.05.21-02.32.52:945][  0]LogPlayLevel: [PIE] Compiling BP_StartLevel before PIE...
[2015.05.21-02.32.53:173][  0]LogPlayLevel: [PIE] Compiling BP_Asteroid before PIE...
[2015.05.21-02.32.53:226][  0]LogPlayLevel: [PIE] Compiling BP_Coin2 before PIE...
[2015.05.21-02.32.53:286][  0]LogPlayLevel: [PIE] Compiling LargeAsteroid before PIE...
[2015.05.21-02.32.53:343][  0]LogPlayLevel: [PIE] Compiling RunHUD before PIE...
[2015.05.21-02.32.53:408][  0]LogPlayLevel: [PIE] Compiling BP_EndLevel before PIE...
[2015.05.21-02.32.53:452][  0]LogPlayLevel: [PIE] Compiling BP_MidLevel before PIE...
[2015.05.21-02.32.53:526][  0]LogPlayLevel: PIE:  Blueprint regeneration took 908 ms (10 blueprints)
[2015.05.21-02.32.53:526][  0]PIE: New page: PIE session: 2DSideScrollerExampleMap (21 May 2015 10:32:53 pm)
[2015.05.21-02.32.53:532][  0]LogPlayLevel: PIE: StaticDuplicateObject took: (0.005766s)
[2015.05.21-02.32.53:533][  0]LogPlayLevel: PIE: World Init took: (0.000504s)
[2015.05.21-02.32.53:533][  0]LogPlayLevel: PIE: Created PIE world by copying editor world from /Game/EndlessRunner/Maps/2DSideScrollerExampleMap.2DSideScrollerExampleMap to /Game/EndlessRunner/Maps/UEDPIE_0_2DSideScrollerExampleMap.2DSideScrollerExampleMap (0.006450s)
[2015.05.21-02.32.53:562][  0]LogWorld: Game class is 'RunGameMode_C'
[2015.05.21-02.32.53:564][  0]LogAIModule: Creating AISystem for world 2DSideScrollerExampleMap
[2015.05.21-02.32.53:570][  0]LogWorld: Bringing World /Game/EndlessRunner/Maps/UEDPIE_0_2DSideScrollerExampleMap.2DSideScrollerExampleMap up for play (max tick rate 0) at 2015.05.21-12.32.53
[2015.05.21-02.32.53:571][  0]LogWorld: Bringing up level for play took: 0.006263
[2015.05.21-02.32.53:573][  0]PIE: Info Play in editor start time for /Game/EndlessRunner/Maps/UEDPIE_0_2DSideScrollerExampleMap 0.862
[2015.05.21-02.32.57:525][464]LogParticles: Destroying 0 GPU particle simulations for FXSystem 0x000000003663D940
[2015.05.21-02.32.58:623][593]BlueprintLog: New page: Pre-PIE auto-recompile
[2015.05.21-02.32.58:627][593]LogPlayLevel: [PIE] Compiling ShipCharacter before PIE...
[2015.05.21-02.32.58:802][593]LogPlayLevel: [PIE] Compiling RunGameMode before PIE...
[2015.05.21-02.32.58:875][593]LogPlayLevel: [PIE] Compiling BP_Coin before PIE...
[2015.05.21-02.32.58:944][593]LogPlayLevel: [PIE] Compiling BP_StartLevel before PIE...
[2015.05.21-02.32.59:172][593]LogPlayLevel: [PIE] Compiling BP_Asteroid before PIE...
[2015.05.21-02.32.59:224][593]LogPlayLevel: [PIE] Compiling BP_Coin2 before PIE...
[2015.05.21-02.32.59:285][593]LogPlayLevel: [PIE] Compiling LargeAsteroid before PIE...
[2015.05.21-02.32.59:341][593]LogPlayLevel: [PIE] Compiling RunHUD before PIE...
[2015.05.21-02.32.59:404][593]LogPlayLevel: [PIE] Compiling BP_EndLevel before PIE...
[2015.05.21-02.32.59:448][593]LogPlayLevel: [PIE] Compiling BP_MidLevel before PIE...
[2015.05.21-02.32.59:522][593]LogPlayLevel: PIE:  Blueprint regeneration took 898 ms (10 blueprints)
[2015.05.21-02.32.59:523][593]PIE: New page: PIE session: 2DSideScrollerExampleMap (21 May 2015 10:32:59 pm)
[2015.05.21-02.32.59:529][593]LogPlayLevel: PIE: StaticDuplicateObject took: (0.005729s)
[2015.05.21-02.32.59:529][593]LogPlayLevel: PIE: World Init took: (0.000512s)
[2015.05.21-02.32.59:529][593]LogPlayLevel: PIE: Created PIE world by copying editor world from /Game/EndlessRunner/Maps/2DSideScrollerExampleMap.2DSideScrollerExampleMap to /Game/EndlessRunner/Maps/UEDPIE_0_2DSideScrollerExampleMap.2DSideScrollerExampleMap (0.006422s)
[2015.05.21-02.32.59:562][593]LogWorld: Game class is 'RunGameMode_C'
[2015.05.21-02.32.59:564][593]LogAIModule: Creating AISystem for world 2DSideScrollerExampleMap
[2015.05.21-02.32.59:570][593]LogWorld: Bringing World /Game/EndlessRunner/Maps/UEDPIE_0_2DSideScrollerExampleMap.2DSideScrollerExampleMap up for play (max tick rate 0) at 2015.05.21-12.32.59
[2015.05.21-02.32.59:570][593]LogWorld: Bringing up level for play took: 0.005874
[2015.05.21-02.32.59:573][593]PIE: Info Play in editor start time for /Game/EndlessRunner/Maps/UEDPIE_0_2DSideScrollerExampleMap 0.861
[2015.05.21-02.33.05:160][254]LogParticles: Destroying 0 GPU particle simulations for FXSystem 0x0000000013212C00
[2015.05.21-02.33.07:400][509]LogContentBrowser:Verbose: The content browser source was changed by the sources view to '/Game/EndlessRunner/Blueprints'
[2015.05.21-02.33.24:439][102]LogSavePackage: Save=120.802864ms
[2015.05.21-02.33.24:439][102]LogSavePackage: Moving 'C:/Users/n8400962/Documents/GitHub/SpaceRace/Saved/2DSideScrollerExampleMapEE34775B473552A21F