Log file open, 05/26/15 01:15:42
LogInit:Display: Running engine for game: SpaceRace
LogInit: Version: 4.7.6-2513093+++depot+UE4-Releases+4.7
LogInit: API Version: 2455222
LogInit: Compiled (64-bit): Apr 15 2015 12:09:54
LogInit: Compiled with Visual C++: 18.00.21005.01
LogInit: Build Configuration: Development
LogInit: Branch Name: ++depot+UE4-Releases+4.7
LogInit: Command line:  
LogInit: Base directory: C:/Program Files/Epic Games/4.7/Engine/Binaries/Win64/
LogInit: Rocket: 1
[2015.05.25-15.15.42:403][  0]LogTaskGraph: Started task graph with 3 named threads and 6 total threads.
[2015.05.25-15.15.42:452][  0]LogOnline:Warning: No default platform service specified for OnlineSubsystem
[2015.05.25-15.15.42:463][  0]LogInit: Presizing for 0 objects not considered by GC, pre-allocating 0 bytes.
[2015.05.25-15.15.42:471][  0]LogInit: Object subsystem initialized
[2015.05.25-15.15.42:473][  0]LogConsoleResponse:Warning: Skipping Unknown console variable: 'TranslucentSortAxis = (X=0.000000,Y=-1.000000,Z=0.000000)'
[2015.05.25-15.15.42:473][  0]LogConsoleResponse:Warning:   Found in ini file 'C:/Users/Michael Herbert/Documents/SpaceRace/Saved/Config/Windows/Engine.ini', in section '[/Script/Engine.RendererSettings]'
[2015.05.25-15.15.42:473][  0]LogConsoleResponse:Warning: Skipping Unknown console variable: 'UIScaleRule = ShortestSide'
[2015.05.25-15.15.42:473][  0]LogConsoleResponse:Warning:   Found in ini file 'C:/Users/Michael Herbert/Documents/SpaceRace/Saved/Config/Windows/Engine.ini', in section '[/Script/Engine.RendererSettings]'
[2015.05.25-15.15.42:473][  0]LogConsoleResponse:Warning: Skipping Unknown console variable: 'UIScaleCurve = (EditorCurveData=(Keys=),ExternalCurve=None)'
[2015.05.25-15.15.42:473][  0]LogConsoleResponse:Warning:   Found in ini file 'C:/Users/Michael Herbert/Documents/SpaceRace/Saved/Config/Windows/Engine.ini', in section '[/Script/Engine.RendererSettings]'
[2015.05.25-15.15.42:473][  0]LogInit: Selected Device Profile: [Windows]
[2015.05.25-15.15.42:473][  0]LogInit: Applying CVar settings loaded from the selected device profile: [Windows]
[2015.05.25-15.15.42:479][  0]LogInit: Computer: MICHAELHERBERT
[2015.05.25-15.15.42:479][  0]LogInit: User: MichaelHerbert
[2015.05.25-15.15.42:479][  0]LogInit: CPU Page size=4096, Cores=4
[2015.05.25-15.15.42:479][  0]LogInit: High frequency timer resolution =3.515664 MHz
[2015.05.25-15.15.42:479][  0]LogMemory: Memory total: Physical=15.9GB (16GB approx) Virtual=8192.0GB
[2015.05.25-15.15.42:479][  0]LogMemory: Platform Memory Stats for Windows
[2015.05.25-15.15.42:479][  0]LogMemory: Process Physical Memory: 50.92 MB used, 50.92 MB peak
[2015.05.25-15.15.42:479][  0]LogMemory: Process Virtual Memory: 29.86 MB used, 29.87 MB peak
[2015.05.25-15.15.42:479][  0]LogMemory: Physical Memory: 6192.92 MB used, 16244.83 MB total
[2015.05.25-15.15.42:479][  0]LogMemory: Virtual Memory: 352.33 MB used, 8388608.00 MB total
[2015.05.25-15.15.42:506][  0]LogD3D11RHI: Found D3D11 adapter 0: NVIDIA GeForce GTX 960 (Feature Level 11_0)
[2015.05.25-15.15.42:506][  0]LogD3D11RHI: Adapter has 1970MB of dedicated video memory, 0MB of dedicated system memory, and 2048MB of shared system memory, 1 output[s]
[2015.05.25-15.15.42:506][  0]LogD3D11RHI: Chosen D3D11 Adapter Id = 0
[2015.05.25-15.15.42:511][  0]LogRHI: Texture pool is 1361 MB (70% of 1945 MB)
[2015.05.25-15.15.42:517][  0]LogD3D11RHI: Async texture creation enabled
[2015.05.25-15.15.42:568][  0]LogTextLocalizationManager: The requested culture ('en_AU') has no localization data; parent culture's ('en') localization data will be used.
[2015.05.25-15.15.42:620][  0]LogTextLocalizationManager:Warning: Loading localization resources contain conflicting entries for (Namespace:UICommands, Key:Save_ToolTip):
Resource: (C:/Program Files/Epic Games/4.7/Engine/Content/Localization/Editor/en/Editor.locres) Hash: (-29098895) String: (Saves the current level to disk)
Resource: (C:/Program Files/Epic Games/4.7/Engine/Content/Localization/Engine/en/Engine.locres) Hash: (-1280300587) String: (Save selected data to vlog file)
[2015.05.25-15.15.42:620][  0]LogTextLocalizationManager:Warning: Loading localization resources contain conflicting entries for (Namespace:ContentBrowser, Key:ImportAssetToolTip):
Resource: (C:/Program Files/Epic Games/4.7/Engine/Content/Localization/Editor/en/Editor.locres) Hash: (-630476809) String: (Import to {0}...)
Resource: (C:/Program Files/Epic Games/4.7/Engine/Content/Localization/Editor/en/Editor.locres) Hash: (1271782899) String: (Imports an asset from file to this folder.)
[2015.05.25-15.15.42:690][  0]LogContentStreaming: Texture pool size is 0.000000MB
[2015.05.25-15.15.44:599][  0]LogTargetPlatformManager:Display: Building Assets For Windows
[2015.05.25-15.15.45:055][  0]LogTargetPlatformManager:Display: Building Assets For Windows
[2015.05.25-15.15.45:108][  0]LogDerivedDataCache:Display: Max Cache Size: 512 MB
[2015.05.25-15.15.45:152][  0]LogDerivedDataCache: Loaded boot cache 0.04s 39MB C:/Users/Michael Herbert/AppData/Local/UnrealEngine/4.7/DerivedDataCache/Boot.ddc.
[2015.05.25-15.15.45:152][  0]LogDerivedDataCache:Display: Loaded Boot cache: C:/Users/Michael Herbert/AppData/Local/UnrealEngine/4.7/DerivedDataCache/Boot.ddc
[2015.05.25-15.15.45:152][  0]LogDerivedDataCache: FDerivedDataBackendGraph:  Pak pak cache file ../../../../../../Users/Michael Herbert/Documents/SpaceRace/DerivedDataCache/DDC.ddp not found, will not use a pak cache.
[2015.05.25-15.15.45:152][  0]LogDerivedDataCache: Unable to find inner node Pak for hierarchical cache Hierarchy.
[2015.05.25-15.15.45:255][  0]LogDerivedDataCache:Display: Pak cache opened for reading ../../../Engine/DerivedDataCache/Compressed.ddp.
[2015.05.25-15.15.45:267][  0]LogDerivedDataCache: Using Local data cache path C:/Users/Michael Herbert/AppData/Local/UnrealEngine/Common/DerivedDataCache: Writable
[2015.05.25-15.15.45:526][  0]LogMeshUtilities: No automatic mesh reduction module available
[2015.05.25-15.15.45:526][  0]LogMeshUtilities: No automatic mesh merging module available
[2015.05.25-15.15.45:819][  0]LogInit: WinSock: version 1.1 (2.2), MaxSocks=32767, MaxUdp=65467
[2015.05.25-15.15.45:884][  0]LogSlate:Warning: Failed to load font data from '../../../Engine/Content/Slate/Fonts/Roboto-Italic.ttf'
[2015.05.25-15.15.46:524][  0]UdpMessaging: Initializing bridge on interface 0.0.0.0:0 to multicast group 230.0.0.1:6666.
[2015.05.25-15.15.46:738][  0]SourceControl: Info Source control is disabled
[2015.05.25-15.15.46:738][  0]SourceControl: Info Source control is disabled
[2015.05.25-15.15.46:738][  0]SourceControl: Info Source control is disabled
[2015.05.25-15.15.46:738][  0]LogSourceControl: RunCommandInternalRaw: 'git version'
[2015.05.25-15.15.46:739][  0]LogSourceControl: RunCommandInternalRaw: ExecProcess ReturnCode=2 OutResults=''
[2015.05.25-15.15.46:746][  0]SourceControl: Info Source control is disabled
[2015.05.25-15.15.46:898][  0]LogObj: 24236 objects as part of root set at end of initial load.
[2015.05.25-15.15.46:898][  0]LogUObjectAllocator: 5138808 out of 0 bytes used by permanent object pool.
[2015.05.25-15.15.46:966][  0]LogEngine: Initializing Engine...
[2015.05.25-15.15.50:097][  0]LogInit: XAudio2 using 'Speakers (Realtek High Definition Audio)' : 2 channels at 44.1 kHz using 32 bits per sample (channel mask 0x3)
[2015.05.25-15.15.50:127][  0]LogInit: FAudioDevice initialized.
[2015.05.25-15.15.50:159][  0]LogAIModule: Creating AISystem for world NewWorld
[2015.05.25-15.15.50:182][  0]LogDerivedDataCache: Saved boot cache 0.02s 39MB C:/Users/Michael Herbert/AppData/Local/UnrealEngine/4.7/DerivedDataCache/Boot.ddc.
[2015.05.25-15.15.50:185][  0]LogInit: Texture streaming: Enabled
[2015.05.25-15.15.50:260][  0]LogAnalytics: Creating configured Analytics provider AnalyticsET
[2015.05.25-15.15.50:260][  0]LogAnalytics: ET APIKey = Rocket.Release. APIServer = http://et2.epicgames.com/ET2/. AppVersion = 4.7.6-2513093+++depot+UE4-Releases+4.7
[2015.05.25-15.15.50:260][  0]LogAnalytics: ET APIKey = Rocket.Release. DataRouterUploadURL = https://datarouter-public-service-gamedev.ol.epicgames.net/datarouter/api/v1/public/data. AppVersion = 4.7.6-2513093+++depot+UE4-Releases+4.7
[2015.05.25-15.15.50:260][  0]LogAnalytics: SetUserId 0f88b27845e758115f4ad7ad96ed6ef6|51fe2412c8b74b02bd802614c621f646|4b488e6f-c617-4327-aaf9-74763d8f78d1
[2015.05.25-15.15.50:260][  0]LogAnalytics: AnalyticsET::StartSession [Rocket.Release]
[2015.05.25-15.15.50:283][  0]LogInit: Transaction tracking system initialized
[2015.05.25-15.15.50:421][  0]BlueprintLog: New page: Editor Load
[2015.05.25-15.15.50:451][  0]LogAssetRegistry: FAssetRegistry took 0.0095 seconds to start up
[2015.05.25-15.15.50:451][  0]LogDirectoryWatcher:Warning: Failed to begin reading directory changes for ../../../Engine/Plugins/Experimental/CharacterAI/Content/. Error: 0
[2015.05.25-15.15.50:900][  0]LogTargetPlatformManager:Display: Building Assets For Windows
[2015.05.25-15.15.51:250][  0]LogTargetPlatformManager:Display: Building Assets For Windows
[2015.05.25-15.15.51:474][  0]LogSlate:Warning: Failed to load font data from '../../../Engine/Content/Editor/Slate/Fonts/Roboto-Regular.ttf'
[2015.05.25-15.15.51:475][  0]LogSlate:Warning: Failed to load font data from '../../../Engine/Content/Editor/Slate/Fonts/Roboto-Bold.ttf'
[2015.05.25-15.15.51:479][  0]LogConsoleResponse:Display: 
[2015.05.25-15.15.51:590][  0]LogCook:Display: Done creating registry. It took  0.00s.
[2015.05.25-15.15.51:714][  0]SourceControl: Info Source control is disabled
[2015.05.25-15.15.51:714][  0]Cmd: MAP LOAD FILE="../../../../../../Users/Michael Herbert/Documents/SpaceRace/Content/EndlessRunner/Maps/2DSideScrollerExampleMap.umap" TEMPLATE=0 SHOWPROGRESS=1 FEATURELEVEL=3
[2015.05.25-15.15.51:715][  0]LightingResults: New page: Lighting Build
[2015.05.25-15.15.51:726][  0]MapCheck: New page: Map Check
[2015.05.25-15.15.51:726][  0]LightingResults: New page: Lighting Build
[2015.05.25-15.15.51:733][  0]LogParticles: Destroying 0 GPU particle simulations for FXSystem 0x000000001870A520
[2015.05.25-15.16.01:850][  0]LogAudioDerivedData:Display: Building compressed audio format OGG wave BGM_ingame...
[2015.05.25-15.16.03:063][  0]LogEditorServer: Finished looking for orphan Actors (0.000 secs)
[2015.05.25-15.16.03:064][  0]LogAIModule: Creating AISystem for world 2DSideScrollerExampleMap
[2015.05.25-15.16.03:065][  0]Cmd: MAP CHECKDEP
[2015.05.25-15.16.03:065][  0]MapCheck: New page: 2DSideScrollerExampleMap - 26 May 2015 11:16:03 am
[2015.05.25-15.16.03:562][  0]MapCheck:Warning: Warning Sprite0 PaperFlipbookComponent /Game/EndlessRunner/Maps/2DSideScrollerExampleMap.2DSideScrollerExampleMap:PersistentLevel.ShipCharacter_C_1.Sprite0 : Externally referenced 
[2015.05.25-15.16.03:563][  0]MapCheck:Warning: Warning PaperFlipbook1 PaperFlipbookComponent /Game/EndlessRunner/Maps/2DSideScrollerExampleMap.2DSideScrollerExampleMap:PersistentLevel.ShipCharacter_C_1.PaperFlipbook1 : Externally referenced 
[2015.05.25-15.16.03:563][  0]MapCheck:Warning: Warning PaperFlipbook2 PaperFlipbookComponent /Game/EndlessRunner/Maps/2DSideScrollerExampleMap.2DSideScrollerExampleMap:PersistentLevel.ShipCharacter_C_1.PaperFlipbook2 : Externally referenced 
[2015.05.25-15.16.03:563][  0]MapCheck:Warning: Warning PaperFlipbook PaperFlipbookComponent /Game/EndlessRunner/Maps/2DSideScrollerExampleMap.2DSideScrollerExampleMap:PersistentLevel.ShipCharacter_C_1.PaperFlipbook : Externally referenced 
[2015.05.25-15.16.03:563][  0]MapCheck:Warning: Warning PaperFlipbook PaperFlipbookComponent /Game/EndlessRunner/Maps/2DSideScrollerExampleMap.2DSideScrollerExampleMap:PersistentLevel.BP_Coin3_127.PaperFlipbook : Externally referenced 
[2015.05.25-15.16.03:563][  0]MapCheck:Warning: Warning PaperFlipbook PaperFlipbookComponent /Game/EndlessRunner/Maps/2DSideScrollerExampleMap.2DSideScrollerExampleMap:PersistentLevel.BP_Coin4_258.PaperFlipbook : Externally referenced 
[2015.05.25-15.16.03:563][  0]MapCheck:Warning: Warning PaperFlipbook PaperFlipbookComponent /Game/EndlessRunner/Maps/2DSideScrollerExampleMap.2DSideScrollerExampleMap:PersistentLevel.BP_Coin5_377.PaperFlipbook : Externally referenced 
[2015.05.25-15.16.03:563][  0]MapCheck:Warning: Warning PaperFlipbook PaperFlipbookComponent /Game/EndlessRunner/Maps/2DSideScrollerExampleMap.2DSideScrollerExampleMap:PersistentLevel.BP_Coin6_576.PaperFlipbook : Externally referenced 
[2015.05.25-15.16.03:563][  0]MapCheck:Warning: Warning PaperFlipbook PaperFlipbookComponent /Game/EndlessRunner/Maps/2DSideScrollerExampleMap.2DSideScrollerExampleMap:PersistentLevel.BP_Coin7_707.PaperFlipbook : Externally referenced 
[2015.05.25-15.16.03:563][  0]MapCheck:Warning: Warning PaperFlipbook PaperFlipbookComponent /Game/EndlessRunner/Maps/2DSideScrollerExampleMap.2DSideScrollerExampleMap:PersistentLevel.BP_Coin8_846.PaperFlipbook : Externally referenced 
[2015.05.25-15.16.03:563][  0]MapCheck:Warning: Warning PaperFlipbook PaperFlipbookComponent /Game/EndlessRunner/Maps/2DSideScrollerExampleMap.2DSideScrollerExampleMap:PersistentLevel.BP_Coin9_961.PaperFlipbook : Externally referenced 
[2015.05.25-15.16.03:563][  0]MapCheck:Warning: Warning PaperFlipbook PaperFlipbookComponent /Game/EndlessRunner/Maps/2DSideScrollerExampleMap.2DSideScrollerExampleMap:PersistentLevel.BP_Coin10_1092.PaperFlipbook : Externally referenced 
[2015.05.25-15.16.03:563][  0]MapCheck:Warning: Warning PaperFlipbook PaperFlipbookComponent /Game/EndlessRunner/Maps/2DSideScrollerExampleMap.2DSideScrollerExampleMap:PersistentLevel.BP_Coin11_1239.PaperFlipbook : Externally referenced 
[2015.05.25-15.16.03:563][  0]MapCheck:Warning: Warning PaperFlipbook PaperFlipbookComponent /Game/EndlessRunner/Maps/2DSideScrollerExampleMap.2DSideScrollerExampleMap:PersistentLevel.BP_Coin12_1430.PaperFlipbook : Externally referenced 
[2015.05.25-15.16.03:563][  0]MapCheck:Warning: Warning PaperFlipbook PaperFlipbookComponent /Game/EndlessRunner/Maps/2DSideScrollerExampleMap.2DSideScrollerExampleMap:PersistentLevel.BP_Coin_C_550.PaperFlipbook : Externally referenced 
[2015.05.25-15.16.03:563][  0]MapCheck:Warning: Warning PaperFlipbook PaperFlipbookComponent /Game/EndlessRunner/Maps/2DSideScrollerExampleMap.2DSideScrollerExampleMap:PersistentLevel.BP_Coin_C_551.PaperFlipbook : Externally referenced 
[2015.05.25-15.16.03:564][  0]MapCheck:Warning: Warning PaperFlipbook PaperFlipbookComponent /Game/EndlessRunner/Maps/2DSideScrollerExampleMap.2DSideScrollerExampleMap:PersistentLevel.BP_Coin_C_552.PaperFlipbook : Externally referenced 
[2015.05.25-15.16.03:564][  0]MapCheck:Warning: Warning PaperFlipbook PaperFlipbookComponent /Game/EndlessRunner/Maps/2DSideScrollerExampleMap.2DSideScrollerExampleMap:PersistentLevel.BP_Coin_C_553.PaperFlipbook : Externally referenced 
[2015.05.25-15.16.03:564][  0]MapCheck:Warning: Warning PaperFlipbook PaperFlipbookComponent /Game/EndlessRunner/Maps/2DSideScrollerExampleMap.2DSideScrollerExampleMap:PersistentLevel.BP_Coin_C_554.PaperFlipbook : Externally referenced 
[2015.05.25-15.16.03:564][  0]MapCheck:Warning: Warning PaperFlipbook PaperFlipbookComponent /Game/EndlessRunner/Maps/2DSideScrollerExampleMap.2DSideScrollerExampleMap:PersistentLevel.BP_Coin_C_555.PaperFlipbook : Externally referenced 
[2015.05.25-15.16.03:564][  0]MapCheck:Warning: Warning PaperFlipbook PaperFlipbookComponent /Game/EndlessRunner/Maps/2DSideScrollerExampleMap.2DSideScrollerExampleMap:PersistentLevel.BP_Coin_C_556.PaperFlipbook : Externally referenced 
[2015.05.25-15.16.03:564][  0]MapCheck:Warning: Warning PaperFlipbook PaperFlipbookComponent /Game/EndlessRunner/Maps/2DSideScrollerExampleMap.2DSideScrollerExampleMap:PersistentLevel.BP_Coin_C_557.PaperFlipbook : Externally referenced 
[2015.05.25-15.16.03:564][  0]MapCheck:Warning: Warning PaperFlipbook PaperFlipbookComponent /Game/EndlessRunner/Maps/2DSideScrollerExampleMap.2DSideScrollerExampleMap:PersistentLevel.BP_Coin_C_558.PaperFlipbook : Externally referenced 
[2015.05.25-15.16.03:564][  0]MapCheck:Warning: Warning PaperFlipbook PaperFlipbookComponent /Game/EndlessRunner/Maps/2DSideScrollerExampleMap.2DSideScrollerExampleMap:PersistentLevel.BP_Coin_C_559.PaperFlipbook : Externally referenced 
[2015.05.25-15.16.03:564][  0]MapCheck:Warning: Warning PaperFlipbook PaperFlipbookComponent /Game/EndlessRunner/Maps/2DSideScrollerExampleMap.2DSideScrollerExampleMap:PersistentLevel.BP_Coin_C_560.PaperFlipbook : Externally referenced 
[2015.05.25-15.16.03:564][  0]MapCheck:Warning: Warning Gems PaperFlipbookComponent /Game/EndlessRunner/Maps/2DSideScrollerExampleMap.2DSideScrollerExampleMap:PersistentLevel.Wave1_373.Gems : Externally referenced 
[2015.05.25-15.16.03:564][  0]MapCheck:Warning: Warning PaperFlipbook PaperFlipbookComponent /Game/EndlessRunner/Maps/2DSideScrollerExampleMap.2DSideScrollerExampleMap:PersistentLevel.Wave1_373.PaperFlipbook : Externally referenced 
[2015.05.25-15.16.03:564][  0]MapCheck:Warning: Warning PaperFlipbook1 PaperFlipbookComponent /Game/EndlessRunner/Maps/2DSideScrollerExampleMap.2DSideScrollerExampleMap:PersistentLevel.Wave1_373.PaperFlipbook1 : Externally referenced 
[2015.05.25-15.16.03:564][  0]MapCheck:Warning: Warning PaperFlipbook2 PaperFlipbookComponent /Game/EndlessRunner/Maps/2DSideScrollerExampleMap.2DSideScrollerExampleMap:PersistentLevel.Wave1_373.PaperFlipbook2 : Externally referenced 
[2015.05.25-15.16.03:564][  0]MapCheck:Warning: Warning PaperFlipbook3 PaperFlipbookComponent /Game/EndlessRunner/Maps/2DSideScrollerExampleMap.2DSideScrollerExampleMap:PersistentLevel.Wave1_373.PaperFlipbook3 : Externally referenced 
[2015.05.25-15.16.03:564][  0]MapCheck:Warning: Warning PaperFlipbook4 PaperFlipbookComponent /Game/EndlessRunner/Maps/2DSideScrollerExampleMap.2DSideScrollerExampleMap:PersistentLevel.Wave1_373.PaperFlipbook4 : Externally referenced 
[2015.05.25-15.16.03:565][  0]MapCheck:Warning: Warning PaperSprite PaperSpriteComponent /Game/EndlessRunner/Maps/2DSideScrollerExampleMap.2DSideScrollerExampleMap:PersistentLevel.BP_StartLevel_C_1.PaperSprite : Externally referenced 
[2015.05.25-15.16.03:565][  0]MapCheck:Warning: Warning Map 1 PaperSpriteComponent /Game/EndlessRunner/Maps/2DSideScrollerExampleMap.2DSideScrollerExampleMap:PersistentLevel.BP_StartLevel_C_1.Map 1 : Externally referenced 
[2015.05.25-15.16.03:565][  0]MapCheck:Warning: Warning Map 2 PaperSpriteComponent /Game/EndlessRunner/Maps/2DSideScrollerExampleMap.2DSideScrollerExampleMap:PersistentLevel.BP_StartLevel_C_1.Map 2 : Externally referenced 
[2015.05.25-15.16.03:565][  0]MapCheck:Warning: Warning Map 3 PaperSpriteComponent /Game/EndlessRunner/Maps/2DSideScrollerExampleMap.2DSideScrollerExampleMap:PersistentLevel.BP_StartLevel_C_1.Map 3 : Externally referenced 
[2015.05.25-15.16.03:565][  0]MapCheck:Warning: Warning Map 4 PaperSpriteComponent /Game/EndlessRunner/Maps/2DSideScrollerExampleMap.2DSideScrollerExampleMap:PersistentLevel.BP_StartLevel_C_1.Map 4 : Externally referenced 
[2015.05.25-15.16.03:565][  0]MapCheck:Warning: Warning Map 5 PaperSpriteComponent /Game/EndlessRunner/Maps/2DSideScrollerExampleMap.2DSideScrollerExampleMap:PersistentLevel.BP_StartLevel_C_1.Map 5 : Externally referenced 
[2015.05.25-15.16.03:565][  0]MapCheck:Warning: Warning map 6 PaperSpriteComponent /Game/EndlessRunner/Maps/2DSideScrollerExampleMap.2DSideScrollerExampleMap:PersistentLevel.BP_StartLevel_C_1.map 6 : Externally referenced 
[2015.05.25-15.16.03:565][  0]MapCheck:Warning: Warning PaperSprite PaperSpriteComponent /Game/EndlessRunner/Maps/2DSideScrollerExampleMap.2DSideScrollerExampleMap:PersistentLevel.LargeAsteroid_114.PaperSprite : Externally referenced 
[2015.05.25-15.16.03:565][  0]MapCheck:Warning: Warning Asteroid 1 PaperSpriteComponent /Game/EndlessRunner/Maps/2DSideScrollerExampleMap.2DSideScrollerExampleMap:PersistentLevel.Wave1_373.Asteroid 1 : Externally referenced 
[2015.05.25-15.16.03:565][  0]MapCheck:Warning: Warning RightEdge PaperSpriteComponent /Game/EndlessRunner/Maps/2DSideScrollerExampleMap.2DSideScrollerExampleMap:PersistentLevel.Gameplay_Screen_C_1.RightEdge : Externally referenced 
[2015.05.25-15.16.03:565][  0]MapCheck:Warning: Warning LeftEdge PaperSpriteComponent /Game/EndlessRunner/Maps/2DSideScrollerExampleMap.2DSideScrollerExampleMap:PersistentLevel.Gameplay_Screen_C_1.LeftEdge : Externally referenced 
[2015.05.25-15.16.03:565][  0]MapCheck:Warning: Warning TopEdge PaperSpriteComponent /Game/EndlessRunner/Maps/2DSideScrollerExampleMap.2DSideScrollerExampleMap:PersistentLevel.Gameplay_Screen_C_1.TopEdge : Externally referenced 
[2015.05.25-15.16.03:565][  0]MapCheck:Warning: Warning BottomEdge PaperSpriteComponent /Game/EndlessRunner/Maps/2DSideScrollerExampleMap.2DSideScrollerExampleMap:PersistentLevel.Gameplay_Screen_C_1.BottomEdge : Externally referenced 
[2015.05.25-15.16.03:565][  0]MapCheck:Warning: Warning Small Pirate PaperSpriteComponent /Game/EndlessRunner/Maps/2DSideScrollerExampleMap.2DSideScrollerExampleMap:PersistentLevel.Wave1_373.Small Pirate : Externally referenced 
[2015.05.25-15.16.03:565][  0]MapCheck:Warning: Warning AudioComponent0 AudioComponent /Game/EndlessRunner/Maps/2DSideScrollerExampleMap.2DSideScrollerExampleMap:PersistentLevel.BGM_ingame_Cue_2.AudioComponent0 : Externally referenced 
[2015.05.25-15.16.03:566][  0]MapCheck: Info Map check complete: 0 Error(s), 46 Warning(s), took 500.098ms to complete.
[2015.05.25-15.16.03:575][  0]LogFileHelpers: Loading map '2DSideScrollerExampleMap' took 11.861
[2015.05.25-15.16.03:680][  0]LogCollectionManager: Loaded 0 collections in 0.001321 seconds
[2015.05.25-15.16.03:692][  0]LogContentBrowser: Native class hierarchy populated in 0.0121 seconds. Added 1697 classes and 263 folders.
[2015.05.25-15.16.03:721][  0]LogContentBrowser: Native class hierarchy updated for 'SceneOutliner' in 0.0038 seconds. Added 1 classes and 2 folders.
[2015.05.25-15.16.03:768][  0]LogCrashTracker: Crashtracker disabled due to settings.
[2015.05.25-15.16.03:769][  0]LogSlate:Warning: Failed to load font data from 'Veranda'
[2015.05.25-15.16.03:775][  0]LogUObjectGlobals:Warning: Failed to find object 'Class None.'
[2015.05.25-15.16.03:800][  0]LogLoad: Full Startup: 23.08 seconds (BP compile: 5.07 seconds)
[2015.05.25-15.16.04:201][  0]LogContentBrowser:Verbose: The content browser source was changed by the sources view to '/Game/EndlessRunner/Maps'
[2015.05.25-15.16.04:365][  0]LogRenderer:Warning: Reallocating scene render targets to support 1152x632 (Frame:2).
[2015.05.25-15.16.06:519][  7]LogAssetRegistry: Asset discovery search completed in 16.0776 seconds
[2015.05.25-15.16.08:143][ 17]Cmd: MAP LOAD FILE="../../../../../../Users/Michael Herbert/Documents/SpaceRace/Content/EndlessRunner/Maps/2DSideScrollerExampleMap.umap" TEMPLATE=0 SHOWPROGRESS=1 FEATURELEVEL=3
[2015.05.25-15.16.08:143][ 17]LightingResults: New page: Lighting Build
[2015.05.25-15.16.08:177][ 17]LoadErrors: New page: Loading map: 2DSideScrollerExampleMap.umap
[2015.05.25-15.16.08:179][ 17]MapCheck: New page: Map Check
[2015.05.25-15.16.08:179][ 17]LightingResults: New page: Lighting Build
[2015.05.25-15.16.08:192][ 17]LogParticles: Destroying 0 GPU particle simulations for FXSystem 0x00000000265FD800
[2015.05.25-15.16.08:245][ 17]LogEditorServer: Finished looking for orphan Actors (0.000 secs)
[2015.05.25-15.16.08:246][ 17]LogAIModule: Creating AISystem for world 2DSideScrollerExampleMap
[2015.05.25-15.16.08:280][ 17]Cmd: MAP CHECKDEP
[2015.05.25-15.16.08:280][ 17]MapCheck: New page: 2DSideScrollerExampleMap - 26 May 2015 11:16:08 am
[2015.05.25-15.16.08:584][ 17]MapCheck:Warning: Warning ShipCharacter_C_1 PaperFlipbookComponent /Game/EndlessRunner/Maps/2DSideScrollerExampleMap.2DSideScrollerExampleMap:PersistentLevel.ShipCharacter_C_1.Sprite0 : Externally referenced 
[2015.05.25-15.16.08:585][ 17]MapCheck:Warning: Warning ShipCharacter_C_1 PaperFlipbookComponent /Game/EndlessRunner/Maps/2DSideScrollerExampleMap.2DSideScrollerExampleMap:PersistentLevel.ShipCharacter_C_1.PaperFlipbook1 : Externally referenced 
[2015.05.25-15.16.08:585][ 17]MapCheck:Warning: Warning ShipCharacter_C_1 PaperFlipbookComponent /Game/EndlessRunner/Maps/2DSideScrollerExampleMap.2DSideScrollerExampleMap:PersistentLevel.ShipCharacter_C_1.PaperFlipbook2 : Externally referenced 
[2015.05.25-15.16.08:585][ 17]MapCheck:Warning: Warning ShipCharacter_C_1 PaperFlipbookComponent /Game/EndlessRunner/Maps/2DSideScrollerExampleMap.2DSideScrollerExampleMap:PersistentLevel.ShipCharacter_C_1.PaperFlipbook : Externally referenced 
[2015.05.25-15.16.08:585][ 17]MapCheck:Warning: Warning Wave1_373 PaperFlipbookComponent /Game/EndlessRunner/Maps/2DSideScrollerExampleMap.2DSideScrollerExampleMap:PersistentLevel.Wave1_373.PaperFlipbook4 : Externally referenced 
[2015.05.25-15.16.08:585][ 17]MapCheck:Warning: Warning Wave1_373 PaperFlipbookComponent /Game/EndlessRunner/Maps/2DSideScrollerExampleMap.2DSideScrollerExampleMap:PersistentLevel.Wave1_373.PaperFlipbook3 : Externally referenced 
[2015.05.25-15.16.08:585][ 17]MapCheck:Warning: Warning Wave1_373 PaperFlipbookComponent /Game/EndlessRunner/Maps/2DSideScrollerExampleMap.2DSideScrollerExampleMap:PersistentLevel.Wave1_373.PaperFlipbook2 : Externally referenced 
[2015.05.25-15.16.08:585][ 17]MapCheck:Warning: Warning Wave1_373 PaperFlipbookComponent /Game/EndlessRunner/Maps/2DSideScrollerExampleMap.2DSideScrollerExampleMap:PersistentLevel.Wave1_373.PaperFlipbook1 : Externally referenced 
[2015.05.25-15.16.08:585][ 17]MapCheck:Warning: Warning Wave1_373 PaperFlipbookComponent /Game/EndlessRunner/Maps/2DSideScrollerExampleMap.2DSideScrollerExampleMap:PersistentLevel.Wave1_373.PaperFlipbook : Externally referenced 
[2015.05.25-15.16.08:585][ 17]MapCheck:Warning: Warning Wave1_373 PaperFlipbookComponent /Game/EndlessRunner/Maps/2DSideScrollerExampleMap.2DSideScrollerExampleMap:PersistentLevel.Wave1_373.Gems : Externally referenced 
[2015.05.25-15.16.08:585][ 17]MapCheck:Warning: Warning BP_Coin_C_560 PaperFlipbookComponent /Game/EndlessRunner/Maps/2DSideScrollerExampleMap.2DSideScrollerExampleMap:PersistentLevel.BP_Coin_C_560.PaperFlipbook : Externally referenced 
[2015.05.25-15.16.08:585][ 17]MapCheck:Warning: Warning BP_Coin_C_559 PaperFlipbookComponent /Game/EndlessRunner/Maps/2DSideScrollerExampleMap.2DSideScrollerExampleMap:PersistentLevel.BP_Coin_C_559.PaperFlipbook : Externally referenced 
[2015.05.25-15.16.08:585][ 17]MapCheck:Warning: Warning BP_Coin_C_558 PaperFlipbookComponent /Game/EndlessRunner/Maps/2DSideScrollerExampleMap.2DSideScrollerExampleMap:PersistentLevel.BP_Coin_C_558.PaperFlipbook : Externally referenced 
[2015.05.25-15.16.08:585][ 17]MapCheck:Warning: Warning BP_Coin_C_557 PaperFlipbookComponent /Game/EndlessRunner/Maps/2DSideScrollerExampleMap.2DSideScrollerExampleMap:PersistentLevel.BP_Coin_C_557.PaperFlipbook : Externally referenced 
[2015.05.25-15.16.08:585][ 17]MapCheck:Warning: Warning BP_Coin_C_556 PaperFlipbookComponent /Game/EndlessRunner/Maps/2DSideScrollerExampleMap.2DSideScrollerExampleMap:PersistentLevel.BP_Coin_C_556.PaperFlipbook : Externally referenced 
[2015.05.25-15.16.08:586][ 17]MapCheck:Warning: Warning BP_Coin_C_555 PaperFlipbookComponent /Game/EndlessRunner/Maps/2DSideScrollerExampleMap.2DSideScrollerExampleMap:PersistentLevel.BP_Coin_C_555.PaperFlipbook : Externally referenced 
[2015.05.25-15.16.08:586][ 17]MapCheck:Warning: Warning BP_Coin_C_554 PaperFlipbookComponent /Game/EndlessRunner/Maps/2DSideScrollerExampleMap.2DSideScrollerExampleMap:PersistentLevel.BP_Coin_C_554.PaperFlipbook : Externally referenced 
[2015.05.25-15.16.08:586][ 17]MapCheck:Warning: Warning BP_Coin_C_553 PaperFlipbookComponent /Game/EndlessRunner/Maps/2DSideScrollerExampleMap.2DSideScrollerExampleMap:PersistentLevel.BP_Coin_C_553.PaperFlipbook : Externally referenced 
[2015.05.25-15.16.08:586][ 17]MapCheck:Warning: Warning BP_Coin_C_552 PaperFlipbookComponent /Game/EndlessRunner/Maps/2DSideScrollerExampleMap.2DSideScrollerExampleMap:PersistentLevel.BP_Coin_C_552.PaperFlipbook : Externally referenced 
[2015.05.25-15.16.08:586][ 17]MapCheck:Warning: Warning BP_Coin_C_551 PaperFlipbookComponent /Game/EndlessRunner/Maps/2DSideScrollerExampleMap.2DSideScrollerExampleMap:PersistentLevel.BP_Coin_C_551.PaperFlipbook : Externally referenced 
[2015.05.25-15.16.08:586][ 17]MapCheck:Warning: Warning BP_Coin_C_550 PaperFlipbookComponent /Game/EndlessRunner/Maps/2DSideScrollerExampleMap.2DSideScrollerExampleMap:PersistentLevel.BP_Coin_C_550.PaperFlipbook : Externally referenced 
[2015.05.25-15.16.08:586][ 17]MapCheck:Warning: Warning BP_Coin12_1430 PaperFlipbookComponent /Game/EndlessRunner/Maps/2DSideScrollerExampleMap.2DSideScrollerExampleMap:PersistentLevel.BP_Coin12_1430.PaperFlipbook : Externally referenced 
[2015.05.25-15.16.08:586][ 17]MapCheck:Warning: Warning BP_Coin11_1239 PaperFlipbookComponent /Game/EndlessRunner/Maps/2DSideScrollerExampleMap.2DSideScrollerExampleMap:PersistentLevel.BP_Coin11_1239.PaperFlipbook : Externally referenced 
[2015.05.25-15.16.08:586][ 17]MapCheck:Warning: Warning BP_Coin10_1092 PaperFlipbookComponent /Game/EndlessRunner/Maps/2DSideScrollerExampleMap.2DSideScrollerExampleMap:PersistentLevel.BP_Coin10_1092.PaperFlipbook : Externally referenced 
[2015.05.25-15.16.08:586][ 17]MapCheck:Warning: Warning BP_Coin9_961 PaperFlipbookComponent /Game/EndlessRunner/Maps/2DSideScrollerExampleMap.2DSideScrollerExampleMap:PersistentLevel.BP_Coin9_961.PaperFlipbook : Externally referenced 
[2015.05.25-15.16.08:586][ 17]MapCheck:Warning: Warning BP_Coin8_846 PaperFlipbookComponent /Game/EndlessRunner/Maps/2DSideScrollerExampleMap.2DSideScrollerExampleMap:PersistentLevel.BP_Coin8_846.PaperFlipbook : Externally referenced 
[2015.05.25-15.16.08:586][ 17]MapCheck:Warning: Warning BP_Coin7_707 PaperFlipbookComponent /Game/EndlessRunner/Maps/2DSideScrollerExampleMap.2DSideScrollerExampleMap:PersistentLevel.BP_Coin7_707.PaperFlipbook : Externally referenced 
[2015.05.25-15.16.08:586][ 17]MapCheck:Warning: Warning BP_Coin6_576 PaperFlipbookComponent /Game/EndlessRunner/Maps/2DSideScrollerExampleMap.2DSideScrollerExampleMap:PersistentLevel.BP_Coin6_576.PaperFlipbook : Externally referenced 
[2015.05.25-15.16.08:587][ 17]MapCheck:Warning: Warning BP_Coin5_377 PaperFlipbookComponent /Game/EndlessRunner/Maps/2DSideScrollerExampleMap.2DSideScrollerExampleMap:PersistentLevel.BP_Coin5_377.PaperFlipbook : Externally referenced 
[2015.05.25-15.16.08:587][ 17]MapCheck:Warning: Warning BP_Coin4_258 PaperFlipbookComponent /Game/EndlessRunner/Maps/2DSideScrollerExampleMap.2DSideScrollerExampleMap:PersistentLevel.BP_Coin4_258.PaperFlipbook : Externally referenced 
[2015.05.25-15.16.08:587][ 17]MapCheck:Warning: Warning BP_Coin3_127 PaperFlipbookComponent /Game/EndlessRunner/Maps/2DSideScrollerExampleMap.2DSideScrollerExampleMap:PersistentLevel.BP_Coin3_127.PaperFlipbook : Externally referenced 
[2015.05.25-15.16.08:587][ 17]MapCheck:Warning: Warning BP_StartLevel_C_1 PaperSpriteComponent /Game/EndlessRunner/Maps/2DSideScrollerExampleMap.2DSideScrollerExampleMap:PersistentLevel.BP_StartLevel_C_1.Map 1 : Externally referenced 
[2015.05.25-15.16.08:587][ 17]MapCheck:Warning: Warning BP_StartLevel_C_1 PaperSpriteComponent /Game/EndlessRunner/Maps/2DSideScrollerExampleMap.2DSideScrollerExampleMap:PersistentLevel.BP_StartLevel_C_1.PaperSprite : Externally referenced 
[2015.05.25-15.16.08:587][ 17]MapCheck:Warning: Warning BP_StartLevel_C_1 PaperSpriteComponent /Game/EndlessRunner/Maps/2DSideScrollerExampleMap.2DSideScrollerExampleMap:PersistentLevel.BP_StartLevel_C_1.Map 2 : Externally referenced 
[2015.05.25-15.16.08:587][ 17]MapCheck:Warning: Warning BP_StartLevel_C_1 PaperSpriteComponent /Game/EndlessRunner/Maps/2DSideScrollerExampleMap.2DSideScrollerExampleMap:PersistentLevel.BP_StartLevel_C_1.Map 3 : Externally referenced 
[2015.05.25-15.16.08:587][ 17]MapCheck:Warning: Warning BP_StartLevel_C_1 PaperSpriteComponent /Game/EndlessRunner/Maps/2DSideScrollerExampleMap.2DSideScrollerExampleMap:PersistentLevel.BP_StartLevel_C_1.Map 4 : Externally referenced 
[2015.05.25-15.16.08:587][ 17]MapCheck:Warning: Warning BP_StartLevel_C_1 PaperSpriteComponent /Game/EndlessRunner/Maps/2DSideScrollerExampleMap.2DSideScrollerExampleMap:PersistentLevel.BP_StartLevel_C_1.Map 5 : Externally referenced 
[2015.05.25-15.16.08:587][ 17]MapCheck:Warning: Warning BP_StartLevel_C_1 PaperSpriteComponent /Game/EndlessRunner/Maps/2DSideScrollerExampleMap.2DSideScrollerExampleMap:PersistentLevel.BP_StartLevel_C_1.map 6 : Externally referenced 
[2015.05.25-15.16.08:587][ 17]MapCheck:Warning: Warning Wave1_373 PaperSpriteComponent /Game/EndlessRunner/Maps/2DSideScrollerExampleMap.2DSideScrollerExampleMap:PersistentLevel.Wave1_373.Asteroid 1 : Externally referenced 
[2015.05.25-15.16.08:587][ 17]MapCheck:Warning: Warning LargeAsteroid_114 PaperSpriteComponent /Game/EndlessRunner/Maps/2DSideScrollerExampleMap.2DSideScrollerExampleMap:PersistentLevel.LargeAsteroid_114.PaperSprite : Externally referenced 
[2015.05.25-15.16.08:587][ 17]MapCheck:Warning: Warning Gameplay_Screen_C_1 PaperSpriteComponent /Game/EndlessRunner/Maps/2DSideScrollerExampleMap.2DSideScrollerExampleMap:PersistentLevel.Gameplay_Screen_C_1.BottomEdge : Externally referenced 
[2015.05.25-15.16.08:587][ 17]MapCheck:Warning: Warning Gameplay_Screen_C_1 PaperSpriteComponent /Game/EndlessRunner/Maps/2DSideScrollerExampleMap.2DSideScrollerExampleMap:PersistentLevel.Gameplay_Screen_C_1.TopEdge : Externally referenced 
[2015.05.25-15.16.08:587][ 17]MapCheck:Warning: Warning Gameplay_Screen_C_1 PaperSpriteComponent /Game/EndlessRunner/Maps/2DSideScrollerExampleMap.2DSideScrollerExampleMap:PersistentLevel.Gameplay_Screen_C_1.LeftEdge : Externally referenced 
[2015.05.25-15.16.08:587][ 17]MapCheck:Warning: Warning Gameplay_Screen_C_1 PaperSpriteComponent /Game/EndlessRunner/Maps/2DSideScrollerExampleMap.2DSideScrollerExampleMap:PersistentLevel.Gameplay_Screen_C_1.RightEdge : Externally referenced 
[2015.05.25-15.16.08:588][ 17]MapCheck:Warning: Warning Wave1_373 PaperSpriteComponent /Game/EndlessRunner/Maps/2DSideScrollerExampleMap.2DSideScrollerExampleMap:PersistentLevel.Wave1_373.Small Pirate : Externally referenced 
[2015.05.25-15.16.08:588][ 17]MapCheck:Warning: Warning BGM_ingame_Cue_2 AudioComponent /Game/EndlessRunner/Maps/2DSideScrollerExampleMap.2DSideScrollerExampleMap:PersistentLevel.BGM_ingame_Cue_2.AudioComponent0 : Externally referenced 
[2015.05.25-15.16.08:588][ 17]MapCheck: Info Map check complete: 0 Error(s), 46 Warning(s), took 307.73ms to complete.
[2015.05.25-15.16.08:600][ 17]LogFileHelpers: Loading map '2DSideScrollerExampleMap' took 0.458
[2015.05.25-15.16.21:456][485]LogContentBrowser:Verbose: The content browser source was changed by the sources view to '/Game/EndlessRunner/Blueprints'
[2015.05.25-15.33.01:740][827]LogSavePackage: Save=99.532547ms
[2015.05.25-15.33.01:740][827]LogSavePackage: Moving '../../../../../../Users/Michael Herbert/Documents/SpaceRace/Saved/2DSideScrollerExampleMap_Auto1F8F5E3194B8C80EE868E36B4903AFE9E.tmp' to '../../../../../../Users/Michael Herbert/Documents/SpaceRace/Saved/Autosaves/Game/EndlessRunner/Maps/2DSideScrollerExampleMap_Auto1.umap'
[2015.05.25-15.33.01:748][827]LogFileHelpers: Editor autosave (incl. sublevels) for '/Game/EndlessRunner/Maps/2DSideScrollerExampleMap' took 0.250
[2015.05.25-15.33.01:748][827]LogFileHelpers: Editor autosave (incl. sublevels) for all levels took 0.250
[2015.05.25-15.33.01:780][827]OBJ SavePackage: Generating thumbnails for [0] asset(s) in package [/Game/EndlessRunner/Blueprints/ShipCharacter] ([1] browsable assets)...
[2015.05.25-15.33.01:780][827]OBJ SavePackage: Finished generating thumbnails for package [/Game/EndlessRunner/Blueprints/ShipCharacter]
[2015.05.25-15.33.02:143][827]LogSavePackage: Save=282.441376ms
[2015.05.25-15.33.02:144][827]LogSavePackage: Moving '../../../../../../Users/Michael Herbert/Documents/SpaceRace/Saved/ShipCharacter_Auto13A5E2D0D4BD20F237125379982692B21.tmp' to '../../../../../../Users/Michael Herbert/Documents/SpaceRace/Saved/Autosaves/Game/EndlessRunner/Blueprints/ShipCharacter_Auto1.uasset'
[2015.05.25-15.33.02:149][827]LogFileHelpers: Auto-saving content packages took 0.401
[2015.05.25-15.33.20:011][702]LogUObjectGlobals:Warning: Failed to find object 'Object None.'
[2015.05.25-15.33.20:011][702]LogUObjectGlobals:Warning: Failed to find object 'Object None.'
[2015.05.25-15.33.20:011][702]LogUObjectGlobals:Warning: Failed to find object 'Object None.'
[2015.05.25-15.33.20:012][702]LogUObjectGlobals:Warning: Failed to find object 'Object None.'
[2015.05.25-15.33.20:012][702]LogUObjectGlobals:Warning: Failed to find object 'Object None.'
[2015.05.25-15.33.20:012][702]LogUObjectGlobals:Warning: Failed to find object 'Object None.'
[2015.05.25-15.33.20:012][702]LogUObjectGlobals:Warning: Failed to find object 'Object None.'
[2015.05.25-15.33.20:012][702]LogUObjectGlobals:Warning: Failed to find object 'Object None.'
[2015.05.25-15.33.20:012][702]LogUObjectGlobals:Warning: Failed to find object 'Object None.'
[2015.05.25-15.33.20:012][702]LogUObjectGlobals:Warning: Failed to find object 'Object None.'
[2015.05.25-15.33.20:012][702]LogUObjectGlobals:Warning: Failed to find object 'Object None.'
[2015.05.25-15.33.20:012][702]LogUObjectGlobals:Warning: Failed to find object 'Object None.'
[2015.05.25-15.33.20:012][702]LogUObjectGlobals:Warning: Failed to find object 'Object None.'
[2015.05.25-15.33.20:013][702]LogProperty:Warning: ObjectProperty /Script/Engine.EdGraphPin:LinkedTo.LinkedTo: unresolved reference to 'EdGraphPin'K2Node_IfThenElse_5235.EdGraphPin_7500''
[2015.05.25-15.33.20:014][702]LogLinker:Warning: Can't find file '/Game/Greeble/Blueprints/BP_Platform'
[2015.05.25-15.33.20:014][702]LogLinker: Can't find file '/Game/Greeble/Blueprints/BP_Platform'
[2015.05.25-15.33.20:014][702]LogProperty:Warning: WeakObjectProperty /Script/Engine.EdGraphPin:EdGraphPinType.PinSubCategoryObject: unresolved reference to 'BlueprintGeneratedClass'/Game/Greeble/Blueprints/BP_Platform.BP_Platform_C')'
[2015.05.25-15.33.20:015][702]LogProperty:Warning: ObjectProperty /Script/Engine.EdGraphPin:LinkedTo.LinkedTo: unresolved reference to 'EdGraphPin'K2Node_IfThenElse_5234.EdGraphPin_7538''
[2015.05.25-15.33.20:016][702]LogProperty:Warning: ObjectProperty /Script/Engine.EdGraphPin:LinkedTo.LinkedTo: unresolved reference to 'EdGraphPin'K2Node_SwitchEnum_21178.EdGraphPin_7565''
[2015.05.25-15.33.20:019][702]LogProperty:Warning: ObjectProperty /Script/Engine.EdGraphPin:LinkedTo.LinkedTo: unresolved reference to 'EdGraphPin'K2Node_SwitchEnum_21178.EdGraphPin_7568''
[2015.05.25-15.33.20:019][702]LogProperty:Warning: ObjectProperty /Script/Engine.EdGraphPin:LinkedTo.LinkedTo: unresolved reference to 'EdGraphPin'K2Node_FunctionEntry_4484.EdGraphPin_6789''
[2015.05.25-15.33.20:022][702]LogProperty:Warning: ObjectProperty /Script/Engine.EdGraphPin:LinkedTo.LinkedTo: unresolved reference to 'EdGraphPin'K2Node_FunctionEntry_4484.EdGraphPin_6788''
[2015.05.25-15.33.20:022][702]LogProperty:Warning: ObjectProperty /Script/Engine.EdGraphPin:LinkedTo.LinkedTo: unresolved reference to 'EdGraphPin'K2Node_FunctionEntry_4484.EdGraphPin_6790''
[2015.05.25-15.33.20:022][702]LogProperty:Warning: ObjectProperty /Script/Engine.EdGraphPin:LinkedTo.LinkedTo: unresolved reference to 'EdGraphPin'K2Node_CallFunction_845952.EdGraphPin_7969''
[2015.05.25-15.33.20:025][702]LogProperty:Warning: ObjectProperty /Script/Engine.EdGraphPin:LinkedTo.LinkedTo: unresolved reference to 'EdGraphPin'K2Node_CallFunction_1181043.EdGraphPin_7589''
[2015.05.25-15.33.20:029][702]LogLinker:Warning: Can't find file '/Game/Greeble/Blueprints/DebugMessageLevel'
[2015.05.25-15.33.20:029][702]LogLinker: Can't find file '/Game/Greeble/Blueprints/DebugMessageLevel'
[2015.05.25-15.33.20:029][702]LogProperty:Warning: WeakObjectProperty /Script/Engine.EdGraphPin:EdGraphPinType.PinSubCategoryObject: unresolved reference to 'UserDefinedEnum'/Game/Greeble/Blueprints/DebugMessageLevel.DebugMessageLevel')'
[2015.05.25-15.33.20:029][702]LogProperty:Warning: ObjectProperty /Script/Engine.EdGraphPin:LinkedTo.LinkedTo: unresolved reference to 'EdGraphPin'K2Node_FunctionEntry_4484.EdGraphPin_6791''
[2015.05.25-15.33.20:030][702]LogProperty:Warning: ObjectProperty /Script/Engine.EdGraphPin:LinkedTo.LinkedTo: unresolved reference to 'EdGraphPin'K2Node_CallFunction_1187516.EdGraphPin_7598''
[2015.05.25-15.33.20:030][702]LogProperty:Warning: ObjectProperty /Script/Engine.EdGraphPin:LinkedTo.LinkedTo: unresolved reference to 'EdGraphPin'K2Node_CallFunction_1187518.EdGraphPin_7634''
[2015.05.25-15.33.20:030][702]LogProperty:Warning: ObjectProperty /Script/Engine.EdGraphPin:LinkedTo.LinkedTo: unresolved reference to 'EdGraphPin'K2Node_CallFunction_1174576.EdGraphPin_7670''
[2015.05.25-15.33.20:031][702]LogLinker:Warning: Can't find file '/Game/Greeble/Blueprints/DebugMessageLevel'
[2015.05.25-15.33.20:031][702]LogLinker: Can't find file '/Game/Greeble/Blueprints/DebugMessageLevel'
[2015.05.25-15.33.20:031][702]LogProperty:Warning: ObjectProperty /Script/BlueprintGraph.K2Node_SwitchEnum:Enum: unresolved reference to 'UserDefinedEnum'/Game/Greeble/Blueprints/DebugMessageLevel.DebugMessageLevel''
[2015.05.25-15.33.20:033][702]LogProperty:Warning: ObjectProperty /Script/Engine.EdGraphPin:LinkedTo.LinkedTo: unresolved reference to 'EdGraphPin'K2Node_FunctionEntry_4484.EdGraphPin_6789''
[2015.05.25-15.33.20:036][702]LogProperty:Warning: ObjectProperty /Script/Engine.EdGraphPin:LinkedTo.LinkedTo: unresolved reference to 'EdGraphPin'K2Node_CallFunction_1187517.EdGraphPin_7625''
[2015.05.25-15.33.20:039][702]LogProperty:Warning: ObjectProperty /Script/Engine.EdGraphPin:LinkedTo.LinkedTo: unresolved reference to 'EdGraphPin'K2Node_FunctionEntry_4484.EdGraphPin_6789''
[2015.05.25-15.33.20:042][702]LogProperty:Warning: ObjectProperty /Script/Engine.EdGraphPin:LinkedTo.LinkedTo: unresolved reference to 'EdGraphPin'K2Node_CallFunction_1187519.EdGraphPin_7661''
[2015.05.25-15.33.20:044][702]LogProperty:Warning: ObjectProperty /Script/Engine.EdGraphPin:LinkedTo.LinkedTo: unresolved reference to 'EdGraphPin'K2Node_FunctionEntry_4484.EdGraphPin_6789''
[2015.05.25-15.33.20:048][702]LogProperty:Warning: ObjectProperty /Script/Engine.EdGraphPin:LinkedTo.LinkedTo: unresolved reference to 'EdGraphPin'K2Node_CallFunction_1187515.EdGraphPin_8499''
[2015.05.25-15.33.20:050][702]LogProperty:Warning: ObjectProperty /Script/Engine.EdGraphPin:LinkedTo.LinkedTo: unresolved reference to 'EdGraphPin'K2Node_FunctionEntry_4484.EdGraphPin_6789''
[2015.05.25-15.33.20:051][702]LogBlueprint:Warning: [ShipCharacter] CreatePinForVariable: 'bShowDebugMessages' variable not found. Base class was probably changed.
[2015.05.25-15.35.34:143][399]LogSavePackage: Save=219.341782ms
[2015.05.25-15.35.34:143][399]LogSavePackage: Moving '../../../../../../Users/Michael Herbert/Documents/SpaceRace/Saved/ShipCharacter49082C0A4A56DE26F61109B9D4CA6A46.tmp' to '../../../../../../Users/Michael Herbert/Documents/SpaceRace/Content/EndlessRunner/Blueprints/ShipCharacter.uasset'
[2015.05.25-15.42.26:735][455]LogUObjectGlobals:Warning: Failed to find object 'Object None.'
[2015.05.25-15.42.27:146][497]LogUObjectGlobals:Warning: Failed to find object 'Object None.'
[2015.05.25-15.42.27:626][548]LogUObjectGlobals:Warning: Failed to find object 'Object None.'
[2015.05.25-15.43.02:858][524]LogSavePackage: Save=121.328720ms
[2015.05.25-15.43.02:858][524]LogSavePackage: Moving '../../../../../../Users/Michael Herbert/Documents/SpaceRace/Saved/2DSideScrollerExampleMap_Auto22E34196B41DB7F5765ECD6ADFEDE9E1A.tmp' to '../../../../../../Users/Michael Herbert/Documents/SpaceRace/Saved/Autosaves/Game/EndlessRunner/Maps/2DSideScrollerExampleMap_Auto2.umap'
[2015.05.25-15.43.02:864][524]LogFileHelpers: Editor autosave (incl. sublevels) for '/Game/EndlessRunner/Maps/2DSideScrollerExampleMap' took 0.298
[2015.05.25-15.43.02:864][524]LogFileHelpers: Editor autosave (incl. sublevels) for all levels took 0.298
[2015.05.25-15.43.02:898][524]OBJ SavePackage: Generating thumbnails for [0] asset(s) in package [/Game/EndlessRunner/Blueprints/ShipCharacter] ([1] browsable assets)...
[2015.05.25-15.43.02:898][524]OBJ SavePackage: Finished generating thumbnails for package [/Game/EndlessRunner/Blueprints/ShipCharacter]
[2015.05.25-15.43.03:335][524]LogSavePackage: Save=356.285461ms
[2015.05.25-15.43.03:336][524]LogSavePackage: Moving '../../../../../../Users/Michael Herbert/Documents/SpaceRace/Saved/ShipCharacter_Auto2D0A5EDC14C944CCCE899E8A401F90AA6.tmp' to '../../../../../../Users/Michael Herbert/Documents/SpaceRace/Saved/Autosaves/Game/EndlessRunner/Blueprints/ShipCharacter_Auto2.uasset'
[2015.05.25-15.43.03:341][524]LogFileHelpers: Auto-saving content packages took 0.476
[2015.05.25-15.44.06:869][533]LogUObjectGlobals:Warning: Failed to find object 'Object None.'
[2015.05.25-15.44.06:869][533]LogUObjectGlobals:Warning: Failed to find object 'Object None.'
[2015.05.25-15.44.30:826][983]LogUObjectGlobals:Warning: Failed to find object 'Object None.'
[2015.05.25-15.44.33:787][280]LogUObjectGlobals:Warning: Failed to find object 'Object None.'
[2015.05.25-15.44.59:083][922]LogSavePackage: Save=270.505646ms
[2015.05.25-15.44.59:083][922]LogSavePackage: Moving '../../../../../../Users/Michael Herbert/Documents/SpaceRace/Saved/ShipCharacterDF07E9E343E0993A5126FFA1374C867D.tmp' to '../../../../../../Users/Michael Herbert/Documents/SpaceRace/Content/EndlessRunner/Blueprints/ShipCharacter.uasset'
[2015.05.25-15.45.06:698][810]LogParticles: Destroying 0 GPU particle simulations for FXSystem 0x00000000209A4CC0
[2015.05.25-15.45.08:699][810]LogSavePackage: Save=100.467224ms
[2015.05.25-15.45.08:699][810]LogSavePackage: Moving '../../../../../../Users/Michael Herbert/Documents/SpaceRace/Saved/2DSideScrollerExampleMap186699A1431D306FAA2564BC33116285.tmp' to '../../../../../../Users/Michael Herbert/Documents/SpaceRace/Content/EndlessRunner/Maps/2DSideScrollerExampleMap.umap'
[2015.05.25-15.45.08:736][810]LogFileHelpers: Saving map '2DSideScrollerExampleMap' took 1.980
[2015.05.25-15.45.10:494][978]Cmd: QUIT_EDITOR
[2015.05.25-15.45.10:687][978]LogExit: Preparing to exit.
[2015.05.25-15.45.11:688][978]LogExit: Editor shut down
[2015.05.25-15.45.11:689][978]LogExit: Transaction tracking system shut down
[2015.05.25-15.45.11:705][978]LogParticles: Destroying 0 GPU particle simulations for FXSystem 0x0000000021587C40
[2015.05.25-15.45.11:705][978]LogParticles: Destroying 0 GPU particle simulations for FXSystem 0x0000000031F62480
[2015.05.25-15.45.11:705][978]LogParticles: Destroying 0 GPU particle simulations for FXSystem 0x00000000334FB740
[2015.05.25-15.45.11:806][978]LogExit: Object subsystem successfully closed.
[2015.05.25-15.45.11:849][978]LogModuleManager: Shutting down and abandoning module CrashTracker (178)
[2015.05.25-15.45.11:849][978]LogModuleManager: Shutting down and abandoning module SuperSearch (177)
[2015.05.25-15.45.11:849][978]LogModuleManager: Shutting down and abandoning module SceneOutliner (176)
[2015.05.25-15.45.11:849][978]LogModuleManager: Shutting down and abandoning module EditorWidgets (175)
[2015.05.25-15.45.11:849][978]LogModuleManager: Shutting down and abandoning module CollectionManager (174)
[2015.05.25-15.45.11:849][978]LogModuleManager: Shutting down and abandoning module StatsViewer (173)
[2015.05.25-15.45.11:849][978]LogModuleManager: Shutting down and abandoning module FoliageEdit (172)
[2015.05.25-15.45.11:849][978]LogModuleManager: Shutting down and abandoning module LandscapeEditor (171)
[2015.05.25-15.45.11:849][978]LogModuleManager: Shutting down and abandoning module MeshPaint (170)
[2015.05.25-15.45.11:849][978]LogModuleManager: Shutting down and abandoning module ActorPickerMode (169)
[2015.05.25-15.45.11:849][978]LogModuleManager: Shutting down and abandoning module GeometryMode (168)
[2015.05.25-15.45.11:849][978]LogModuleManager: Shutting down and abandoning module TextureAlignMode (167)
[2015.05.25-15.45.11:849][978]LogModuleManager: Shutting down and abandoning module BspMode (166)
[2015.05.25-15.45.11:849][978]LogModuleManager: Shutting down and abandoning module PlacementMode (165)
[2015.05.25-15.45.11:849][978]LogModuleManager: Shutting down and abandoning module AutomationWorker (164)
[2015.05.25-15.45.11:849][978]LogModuleManager: Shutting down and abandoning module CharacterAI (163)
[2015.05.25-15.45.11:849][978]LogModuleManager: Shutting down and abandoning module SmartSnapping (162)
[2015.05.25-15.45.11:849][978]LogModuleManager: Shutting down and abandoning module ViewportSnapping (161)
[2015.05.25-15.45.11:849][978]LogModuleManager: Shutting down and abandoning module LogVisualizer (160)
[2015.05.25-15.45.11:849][978]LogModuleManager: Shutting down and abandoning module GameProjectGeneration (159)
[2015.05.25-15.45.11:849][978]LogModuleManager: Shutting down and abandoning module IntroTutorials (158)
[2015.05.25-15.45.11:849][978]LogModuleManager: Shutting down and abandoning module EditorLiveStreaming (157)
[2015.05.25-15.45.11:849][978]LogModuleManager: Shutting down and abandoning module HardwareTargeting (156)
[2015.05.25-15.45.11:849][978]LogModuleManager: Shutting down and abandoning module DeviceProfileEditor (155)
[2015.05.25-15.45.11:849][978]LogModuleManager: Shutting down and abandoning module UndoHistory (154)
[2015.05.25-15.45.11:849][978]LogModuleManager: Shutting down and abandoning module GameplayTagsEditor (153)
[2015.05.25-15.45.11:849][978]LogModuleManager: Shutting down and abandoning module UserFeedback (152)
[2015.05.25-15.45.11:849][978]LogModuleManager: Shutting down and abandoning module XmlParser (151)
[2015.05.25-15.45.11:849][978]LogModuleManager: Shutting down and abandoning module Blutility (150)
[2015.05.25-15.45.11:849][978]LogModuleManager: Shutting down and abandoning module IOSPlatformEditor (149)
[2015.05.25-15.45.11:849][978]LogModuleManager: Shutting down and abandoning module IOSRuntimeSettings (148)
[2015.05.25-15.45.11:849][978]LogModuleManager: Shutting down and abandoning module AndroidDeviceDetection (147)
[2015.05.25-15.45.12:416][978]LogModuleManager: Shutting down and abandoning module AndroidPlatformEditor (146)
[2015.05.25-15.45.12:416][978]LogModuleManager: Shutting down and abandoning module AndroidRuntimeSettings (145)
[2015.05.25-15.45.12:416][978]LogModuleManager: Shutting down and abandoning module ProjectTargetPlatformEditor (144)
[2015.05.25-15.45.12:416][978]LogModuleManager: Shutting down and abandoning module ProjectSettingsViewer (143)
[2015.05.25-15.45.12:416][978]LogModuleManager: Shutting down and abandoning module InputBindingEditor (142)
[2015.05.25-15.45.12:416][978]LogModuleManager: Shutting down and abandoning module EditorSettingsViewer (141)
[2015.05.25-15.45.12:416][978]LogModuleManager: Shutting down and abandoning module SettingsEditor (140)
[2015.05.25-15.45.12:416][978]LogModuleManager: Shutting down and abandoning module ProjectLauncher (139)
[2015.05.25-15.45.12:416][978]LogModuleManager: Shutting down and abandoning module SessionFrontend (138)
[2015.05.25-15.45.12:416][978]LogModuleManager: Shutting down and abandoning module ProfilerClient (137)
[2015.05.25-15.45.12:417][978]LogModuleManager: Shutting down and abandoning module TargetDeviceServices (136)
[2015.05.25-15.45.12:417][978]LogModuleManager: Shutting down and abandoning module DeviceManager (135)
[2015.05.25-15.45.12:417][978]LogModuleManager: Shutting down and abandoning module AutomationController (134)
[2015.05.25-15.45.12:417][978]LogModuleManager: Shutting down and abandoning module AutomationWindow (133)
[2015.05.25-15.45.12:417][978]LogModuleManager: Shutting down and abandoning module Layers (132)
[2015.05.25-15.45.12:417][978]LogModuleManager: Shutting down and abandoning module ComponentVisualizers (131)
[2015.05.25-15.45.12:417][978]LogModuleManager: Shutting down and abandoning module DetailCustomizations (130)
[2015.05.25-15.45.12:417][978]LogModuleManager: Shutting down and abandoning module PackagesDialog (129)
[2015.05.25-15.45.12:417][978]LogModuleManager: Shutting down and abandoning module AssetRegistry (128)
[2015.05.25-15.45.12:484][978]LogModuleManager: Shutting down and abandoning module Persona (127)
[2015.05.25-15.45.12:484][978]LogModuleManager: Shutting down and abandoning module SlateReflector (126)
[2015.05.25-15.45.12:484][978]LogModuleManager: Shutting down and abandoning module LevelEditor (125)
[2015.05.25-15.45.12:486][978]LogModuleManager: Shutting down and abandoning module Kismet (124)
[2015.05.25-15.45.12:486][978]LogModuleManager: Shutting down and abandoning module GraphEditor (123)
[2015.05.25-15.45.12:486][978]LogModuleManager: Shutting down and abandoning module ClassViewer (122)
[2015.05.25-15.45.12:486][978]LogModuleManager: Shutting down and abandoning module Toolbox (121)
[2015.05.25-15.45.12:486][978]LogModuleManager: Shutting down and abandoning module ModuleUI (120)
[2015.05.25-15.45.12:486][978]LogModuleManager: Shutting down and abandoning module MovieSceneTools (119)
[2015.05.25-15.45.12:486][978]LogModuleManager: Shutting down and abandoning module OutputLog (118)
[2015.05.25-15.45.12:486][978]LogModuleManager: Shutting down and abandoning module GammaUI (117)
[2015.05.25-15.45.12:486][978]LogModuleManager: Shutting down and abandoning module Documentation (116)
[2015.05.25-15.45.12:486][978]LogModuleManager: Shutting down and abandoning module GameLiveStreaming (115)
[2015.05.25-15.45.12:486][978]LogModuleManager: Shutting down and abandoning module StreamingPauseRendering (114)
[2015.05.25-15.45.12:486][978]LogModuleManager: Shutting down and abandoning module HTTP (113)
[2015.05.25-15.45.12:486][978]LogModuleManager: Shutting down and abandoning module AnalyticsET (112)
[2015.05.25-15.45.12:486][978]LogModuleManager: Shutting down and abandoning module Analytics (111)
[2015.05.25-15.45.12:486][978]LogModuleManager: Shutting down and abandoning module AITestSuite (110)
[2015.05.25-15.45.12:486][978]LogModuleManager: Shutting down and abandoning module GameplayDebugger (109)
[2015.05.25-15.45.12:486][978]LogModuleManager: Shutting down and abandoning module AIModule (108)
[2015.05.25-15.45.12:486][978]LogModuleManager: Shutting down and abandoning module ProfilerService (107)
[2015.05.25-15.45.12:529][978]LogModuleManager: Shutting down and abandoning module TaskGraph (106)
[2015.05.25-15.45.12:529][978]LogModuleManager: Shutting down and abandoning module SlateRemote (105)
[2015.05.25-15.45.12:529][978]LogModuleManager: Shutting down and abandoning module ScriptEditorPlugin (104)
[2015.05.25-15.45.12:529][978]LogModuleManager: Shutting down and abandoning module CustomMeshComponent (103)
[2015.05.25-15.45.12:529][978]LogModuleManager: Shutting down and abandoning module CableComponent (102)
[2015.05.25-15.45.12:529][978]LogModuleManager: Shutting down and abandoning module MessagingDebugger (101)
[2015.05.25-15.45.12:529][978]LogModuleManager: Shutting down and abandoning module MediaPlayerEditor (100)
[2015.05.25-15.45.12:529][978]LogModuleManager: Shutting down and abandoning module SpeedTreeImporter (99)
[2015.05.25-15.45.12:529][978]LogModuleManager: Shutting down and abandoning module PluginsEditor (98)
[2015.05.25-15.45.12:529][978]LogModuleManager: Shutting down and abandoning module MainFrame (97)
[2015.05.25-15.45.12:529][978]LogModuleManager: Shutting down and abandoning module EpicSurvey (96)
[2015.05.25-15.45.12:529][978]LogModuleManager: Shutting down and abandoning module DesktopPlatform (95)
[2015.05.25-15.45.12:529][978]LogModuleManager: Shutting down and abandoning module DirectoryWatcher (94)
[2015.05.25-15.45.12:530][978]LogModuleManager: Shutting down and abandoning module HotReload (93)
[2015.05.25-15.45.12:530][978]LogModuleManager: Shutting down and abandoning module VisualStudioSourceCodeAccess (92)
[2015.05.25-15.45.12:530][978]LogModuleManager: Shutting down and abandoning module UObjectPlugin (91)
[2015.05.25-15.45.12:530][978]LogModuleManager: Shutting down and abandoning module SubversionSourceControl (90)
[2015.05.25-15.45.12:530][978]LogModuleManager: Shutting down and abandoning module PerforceSourceControl (89)
[2015.05.25-15.45.12:530][978]LogModuleManager: Shutting down and abandoning module SourceControl (88)
[2015.05.25-15.45.12:530][978]LogModuleManager: Shutting down and abandoning module GitSourceControl (87)
[2015.05.25-15.45.12:530][978]LogModuleManager: Shutting down and abandoning module BlankPlugin (86)
[2015.05.25-15.45.12:530][978]LogModuleManager: Shutting down and abandoning module PaperTiledImporter (85)
[2015.05.25-15.45.12:530][978]LogModuleManager: Shutting down and abandoning module PaperJsonImporter (84)
[2015.05.25-15.45.12:530][978]LogModuleManager: Shutting down and abandoning module ContentBrowser (83)
[2015.05.25-15.45.12:531][978]LogModuleManager: Shutting down and abandoning module Paper2DEditor (82)
[2015.05.25-15.45.12:532][978]LogModuleManager: Shutting down and abandoning module SpaceRace (81)
[2015.05.25-15.45.12:532][978]LogModuleManager: Shutting down and abandoning module ScriptPlugin (80)
[2015.05.25-15.45.12:532][978]LogModuleManager: Shutting down and abandoning module UdpMessaging (79)
[2015.05.25-15.45.12:632][978]LogModuleManager: Shutting down and abandoning module Paper2D (78)
[2015.05.25-15.45.12:632][978]LogModuleManager: Shutting down and abandoning module WindowsMoviePlayer (77)
[2015.05.25-15.45.12:634][978]LogModuleManager: Shutting down and abandoning module Media (76)
[2015.05.25-15.45.12:634][978]LogModuleManager: Shutting down and abandoning module WmfMedia (75)
[2015.05.25-15.45.12:634][978]LogModuleManager: Shutting down and abandoning module OnlineBlueprintSupport (74)
[2015.05.25-15.45.12:634][978]LogModuleManager: Shutting down and abandoning module PropertyEditor (73)
[2015.05.25-15.45.12:634][978]LogModuleManager: Shutting down and abandoning module BehaviorTreeEditor (72)
[2015.05.25-15.45.12:634][978]LogModuleManager: Shutting down and abandoning module FunctionalTesting (71)
[2015.05.25-15.45.12:634][978]LogModuleManager: Shutting down and abandoning module CollisionAnalyzer (70)
[2015.05.25-15.45.12:634][978]LogModuleManager: Shutting down and abandoning module WorkspaceMenuStructure (69)
[2015.05.25-15.45.12:634][978]LogModuleManager: Shutting down and abandoning module MessageLog (68)
[2015.05.25-15.45.12:634][978]LogModuleManager: Shutting down and abandoning module Sequencer (67)
[2015.05.25-15.45.12:634][978]LogModuleManager: Shutting down and abandoning module AssetTools (66)
[2015.05.25-15.45.12:634][978]LogModuleManager: Shutting down and abandoning module UMGEditor (65)
[2015.05.25-15.45.12:634][978]LogModuleManager: Shutting down and abandoning module UMG (64)
[2015.05.25-15.45.12:634][978]LogModuleManager: Shutting down and abandoning module Slate (63)
[2015.05.25-15.45.12:634][978]LogModuleManager: Shutting down and abandoning module EditorStyle (62)
[2015.05.25-15.45.12:638][978]LogModuleManager: Shutting down and abandoning module SessionServices (61)
[2015.05.25-15.45.12:638][978]LogModuleManager: Shutting down and abandoning module SourceCodeAccess (60)
[2015.05.25-15.45.12:638][978]LogModuleManager: Shutting down and abandoning module HeadMountedDisplay (59)
[2015.05.25-15.45.12:638][978]LogModuleManager: Shutting down and abandoning module XAudio2 (58)
[2015.05.25-15.45.12:638][978]LogModuleManager: Shutting down and abandoning module Networking (56)
[2015.05.25-15.45.12:638][978]LogModuleManager: Shutting down and abandoning module Core (55)
[2015.05.25-15.45.12:638][978]LogModuleManager: Shutting down and abandoning module KismetCompiler (54)
[2015.05.25-15.45.12:638][978]LogModuleManager: Shutting down and abandoning module PhysXFormats (53)
[2015.05.25-15.45.12:638][978]LogModuleManager: Shutting down and abandoning module MeshUtilities (52)
[2015.05.25-15.45.12:638][978]LogModuleManager: Shutting down and abandoning module DerivedDataCache (51)
[2015.05.25-15.45.12:651][978]LogDerivedDataCache: Shutdown
[2015.05.25-15.45.12:651][978]LogModuleManager: Shutting down and abandoning module ShaderFormatOpenGL (50)
[2015.05.25-15.45.12:651][978]LogModuleManager: Shutting down and abandoning module ShaderFormatD3D (49)
[2015.05.25-15.45.12:651][978]LogModuleManager: Shutting down and abandoning module MetalShaderFormat (48)
[2015.05.25-15.45.12:651][978]LogModuleManager: Shutting down and abandoning module TextureFormatUncompressed (47)
[2015.05.25-15.45.12:651][978]LogModuleManager: Shutting down and abandoning module TextureFormatPVR (46)
[2015.05.25-15.45.12:651][978]LogModuleManager: Shutting down and abandoning module TextureFormatIntelISPCTexComp (45)
[2015.05.25-15.45.12:651][978]LogModuleManager: Shutting down and abandoning module TextureFormatDXT (44)
[2015.05.25-15.45.12:651][978]LogModuleManager: Shutting down and abandoning module ImageWrapper (43)
[2015.05.25-15.45.12:651][978]LogModuleManager: Shutting down and abandoning module TextureFormatASTC (42)
[2015.05.25-15.45.12:651][978]LogModuleManager: Shutting down and abandoning module TextureFormatAndroid (41)
[2015.05.25-15.45.12:651][978]LogModuleManager: Shutting down and abandoning module AudioFormatOpus (40)
[2015.05.25-15.45.12:651][978]LogModuleManager: Shutting down and abandoning module AudioFormatOgg (39)
[2015.05.25-15.45.12:651][978]LogModuleManager: Shutting down and abandoning module AudioFormatADPCM (38)
[2015.05.25-15.45.12:651][978]LogModuleManager: Shutting down and abandoning module LinuxTargetPlatform (37)
[2015.05.25-15.45.12:651][978]LogModuleManager: Shutting down and abandoning module LinuxServerTargetPlatform (36)
[2015.05.25-15.45.12:651][978]LogModuleManager: Shutting down and abandoning module LinuxNoEditorTargetPlatform (35)
[2015.05.25-15.45.12:651][978]LogModuleManager: Shutting down and abandoning module Messaging (34)
[2015.05.25-15.45.12:651][978]LogModuleManager: Shutting down and abandoning module IOSTargetPlatform (33)
[2015.05.25-15.45.12:651][978]LogModuleManager: Shutting down and abandoning module HTML5TargetPlatform (32)
[2015.05.25-15.45.12:651][978]LogModuleManager: Shutting down and abandoning module Android_PVRTCTargetPlatform (31)
[2015.05.25-15.45.12:651][978]LogModuleManager: Shutting down and abandoning module Android_ETC2TargetPlatform (30)
[2015.05.25-15.45.12:651][978]LogModuleManager: Shutting down and abandoning module Android_ETC1TargetPlatform (29)
[2015.05.25-15.45.12:651][978]LogModuleManager: Shutting down and abandoning module Android_ES31TargetPlatform (28)
[2015.05.25-15.45.12:651][978]LogModuleManager: Shutting down and abandoning module Android_DXTTargetPlatform (27)
[2015.05.25-15.45.12:651][978]LogModuleManager: Shutting down and abandoning module Android_ATCTargetPlatform (26)
[2015.05.25-15.45.12:651][978]LogModuleManager: Shutting down and abandoning module AndroidTargetPlatform (25)
[2015.05.25-15.45.12:651][978]LogModuleManager: Shutting down and abandoning module WindowsTargetPlatform (24)
[2015.05.25-15.45.12:651][978]LogModuleManager: Shutting down and abandoning module WindowsServerTargetPlatform (23)
[2015.05.25-15.45.12:651][978]LogModuleManager: Shutting down and abandoning module WindowsNoEditorTargetPlatform (22)
[2015.05.25-15.45.12:651][978]LogModuleManager: Shutting down and abandoning module WindowsClientTargetPlatform (21)
[2015.05.25-15.45.12:651][978]LogModuleManager: Shutting down and abandoning module TargetPlatform (20)
[2015.05.25-15.45.12:651][978]LogModuleManager: Shutting down and abandoning module InputCore (19)
[2015.05.25-15.45.12:651][978]LogModuleManager: Shutting down and abandoning module Settings (18)
[2015.05.25-15.45.12:651][978]LogModuleManager: Shutting down and abandoning module OnlineSubsystem (16)
[2015.05.25-15.45.12:651][978]LogModuleManager: Shutting down and abandoning module OculusRift (15)
[2015.05.25-15.45.12:651][978]LogModuleManager: Shutting down and abandoning module ExampleDeviceProfileSelector (14)
[2015.05.25-15.45.12:651][978]LogModuleManager: Shutting down and abandoning module TextureCompressor (13)
[2015.05.25-15.45.12:651][978]LogModuleManager: Shutting down and abandoning module ShaderCore (12)
[2015.05.25-15.45.12:651][978]LogModuleManager: Shutting down and abandoning module Landscape (11)
[2015.05.25-15.45.12:651][978]LogModuleManager: Shutting down and abandoning module SlateRHIRenderer (10)
[2015.05.25-15.45.12:653][978]LogModuleManager: Shutting down and abandoning module OpenGLDrv (9)
[2015.05.25-15.45.12:653][978]LogModuleManager: Shutting down and abandoning module D3D11RHI (8)
[2015.05.25-15.45.12:653][978]LogModuleManager: Shutting down and abandoning module Renderer (7)
[2015.05.25-15.45.12:653][978]LogModuleManager: Shutting down and abandoning module Engine (6)
[2015.05.25-15.45.12:653][978]LogModuleManager: Shutting down and abandoning module CoreUObject (5)
[2015.05.25-15.45.12:653][978]LogModuleManager: Shutting down and abandoning module NetworkFile (4)
[2015.05.25-15.45.12:653][978]LogModuleManager: Shutting down and abandoning module StreamingFile (3)
[2015.05.25-15.45.12:653][978]LogModuleManager: Shutting down and abandoning module SandboxFile (2)
[2015.05.25-15.45.12:653][978]LogModuleManager: Shutting down and abandoning module PakFile (1)
[2015.05.25-15.45.12:654][978]LogExit: Exiting.
[2015.05.25-15.45.12:673][978]Log file closed, 05/26/15 01:45:12
