Log file open, 05/17/15 12:26:30
LogInit:Display: Running engine for game: SpaceRace
LogInit: Version: 4.7.6-2513093+++depot+UE4-Releases+4.7
LogInit: API Version: 2455222
LogInit: Compiled (64-bit): Apr 15 2015 12:09:54
LogInit: Compiled with Visual C++: 18.00.21005.01
LogInit: Build Configuration: Development
LogInit: Branch Name: ++depot+UE4-Releases+4.7
LogInit: Command line:  
LogInit: Base directory: C:/Program Files/Epic Games/4.7/Engine/Binaries/Win64/
LogInit: Rocket: 1
[2015.05.17-02.26.30:601][  0]LogTaskGraph: Started task graph with 3 named threads and 6 total threads.
[2015.05.17-02.26.30:660][  0]LogOnline:Warning: No default platform service specified for OnlineSubsystem
[2015.05.17-02.26.30:713][  0]LogInit: Presizing for 0 objects not considered by GC, pre-allocating 0 bytes.
[2015.05.17-02.26.30:723][  0]LogInit: Object subsystem initialized
[2015.05.17-02.26.30:729][  0]LogConsoleResponse:Warning: Skipping Unknown console variable: 'TranslucentSortAxis = (X=0.000000,Y=-1.000000,Z=0.000000)'
[2015.05.17-02.26.30:729][  0]LogConsoleResponse:Warning:   Found in ini file 'C:/Users/Michael Herbert/Documents/GitHub/SpaceRace/Saved/Config/Windows/Engine.ini', in section '[/Script/Engine.RendererSettings]'
[2015.05.17-02.26.30:730][  0]LogConsoleResponse:Warning: Skipping Unknown console variable: 'UIScaleRule = ShortestSide'
[2015.05.17-02.26.30:730][  0]LogConsoleResponse:Warning:   Found in ini file 'C:/Users/Michael Herbert/Documents/GitHub/SpaceRace/Saved/Config/Windows/Engine.ini', in section '[/Script/Engine.RendererSettings]'
[2015.05.17-02.26.30:730][  0]LogConsoleResponse:Warning: Skipping Unknown console variable: 'UIScaleCurve = (EditorCurveData=(Keys=),ExternalCurve=None)'
[2015.05.17-02.26.30:730][  0]LogConsoleResponse:Warning:   Found in ini file 'C:/Users/Michael Herbert/Documents/GitHub/SpaceRace/Saved/Config/Windows/Engine.ini', in section '[/Script/Engine.RendererSettings]'
[2015.05.17-02.26.30:732][  0]LogInit: Selected Device Profile: [Windows]
[2015.05.17-02.26.30:732][  0]LogInit: Applying CVar settings loaded from the selected device profile: [Windows]
[2015.05.17-02.26.30:742][  0]LogInit: Computer: MICHAELHERBERT
[2015.05.17-02.26.30:742][  0]LogInit: User: MichaelHerbert
[2015.05.17-02.26.30:742][  0]LogInit: CPU Page size=4096, Cores=4
[2015.05.17-02.26.30:742][  0]LogInit: High frequency timer resolution =3.515664 MHz
[2015.05.17-02.26.30:742][  0]LogMemory: Memory total: Physical=15.9GB (16GB approx) Virtual=8192.0GB
[2015.05.17-02.26.30:742][  0]LogMemory: Platform Memory Stats for Windows
[2015.05.17-02.26.30:742][  0]LogMemory: Process Physical Memory: 51.13 MB used, 51.13 MB peak
[2015.05.17-02.26.30:742][  0]LogMemory: Process Virtual Memory: 28.09 MB used, 28.09 MB peak
[2015.05.17-02.26.30:742][  0]LogMemory: Physical Memory: 4210.16 MB used, 16244.83 MB total
[2015.05.17-02.26.30:742][  0]LogMemory: Virtual Memory: 346.46 MB used, 8388608.00 MB total
[2015.05.17-02.26.30:786][  0]LogD3D11RHI: Found D3D11 adapter 0: NVIDIA GeForce GTX 960 (Feature Level 11_0)
[2015.05.17-02.26.30:786][  0]LogD3D11RHI: Adapter has 1970MB of dedicated video memory, 0MB of dedicated system memory, and 2048MB of shared system memory, 1 output[s]
[2015.05.17-02.26.30:786][  0]LogD3D11RHI: Chosen D3D11 Adapter Id = 0
[2015.05.17-02.26.30:791][  0]LogRHI: Texture pool is 1361 MB (70% of 1945 MB)
[2015.05.17-02.26.30:798][  0]LogD3D11RHI: Async texture creation enabled
[2015.05.17-02.26.31:005][  0]LogTextLocalizationManager: The requested culture ('en_AU') has no localization data; parent culture's ('en') localization data will be used.
[2015.05.17-02.26.31:051][  0]LogTextLocalizationManager:Warning: Loading localization resources contain conflicting entries for (Namespace:UICommands, Key:Save_ToolTip):
Resource: (C:/Program Files/Epic Games/4.7/Engine/Content/Localization/Editor/en/Editor.locres) Hash: (-29098895) String: (Saves the current level to disk)
Resource: (C:/Program Files/Epic Games/4.7/Engine/Content/Localization/Engine/en/Engine.locres) Hash: (-1280300587) String: (Save selected data to vlog file)
[2015.05.17-02.26.31:052][  0]LogTextLocalizationManager:Warning: Loading localization resources contain conflicting entries for (Namespace:ContentBrowser, Key:ImportAssetToolTip):
Resource: (C:/Program Files/Epic Games/4.7/Engine/Content/Localization/Editor/en/Editor.locres) Hash: (-630476809) String: (Import to {0}...)
Resource: (C:/Program Files/Epic Games/4.7/Engine/Content/Localization/Editor/en/Editor.locres) Hash: (1271782899) String: (Imports an asset from file to this folder.)
[2015.05.17-02.26.31:117][  0]LogContentStreaming: Texture pool size is 0.000000MB
[2015.05.17-02.26.33:361][  0]LogTargetPlatformManager:Display: Building Assets For Windows
[2015.05.17-02.26.33:954][  0]LogTargetPlatformManager:Display: Building Assets For Windows
[2015.05.17-02.26.34:018][  0]LogDerivedDataCache:Display: Max Cache Size: 512 MB
[2015.05.17-02.26.34:116][  0]LogDerivedDataCache: Loaded boot cache 0.10s 39MB C:/Users/Michael Herbert/AppData/Local/UnrealEngine/4.7/DerivedDataCache/Boot.ddc.
[2015.05.17-02.26.34:116][  0]LogDerivedDataCache:Display: Loaded Boot cache: C:/Users/Michael Herbert/AppData/Local/UnrealEngine/4.7/DerivedDataCache/Boot.ddc
[2015.05.17-02.26.34:116][  0]LogDerivedDataCache: FDerivedDataBackendGraph:  Pak pak cache file ../../../../../../Users/Michael Herbert/Documents/GitHub/SpaceRace/DerivedDataCache/DDC.ddp not found, will not use a pak cache.
[2015.05.17-02.26.34:116][  0]LogDerivedDataCache: Unable to find inner node Pak for hierarchical cache Hierarchy.
[2015.05.17-02.26.34:219][  0]LogDerivedDataCache:Display: Pak cache opened for reading ../../../Engine/DerivedDataCache/Compressed.ddp.
[2015.05.17-02.26.34:231][  0]LogDerivedDataCache: Using Local data cache path C:/Users/Michael Herbert/AppData/Local/UnrealEngine/Common/DerivedDataCache: Writable
[2015.05.17-02.26.34:728][  0]LogMeshUtilities: No automatic mesh reduction module available
[2015.05.17-02.26.34:728][  0]LogMeshUtilities: No automatic mesh merging module available
[2015.05.17-02.26.35:102][  0]LogInit: WinSock: version 1.1 (2.2), MaxSocks=32767, MaxUdp=65467
[2015.05.17-02.26.35:222][  0]LogSlate:Warning: Failed to load font data from '../../../Engine/Content/Slate/Fonts/Roboto-Italic.ttf'
[2015.05.17-02.26.36:781][  0]UdpMessaging: Initializing bridge on interface 0.0.0.0:0 to multicast group 230.0.0.1:6666.
[2015.05.17-02.26.37:138][  0]SourceControl: Info Source control is disabled
[2015.05.17-02.26.37:138][  0]SourceControl: Info Source control is disabled
[2015.05.17-02.26.37:138][  0]SourceControl: Info Source control is disabled
[2015.05.17-02.26.37:138][  0]LogSourceControl: RunCommandInternalRaw: 'git version'
[2015.05.17-02.26.37:138][  0]LogSourceControl: RunCommandInternalRaw: ExecProcess ReturnCode=2 OutResults=''
[2015.05.17-02.26.37:145][  0]SourceControl: Info Source control is disabled
[2015.05.17-02.26.37:454][  0]LogObj: 24236 objects as part of root set at end of initial load.
[2015.05.17-02.26.37:454][  0]LogUObjectAllocator: 5138808 out of 0 bytes used by permanent object pool.
[2015.05.17-02.26.37:577][  0]LogEngine: Initializing Engine...
[2015.05.17-02.26.39:744][  0]LogInit: XAudio2 using 'Speakers (Realtek High Definition Audio)' : 2 channels at 48 kHz using 32 bits per sample (channel mask 0x3)
[2015.05.17-02.26.39:754][  0]LogInit: FAudioDevice initialized.
[2015.05.17-02.26.39:818][  0]LogAIModule: Creating AISystem for world NewWorld
[2015.05.17-02.26.39:838][  0]LogDerivedDataCache: Saved boot cache 0.02s 39MB C:/Users/Michael Herbert/AppData/Local/UnrealEngine/4.7/DerivedDataCache/Boot.ddc.
[2015.05.17-02.26.39:840][  0]LogInit: Texture streaming: Enabled
[2015.05.17-02.26.39:939][  0]LogAnalytics: Creating configured Analytics provider AnalyticsET
[2015.05.17-02.26.39:939][  0]LogAnalytics: ET APIKey = Rocket.Release. APIServer = http://et2.epicgames.com/ET2/. AppVersion = 4.7.6-2513093+++depot+UE4-Releases+4.7
[2015.05.17-02.26.39:939][  0]LogAnalytics: ET APIKey = Rocket.Release. DataRouterUploadURL = https://datarouter-public-service-gamedev.ol.epicgames.net/datarouter/api/v1/public/data. AppVersion = 4.7.6-2513093+++depot+UE4-Releases+4.7
[2015.05.17-02.26.39:939][  0]LogAnalytics: SetUserId 0f88b27845e758115f4ad7ad96ed6ef6|51fe2412c8b74b02bd802614c621f646|4b488e6f-c617-4327-aaf9-74763d8f78d1
[2015.05.17-02.26.39:940][  0]LogAnalytics: AnalyticsET::StartSession [Rocket.Release]
[2015.05.17-02.26.39:989][  0]LogInit: Transaction tracking system initialized
[2015.05.17-02.26.40:313][  0]BlueprintLog: New page: Editor Load
[2015.05.17-02.26.40:366][  0]LogAssetRegistry: FAssetRegistry took 0.0102 seconds to start up
[2015.05.17-02.26.40:366][  0]LogDirectoryWatcher:Warning: Failed to begin reading directory changes for ../../../Engine/Plugins/Experimental/CharacterAI/Content/. Error: 0
[2015.05.17-02.26.41:085][  0]LogTargetPlatformManager:Display: Building Assets For Windows
[2015.05.17-02.26.41:414][  0]LogTargetPlatformManager:Display: Building Assets For Windows
[2015.05.17-02.26.41:846][  0]LogSlate:Warning: Failed to load font data from '../../../Engine/Content/Editor/Slate/Fonts/Roboto-Regular.ttf'
[2015.05.17-02.26.41:847][  0]LogSlate:Warning: Failed to load font data from '../../../Engine/Content/Editor/Slate/Fonts/Roboto-Bold.ttf'
[2015.05.17-02.26.41:853][  0]LogConsoleResponse:Display: 
[2015.05.17-02.26.41:989][  0]LogCook:Display: Done creating registry. It took  0.00s.
[2015.05.17-02.26.42:212][  0]SourceControl: Info Source control is disabled
[2015.05.17-02.26.42:213][  0]Cmd: MAP LOAD FILE="../../../../../../Users/Michael Herbert/Documents/GitHub/SpaceRace/Content/EndlessRunner/Maps/2DSideScrollerExampleMap.umap" TEMPLATE=0 SHOWPROGRESS=1 FEATURELEVEL=3
[2015.05.17-02.26.42:214][  0]LightingResults: New page: Lighting Build
[2015.05.17-02.26.42:226][  0]MapCheck: New page: Map Check
[2015.05.17-02.26.42:226][  0]LightingResults: New page: Lighting Build
[2015.05.17-02.26.42:235][  0]LogParticles: Destroying 0 GPU particle simulations for FXSystem 0x000000001ADAE980
[2015.05.17-02.26.44:863][  0]LogBlueprint:Warning: [Wave16] CreatePinForVariable: 'Small priates' variable not found. Base class was probably changed.
[2015.05.17-02.26.44:864][  0]LogBlueprint:Warning: [Wave16] CreatePinForVariable: 'Small priates' variable not found. Base class was probably changed.
[2015.05.17-02.26.44:864][  0]LogBlueprint:Warning: [Wave16] CreatePinForVariable: 'Small priates' variable not found. Base class was probably changed.
[2015.05.17-02.26.44:884][  0]LogBlueprint:Warning: [compiler] Warning Could not find a variable named "Small priates" in 'Wave16_C'.
Make sure 'Wave16_C' has been compiled for  Get Small priates 
[2015.05.17-02.26.44:884][  0]LogBlueprint:Warning: [compiler] Warning Could not find a variable named "Small priates" in 'Wave16_C'.
Make sure 'Wave16_C' has been compiled for  Get Small priates 
[2015.05.17-02.26.44:885][  0]LogBlueprint:Warning: [compiler] Warning Could not find a variable named "Small priates" in 'Wave16_C'.
Make sure 'Wave16_C' has been compiled for  Get Small priates 
[2015.05.17-02.26.44:887][  0]LogBlueprint:Error: [compiler] Error The property associated with  Small Priates  could not be found
[2015.05.17-02.26.44:887][  0]LogBlueprint:Error: [compiler] Error The property associated with  Small Priates  could not be found
[2015.05.17-02.26.44:887][  0]LogBlueprint:Error: [compiler] Error The property associated with  Small Priates  could not be found
[2015.05.17-02.26.44:899][  0]LogBlueprint:Warning: [compiler] Warning [0016.41] Compile of Wave16 failed. 3 Fatal Issue(s) 3 Warning(s) [in 31 ms]
[2015.05.17-02.26.44:899][  0]LogBlueprint:Warning: [compiler] Warning [0016.41] Compile of Wave16 failed. 3 Fatal Issue(s) 4 Warning(s) [in 0 ms]
[2015.05.17-02.26.44:899][  0]LogBlueprint:Warning: [compiler] Warning [0016.41] Compile of Wave16 failed. 3 Fatal Issue(s) 5 Warning(s) [in 0 ms]
[2015.05.17-02.26.44:899][  0]LogBlueprint:Warning: [compiler] Warning [0016.41] Compile of Wave16 failed. 3 Fatal Issue(s) 6 Warning(s) [in 0 ms]
[2015.05.17-02.26.46:326][  0]LogEditorServer: Finished looking for orphan Actors (0.000 secs)
[2015.05.17-02.26.46:327][  0]LogAIModule: Creating AISystem for world 2DSideScrollerExampleMap
[2015.05.17-02.26.46:328][  0]Cmd: MAP CHECKDEP
[2015.05.17-02.26.46:328][  0]MapCheck: New page: 2DSideScrollerExampleMap - 17 May 2015 10:26:46 pm
[2015.05.17-02.26.46:490][  0]MapCheck:Warning: Warning Sprite0 PaperFlipbookComponent /Game/EndlessRunner/Maps/2DSideScrollerExampleMap.2DSideScrollerExampleMap:PersistentLevel.ShipCharacter_C_0.Sprite0 : Externally referenced 
[2015.05.17-02.26.46:490][  0]MapCheck:Warning: Warning PaperFlipbook PaperFlipbookComponent /Game/EndlessRunner/Maps/2DSideScrollerExampleMap.2DSideScrollerExampleMap:PersistentLevel.ShipCharacter_C_0.PaperFlipbook : Externally referenced 
[2015.05.17-02.26.46:490][  0]MapCheck:Warning: Warning PaperSprite PaperSpriteComponent /Game/EndlessRunner/Maps/2DSideScrollerExampleMap.2DSideScrollerExampleMap:PersistentLevel.BP_Coin_C_2199.PaperSprite : Externally referenced 
[2015.05.17-02.26.46:491][  0]MapCheck:Warning: Warning PaperSprite PaperSpriteComponent /Game/EndlessRunner/Maps/2DSideScrollerExampleMap.2DSideScrollerExampleMap:PersistentLevel.BP_Coin_C_2200.PaperSprite : Externally referenced 
[2015.05.17-02.26.46:491][  0]MapCheck:Warning: Warning PaperSprite PaperSpriteComponent /Game/EndlessRunner/Maps/2DSideScrollerExampleMap.2DSideScrollerExampleMap:PersistentLevel.BP_Coin_C_2201.PaperSprite : Externally referenced 
[2015.05.17-02.26.46:491][  0]MapCheck:Warning: Warning PaperSprite PaperSpriteComponent /Game/EndlessRunner/Maps/2DSideScrollerExampleMap.2DSideScrollerExampleMap:PersistentLevel.BP_Coin_C_2202.PaperSprite : Externally referenced 
[2015.05.17-02.26.46:491][  0]MapCheck:Warning: Warning PaperSprite PaperSpriteComponent /Game/EndlessRunner/Maps/2DSideScrollerExampleMap.2DSideScrollerExampleMap:PersistentLevel.BP_Coin_C_2203.PaperSprite : Externally referenced 
[2015.05.17-02.26.46:491][  0]MapCheck:Warning: Warning PaperSprite PaperSpriteComponent /Game/EndlessRunner/Maps/2DSideScrollerExampleMap.2DSideScrollerExampleMap:PersistentLevel.BP_Coin_C_2204.PaperSprite : Externally referenced 
[2015.05.17-02.26.46:491][  0]MapCheck:Warning: Warning PaperSprite PaperSpriteComponent /Game/EndlessRunner/Maps/2DSideScrollerExampleMap.2DSideScrollerExampleMap:PersistentLevel.BP_Coin_C_2205.PaperSprite : Externally referenced 
[2015.05.17-02.26.46:491][  0]MapCheck:Warning: Warning PaperSprite PaperSpriteComponent /Game/EndlessRunner/Maps/2DSideScrollerExampleMap.2DSideScrollerExampleMap:PersistentLevel.BP_Coin_C_2206.PaperSprite : Externally referenced 
[2015.05.17-02.26.46:491][  0]MapCheck:Warning: Warning PaperSprite PaperSpriteComponent /Game/EndlessRunner/Maps/2DSideScrollerExampleMap.2DSideScrollerExampleMap:PersistentLevel.BP_Coin_C_2207.PaperSprite : Externally referenced 
[2015.05.17-02.26.46:491][  0]MapCheck:Warning: Warning PaperSprite PaperSpriteComponent /Game/EndlessRunner/Maps/2DSideScrollerExampleMap.2DSideScrollerExampleMap:PersistentLevel.BP_Coin_C_2208.PaperSprite : Externally referenced 
[2015.05.17-02.26.46:491][  0]MapCheck:Warning: Warning PaperSprite PaperSpriteComponent /Game/EndlessRunner/Maps/2DSideScrollerExampleMap.2DSideScrollerExampleMap:PersistentLevel.BP_Coin_C_2209.PaperSprite : Externally referenced 
[2015.05.17-02.26.46:491][  0]MapCheck:Warning: Warning PaperSprite PaperSpriteComponent /Game/EndlessRunner/Maps/2DSideScrollerExampleMap.2DSideScrollerExampleMap:PersistentLevel.BP_Coin_C_1023.PaperSprite : Externally referenced 
[2015.05.17-02.26.46:491][  0]MapCheck:Warning: Warning PaperSprite PaperSpriteComponent /Game/EndlessRunner/Maps/2DSideScrollerExampleMap.2DSideScrollerExampleMap:PersistentLevel.BP_Coin_C_1024.PaperSprite : Externally referenced 
[2015.05.17-02.26.46:491][  0]MapCheck:Warning: Warning PaperSprite PaperSpriteComponent /Game/EndlessRunner/Maps/2DSideScrollerExampleMap.2DSideScrollerExampleMap:PersistentLevel.BP_Coin_C_1025.PaperSprite : Externally referenced 
[2015.05.17-02.26.46:491][  0]MapCheck:Warning: Warning PaperSprite PaperSpriteComponent /Game/EndlessRunner/Maps/2DSideScrollerExampleMap.2DSideScrollerExampleMap:PersistentLevel.BP_Coin_C_1026.PaperSprite : Externally referenced 
[2015.05.17-02.26.46:491][  0]MapCheck:Warning: Warning PaperSprite PaperSpriteComponent /Game/EndlessRunner/Maps/2DSideScrollerExampleMap.2DSideScrollerExampleMap:PersistentLevel.BP_Coin_C_1027.PaperSprite : Externally referenced 
[2015.05.17-02.26.46:491][  0]MapCheck:Warning: Warning PaperSprite PaperSpriteComponent /Game/EndlessRunner/Maps/2DSideScrollerExampleMap.2DSideScrollerExampleMap:PersistentLevel.BP_Coin_C_1028.PaperSprite : Externally referenced 
[2015.05.17-02.26.46:492][  0]MapCheck:Warning: Warning PaperSprite PaperSpriteComponent /Game/EndlessRunner/Maps/2DSideScrollerExampleMap.2DSideScrollerExampleMap:PersistentLevel.BP_Coin_C_1029.PaperSprite : Externally referenced 
[2015.05.17-02.26.46:492][  0]MapCheck:Warning: Warning PaperSprite PaperSpriteComponent /Game/EndlessRunner/Maps/2DSideScrollerExampleMap.2DSideScrollerExampleMap:PersistentLevel.BP_Coin_C_1030.PaperSprite : Externally referenced 
[2015.05.17-02.26.46:492][  0]MapCheck:Warning: Warning PaperSprite PaperSpriteComponent /Game/EndlessRunner/Maps/2DSideScrollerExampleMap.2DSideScrollerExampleMap:PersistentLevel.BP_Coin_C_1031.PaperSprite : Externally referenced 
[2015.05.17-02.26.46:492][  0]MapCheck:Warning: Warning PaperSprite PaperSpriteComponent /Game/EndlessRunner/Maps/2DSideScrollerExampleMap.2DSideScrollerExampleMap:PersistentLevel.BP_Coin_C_1032.PaperSprite : Externally referenced 
[2015.05.17-02.26.46:492][  0]MapCheck:Warning: Warning PaperSprite PaperSpriteComponent /Game/EndlessRunner/Maps/2DSideScrollerExampleMap.2DSideScrollerExampleMap:PersistentLevel.BP_Coin_C_1033.PaperSprite : Externally referenced 
[2015.05.17-02.26.46:492][  0]MapCheck:Warning: Warning PaperSprite PaperSpriteComponent /Game/EndlessRunner/Maps/2DSideScrollerExampleMap.2DSideScrollerExampleMap:PersistentLevel.BP_Coin_C_550.PaperSprite : Externally referenced 
[2015.05.17-02.26.46:492][  0]MapCheck:Warning: Warning PaperSprite PaperSpriteComponent /Game/EndlessRunner/Maps/2DSideScrollerExampleMap.2DSideScrollerExampleMap:PersistentLevel.BP_Coin_C_551.PaperSprite : Externally referenced 
[2015.05.17-02.26.46:492][  0]MapCheck:Warning: Warning PaperSprite PaperSpriteComponent /Game/EndlessRunner/Maps/2DSideScrollerExampleMap.2DSideScrollerExampleMap:PersistentLevel.BP_Coin_C_552.PaperSprite : Externally referenced 
[2015.05.17-02.26.46:492][  0]MapCheck:Warning: Warning PaperSprite PaperSpriteComponent /Game/EndlessRunner/Maps/2DSideScrollerExampleMap.2DSideScrollerExampleMap:PersistentLevel.BP_Coin_C_553.PaperSprite : Externally referenced 
[2015.05.17-02.26.46:492][  0]MapCheck:Warning: Warning PaperSprite PaperSpriteComponent /Game/EndlessRunner/Maps/2DSideScrollerExampleMap.2DSideScrollerExampleMap:PersistentLevel.BP_Coin_C_554.PaperSprite : Externally referenced 
[2015.05.17-02.26.46:492][  0]MapCheck:Warning: Warning PaperSprite PaperSpriteComponent /Game/EndlessRunner/Maps/2DSideScrollerExampleMap.2DSideScrollerExampleMap:PersistentLevel.BP_Coin_C_555.PaperSprite : Externally referenced 
[2015.05.17-02.26.46:492][  0]MapCheck:Warning: Warning PaperSprite PaperSpriteComponent /Game/EndlessRunner/Maps/2DSideScrollerExampleMap.2DSideScrollerExampleMap:PersistentLevel.BP_Coin_C_556.PaperSprite : Externally referenced 
[2015.05.17-02.26.46:492][  0]MapCheck:Warning: Warning PaperSprite PaperSpriteComponent /Game/EndlessRunner/Maps/2DSideScrollerExampleMap.2DSideScrollerExampleMap:PersistentLevel.BP_Coin_C_557.PaperSprite : Externally referenced 
[2015.05.17-02.26.46:492][  0]MapCheck:Warning: Warning PaperSprite PaperSpriteComponent /Game/EndlessRunner/Maps/2DSideScrollerExampleMap.2DSideScrollerExampleMap:PersistentLevel.BP_Coin_C_558.PaperSprite : Externally referenced 
[2015.05.17-02.26.46:492][  0]MapCheck:Warning: Warning PaperSprite PaperSpriteComponent /Game/EndlessRunner/Maps/2DSideScrollerExampleMap.2DSideScrollerExampleMap:PersistentLevel.BP_Coin_C_559.PaperSprite : Externally referenced 
[2015.05.17-02.26.46:493][  0]MapCheck:Warning: Warning PaperSprite PaperSpriteComponent /Game/EndlessRunner/Maps/2DSideScrollerExampleMap.2DSideScrollerExampleMap:PersistentLevel.BP_Coin_C_560.PaperSprite : Externally referenced 
[2015.05.17-02.26.46:493][  0]MapCheck:Warning: Warning PaperSprite PaperSpriteComponent /Game/EndlessRunner/Maps/2DSideScrollerExampleMap.2DSideScrollerExampleMap:PersistentLevel.BP_StartLevel_416.PaperSprite : Externally referenced 
[2015.05.17-02.26.46:493][  0]MapCheck:Warning: Warning PaperSprite PaperSpriteComponent /Game/EndlessRunner/Maps/2DSideScrollerExampleMap.2DSideScrollerExampleMap:PersistentLevel.BP_MidLevel_263.PaperSprite : Externally referenced 
[2015.05.17-02.26.46:493][  0]MapCheck:Warning: Warning PaperSprite PaperSpriteComponent /Game/EndlessRunner/Maps/2DSideScrollerExampleMap.2DSideScrollerExampleMap:PersistentLevel.LargeAsteroid_114.PaperSprite : Externally referenced 
[2015.05.17-02.26.46:493][  0]MapCheck:Warning: Warning RightEdge PaperSpriteComponent /Game/EndlessRunner/Maps/2DSideScrollerExampleMap.2DSideScrollerExampleMap:PersistentLevel.Gameplay_Screen_C_0.RightEdge : Externally referenced 
[2015.05.17-02.26.46:493][  0]MapCheck:Warning: Warning LeftEdge PaperSpriteComponent /Game/EndlessRunner/Maps/2DSideScrollerExampleMap.2DSideScrollerExampleMap:PersistentLevel.Gameplay_Screen_C_0.LeftEdge : Externally referenced 
[2015.05.17-02.26.46:493][  0]MapCheck:Warning: Warning TopEdge PaperSpriteComponent /Game/EndlessRunner/Maps/2DSideScrollerExampleMap.2DSideScrollerExampleMap:PersistentLevel.Gameplay_Screen_C_0.TopEdge : Externally referenced 
[2015.05.17-02.26.46:493][  0]MapCheck:Warning: Warning BottomEdge PaperSpriteComponent /Game/EndlessRunner/Maps/2DSideScrollerExampleMap.2DSideScrollerExampleMap:PersistentLevel.Gameplay_Screen_C_0.BottomEdge : Externally referenced 
[2015.05.17-02.26.46:493][  0]MapCheck:Warning: Warning PaperFlipbook PaperFlipbookComponent /Game/EndlessRunner/Maps/2DSideScrollerExampleMap.2DSideScrollerExampleMap:PersistentLevel.BP_Coin3_127.PaperFlipbook : Externally referenced 
[2015.05.17-02.26.46:493][  0]MapCheck:Warning: Warning PaperFlipbook PaperFlipbookComponent /Game/EndlessRunner/Maps/2DSideScrollerExampleMap.2DSideScrollerExampleMap:PersistentLevel.BP_Coin4_258.PaperFlipbook : Externally referenced 
[2015.05.17-02.26.46:493][  0]MapCheck:Warning: Warning PaperFlipbook PaperFlipbookComponent /Game/EndlessRunner/Maps/2DSideScrollerExampleMap.2DSideScrollerExampleMap:PersistentLevel.BP_Coin5_377.PaperFlipbook : Externally referenced 
[2015.05.17-02.26.46:493][  0]MapCheck:Warning: Warning PaperFlipbook PaperFlipbookComponent /Game/EndlessRunner/Maps/2DSideScrollerExampleMap.2DSideScrollerExampleMap:PersistentLevel.BP_Coin6_576.PaperFlipbook : Externally referenced 
[2015.05.17-02.26.46:493][  0]MapCheck:Warning: Warning PaperFlipbook PaperFlipbookComponent /Game/EndlessRunner/Maps/2DSideScrollerExampleMap.2DSideScrollerExampleMap:PersistentLevel.BP_Coin7_707.PaperFlipbook : Externally referenced 
[2015.05.17-02.26.46:493][  0]MapCheck:Warning: Warning PaperFlipbook PaperFlipbookComponent /Game/EndlessRunner/Maps/2DSideScrollerExampleMap.2DSideScrollerExampleMap:PersistentLevel.BP_Coin8_846.PaperFlipbook : Externally referenced 
[2015.05.17-02.26.46:493][  0]MapCheck:Warning: Warning PaperFlipbook PaperFlipbookComponent /Game/EndlessRunner/Maps/2DSideScrollerExampleMap.2DSideScrollerExampleMap:PersistentLevel.BP_Coin9_961.PaperFlipbook : Externally referenced 
[2015.05.17-02.26.46:494][  0]MapCheck:Warning: Warning PaperFlipbook PaperFlipbookComponent /Game/EndlessRunner/Maps/2DSideScrollerExampleMap.2DSideScrollerExampleMap:PersistentLevel.BP_Coin10_1092.PaperFlipbook : Externally referenced 
[2015.05.17-02.26.46:494][  0]MapCheck:Warning: Warning PaperFlipbook PaperFlipbookComponent /Game/EndlessRunner/Maps/2DSideScrollerExampleMap.2DSideScrollerExampleMap:PersistentLevel.BP_Coin11_1239.PaperFlipbook : Externally referenced 
[2015.05.17-02.26.46:494][  0]MapCheck:Warning: Warning PaperFlipbook PaperFlipbookComponent /Game/EndlessRunner/Maps/2DSideScrollerExampleMap.2DSideScrollerExampleMap:PersistentLevel.BP_Coin12_1430.PaperFlipbook : Externally referenced 
[2015.05.17-02.26.46:494][  0]MapCheck: Info Map check complete: 0 Error(s), 52 Warning(s), took 165.609ms to complete.
[2015.05.17-02.26.46:505][  0]LogFileHelpers: Loading map '2DSideScrollerExampleMap' took 4.293
[2015.05.17-02.26.46:715][  0]LogCollectionManager: Loaded 0 collections in 0.001719 seconds
[2015.05.17-02.26.46:730][  0]LogContentBrowser: Native class hierarchy populated in 0.0147 seconds. Added 1697 classes and 263 folders.
[2015.05.17-02.26.46:781][  0]LogContentBrowser: Native class hierarchy updated for 'SceneOutliner' in 0.0032 seconds. Added 1 classes and 2 folders.
[2015.05.17-02.26.46:872][  0]LogCrashTracker: Crashtracker disabled due to settings.
[2015.05.17-02.26.46:875][  0]LogSlate:Warning: Failed to load font data from 'Veranda'
[2015.05.17-02.26.46:881][  0]LogUObjectGlobals:Warning: Failed to find object 'Class None.'
[2015.05.17-02.26.46:906][  0]LogLoad: Full Startup: 18.41 seconds (BP compile: 1.66 seconds)
[2015.05.17-02.26.47:368][  0]LogContentBrowser:Verbose: The content browser source was changed by the sources view to '/Game/EndlessRunner/Blueprints'
[2015.05.17-02.26.47:530][  0]LogRenderer:Warning: Reallocating scene render targets to support 544x320 (Frame:2).
[2015.05.17-02.26.49:709][  7]LogAssetRegistry: Asset discovery search completed in 9.3539 seconds
[2015.05.17-02.27.04:713][608]LogRenderer:Warning: Reallocating scene render targets to support 544x504 (Frame:17).
[2015.05.17-02.28.03:076][ 43]LogRenderer:Warning: Reallocating scene render targets to support 592x640 (Frame:4324).
[2015.05.17-02.30.54:121][910]LogContentBrowser:Verbose: The content browser source was changed by the sources view to '/Game/EndlessRunner/Blueprints'
[2015.05.17-02.31.03:798][  7]LogRenderer:Warning: Reallocating scene render targets to support 592x1000 (Frame:9908).
[2015.05.17-02.31.05:647][210]BlueprintLog: New page: Compile Wave27
[2015.05.17-02.31.05:770][210]BlueprintEditorCompileResults: Info [0277.27] Compile of Wave27 successful! [in 122 ms]
[2015.05.17-02.31.38:974][ 23]LogRenderer:Warning: Reallocating scene render targets to support 1144x1024 (Frame:13342).
[2015.05.17-02.35.19:511][959]LogUObjectGlobals:Warning: Failed to find object 'Object None.'
[2015.05.17-02.35.19:512][959]LogUObjectGlobals:Warning: Failed to find object 'Object None.'
[2015.05.17-02.35.19:512][959]LogUObjectGlobals:Warning: Failed to find object 'Object None.'
[2015.05.17-02.35.31:638][343]LogUObjectGlobals:Warning: Failed to find object 'Object None.'
[2015.05.17-02.35.31:638][343]LogUObjectGlobals:Warning: Failed to find object 'Object None.'
[2015.05.17-02.35.31:638][343]LogUObjectGlobals:Warning: Failed to find object 'Object None.'
[2015.05.17-02.35.52:976][733]LogUnrealMath: Expression Error : Unrecognized Operator
[2015.05.17-02.36.03:805][992]BlueprintLog: New page: Compile Wave27
[2015.05.17-02.36.03:874][992]BlueprintEditorCompileResults: Info [0575.37] Compile of Wave27 successful! [in 68 ms]
[2015.05.17-02.36.47:645][275]LogFileHelpers: Editor autosave (incl. sublevels) for '/Game/EndlessRunner/Maps/2DSideScrollerExampleMap' took 0.021
[2015.05.17-02.36.47:676][275]OBJ SavePackage: Generating thumbnails for [1] asset(s) in package [/Game/EndlessRunner/Blueprints/Wave27] ([1] browsable assets)...
[2015.05.17-02.36.47:716][275]OBJ SavePackage:     Rendered thumbnail for [Blueprint /Game/EndlessRunner/Blueprints/Wave27.Wave27]
[2015.05.17-02.36.47:716][275]OBJ SavePackage: Finished generating thumbnails for package [/Game/EndlessRunner/Blueprints/Wave27]
[2015.05.17-02.36.48:152][275]LogSavePackage: Save=431.950836ms
[2015.05.17-02.36.48:154][275]LogSavePackage: Moving '../../../../../../Users/Michael Herbert/Documents/GitHub/SpaceRace/Saved/Wave27_Auto1379D535A4C0DF219C689F1B2DA89345D.tmp' to '../../../../../../Users/Michael Herbert/Documents/GitHub/SpaceRace/Saved/Autosaves/Game/EndlessRunner/Blueprints/Wave27_Auto1.uasset'
[2015.05.17-02.36.48:160][275]LogFileHelpers: Auto-saving content packages took 0.515
[2015.05.17-02.40.36:612][143]LogUnrealMath: Expression Error : No value recognized
[2015.05.17-02.40.36:612][143]LogUnrealMath: Expression Error : Error in expression
[2015.05.17-02.40.36:979][187]LogUnrealMath: Expression Error : No value recognized
[2015.05.17-02.40.36:980][187]LogUnrealMath: Expression Error : Error in expression
[2015.05.17-02.44.13:604][987]LogUObjectGlobals:Warning: Failed to find object 'Object None.'
[2015.05.17-02.44.13:632][988]LogUObjectGlobals:Warning: Failed to find object 'Object None.'
[2015.05.17-02.44.13:651][989]LogUObjectGlobals:Warning: Failed to find object 'Object None.'
[2015.05.17-02.44.13:660][990]LogUObjectGlobals:Warning: Failed to find object 'Object None.'
[2015.05.17-02.44.13:668][991]LogUObjectGlobals:Warning: Failed to find object 'Object None.'
[2015.05.17-02.44.13:676][992]LogUObjectGlobals:Warning: Failed to find object 'Object None.'
[2015.05.17-02.44.13:685][993]LogUObjectGlobals:Warning: Failed to find object 'Object None.'
[2015.05.17-02.44.13:692][994]LogUObjectGlobals:Warning: Failed to find object 'Object None.'
[2015.05.17-02.44.13:701][995]LogUObjectGlobals:Warning: Failed to find object 'Object None.'
[2015.05.17-02.44.13:709][996]LogUObjectGlobals:Warning: Failed to find object 'Object None.'
[2015.05.17-02.44.13:718][997]LogUObjectGlobals:Warning: Failed to find object 'Object None.'
[2015.05.17-02.44.13:726][998]LogUObjectGlobals:Warning: Failed to find object 'Object None.'
[2015.05.17-02.44.13:734][999]LogUObjectGlobals:Warning: Failed to find object 'Object None.'
[2015.05.17-02.44.13:743][  0]LogUObjectGlobals:Warning: Failed to find object 'Object None.'
[2015.05.17-02.44.13:751][  1]LogUObjectGlobals:Warning: Failed to find object 'Object None.'
[2015.05.17-02.44.13:759][  2]LogUObjectGlobals:Warning: Failed to find object 'Object None.'
[2015.05.17-02.44.13:768][  3]LogUObjectGlobals:Warning: Failed to find object 'Object None.'
[2015.05.17-02.44.13:776][  4]LogUObjectGlobals:Warning: Failed to find object 'Object None.'
[2015.05.17-02.44.13:785][  5]LogUObjectGlobals:Warning: Failed to find object 'Object None.'
[2015.05.17-02.44.13:792][  6]LogUObjectGlobals:Warning: Failed to find object 'Object None.'
[2015.05.17-02.44.13:801][  7]LogUObjectGlobals:Warning: Failed to find object 'Object None.'
[2015.05.17-02.44.13:810][  8]LogUObjectGlobals:Warning: Failed to find object 'Object None.'
[2015.05.17-02.44.13:818][  9]LogUObjectGlobals:Warning: Failed to find object 'Object None.'
[2015.05.17-02.44.13:827][ 10]LogUObjectGlobals:Warning: Failed to find object 'Object None.'
[2015.05.17-02.44.13:834][ 11]LogUObjectGlobals:Warning: Failed to find object 'Object None.'
[2015.05.17-02.44.13:843][ 12]LogUObjectGlobals:Warning: Failed to find object 'Object None.'
[2015.05.17-02.44.13:851][ 13]LogUObjectGlobals:Warning: Failed to find object 'Object None.'
[2015.05.17-02.44.13:859][ 14]LogUObjectGlobals:Warning: Failed to find object 'Object None.'
[2015.05.17-02.44.13:868][ 15]LogUObjectGlobals:Warning: Failed to find object 'Object None.'
[2015.05.17-02.44.13:876][ 16]LogUObjectGlobals:Warning: Failed to find object 'Object None.'
[2015.05.17-02.44.13:884][ 17]LogUObjectGlobals:Warning: Failed to find object 'Object None.'
[2015.05.17-02.44.13:892][ 18]LogUObjectGlobals:Warning: Failed to find object 'Object None.'
[2015.05.17-02.44.13:901][ 19]LogUObjectGlobals:Warning: Failed to find object 'Object None.'
[2015.05.17-02.44.13:909][ 20]LogUObjectGlobals:Warning: Failed to find object 'Object None.'
[2015.05.17-02.44.13:919][ 21]LogUObjectGlobals:Warning: Failed to find object 'Object None.'
[2015.05.17-02.44.13:926][ 22]LogUObjectGlobals:Warning: Failed to find object 'Object None.'
[2015.05.17-02.44.13:934][ 23]LogUObjectGlobals:Warning: Failed to find object 'Object None.'
[2015.05.17-02.44.13:942][ 24]LogUObjectGlobals:Warning: Failed to find object 'Object None.'
[2015.05.17-02.44.13:951][ 25]LogUObjectGlobals:Warning: Failed to find object 'Object None.'
[2015.05.17-02.44.13:959][ 26]LogUObjectGlobals:Warning: Failed to find object 'Object None.'
[2015.05.17-02.44.13:968][ 27]LogUObjectGlobals:Warning: Failed to find object 'Object None.'
[2015.05.17-02.44.13:976][ 28]LogUObjectGlobals:Warning: Failed to find object 'Object None.'
[2015.05.17-02.44.13:985][ 29]LogUObjectGlobals:Warning: Failed to find object 'Object None.'
[2015.05.17-02.44.13:992][ 30]LogUObjectGlobals:Warning: Failed to find object 'Object None.'
[2015.05.17-02.44.14:001][ 31]LogUObjectGlobals:Warning: Failed to find object 'Object None.'
[2015.05.17-02.44.14:009][ 32]LogUObjectGlobals:Warning: Failed to find object 'Object None.'
[2015.05.17-02.44.14:018][ 33]LogUObjectGlobals:Warning: Failed to find object 'Object None.'
[2015.05.17-02.44.14:026][ 34]LogUObjectGlobals:Warning: Failed to find object 'Object None.'
[2015.05.17-02.44.14:034][ 35]LogUObjectGlobals:Warning: Failed to find object 'Object None.'
[2015.05.17-02.44.14:043][ 36]LogUObjectGlobals:Warning: Failed to find object 'Object None.'
[2015.05.17-02.44.14:051][ 37]LogUObjectGlobals:Warning: Failed to find object 'Object None.'
[2015.05.17-02.44.14:059][ 38]LogUObjectGlobals:Warning: Failed to find object 'Object None.'
[2015.05.17-02.44.14:068][ 39]LogUObjectGlobals:Warning: Failed to find object 'Object None.'
[2015.05.17-02.44.14:076][ 40]LogUObjectGlobals:Warning: Failed to find object 'Object None.'
[2015.05.17-02.44.14:094][ 41]LogUObjectGlobals:Warning: Failed to find object 'Object None.'
[2015.05.17-02.44.14:122][ 42]LogUObjectGlobals:Warning: Failed to find object 'Object None.'
[2015.05.17-02.44.14:135][ 43]LogUObjectGlobals:Warning: Failed to find object 'Object None.'
[2015.05.17-02.44.14:143][ 44]LogUObjectGlobals:Warning: Failed to find object 'Object None.'
[2015.05.17-02.44.14:152][ 45]LogUObjectGlobals:Warning: Failed to find object 'Object None.'
[2015.05.17-02.44.14:160][ 46]LogUObjectGlobals:Warning: Failed to find object 'Object None.'
[2015.05.17-02.44.14:168][ 47]LogUObjectGlobals:Warning: Failed to find object 'Object None.'
[2015.05.17-02.44.14:177][ 48]LogUObjectGlobals:Warning: Failed to find object 'Object None.'
[2015.05.17-02.44.14:185][ 49]LogUObjectGlobals:Warning: Failed to find object 'Object None.'
[2015.05.17-02.44.14:193][ 50]LogUObjectGlobals:Warning: Failed to find object 'Object None.'
[2015.05.17-02.44.14:201][ 51]LogUObjectGlobals:Warning: Failed to find object 'Object None.'
[2015.05.17-02.44.14:210][ 52]LogUObjectGlobals:Warning: Failed to find object 'Object None.'
[2015.05.17-02.44.14:218][ 53]LogUObjectGlobals:Warning: Failed to find object 'Object None.'
[2015.05.17-02.44.14:227][ 54]LogUObjectGlobals:Warning: Failed to find object 'Object None.'
[2015.05.17-02.44.14:235][ 55]LogUObjectGlobals:Warning: Failed to find object 'Object None.'
[2015.05.17-02.44.14:244][ 56]LogUObjectGlobals:Warning: Failed to find object 'Object None.'
[2015.05.17-02.44.14:257][ 57]LogUObjectGlobals:Warning: Failed to find object 'Object None.'
[2015.05.17-02.44.14:265][ 58]LogUObjectGlobals:Warning: Failed to find object 'Object None.'
[2015.05.17-02.44.14:271][ 59]LogUObjectGlobals:Warning: Failed to find object 'Object None.'
[2015.05.17-02.44.14:280][ 60]LogUObjectGlobals:Warning: Failed to find object 'Object None.'
[2015.05.17-02.44.14:288][ 61]LogUObjectGlobals:Warning: Failed to find object 'Object None.'
[2015.05.17-02.44.14:297][ 62]LogUObjectGlobals:Warning: Failed to find object 'Object None.'
[2015.05.17-02.44.14:305][ 63]LogUObjectGlobals:Warning: Failed to find object 'Object None.'
[2015.05.17-02.44.14:315][ 64]LogUObjectGlobals:Warning: Failed to find object 'Object None.'
[2015.05.17-02.44.14:322][ 65]LogUObjectGlobals:Warning: Failed to find object 'Object None.'
[2015.05.17-02.44.14:331][ 66]LogUObjectGlobals:Warning: Failed to find object 'Object None.'
[2015.05.17-02.44.14:338][ 67]LogUObjectGlobals:Warning: Failed to find object 'Object None.'
[2015.05.17-02.44.14:347][ 68]LogUObjectGlobals:Warning: Failed to find object 'Object None.'
[2015.05.17-02.44.14:355][ 69]LogUObjectGlobals:Warning: Failed to find object 'Object None.'
[2015.05.17-02.44.14:364][ 70]LogUObjectGlobals:Warning: Failed to find object 'Object None.'
[2015.05.17-02.44.14:372][ 71]LogUObjectGlobals:Warning: Failed to find object 'Object None.'
[2015.05.17-02.44.14:380][ 72]LogUObjectGlobals:Warning: Failed to find object 'Object None.'
[2015.05.17-02.44.14:388][ 73]LogUObjectGlobals:Warning: Failed to find object 'Object None.'
[2015.05.17-02.44.14:397][ 74]LogUObjectGlobals:Warning: Failed to find object 'Object None.'
[2015.05.17-02.44.14:405][ 75]LogUObjectGlobals:Warning: Failed to find object 'Object None.'
[2015.05.17-02.44.14:413][ 76]LogUObjectGlobals:Warning: Failed to find object 'Object None.'
[2015.05.17-02.44.14:422][ 77]LogUObjectGlobals:Warning: Failed to find object 'Object None.'
[2015.05.17-02.44.14:430][ 78]LogUObjectGlobals:Warning: Failed to find object 'Object None.'
[2015.05.17-02.44.14:438][ 79]LogUObjectGlobals:Warning: Failed to find object 'Object None.'
[2015.05.17-02.44.14:447][ 80]LogUObjectGlobals:Warning: Failed to find object 'Object None.'
[2015.05.17-02.44.14:456][ 81]LogUObjectGlobals:Warning: Failed to find object 'Object None.'
[2015.05.17-02.44.14:464][ 82]LogUObjectGlobals:Warning: Failed to find object 'Object None.'
[2015.05.17-02.44.14:471][ 83]LogUObjectGlobals:Warning: Failed to find object 'Object None.'
[2015.05.17-02.44.14:480][ 84]LogUObjectGlobals:Warning: Failed to find object 'Object None.'
[2015.05.17-02.44.14:489][ 85]LogUObjectGlobals:Warning: Failed to find object 'Object None.'
[2015.05.17-02.44.14:497][ 86]LogUObjectGlobals:Warning: Failed to find object 'Object None.'
[2015.05.17-02.44.14:505][ 87]LogUObjectGlobals:Warning: Failed to find object 'Object None.'
[2015.05.17-02.44.14:514][ 88]LogUObjectGlobals:Warning: Failed to find object 'Object None.'
[2015.05.17-02.44.14:522][ 89]LogUObjectGlobals:Warning: Failed to find object 'Object None.'
[2015.05.17-02.44.14:530][ 90]LogUObjectGlobals:Warning: Failed to find object 'Object None.'
[2015.05.17-02.44.14:539][ 91]LogUObjectGlobals:Warning: Failed to find object 'Object None.'
[2015.05.17-02.44.14:547][ 92]LogUObjectGlobals:Warning: Failed to find object 'Object None.'
[2015.05.17-02.44.14:556][ 93]LogUObjectGlobals:Warning: Failed to find object 'Object None.'
[2015.05.17-02.44.14:564][ 94]LogUObjectGlobals:Warning: Failed to find object 'Object None.'
[2015.05.17-02.44.14:571][ 95]LogUObjectGlobals:Warning: Failed to find object 'Object None.'
[2015.05.17-02.44.14:580][ 96]LogUObjectGlobals:Warning: Failed to find object 'Object None.'
[2015.05.17-02.44.14:588][ 97]LogUObjectGlobals:Warning: Failed to find object 'Object None.'
[2015.05.17-02.44.14:597][ 98]LogUObjectGlobals:Warning: Failed to find object 'Object None.'
[2015.05.17-02.44.14:605][ 99]LogUObjectGlobals:Warning: Failed to find object 'Object None.'
[2015.05.17-02.44.14:613][100]LogUObjectGlobals:Warning: Failed to find object 'Object None.'
[2015.05.17-02.44.14:621][101]LogUObjectGlobals:Warning: Failed to find object 'Object None.'
[2015.05.17-02.44.14:631][102]LogUObjectGlobals:Warning: Failed to find object 'Object None.'
[2015.05.17-02.44.14:638][103]LogUObjectGlobals:Warning: Failed to find object 'Object None.'
[2015.05.17-02.44.14:647][104]LogUObjectGlobals:Warning: Failed to find object 'Object None.'
[2015.05.17-02.44.14:655][105]LogUObjectGlobals:Warning: Failed to find object 'Object None.'
[2015.05.17-02.44.14:664][106]LogUObjectGlobals:Warning: Failed to find object 'Object None.'
[2015.05.17-02.44.14:672][107]LogUObjectGlobals:Warning: Failed to find object 'Object None.'
[2015.05.17-02.44.14:680][108]LogUObjectGlobals:Warning: Failed to find object 'Object None.'
[2015.05.17-02.44.14:688][109]LogUObjectGlobals:Warning: Failed to find object 'Object None.'
[2015.05.17-02.44.14:697][110]LogUObjectGlobals:Warning: Failed to find object 'Object None.'
[2015.05.17-02.44.14:705][111]LogUObjectGlobals:Warning: Failed to find object 'Object None.'
[2015.05.17-02.44.14:713][112]LogUObjectGlobals:Warning: Failed to find object 'Object None.'
[2015.05.17-02.44.14:721][113]LogUObjectGlobals:Warning: Failed to find object 'Object None.'
[2015.05.17-02.44.14:730][114]LogUObjectGlobals:Warning: Failed to find object 'Object None.'
[2015.05.17-02.44.14:738][115]LogUObjectGlobals:Warning: Failed to find object 'Object None.'
[2015.05.17-02.44.14:746][116]LogUObjectGlobals:Warning: Failed to find object 'Object None.'
[2015.05.17-02.44.14:755][117]LogUObjectGlobals:Warning: Failed to find object 'Object None.'
[2015.05.17-02.44.41:121][158]LogUObjectGlobals:Warning: Failed to find object 'Object None.'
[2015.05.17-02.44.41:128][158]LogUObjectGlobals:Warning: Failed to find object 'Object None.'
[2015.05.17-02.44.41:154][159]LogUObjectGlobals:Warning: Failed to find object 'Object None.'
[2015.05.17-02.44.41:162][160]LogUObjectGlobals:Warning: Failed to find object 'Object None.'
[2015.05.17-02.44.41:170][161]LogUObjectGlobals:Warning: Failed to find object 'Object None.'
[2015.05.17-02.44.41:178][162]LogUObjectGlobals:Warning: Failed to find object 'Object None.'
[2015.05.17-02.44.41:186][163]LogUObjectGlobals:Warning: Failed to find object 'Object None.'
[2015.05.17-02.44.41:194][164]LogUObjectGlobals:Warning: Failed to find object 'Object None.'
[2015.05.17-02.44.41:203][165]LogUObjectGlobals:Warning: Failed to find object 'Object None.'
[2015.05.17-02.44.41:212][166]LogUObjectGlobals:Warning: Failed to find object 'Object None.'
[2015.05.17-02.44.41:220][167]LogUObjectGlobals:Warning: Failed to find object 'Object None.'
[2015.05.17-02.44.41:228][168]LogUObjectGlobals:Warning: Failed to find object 'Object None.'
[2015.05.17-02.44.41:236][169]LogUObjectGlobals:Warning: Failed to find object 'Object None.'
[2015.05.17-02.44.41:245][170]LogUObjectGlobals:Warning: Failed to find object 'Object None.'
[2015.05.17-02.44.41:253][171]LogUObjectGlobals:Warning: Failed to find object 'Object None.'
[2015.05.17-02.44.41:261][172]LogUObjectGlobals:Warning: Failed to find object 'Object None.'
[2015.05.17-02.44.41:270][173]LogUObjectGlobals:Warning: Failed to find object 'Object None.'
[2015.05.17-02.44.41:279][174]LogUObjectGlobals:Warning: Failed to find object 'Object None.'
[2015.05.17-02.44.41:286][175]LogUObjectGlobals:Warning: Failed to find object 'Object None.'
[2015.05.17-02.44.41:295][176]LogUObjectGlobals:Warning: Failed to find object 'Object None.'
[2015.05.17-02.44.41:304][177]LogUObjectGlobals:Warning: Failed to find object 'Object None.'
[2015.05.17-02.44.41:312][178]LogUObjectGlobals:Warning: Failed to find object 'Object None.'
[2015.05.17-02.44.41:320][179]LogUObjectGlobals:Warning: Failed to find object 'Object None.'
[2015.05.17-02.44.41:328][180]LogUObjectGlobals:Warning: Failed to find object 'Object None.'
[2015.05.17-02.44.41:336][181]LogUObjectGlobals:Warning: Failed to find object 'Object None.'
[2015.05.17-02.44.41:345][182]LogUObjectGlobals:Warning: Failed to find object 'Object None.'
[2015.05.17-02.44.41:353][183]LogUObjectGlobals:Warning: Failed to find object 'Object None.'
[2015.05.17-02.44.41:362][184]LogUObjectGlobals:Warning: Failed to find object 'Object None.'
[2015.05.17-02.44.41:370][185]LogUObjectGlobals:Warning: Failed to find object 'Object None.'
[2015.05.17-02.44.41:379][186]LogUObjectGlobals:Warning: Failed to find object 'Object None.'
[2015.05.17-02.44.41:387][187]LogUObjectGlobals:Warning: Failed to find object 'Object None.'
[2015.05.17-02.44.41:395][188]LogUObjectGlobals:Warning: Failed to find object 'Object None.'
[2015.05.17-02.44.41:404][189]LogUObjectGlobals:Warning: Failed to find object 'Object None.'
[2015.05.17-02.44.41:412][190]LogUObjectGlobals:Warning: Failed to find object 'Object None.'
[2015.05.17-02.44.41:419][191]LogUObjectGlobals:Warning: Failed to find object 'Object None.'
[2015.05.17-02.44.41:428][192]LogUObjectGlobals:Warning: Failed to find object 'Object None.'
[2015.05.17-02.44.41:437][193]LogUObjectGlobals:Warning: Failed to find object 'Object None.'
[2015.05.17-02.44.41:445][194]LogUObjectGlobals:Warning: Failed to find object 'Object None.'
[2015.05.17-02.44.41:454][195]LogUObjectGlobals:Warning: Failed to find object 'Object None.'
[2015.05.17-02.44.41:461][196]LogUObjectGlobals:Warning: Failed to find object 'Object None.'
[2015.05.17-02.44.41:470][197]LogUObjectGlobals:Warning: Failed to find object 'Object None.'
[2015.05.17-02.44.41:478][198]LogUObjectGlobals:Warning: Failed to find object 'Object None.'
[2015.05.17-02.44.41:486][199]LogUObjectGlobals:Warning: Failed to find object 'Object None.'
[2015.05.17-02.44.41:494][200]LogUObjectGlobals:Warning: Failed to find object 'Object None.'
[2015.05.17-02.44.41:503][201]LogUObjectGlobals:Warning: Failed to find object 'Object None.'
[2015.05.17-02.44.41:512][202]LogUObjectGlobals:Warning: Failed to find object 'Object None.'
[2015.05.17-02.44.41:520][203]LogUObjectGlobals:Warning: Failed to find object 'Object None.'
[2015.05.17-02.44.41:528][204]LogUObjectGlobals:Warning: Failed to find object 'Object None.'
[2015.05.17-02.44.41:537][205]LogUObjectGlobals:Warning: Failed to find object 'Object None.'
[2015.05.17-02.44.41:543][206]LogUObjectGlobals:Warning: Failed to find object 'Object None.'
[2015.05.17-02.44.41:543][206]LogUObjectGlobals:Warning: Failed to find object 'Object None.'
[2015.05.17-02.44.41:544][206]LogUObjectGlobals:Warning: Failed to find object 'Object None.'
[2015.05.17-02.44.41:545][206]LogUObjectGlobals:Warning: Failed to find object 'Object None.'
[2015.05.17-02.44.41:547][206]LogUObjectGlobals:Warning: Failed to find object 'Object None.'
[2015.05.17-02.44.41:551][207]LogUObjectGlobals:Warning: Failed to find object 'Object None.'
[2015.05.17-02.44.41:551][207]LogUObjectGlobals:Warning: Failed to find object 'Object None.'
[2015.05.17-02.44.41:552][207]LogUObjectGlobals:Warning: Failed to find object 'Object None.'
[2015.05.17-02.44.41:554][207]LogUObjectGlobals:Warning: Failed to find object 'Object None.'
[2015.05.17-02.44.41:559][208]LogUObjectGlobals:Warning: Failed to find object 'Object None.'
[2015.05.17-02.44.41:560][208]LogUObjectGlobals:Warning: Failed to find object 'Object None.'
[2015.05.17-02.44.41:560][208]LogUObjectGlobals:Warning: Failed to find object 'Object None.'
[2015.05.17-02.44.41:562][208]LogUObjectGlobals:Warning: Failed to find object 'Object None.'
[2015.05.17-02.44.41:568][209]LogUObjectGlobals:Warning: Failed to find object 'Object None.'
[2015.05.17-02.44.41:568][209]LogUObjectGlobals:Warning: Failed to find object 'Object None.'
[2015.05.17-02.44.41:569][209]LogUObjectGlobals:Warning: Failed to find object 'Object None.'
[2015.05.17-02.44.41:571][209]LogUObjectGlobals:Warning: Failed to find object 'Object None.'
[2015.05.17-02.44.41:576][210]LogUObjectGlobals:Warning: Failed to find object 'Object None.'
[2015.05.17-02.44.41:576][210]LogUObjectGlobals:Warning: Failed to find object 'Object None.'
[2015.05.17-02.44.41:577][210]LogUObjectGlobals:Warning: Failed to find object 'Object None.'
[2015.05.17-02.44.41:580][210]LogUObjectGlobals:Warning: Failed to find object 'Object None.'
[2015.05.17-02.44.41:584][211]LogUObjectGlobals:Warning: Failed to find object 'Object None.'
[2015.05.17-02.44.41:585][211]LogUObjectGlobals:Warning: Failed to find object 'Object None.'
[2015.05.17-02.44.41:588][211]LogUObjectGlobals:Warning: Failed to find object 'Object None.'
[2015.05.17-02.44.41:593][212]LogUObjectGlobals:Warning: Failed to find object 'Object None.'
[2015.05.17-02.44.41:595][212]LogUObjectGlobals:Warning: Failed to find object 'Object None.'
[2015.05.17-02.44.41:601][213]LogUObjectGlobals:Warning: Failed to find object 'Object None.'
[2015.05.17-02.44.41:604][213]LogUObjectGlobals:Warning: Failed to find object 'Object None.'
[2015.05.17-02.44.41:609][214]LogUObjectGlobals:Warning: Failed to find object 'Object None.'
[2015.05.17-02.44.41:613][214]LogUObjectGlobals:Warning: Failed to find object 'Object None.'
[2015.05.17-02.44.41:618][215]LogUObjectGlobals:Warning: Failed to find object 'Object None.'
[2015.05.17-02.44.41:621][215]LogUObjectGlobals:Warning: Failed to find object 'Object None.'
[2015.05.17-02.44.41:626][216]LogUObjectGlobals:Warning: Failed to find object 'Object None.'
[2015.05.17-02.44.41:629][216]LogUObjectGlobals:Warning: Failed to find object 'Object None.'
[2015.05.17-02.44.41:634][217]LogUObjectGlobals:Warning: Failed to find object 'Object None.'
[2015.05.17-02.44.41:638][217]LogUObjectGlobals:Warning: Failed to find object 'Object None.'
[2015.05.17-02.44.41:643][218]LogUObjectGlobals:Warning: Failed to find object 'Object None.'
[2015.05.17-02.44.41:645][218]LogUObjectGlobals:Warning: Failed to find object 'Object None.'
[2015.05.17-02.44.41:651][219]LogUObjectGlobals:Warning: Failed to find object 'Object None.'
[2015.05.17-02.44.41:653][219]LogUObjectGlobals:Warning: Failed to find object 'Object None.'
[2015.05.17-02.44.41:659][220]LogUObjectGlobals:Warning: Failed to find object 'Object None.'
[2015.05.17-02.44.41:662][220]LogUObjectGlobals:Warning: Failed to find object 'Object None.'
[2015.05.17-02.44.41:668][221]LogUObjectGlobals:Warning: Failed to find object 'Object None.'
[2015.05.17-02.44.41:670][221]LogUObjectGlobals:Warning: Failed to find object 'Object None.'
[2015.05.17-02.44.41:676][222]LogUObjectGlobals:Warning: Failed to find object 'Object None.'
[2015.05.17-02.44.41:678][222]LogUObjectGlobals:Warning: Failed to find object 'Object None.'
[2015.05.17-02.44.41:684][223]LogUObjectGlobals:Warning: Failed to find object 'Object None.'
[2015.05.17-02.44.41:687][223]LogUObjectGlobals:Warning: Failed to find object 'Object None.'
[2015.05.17-02.44.41:693][224]LogUObjectGlobals:Warning: Failed to find object 'Object None.'
[2015.05.17-02.44.41:695][224]LogUObjectGlobals:Warning: Failed to find object 'Object None.'
[2015.05.17-02.44.41:701][225]LogUObjectGlobals:Warning: Failed to find object 'Object None.'
[2015.05.17-02.44.41:704][225]LogUObjectGlobals:Warning: Failed to find object 'Object None.'
[2015.05.17-02.44.41:709][226]LogUObjectGlobals:Warning: Failed to find object 'Object None.'
[2015.05.17-02.44.41:710][226]LogUObjectGlobals:Warning: Failed to find object 'Object None.'
[2015.05.17-02.44.41:712][226]LogUObjectGlobals:Warning: Failed to find object 'Object None.'
[2015.05.17-02.44.41:718][227]LogUObjectGlobals:Warning: Failed to find object 'Object None.'
[2015.05.17-02.44.41:718][227]LogUObjectGlobals:Warning: Failed to find object 'Object None.'
[2015.05.17-02.44.41:721][227]LogUObjectGlobals:Warning: Failed to find object 'Object None.'
[2015.05.17-02.44.41:726][228]LogUObjectGlobals:Warning: Failed to find object 'Object None.'
[2015.05.17-02.44.41:726][228]LogUObjectGlobals:Warning: Failed to find object 'Object None.'
[2015.05.17-02.44.41:727][228]LogUObjectGlobals:Warning: Failed to find object 'Object None.'
[2015.05.17-02.44.41:727][228]LogUObjectGlobals:Warning: Failed to find object 'Object None.'
[2015.05.17-02.44.41:729][228]LogUObjectGlobals:Warning: Failed to find object 'Object None.'
[2015.05.17-02.44.41:734][229]LogUObjectGlobals:Warning: Failed to find object 'Object None.'
[2015.05.17-02.44.41:737][229]LogUObjectGlobals:Warning: Failed to find object 'Object None.'
[2015.05.17-02.44.41:742][230]LogUObjectGlobals:Warning: Failed to find object 'Object None.'
[2015.05.17-02.44.41:743][230]LogUObjectGlobals:Warning: Failed to find object 'Object None.'
[2015.05.17-02.44.41:746][230]LogUObjectGlobals:Warning: Failed to find object 'Object None.'
[2015.05.17-02.44.41:751][231]LogUObjectGlobals:Warning: Failed to find object 'Object None.'
[2015.05.17-02.44.41:752][231]LogUObjectGlobals:Warning: Failed to find object 'Object None.'
[2015.05.17-02.44.41:754][231]LogUObjectGlobals:Warning: Failed to find object 'Object None.'
[2015.05.17-02.44.41:759][232]LogUObjectGlobals:Warning: Failed to find object 'Object None.'
[2015.05.17-02.44.41:760][232]LogUObjectGlobals:Warning: Failed to find object 'Object None.'
[2015.05.17-02.44.41:762][232]LogUObjectGlobals:Warning: Failed to find object 'Object None.'
[2015.05.17-02.44.41:768][233]LogUObjectGlobals:Warning: Failed to find object 'Object None.'
[2015.05.17-02.44.41:768][233]LogUObjectGlobals:Warning: Failed to find object 'Object None.'
[2015.05.17-02.44.41:771][233]LogUObjectGlobals:Warning: Failed to find object 'Object None.'
[2015.05.17-02.44.41:776][234]LogUObjectGlobals:Warning: Failed to find object 'Object None.'
[2015.05.17-02.44.41:776][234]LogUObjectGlobals:Warning: Failed to find object 'Object None.'
[2015.05.17-02.44.41:779][234]LogUObjectGlobals:Warning: Failed to find object 'Object None.'
[2015.05.17-02.44.41:784][235]LogUObjectGlobals:Warning: Failed to find object 'Object None.'
[2015.05.17-02.44.41:787][235]LogUObjectGlobals:Warning: Failed to find object 'Object None.'
[2015.05.17-02.44.41:793][236]LogUObjectGlobals:Warning: Failed to find object 'Object None.'
[2015.05.17-02.44.41:795][236]LogUObjectGlobals:Warning: Failed to find object 'Object None.'
[2015.05.17-02.44.41:801][237]LogUObjectGlobals:Warning: Failed to find object 'Object None.'
[2015.05.17-02.44.41:801][237]LogUObjectGlobals:Warning: Failed to find object 'Object None.'
[2015.05.17-02.44.41:802][237]LogUObjectGlobals:Warning: Failed to find object 'Object None.'
[2015.05.17-02.44.41:805][237]LogUObjectGlobals:Warning: Failed to find object 'Object None.'
[2015.05.17-02.44.41:809][238]LogUObjectGlobals:Warning: Failed to find object 'Object None.'
[2015.05.17-02.44.41:810][238]LogUObjectGlobals:Warning: Failed to find object 'Object None.'
[2015.05.17-02.44.41:810][238]LogUObjectGlobals:Warning: Failed to find object 'Object None.'
[2015.05.17-02.44.41:812][238]LogUObjectGlobals:Warning: Failed to find object 'Object None.'
[2015.05.17-02.44.41:817][239]LogUObjectGlobals:Warning: Failed to find object 'Object None.'
[2015.05.17-02.44.41:818][239]LogUObjectGlobals:Warning: Failed to find object 'Object None.'
[2015.05.17-02.44.41:818][239]LogUObjectGlobals:Warning: Failed to find object 'Object None.'
[2015.05.17-02.44.41:821][239]LogUObjectGlobals:Warning: Failed to find object 'Object None.'
[2015.05.17-02.44.41:826][240]LogUObjectGlobals:Warning: Failed to find object 'Object None.'
[2015.05.17-02.44.41:826][240]LogUObjectGlobals:Warning: Failed to find object 'Object None.'
[2015.05.17-02.44.41:827][240]LogUObjectGlobals:Warning: Failed to find object 'Object None.'
[2015.05.17-02.44.41:829][240]LogUObjectGlobals:Warning: Failed to find object 'Object None.'
[2015.05.17-02.44.41:836][241]LogUObjectGlobals:Warning: Failed to find object 'Object None.'
[2015.05.17-02.44.41:845][242]LogUObjectGlobals:Warning: Failed to find object 'Object None.'
[2015.05.17-02.44.41:854][243]LogUObjectGlobals:Warning: Failed to find object 'Object None.'
[2015.05.17-02.44.41:862][244]LogUObjectGlobals:Warning: Failed to find object 'Object None.'
[2015.05.17-02.44.41:870][245]LogUObjectGlobals:Warning: Failed to find object 'Object None.'
[2015.05.17-02.44.41:878][246]LogUObjectGlobals:Warning: Failed to find object 'Object None.'
[2015.05.17-02.44.41:887][247]LogUObjectGlobals:Warning: Failed to find object 'Object None.'
[2015.05.17-02.44.41:895][248]LogUObjectGlobals:Warning: Failed to find object 'Object None.'
[2015.05.17-02.44.41:904][249]LogUObjectGlobals:Warning: Failed to find object 'Object None.'
[2015.05.17-02.44.41:912][250]LogUObjectGlobals:Warning: Failed to find object 'Object None.'
[2015.05.17-02.44.41:920][251]LogUObjectGlobals:Warning: Failed to find object 'Object None.'
[2015.05.17-02.44.41:928][252]LogUObjectGlobals:Warning: Failed to find object 'Object None.'
[2015.05.17-02.44.41:937][253]LogUObjectGlobals:Warning: Failed to find object 'Object None.'
[2015.05.17-02.44.41:945][254]LogUObjectGlobals:Warning: Failed to find object 'Object None.'
[2015.05.17-02.44.41:954][255]LogUObjectGlobals:Warning: Failed to find object 'Object None.'
[2015.05.17-02.44.41:962][256]LogUObjectGlobals:Warning: Failed to find object 'Object None.'
[2015.05.17-02.44.41:971][257]LogUObjectGlobals:Warning: Failed to find object 'Object None.'
[2015.05.17-02.44.41:978][258]LogUObjectGlobals:Warning: Failed to find object 'Object None.'
[2015.05.17-02.44.41:987][259]LogUObjectGlobals:Warning: Failed to find object 'Object None.'
[2015.05.17-02.44.41:995][260]LogUObjectGlobals:Warning: Failed to find object 'Object None.'
[2015.05.17-02.44.42:003][261]LogUObjectGlobals:Warning: Failed to find object 'Object None.'
[2015.05.17-02.44.42:012][262]LogUObjectGlobals:Warning: Failed to find object 'Object None.'
[2015.05.17-02.44.42:020][263]LogUObjectGlobals:Warning: Failed to find object 'Object None.'
[2015.05.17-02.44.42:029][264]LogUObjectGlobals:Warning: Failed to find object 'Object None.'
[2015.05.17-02.44.42:037][265]LogUObjectGlobals:Warning: Failed to find object 'Object None.'
[2015.05.17-02.44.42:046][266]LogUObjectGlobals:Warning: Failed to find object 'Object None.'
[2015.05.17-02.44.42:053][267]LogUObjectGlobals:Warning: Failed to find object 'Object None.'
[2015.05.17-02.44.42:062][268]LogUObjectGlobals:Warning: Failed to find object 'Object None.'
[2015.05.17-02.44.42:070][269]LogUObjectGlobals:Warning: Failed to find object 'Object None.'
[2015.05.17-02.44.42:079][270]LogUObjectGlobals:Warning: Failed to find object 'Object None.'
[2015.05.17-02.44.42:087][271]LogUObjectGlobals:Warning: Failed to find object 'Object None.'
[2015.05.17-02.44.42:095][272]LogUObjectGlobals:Warning: Failed to find object 'Object None.'
[2015.05.17-02.44.42:103][273]LogUObjectGlobals:Warning: Failed to find object 'Object None.'
[2015.05.17-02.44.42:112][274]LogUObjectGlobals:Warning: Failed to find object 'Object None.'
[2015.05.17-02.44.42:121][275]LogUObjectGlobals:Warning: Failed to find object 'Object None.'
[2015.05.17-02.44.42:128][276]LogUObjectGlobals:Warning: Failed to find object 'Object None.'
[2015.05.17-02.44.42:136][277]LogUObjectGlobals:Warning: Failed to find object 'Object None.'
[2015.05.17-02.44.42:146][278]LogUObjectGlobals:Warning: Failed to find object 'Object None.'
[2015.05.17-02.44.42:154][279]LogUObjectGlobals:Warning: Failed to find object 'Object None.'
[2015.05.17-02.44.42:162][280]LogUObjectGlobals:Warning: Failed to find object 'Object None.'
[2015.05.17-02.44.42:170][281]LogUObjectGlobals:Warning: Failed to find object 'Object None.'
[2015.05.17-02.44.42:179][282]LogUObjectGlobals:Warning: Failed to find object 'Object None.'
[2015.05.17-02.44.42:187][283]LogUObjectGlobals:Warning: Failed to find object 'Object None.'
[2015.05.17-02.44.42:195][284]LogUObjectGlobals:Warning: Failed to find object 'Object None.'
[2015.05.17-02.44.42:204][285]LogUObjectGlobals:Warning: Failed to find object 'Object None.'
[2015.05.17-02.44.42:212][286]LogUObjectGlobals:Warning: Failed to find object 'Object None.'
[2015.05.17-02.44.42:220][287]LogUObjectGlobals:Warning: Failed to find object 'Object None.'
[2015.05.17-02.44.42:228][288]LogUObjectGlobals:Warning: Failed to find object 'Object None.'
[2015.05.17-02.44.42:237][289]LogUObjectGlobals:Warning: Failed to find object 'Object None.'
[2015.05.17-02.44.42:245][290]LogUObjectGlobals:Warning: Failed to find object 'Object None.'
[2015.05.17-02.44.42:254][291]LogUObjectGlobals:Warning: Failed to find object 'Object None.'
[2015.05.17-02.44.42:261][292]LogUObjectGlobals:Warning: Failed to find object 'Object None.'
[2015.05.17-02.44.42:270][293]LogUObjectGlobals:Warning: Failed to find object 'Object None.'
[2015.05.17-02.44.42:278][294]LogUObjectGlobals:Warning: Failed to find object 'Object None.'
[2015.05.17-02.44.42:287][295]LogUObjectGlobals:Warning: Failed to find object 'Object None.'
[2015.05.17-02.44.42:295][296]LogUObjectGlobals:Warning: Failed to find object 'Object None.'
[2015.05.17-02.44.42:304][297]LogUObjectGlobals:Warning: Failed to find object 'Object None.'
[2015.05.17-02.44.42:312][298]LogUObjectGlobals:Warning: Failed to find object 'Object None.'
[2015.05.17-02.44.42:320][299]LogUObjectGlobals:Warning: Failed to find object 'Object None.'
[2015.05.17-02.44.42:328][300]LogUObjectGlobals:Warning: Failed to find object 'Object None.'
[2015.05.17-02.44.42:338][301]LogUObjectGlobals:Warning: Failed to find object 'Object None.'
[2015.05.17-02.44.42:346][302]LogUObjectGlobals:Warning: Failed to find object 'Object None.'
[2015.05.17-02.44.42:353][303]LogUObjectGlobals:Warning: Failed to find object 'Object None.'
[2015.05.17-02.44.42:362][304]LogUObjectGlobals:Warning: Failed to find object 'Object None.'
[2015.05.17-02.44.42:370][305]LogUObjectGlobals:Warning: Failed to find object 'Object None.'
[2015.05.17-02.44.42:379][306]LogUObjectGlobals:Warning: Failed to find object 'Object None.'
[2015.05.17-02.44.42:387][307]LogUObjectGlobals:Warning: Failed to find object 'Object None.'
[2015.05.17-02.44.42:395][308]LogUObjectGlobals:Warning: Failed to find object 'Object None.'
[2015.05.17-02.44.42:404][309]LogUObjectGlobals:Warning: Failed to find object 'Object None.'
[2015.05.17-02.44.42:412][310]LogUObjectGlobals:Warning: Failed to find object 'Object None.'
[2015.05.17-02.44.42:420][311]LogUObjectGlobals:Warning: Failed to find object 'Object None.'
[2015.05.17-02.44.42:428][312]LogUObjectGlobals:Warning: Failed to find object 'Object None.'
[2015.05.17-02.44.42:437][313]LogUObjectGlobals:Warning: Failed to find object 'Object None.'
[2015.05.17-02.44.42:445][314]LogUObjectGlobals:Warning: Failed to find object 'Object None.'
[2015.05.17-02.44.42:453][315]LogUObjectGlobals:Warning: Failed to find object 'Object None.'
[2015.05.17-02.44.42:462][316]LogUObjectGlobals:Warning: Failed to find object 'Object None.'
[2015.05.17-02.44.42:470][317]LogUObjectGlobals:Warning: Failed to find object 'Object None.'
[2015.05.17-02.44.42:478][318]LogUObjectGlobals:Warning: Failed to find object 'Object None.'
[2015.05.17-02.44.42:486][319]LogUObjectGlobals:Warning: Failed to find object 'Object None.'
[2015.05.17-02.44.42:495][320]LogUObjectGlobals:Warning: Failed to find object 'Object None.'
[2015.05.17-02.44.42:504][321]LogUObjectGlobals:Warning: Failed to find object 'Object None.'
[2015.05.17-02.44.42:512][322]LogUObjectGlobals:Warning: Failed to find object 'Object None.'
[2015.05.17-02.44.42:520][323]LogUObjectGlobals:Warning: Failed to find object 'Object None.'
[2015.05.17-02.44.42:528][324]LogUObjectGlobals:Warning: Failed to find object 'Object None.'
[2015.05.17-02.44.42:537][325]LogUObjectGlobals:Warning: Failed to find object 'Object None.'
[2015.05.17-02.44.42:545][326]LogUObjectGlobals:Warning: Failed to find object 'Object None.'
[2015.05.17-02.44.42:553][327]LogUObjectGlobals:Warning: Failed to find object 'Object None.'
[2015.05.17-02.44.42:562][328]LogUObjectGlobals:Warning: Failed to find object 'Object None.'
[2015.05.17-02.44.42:570][329]LogUObjectGlobals:Warning: Failed to find object 'Object None.'
[2015.05.17-02.44.42:578][330]LogUObjectGlobals:Warning: Failed to find object 'Object None.'
[2015.05.17-02.44.42:587][331]LogUObjectGlobals:Warning: Failed to find object 'Object None.'
[2015.05.17-02.44.42:595][332]LogUObjectGlobals:Warning: Failed to find object 'Object None.'
[2015.05.17-02.44.42:603][333]LogUObjectGlobals:Warning: Failed to find object 'Object None.'
[2015.05.17-02.44.42:611][334]LogUObjectGlobals:Warning: Failed to find object 'Object None.'
[2015.05.17-02.44.42:621][335]LogUObjectGlobals:Warning: Failed to find object 'Object None.'
[2015.05.17-02.44.42:629][336]LogUObjectGlobals:Warning: Failed to find object 'Object None.'
[2015.05.17-02.44.42:637][337]LogUObjectGlobals:Warning: Failed to find object 'Object None.'
[2015.05.17-02.44.42:645][338]LogUObjectGlobals:Warning: Failed to find object 'Object None.'
[2015.05.17-02.44.42:653][339]LogUObjectGlobals:Warning: Failed to find object 'Object None.'
[2015.05.17-02.44.42:661][340]LogUObjectGlobals:Warning: Failed to find object 'Object None.'
[2015.05.17-02.44.42:670][341]LogUObjectGlobals:Warning: Failed to find object 'Object None.'
[2015.05.17-02.44.42:678][342]LogUObjectGlobals:Warning: Failed to find object 'Object None.'
[2015.05.17-02.44.42:686][343]LogUObjectGlobals:Warning: Failed to find object 'Object None.'
[2015.05.17-02.44.42:695][344]LogUObjectGlobals:Warning: Failed to find object 'Object None.'
[2015.05.17-02.44.42:703][345]LogUObjectGlobals:Warning: Failed to find object 'Object None.'
[2015.05.17-02.44.42:711][346]LogUObjectGlobals:Warning: Failed to find object 'Object None.'
[2015.05.17-02.44.42:720][347]LogUObjectGlobals:Warning: Failed to find object 'Object None.'
[2015.05.17-02.44.42:728][348]LogUObjectGlobals:Warning: Failed to find object 'Object None.'
[2015.05.17-02.44.42:737][349]LogUObjectGlobals:Warning: Failed to find object 'Object None.'
[2015.05.17-02.44.42:745][350]LogUObjectGlobals:Warning: Failed to find object 'Object None.'
[2015.05.17-02.44.42:753][351]LogUObjectGlobals:Warning: Failed to find object 'Object None.'
[2015.05.17-02.44.42:762][352]LogUObjectGlobals:Warning: Failed to find object 'Object None.'
[2015.05.17-02.44.42:770][353]LogUObjectGlobals:Warning: Failed to find object 'Object None.'
[2015.05.17-02.44.42:778][354]LogUObjectGlobals:Warning: Failed to find object 'Object None.'
[2015.05.17-02.44.42:787][355]LogUObjectGlobals:Warning: Failed to find object 'Object None.'
[2015.05.17-02.44.42:796][356]LogUObjectGlobals:Warning: Failed to find object 'Object None.'
[2015.05.17-02.44.42:803][357]LogUObjectGlobals:Warning: Failed to find object 'Object None.'
[2015.05.17-02.44.42:812][358]LogUObjectGlobals:Warning: Failed to find object 'Object None.'
[2015.05.17-02.44.42:819][359]LogUObjectGlobals:Warning: Failed to find object 'Object None.'
[2015.05.17-02.44.42:828][360]LogUObjectGlobals:Warning: Failed to find object 'Object None.'
[2015.05.17-02.44.42:836][361]LogUObjectGlobals:Warning: Failed to find object 'Object None.'
[2015.05.17-02.44.42:845][362]LogUObjectGlobals:Warning: Failed to find object 'Object None.'
[2015.05.17-02.44.42:853][363]LogUObjectGlobals:Warning: Failed to find object 'Object None.'
[2015.05.17-02.44.42:861][364]LogUObjectGlobals:Warning: Failed to find object 'Object None.'
[2015.05.17-02.45.07:799][311]BlueprintLog: New page: Compile Wave27
[2015.05.17-02.45.07:875][311]BlueprintEditorCompileResults: Info [1119.37] Compile of Wave27 successful! [in 75 ms]
[2015.05.17-02.45.15:549][130]Cmd: OBJ SAVEPACKAGE PACKAGE="/Game/EndlessRunner/Blueprints/Wave27" FILE="../../../../../../Users/Michael Herbert/Documents/GitHub/SpaceRace/Content/EndlessRunner/Blueprints/Wave27.uasset" SILENT=true
[2015.05.17-02.45.15:918][130]LogSavePackage: Save=366.933807ms
[2015.05.17-02.45.15:918][130]LogSavePackage: Moving '../../../../../../Users/Michael Herbert/Documents/GitHub/SpaceRace/Saved/Wave279E94CC814CB616A0636037B205649256.tmp' to '../../../../../../Users/Michael Herbert/Documents/GitHub/SpaceRace/Content/EndlessRunner/Blueprints/Wave27.uasset'
[2015.05.17-02.45.17:563][254]Cmd: QUIT_EDITOR
[2015.05.17-02.45.17:751][254]LogExit: Preparing to exit.
[2015.05.17-02.45.18:889][254]LogExit: Editor shut down
[2015.05.17-02.45.18:889][254]LogExit: Transaction tracking system shut down
[2015.05.17-02.45.18:897][254]LogParticles: Destroying 0 GPU particle simulations for FXSystem 0x000000001DC66340
[2015.05.17-02.45.18:897][254]LogParticles: Destroying 0 GPU particle simulations for FXSystem 0x000000002D1EC180
[2015.05.17-02.45.18:897][254]LogParticles: Destroying 0 GPU particle simulations for FXSystem 0x000000002D075760
[2015.05.17-02.45.18:897][254]LogParticles: Destroying 0 GPU particle simulations for FXSystem 0x0000000021B18860
[2015.05.17-02.45.18:898][254]LogParticles: Destroying 0 GPU particle simulations for FXSystem 0x00000000125CAD40
[2015.05.17-02.45.18:898][254]LogParticles: Destroying 0 GPU particle simulations for FXSystem 0x0000000028392160
[2015.05.17-02.45.18:898][254]LogParticles: Destroying 0 GPU particle simulations for FXSystem 0x0000000029459580
[2015.05.17-02.45.18:898][254]LogParticles: Destroying 0 GPU particle simulations for FXSystem 0x000000002AA66160
[2015.05.17-02.45.18:899][254]LogParticles: Destroying 0 GPU particle simulations for FXSystem 0x000000002910A200
[2015.05.17-02.45.18:900][254]LogParticles: Destroying 0 GPU particle simulations for FXSystem 0x00000000283DBCE0
[2015.05.17-02.45.18:900][254]LogParticles: Destroying 0 GPU particle simulations for FXSystem 0x00000000283D96C0
[2015.05.17-02.45.18:900][254]LogParticles: Destroying 0 GPU particle simulations for FXSystem 0x00000000334FF560
[2015.05.17-02.45.18:965][254]LogExit: Object subsystem successfully closed.
[2015.05.17-02.45.19:011][254]LogModuleManager: Shutting down and abandoning module CrashTracker (178)
[2015.05.17-02.45.19:011][254]LogModuleManager: Shutting down and abandoning module SuperSearch (177)
[2015.05.17-02.45.19:011][254]LogModuleManager: Shutting down and abandoning module SceneOutliner (176)
[2015.05.17-02.45.19:011][254]LogModuleManager: Shutting down and abandoning module EditorWidgets (175)
[2015.05.17-02.45.19:011][254]LogModuleManager: Shutting down and abandoning module CollectionManager (174)
[2015.05.17-02.45.19:011][254]LogModuleManager: Shutting down and abandoning module StatsViewer (173)
[2015.05.17-02.45.19:011][254]LogModuleManager: Shutting down and abandoning module FoliageEdit (172)
[2015.05.17-02.45.19:011][254]LogModuleManager: Shutting down and abandoning module LandscapeEditor (171)
[2015.05.17-02.45.19:012][254]LogModuleManager: Shutting down and abandoning module MeshPaint (170)
[2015.05.17-02.45.19:012][254]LogModuleManager: Shutting down and abandoning module ActorPickerMode (169)
[2015.05.17-02.45.19:012][254]LogModuleManager: Shutting down and abandoning module GeometryMode (168)
[2015.05.17-02.45.19:012][254]LogModuleManager: Shutting down and abandoning module TextureAlignMode (167)
[2015.05.17-02.45.19:012][254]LogModuleManager: Shutting down and abandoning module BspMode (166)
[2015.05.17-02.45.19:012][254]LogModuleManager: Shutting down and abandoning module PlacementMode (165)
[2015.05.17-02.45.19:012][254]LogModuleManager: Shutting down and abandoning module AutomationWorker (164)
[2015.05.17-02.45.19:012][254]LogModuleManager: Shutting down and abandoning module CharacterAI (163)
[2015.05.17-02.45.19:012][254]LogModuleManager: Shutting down and abandoning module SmartSnapping (162)
[2015.05.17-02.45.19:012][254]LogModuleManager: Shutting down and abandoning module ViewportSnapping (161)
[2015.05.17-02.45.19:012][254]LogModuleManager: Shutting down and abandoning module LogVisualizer (160)
[2015.05.17-02.45.19:012][254]LogModuleManager: Shutting down and abandoning module GameProjectGeneration (159)
[2015.05.17-02.45.19:012][254]LogModuleManager: Shutting down and abandoning module IntroTutorials (158)
[2015.05.17-02.45.19:012][254]LogModuleManager: Shutting down and abandoning module EditorLiveStreaming (157)
[2015.05.17-02.45.19:012][254]LogModuleManager: Shutting down and abandoning module HardwareTargeting (156)
[2015.05.17-02.45.19:012][254]LogModuleManager: Shutting down and abandoning module DeviceProfileEditor (155)
[2015.05.17-02.45.19:012][254]LogModuleManager: Shutting down and abandoning module UndoHistory (154)
[2015.05.17-02.45.19:012][254]LogModuleManager: Shutting down and abandoning module GameplayTagsEditor (153)
[2015.05.17-02.45.19:012][254]LogModuleManager: Shutting down and abandoning module UserFeedback (152)
[2015.05.17-02.45.19:012][254]LogModuleManager: Shutting down and abandoning module XmlParser (151)
[2015.05.17-02.45.19:012][254]LogModuleManager: Shutting down and abandoning module Blutility (150)
[2015.05.17-02.45.19:012][254]LogModuleManager: Shutting down and abandoning module IOSPlatformEditor (149)
[2015.05.17-02.45.19:012][254]LogModuleManager: Shutting down and abandoning module IOSRuntimeSettings (148)
[2015.05.17-02.45.19:012][254]LogModuleManager: Shutting down and abandoning module AndroidDeviceDetection (147)
[2015.05.17-02.45.19:580][254]LogModuleManager: Shutting down and abandoning module AndroidPlatformEditor (146)
[2015.05.17-02.45.19:580][254]LogModuleManager: Shutting down and abandoning module AndroidRuntimeSettings (145)
[2015.05.17-02.45.19:580][254]LogModuleManager: Shutting down and abandoning module ProjectTargetPlatformEditor (144)
[2015.05.17-02.45.19:580][254]LogModuleManager: Shutting down and abandoning module ProjectSettingsViewer (143)
[2015.05.17-02.45.19:580][254]LogModuleManager: Shutting down and abandoning module InputBindingEditor (142)
[2015.05.17-02.45.19:580][254]LogModuleManager: Shutting down and abandoning module EditorSettingsViewer (141)
[2015.05.17-02.45.19:580][254]LogModuleManager: Shutting down and abandoning module SettingsEditor (140)
[2015.05.17-02.45.19:580][254]LogModuleManager: Shutting down and abandoning module ProjectLauncher (139)
[2015.05.17-02.45.19:580][254]LogModuleManager: Shutting down and abandoning module SessionFrontend (138)
[2015.05.17-02.45.19:580][254]LogModuleManager: Shutting down and abandoning module ProfilerClient (137)
[2015.05.17-02.45.19:580][254]LogModuleManager: Shutting down and abandoning module TargetDeviceServices (136)
[2015.05.17-02.45.19:580][254]LogModuleManager: Shutting down and abandoning module DeviceManager (135)
[2015.05.17-02.45.19:580][254]LogModuleManager: Shutting down and abandoning module AutomationController (134)
[2015.05.17-02.45.19:580][254]LogModuleManager: Shutting down and abandoning module AutomationWindow (133)
[2015.05.17-02.45.19:581][254]LogModuleManager: Shutting down and abandoning module Layers (132)
[2015.05.17-02.45.19:582][254]LogModuleManager: Shutting down and abandoning module ComponentVisualizers (131)
[2015.05.17-02.45.19:582][254]LogModuleManager: Shutting down and abandoning module DetailCustomizations (130)
[2015.05.17-02.45.19:582][254]LogModuleManager: Shutting down and abandoning module PackagesDialog (129)
[2015.05.17-02.45.19:582][254]LogModuleManager: Shutting down and abandoning module AssetRegistry (128)
[2015.05.17-02.45.19:676][254]LogModuleManager: Shutting down and abandoning module Persona (127)
[2015.05.17-02.45.19:677][254]LogModuleManager: Shutting down and abandoning module SlateReflector (126)
[2015.05.17-02.45.19:678][254]LogModuleManager: Shutting down and abandoning module LevelEditor (125)
[2015.05.17-02.45.19:678][254]LogModuleManager: Shutting down and abandoning module Kismet (124)
[2015.05.17-02.45.19:678][254]LogModuleManager: Shutting down and abandoning module GraphEditor (123)
[2015.05.17-02.45.19:678][254]LogModuleManager: Shutting down and abandoning module ClassViewer (122)
[2015.05.17-02.45.19:678][254]LogModuleManager: Shutting down and abandoning module Toolbox (121)
[2015.05.17-02.45.19:678][254]LogModuleManager: Shutting down and abandoning module ModuleUI (120)
[2015.05.17-02.45.19:679][254]LogModuleManager: Shutting down and abandoning module MovieSceneTools (119)
[2015.05.17-02.45.19:679][254]LogModuleManager: Shutting down and abandoning module OutputLog (118)
[2015.05.17-02.45.19:679][254]LogModuleManager: Shutting down and abandoning module GammaUI (117)
[2015.05.17-02.45.19:679][254]LogModuleManager: Shutting down and abandoning module Documentation (116)
[2015.05.17-02.45.19:679][254]LogModuleManager: Shutting down and abandoning module GameLiveStreaming (115)
[2015.05.17-02.45.19:679][254]LogModuleManager: Shutting down and abandoning module StreamingPauseRendering (114)
[2015.05.17-02.45.19:679][254]LogModuleManager: Shutting down and abandoning module HTTP (113)
[2015.05.17-02.45.19:679][254]LogModuleManager: Shutting down and abandoning module AnalyticsET (112)
[2015.05.17-02.45.19:679][254]LogModuleManager: Shutting down and abandoning module Analytics (111)
[2015.05.17-02.45.19:679][254]LogModuleManager: Shutting down and abandoning module AITestSuite (110)
[2015.05.17-02.45.19:679][254]LogModuleManager: Shutting down and abandoning module GameplayDebugger (109)
[2015.05.17-02.45.19:679][254]LogModuleManager: Shutting down and abandoning module AIModule (108)
[2015.05.17-02.45.19:679][254]LogModuleManager: Shutting down and abandoning module ProfilerService (107)
[2015.05.17-02.45.19:833][254]LogModuleManager: Shutting down and abandoning module TaskGraph (106)
[2015.05.17-02.45.19:834][254]LogModuleManager: Shutting down and abandoning module SlateRemote (105)
[2015.05.17-02.45.19:834][254]LogModuleManager: Shutting down and abandoning module ScriptEditorPlugin (104)
[2015.05.17-02.45.19:834][254]LogModuleManager: Shutting down and abandoning module CustomMeshComponent (103)
[2015.05.17-02.45.19:834][254]LogModuleManager: Shutting down and abandoning module CableComponent (102)
[2015.05.17-02.45.19:834][254]LogModuleManager: Shutting down and abandoning module MessagingDebugger (101)
[2015.05.17-02.45.19:834][254]LogModuleManager: Shutting down and abandoning module MediaPlayerEditor (100)
[2015.05.17-02.45.19:834][254]LogModuleManager: Shutting down and abandoning module SpeedTreeImporter (99)
[2015.05.17-02.45.19:834][254]LogModuleManager: Shutting down and abandoning module PluginsEditor (98)
[2015.05.17-02.45.19:834][254]LogModuleManager: Shutting down and abandoning module MainFrame (97)
[2015.05.17-02.45.19:834][254]LogModuleManager: Shutting down and abandoning module EpicSurvey (96)
[2015.05.17-02.45.19:834][254]LogModuleManager: Shutting down and abandoning module DesktopPlatform (95)
[2015.05.17-02.45.19:834][254]LogModuleManager: Shutting down and abandoning module DirectoryWatcher (94)
[2015.05.17-02.45.19:835][254]LogModuleManager: Shutting down and abandoning module HotReload (93)
[2015.05.17-02.45.19:835][254]LogModuleManager: Shutting down and abandoning module VisualStudioSourceCodeAccess (92)
[2015.05.17-02.45.19:835][254]LogModuleManager: Shutting down and abandoning module UObjectPlugin (91)
[2015.05.17-02.45.19:835][254]LogModuleManager: Shutting down and abandoning module SubversionSourceControl (90)
[2015.05.17-02.45.19:835][254]LogModuleManager: Shutting down and abandoning module PerforceSourceControl (89)
[2015.05.17-02.45.19:835][254]LogModuleManager: Shutting down and abandoning module SourceControl (88)
[2015.05.17-02.45.19:835][254]LogModuleManager: Shutting down and abandoning module GitSourceControl (87)
[2015.05.17-02.45.19:835][254]LogModuleManager: Shutting down and abandoning module BlankPlugin (86)
[2015.05.17-02.45.19:835][254]LogModuleManager: Shutting down and abandoning module PaperTiledImporter (85)
[2015.05.17-02.45.19:835][254]LogModuleManager: Shutting down and abandoning module PaperJsonImporter (84)
[2015.05.17-02.45.19:835][254]LogModuleManager: Shutting down and abandoning module ContentBrowser (83)
[2015.05.17-02.45.19:836][254]LogModuleManager: Shutting down and abandoning module Paper2DEditor (82)
[2015.05.17-02.45.19:836][254]LogModuleManager: Shutting down and abandoning module SpaceRace (81)
[2015.05.17-02.45.19:836][254]LogModuleManager: Shutting down and abandoning module ScriptPlugin (80)
[2015.05.17-02.45.19:836][254]LogModuleManager: Shutting down and abandoning module UdpMessaging (79)
[2015.05.17-02.45.19:936][254]LogModuleManager: Shutting down and abandoning module Paper2D (78)
[2015.05.17-02.45.19:936][254]LogModuleManager: Shutting down and abandoning module WindowsMoviePlayer (77)
[2015.05.17-02.45.19:937][254]LogModuleManager: Shutting down and abandoning module Media (76)
[2015.05.17-02.45.19:937][254]LogModuleManager: Shutting down and abandoning module WmfMedia (75)
[2015.05.17-02.45.19:938][254]LogModuleManager: Shutting down and abandoning module OnlineBlueprintSupport (74)
[2015.05.17-02.45.19:938][254]LogModuleManager: Shutting down and abandoning module PropertyEditor (73)
[2015.05.17-02.45.19:938][254]LogModuleManager: Shutting down and abandoning module BehaviorTreeEditor (72)
[2015.05.17-02.45.19:939][254]LogModuleManager: Shutting down and abandoning module FunctionalTesting (71)
[2015.05.17-02.45.19:939][254]LogModuleManager: Shutting down and abandoning module CollisionAnalyzer (70)
[2015.05.17-02.45.19:939][254]LogModuleManager: Shutting down and abandoning module WorkspaceMenuStructure (69)
[2015.05.17-02.45.19:939][254]LogModuleManager: Shutting down and abandoning module MessageLog (68)
[2015.05.17-02.45.19:939][254]LogModuleManager: Shutting down and abandoning module Sequencer (67)
[2015.05.17-02.45.19:939][254]LogModuleManager: Shutting down and abandoning module AssetTools (66)
[2015.05.17-02.45.19:939][254]LogModuleManager: Shutting down and abandoning module UMGEditor (65)
[2015.05.17-02.45.19:940][254]LogModuleManager: Shutting down and abandoning module UMG (64)
[2015.05.17-02.45.19:940][254]LogModuleManager: Shutting down and abandoning module Slate (63)
[2015.05.17-02.45.19:940][254]LogModuleManager: Shutting down and abandoning module EditorStyle (62)
[2015.05.17-02.45.19:943][254]LogModuleManager: Shutting down and abandoning module SessionServices (61)
[2015.05.17-02.45.19:943][254]LogModuleManager: Shutting down and abandoning module SourceCodeAccess (60)
[2015.05.17-02.45.19:943][254]LogModuleManager: Shutting down and abandoning module HeadMountedDisplay (59)
[2015.05.17-02.45.19:943][254]LogModuleManager: Shutting down and abandoning module XAudio2 (58)
[2015.05.17-02.45.19:943][254]LogModuleManager: Shutting down and abandoning module Networking (56)
[2015.05.17-02.45.19:943][254]LogModuleManager: Shutting down and abandoning module Core (55)
[2015.05.17-02.45.19:943][254]LogModuleManager: Shutting down and abandoning module KismetCompiler (54)
[2015.05.17-02.45.19:943][254]LogModuleManager: Shutting down and abandoning module PhysXFormats (53)
[2015.05.17-02.45.19:943][254]LogModuleManager: Shutting down and abandoning module MeshUtilities (52)
[2015.05.17-02.45.19:943][254]LogModuleManager: Shutting down and abandoning module DerivedDataCache (51)
[2015.05.17-02.45.20:023][254]LogDerivedDataCache: Shutdown
[2015.05.17-02.45.20:023][254]LogModuleManager: Shutting down and abandoning module ShaderFormatOpenGL (50)
[2015.05.17-02.45.20:023][254]LogModuleManager: Shutting down and abandoning module ShaderFormatD3D (49)
[2015.05.17-02.45.20:023][254]LogModuleManager: Shutting down and abandoning module MetalShaderFormat (48)
[2015.05.17-02.45.20:023][254]LogModuleManager: Shutting down and abandoning module TextureFormatUncompressed (47)
[2015.05.17-02.45.20:024][254]LogModuleManager: Shutting down and abandoning module TextureFormatPVR (46)
[2015.05.17-02.45.20:024][254]LogModuleManager: Shutting down and abandoning module TextureFormatIntelISPCTexComp (45)
[2015.05.17-02.45.20:024][254]LogModuleManager: Shutting down and abandoning module TextureFormatDXT (44)
[2015.05.17-02.45.20:024][254]LogModuleManager: Shutting down and abandoning module ImageWrapper (43)
[2015.05.17-02.45.20:024][254]LogModuleManager: Shutting down and abandoning module TextureFormatASTC (42)
[2015.05.17-02.45.20:024][254]LogModuleManager: Shutting down and abandoning module TextureFormatAndroid (41)
[2015.05.17-02.45.20:024][254]LogModuleManager: Shutting down and abandoning module AudioFormatOpus (40)
[2015.05.17-02.45.20:024][254]LogModuleManager: Shutting down and abandoning module AudioFormatOgg (39)
[2015.05.17-02.45.20:024][254]LogModuleManager: Shutting down and abandoning module AudioFormatADPCM (38)
[2015.05.17-02.45.20:024][254]LogModuleManager: Shutting down and abandoning module LinuxTargetPlatform (37)
[2015.05.17-02.45.20:024][254]LogModuleManager: Shutting down and abandoning module LinuxServerTargetPlatform (36)
[2015.05.17-02.45.20:024][254]LogModuleManager: Shutting down and abandoning module LinuxNoEditorTargetPlatform (35)
[2015.05.17-02.45.20:024][254]LogModuleManager: Shutting down and abandoning module Messaging (34)
[2015.05.17-02.45.20:024][254]LogModuleManager: Shutting down and abandoning module IOSTargetPlatform (33)
[2015.05.17-02.45.20:024][254]LogModuleManager: Shutting down and abandoning module HTML5TargetPlatform (32)
[2015.05.17-02.45.20:024][254]LogModuleManager: Shutting down and abandoning module Android_PVRTCTargetPlatform (31)
[2015.05.17-02.45.20:024][254]LogModuleManager: Shutting down and abandoning module Android_ETC2TargetPlatform (30)
[2015.05.17-02.45.20:024][254]LogModuleManager: Shutting down and abandoning module Android_ETC1TargetPlatform (29)
[2015.05.17-02.45.20:024][254]LogModuleManager: Shutting down and abandoning module Android_ES31TargetPlatform (28)
[2015.05.17-02.45.20:024][254]LogModuleManager: Shutting down and abandoning module Android_DXTTargetPlatform (27)
[2015.05.17-02.45.20:024][254]LogModuleManager: Shutting down and abandoning module Android_ATCTargetPlatform (26)
[2015.05.17-02.45.20:024][254]LogModuleManager: Shutting down and abandoning module AndroidTargetPlatform (25)
[2015.05.17-02.45.20:024][254]LogModuleManager: Shutting down and abandoning module WindowsTargetPlatform (24)
[2015.05.17-02.45.20:024][254]LogModuleManager: Shutting down and abandoning module WindowsServerTargetPlatform (23)
[2015.05.17-02.45.20:024][254]LogModuleManager: Shutting down and abandoning module WindowsNoEditorTargetPlatform (22)
[2015.05.17-02.45.20:024][254]LogModuleManager: Shutting down and abandoning module WindowsClientTargetPlatform (21)
[2015.05.17-02.45.20:024][254]LogModuleManager: Shutting down and abandoning module TargetPlatform (20)
[2015.05.17-02.45.20:024][254]LogModuleManager: Shutting down and abandoning module InputCore (19)
[2015.05.17-02.45.20:024][254]LogModuleManager: Shutting down and abandoning module Settings (18)
[2015.05.17-02.45.20:024][254]LogModuleManager: Shutting down and abandoning module OnlineSubsystem (16)
[2015.05.17-02.45.20:024][254]LogModuleManager: Shutting down and abandoning module OculusRift (15)
[2015.05.17-02.45.20:024][254]LogModuleManager: Shutting down and abandoning module ExampleDeviceProfileSelector (14)
[2015.05.17-02.45.20:024][254]LogModuleManager: Shutting down and abandoning module TextureCompressor (13)
[2015.05.17-02.45.20:025][254]LogModuleManager: Shutting down and abandoning module ShaderCore (12)
[2015.05.17-02.45.20:025][254]LogModuleManager: Shutting down and abandoning module Landscape (11)
[2015.05.17-02.45.20:025][254]LogModuleManager: Shutting down and abandoning module SlateRHIRenderer (10)
[2015.05.17-02.45.20:028][254]LogModuleManager: Shutting down and abandoning module OpenGLDrv (9)
[2015.05.17-02.45.20:028][254]LogModuleManager: Shutting down and abandoning module D3D11RHI (8)
[2015.05.17-02.45.20:028][254]LogModuleManager: Shutting down and abandoning module Renderer (7)
[2015.05.17-02.45.20:028][254]LogModuleManager: Shutting down and abandoning module Engine (6)
[2015.05.17-02.45.20:028][254]LogModuleManager: Shutting down and abandoning module CoreUObject (5)
[2015.05.17-02.45.20:028][254]LogModuleManager: Shutting down and abandoning module NetworkFile (4)
[2015.05.17-02.45.20:028][254]LogModuleManager: Shutting down and abandoning module StreamingFile (3)
[2015.05.17-02.45.20:028][254]LogModuleManager: Shutting down and abandoning module SandboxFile (2)
[2015.05.17-02.45.20:028][254]LogModuleManager: Shutting down and abandoning module PakFile (1)
[2015.05.17-02.45.20:028][254]LogExit: Exiting.
[2015.05.17-02.45.20:035][254]Log file closed, 05/17/15 12:45:20
